[2025-06-24T23:15:57.621+0200] {processor.py:157} INFO - Started process (PID=155089) to work on /home/atef/.local/lib/python3.9/site-packages/airflow/example_dags/example_branch_day_of_week_operator.py
[2025-06-24T23:15:57.627+0200] {processor.py:826} INFO - Processing file /home/atef/.local/lib/python3.9/site-packages/airflow/example_dags/example_branch_day_of_week_operator.py for tasks to queue
[2025-06-24T23:15:57.630+0200] {logging_mixin.py:149} INFO - [2025-06-24T23:15:57.629+0200] {dagbag.py:541} INFO - Filling up the DagBag from /home/atef/.local/lib/python3.9/site-packages/airflow/example_dags/example_branch_day_of_week_operator.py
[2025-06-24T23:15:57.679+0200] {processor.py:836} INFO - DAG(s) dict_keys(['example_weekday_branch_operator']) retrieved from /home/atef/.local/lib/python3.9/site-packages/airflow/example_dags/example_branch_day_of_week_operator.py
[2025-06-24T23:15:57.782+0200] {logging_mixin.py:149} INFO - [2025-06-24T23:15:57.782+0200] {dag.py:2726} INFO - Sync 1 DAGs
[2025-06-24T23:15:57.869+0200] {logging_mixin.py:149} INFO - [2025-06-24T23:15:57.869+0200] {dag.py:3486} INFO - Setting next_dagrun for example_weekday_branch_operator to 2025-06-23T00:00:00+00:00, run_after=2025-06-24T00:00:00+00:00
[2025-06-24T23:15:57.981+0200] {processor.py:179} INFO - Processing /home/atef/.local/lib/python3.9/site-packages/airflow/example_dags/example_branch_day_of_week_operator.py took 0.387 seconds
[2025-06-24T23:17:08.499+0200] {processor.py:157} INFO - Started process (PID=155232) to work on /home/atef/.local/lib/python3.9/site-packages/airflow/example_dags/example_branch_day_of_week_operator.py
[2025-06-24T23:17:08.504+0200] {processor.py:826} INFO - Processing file /home/atef/.local/lib/python3.9/site-packages/airflow/example_dags/example_branch_day_of_week_operator.py for tasks to queue
[2025-06-24T23:17:08.507+0200] {logging_mixin.py:149} INFO - [2025-06-24T23:17:08.506+0200] {dagbag.py:541} INFO - Filling up the DagBag from /home/atef/.local/lib/python3.9/site-packages/airflow/example_dags/example_branch_day_of_week_operator.py
[2025-06-24T23:17:08.530+0200] {processor.py:836} INFO - DAG(s) dict_keys(['example_weekday_branch_operator']) retrieved from /home/atef/.local/lib/python3.9/site-packages/airflow/example_dags/example_branch_day_of_week_operator.py
[2025-06-24T23:17:08.603+0200] {logging_mixin.py:149} INFO - [2025-06-24T23:17:08.603+0200] {dag.py:2726} INFO - Sync 1 DAGs
[2025-06-24T23:17:08.650+0200] {logging_mixin.py:149} INFO - [2025-06-24T23:17:08.649+0200] {dag.py:3486} INFO - Setting next_dagrun for example_weekday_branch_operator to 2025-06-23T00:00:00+00:00, run_after=2025-06-24T00:00:00+00:00
[2025-06-24T23:17:08.693+0200] {processor.py:179} INFO - Processing /home/atef/.local/lib/python3.9/site-packages/airflow/example_dags/example_branch_day_of_week_operator.py took 0.206 seconds
[2025-06-24T23:18:55.218+0200] {processor.py:157} INFO - Started process (PID=155698) to work on /home/atef/.local/lib/python3.9/site-packages/airflow/example_dags/example_branch_day_of_week_operator.py
[2025-06-24T23:18:55.225+0200] {processor.py:826} INFO - Processing file /home/atef/.local/lib/python3.9/site-packages/airflow/example_dags/example_branch_day_of_week_operator.py for tasks to queue
[2025-06-24T23:18:55.229+0200] {logging_mixin.py:149} INFO - [2025-06-24T23:18:55.228+0200] {dagbag.py:541} INFO - Filling up the DagBag from /home/atef/.local/lib/python3.9/site-packages/airflow/example_dags/example_branch_day_of_week_operator.py
[2025-06-24T23:18:55.262+0200] {processor.py:836} INFO - DAG(s) dict_keys(['example_weekday_branch_operator']) retrieved from /home/atef/.local/lib/python3.9/site-packages/airflow/example_dags/example_branch_day_of_week_operator.py
[2025-06-24T23:18:55.347+0200] {logging_mixin.py:149} INFO - [2025-06-24T23:18:55.346+0200] {dag.py:2726} INFO - Sync 1 DAGs
[2025-06-24T23:18:55.415+0200] {logging_mixin.py:149} INFO - [2025-06-24T23:18:55.414+0200] {dag.py:3486} INFO - Setting next_dagrun for example_weekday_branch_operator to 2025-06-23T00:00:00+00:00, run_after=2025-06-24T00:00:00+00:00
[2025-06-24T23:18:55.468+0200] {processor.py:179} INFO - Processing /home/atef/.local/lib/python3.9/site-packages/airflow/example_dags/example_branch_day_of_week_operator.py took 0.266 seconds
[2025-06-25T01:18:51.691+0200] {processor.py:157} INFO - Started process (PID=175341) to work on /home/atef/.local/lib/python3.9/site-packages/airflow/example_dags/example_branch_day_of_week_operator.py
[2025-06-25T01:18:51.733+0200] {processor.py:826} INFO - Processing file /home/atef/.local/lib/python3.9/site-packages/airflow/example_dags/example_branch_day_of_week_operator.py for tasks to queue
[2025-06-25T01:18:51.736+0200] {logging_mixin.py:149} INFO - [2025-06-25T01:18:51.736+0200] {dagbag.py:541} INFO - Filling up the DagBag from /home/atef/.local/lib/python3.9/site-packages/airflow/example_dags/example_branch_day_of_week_operator.py
[2025-06-25T01:18:51.775+0200] {processor.py:836} INFO - DAG(s) dict_keys(['example_weekday_branch_operator']) retrieved from /home/atef/.local/lib/python3.9/site-packages/airflow/example_dags/example_branch_day_of_week_operator.py
[2025-06-25T01:18:51.971+0200] {logging_mixin.py:149} INFO - [2025-06-25T01:18:51.971+0200] {dag.py:2726} INFO - Sync 1 DAGs
[2025-06-25T01:18:52.180+0200] {logging_mixin.py:149} INFO - [2025-06-25T01:18:52.177+0200] {dag.py:3486} INFO - Setting next_dagrun for example_weekday_branch_operator to 2025-06-23T00:00:00+00:00, run_after=2025-06-24T00:00:00+00:00
[2025-06-25T01:18:52.422+0200] {processor.py:179} INFO - Processing /home/atef/.local/lib/python3.9/site-packages/airflow/example_dags/example_branch_day_of_week_operator.py took 0.750 seconds
[2025-06-25T01:20:24.281+0200] {processor.py:157} INFO - Started process (PID=176055) to work on /home/atef/.local/lib/python3.9/site-packages/airflow/example_dags/example_branch_day_of_week_operator.py
[2025-06-25T01:20:24.287+0200] {processor.py:826} INFO - Processing file /home/atef/.local/lib/python3.9/site-packages/airflow/example_dags/example_branch_day_of_week_operator.py for tasks to queue
[2025-06-25T01:20:24.290+0200] {logging_mixin.py:149} INFO - [2025-06-25T01:20:24.290+0200] {dagbag.py:541} INFO - Filling up the DagBag from /home/atef/.local/lib/python3.9/site-packages/airflow/example_dags/example_branch_day_of_week_operator.py
[2025-06-25T01:20:24.315+0200] {processor.py:836} INFO - DAG(s) dict_keys(['example_weekday_branch_operator']) retrieved from /home/atef/.local/lib/python3.9/site-packages/airflow/example_dags/example_branch_day_of_week_operator.py
[2025-06-25T01:20:24.439+0200] {logging_mixin.py:149} INFO - [2025-06-25T01:20:24.439+0200] {dag.py:2726} INFO - Sync 1 DAGs
[2025-06-25T01:20:24.508+0200] {logging_mixin.py:149} INFO - [2025-06-25T01:20:24.508+0200] {dag.py:3486} INFO - Setting next_dagrun for example_weekday_branch_operator to 2025-06-23T00:00:00+00:00, run_after=2025-06-24T00:00:00+00:00
[2025-06-25T01:20:24.545+0200] {processor.py:179} INFO - Processing /home/atef/.local/lib/python3.9/site-packages/airflow/example_dags/example_branch_day_of_week_operator.py took 0.279 seconds
[2025-06-25T01:22:14.273+0200] {processor.py:157} INFO - Started process (PID=177051) to work on /home/atef/.local/lib/python3.9/site-packages/airflow/example_dags/example_branch_day_of_week_operator.py
[2025-06-25T01:22:14.278+0200] {processor.py:826} INFO - Processing file /home/atef/.local/lib/python3.9/site-packages/airflow/example_dags/example_branch_day_of_week_operator.py for tasks to queue
[2025-06-25T01:22:14.281+0200] {logging_mixin.py:149} INFO - [2025-06-25T01:22:14.281+0200] {dagbag.py:541} INFO - Filling up the DagBag from /home/atef/.local/lib/python3.9/site-packages/airflow/example_dags/example_branch_day_of_week_operator.py
[2025-06-25T01:22:14.308+0200] {processor.py:836} INFO - DAG(s) dict_keys(['example_weekday_branch_operator']) retrieved from /home/atef/.local/lib/python3.9/site-packages/airflow/example_dags/example_branch_day_of_week_operator.py
[2025-06-25T01:22:14.379+0200] {logging_mixin.py:149} INFO - [2025-06-25T01:22:14.379+0200] {dag.py:2726} INFO - Sync 1 DAGs
[2025-06-25T01:22:14.425+0200] {logging_mixin.py:149} INFO - [2025-06-25T01:22:14.424+0200] {dag.py:3486} INFO - Setting next_dagrun for example_weekday_branch_operator to 2025-06-23T00:00:00+00:00, run_after=2025-06-24T00:00:00+00:00
[2025-06-25T01:22:14.467+0200] {processor.py:179} INFO - Processing /home/atef/.local/lib/python3.9/site-packages/airflow/example_dags/example_branch_day_of_week_operator.py took 0.206 seconds
[2025-06-25T01:23:22.885+0200] {processor.py:157} INFO - Started process (PID=177306) to work on /home/atef/.local/lib/python3.9/site-packages/airflow/example_dags/example_branch_day_of_week_operator.py
[2025-06-25T01:23:22.900+0200] {processor.py:826} INFO - Processing file /home/atef/.local/lib/python3.9/site-packages/airflow/example_dags/example_branch_day_of_week_operator.py for tasks to queue
[2025-06-25T01:23:22.904+0200] {logging_mixin.py:149} INFO - [2025-06-25T01:23:22.904+0200] {dagbag.py:541} INFO - Filling up the DagBag from /home/atef/.local/lib/python3.9/site-packages/airflow/example_dags/example_branch_day_of_week_operator.py
[2025-06-25T01:23:22.931+0200] {processor.py:836} INFO - DAG(s) dict_keys(['example_weekday_branch_operator']) retrieved from /home/atef/.local/lib/python3.9/site-packages/airflow/example_dags/example_branch_day_of_week_operator.py
[2025-06-25T01:23:23.020+0200] {logging_mixin.py:149} INFO - [2025-06-25T01:23:23.020+0200] {dag.py:2726} INFO - Sync 1 DAGs
[2025-06-25T01:23:23.077+0200] {logging_mixin.py:149} INFO - [2025-06-25T01:23:23.076+0200] {dag.py:3486} INFO - Setting next_dagrun for example_weekday_branch_operator to 2025-06-23T00:00:00+00:00, run_after=2025-06-24T00:00:00+00:00
[2025-06-25T01:23:23.125+0200] {processor.py:179} INFO - Processing /home/atef/.local/lib/python3.9/site-packages/airflow/example_dags/example_branch_day_of_week_operator.py took 0.271 seconds
[2025-06-25T01:25:32.909+0200] {processor.py:157} INFO - Started process (PID=178333) to work on /home/atef/.local/lib/python3.9/site-packages/airflow/example_dags/example_branch_day_of_week_operator.py
[2025-06-25T01:25:32.954+0200] {processor.py:826} INFO - Processing file /home/atef/.local/lib/python3.9/site-packages/airflow/example_dags/example_branch_day_of_week_operator.py for tasks to queue
[2025-06-25T01:25:32.975+0200] {logging_mixin.py:149} INFO - [2025-06-25T01:25:32.970+0200] {dagbag.py:541} INFO - Filling up the DagBag from /home/atef/.local/lib/python3.9/site-packages/airflow/example_dags/example_branch_day_of_week_operator.py
[2025-06-25T01:25:33.216+0200] {processor.py:836} INFO - DAG(s) dict_keys(['example_weekday_branch_operator']) retrieved from /home/atef/.local/lib/python3.9/site-packages/airflow/example_dags/example_branch_day_of_week_operator.py
[2025-06-25T01:25:34.519+0200] {logging_mixin.py:149} INFO - [2025-06-25T01:25:34.518+0200] {dag.py:2726} INFO - Sync 1 DAGs
[2025-06-25T01:25:36.434+0200] {logging_mixin.py:149} INFO - [2025-06-25T01:25:36.425+0200] {dag.py:3486} INFO - Setting next_dagrun for example_weekday_branch_operator to 2025-06-23T00:00:00+00:00, run_after=2025-06-24T00:00:00+00:00
[2025-06-25T01:25:37.755+0200] {processor.py:179} INFO - Processing /home/atef/.local/lib/python3.9/site-packages/airflow/example_dags/example_branch_day_of_week_operator.py took 4.953 seconds
[2025-06-25T01:28:35.826+0200] {processor.py:157} INFO - Started process (PID=179786) to work on /home/atef/.local/lib/python3.9/site-packages/airflow/example_dags/example_branch_day_of_week_operator.py
[2025-06-25T01:28:35.867+0200] {processor.py:826} INFO - Processing file /home/atef/.local/lib/python3.9/site-packages/airflow/example_dags/example_branch_day_of_week_operator.py for tasks to queue
[2025-06-25T01:28:35.908+0200] {logging_mixin.py:149} INFO - [2025-06-25T01:28:35.907+0200] {dagbag.py:541} INFO - Filling up the DagBag from /home/atef/.local/lib/python3.9/site-packages/airflow/example_dags/example_branch_day_of_week_operator.py
[2025-06-25T01:28:36.149+0200] {processor.py:836} INFO - DAG(s) dict_keys(['example_weekday_branch_operator']) retrieved from /home/atef/.local/lib/python3.9/site-packages/airflow/example_dags/example_branch_day_of_week_operator.py
[2025-06-25T01:28:36.919+0200] {logging_mixin.py:149} INFO - [2025-06-25T01:28:36.918+0200] {dag.py:2726} INFO - Sync 1 DAGs
[2025-06-25T01:28:37.394+0200] {logging_mixin.py:149} INFO - [2025-06-25T01:28:37.394+0200] {dag.py:3486} INFO - Setting next_dagrun for example_weekday_branch_operator to 2025-06-23T00:00:00+00:00, run_after=2025-06-24T00:00:00+00:00
[2025-06-25T01:28:37.622+0200] {processor.py:179} INFO - Processing /home/atef/.local/lib/python3.9/site-packages/airflow/example_dags/example_branch_day_of_week_operator.py took 1.911 seconds
[2025-06-25T01:30:39.854+0200] {processor.py:157} INFO - Started process (PID=180805) to work on /home/atef/.local/lib/python3.9/site-packages/airflow/example_dags/example_branch_day_of_week_operator.py
[2025-06-25T01:30:39.859+0200] {processor.py:826} INFO - Processing file /home/atef/.local/lib/python3.9/site-packages/airflow/example_dags/example_branch_day_of_week_operator.py for tasks to queue
[2025-06-25T01:30:39.861+0200] {logging_mixin.py:149} INFO - [2025-06-25T01:30:39.861+0200] {dagbag.py:541} INFO - Filling up the DagBag from /home/atef/.local/lib/python3.9/site-packages/airflow/example_dags/example_branch_day_of_week_operator.py
[2025-06-25T01:30:39.882+0200] {processor.py:836} INFO - DAG(s) dict_keys(['example_weekday_branch_operator']) retrieved from /home/atef/.local/lib/python3.9/site-packages/airflow/example_dags/example_branch_day_of_week_operator.py
[2025-06-25T01:30:39.981+0200] {logging_mixin.py:149} INFO - [2025-06-25T01:30:39.981+0200] {dag.py:2726} INFO - Sync 1 DAGs
[2025-06-25T01:30:40.051+0200] {logging_mixin.py:149} INFO - [2025-06-25T01:30:40.051+0200] {dag.py:3486} INFO - Setting next_dagrun for example_weekday_branch_operator to 2025-06-23T00:00:00+00:00, run_after=2025-06-24T00:00:00+00:00
[2025-06-25T01:30:40.280+0200] {processor.py:179} INFO - Processing /home/atef/.local/lib/python3.9/site-packages/airflow/example_dags/example_branch_day_of_week_operator.py took 0.438 seconds
[2025-06-25T01:32:07.571+0200] {processor.py:157} INFO - Started process (PID=181372) to work on /home/atef/.local/lib/python3.9/site-packages/airflow/example_dags/example_branch_day_of_week_operator.py
[2025-06-25T01:32:07.575+0200] {processor.py:826} INFO - Processing file /home/atef/.local/lib/python3.9/site-packages/airflow/example_dags/example_branch_day_of_week_operator.py for tasks to queue
[2025-06-25T01:32:07.577+0200] {logging_mixin.py:149} INFO - [2025-06-25T01:32:07.576+0200] {dagbag.py:541} INFO - Filling up the DagBag from /home/atef/.local/lib/python3.9/site-packages/airflow/example_dags/example_branch_day_of_week_operator.py
[2025-06-25T01:32:07.603+0200] {processor.py:836} INFO - DAG(s) dict_keys(['example_weekday_branch_operator']) retrieved from /home/atef/.local/lib/python3.9/site-packages/airflow/example_dags/example_branch_day_of_week_operator.py
[2025-06-25T01:32:07.700+0200] {logging_mixin.py:149} INFO - [2025-06-25T01:32:07.700+0200] {dag.py:2726} INFO - Sync 1 DAGs
[2025-06-25T01:32:07.784+0200] {logging_mixin.py:149} INFO - [2025-06-25T01:32:07.783+0200] {dag.py:3486} INFO - Setting next_dagrun for example_weekday_branch_operator to 2025-06-23T00:00:00+00:00, run_after=2025-06-24T00:00:00+00:00
[2025-06-25T01:32:07.865+0200] {processor.py:179} INFO - Processing /home/atef/.local/lib/python3.9/site-packages/airflow/example_dags/example_branch_day_of_week_operator.py took 0.313 seconds
[2025-06-25T01:33:21.972+0200] {processor.py:157} INFO - Started process (PID=181626) to work on /home/atef/.local/lib/python3.9/site-packages/airflow/example_dags/example_branch_day_of_week_operator.py
[2025-06-25T01:33:21.985+0200] {processor.py:826} INFO - Processing file /home/atef/.local/lib/python3.9/site-packages/airflow/example_dags/example_branch_day_of_week_operator.py for tasks to queue
[2025-06-25T01:33:22.000+0200] {logging_mixin.py:149} INFO - [2025-06-25T01:33:21.999+0200] {dagbag.py:541} INFO - Filling up the DagBag from /home/atef/.local/lib/python3.9/site-packages/airflow/example_dags/example_branch_day_of_week_operator.py
[2025-06-25T01:33:22.144+0200] {processor.py:836} INFO - DAG(s) dict_keys(['example_weekday_branch_operator']) retrieved from /home/atef/.local/lib/python3.9/site-packages/airflow/example_dags/example_branch_day_of_week_operator.py
[2025-06-25T01:33:23.133+0200] {logging_mixin.py:149} INFO - [2025-06-25T01:33:23.133+0200] {dag.py:2726} INFO - Sync 1 DAGs
[2025-06-25T01:33:23.764+0200] {logging_mixin.py:149} INFO - [2025-06-25T01:33:23.763+0200] {dag.py:3486} INFO - Setting next_dagrun for example_weekday_branch_operator to 2025-06-23T00:00:00+00:00, run_after=2025-06-24T00:00:00+00:00
[2025-06-25T01:33:24.101+0200] {processor.py:179} INFO - Processing /home/atef/.local/lib/python3.9/site-packages/airflow/example_dags/example_branch_day_of_week_operator.py took 2.182 seconds
[2025-06-25T01:36:15.604+0200] {processor.py:157} INFO - Started process (PID=182537) to work on /home/atef/.local/lib/python3.9/site-packages/airflow/example_dags/example_branch_day_of_week_operator.py
[2025-06-25T01:36:15.691+0200] {processor.py:826} INFO - Processing file /home/atef/.local/lib/python3.9/site-packages/airflow/example_dags/example_branch_day_of_week_operator.py for tasks to queue
[2025-06-25T01:36:15.726+0200] {logging_mixin.py:149} INFO - [2025-06-25T01:36:15.718+0200] {dagbag.py:541} INFO - Filling up the DagBag from /home/atef/.local/lib/python3.9/site-packages/airflow/example_dags/example_branch_day_of_week_operator.py
[2025-06-25T01:36:16.119+0200] {processor.py:836} INFO - DAG(s) dict_keys(['example_weekday_branch_operator']) retrieved from /home/atef/.local/lib/python3.9/site-packages/airflow/example_dags/example_branch_day_of_week_operator.py
[2025-06-25T01:36:16.971+0200] {logging_mixin.py:149} INFO - [2025-06-25T01:36:16.961+0200] {dag.py:2726} INFO - Sync 1 DAGs
[2025-06-25T01:36:18.044+0200] {logging_mixin.py:149} INFO - [2025-06-25T01:36:18.044+0200] {dag.py:3486} INFO - Setting next_dagrun for example_weekday_branch_operator to 2025-06-23T00:00:00+00:00, run_after=2025-06-24T00:00:00+00:00
[2025-06-25T01:36:19.311+0200] {processor.py:179} INFO - Processing /home/atef/.local/lib/python3.9/site-packages/airflow/example_dags/example_branch_day_of_week_operator.py took 3.934 seconds
[2025-06-25T01:38:41.471+0200] {processor.py:157} INFO - Started process (PID=183629) to work on /home/atef/.local/lib/python3.9/site-packages/airflow/example_dags/example_branch_day_of_week_operator.py
[2025-06-25T01:38:41.475+0200] {processor.py:826} INFO - Processing file /home/atef/.local/lib/python3.9/site-packages/airflow/example_dags/example_branch_day_of_week_operator.py for tasks to queue
[2025-06-25T01:38:41.477+0200] {logging_mixin.py:149} INFO - [2025-06-25T01:38:41.477+0200] {dagbag.py:541} INFO - Filling up the DagBag from /home/atef/.local/lib/python3.9/site-packages/airflow/example_dags/example_branch_day_of_week_operator.py
[2025-06-25T01:38:41.504+0200] {processor.py:836} INFO - DAG(s) dict_keys(['example_weekday_branch_operator']) retrieved from /home/atef/.local/lib/python3.9/site-packages/airflow/example_dags/example_branch_day_of_week_operator.py
[2025-06-25T01:38:41.585+0200] {logging_mixin.py:149} INFO - [2025-06-25T01:38:41.584+0200] {dag.py:2726} INFO - Sync 1 DAGs
[2025-06-25T01:38:41.669+0200] {logging_mixin.py:149} INFO - [2025-06-25T01:38:41.668+0200] {dag.py:3486} INFO - Setting next_dagrun for example_weekday_branch_operator to 2025-06-23T00:00:00+00:00, run_after=2025-06-24T00:00:00+00:00
[2025-06-25T01:38:41.720+0200] {processor.py:179} INFO - Processing /home/atef/.local/lib/python3.9/site-packages/airflow/example_dags/example_branch_day_of_week_operator.py took 0.263 seconds
[2025-06-25T01:39:52.081+0200] {processor.py:157} INFO - Started process (PID=183739) to work on /home/atef/.local/lib/python3.9/site-packages/airflow/example_dags/example_branch_day_of_week_operator.py
[2025-06-25T01:39:52.090+0200] {processor.py:826} INFO - Processing file /home/atef/.local/lib/python3.9/site-packages/airflow/example_dags/example_branch_day_of_week_operator.py for tasks to queue
[2025-06-25T01:39:52.094+0200] {logging_mixin.py:149} INFO - [2025-06-25T01:39:52.093+0200] {dagbag.py:541} INFO - Filling up the DagBag from /home/atef/.local/lib/python3.9/site-packages/airflow/example_dags/example_branch_day_of_week_operator.py
[2025-06-25T01:39:52.133+0200] {processor.py:836} INFO - DAG(s) dict_keys(['example_weekday_branch_operator']) retrieved from /home/atef/.local/lib/python3.9/site-packages/airflow/example_dags/example_branch_day_of_week_operator.py
[2025-06-25T01:39:52.295+0200] {logging_mixin.py:149} INFO - [2025-06-25T01:39:52.294+0200] {dag.py:2726} INFO - Sync 1 DAGs
[2025-06-25T01:39:52.359+0200] {logging_mixin.py:149} INFO - [2025-06-25T01:39:52.359+0200] {dag.py:3486} INFO - Setting next_dagrun for example_weekday_branch_operator to 2025-06-23T00:00:00+00:00, run_after=2025-06-24T00:00:00+00:00
[2025-06-25T01:39:52.413+0200] {processor.py:179} INFO - Processing /home/atef/.local/lib/python3.9/site-packages/airflow/example_dags/example_branch_day_of_week_operator.py took 0.350 seconds
[2025-06-25T01:46:15.523+0200] {processor.py:157} INFO - Started process (PID=187662) to work on /home/atef/.local/lib/python3.9/site-packages/airflow/example_dags/example_branch_day_of_week_operator.py
[2025-06-25T01:46:15.528+0200] {processor.py:826} INFO - Processing file /home/atef/.local/lib/python3.9/site-packages/airflow/example_dags/example_branch_day_of_week_operator.py for tasks to queue
[2025-06-25T01:46:15.530+0200] {logging_mixin.py:149} INFO - [2025-06-25T01:46:15.530+0200] {dagbag.py:541} INFO - Filling up the DagBag from /home/atef/.local/lib/python3.9/site-packages/airflow/example_dags/example_branch_day_of_week_operator.py
[2025-06-25T01:46:15.562+0200] {processor.py:836} INFO - DAG(s) dict_keys(['example_weekday_branch_operator']) retrieved from /home/atef/.local/lib/python3.9/site-packages/airflow/example_dags/example_branch_day_of_week_operator.py
[2025-06-25T01:46:15.657+0200] {logging_mixin.py:149} INFO - [2025-06-25T01:46:15.656+0200] {dag.py:2726} INFO - Sync 1 DAGs
[2025-06-25T01:46:15.713+0200] {logging_mixin.py:149} INFO - [2025-06-25T01:46:15.713+0200] {dag.py:3486} INFO - Setting next_dagrun for example_weekday_branch_operator to 2025-06-23T00:00:00+00:00, run_after=2025-06-24T00:00:00+00:00
[2025-06-25T01:46:15.753+0200] {processor.py:179} INFO - Processing /home/atef/.local/lib/python3.9/site-packages/airflow/example_dags/example_branch_day_of_week_operator.py took 0.243 seconds
[2025-06-25T01:47:43.698+0200] {processor.py:157} INFO - Started process (PID=188315) to work on /home/atef/.local/lib/python3.9/site-packages/airflow/example_dags/example_branch_day_of_week_operator.py
[2025-06-25T01:47:43.706+0200] {processor.py:826} INFO - Processing file /home/atef/.local/lib/python3.9/site-packages/airflow/example_dags/example_branch_day_of_week_operator.py for tasks to queue
[2025-06-25T01:47:43.709+0200] {logging_mixin.py:149} INFO - [2025-06-25T01:47:43.709+0200] {dagbag.py:541} INFO - Filling up the DagBag from /home/atef/.local/lib/python3.9/site-packages/airflow/example_dags/example_branch_day_of_week_operator.py
[2025-06-25T01:47:43.761+0200] {processor.py:836} INFO - DAG(s) dict_keys(['example_weekday_branch_operator']) retrieved from /home/atef/.local/lib/python3.9/site-packages/airflow/example_dags/example_branch_day_of_week_operator.py
[2025-06-25T01:47:43.972+0200] {logging_mixin.py:149} INFO - [2025-06-25T01:47:43.971+0200] {dag.py:2726} INFO - Sync 1 DAGs
[2025-06-25T01:47:44.159+0200] {logging_mixin.py:149} INFO - [2025-06-25T01:47:44.159+0200] {dag.py:3486} INFO - Setting next_dagrun for example_weekday_branch_operator to 2025-06-23T00:00:00+00:00, run_after=2025-06-24T00:00:00+00:00
[2025-06-25T01:47:44.277+0200] {processor.py:179} INFO - Processing /home/atef/.local/lib/python3.9/site-packages/airflow/example_dags/example_branch_day_of_week_operator.py took 0.615 seconds
[2025-06-25T01:49:51.328+0200] {processor.py:157} INFO - Started process (PID=189254) to work on /home/atef/.local/lib/python3.9/site-packages/airflow/example_dags/example_branch_day_of_week_operator.py
[2025-06-25T01:49:51.342+0200] {processor.py:826} INFO - Processing file /home/atef/.local/lib/python3.9/site-packages/airflow/example_dags/example_branch_day_of_week_operator.py for tasks to queue
[2025-06-25T01:49:51.349+0200] {logging_mixin.py:149} INFO - [2025-06-25T01:49:51.348+0200] {dagbag.py:541} INFO - Filling up the DagBag from /home/atef/.local/lib/python3.9/site-packages/airflow/example_dags/example_branch_day_of_week_operator.py
[2025-06-25T01:49:51.434+0200] {processor.py:836} INFO - DAG(s) dict_keys(['example_weekday_branch_operator']) retrieved from /home/atef/.local/lib/python3.9/site-packages/airflow/example_dags/example_branch_day_of_week_operator.py
[2025-06-25T01:49:51.558+0200] {logging_mixin.py:149} INFO - [2025-06-25T01:49:51.557+0200] {dag.py:2726} INFO - Sync 1 DAGs
[2025-06-25T01:49:51.682+0200] {logging_mixin.py:149} INFO - [2025-06-25T01:49:51.681+0200] {dag.py:3486} INFO - Setting next_dagrun for example_weekday_branch_operator to 2025-06-23T00:00:00+00:00, run_after=2025-06-24T00:00:00+00:00
[2025-06-25T01:49:51.759+0200] {processor.py:179} INFO - Processing /home/atef/.local/lib/python3.9/site-packages/airflow/example_dags/example_branch_day_of_week_operator.py took 0.475 seconds
[2025-06-25T01:51:29.212+0200] {processor.py:157} INFO - Started process (PID=189779) to work on /home/atef/.local/lib/python3.9/site-packages/airflow/example_dags/example_branch_day_of_week_operator.py
[2025-06-25T01:51:29.231+0200] {processor.py:826} INFO - Processing file /home/atef/.local/lib/python3.9/site-packages/airflow/example_dags/example_branch_day_of_week_operator.py for tasks to queue
[2025-06-25T01:51:29.238+0200] {logging_mixin.py:149} INFO - [2025-06-25T01:51:29.238+0200] {dagbag.py:541} INFO - Filling up the DagBag from /home/atef/.local/lib/python3.9/site-packages/airflow/example_dags/example_branch_day_of_week_operator.py
[2025-06-25T01:51:29.388+0200] {processor.py:836} INFO - DAG(s) dict_keys(['example_weekday_branch_operator']) retrieved from /home/atef/.local/lib/python3.9/site-packages/airflow/example_dags/example_branch_day_of_week_operator.py
[2025-06-25T01:51:29.851+0200] {logging_mixin.py:149} INFO - [2025-06-25T01:51:29.840+0200] {dag.py:2726} INFO - Sync 1 DAGs
[2025-06-25T01:51:30.130+0200] {logging_mixin.py:149} INFO - [2025-06-25T01:51:30.129+0200] {dag.py:3486} INFO - Setting next_dagrun for example_weekday_branch_operator to 2025-06-23T00:00:00+00:00, run_after=2025-06-24T00:00:00+00:00
[2025-06-25T01:51:30.409+0200] {processor.py:179} INFO - Processing /home/atef/.local/lib/python3.9/site-packages/airflow/example_dags/example_branch_day_of_week_operator.py took 1.268 seconds
[2025-06-25T01:56:10.705+0200] {processor.py:157} INFO - Started process (PID=191106) to work on /home/atef/.local/lib/python3.9/site-packages/airflow/example_dags/example_branch_day_of_week_operator.py
[2025-06-25T01:56:10.714+0200] {processor.py:826} INFO - Processing file /home/atef/.local/lib/python3.9/site-packages/airflow/example_dags/example_branch_day_of_week_operator.py for tasks to queue
[2025-06-25T01:56:10.722+0200] {logging_mixin.py:149} INFO - [2025-06-25T01:56:10.721+0200] {dagbag.py:541} INFO - Filling up the DagBag from /home/atef/.local/lib/python3.9/site-packages/airflow/example_dags/example_branch_day_of_week_operator.py
[2025-06-25T01:56:10.813+0200] {processor.py:836} INFO - DAG(s) dict_keys(['example_weekday_branch_operator']) retrieved from /home/atef/.local/lib/python3.9/site-packages/airflow/example_dags/example_branch_day_of_week_operator.py
[2025-06-25T01:56:11.142+0200] {logging_mixin.py:149} INFO - [2025-06-25T01:56:11.139+0200] {dag.py:2726} INFO - Sync 1 DAGs
[2025-06-25T01:56:11.349+0200] {logging_mixin.py:149} INFO - [2025-06-25T01:56:11.349+0200] {dag.py:3486} INFO - Setting next_dagrun for example_weekday_branch_operator to 2025-06-23T00:00:00+00:00, run_after=2025-06-24T00:00:00+00:00
[2025-06-25T01:56:11.457+0200] {processor.py:179} INFO - Processing /home/atef/.local/lib/python3.9/site-packages/airflow/example_dags/example_branch_day_of_week_operator.py took 0.794 seconds
[2025-06-25T01:57:27.621+0200] {processor.py:157} INFO - Started process (PID=191428) to work on /home/atef/.local/lib/python3.9/site-packages/airflow/example_dags/example_branch_day_of_week_operator.py
[2025-06-25T01:57:27.625+0200] {processor.py:826} INFO - Processing file /home/atef/.local/lib/python3.9/site-packages/airflow/example_dags/example_branch_day_of_week_operator.py for tasks to queue
[2025-06-25T01:57:27.627+0200] {logging_mixin.py:149} INFO - [2025-06-25T01:57:27.627+0200] {dagbag.py:541} INFO - Filling up the DagBag from /home/atef/.local/lib/python3.9/site-packages/airflow/example_dags/example_branch_day_of_week_operator.py
[2025-06-25T01:57:27.648+0200] {processor.py:836} INFO - DAG(s) dict_keys(['example_weekday_branch_operator']) retrieved from /home/atef/.local/lib/python3.9/site-packages/airflow/example_dags/example_branch_day_of_week_operator.py
[2025-06-25T01:57:27.715+0200] {logging_mixin.py:149} INFO - [2025-06-25T01:57:27.714+0200] {dag.py:2726} INFO - Sync 1 DAGs
[2025-06-25T01:57:27.773+0200] {logging_mixin.py:149} INFO - [2025-06-25T01:57:27.773+0200] {dag.py:3486} INFO - Setting next_dagrun for example_weekday_branch_operator to 2025-06-23T00:00:00+00:00, run_after=2025-06-24T00:00:00+00:00
[2025-06-25T01:57:27.808+0200] {processor.py:179} INFO - Processing /home/atef/.local/lib/python3.9/site-packages/airflow/example_dags/example_branch_day_of_week_operator.py took 0.200 seconds
