[2025-06-24T23:15:42.091+0200] {processor.py:157} INFO - Started process (PID=155055) to work on /home/atef/.local/lib/python3.9/site-packages/airflow/example_dags/example_kubernetes_executor.py
[2025-06-24T23:15:42.105+0200] {processor.py:826} INFO - Processing file /home/atef/.local/lib/python3.9/site-packages/airflow/example_dags/example_kubernetes_executor.py for tasks to queue
[2025-06-24T23:15:42.112+0200] {logging_mixin.py:149} INFO - [2025-06-24T23:15:42.112+0200] {dagbag.py:541} INFO - Filling up the DagBag from /home/atef/.local/lib/python3.9/site-packages/airflow/example_dags/example_kubernetes_executor.py
[2025-06-24T23:15:42.149+0200] {logging_mixin.py:149} INFO - [2025-06-24T23:15:42.148+0200] {example_kubernetes_executor.py:41} WARNING - The example_kubernetes_executor example DAG requires the kubernetes provider. Please install it with: pip install apache-airflow[cncf.kubernetes]
[2025-06-24T23:15:42.152+0200] {processor.py:838} WARNING - No viable dags retrieved from /home/atef/.local/lib/python3.9/site-packages/airflow/example_dags/example_kubernetes_executor.py
[2025-06-24T23:15:42.292+0200] {processor.py:179} INFO - Processing /home/atef/.local/lib/python3.9/site-packages/airflow/example_dags/example_kubernetes_executor.py took 0.235 seconds
[2025-06-24T23:16:55.013+0200] {processor.py:157} INFO - Started process (PID=155222) to work on /home/atef/.local/lib/python3.9/site-packages/airflow/example_dags/example_kubernetes_executor.py
[2025-06-24T23:16:55.018+0200] {processor.py:826} INFO - Processing file /home/atef/.local/lib/python3.9/site-packages/airflow/example_dags/example_kubernetes_executor.py for tasks to queue
[2025-06-24T23:16:55.020+0200] {logging_mixin.py:149} INFO - [2025-06-24T23:16:55.019+0200] {dagbag.py:541} INFO - Filling up the DagBag from /home/atef/.local/lib/python3.9/site-packages/airflow/example_dags/example_kubernetes_executor.py
[2025-06-24T23:16:55.031+0200] {logging_mixin.py:149} INFO - [2025-06-24T23:16:55.030+0200] {example_kubernetes_executor.py:41} WARNING - The example_kubernetes_executor example DAG requires the kubernetes provider. Please install it with: pip install apache-airflow[cncf.kubernetes]
[2025-06-24T23:16:55.032+0200] {processor.py:838} WARNING - No viable dags retrieved from /home/atef/.local/lib/python3.9/site-packages/airflow/example_dags/example_kubernetes_executor.py
[2025-06-24T23:16:55.086+0200] {processor.py:179} INFO - Processing /home/atef/.local/lib/python3.9/site-packages/airflow/example_dags/example_kubernetes_executor.py took 0.087 seconds
[2025-06-24T23:18:44.025+0200] {processor.py:157} INFO - Started process (PID=155688) to work on /home/atef/.local/lib/python3.9/site-packages/airflow/example_dags/example_kubernetes_executor.py
[2025-06-24T23:18:44.030+0200] {processor.py:826} INFO - Processing file /home/atef/.local/lib/python3.9/site-packages/airflow/example_dags/example_kubernetes_executor.py for tasks to queue
[2025-06-24T23:18:44.032+0200] {logging_mixin.py:149} INFO - [2025-06-24T23:18:44.032+0200] {dagbag.py:541} INFO - Filling up the DagBag from /home/atef/.local/lib/python3.9/site-packages/airflow/example_dags/example_kubernetes_executor.py
[2025-06-24T23:18:44.044+0200] {logging_mixin.py:149} INFO - [2025-06-24T23:18:44.043+0200] {example_kubernetes_executor.py:41} WARNING - The example_kubernetes_executor example DAG requires the kubernetes provider. Please install it with: pip install apache-airflow[cncf.kubernetes]
[2025-06-24T23:18:44.046+0200] {processor.py:838} WARNING - No viable dags retrieved from /home/atef/.local/lib/python3.9/site-packages/airflow/example_dags/example_kubernetes_executor.py
[2025-06-24T23:18:44.125+0200] {processor.py:179} INFO - Processing /home/atef/.local/lib/python3.9/site-packages/airflow/example_dags/example_kubernetes_executor.py took 0.115 seconds
[2025-06-25T01:11:58.371+0200] {processor.py:157} INFO - Started process (PID=173313) to work on /home/atef/.local/lib/python3.9/site-packages/airflow/example_dags/example_kubernetes_executor.py
[2025-06-25T01:11:58.421+0200] {processor.py:826} INFO - Processing file /home/atef/.local/lib/python3.9/site-packages/airflow/example_dags/example_kubernetes_executor.py for tasks to queue
[2025-06-25T01:11:58.432+0200] {logging_mixin.py:149} INFO - [2025-06-25T01:11:58.430+0200] {dagbag.py:541} INFO - Filling up the DagBag from /home/atef/.local/lib/python3.9/site-packages/airflow/example_dags/example_kubernetes_executor.py
[2025-06-25T01:11:58.507+0200] {logging_mixin.py:149} INFO - [2025-06-25T01:11:58.506+0200] {example_kubernetes_executor.py:41} WARNING - The example_kubernetes_executor example DAG requires the kubernetes provider. Please install it with: pip install apache-airflow[cncf.kubernetes]
[2025-06-25T01:11:58.515+0200] {processor.py:838} WARNING - No viable dags retrieved from /home/atef/.local/lib/python3.9/site-packages/airflow/example_dags/example_kubernetes_executor.py
[2025-06-25T01:11:58.778+0200] {processor.py:179} INFO - Processing /home/atef/.local/lib/python3.9/site-packages/airflow/example_dags/example_kubernetes_executor.py took 0.499 seconds
[2025-06-25T01:18:23.038+0200] {processor.py:157} INFO - Started process (PID=175186) to work on /home/atef/.local/lib/python3.9/site-packages/airflow/example_dags/example_kubernetes_executor.py
[2025-06-25T01:18:23.052+0200] {processor.py:826} INFO - Processing file /home/atef/.local/lib/python3.9/site-packages/airflow/example_dags/example_kubernetes_executor.py for tasks to queue
[2025-06-25T01:18:23.057+0200] {logging_mixin.py:149} INFO - [2025-06-25T01:18:23.057+0200] {dagbag.py:541} INFO - Filling up the DagBag from /home/atef/.local/lib/python3.9/site-packages/airflow/example_dags/example_kubernetes_executor.py
[2025-06-25T01:18:23.084+0200] {logging_mixin.py:149} INFO - [2025-06-25T01:18:23.083+0200] {example_kubernetes_executor.py:41} WARNING - The example_kubernetes_executor example DAG requires the kubernetes provider. Please install it with: pip install apache-airflow[cncf.kubernetes]
[2025-06-25T01:18:23.087+0200] {processor.py:838} WARNING - No viable dags retrieved from /home/atef/.local/lib/python3.9/site-packages/airflow/example_dags/example_kubernetes_executor.py
[2025-06-25T01:18:23.279+0200] {processor.py:179} INFO - Processing /home/atef/.local/lib/python3.9/site-packages/airflow/example_dags/example_kubernetes_executor.py took 0.276 seconds
[2025-06-25T01:19:46.607+0200] {processor.py:157} INFO - Started process (PID=175736) to work on /home/atef/.local/lib/python3.9/site-packages/airflow/example_dags/example_kubernetes_executor.py
[2025-06-25T01:19:46.612+0200] {processor.py:826} INFO - Processing file /home/atef/.local/lib/python3.9/site-packages/airflow/example_dags/example_kubernetes_executor.py for tasks to queue
[2025-06-25T01:19:46.614+0200] {logging_mixin.py:149} INFO - [2025-06-25T01:19:46.614+0200] {dagbag.py:541} INFO - Filling up the DagBag from /home/atef/.local/lib/python3.9/site-packages/airflow/example_dags/example_kubernetes_executor.py
[2025-06-25T01:19:46.626+0200] {logging_mixin.py:149} INFO - [2025-06-25T01:19:46.626+0200] {example_kubernetes_executor.py:41} WARNING - The example_kubernetes_executor example DAG requires the kubernetes provider. Please install it with: pip install apache-airflow[cncf.kubernetes]
[2025-06-25T01:19:46.628+0200] {processor.py:838} WARNING - No viable dags retrieved from /home/atef/.local/lib/python3.9/site-packages/airflow/example_dags/example_kubernetes_executor.py
[2025-06-25T01:19:46.672+0200] {processor.py:179} INFO - Processing /home/atef/.local/lib/python3.9/site-packages/airflow/example_dags/example_kubernetes_executor.py took 0.093 seconds
[2025-06-25T01:21:36.269+0200] {processor.py:157} INFO - Started process (PID=176846) to work on /home/atef/.local/lib/python3.9/site-packages/airflow/example_dags/example_kubernetes_executor.py
[2025-06-25T01:21:36.277+0200] {processor.py:826} INFO - Processing file /home/atef/.local/lib/python3.9/site-packages/airflow/example_dags/example_kubernetes_executor.py for tasks to queue
[2025-06-25T01:21:36.280+0200] {logging_mixin.py:149} INFO - [2025-06-25T01:21:36.279+0200] {dagbag.py:541} INFO - Filling up the DagBag from /home/atef/.local/lib/python3.9/site-packages/airflow/example_dags/example_kubernetes_executor.py
[2025-06-25T01:21:36.293+0200] {logging_mixin.py:149} INFO - [2025-06-25T01:21:36.293+0200] {example_kubernetes_executor.py:41} WARNING - The example_kubernetes_executor example DAG requires the kubernetes provider. Please install it with: pip install apache-airflow[cncf.kubernetes]
[2025-06-25T01:21:36.294+0200] {processor.py:838} WARNING - No viable dags retrieved from /home/atef/.local/lib/python3.9/site-packages/airflow/example_dags/example_kubernetes_executor.py
[2025-06-25T01:21:36.339+0200] {processor.py:179} INFO - Processing /home/atef/.local/lib/python3.9/site-packages/airflow/example_dags/example_kubernetes_executor.py took 0.087 seconds
[2025-06-25T01:22:50.611+0200] {processor.py:157} INFO - Started process (PID=177139) to work on /home/atef/.local/lib/python3.9/site-packages/airflow/example_dags/example_kubernetes_executor.py
[2025-06-25T01:22:50.616+0200] {processor.py:826} INFO - Processing file /home/atef/.local/lib/python3.9/site-packages/airflow/example_dags/example_kubernetes_executor.py for tasks to queue
[2025-06-25T01:22:50.618+0200] {logging_mixin.py:149} INFO - [2025-06-25T01:22:50.617+0200] {dagbag.py:541} INFO - Filling up the DagBag from /home/atef/.local/lib/python3.9/site-packages/airflow/example_dags/example_kubernetes_executor.py
[2025-06-25T01:22:50.628+0200] {logging_mixin.py:149} INFO - [2025-06-25T01:22:50.628+0200] {example_kubernetes_executor.py:41} WARNING - The example_kubernetes_executor example DAG requires the kubernetes provider. Please install it with: pip install apache-airflow[cncf.kubernetes]
[2025-06-25T01:22:50.629+0200] {processor.py:838} WARNING - No viable dags retrieved from /home/atef/.local/lib/python3.9/site-packages/airflow/example_dags/example_kubernetes_executor.py
[2025-06-25T01:22:50.663+0200] {processor.py:179} INFO - Processing /home/atef/.local/lib/python3.9/site-packages/airflow/example_dags/example_kubernetes_executor.py took 0.064 seconds
[2025-06-25T01:24:36.073+0200] {processor.py:157} INFO - Started process (PID=177971) to work on /home/atef/.local/lib/python3.9/site-packages/airflow/example_dags/example_kubernetes_executor.py
[2025-06-25T01:24:36.079+0200] {processor.py:826} INFO - Processing file /home/atef/.local/lib/python3.9/site-packages/airflow/example_dags/example_kubernetes_executor.py for tasks to queue
[2025-06-25T01:24:36.084+0200] {logging_mixin.py:149} INFO - [2025-06-25T01:24:36.084+0200] {dagbag.py:541} INFO - Filling up the DagBag from /home/atef/.local/lib/python3.9/site-packages/airflow/example_dags/example_kubernetes_executor.py
[2025-06-25T01:24:36.105+0200] {logging_mixin.py:149} INFO - [2025-06-25T01:24:36.105+0200] {example_kubernetes_executor.py:41} WARNING - The example_kubernetes_executor example DAG requires the kubernetes provider. Please install it with: pip install apache-airflow[cncf.kubernetes]
[2025-06-25T01:24:36.108+0200] {processor.py:838} WARNING - No viable dags retrieved from /home/atef/.local/lib/python3.9/site-packages/airflow/example_dags/example_kubernetes_executor.py
[2025-06-25T01:24:36.201+0200] {processor.py:179} INFO - Processing /home/atef/.local/lib/python3.9/site-packages/airflow/example_dags/example_kubernetes_executor.py took 0.159 seconds
[2025-06-25T01:26:45.625+0200] {processor.py:157} INFO - Started process (PID=178908) to work on /home/atef/.local/lib/python3.9/site-packages/airflow/example_dags/example_kubernetes_executor.py
[2025-06-25T01:26:45.642+0200] {processor.py:826} INFO - Processing file /home/atef/.local/lib/python3.9/site-packages/airflow/example_dags/example_kubernetes_executor.py for tasks to queue
[2025-06-25T01:26:45.652+0200] {logging_mixin.py:149} INFO - [2025-06-25T01:26:45.651+0200] {dagbag.py:541} INFO - Filling up the DagBag from /home/atef/.local/lib/python3.9/site-packages/airflow/example_dags/example_kubernetes_executor.py
[2025-06-25T01:26:45.674+0200] {logging_mixin.py:149} INFO - [2025-06-25T01:26:45.674+0200] {example_kubernetes_executor.py:41} WARNING - The example_kubernetes_executor example DAG requires the kubernetes provider. Please install it with: pip install apache-airflow[cncf.kubernetes]
[2025-06-25T01:26:45.676+0200] {processor.py:838} WARNING - No viable dags retrieved from /home/atef/.local/lib/python3.9/site-packages/airflow/example_dags/example_kubernetes_executor.py
[2025-06-25T01:26:45.754+0200] {processor.py:179} INFO - Processing /home/atef/.local/lib/python3.9/site-packages/airflow/example_dags/example_kubernetes_executor.py took 0.194 seconds
[2025-06-25T01:29:35.794+0200] {processor.py:157} INFO - Started process (PID=180148) to work on /home/atef/.local/lib/python3.9/site-packages/airflow/example_dags/example_kubernetes_executor.py
[2025-06-25T01:29:35.808+0200] {processor.py:826} INFO - Processing file /home/atef/.local/lib/python3.9/site-packages/airflow/example_dags/example_kubernetes_executor.py for tasks to queue
[2025-06-25T01:29:35.810+0200] {logging_mixin.py:149} INFO - [2025-06-25T01:29:35.810+0200] {dagbag.py:541} INFO - Filling up the DagBag from /home/atef/.local/lib/python3.9/site-packages/airflow/example_dags/example_kubernetes_executor.py
[2025-06-25T01:29:35.829+0200] {logging_mixin.py:149} INFO - [2025-06-25T01:29:35.829+0200] {example_kubernetes_executor.py:41} WARNING - The example_kubernetes_executor example DAG requires the kubernetes provider. Please install it with: pip install apache-airflow[cncf.kubernetes]
[2025-06-25T01:29:35.835+0200] {processor.py:838} WARNING - No viable dags retrieved from /home/atef/.local/lib/python3.9/site-packages/airflow/example_dags/example_kubernetes_executor.py
[2025-06-25T01:29:35.947+0200] {processor.py:179} INFO - Processing /home/atef/.local/lib/python3.9/site-packages/airflow/example_dags/example_kubernetes_executor.py took 0.190 seconds
[2025-06-25T01:31:26.539+0200] {processor.py:157} INFO - Started process (PID=181163) to work on /home/atef/.local/lib/python3.9/site-packages/airflow/example_dags/example_kubernetes_executor.py
[2025-06-25T01:31:26.548+0200] {processor.py:826} INFO - Processing file /home/atef/.local/lib/python3.9/site-packages/airflow/example_dags/example_kubernetes_executor.py for tasks to queue
[2025-06-25T01:31:26.551+0200] {logging_mixin.py:149} INFO - [2025-06-25T01:31:26.550+0200] {dagbag.py:541} INFO - Filling up the DagBag from /home/atef/.local/lib/python3.9/site-packages/airflow/example_dags/example_kubernetes_executor.py
[2025-06-25T01:31:26.570+0200] {logging_mixin.py:149} INFO - [2025-06-25T01:31:26.570+0200] {example_kubernetes_executor.py:41} WARNING - The example_kubernetes_executor example DAG requires the kubernetes provider. Please install it with: pip install apache-airflow[cncf.kubernetes]
[2025-06-25T01:31:26.571+0200] {processor.py:838} WARNING - No viable dags retrieved from /home/atef/.local/lib/python3.9/site-packages/airflow/example_dags/example_kubernetes_executor.py
[2025-06-25T01:31:26.630+0200] {processor.py:179} INFO - Processing /home/atef/.local/lib/python3.9/site-packages/airflow/example_dags/example_kubernetes_executor.py took 0.113 seconds
[2025-06-25T01:32:37.491+0200] {processor.py:157} INFO - Started process (PID=181418) to work on /home/atef/.local/lib/python3.9/site-packages/airflow/example_dags/example_kubernetes_executor.py
[2025-06-25T01:32:37.501+0200] {processor.py:826} INFO - Processing file /home/atef/.local/lib/python3.9/site-packages/airflow/example_dags/example_kubernetes_executor.py for tasks to queue
[2025-06-25T01:32:37.503+0200] {logging_mixin.py:149} INFO - [2025-06-25T01:32:37.503+0200] {dagbag.py:541} INFO - Filling up the DagBag from /home/atef/.local/lib/python3.9/site-packages/airflow/example_dags/example_kubernetes_executor.py
[2025-06-25T01:32:37.529+0200] {logging_mixin.py:149} INFO - [2025-06-25T01:32:37.529+0200] {example_kubernetes_executor.py:41} WARNING - The example_kubernetes_executor example DAG requires the kubernetes provider. Please install it with: pip install apache-airflow[cncf.kubernetes]
[2025-06-25T01:32:37.531+0200] {processor.py:838} WARNING - No viable dags retrieved from /home/atef/.local/lib/python3.9/site-packages/airflow/example_dags/example_kubernetes_executor.py
[2025-06-25T01:32:37.618+0200] {processor.py:179} INFO - Processing /home/atef/.local/lib/python3.9/site-packages/airflow/example_dags/example_kubernetes_executor.py took 0.162 seconds
[2025-06-25T01:34:44.521+0200] {processor.py:157} INFO - Started process (PID=182089) to work on /home/atef/.local/lib/python3.9/site-packages/airflow/example_dags/example_kubernetes_executor.py
[2025-06-25T01:34:44.526+0200] {processor.py:826} INFO - Processing file /home/atef/.local/lib/python3.9/site-packages/airflow/example_dags/example_kubernetes_executor.py for tasks to queue
[2025-06-25T01:34:44.528+0200] {logging_mixin.py:149} INFO - [2025-06-25T01:34:44.528+0200] {dagbag.py:541} INFO - Filling up the DagBag from /home/atef/.local/lib/python3.9/site-packages/airflow/example_dags/example_kubernetes_executor.py
[2025-06-25T01:34:44.539+0200] {logging_mixin.py:149} INFO - [2025-06-25T01:34:44.539+0200] {example_kubernetes_executor.py:41} WARNING - The example_kubernetes_executor example DAG requires the kubernetes provider. Please install it with: pip install apache-airflow[cncf.kubernetes]
[2025-06-25T01:34:44.540+0200] {processor.py:838} WARNING - No viable dags retrieved from /home/atef/.local/lib/python3.9/site-packages/airflow/example_dags/example_kubernetes_executor.py
[2025-06-25T01:34:44.574+0200] {processor.py:179} INFO - Processing /home/atef/.local/lib/python3.9/site-packages/airflow/example_dags/example_kubernetes_executor.py took 0.066 seconds
[2025-06-25T01:38:26.430+0200] {processor.py:157} INFO - Started process (PID=183500) to work on /home/atef/.local/lib/python3.9/site-packages/airflow/example_dags/example_kubernetes_executor.py
[2025-06-25T01:38:26.437+0200] {processor.py:826} INFO - Processing file /home/atef/.local/lib/python3.9/site-packages/airflow/example_dags/example_kubernetes_executor.py for tasks to queue
[2025-06-25T01:38:26.440+0200] {logging_mixin.py:149} INFO - [2025-06-25T01:38:26.439+0200] {dagbag.py:541} INFO - Filling up the DagBag from /home/atef/.local/lib/python3.9/site-packages/airflow/example_dags/example_kubernetes_executor.py
[2025-06-25T01:38:26.466+0200] {logging_mixin.py:149} INFO - [2025-06-25T01:38:26.465+0200] {example_kubernetes_executor.py:41} WARNING - The example_kubernetes_executor example DAG requires the kubernetes provider. Please install it with: pip install apache-airflow[cncf.kubernetes]
[2025-06-25T01:38:26.467+0200] {processor.py:838} WARNING - No viable dags retrieved from /home/atef/.local/lib/python3.9/site-packages/airflow/example_dags/example_kubernetes_executor.py
[2025-06-25T01:38:26.511+0200] {processor.py:179} INFO - Processing /home/atef/.local/lib/python3.9/site-packages/airflow/example_dags/example_kubernetes_executor.py took 0.105 seconds
[2025-06-25T01:39:37.061+0200] {processor.py:157} INFO - Started process (PID=183729) to work on /home/atef/.local/lib/python3.9/site-packages/airflow/example_dags/example_kubernetes_executor.py
[2025-06-25T01:39:37.065+0200] {processor.py:826} INFO - Processing file /home/atef/.local/lib/python3.9/site-packages/airflow/example_dags/example_kubernetes_executor.py for tasks to queue
[2025-06-25T01:39:37.067+0200] {logging_mixin.py:149} INFO - [2025-06-25T01:39:37.067+0200] {dagbag.py:541} INFO - Filling up the DagBag from /home/atef/.local/lib/python3.9/site-packages/airflow/example_dags/example_kubernetes_executor.py
[2025-06-25T01:39:37.080+0200] {logging_mixin.py:149} INFO - [2025-06-25T01:39:37.079+0200] {example_kubernetes_executor.py:41} WARNING - The example_kubernetes_executor example DAG requires the kubernetes provider. Please install it with: pip install apache-airflow[cncf.kubernetes]
[2025-06-25T01:39:37.081+0200] {processor.py:838} WARNING - No viable dags retrieved from /home/atef/.local/lib/python3.9/site-packages/airflow/example_dags/example_kubernetes_executor.py
[2025-06-25T01:39:37.164+0200] {processor.py:179} INFO - Processing /home/atef/.local/lib/python3.9/site-packages/airflow/example_dags/example_kubernetes_executor.py took 0.118 seconds
[2025-06-25T01:41:10.356+0200] {processor.py:157} INFO - Started process (PID=184050) to work on /home/atef/.local/lib/python3.9/site-packages/airflow/example_dags/example_kubernetes_executor.py
[2025-06-25T01:41:10.361+0200] {processor.py:826} INFO - Processing file /home/atef/.local/lib/python3.9/site-packages/airflow/example_dags/example_kubernetes_executor.py for tasks to queue
[2025-06-25T01:41:10.363+0200] {logging_mixin.py:149} INFO - [2025-06-25T01:41:10.363+0200] {dagbag.py:541} INFO - Filling up the DagBag from /home/atef/.local/lib/python3.9/site-packages/airflow/example_dags/example_kubernetes_executor.py
[2025-06-25T01:41:10.388+0200] {logging_mixin.py:149} INFO - [2025-06-25T01:41:10.387+0200] {example_kubernetes_executor.py:41} WARNING - The example_kubernetes_executor example DAG requires the kubernetes provider. Please install it with: pip install apache-airflow[cncf.kubernetes]
[2025-06-25T01:41:10.390+0200] {processor.py:838} WARNING - No viable dags retrieved from /home/atef/.local/lib/python3.9/site-packages/airflow/example_dags/example_kubernetes_executor.py
[2025-06-25T01:41:10.472+0200] {processor.py:179} INFO - Processing /home/atef/.local/lib/python3.9/site-packages/airflow/example_dags/example_kubernetes_executor.py took 0.248 seconds
[2025-06-25T01:45:58.155+0200] {processor.py:157} INFO - Started process (PID=187474) to work on /home/atef/.local/lib/python3.9/site-packages/airflow/example_dags/example_kubernetes_executor.py
[2025-06-25T01:45:58.166+0200] {processor.py:826} INFO - Processing file /home/atef/.local/lib/python3.9/site-packages/airflow/example_dags/example_kubernetes_executor.py for tasks to queue
[2025-06-25T01:45:58.168+0200] {logging_mixin.py:149} INFO - [2025-06-25T01:45:58.168+0200] {dagbag.py:541} INFO - Filling up the DagBag from /home/atef/.local/lib/python3.9/site-packages/airflow/example_dags/example_kubernetes_executor.py
[2025-06-25T01:45:58.192+0200] {logging_mixin.py:149} INFO - [2025-06-25T01:45:58.192+0200] {example_kubernetes_executor.py:41} WARNING - The example_kubernetes_executor example DAG requires the kubernetes provider. Please install it with: pip install apache-airflow[cncf.kubernetes]
[2025-06-25T01:45:58.194+0200] {processor.py:838} WARNING - No viable dags retrieved from /home/atef/.local/lib/python3.9/site-packages/airflow/example_dags/example_kubernetes_executor.py
[2025-06-25T01:45:58.295+0200] {processor.py:179} INFO - Processing /home/atef/.local/lib/python3.9/site-packages/airflow/example_dags/example_kubernetes_executor.py took 0.168 seconds
[2025-06-25T01:47:26.263+0200] {processor.py:157} INFO - Started process (PID=188305) to work on /home/atef/.local/lib/python3.9/site-packages/airflow/example_dags/example_kubernetes_executor.py
[2025-06-25T01:47:26.274+0200] {processor.py:826} INFO - Processing file /home/atef/.local/lib/python3.9/site-packages/airflow/example_dags/example_kubernetes_executor.py for tasks to queue
[2025-06-25T01:47:26.280+0200] {logging_mixin.py:149} INFO - [2025-06-25T01:47:26.279+0200] {dagbag.py:541} INFO - Filling up the DagBag from /home/atef/.local/lib/python3.9/site-packages/airflow/example_dags/example_kubernetes_executor.py
[2025-06-25T01:47:26.390+0200] {logging_mixin.py:149} INFO - [2025-06-25T01:47:26.387+0200] {example_kubernetes_executor.py:41} WARNING - The example_kubernetes_executor example DAG requires the kubernetes provider. Please install it with: pip install apache-airflow[cncf.kubernetes]
[2025-06-25T01:47:26.394+0200] {processor.py:838} WARNING - No viable dags retrieved from /home/atef/.local/lib/python3.9/site-packages/airflow/example_dags/example_kubernetes_executor.py
[2025-06-25T01:47:26.598+0200] {processor.py:179} INFO - Processing /home/atef/.local/lib/python3.9/site-packages/airflow/example_dags/example_kubernetes_executor.py took 0.390 seconds
[2025-06-25T01:49:36.730+0200] {processor.py:157} INFO - Started process (PID=189200) to work on /home/atef/.local/lib/python3.9/site-packages/airflow/example_dags/example_kubernetes_executor.py
[2025-06-25T01:49:36.739+0200] {processor.py:826} INFO - Processing file /home/atef/.local/lib/python3.9/site-packages/airflow/example_dags/example_kubernetes_executor.py for tasks to queue
[2025-06-25T01:49:36.743+0200] {logging_mixin.py:149} INFO - [2025-06-25T01:49:36.743+0200] {dagbag.py:541} INFO - Filling up the DagBag from /home/atef/.local/lib/python3.9/site-packages/airflow/example_dags/example_kubernetes_executor.py
[2025-06-25T01:49:36.775+0200] {logging_mixin.py:149} INFO - [2025-06-25T01:49:36.774+0200] {example_kubernetes_executor.py:41} WARNING - The example_kubernetes_executor example DAG requires the kubernetes provider. Please install it with: pip install apache-airflow[cncf.kubernetes]
[2025-06-25T01:49:36.777+0200] {processor.py:838} WARNING - No viable dags retrieved from /home/atef/.local/lib/python3.9/site-packages/airflow/example_dags/example_kubernetes_executor.py
[2025-06-25T01:49:36.894+0200] {processor.py:179} INFO - Processing /home/atef/.local/lib/python3.9/site-packages/airflow/example_dags/example_kubernetes_executor.py took 0.199 seconds
[2025-06-25T01:51:05.083+0200] {processor.py:157} INFO - Started process (PID=189617) to work on /home/atef/.local/lib/python3.9/site-packages/airflow/example_dags/example_kubernetes_executor.py
[2025-06-25T01:51:05.099+0200] {processor.py:826} INFO - Processing file /home/atef/.local/lib/python3.9/site-packages/airflow/example_dags/example_kubernetes_executor.py for tasks to queue
[2025-06-25T01:51:05.102+0200] {logging_mixin.py:149} INFO - [2025-06-25T01:51:05.102+0200] {dagbag.py:541} INFO - Filling up the DagBag from /home/atef/.local/lib/python3.9/site-packages/airflow/example_dags/example_kubernetes_executor.py
[2025-06-25T01:51:05.132+0200] {logging_mixin.py:149} INFO - [2025-06-25T01:51:05.132+0200] {example_kubernetes_executor.py:41} WARNING - The example_kubernetes_executor example DAG requires the kubernetes provider. Please install it with: pip install apache-airflow[cncf.kubernetes]
[2025-06-25T01:51:05.139+0200] {processor.py:838} WARNING - No viable dags retrieved from /home/atef/.local/lib/python3.9/site-packages/airflow/example_dags/example_kubernetes_executor.py
[2025-06-25T01:51:05.362+0200] {processor.py:179} INFO - Processing /home/atef/.local/lib/python3.9/site-packages/airflow/example_dags/example_kubernetes_executor.py took 0.320 seconds
[2025-06-25T01:52:50.259+0200] {processor.py:157} INFO - Started process (PID=190045) to work on /home/atef/.local/lib/python3.9/site-packages/airflow/example_dags/example_kubernetes_executor.py
[2025-06-25T01:52:50.263+0200] {processor.py:826} INFO - Processing file /home/atef/.local/lib/python3.9/site-packages/airflow/example_dags/example_kubernetes_executor.py for tasks to queue
[2025-06-25T01:52:50.266+0200] {logging_mixin.py:149} INFO - [2025-06-25T01:52:50.265+0200] {dagbag.py:541} INFO - Filling up the DagBag from /home/atef/.local/lib/python3.9/site-packages/airflow/example_dags/example_kubernetes_executor.py
[2025-06-25T01:52:50.276+0200] {logging_mixin.py:149} INFO - [2025-06-25T01:52:50.276+0200] {example_kubernetes_executor.py:41} WARNING - The example_kubernetes_executor example DAG requires the kubernetes provider. Please install it with: pip install apache-airflow[cncf.kubernetes]
[2025-06-25T01:52:50.277+0200] {processor.py:838} WARNING - No viable dags retrieved from /home/atef/.local/lib/python3.9/site-packages/airflow/example_dags/example_kubernetes_executor.py
[2025-06-25T01:52:50.318+0200] {processor.py:179} INFO - Processing /home/atef/.local/lib/python3.9/site-packages/airflow/example_dags/example_kubernetes_executor.py took 0.078 seconds
[2025-06-25T01:55:53.352+0200] {processor.py:157} INFO - Started process (PID=191010) to work on /home/atef/.local/lib/python3.9/site-packages/airflow/example_dags/example_kubernetes_executor.py
[2025-06-25T01:55:53.364+0200] {processor.py:826} INFO - Processing file /home/atef/.local/lib/python3.9/site-packages/airflow/example_dags/example_kubernetes_executor.py for tasks to queue
[2025-06-25T01:55:53.372+0200] {logging_mixin.py:149} INFO - [2025-06-25T01:55:53.372+0200] {dagbag.py:541} INFO - Filling up the DagBag from /home/atef/.local/lib/python3.9/site-packages/airflow/example_dags/example_kubernetes_executor.py
[2025-06-25T01:55:53.404+0200] {logging_mixin.py:149} INFO - [2025-06-25T01:55:53.403+0200] {example_kubernetes_executor.py:41} WARNING - The example_kubernetes_executor example DAG requires the kubernetes provider. Please install it with: pip install apache-airflow[cncf.kubernetes]
[2025-06-25T01:55:53.406+0200] {processor.py:838} WARNING - No viable dags retrieved from /home/atef/.local/lib/python3.9/site-packages/airflow/example_dags/example_kubernetes_executor.py
[2025-06-25T01:55:53.549+0200] {processor.py:179} INFO - Processing /home/atef/.local/lib/python3.9/site-packages/airflow/example_dags/example_kubernetes_executor.py took 0.244 seconds
[2025-06-25T01:57:12.135+0200] {processor.py:157} INFO - Started process (PID=191393) to work on /home/atef/.local/lib/python3.9/site-packages/airflow/example_dags/example_kubernetes_executor.py
[2025-06-25T01:57:12.144+0200] {processor.py:826} INFO - Processing file /home/atef/.local/lib/python3.9/site-packages/airflow/example_dags/example_kubernetes_executor.py for tasks to queue
[2025-06-25T01:57:12.147+0200] {logging_mixin.py:149} INFO - [2025-06-25T01:57:12.147+0200] {dagbag.py:541} INFO - Filling up the DagBag from /home/atef/.local/lib/python3.9/site-packages/airflow/example_dags/example_kubernetes_executor.py
[2025-06-25T01:57:12.168+0200] {logging_mixin.py:149} INFO - [2025-06-25T01:57:12.167+0200] {example_kubernetes_executor.py:41} WARNING - The example_kubernetes_executor example DAG requires the kubernetes provider. Please install it with: pip install apache-airflow[cncf.kubernetes]
[2025-06-25T01:57:12.170+0200] {processor.py:838} WARNING - No viable dags retrieved from /home/atef/.local/lib/python3.9/site-packages/airflow/example_dags/example_kubernetes_executor.py
[2025-06-25T01:57:12.250+0200] {processor.py:179} INFO - Processing /home/atef/.local/lib/python3.9/site-packages/airflow/example_dags/example_kubernetes_executor.py took 0.141 seconds
[2025-06-25T01:59:54.855+0200] {processor.py:157} INFO - Started process (PID=192985) to work on /home/atef/.local/lib/python3.9/site-packages/airflow/example_dags/example_kubernetes_executor.py
[2025-06-25T01:59:54.873+0200] {processor.py:826} INFO - Processing file /home/atef/.local/lib/python3.9/site-packages/airflow/example_dags/example_kubernetes_executor.py for tasks to queue
[2025-06-25T01:59:54.885+0200] {logging_mixin.py:149} INFO - [2025-06-25T01:59:54.885+0200] {dagbag.py:541} INFO - Filling up the DagBag from /home/atef/.local/lib/python3.9/site-packages/airflow/example_dags/example_kubernetes_executor.py
[2025-06-25T01:59:54.934+0200] {logging_mixin.py:149} INFO - [2025-06-25T01:59:54.933+0200] {example_kubernetes_executor.py:41} WARNING - The example_kubernetes_executor example DAG requires the kubernetes provider. Please install it with: pip install apache-airflow[cncf.kubernetes]
[2025-06-25T01:59:54.942+0200] {processor.py:838} WARNING - No viable dags retrieved from /home/atef/.local/lib/python3.9/site-packages/airflow/example_dags/example_kubernetes_executor.py
[2025-06-25T01:59:55.151+0200] {processor.py:179} INFO - Processing /home/atef/.local/lib/python3.9/site-packages/airflow/example_dags/example_kubernetes_executor.py took 0.363 seconds
