[2025-06-24T23:15:59.238+0200] {processor.py:157} INFO - Started process (PID=155090) to work on /home/atef/.local/lib/python3.9/site-packages/airflow/example_dags/example_branch_datetime_operator.py
[2025-06-24T23:15:59.245+0200] {processor.py:826} INFO - Processing file /home/atef/.local/lib/python3.9/site-packages/airflow/example_dags/example_branch_datetime_operator.py for tasks to queue
[2025-06-24T23:15:59.247+0200] {logging_mixin.py:149} INFO - [2025-06-24T23:15:59.247+0200] {dagbag.py:541} INFO - Filling up the DagBag from /home/atef/.local/lib/python3.9/site-packages/airflow/example_dags/example_branch_datetime_operator.py
[2025-06-24T23:15:59.280+0200] {processor.py:836} INFO - DAG(s) dict_keys(['example_branch_datetime_operator', 'example_branch_datetime_operator_2', 'example_branch_datetime_operator_3']) retrieved from /home/atef/.local/lib/python3.9/site-packages/airflow/example_dags/example_branch_datetime_operator.py
[2025-06-24T23:15:59.403+0200] {logging_mixin.py:149} INFO - [2025-06-24T23:15:59.403+0200] {dag.py:2726} INFO - Sync 3 DAGs
[2025-06-24T23:15:59.503+0200] {logging_mixin.py:149} INFO - [2025-06-24T23:15:59.502+0200] {dag.py:3486} INFO - Setting next_dagrun for example_branch_datetime_operator to 2025-06-23T00:00:00+00:00, run_after=2025-06-24T00:00:00+00:00
[2025-06-24T23:15:59.564+0200] {logging_mixin.py:149} INFO - [2025-06-24T23:15:59.563+0200] {dag.py:3486} INFO - Setting next_dagrun for example_branch_datetime_operator_2 to 2025-06-23T00:00:00+00:00, run_after=2025-06-24T00:00:00+00:00
[2025-06-24T23:15:59.586+0200] {logging_mixin.py:149} INFO - [2025-06-24T23:15:59.586+0200] {dag.py:3486} INFO - Setting next_dagrun for example_branch_datetime_operator_3 to 2025-06-23T00:00:00+00:00, run_after=2025-06-24T00:00:00+00:00
[2025-06-24T23:15:59.706+0200] {processor.py:179} INFO - Processing /home/atef/.local/lib/python3.9/site-packages/airflow/example_dags/example_branch_datetime_operator.py took 0.484 seconds
[2025-06-24T23:17:09.565+0200] {processor.py:157} INFO - Started process (PID=155233) to work on /home/atef/.local/lib/python3.9/site-packages/airflow/example_dags/example_branch_datetime_operator.py
[2025-06-24T23:17:09.573+0200] {processor.py:826} INFO - Processing file /home/atef/.local/lib/python3.9/site-packages/airflow/example_dags/example_branch_datetime_operator.py for tasks to queue
[2025-06-24T23:17:09.576+0200] {logging_mixin.py:149} INFO - [2025-06-24T23:17:09.576+0200] {dagbag.py:541} INFO - Filling up the DagBag from /home/atef/.local/lib/python3.9/site-packages/airflow/example_dags/example_branch_datetime_operator.py
[2025-06-24T23:17:09.630+0200] {processor.py:836} INFO - DAG(s) dict_keys(['example_branch_datetime_operator', 'example_branch_datetime_operator_2', 'example_branch_datetime_operator_3']) retrieved from /home/atef/.local/lib/python3.9/site-packages/airflow/example_dags/example_branch_datetime_operator.py
[2025-06-24T23:17:09.791+0200] {logging_mixin.py:149} INFO - [2025-06-24T23:17:09.791+0200] {dag.py:2726} INFO - Sync 3 DAGs
[2025-06-24T23:17:09.874+0200] {logging_mixin.py:149} INFO - [2025-06-24T23:17:09.874+0200] {dag.py:3486} INFO - Setting next_dagrun for example_branch_datetime_operator to 2025-06-23T00:00:00+00:00, run_after=2025-06-24T00:00:00+00:00
[2025-06-24T23:17:09.884+0200] {logging_mixin.py:149} INFO - [2025-06-24T23:17:09.884+0200] {dag.py:3486} INFO - Setting next_dagrun for example_branch_datetime_operator_2 to 2025-06-23T00:00:00+00:00, run_after=2025-06-24T00:00:00+00:00
[2025-06-24T23:17:09.887+0200] {logging_mixin.py:149} INFO - [2025-06-24T23:17:09.887+0200] {dag.py:3486} INFO - Setting next_dagrun for example_branch_datetime_operator_3 to 2025-06-23T00:00:00+00:00, run_after=2025-06-24T00:00:00+00:00
[2025-06-24T23:17:09.990+0200] {processor.py:179} INFO - Processing /home/atef/.local/lib/python3.9/site-packages/airflow/example_dags/example_branch_datetime_operator.py took 0.449 seconds
[2025-06-24T23:18:56.651+0200] {processor.py:157} INFO - Started process (PID=155699) to work on /home/atef/.local/lib/python3.9/site-packages/airflow/example_dags/example_branch_datetime_operator.py
[2025-06-24T23:18:56.658+0200] {processor.py:826} INFO - Processing file /home/atef/.local/lib/python3.9/site-packages/airflow/example_dags/example_branch_datetime_operator.py for tasks to queue
[2025-06-24T23:18:56.661+0200] {logging_mixin.py:149} INFO - [2025-06-24T23:18:56.660+0200] {dagbag.py:541} INFO - Filling up the DagBag from /home/atef/.local/lib/python3.9/site-packages/airflow/example_dags/example_branch_datetime_operator.py
[2025-06-24T23:18:56.718+0200] {processor.py:836} INFO - DAG(s) dict_keys(['example_branch_datetime_operator_3', 'example_branch_datetime_operator', 'example_branch_datetime_operator_2']) retrieved from /home/atef/.local/lib/python3.9/site-packages/airflow/example_dags/example_branch_datetime_operator.py
[2025-06-24T23:18:56.822+0200] {logging_mixin.py:149} INFO - [2025-06-24T23:18:56.822+0200] {dag.py:2726} INFO - Sync 3 DAGs
[2025-06-24T23:18:56.893+0200] {logging_mixin.py:149} INFO - [2025-06-24T23:18:56.893+0200] {dag.py:3486} INFO - Setting next_dagrun for example_branch_datetime_operator to 2025-06-23T00:00:00+00:00, run_after=2025-06-24T00:00:00+00:00
[2025-06-24T23:18:56.902+0200] {logging_mixin.py:149} INFO - [2025-06-24T23:18:56.902+0200] {dag.py:3486} INFO - Setting next_dagrun for example_branch_datetime_operator_2 to 2025-06-23T00:00:00+00:00, run_after=2025-06-24T00:00:00+00:00
[2025-06-24T23:18:56.906+0200] {logging_mixin.py:149} INFO - [2025-06-24T23:18:56.906+0200] {dag.py:3486} INFO - Setting next_dagrun for example_branch_datetime_operator_3 to 2025-06-23T00:00:00+00:00, run_after=2025-06-24T00:00:00+00:00
[2025-06-24T23:18:56.964+0200] {processor.py:179} INFO - Processing /home/atef/.local/lib/python3.9/site-packages/airflow/example_dags/example_branch_datetime_operator.py took 0.330 seconds
[2025-06-25T01:18:54.173+0200] {processor.py:157} INFO - Started process (PID=175378) to work on /home/atef/.local/lib/python3.9/site-packages/airflow/example_dags/example_branch_datetime_operator.py
[2025-06-25T01:18:54.266+0200] {processor.py:826} INFO - Processing file /home/atef/.local/lib/python3.9/site-packages/airflow/example_dags/example_branch_datetime_operator.py for tasks to queue
[2025-06-25T01:18:54.273+0200] {logging_mixin.py:149} INFO - [2025-06-25T01:18:54.271+0200] {dagbag.py:541} INFO - Filling up the DagBag from /home/atef/.local/lib/python3.9/site-packages/airflow/example_dags/example_branch_datetime_operator.py
[2025-06-25T01:18:54.425+0200] {processor.py:836} INFO - DAG(s) dict_keys(['example_branch_datetime_operator_3', 'example_branch_datetime_operator', 'example_branch_datetime_operator_2']) retrieved from /home/atef/.local/lib/python3.9/site-packages/airflow/example_dags/example_branch_datetime_operator.py
[2025-06-25T01:18:54.581+0200] {logging_mixin.py:149} INFO - [2025-06-25T01:18:54.581+0200] {dag.py:2726} INFO - Sync 3 DAGs
[2025-06-25T01:18:54.668+0200] {logging_mixin.py:149} INFO - [2025-06-25T01:18:54.668+0200] {dag.py:3486} INFO - Setting next_dagrun for example_branch_datetime_operator to 2025-06-23T00:00:00+00:00, run_after=2025-06-24T00:00:00+00:00
[2025-06-25T01:18:54.677+0200] {logging_mixin.py:149} INFO - [2025-06-25T01:18:54.677+0200] {dag.py:3486} INFO - Setting next_dagrun for example_branch_datetime_operator_2 to 2025-06-23T00:00:00+00:00, run_after=2025-06-24T00:00:00+00:00
[2025-06-25T01:18:54.682+0200] {logging_mixin.py:149} INFO - [2025-06-25T01:18:54.681+0200] {dag.py:3486} INFO - Setting next_dagrun for example_branch_datetime_operator_3 to 2025-06-23T00:00:00+00:00, run_after=2025-06-24T00:00:00+00:00
[2025-06-25T01:18:54.747+0200] {processor.py:179} INFO - Processing /home/atef/.local/lib/python3.9/site-packages/airflow/example_dags/example_branch_datetime_operator.py took 0.648 seconds
[2025-06-25T01:20:25.558+0200] {processor.py:157} INFO - Started process (PID=176056) to work on /home/atef/.local/lib/python3.9/site-packages/airflow/example_dags/example_branch_datetime_operator.py
[2025-06-25T01:20:25.563+0200] {processor.py:826} INFO - Processing file /home/atef/.local/lib/python3.9/site-packages/airflow/example_dags/example_branch_datetime_operator.py for tasks to queue
[2025-06-25T01:20:25.565+0200] {logging_mixin.py:149} INFO - [2025-06-25T01:20:25.565+0200] {dagbag.py:541} INFO - Filling up the DagBag from /home/atef/.local/lib/python3.9/site-packages/airflow/example_dags/example_branch_datetime_operator.py
[2025-06-25T01:20:25.599+0200] {processor.py:836} INFO - DAG(s) dict_keys(['example_branch_datetime_operator', 'example_branch_datetime_operator_3', 'example_branch_datetime_operator_2']) retrieved from /home/atef/.local/lib/python3.9/site-packages/airflow/example_dags/example_branch_datetime_operator.py
[2025-06-25T01:20:25.690+0200] {logging_mixin.py:149} INFO - [2025-06-25T01:20:25.690+0200] {dag.py:2726} INFO - Sync 3 DAGs
[2025-06-25T01:20:25.754+0200] {logging_mixin.py:149} INFO - [2025-06-25T01:20:25.754+0200] {dag.py:3486} INFO - Setting next_dagrun for example_branch_datetime_operator to 2025-06-23T00:00:00+00:00, run_after=2025-06-24T00:00:00+00:00
[2025-06-25T01:20:25.761+0200] {logging_mixin.py:149} INFO - [2025-06-25T01:20:25.761+0200] {dag.py:3486} INFO - Setting next_dagrun for example_branch_datetime_operator_2 to 2025-06-23T00:00:00+00:00, run_after=2025-06-24T00:00:00+00:00
[2025-06-25T01:20:25.764+0200] {logging_mixin.py:149} INFO - [2025-06-25T01:20:25.764+0200] {dag.py:3486} INFO - Setting next_dagrun for example_branch_datetime_operator_3 to 2025-06-23T00:00:00+00:00, run_after=2025-06-24T00:00:00+00:00
[2025-06-25T01:20:25.806+0200] {processor.py:179} INFO - Processing /home/atef/.local/lib/python3.9/site-packages/airflow/example_dags/example_branch_datetime_operator.py took 0.264 seconds
[2025-06-25T01:22:15.880+0200] {processor.py:157} INFO - Started process (PID=177052) to work on /home/atef/.local/lib/python3.9/site-packages/airflow/example_dags/example_branch_datetime_operator.py
[2025-06-25T01:22:15.889+0200] {processor.py:826} INFO - Processing file /home/atef/.local/lib/python3.9/site-packages/airflow/example_dags/example_branch_datetime_operator.py for tasks to queue
[2025-06-25T01:22:15.895+0200] {logging_mixin.py:149} INFO - [2025-06-25T01:22:15.894+0200] {dagbag.py:541} INFO - Filling up the DagBag from /home/atef/.local/lib/python3.9/site-packages/airflow/example_dags/example_branch_datetime_operator.py
[2025-06-25T01:22:15.929+0200] {processor.py:836} INFO - DAG(s) dict_keys(['example_branch_datetime_operator', 'example_branch_datetime_operator_2', 'example_branch_datetime_operator_3']) retrieved from /home/atef/.local/lib/python3.9/site-packages/airflow/example_dags/example_branch_datetime_operator.py
[2025-06-25T01:22:16.047+0200] {logging_mixin.py:149} INFO - [2025-06-25T01:22:16.046+0200] {dag.py:2726} INFO - Sync 3 DAGs
[2025-06-25T01:22:16.134+0200] {logging_mixin.py:149} INFO - [2025-06-25T01:22:16.134+0200] {dag.py:3486} INFO - Setting next_dagrun for example_branch_datetime_operator to 2025-06-23T00:00:00+00:00, run_after=2025-06-24T00:00:00+00:00
[2025-06-25T01:22:16.143+0200] {logging_mixin.py:149} INFO - [2025-06-25T01:22:16.142+0200] {dag.py:3486} INFO - Setting next_dagrun for example_branch_datetime_operator_2 to 2025-06-23T00:00:00+00:00, run_after=2025-06-24T00:00:00+00:00
[2025-06-25T01:22:16.149+0200] {logging_mixin.py:149} INFO - [2025-06-25T01:22:16.148+0200] {dag.py:3486} INFO - Setting next_dagrun for example_branch_datetime_operator_3 to 2025-06-23T00:00:00+00:00, run_after=2025-06-24T00:00:00+00:00
[2025-06-25T01:22:16.397+0200] {processor.py:179} INFO - Processing /home/atef/.local/lib/python3.9/site-packages/airflow/example_dags/example_branch_datetime_operator.py took 0.554 seconds
[2025-06-25T01:23:24.302+0200] {processor.py:157} INFO - Started process (PID=177307) to work on /home/atef/.local/lib/python3.9/site-packages/airflow/example_dags/example_branch_datetime_operator.py
[2025-06-25T01:23:24.310+0200] {processor.py:826} INFO - Processing file /home/atef/.local/lib/python3.9/site-packages/airflow/example_dags/example_branch_datetime_operator.py for tasks to queue
[2025-06-25T01:23:24.312+0200] {logging_mixin.py:149} INFO - [2025-06-25T01:23:24.312+0200] {dagbag.py:541} INFO - Filling up the DagBag from /home/atef/.local/lib/python3.9/site-packages/airflow/example_dags/example_branch_datetime_operator.py
[2025-06-25T01:23:24.344+0200] {processor.py:836} INFO - DAG(s) dict_keys(['example_branch_datetime_operator_3', 'example_branch_datetime_operator_2', 'example_branch_datetime_operator']) retrieved from /home/atef/.local/lib/python3.9/site-packages/airflow/example_dags/example_branch_datetime_operator.py
[2025-06-25T01:23:24.522+0200] {logging_mixin.py:149} INFO - [2025-06-25T01:23:24.521+0200] {dag.py:2726} INFO - Sync 3 DAGs
[2025-06-25T01:23:24.737+0200] {logging_mixin.py:149} INFO - [2025-06-25T01:23:24.737+0200] {dag.py:3486} INFO - Setting next_dagrun for example_branch_datetime_operator to 2025-06-23T00:00:00+00:00, run_after=2025-06-24T00:00:00+00:00
[2025-06-25T01:23:24.799+0200] {logging_mixin.py:149} INFO - [2025-06-25T01:23:24.798+0200] {dag.py:3486} INFO - Setting next_dagrun for example_branch_datetime_operator_2 to 2025-06-23T00:00:00+00:00, run_after=2025-06-24T00:00:00+00:00
[2025-06-25T01:23:24.805+0200] {logging_mixin.py:149} INFO - [2025-06-25T01:23:24.805+0200] {dag.py:3486} INFO - Setting next_dagrun for example_branch_datetime_operator_3 to 2025-06-23T00:00:00+00:00, run_after=2025-06-24T00:00:00+00:00
[2025-06-25T01:23:25.302+0200] {processor.py:179} INFO - Processing /home/atef/.local/lib/python3.9/site-packages/airflow/example_dags/example_branch_datetime_operator.py took 1.020 seconds
[2025-06-25T01:25:41.435+0200] {processor.py:157} INFO - Started process (PID=178361) to work on /home/atef/.local/lib/python3.9/site-packages/airflow/example_dags/example_branch_datetime_operator.py
[2025-06-25T01:25:41.473+0200] {processor.py:826} INFO - Processing file /home/atef/.local/lib/python3.9/site-packages/airflow/example_dags/example_branch_datetime_operator.py for tasks to queue
[2025-06-25T01:25:41.487+0200] {logging_mixin.py:149} INFO - [2025-06-25T01:25:41.483+0200] {dagbag.py:541} INFO - Filling up the DagBag from /home/atef/.local/lib/python3.9/site-packages/airflow/example_dags/example_branch_datetime_operator.py
[2025-06-25T01:25:41.761+0200] {processor.py:836} INFO - DAG(s) dict_keys(['example_branch_datetime_operator', 'example_branch_datetime_operator_2', 'example_branch_datetime_operator_3']) retrieved from /home/atef/.local/lib/python3.9/site-packages/airflow/example_dags/example_branch_datetime_operator.py
[2025-06-25T01:25:42.559+0200] {logging_mixin.py:149} INFO - [2025-06-25T01:25:42.553+0200] {dag.py:2726} INFO - Sync 3 DAGs
[2025-06-25T01:25:43.166+0200] {logging_mixin.py:149} INFO - [2025-06-25T01:25:43.165+0200] {dag.py:3486} INFO - Setting next_dagrun for example_branch_datetime_operator to 2025-06-23T00:00:00+00:00, run_after=2025-06-24T00:00:00+00:00
[2025-06-25T01:25:43.234+0200] {logging_mixin.py:149} INFO - [2025-06-25T01:25:43.234+0200] {dag.py:3486} INFO - Setting next_dagrun for example_branch_datetime_operator_2 to 2025-06-23T00:00:00+00:00, run_after=2025-06-24T00:00:00+00:00
[2025-06-25T01:25:43.292+0200] {logging_mixin.py:149} INFO - [2025-06-25T01:25:43.283+0200] {dag.py:3486} INFO - Setting next_dagrun for example_branch_datetime_operator_3 to 2025-06-23T00:00:00+00:00, run_after=2025-06-24T00:00:00+00:00
[2025-06-25T01:25:44.643+0200] {processor.py:179} INFO - Processing /home/atef/.local/lib/python3.9/site-packages/airflow/example_dags/example_branch_datetime_operator.py took 3.409 seconds
[2025-06-25T01:28:40.478+0200] {processor.py:157} INFO - Started process (PID=179850) to work on /home/atef/.local/lib/python3.9/site-packages/airflow/example_dags/example_branch_datetime_operator.py
[2025-06-25T01:28:40.493+0200] {processor.py:826} INFO - Processing file /home/atef/.local/lib/python3.9/site-packages/airflow/example_dags/example_branch_datetime_operator.py for tasks to queue
[2025-06-25T01:28:40.525+0200] {logging_mixin.py:149} INFO - [2025-06-25T01:28:40.501+0200] {dagbag.py:541} INFO - Filling up the DagBag from /home/atef/.local/lib/python3.9/site-packages/airflow/example_dags/example_branch_datetime_operator.py
[2025-06-25T01:28:40.781+0200] {processor.py:836} INFO - DAG(s) dict_keys(['example_branch_datetime_operator', 'example_branch_datetime_operator_2', 'example_branch_datetime_operator_3']) retrieved from /home/atef/.local/lib/python3.9/site-packages/airflow/example_dags/example_branch_datetime_operator.py
[2025-06-25T01:28:41.790+0200] {logging_mixin.py:149} INFO - [2025-06-25T01:28:41.789+0200] {dag.py:2726} INFO - Sync 3 DAGs
[2025-06-25T01:28:42.058+0200] {logging_mixin.py:149} INFO - [2025-06-25T01:28:42.057+0200] {dag.py:3486} INFO - Setting next_dagrun for example_branch_datetime_operator to 2025-06-23T00:00:00+00:00, run_after=2025-06-24T00:00:00+00:00
[2025-06-25T01:28:42.091+0200] {logging_mixin.py:149} INFO - [2025-06-25T01:28:42.091+0200] {dag.py:3486} INFO - Setting next_dagrun for example_branch_datetime_operator_2 to 2025-06-23T00:00:00+00:00, run_after=2025-06-24T00:00:00+00:00
[2025-06-25T01:28:42.095+0200] {logging_mixin.py:149} INFO - [2025-06-25T01:28:42.095+0200] {dag.py:3486} INFO - Setting next_dagrun for example_branch_datetime_operator_3 to 2025-06-23T00:00:00+00:00, run_after=2025-06-24T00:00:00+00:00
[2025-06-25T01:28:42.228+0200] {processor.py:179} INFO - Processing /home/atef/.local/lib/python3.9/site-packages/airflow/example_dags/example_branch_datetime_operator.py took 1.804 seconds
[2025-06-25T01:30:41.530+0200] {processor.py:157} INFO - Started process (PID=180841) to work on /home/atef/.local/lib/python3.9/site-packages/airflow/example_dags/example_branch_datetime_operator.py
[2025-06-25T01:30:41.534+0200] {processor.py:826} INFO - Processing file /home/atef/.local/lib/python3.9/site-packages/airflow/example_dags/example_branch_datetime_operator.py for tasks to queue
[2025-06-25T01:30:41.536+0200] {logging_mixin.py:149} INFO - [2025-06-25T01:30:41.536+0200] {dagbag.py:541} INFO - Filling up the DagBag from /home/atef/.local/lib/python3.9/site-packages/airflow/example_dags/example_branch_datetime_operator.py
[2025-06-25T01:30:41.565+0200] {processor.py:836} INFO - DAG(s) dict_keys(['example_branch_datetime_operator_2', 'example_branch_datetime_operator', 'example_branch_datetime_operator_3']) retrieved from /home/atef/.local/lib/python3.9/site-packages/airflow/example_dags/example_branch_datetime_operator.py
[2025-06-25T01:30:41.641+0200] {logging_mixin.py:149} INFO - [2025-06-25T01:30:41.641+0200] {dag.py:2726} INFO - Sync 3 DAGs
[2025-06-25T01:30:41.734+0200] {logging_mixin.py:149} INFO - [2025-06-25T01:30:41.734+0200] {dag.py:3486} INFO - Setting next_dagrun for example_branch_datetime_operator to 2025-06-23T00:00:00+00:00, run_after=2025-06-24T00:00:00+00:00
[2025-06-25T01:30:41.747+0200] {logging_mixin.py:149} INFO - [2025-06-25T01:30:41.746+0200] {dag.py:3486} INFO - Setting next_dagrun for example_branch_datetime_operator_2 to 2025-06-23T00:00:00+00:00, run_after=2025-06-24T00:00:00+00:00
[2025-06-25T01:30:41.753+0200] {logging_mixin.py:149} INFO - [2025-06-25T01:30:41.753+0200] {dag.py:3486} INFO - Setting next_dagrun for example_branch_datetime_operator_3 to 2025-06-23T00:00:00+00:00, run_after=2025-06-24T00:00:00+00:00
[2025-06-25T01:30:41.844+0200] {processor.py:179} INFO - Processing /home/atef/.local/lib/python3.9/site-packages/airflow/example_dags/example_branch_datetime_operator.py took 0.322 seconds
[2025-06-25T01:32:08.792+0200] {processor.py:157} INFO - Started process (PID=181373) to work on /home/atef/.local/lib/python3.9/site-packages/airflow/example_dags/example_branch_datetime_operator.py
[2025-06-25T01:32:08.796+0200] {processor.py:826} INFO - Processing file /home/atef/.local/lib/python3.9/site-packages/airflow/example_dags/example_branch_datetime_operator.py for tasks to queue
[2025-06-25T01:32:08.797+0200] {logging_mixin.py:149} INFO - [2025-06-25T01:32:08.797+0200] {dagbag.py:541} INFO - Filling up the DagBag from /home/atef/.local/lib/python3.9/site-packages/airflow/example_dags/example_branch_datetime_operator.py
[2025-06-25T01:32:08.821+0200] {processor.py:836} INFO - DAG(s) dict_keys(['example_branch_datetime_operator_3', 'example_branch_datetime_operator_2', 'example_branch_datetime_operator']) retrieved from /home/atef/.local/lib/python3.9/site-packages/airflow/example_dags/example_branch_datetime_operator.py
[2025-06-25T01:32:08.899+0200] {logging_mixin.py:149} INFO - [2025-06-25T01:32:08.898+0200] {dag.py:2726} INFO - Sync 3 DAGs
[2025-06-25T01:32:08.998+0200] {logging_mixin.py:149} INFO - [2025-06-25T01:32:08.998+0200] {dag.py:3486} INFO - Setting next_dagrun for example_branch_datetime_operator to 2025-06-23T00:00:00+00:00, run_after=2025-06-24T00:00:00+00:00
[2025-06-25T01:32:09.013+0200] {logging_mixin.py:149} INFO - [2025-06-25T01:32:09.013+0200] {dag.py:3486} INFO - Setting next_dagrun for example_branch_datetime_operator_2 to 2025-06-23T00:00:00+00:00, run_after=2025-06-24T00:00:00+00:00
[2025-06-25T01:32:09.020+0200] {logging_mixin.py:149} INFO - [2025-06-25T01:32:09.020+0200] {dag.py:3486} INFO - Setting next_dagrun for example_branch_datetime_operator_3 to 2025-06-23T00:00:00+00:00, run_after=2025-06-24T00:00:00+00:00
[2025-06-25T01:32:09.083+0200] {processor.py:179} INFO - Processing /home/atef/.local/lib/python3.9/site-packages/airflow/example_dags/example_branch_datetime_operator.py took 0.303 seconds
[2025-06-25T01:33:25.775+0200] {processor.py:157} INFO - Started process (PID=181678) to work on /home/atef/.local/lib/python3.9/site-packages/airflow/example_dags/example_branch_datetime_operator.py
[2025-06-25T01:33:25.807+0200] {processor.py:826} INFO - Processing file /home/atef/.local/lib/python3.9/site-packages/airflow/example_dags/example_branch_datetime_operator.py for tasks to queue
[2025-06-25T01:33:25.814+0200] {logging_mixin.py:149} INFO - [2025-06-25T01:33:25.814+0200] {dagbag.py:541} INFO - Filling up the DagBag from /home/atef/.local/lib/python3.9/site-packages/airflow/example_dags/example_branch_datetime_operator.py
[2025-06-25T01:33:26.004+0200] {processor.py:836} INFO - DAG(s) dict_keys(['example_branch_datetime_operator', 'example_branch_datetime_operator_2', 'example_branch_datetime_operator_3']) retrieved from /home/atef/.local/lib/python3.9/site-packages/airflow/example_dags/example_branch_datetime_operator.py
[2025-06-25T01:33:26.870+0200] {logging_mixin.py:149} INFO - [2025-06-25T01:33:26.870+0200] {dag.py:2726} INFO - Sync 3 DAGs
[2025-06-25T01:33:27.225+0200] {logging_mixin.py:149} INFO - [2025-06-25T01:33:27.225+0200] {dag.py:3486} INFO - Setting next_dagrun for example_branch_datetime_operator to 2025-06-23T00:00:00+00:00, run_after=2025-06-24T00:00:00+00:00
[2025-06-25T01:33:27.272+0200] {logging_mixin.py:149} INFO - [2025-06-25T01:33:27.272+0200] {dag.py:3486} INFO - Setting next_dagrun for example_branch_datetime_operator_2 to 2025-06-23T00:00:00+00:00, run_after=2025-06-24T00:00:00+00:00
[2025-06-25T01:33:27.346+0200] {logging_mixin.py:149} INFO - [2025-06-25T01:33:27.345+0200] {dag.py:3486} INFO - Setting next_dagrun for example_branch_datetime_operator_3 to 2025-06-23T00:00:00+00:00, run_after=2025-06-24T00:00:00+00:00
[2025-06-25T01:33:27.591+0200] {processor.py:179} INFO - Processing /home/atef/.local/lib/python3.9/site-packages/airflow/example_dags/example_branch_datetime_operator.py took 1.879 seconds
[2025-06-25T01:38:42.877+0200] {processor.py:157} INFO - Started process (PID=183630) to work on /home/atef/.local/lib/python3.9/site-packages/airflow/example_dags/example_branch_datetime_operator.py
[2025-06-25T01:38:42.881+0200] {processor.py:826} INFO - Processing file /home/atef/.local/lib/python3.9/site-packages/airflow/example_dags/example_branch_datetime_operator.py for tasks to queue
[2025-06-25T01:38:42.885+0200] {logging_mixin.py:149} INFO - [2025-06-25T01:38:42.883+0200] {dagbag.py:541} INFO - Filling up the DagBag from /home/atef/.local/lib/python3.9/site-packages/airflow/example_dags/example_branch_datetime_operator.py
[2025-06-25T01:38:42.914+0200] {processor.py:836} INFO - DAG(s) dict_keys(['example_branch_datetime_operator_2', 'example_branch_datetime_operator', 'example_branch_datetime_operator_3']) retrieved from /home/atef/.local/lib/python3.9/site-packages/airflow/example_dags/example_branch_datetime_operator.py
[2025-06-25T01:38:42.999+0200] {logging_mixin.py:149} INFO - [2025-06-25T01:38:42.998+0200] {dag.py:2726} INFO - Sync 3 DAGs
[2025-06-25T01:38:43.054+0200] {logging_mixin.py:149} INFO - [2025-06-25T01:38:43.054+0200] {dag.py:3486} INFO - Setting next_dagrun for example_branch_datetime_operator to 2025-06-23T00:00:00+00:00, run_after=2025-06-24T00:00:00+00:00
[2025-06-25T01:38:43.060+0200] {logging_mixin.py:149} INFO - [2025-06-25T01:38:43.060+0200] {dag.py:3486} INFO - Setting next_dagrun for example_branch_datetime_operator_2 to 2025-06-23T00:00:00+00:00, run_after=2025-06-24T00:00:00+00:00
[2025-06-25T01:38:43.065+0200] {logging_mixin.py:149} INFO - [2025-06-25T01:38:43.065+0200] {dag.py:3486} INFO - Setting next_dagrun for example_branch_datetime_operator_3 to 2025-06-23T00:00:00+00:00, run_after=2025-06-24T00:00:00+00:00
[2025-06-25T01:38:43.105+0200] {processor.py:179} INFO - Processing /home/atef/.local/lib/python3.9/site-packages/airflow/example_dags/example_branch_datetime_operator.py took 0.244 seconds
[2025-06-25T01:39:53.664+0200] {processor.py:157} INFO - Started process (PID=183740) to work on /home/atef/.local/lib/python3.9/site-packages/airflow/example_dags/example_branch_datetime_operator.py
[2025-06-25T01:39:53.670+0200] {processor.py:826} INFO - Processing file /home/atef/.local/lib/python3.9/site-packages/airflow/example_dags/example_branch_datetime_operator.py for tasks to queue
[2025-06-25T01:39:53.673+0200] {logging_mixin.py:149} INFO - [2025-06-25T01:39:53.672+0200] {dagbag.py:541} INFO - Filling up the DagBag from /home/atef/.local/lib/python3.9/site-packages/airflow/example_dags/example_branch_datetime_operator.py
[2025-06-25T01:39:53.711+0200] {processor.py:836} INFO - DAG(s) dict_keys(['example_branch_datetime_operator_2', 'example_branch_datetime_operator', 'example_branch_datetime_operator_3']) retrieved from /home/atef/.local/lib/python3.9/site-packages/airflow/example_dags/example_branch_datetime_operator.py
[2025-06-25T01:39:53.802+0200] {logging_mixin.py:149} INFO - [2025-06-25T01:39:53.802+0200] {dag.py:2726} INFO - Sync 3 DAGs
[2025-06-25T01:39:53.854+0200] {logging_mixin.py:149} INFO - [2025-06-25T01:39:53.853+0200] {dag.py:3486} INFO - Setting next_dagrun for example_branch_datetime_operator to 2025-06-23T00:00:00+00:00, run_after=2025-06-24T00:00:00+00:00
[2025-06-25T01:39:53.860+0200] {logging_mixin.py:149} INFO - [2025-06-25T01:39:53.860+0200] {dag.py:3486} INFO - Setting next_dagrun for example_branch_datetime_operator_2 to 2025-06-23T00:00:00+00:00, run_after=2025-06-24T00:00:00+00:00
[2025-06-25T01:39:53.863+0200] {logging_mixin.py:149} INFO - [2025-06-25T01:39:53.863+0200] {dag.py:3486} INFO - Setting next_dagrun for example_branch_datetime_operator_3 to 2025-06-23T00:00:00+00:00, run_after=2025-06-24T00:00:00+00:00
[2025-06-25T01:39:53.931+0200] {processor.py:179} INFO - Processing /home/atef/.local/lib/python3.9/site-packages/airflow/example_dags/example_branch_datetime_operator.py took 0.287 seconds
[2025-06-25T01:46:16.954+0200] {processor.py:157} INFO - Started process (PID=187687) to work on /home/atef/.local/lib/python3.9/site-packages/airflow/example_dags/example_branch_datetime_operator.py
[2025-06-25T01:46:16.958+0200] {processor.py:826} INFO - Processing file /home/atef/.local/lib/python3.9/site-packages/airflow/example_dags/example_branch_datetime_operator.py for tasks to queue
[2025-06-25T01:46:16.962+0200] {logging_mixin.py:149} INFO - [2025-06-25T01:46:16.962+0200] {dagbag.py:541} INFO - Filling up the DagBag from /home/atef/.local/lib/python3.9/site-packages/airflow/example_dags/example_branch_datetime_operator.py
[2025-06-25T01:46:16.991+0200] {processor.py:836} INFO - DAG(s) dict_keys(['example_branch_datetime_operator_2', 'example_branch_datetime_operator_3', 'example_branch_datetime_operator']) retrieved from /home/atef/.local/lib/python3.9/site-packages/airflow/example_dags/example_branch_datetime_operator.py
[2025-06-25T01:46:17.081+0200] {logging_mixin.py:149} INFO - [2025-06-25T01:46:17.081+0200] {dag.py:2726} INFO - Sync 3 DAGs
[2025-06-25T01:46:17.156+0200] {logging_mixin.py:149} INFO - [2025-06-25T01:46:17.155+0200] {dag.py:3486} INFO - Setting next_dagrun for example_branch_datetime_operator to 2025-06-23T00:00:00+00:00, run_after=2025-06-24T00:00:00+00:00
[2025-06-25T01:46:17.164+0200] {logging_mixin.py:149} INFO - [2025-06-25T01:46:17.163+0200] {dag.py:3486} INFO - Setting next_dagrun for example_branch_datetime_operator_2 to 2025-06-23T00:00:00+00:00, run_after=2025-06-24T00:00:00+00:00
[2025-06-25T01:46:17.167+0200] {logging_mixin.py:149} INFO - [2025-06-25T01:46:17.167+0200] {dag.py:3486} INFO - Setting next_dagrun for example_branch_datetime_operator_3 to 2025-06-23T00:00:00+00:00, run_after=2025-06-24T00:00:00+00:00
[2025-06-25T01:46:17.217+0200] {processor.py:179} INFO - Processing /home/atef/.local/lib/python3.9/site-packages/airflow/example_dags/example_branch_datetime_operator.py took 0.279 seconds
[2025-06-25T01:47:45.522+0200] {processor.py:157} INFO - Started process (PID=188316) to work on /home/atef/.local/lib/python3.9/site-packages/airflow/example_dags/example_branch_datetime_operator.py
[2025-06-25T01:47:45.532+0200] {processor.py:826} INFO - Processing file /home/atef/.local/lib/python3.9/site-packages/airflow/example_dags/example_branch_datetime_operator.py for tasks to queue
[2025-06-25T01:47:45.539+0200] {logging_mixin.py:149} INFO - [2025-06-25T01:47:45.538+0200] {dagbag.py:541} INFO - Filling up the DagBag from /home/atef/.local/lib/python3.9/site-packages/airflow/example_dags/example_branch_datetime_operator.py
[2025-06-25T01:47:45.602+0200] {processor.py:836} INFO - DAG(s) dict_keys(['example_branch_datetime_operator_3', 'example_branch_datetime_operator_2', 'example_branch_datetime_operator']) retrieved from /home/atef/.local/lib/python3.9/site-packages/airflow/example_dags/example_branch_datetime_operator.py
[2025-06-25T01:47:45.987+0200] {logging_mixin.py:149} INFO - [2025-06-25T01:47:45.986+0200] {dag.py:2726} INFO - Sync 3 DAGs
[2025-06-25T01:47:46.172+0200] {logging_mixin.py:149} INFO - [2025-06-25T01:47:46.172+0200] {dag.py:3486} INFO - Setting next_dagrun for example_branch_datetime_operator to 2025-06-23T00:00:00+00:00, run_after=2025-06-24T00:00:00+00:00
[2025-06-25T01:47:46.192+0200] {logging_mixin.py:149} INFO - [2025-06-25T01:47:46.192+0200] {dag.py:3486} INFO - Setting next_dagrun for example_branch_datetime_operator_2 to 2025-06-23T00:00:00+00:00, run_after=2025-06-24T00:00:00+00:00
[2025-06-25T01:47:46.200+0200] {logging_mixin.py:149} INFO - [2025-06-25T01:47:46.200+0200] {dag.py:3486} INFO - Setting next_dagrun for example_branch_datetime_operator_3 to 2025-06-23T00:00:00+00:00, run_after=2025-06-24T00:00:00+00:00
[2025-06-25T01:47:46.289+0200] {processor.py:179} INFO - Processing /home/atef/.local/lib/python3.9/site-packages/airflow/example_dags/example_branch_datetime_operator.py took 0.793 seconds
[2025-06-25T01:49:52.258+0200] {processor.py:157} INFO - Started process (PID=189270) to work on /home/atef/.local/lib/python3.9/site-packages/airflow/example_dags/example_branch_datetime_operator.py
[2025-06-25T01:49:52.268+0200] {processor.py:826} INFO - Processing file /home/atef/.local/lib/python3.9/site-packages/airflow/example_dags/example_branch_datetime_operator.py for tasks to queue
[2025-06-25T01:49:52.275+0200] {logging_mixin.py:149} INFO - [2025-06-25T01:49:52.274+0200] {dagbag.py:541} INFO - Filling up the DagBag from /home/atef/.local/lib/python3.9/site-packages/airflow/example_dags/example_branch_datetime_operator.py
[2025-06-25T01:49:52.362+0200] {processor.py:836} INFO - DAG(s) dict_keys(['example_branch_datetime_operator_2', 'example_branch_datetime_operator_3', 'example_branch_datetime_operator']) retrieved from /home/atef/.local/lib/python3.9/site-packages/airflow/example_dags/example_branch_datetime_operator.py
[2025-06-25T01:49:52.508+0200] {logging_mixin.py:149} INFO - [2025-06-25T01:49:52.507+0200] {dag.py:2726} INFO - Sync 3 DAGs
[2025-06-25T01:49:52.564+0200] {logging_mixin.py:149} INFO - [2025-06-25T01:49:52.564+0200] {dag.py:3486} INFO - Setting next_dagrun for example_branch_datetime_operator to 2025-06-23T00:00:00+00:00, run_after=2025-06-24T00:00:00+00:00
[2025-06-25T01:49:52.573+0200] {logging_mixin.py:149} INFO - [2025-06-25T01:49:52.573+0200] {dag.py:3486} INFO - Setting next_dagrun for example_branch_datetime_operator_2 to 2025-06-23T00:00:00+00:00, run_after=2025-06-24T00:00:00+00:00
[2025-06-25T01:49:52.582+0200] {logging_mixin.py:149} INFO - [2025-06-25T01:49:52.581+0200] {dag.py:3486} INFO - Setting next_dagrun for example_branch_datetime_operator_3 to 2025-06-23T00:00:00+00:00, run_after=2025-06-24T00:00:00+00:00
[2025-06-25T01:49:52.669+0200] {processor.py:179} INFO - Processing /home/atef/.local/lib/python3.9/site-packages/airflow/example_dags/example_branch_datetime_operator.py took 0.444 seconds
[2025-06-25T01:51:32.042+0200] {processor.py:157} INFO - Started process (PID=189780) to work on /home/atef/.local/lib/python3.9/site-packages/airflow/example_dags/example_branch_datetime_operator.py
[2025-06-25T01:51:32.061+0200] {processor.py:826} INFO - Processing file /home/atef/.local/lib/python3.9/site-packages/airflow/example_dags/example_branch_datetime_operator.py for tasks to queue
[2025-06-25T01:51:32.068+0200] {logging_mixin.py:149} INFO - [2025-06-25T01:51:32.067+0200] {dagbag.py:541} INFO - Filling up the DagBag from /home/atef/.local/lib/python3.9/site-packages/airflow/example_dags/example_branch_datetime_operator.py
[2025-06-25T01:51:32.184+0200] {processor.py:836} INFO - DAG(s) dict_keys(['example_branch_datetime_operator_2', 'example_branch_datetime_operator_3', 'example_branch_datetime_operator']) retrieved from /home/atef/.local/lib/python3.9/site-packages/airflow/example_dags/example_branch_datetime_operator.py
[2025-06-25T01:51:32.621+0200] {logging_mixin.py:149} INFO - [2025-06-25T01:51:32.621+0200] {dag.py:2726} INFO - Sync 3 DAGs
[2025-06-25T01:51:32.892+0200] {logging_mixin.py:149} INFO - [2025-06-25T01:51:32.890+0200] {dag.py:3486} INFO - Setting next_dagrun for example_branch_datetime_operator to 2025-06-23T00:00:00+00:00, run_after=2025-06-24T00:00:00+00:00
[2025-06-25T01:51:32.940+0200] {logging_mixin.py:149} INFO - [2025-06-25T01:51:32.918+0200] {dag.py:3486} INFO - Setting next_dagrun for example_branch_datetime_operator_2 to 2025-06-23T00:00:00+00:00, run_after=2025-06-24T00:00:00+00:00
[2025-06-25T01:51:32.957+0200] {logging_mixin.py:149} INFO - [2025-06-25T01:51:32.957+0200] {dag.py:3486} INFO - Setting next_dagrun for example_branch_datetime_operator_3 to 2025-06-23T00:00:00+00:00, run_after=2025-06-24T00:00:00+00:00
[2025-06-25T01:51:33.192+0200] {processor.py:179} INFO - Processing /home/atef/.local/lib/python3.9/site-packages/airflow/example_dags/example_branch_datetime_operator.py took 1.217 seconds
[2025-06-25T01:56:12.846+0200] {processor.py:157} INFO - Started process (PID=191107) to work on /home/atef/.local/lib/python3.9/site-packages/airflow/example_dags/example_branch_datetime_operator.py
[2025-06-25T01:56:12.855+0200] {processor.py:826} INFO - Processing file /home/atef/.local/lib/python3.9/site-packages/airflow/example_dags/example_branch_datetime_operator.py for tasks to queue
[2025-06-25T01:56:12.862+0200] {logging_mixin.py:149} INFO - [2025-06-25T01:56:12.862+0200] {dagbag.py:541} INFO - Filling up the DagBag from /home/atef/.local/lib/python3.9/site-packages/airflow/example_dags/example_branch_datetime_operator.py
[2025-06-25T01:56:12.927+0200] {processor.py:836} INFO - DAG(s) dict_keys(['example_branch_datetime_operator_2', 'example_branch_datetime_operator', 'example_branch_datetime_operator_3']) retrieved from /home/atef/.local/lib/python3.9/site-packages/airflow/example_dags/example_branch_datetime_operator.py
[2025-06-25T01:56:13.158+0200] {logging_mixin.py:149} INFO - [2025-06-25T01:56:13.158+0200] {dag.py:2726} INFO - Sync 3 DAGs
[2025-06-25T01:56:13.348+0200] {logging_mixin.py:149} INFO - [2025-06-25T01:56:13.348+0200] {dag.py:3486} INFO - Setting next_dagrun for example_branch_datetime_operator to 2025-06-23T00:00:00+00:00, run_after=2025-06-24T00:00:00+00:00
[2025-06-25T01:56:13.367+0200] {logging_mixin.py:149} INFO - [2025-06-25T01:56:13.361+0200] {dag.py:3486} INFO - Setting next_dagrun for example_branch_datetime_operator_2 to 2025-06-23T00:00:00+00:00, run_after=2025-06-24T00:00:00+00:00
[2025-06-25T01:56:13.382+0200] {logging_mixin.py:149} INFO - [2025-06-25T01:56:13.381+0200] {dag.py:3486} INFO - Setting next_dagrun for example_branch_datetime_operator_3 to 2025-06-23T00:00:00+00:00, run_after=2025-06-24T00:00:00+00:00
[2025-06-25T01:56:13.504+0200] {processor.py:179} INFO - Processing /home/atef/.local/lib/python3.9/site-packages/airflow/example_dags/example_branch_datetime_operator.py took 0.694 seconds
[2025-06-25T01:57:29.563+0200] {processor.py:157} INFO - Started process (PID=191454) to work on /home/atef/.local/lib/python3.9/site-packages/airflow/example_dags/example_branch_datetime_operator.py
[2025-06-25T01:57:29.571+0200] {processor.py:826} INFO - Processing file /home/atef/.local/lib/python3.9/site-packages/airflow/example_dags/example_branch_datetime_operator.py for tasks to queue
[2025-06-25T01:57:29.575+0200] {logging_mixin.py:149} INFO - [2025-06-25T01:57:29.575+0200] {dagbag.py:541} INFO - Filling up the DagBag from /home/atef/.local/lib/python3.9/site-packages/airflow/example_dags/example_branch_datetime_operator.py
[2025-06-25T01:57:29.666+0200] {processor.py:836} INFO - DAG(s) dict_keys(['example_branch_datetime_operator', 'example_branch_datetime_operator_2', 'example_branch_datetime_operator_3']) retrieved from /home/atef/.local/lib/python3.9/site-packages/airflow/example_dags/example_branch_datetime_operator.py
[2025-06-25T01:57:29.853+0200] {logging_mixin.py:149} INFO - [2025-06-25T01:57:29.853+0200] {dag.py:2726} INFO - Sync 3 DAGs
[2025-06-25T01:57:29.956+0200] {logging_mixin.py:149} INFO - [2025-06-25T01:57:29.955+0200] {dag.py:3486} INFO - Setting next_dagrun for example_branch_datetime_operator to 2025-06-23T00:00:00+00:00, run_after=2025-06-24T00:00:00+00:00
[2025-06-25T01:57:29.973+0200] {logging_mixin.py:149} INFO - [2025-06-25T01:57:29.973+0200] {dag.py:3486} INFO - Setting next_dagrun for example_branch_datetime_operator_2 to 2025-06-23T00:00:00+00:00, run_after=2025-06-24T00:00:00+00:00
[2025-06-25T01:57:29.980+0200] {logging_mixin.py:149} INFO - [2025-06-25T01:57:29.980+0200] {dag.py:3486} INFO - Setting next_dagrun for example_branch_datetime_operator_3 to 2025-06-23T00:00:00+00:00, run_after=2025-06-24T00:00:00+00:00
[2025-06-25T01:57:30.060+0200] {processor.py:179} INFO - Processing /home/atef/.local/lib/python3.9/site-packages/airflow/example_dags/example_branch_datetime_operator.py took 0.540 seconds
