[2025-06-24T23:15:30.655+0200] {processor.py:157} INFO - Started process (PID=154957) to work on /home/atef/.local/lib/python3.9/site-packages/airflow/example_dags/example_latest_only.py
[2025-06-24T23:15:30.664+0200] {processor.py:826} INFO - Processing file /home/atef/.local/lib/python3.9/site-packages/airflow/example_dags/example_latest_only.py for tasks to queue
[2025-06-24T23:15:30.668+0200] {logging_mixin.py:149} INFO - [2025-06-24T23:15:30.668+0200] {dagbag.py:541} INFO - Filling up the DagBag from /home/atef/.local/lib/python3.9/site-packages/airflow/example_dags/example_latest_only.py
[2025-06-24T23:15:30.732+0200] {processor.py:836} INFO - DAG(s) dict_keys(['latest_only']) retrieved from /home/atef/.local/lib/python3.9/site-packages/airflow/example_dags/example_latest_only.py
[2025-06-24T23:15:30.907+0200] {logging_mixin.py:149} INFO - [2025-06-24T23:15:30.907+0200] {dag.py:2726} INFO - Sync 1 DAGs
[2025-06-24T23:15:35.394+0200] {logging_mixin.py:149} INFO - [2025-06-24T23:15:35.394+0200] {dag.py:3486} INFO - Setting next_dagrun for latest_only to 2025-06-24T17:15:34.513962+00:00, run_after=2025-06-24T21:15:34.513962+00:00
[2025-06-24T23:15:40.505+0200] {processor.py:179} INFO - Processing /home/atef/.local/lib/python3.9/site-packages/airflow/example_dags/example_latest_only.py took 9.883 seconds
[2025-06-24T23:16:53.589+0200] {processor.py:157} INFO - Started process (PID=155221) to work on /home/atef/.local/lib/python3.9/site-packages/airflow/example_dags/example_latest_only.py
[2025-06-24T23:16:53.593+0200] {processor.py:826} INFO - Processing file /home/atef/.local/lib/python3.9/site-packages/airflow/example_dags/example_latest_only.py for tasks to queue
[2025-06-24T23:16:53.596+0200] {logging_mixin.py:149} INFO - [2025-06-24T23:16:53.595+0200] {dagbag.py:541} INFO - Filling up the DagBag from /home/atef/.local/lib/python3.9/site-packages/airflow/example_dags/example_latest_only.py
[2025-06-24T23:16:53.617+0200] {processor.py:836} INFO - DAG(s) dict_keys(['latest_only']) retrieved from /home/atef/.local/lib/python3.9/site-packages/airflow/example_dags/example_latest_only.py
[2025-06-24T23:16:53.675+0200] {logging_mixin.py:149} INFO - [2025-06-24T23:16:53.675+0200] {dag.py:2726} INFO - Sync 1 DAGs
[2025-06-24T23:16:53.716+0200] {logging_mixin.py:149} INFO - [2025-06-24T23:16:53.716+0200] {dag.py:3486} INFO - Setting next_dagrun for latest_only to 2025-06-24T17:16:53.715239+00:00, run_after=2025-06-24T21:16:53.715239+00:00
[2025-06-24T23:16:53.762+0200] {processor.py:179} INFO - Processing /home/atef/.local/lib/python3.9/site-packages/airflow/example_dags/example_latest_only.py took 0.185 seconds
[2025-06-24T23:18:42.200+0200] {processor.py:157} INFO - Started process (PID=155687) to work on /home/atef/.local/lib/python3.9/site-packages/airflow/example_dags/example_latest_only.py
[2025-06-24T23:18:42.215+0200] {processor.py:826} INFO - Processing file /home/atef/.local/lib/python3.9/site-packages/airflow/example_dags/example_latest_only.py for tasks to queue
[2025-06-24T23:18:42.226+0200] {logging_mixin.py:149} INFO - [2025-06-24T23:18:42.225+0200] {dagbag.py:541} INFO - Filling up the DagBag from /home/atef/.local/lib/python3.9/site-packages/airflow/example_dags/example_latest_only.py
[2025-06-24T23:18:42.307+0200] {processor.py:836} INFO - DAG(s) dict_keys(['latest_only']) retrieved from /home/atef/.local/lib/python3.9/site-packages/airflow/example_dags/example_latest_only.py
[2025-06-24T23:18:42.452+0200] {logging_mixin.py:149} INFO - [2025-06-24T23:18:42.451+0200] {dag.py:2726} INFO - Sync 1 DAGs
[2025-06-24T23:18:42.559+0200] {logging_mixin.py:149} INFO - [2025-06-24T23:18:42.558+0200] {dag.py:3486} INFO - Setting next_dagrun for latest_only to 2025-06-24T17:18:42.556355+00:00, run_after=2025-06-24T21:18:42.556355+00:00
[2025-06-24T23:18:42.660+0200] {processor.py:179} INFO - Processing /home/atef/.local/lib/python3.9/site-packages/airflow/example_dags/example_latest_only.py took 0.505 seconds
[2025-06-25T01:11:54.655+0200] {processor.py:157} INFO - Started process (PID=173287) to work on /home/atef/.local/lib/python3.9/site-packages/airflow/example_dags/example_latest_only.py
[2025-06-25T01:11:54.682+0200] {processor.py:826} INFO - Processing file /home/atef/.local/lib/python3.9/site-packages/airflow/example_dags/example_latest_only.py for tasks to queue
[2025-06-25T01:11:54.686+0200] {logging_mixin.py:149} INFO - [2025-06-25T01:11:54.686+0200] {dagbag.py:541} INFO - Filling up the DagBag from /home/atef/.local/lib/python3.9/site-packages/airflow/example_dags/example_latest_only.py
[2025-06-25T01:11:54.791+0200] {processor.py:836} INFO - DAG(s) dict_keys(['latest_only']) retrieved from /home/atef/.local/lib/python3.9/site-packages/airflow/example_dags/example_latest_only.py
[2025-06-25T01:11:54.938+0200] {logging_mixin.py:149} INFO - [2025-06-25T01:11:54.938+0200] {dag.py:2726} INFO - Sync 1 DAGs
[2025-06-25T01:11:55.202+0200] {logging_mixin.py:149} INFO - [2025-06-25T01:11:55.200+0200] {dag.py:3486} INFO - Setting next_dagrun for latest_only to 2025-06-24T19:11:55.184105+00:00, run_after=2025-06-24T23:11:55.184105+00:00
[2025-06-25T01:11:55.911+0200] {processor.py:179} INFO - Processing /home/atef/.local/lib/python3.9/site-packages/airflow/example_dags/example_latest_only.py took 1.277 seconds
[2025-06-25T01:18:19.832+0200] {processor.py:157} INFO - Started process (PID=175160) to work on /home/atef/.local/lib/python3.9/site-packages/airflow/example_dags/example_latest_only.py
[2025-06-25T01:18:19.850+0200] {processor.py:826} INFO - Processing file /home/atef/.local/lib/python3.9/site-packages/airflow/example_dags/example_latest_only.py for tasks to queue
[2025-06-25T01:18:19.859+0200] {logging_mixin.py:149} INFO - [2025-06-25T01:18:19.858+0200] {dagbag.py:541} INFO - Filling up the DagBag from /home/atef/.local/lib/python3.9/site-packages/airflow/example_dags/example_latest_only.py
[2025-06-25T01:18:19.963+0200] {processor.py:836} INFO - DAG(s) dict_keys(['latest_only']) retrieved from /home/atef/.local/lib/python3.9/site-packages/airflow/example_dags/example_latest_only.py
[2025-06-25T01:18:20.802+0200] {logging_mixin.py:149} INFO - [2025-06-25T01:18:20.798+0200] {dag.py:2726} INFO - Sync 1 DAGs
[2025-06-25T01:18:21.016+0200] {logging_mixin.py:149} INFO - [2025-06-25T01:18:21.015+0200] {dag.py:3486} INFO - Setting next_dagrun for latest_only to 2025-06-24T19:18:21.013209+00:00, run_after=2025-06-24T23:18:21.013209+00:00
[2025-06-25T01:18:21.136+0200] {processor.py:179} INFO - Processing /home/atef/.local/lib/python3.9/site-packages/airflow/example_dags/example_latest_only.py took 1.376 seconds
[2025-06-25T01:19:45.581+0200] {processor.py:157} INFO - Started process (PID=175711) to work on /home/atef/.local/lib/python3.9/site-packages/airflow/example_dags/example_latest_only.py
[2025-06-25T01:19:45.588+0200] {processor.py:826} INFO - Processing file /home/atef/.local/lib/python3.9/site-packages/airflow/example_dags/example_latest_only.py for tasks to queue
[2025-06-25T01:19:45.591+0200] {logging_mixin.py:149} INFO - [2025-06-25T01:19:45.590+0200] {dagbag.py:541} INFO - Filling up the DagBag from /home/atef/.local/lib/python3.9/site-packages/airflow/example_dags/example_latest_only.py
[2025-06-25T01:19:45.624+0200] {processor.py:836} INFO - DAG(s) dict_keys(['latest_only']) retrieved from /home/atef/.local/lib/python3.9/site-packages/airflow/example_dags/example_latest_only.py
[2025-06-25T01:19:45.764+0200] {logging_mixin.py:149} INFO - [2025-06-25T01:19:45.761+0200] {dag.py:2726} INFO - Sync 1 DAGs
[2025-06-25T01:19:45.848+0200] {logging_mixin.py:149} INFO - [2025-06-25T01:19:45.847+0200] {dag.py:3486} INFO - Setting next_dagrun for latest_only to 2025-06-24T19:19:45.845835+00:00, run_after=2025-06-24T23:19:45.845835+00:00
[2025-06-25T01:19:45.918+0200] {processor.py:179} INFO - Processing /home/atef/.local/lib/python3.9/site-packages/airflow/example_dags/example_latest_only.py took 0.359 seconds
[2025-06-25T01:21:35.171+0200] {processor.py:157} INFO - Started process (PID=176845) to work on /home/atef/.local/lib/python3.9/site-packages/airflow/example_dags/example_latest_only.py
[2025-06-25T01:21:35.179+0200] {processor.py:826} INFO - Processing file /home/atef/.local/lib/python3.9/site-packages/airflow/example_dags/example_latest_only.py for tasks to queue
[2025-06-25T01:21:35.181+0200] {logging_mixin.py:149} INFO - [2025-06-25T01:21:35.181+0200] {dagbag.py:541} INFO - Filling up the DagBag from /home/atef/.local/lib/python3.9/site-packages/airflow/example_dags/example_latest_only.py
[2025-06-25T01:21:35.213+0200] {processor.py:836} INFO - DAG(s) dict_keys(['latest_only']) retrieved from /home/atef/.local/lib/python3.9/site-packages/airflow/example_dags/example_latest_only.py
[2025-06-25T01:21:35.298+0200] {logging_mixin.py:149} INFO - [2025-06-25T01:21:35.298+0200] {dag.py:2726} INFO - Sync 1 DAGs
[2025-06-25T01:21:35.369+0200] {logging_mixin.py:149} INFO - [2025-06-25T01:21:35.368+0200] {dag.py:3486} INFO - Setting next_dagrun for latest_only to 2025-06-24T19:21:35.368115+00:00, run_after=2025-06-24T23:21:35.368115+00:00
[2025-06-25T01:21:35.522+0200] {processor.py:179} INFO - Processing /home/atef/.local/lib/python3.9/site-packages/airflow/example_dags/example_latest_only.py took 0.369 seconds
[2025-06-25T01:22:49.210+0200] {processor.py:157} INFO - Started process (PID=177138) to work on /home/atef/.local/lib/python3.9/site-packages/airflow/example_dags/example_latest_only.py
[2025-06-25T01:22:49.214+0200] {processor.py:826} INFO - Processing file /home/atef/.local/lib/python3.9/site-packages/airflow/example_dags/example_latest_only.py for tasks to queue
[2025-06-25T01:22:49.216+0200] {logging_mixin.py:149} INFO - [2025-06-25T01:22:49.215+0200] {dagbag.py:541} INFO - Filling up the DagBag from /home/atef/.local/lib/python3.9/site-packages/airflow/example_dags/example_latest_only.py
[2025-06-25T01:22:49.239+0200] {processor.py:836} INFO - DAG(s) dict_keys(['latest_only']) retrieved from /home/atef/.local/lib/python3.9/site-packages/airflow/example_dags/example_latest_only.py
[2025-06-25T01:22:49.299+0200] {logging_mixin.py:149} INFO - [2025-06-25T01:22:49.299+0200] {dag.py:2726} INFO - Sync 1 DAGs
[2025-06-25T01:22:49.353+0200] {logging_mixin.py:149} INFO - [2025-06-25T01:22:49.353+0200] {dag.py:3486} INFO - Setting next_dagrun for latest_only to 2025-06-24T19:22:49.352809+00:00, run_after=2025-06-24T23:22:49.352809+00:00
[2025-06-25T01:22:49.398+0200] {processor.py:179} INFO - Processing /home/atef/.local/lib/python3.9/site-packages/airflow/example_dags/example_latest_only.py took 0.202 seconds
[2025-06-25T01:24:34.541+0200] {processor.py:157} INFO - Started process (PID=177957) to work on /home/atef/.local/lib/python3.9/site-packages/airflow/example_dags/example_latest_only.py
[2025-06-25T01:24:34.556+0200] {processor.py:826} INFO - Processing file /home/atef/.local/lib/python3.9/site-packages/airflow/example_dags/example_latest_only.py for tasks to queue
[2025-06-25T01:24:34.558+0200] {logging_mixin.py:149} INFO - [2025-06-25T01:24:34.558+0200] {dagbag.py:541} INFO - Filling up the DagBag from /home/atef/.local/lib/python3.9/site-packages/airflow/example_dags/example_latest_only.py
[2025-06-25T01:24:34.605+0200] {processor.py:836} INFO - DAG(s) dict_keys(['latest_only']) retrieved from /home/atef/.local/lib/python3.9/site-packages/airflow/example_dags/example_latest_only.py
[2025-06-25T01:24:34.687+0200] {logging_mixin.py:149} INFO - [2025-06-25T01:24:34.687+0200] {dag.py:2726} INFO - Sync 1 DAGs
[2025-06-25T01:24:34.731+0200] {logging_mixin.py:149} INFO - [2025-06-25T01:24:34.731+0200] {dag.py:3486} INFO - Setting next_dagrun for latest_only to 2025-06-24T19:24:34.730331+00:00, run_after=2025-06-24T23:24:34.730331+00:00
[2025-06-25T01:24:34.811+0200] {processor.py:179} INFO - Processing /home/atef/.local/lib/python3.9/site-packages/airflow/example_dags/example_latest_only.py took 0.302 seconds
[2025-06-25T01:26:43.678+0200] {processor.py:157} INFO - Started process (PID=178907) to work on /home/atef/.local/lib/python3.9/site-packages/airflow/example_dags/example_latest_only.py
[2025-06-25T01:26:43.689+0200] {processor.py:826} INFO - Processing file /home/atef/.local/lib/python3.9/site-packages/airflow/example_dags/example_latest_only.py for tasks to queue
[2025-06-25T01:26:43.698+0200] {logging_mixin.py:149} INFO - [2025-06-25T01:26:43.697+0200] {dagbag.py:541} INFO - Filling up the DagBag from /home/atef/.local/lib/python3.9/site-packages/airflow/example_dags/example_latest_only.py
[2025-06-25T01:26:43.777+0200] {processor.py:836} INFO - DAG(s) dict_keys(['latest_only']) retrieved from /home/atef/.local/lib/python3.9/site-packages/airflow/example_dags/example_latest_only.py
[2025-06-25T01:26:43.874+0200] {logging_mixin.py:149} INFO - [2025-06-25T01:26:43.873+0200] {dag.py:2726} INFO - Sync 1 DAGs
[2025-06-25T01:26:43.969+0200] {logging_mixin.py:149} INFO - [2025-06-25T01:26:43.969+0200] {dag.py:3486} INFO - Setting next_dagrun for latest_only to 2025-06-24T19:26:43.967310+00:00, run_after=2025-06-24T23:26:43.967310+00:00
[2025-06-25T01:26:44.055+0200] {processor.py:179} INFO - Processing /home/atef/.local/lib/python3.9/site-packages/airflow/example_dags/example_latest_only.py took 0.399 seconds
[2025-06-25T01:29:33.413+0200] {processor.py:157} INFO - Started process (PID=180139) to work on /home/atef/.local/lib/python3.9/site-packages/airflow/example_dags/example_latest_only.py
[2025-06-25T01:29:33.424+0200] {processor.py:826} INFO - Processing file /home/atef/.local/lib/python3.9/site-packages/airflow/example_dags/example_latest_only.py for tasks to queue
[2025-06-25T01:29:33.427+0200] {logging_mixin.py:149} INFO - [2025-06-25T01:29:33.427+0200] {dagbag.py:541} INFO - Filling up the DagBag from /home/atef/.local/lib/python3.9/site-packages/airflow/example_dags/example_latest_only.py
[2025-06-25T01:29:33.493+0200] {processor.py:836} INFO - DAG(s) dict_keys(['latest_only']) retrieved from /home/atef/.local/lib/python3.9/site-packages/airflow/example_dags/example_latest_only.py
[2025-06-25T01:29:33.974+0200] {logging_mixin.py:149} INFO - [2025-06-25T01:29:33.972+0200] {dag.py:2726} INFO - Sync 1 DAGs
[2025-06-25T01:29:34.270+0200] {logging_mixin.py:149} INFO - [2025-06-25T01:29:34.270+0200] {dag.py:3486} INFO - Setting next_dagrun for latest_only to 2025-06-24T19:29:34.269267+00:00, run_after=2025-06-24T23:29:34.269267+00:00
[2025-06-25T01:29:34.399+0200] {processor.py:179} INFO - Processing /home/atef/.local/lib/python3.9/site-packages/airflow/example_dags/example_latest_only.py took 1.044 seconds
[2025-06-25T01:31:25.091+0200] {processor.py:157} INFO - Started process (PID=181162) to work on /home/atef/.local/lib/python3.9/site-packages/airflow/example_dags/example_latest_only.py
[2025-06-25T01:31:25.097+0200] {processor.py:826} INFO - Processing file /home/atef/.local/lib/python3.9/site-packages/airflow/example_dags/example_latest_only.py for tasks to queue
[2025-06-25T01:31:25.100+0200] {logging_mixin.py:149} INFO - [2025-06-25T01:31:25.099+0200] {dagbag.py:541} INFO - Filling up the DagBag from /home/atef/.local/lib/python3.9/site-packages/airflow/example_dags/example_latest_only.py
[2025-06-25T01:31:25.128+0200] {processor.py:836} INFO - DAG(s) dict_keys(['latest_only']) retrieved from /home/atef/.local/lib/python3.9/site-packages/airflow/example_dags/example_latest_only.py
[2025-06-25T01:31:25.230+0200] {logging_mixin.py:149} INFO - [2025-06-25T01:31:25.230+0200] {dag.py:2726} INFO - Sync 1 DAGs
[2025-06-25T01:31:25.308+0200] {logging_mixin.py:149} INFO - [2025-06-25T01:31:25.308+0200] {dag.py:3486} INFO - Setting next_dagrun for latest_only to 2025-06-24T19:31:25.307882+00:00, run_after=2025-06-24T23:31:25.307882+00:00
[2025-06-25T01:31:25.358+0200] {processor.py:179} INFO - Processing /home/atef/.local/lib/python3.9/site-packages/airflow/example_dags/example_latest_only.py took 0.284 seconds
[2025-06-25T01:32:36.001+0200] {processor.py:157} INFO - Started process (PID=181417) to work on /home/atef/.local/lib/python3.9/site-packages/airflow/example_dags/example_latest_only.py
[2025-06-25T01:32:36.006+0200] {processor.py:826} INFO - Processing file /home/atef/.local/lib/python3.9/site-packages/airflow/example_dags/example_latest_only.py for tasks to queue
[2025-06-25T01:32:36.008+0200] {logging_mixin.py:149} INFO - [2025-06-25T01:32:36.008+0200] {dagbag.py:541} INFO - Filling up the DagBag from /home/atef/.local/lib/python3.9/site-packages/airflow/example_dags/example_latest_only.py
[2025-06-25T01:32:36.038+0200] {processor.py:836} INFO - DAG(s) dict_keys(['latest_only']) retrieved from /home/atef/.local/lib/python3.9/site-packages/airflow/example_dags/example_latest_only.py
[2025-06-25T01:32:36.122+0200] {logging_mixin.py:149} INFO - [2025-06-25T01:32:36.122+0200] {dag.py:2726} INFO - Sync 1 DAGs
[2025-06-25T01:32:36.192+0200] {logging_mixin.py:149} INFO - [2025-06-25T01:32:36.191+0200] {dag.py:3486} INFO - Setting next_dagrun for latest_only to 2025-06-24T19:32:36.190967+00:00, run_after=2025-06-24T23:32:36.190967+00:00
[2025-06-25T01:32:36.265+0200] {processor.py:179} INFO - Processing /home/atef/.local/lib/python3.9/site-packages/airflow/example_dags/example_latest_only.py took 0.281 seconds
[2025-06-25T01:34:42.909+0200] {processor.py:157} INFO - Started process (PID=182088) to work on /home/atef/.local/lib/python3.9/site-packages/airflow/example_dags/example_latest_only.py
[2025-06-25T01:34:42.915+0200] {processor.py:826} INFO - Processing file /home/atef/.local/lib/python3.9/site-packages/airflow/example_dags/example_latest_only.py for tasks to queue
[2025-06-25T01:34:42.917+0200] {logging_mixin.py:149} INFO - [2025-06-25T01:34:42.917+0200] {dagbag.py:541} INFO - Filling up the DagBag from /home/atef/.local/lib/python3.9/site-packages/airflow/example_dags/example_latest_only.py
[2025-06-25T01:34:42.959+0200] {processor.py:836} INFO - DAG(s) dict_keys(['latest_only']) retrieved from /home/atef/.local/lib/python3.9/site-packages/airflow/example_dags/example_latest_only.py
[2025-06-25T01:34:43.058+0200] {logging_mixin.py:149} INFO - [2025-06-25T01:34:43.057+0200] {dag.py:2726} INFO - Sync 1 DAGs
[2025-06-25T01:34:43.137+0200] {logging_mixin.py:149} INFO - [2025-06-25T01:34:43.137+0200] {dag.py:3486} INFO - Setting next_dagrun for latest_only to 2025-06-24T19:34:43.136033+00:00, run_after=2025-06-24T23:34:43.136033+00:00
[2025-06-25T01:34:43.219+0200] {processor.py:179} INFO - Processing /home/atef/.local/lib/python3.9/site-packages/airflow/example_dags/example_latest_only.py took 0.336 seconds
[2025-06-25T01:38:24.945+0200] {processor.py:157} INFO - Started process (PID=183499) to work on /home/atef/.local/lib/python3.9/site-packages/airflow/example_dags/example_latest_only.py
[2025-06-25T01:38:24.954+0200] {processor.py:826} INFO - Processing file /home/atef/.local/lib/python3.9/site-packages/airflow/example_dags/example_latest_only.py for tasks to queue
[2025-06-25T01:38:24.961+0200] {logging_mixin.py:149} INFO - [2025-06-25T01:38:24.961+0200] {dagbag.py:541} INFO - Filling up the DagBag from /home/atef/.local/lib/python3.9/site-packages/airflow/example_dags/example_latest_only.py
[2025-06-25T01:38:24.993+0200] {processor.py:836} INFO - DAG(s) dict_keys(['latest_only']) retrieved from /home/atef/.local/lib/python3.9/site-packages/airflow/example_dags/example_latest_only.py
[2025-06-25T01:38:25.062+0200] {logging_mixin.py:149} INFO - [2025-06-25T01:38:25.062+0200] {dag.py:2726} INFO - Sync 1 DAGs
[2025-06-25T01:38:25.096+0200] {logging_mixin.py:149} INFO - [2025-06-25T01:38:25.095+0200] {dag.py:3486} INFO - Setting next_dagrun for latest_only to 2025-06-24T19:38:25.095274+00:00, run_after=2025-06-24T23:38:25.095274+00:00
[2025-06-25T01:38:25.164+0200] {processor.py:179} INFO - Processing /home/atef/.local/lib/python3.9/site-packages/airflow/example_dags/example_latest_only.py took 0.232 seconds
[2025-06-25T01:39:35.638+0200] {processor.py:157} INFO - Started process (PID=183728) to work on /home/atef/.local/lib/python3.9/site-packages/airflow/example_dags/example_latest_only.py
[2025-06-25T01:39:35.645+0200] {processor.py:826} INFO - Processing file /home/atef/.local/lib/python3.9/site-packages/airflow/example_dags/example_latest_only.py for tasks to queue
[2025-06-25T01:39:35.649+0200] {logging_mixin.py:149} INFO - [2025-06-25T01:39:35.648+0200] {dagbag.py:541} INFO - Filling up the DagBag from /home/atef/.local/lib/python3.9/site-packages/airflow/example_dags/example_latest_only.py
[2025-06-25T01:39:35.688+0200] {processor.py:836} INFO - DAG(s) dict_keys(['latest_only']) retrieved from /home/atef/.local/lib/python3.9/site-packages/airflow/example_dags/example_latest_only.py
[2025-06-25T01:39:35.765+0200] {logging_mixin.py:149} INFO - [2025-06-25T01:39:35.765+0200] {dag.py:2726} INFO - Sync 1 DAGs
[2025-06-25T01:39:35.812+0200] {logging_mixin.py:149} INFO - [2025-06-25T01:39:35.812+0200] {dag.py:3486} INFO - Setting next_dagrun for latest_only to 2025-06-24T19:39:35.811042+00:00, run_after=2025-06-24T23:39:35.811042+00:00
[2025-06-25T01:39:35.874+0200] {processor.py:179} INFO - Processing /home/atef/.local/lib/python3.9/site-packages/airflow/example_dags/example_latest_only.py took 0.262 seconds
[2025-06-25T01:41:08.724+0200] {processor.py:157} INFO - Started process (PID=184025) to work on /home/atef/.local/lib/python3.9/site-packages/airflow/example_dags/example_latest_only.py
[2025-06-25T01:41:08.728+0200] {processor.py:826} INFO - Processing file /home/atef/.local/lib/python3.9/site-packages/airflow/example_dags/example_latest_only.py for tasks to queue
[2025-06-25T01:41:08.730+0200] {logging_mixin.py:149} INFO - [2025-06-25T01:41:08.730+0200] {dagbag.py:541} INFO - Filling up the DagBag from /home/atef/.local/lib/python3.9/site-packages/airflow/example_dags/example_latest_only.py
[2025-06-25T01:41:08.757+0200] {processor.py:836} INFO - DAG(s) dict_keys(['latest_only']) retrieved from /home/atef/.local/lib/python3.9/site-packages/airflow/example_dags/example_latest_only.py
[2025-06-25T01:41:08.829+0200] {logging_mixin.py:149} INFO - [2025-06-25T01:41:08.828+0200] {dag.py:2726} INFO - Sync 1 DAGs
[2025-06-25T01:41:08.883+0200] {logging_mixin.py:149} INFO - [2025-06-25T01:41:08.883+0200] {dag.py:3486} INFO - Setting next_dagrun for latest_only to 2025-06-24T19:41:08.882749+00:00, run_after=2025-06-24T23:41:08.882749+00:00
[2025-06-25T01:41:08.938+0200] {processor.py:179} INFO - Processing /home/atef/.local/lib/python3.9/site-packages/airflow/example_dags/example_latest_only.py took 0.227 seconds
[2025-06-25T01:45:57.007+0200] {processor.py:157} INFO - Started process (PID=187473) to work on /home/atef/.local/lib/python3.9/site-packages/airflow/example_dags/example_latest_only.py
[2025-06-25T01:45:57.014+0200] {processor.py:826} INFO - Processing file /home/atef/.local/lib/python3.9/site-packages/airflow/example_dags/example_latest_only.py for tasks to queue
[2025-06-25T01:45:57.018+0200] {logging_mixin.py:149} INFO - [2025-06-25T01:45:57.018+0200] {dagbag.py:541} INFO - Filling up the DagBag from /home/atef/.local/lib/python3.9/site-packages/airflow/example_dags/example_latest_only.py
[2025-06-25T01:45:57.053+0200] {processor.py:836} INFO - DAG(s) dict_keys(['latest_only']) retrieved from /home/atef/.local/lib/python3.9/site-packages/airflow/example_dags/example_latest_only.py
[2025-06-25T01:45:57.140+0200] {logging_mixin.py:149} INFO - [2025-06-25T01:45:57.139+0200] {dag.py:2726} INFO - Sync 1 DAGs
[2025-06-25T01:45:57.203+0200] {logging_mixin.py:149} INFO - [2025-06-25T01:45:57.203+0200] {dag.py:3486} INFO - Setting next_dagrun for latest_only to 2025-06-24T19:45:57.202019+00:00, run_after=2025-06-24T23:45:57.202019+00:00
[2025-06-25T01:45:57.250+0200] {processor.py:179} INFO - Processing /home/atef/.local/lib/python3.9/site-packages/airflow/example_dags/example_latest_only.py took 0.261 seconds
[2025-06-25T01:47:24.202+0200] {processor.py:157} INFO - Started process (PID=188304) to work on /home/atef/.local/lib/python3.9/site-packages/airflow/example_dags/example_latest_only.py
[2025-06-25T01:47:24.211+0200] {processor.py:826} INFO - Processing file /home/atef/.local/lib/python3.9/site-packages/airflow/example_dags/example_latest_only.py for tasks to queue
[2025-06-25T01:47:24.215+0200] {logging_mixin.py:149} INFO - [2025-06-25T01:47:24.214+0200] {dagbag.py:541} INFO - Filling up the DagBag from /home/atef/.local/lib/python3.9/site-packages/airflow/example_dags/example_latest_only.py
[2025-06-25T01:47:24.266+0200] {processor.py:836} INFO - DAG(s) dict_keys(['latest_only']) retrieved from /home/atef/.local/lib/python3.9/site-packages/airflow/example_dags/example_latest_only.py
[2025-06-25T01:47:24.432+0200] {logging_mixin.py:149} INFO - [2025-06-25T01:47:24.431+0200] {dag.py:2726} INFO - Sync 1 DAGs
[2025-06-25T01:47:24.547+0200] {logging_mixin.py:149} INFO - [2025-06-25T01:47:24.546+0200] {dag.py:3486} INFO - Setting next_dagrun for latest_only to 2025-06-24T19:47:24.544373+00:00, run_after=2025-06-24T23:47:24.544373+00:00
[2025-06-25T01:47:24.704+0200] {processor.py:179} INFO - Processing /home/atef/.local/lib/python3.9/site-packages/airflow/example_dags/example_latest_only.py took 0.534 seconds
[2025-06-25T01:49:36.105+0200] {processor.py:157} INFO - Started process (PID=189199) to work on /home/atef/.local/lib/python3.9/site-packages/airflow/example_dags/example_latest_only.py
[2025-06-25T01:49:36.111+0200] {processor.py:826} INFO - Processing file /home/atef/.local/lib/python3.9/site-packages/airflow/example_dags/example_latest_only.py for tasks to queue
[2025-06-25T01:49:36.114+0200] {logging_mixin.py:149} INFO - [2025-06-25T01:49:36.113+0200] {dagbag.py:541} INFO - Filling up the DagBag from /home/atef/.local/lib/python3.9/site-packages/airflow/example_dags/example_latest_only.py
[2025-06-25T01:49:36.142+0200] {processor.py:836} INFO - DAG(s) dict_keys(['latest_only']) retrieved from /home/atef/.local/lib/python3.9/site-packages/airflow/example_dags/example_latest_only.py
[2025-06-25T01:49:36.228+0200] {logging_mixin.py:149} INFO - [2025-06-25T01:49:36.227+0200] {dag.py:2726} INFO - Sync 1 DAGs
[2025-06-25T01:49:36.301+0200] {logging_mixin.py:149} INFO - [2025-06-25T01:49:36.301+0200] {dag.py:3486} INFO - Setting next_dagrun for latest_only to 2025-06-24T19:49:36.299816+00:00, run_after=2025-06-24T23:49:36.299816+00:00
[2025-06-25T01:49:36.375+0200] {processor.py:179} INFO - Processing /home/atef/.local/lib/python3.9/site-packages/airflow/example_dags/example_latest_only.py took 0.290 seconds
[2025-06-25T01:51:02.421+0200] {processor.py:157} INFO - Started process (PID=189616) to work on /home/atef/.local/lib/python3.9/site-packages/airflow/example_dags/example_latest_only.py
[2025-06-25T01:51:02.446+0200] {processor.py:826} INFO - Processing file /home/atef/.local/lib/python3.9/site-packages/airflow/example_dags/example_latest_only.py for tasks to queue
[2025-06-25T01:51:02.456+0200] {logging_mixin.py:149} INFO - [2025-06-25T01:51:02.455+0200] {dagbag.py:541} INFO - Filling up the DagBag from /home/atef/.local/lib/python3.9/site-packages/airflow/example_dags/example_latest_only.py
[2025-06-25T01:51:02.602+0200] {processor.py:836} INFO - DAG(s) dict_keys(['latest_only']) retrieved from /home/atef/.local/lib/python3.9/site-packages/airflow/example_dags/example_latest_only.py
[2025-06-25T01:51:02.903+0200] {logging_mixin.py:149} INFO - [2025-06-25T01:51:02.902+0200] {dag.py:2726} INFO - Sync 1 DAGs
[2025-06-25T01:51:03.165+0200] {logging_mixin.py:149} INFO - [2025-06-25T01:51:03.152+0200] {dag.py:3486} INFO - Setting next_dagrun for latest_only to 2025-06-24T19:51:03.151171+00:00, run_after=2025-06-24T23:51:03.151171+00:00
[2025-06-25T01:51:03.390+0200] {processor.py:179} INFO - Processing /home/atef/.local/lib/python3.9/site-packages/airflow/example_dags/example_latest_only.py took 1.034 seconds
[2025-06-25T01:52:48.818+0200] {processor.py:157} INFO - Started process (PID=190044) to work on /home/atef/.local/lib/python3.9/site-packages/airflow/example_dags/example_latest_only.py
[2025-06-25T01:52:48.825+0200] {processor.py:826} INFO - Processing file /home/atef/.local/lib/python3.9/site-packages/airflow/example_dags/example_latest_only.py for tasks to queue
[2025-06-25T01:52:48.829+0200] {logging_mixin.py:149} INFO - [2025-06-25T01:52:48.829+0200] {dagbag.py:541} INFO - Filling up the DagBag from /home/atef/.local/lib/python3.9/site-packages/airflow/example_dags/example_latest_only.py
[2025-06-25T01:52:48.857+0200] {processor.py:836} INFO - DAG(s) dict_keys(['latest_only']) retrieved from /home/atef/.local/lib/python3.9/site-packages/airflow/example_dags/example_latest_only.py
[2025-06-25T01:52:48.924+0200] {logging_mixin.py:149} INFO - [2025-06-25T01:52:48.924+0200] {dag.py:2726} INFO - Sync 1 DAGs
[2025-06-25T01:52:49.002+0200] {logging_mixin.py:149} INFO - [2025-06-25T01:52:49.002+0200] {dag.py:3486} INFO - Setting next_dagrun for latest_only to 2025-06-24T19:52:49.001511+00:00, run_after=2025-06-24T23:52:49.001511+00:00
[2025-06-25T01:52:49.059+0200] {processor.py:179} INFO - Processing /home/atef/.local/lib/python3.9/site-packages/airflow/example_dags/example_latest_only.py took 0.270 seconds
[2025-06-25T01:55:51.299+0200] {processor.py:157} INFO - Started process (PID=190986) to work on /home/atef/.local/lib/python3.9/site-packages/airflow/example_dags/example_latest_only.py
[2025-06-25T01:55:51.305+0200] {processor.py:826} INFO - Processing file /home/atef/.local/lib/python3.9/site-packages/airflow/example_dags/example_latest_only.py for tasks to queue
[2025-06-25T01:55:51.308+0200] {logging_mixin.py:149} INFO - [2025-06-25T01:55:51.307+0200] {dagbag.py:541} INFO - Filling up the DagBag from /home/atef/.local/lib/python3.9/site-packages/airflow/example_dags/example_latest_only.py
[2025-06-25T01:55:51.348+0200] {processor.py:836} INFO - DAG(s) dict_keys(['latest_only']) retrieved from /home/atef/.local/lib/python3.9/site-packages/airflow/example_dags/example_latest_only.py
[2025-06-25T01:55:51.455+0200] {logging_mixin.py:149} INFO - [2025-06-25T01:55:51.454+0200] {dag.py:2726} INFO - Sync 1 DAGs
[2025-06-25T01:55:51.519+0200] {logging_mixin.py:149} INFO - [2025-06-25T01:55:51.519+0200] {dag.py:3486} INFO - Setting next_dagrun for latest_only to 2025-06-24T19:55:51.518314+00:00, run_after=2025-06-24T23:55:51.518314+00:00
[2025-06-25T01:55:51.612+0200] {processor.py:179} INFO - Processing /home/atef/.local/lib/python3.9/site-packages/airflow/example_dags/example_latest_only.py took 0.329 seconds
[2025-06-25T01:57:10.006+0200] {processor.py:157} INFO - Started process (PID=191392) to work on /home/atef/.local/lib/python3.9/site-packages/airflow/example_dags/example_latest_only.py
[2025-06-25T01:57:10.018+0200] {processor.py:826} INFO - Processing file /home/atef/.local/lib/python3.9/site-packages/airflow/example_dags/example_latest_only.py for tasks to queue
[2025-06-25T01:57:10.022+0200] {logging_mixin.py:149} INFO - [2025-06-25T01:57:10.022+0200] {dagbag.py:541} INFO - Filling up the DagBag from /home/atef/.local/lib/python3.9/site-packages/airflow/example_dags/example_latest_only.py
[2025-06-25T01:57:10.105+0200] {processor.py:836} INFO - DAG(s) dict_keys(['latest_only']) retrieved from /home/atef/.local/lib/python3.9/site-packages/airflow/example_dags/example_latest_only.py
[2025-06-25T01:57:10.341+0200] {logging_mixin.py:149} INFO - [2025-06-25T01:57:10.339+0200] {dag.py:2726} INFO - Sync 1 DAGs
[2025-06-25T01:57:10.570+0200] {logging_mixin.py:149} INFO - [2025-06-25T01:57:10.561+0200] {dag.py:3486} INFO - Setting next_dagrun for latest_only to 2025-06-24T19:57:10.561142+00:00, run_after=2025-06-24T23:57:10.561142+00:00
[2025-06-25T01:57:10.892+0200] {processor.py:179} INFO - Processing /home/atef/.local/lib/python3.9/site-packages/airflow/example_dags/example_latest_only.py took 0.928 seconds
[2025-06-25T01:59:54.033+0200] {processor.py:157} INFO - Started process (PID=192976) to work on /home/atef/.local/lib/python3.9/site-packages/airflow/example_dags/example_latest_only.py
[2025-06-25T01:59:54.039+0200] {processor.py:826} INFO - Processing file /home/atef/.local/lib/python3.9/site-packages/airflow/example_dags/example_latest_only.py for tasks to queue
[2025-06-25T01:59:54.042+0200] {logging_mixin.py:149} INFO - [2025-06-25T01:59:54.041+0200] {dagbag.py:541} INFO - Filling up the DagBag from /home/atef/.local/lib/python3.9/site-packages/airflow/example_dags/example_latest_only.py
[2025-06-25T01:59:54.072+0200] {processor.py:836} INFO - DAG(s) dict_keys(['latest_only']) retrieved from /home/atef/.local/lib/python3.9/site-packages/airflow/example_dags/example_latest_only.py
[2025-06-25T01:59:54.152+0200] {logging_mixin.py:149} INFO - [2025-06-25T01:59:54.152+0200] {dag.py:2726} INFO - Sync 1 DAGs
[2025-06-25T01:59:54.219+0200] {logging_mixin.py:149} INFO - [2025-06-25T01:59:54.218+0200] {dag.py:3486} INFO - Setting next_dagrun for latest_only to 2025-06-24T19:59:54.217856+00:00, run_after=2025-06-24T23:59:54.217856+00:00
[2025-06-25T01:59:54.277+0200] {processor.py:179} INFO - Processing /home/atef/.local/lib/python3.9/site-packages/airflow/example_dags/example_latest_only.py took 0.268 seconds
