[2025-06-24T23:15:01.499+0200] {processor.py:157} INFO - Started process (PID=154799) to work on /home/atef/.local/lib/python3.9/site-packages/airflow/example_dags/example_python_operator.py
[2025-06-24T23:15:01.505+0200] {processor.py:826} INFO - Processing file /home/atef/.local/lib/python3.9/site-packages/airflow/example_dags/example_python_operator.py for tasks to queue
[2025-06-24T23:15:01.508+0200] {logging_mixin.py:149} INFO - [2025-06-24T23:15:01.508+0200] {dagbag.py:541} INFO - Filling up the DagBag from /home/atef/.local/lib/python3.9/site-packages/airflow/example_dags/example_python_operator.py
[2025-06-24T23:15:01.575+0200] {logging_mixin.py:149} INFO - [2025-06-24T23:15:01.574+0200] {taskmixin.py:211} WARNING - Dependency <Task(_PythonDecoratedOperator): print_the_context>, log_sql_query already registered for DAG: example_python_operator
[2025-06-24T23:15:01.577+0200] {logging_mixin.py:149} INFO - [2025-06-24T23:15:01.576+0200] {taskmixin.py:211} WARNING - Dependency <Task(_PythonDecoratedOperator): log_sql_query>, print_the_context already registered for DAG: example_python_operator
[2025-06-24T23:15:01.580+0200] {logging_mixin.py:149} INFO - [2025-06-24T23:15:01.579+0200] {taskmixin.py:211} WARNING - Dependency <Task(_PythonDecoratedOperator): print_the_context>, log_sql_query already registered for DAG: example_python_operator
[2025-06-24T23:15:01.582+0200] {logging_mixin.py:149} INFO - [2025-06-24T23:15:01.581+0200] {taskmixin.py:211} WARNING - Dependency <Task(_PythonDecoratedOperator): log_sql_query>, print_the_context already registered for DAG: example_python_operator
[2025-06-24T23:15:01.585+0200] {logging_mixin.py:149} INFO - [2025-06-24T23:15:01.585+0200] {taskmixin.py:211} WARNING - Dependency <Task(_PythonDecoratedOperator): print_the_context>, log_sql_query already registered for DAG: example_python_operator
[2025-06-24T23:15:01.587+0200] {logging_mixin.py:149} INFO - [2025-06-24T23:15:01.587+0200] {taskmixin.py:211} WARNING - Dependency <Task(_PythonDecoratedOperator): log_sql_query>, print_the_context already registered for DAG: example_python_operator
[2025-06-24T23:15:01.592+0200] {logging_mixin.py:149} INFO - [2025-06-24T23:15:01.591+0200] {taskmixin.py:211} WARNING - Dependency <Task(_PythonDecoratedOperator): print_the_context>, log_sql_query already registered for DAG: example_python_operator
[2025-06-24T23:15:01.594+0200] {logging_mixin.py:149} INFO - [2025-06-24T23:15:01.593+0200] {taskmixin.py:211} WARNING - Dependency <Task(_PythonDecoratedOperator): log_sql_query>, print_the_context already registered for DAG: example_python_operator
[2025-06-24T23:15:01.596+0200] {logging_mixin.py:149} INFO - [2025-06-24T23:15:01.595+0200] {example_python_operator.py:90} WARNING - The virtalenv_python example task requires virtualenv, please install it.
[2025-06-24T23:15:01.599+0200] {processor.py:836} INFO - DAG(s) dict_keys(['example_python_operator']) retrieved from /home/atef/.local/lib/python3.9/site-packages/airflow/example_dags/example_python_operator.py
[2025-06-24T23:15:01.757+0200] {logging_mixin.py:149} INFO - [2025-06-24T23:15:01.756+0200] {dag.py:2726} INFO - Sync 1 DAGs
[2025-06-24T23:15:01.856+0200] {logging_mixin.py:149} INFO - [2025-06-24T23:15:01.855+0200] {dag.py:3486} INFO - Setting next_dagrun for example_python_operator to None, run_after=None
[2025-06-24T23:15:01.944+0200] {processor.py:179} INFO - Processing /home/atef/.local/lib/python3.9/site-packages/airflow/example_dags/example_python_operator.py took 0.471 seconds
[2025-06-24T23:16:32.620+0200] {processor.py:157} INFO - Started process (PID=155121) to work on /home/atef/.local/lib/python3.9/site-packages/airflow/example_dags/example_python_operator.py
[2025-06-24T23:16:32.645+0200] {processor.py:826} INFO - Processing file /home/atef/.local/lib/python3.9/site-packages/airflow/example_dags/example_python_operator.py for tasks to queue
[2025-06-24T23:16:32.661+0200] {logging_mixin.py:149} INFO - [2025-06-24T23:16:32.654+0200] {dagbag.py:541} INFO - Filling up the DagBag from /home/atef/.local/lib/python3.9/site-packages/airflow/example_dags/example_python_operator.py
[2025-06-24T23:16:32.752+0200] {logging_mixin.py:149} INFO - [2025-06-24T23:16:32.751+0200] {taskmixin.py:211} WARNING - Dependency <Task(_PythonDecoratedOperator): print_the_context>, log_sql_query already registered for DAG: example_python_operator
[2025-06-24T23:16:32.756+0200] {logging_mixin.py:149} INFO - [2025-06-24T23:16:32.755+0200] {taskmixin.py:211} WARNING - Dependency <Task(_PythonDecoratedOperator): log_sql_query>, print_the_context already registered for DAG: example_python_operator
[2025-06-24T23:16:32.757+0200] {logging_mixin.py:149} INFO - [2025-06-24T23:16:32.757+0200] {taskmixin.py:211} WARNING - Dependency <Task(_PythonDecoratedOperator): print_the_context>, log_sql_query already registered for DAG: example_python_operator
[2025-06-24T23:16:32.761+0200] {logging_mixin.py:149} INFO - [2025-06-24T23:16:32.760+0200] {taskmixin.py:211} WARNING - Dependency <Task(_PythonDecoratedOperator): log_sql_query>, print_the_context already registered for DAG: example_python_operator
[2025-06-24T23:16:32.763+0200] {logging_mixin.py:149} INFO - [2025-06-24T23:16:32.762+0200] {taskmixin.py:211} WARNING - Dependency <Task(_PythonDecoratedOperator): print_the_context>, log_sql_query already registered for DAG: example_python_operator
[2025-06-24T23:16:32.765+0200] {logging_mixin.py:149} INFO - [2025-06-24T23:16:32.765+0200] {taskmixin.py:211} WARNING - Dependency <Task(_PythonDecoratedOperator): log_sql_query>, print_the_context already registered for DAG: example_python_operator
[2025-06-24T23:16:32.767+0200] {logging_mixin.py:149} INFO - [2025-06-24T23:16:32.766+0200] {taskmixin.py:211} WARNING - Dependency <Task(_PythonDecoratedOperator): print_the_context>, log_sql_query already registered for DAG: example_python_operator
[2025-06-24T23:16:32.770+0200] {logging_mixin.py:149} INFO - [2025-06-24T23:16:32.770+0200] {taskmixin.py:211} WARNING - Dependency <Task(_PythonDecoratedOperator): log_sql_query>, print_the_context already registered for DAG: example_python_operator
[2025-06-24T23:16:32.771+0200] {logging_mixin.py:149} INFO - [2025-06-24T23:16:32.771+0200] {example_python_operator.py:90} WARNING - The virtalenv_python example task requires virtualenv, please install it.
[2025-06-24T23:16:32.773+0200] {processor.py:836} INFO - DAG(s) dict_keys(['example_python_operator']) retrieved from /home/atef/.local/lib/python3.9/site-packages/airflow/example_dags/example_python_operator.py
[2025-06-24T23:16:32.931+0200] {logging_mixin.py:149} INFO - [2025-06-24T23:16:32.930+0200] {dag.py:2726} INFO - Sync 1 DAGs
[2025-06-24T23:16:33.159+0200] {logging_mixin.py:149} INFO - [2025-06-24T23:16:33.159+0200] {dag.py:3486} INFO - Setting next_dagrun for example_python_operator to None, run_after=None
[2025-06-24T23:16:33.227+0200] {processor.py:179} INFO - Processing /home/atef/.local/lib/python3.9/site-packages/airflow/example_dags/example_python_operator.py took 0.653 seconds
[2025-06-24T23:17:33.920+0200] {processor.py:157} INFO - Started process (PID=155269) to work on /home/atef/.local/lib/python3.9/site-packages/airflow/example_dags/example_python_operator.py
[2025-06-24T23:17:33.932+0200] {processor.py:826} INFO - Processing file /home/atef/.local/lib/python3.9/site-packages/airflow/example_dags/example_python_operator.py for tasks to queue
[2025-06-24T23:17:33.937+0200] {logging_mixin.py:149} INFO - [2025-06-24T23:17:33.936+0200] {dagbag.py:541} INFO - Filling up the DagBag from /home/atef/.local/lib/python3.9/site-packages/airflow/example_dags/example_python_operator.py
[2025-06-24T23:17:33.992+0200] {logging_mixin.py:149} INFO - [2025-06-24T23:17:33.991+0200] {taskmixin.py:211} WARNING - Dependency <Task(_PythonDecoratedOperator): print_the_context>, log_sql_query already registered for DAG: example_python_operator
[2025-06-24T23:17:33.993+0200] {logging_mixin.py:149} INFO - [2025-06-24T23:17:33.993+0200] {taskmixin.py:211} WARNING - Dependency <Task(_PythonDecoratedOperator): log_sql_query>, print_the_context already registered for DAG: example_python_operator
[2025-06-24T23:17:33.995+0200] {logging_mixin.py:149} INFO - [2025-06-24T23:17:33.995+0200] {taskmixin.py:211} WARNING - Dependency <Task(_PythonDecoratedOperator): print_the_context>, log_sql_query already registered for DAG: example_python_operator
[2025-06-24T23:17:33.997+0200] {logging_mixin.py:149} INFO - [2025-06-24T23:17:33.997+0200] {taskmixin.py:211} WARNING - Dependency <Task(_PythonDecoratedOperator): log_sql_query>, print_the_context already registered for DAG: example_python_operator
[2025-06-24T23:17:34.000+0200] {logging_mixin.py:149} INFO - [2025-06-24T23:17:33.999+0200] {taskmixin.py:211} WARNING - Dependency <Task(_PythonDecoratedOperator): print_the_context>, log_sql_query already registered for DAG: example_python_operator
[2025-06-24T23:17:34.001+0200] {logging_mixin.py:149} INFO - [2025-06-24T23:17:34.001+0200] {taskmixin.py:211} WARNING - Dependency <Task(_PythonDecoratedOperator): log_sql_query>, print_the_context already registered for DAG: example_python_operator
[2025-06-24T23:17:34.004+0200] {logging_mixin.py:149} INFO - [2025-06-24T23:17:34.003+0200] {taskmixin.py:211} WARNING - Dependency <Task(_PythonDecoratedOperator): print_the_context>, log_sql_query already registered for DAG: example_python_operator
[2025-06-24T23:17:34.005+0200] {logging_mixin.py:149} INFO - [2025-06-24T23:17:34.005+0200] {taskmixin.py:211} WARNING - Dependency <Task(_PythonDecoratedOperator): log_sql_query>, print_the_context already registered for DAG: example_python_operator
[2025-06-24T23:17:34.007+0200] {logging_mixin.py:149} INFO - [2025-06-24T23:17:34.007+0200] {example_python_operator.py:90} WARNING - The virtalenv_python example task requires virtualenv, please install it.
[2025-06-24T23:17:34.013+0200] {processor.py:836} INFO - DAG(s) dict_keys(['example_python_operator']) retrieved from /home/atef/.local/lib/python3.9/site-packages/airflow/example_dags/example_python_operator.py
[2025-06-24T23:17:34.208+0200] {logging_mixin.py:149} INFO - [2025-06-24T23:17:34.208+0200] {dag.py:2726} INFO - Sync 1 DAGs
[2025-06-24T23:17:34.328+0200] {logging_mixin.py:149} INFO - [2025-06-24T23:17:34.328+0200] {dag.py:3486} INFO - Setting next_dagrun for example_python_operator to None, run_after=None
[2025-06-24T23:17:34.419+0200] {processor.py:179} INFO - Processing /home/atef/.local/lib/python3.9/site-packages/airflow/example_dags/example_python_operator.py took 0.529 seconds
[2025-06-25T01:11:34.623+0200] {processor.py:157} INFO - Started process (PID=173085) to work on /home/atef/.local/lib/python3.9/site-packages/airflow/example_dags/example_python_operator.py
[2025-06-25T01:11:34.729+0200] {processor.py:826} INFO - Processing file /home/atef/.local/lib/python3.9/site-packages/airflow/example_dags/example_python_operator.py for tasks to queue
[2025-06-25T01:11:34.785+0200] {logging_mixin.py:149} INFO - [2025-06-25T01:11:34.784+0200] {dagbag.py:541} INFO - Filling up the DagBag from /home/atef/.local/lib/python3.9/site-packages/airflow/example_dags/example_python_operator.py
[2025-06-25T01:11:34.907+0200] {logging_mixin.py:149} INFO - [2025-06-25T01:11:34.904+0200] {taskmixin.py:211} WARNING - Dependency <Task(_PythonDecoratedOperator): print_the_context>, log_sql_query already registered for DAG: example_python_operator
[2025-06-25T01:11:34.909+0200] {logging_mixin.py:149} INFO - [2025-06-25T01:11:34.908+0200] {taskmixin.py:211} WARNING - Dependency <Task(_PythonDecoratedOperator): log_sql_query>, print_the_context already registered for DAG: example_python_operator
[2025-06-25T01:11:34.915+0200] {logging_mixin.py:149} INFO - [2025-06-25T01:11:34.913+0200] {taskmixin.py:211} WARNING - Dependency <Task(_PythonDecoratedOperator): print_the_context>, log_sql_query already registered for DAG: example_python_operator
[2025-06-25T01:11:34.916+0200] {logging_mixin.py:149} INFO - [2025-06-25T01:11:34.916+0200] {taskmixin.py:211} WARNING - Dependency <Task(_PythonDecoratedOperator): log_sql_query>, print_the_context already registered for DAG: example_python_operator
[2025-06-25T01:11:34.924+0200] {logging_mixin.py:149} INFO - [2025-06-25T01:11:34.922+0200] {taskmixin.py:211} WARNING - Dependency <Task(_PythonDecoratedOperator): print_the_context>, log_sql_query already registered for DAG: example_python_operator
[2025-06-25T01:11:34.925+0200] {logging_mixin.py:149} INFO - [2025-06-25T01:11:34.925+0200] {taskmixin.py:211} WARNING - Dependency <Task(_PythonDecoratedOperator): log_sql_query>, print_the_context already registered for DAG: example_python_operator
[2025-06-25T01:11:34.947+0200] {logging_mixin.py:149} INFO - [2025-06-25T01:11:34.947+0200] {taskmixin.py:211} WARNING - Dependency <Task(_PythonDecoratedOperator): print_the_context>, log_sql_query already registered for DAG: example_python_operator
[2025-06-25T01:11:34.948+0200] {logging_mixin.py:149} INFO - [2025-06-25T01:11:34.948+0200] {taskmixin.py:211} WARNING - Dependency <Task(_PythonDecoratedOperator): log_sql_query>, print_the_context already registered for DAG: example_python_operator
[2025-06-25T01:11:34.968+0200] {logging_mixin.py:149} INFO - [2025-06-25T01:11:34.967+0200] {example_python_operator.py:90} WARNING - The virtalenv_python example task requires virtualenv, please install it.
[2025-06-25T01:11:34.978+0200] {processor.py:836} INFO - DAG(s) dict_keys(['example_python_operator']) retrieved from /home/atef/.local/lib/python3.9/site-packages/airflow/example_dags/example_python_operator.py
[2025-06-25T01:11:35.358+0200] {logging_mixin.py:149} INFO - [2025-06-25T01:11:35.358+0200] {dag.py:2726} INFO - Sync 1 DAGs
[2025-06-25T01:11:35.498+0200] {logging_mixin.py:149} INFO - [2025-06-25T01:11:35.498+0200] {dag.py:3486} INFO - Setting next_dagrun for example_python_operator to None, run_after=None
[2025-06-25T01:11:35.588+0200] {processor.py:179} INFO - Processing /home/atef/.local/lib/python3.9/site-packages/airflow/example_dags/example_python_operator.py took 1.015 seconds
[2025-06-25T01:17:53.576+0200] {processor.py:157} INFO - Started process (PID=174877) to work on /home/atef/.local/lib/python3.9/site-packages/airflow/example_dags/example_python_operator.py
[2025-06-25T01:17:53.581+0200] {processor.py:826} INFO - Processing file /home/atef/.local/lib/python3.9/site-packages/airflow/example_dags/example_python_operator.py for tasks to queue
[2025-06-25T01:17:53.583+0200] {logging_mixin.py:149} INFO - [2025-06-25T01:17:53.583+0200] {dagbag.py:541} INFO - Filling up the DagBag from /home/atef/.local/lib/python3.9/site-packages/airflow/example_dags/example_python_operator.py
[2025-06-25T01:17:53.614+0200] {logging_mixin.py:149} INFO - [2025-06-25T01:17:53.613+0200] {taskmixin.py:211} WARNING - Dependency <Task(_PythonDecoratedOperator): print_the_context>, log_sql_query already registered for DAG: example_python_operator
[2025-06-25T01:17:53.615+0200] {logging_mixin.py:149} INFO - [2025-06-25T01:17:53.615+0200] {taskmixin.py:211} WARNING - Dependency <Task(_PythonDecoratedOperator): log_sql_query>, print_the_context already registered for DAG: example_python_operator
[2025-06-25T01:17:53.618+0200] {logging_mixin.py:149} INFO - [2025-06-25T01:17:53.617+0200] {taskmixin.py:211} WARNING - Dependency <Task(_PythonDecoratedOperator): print_the_context>, log_sql_query already registered for DAG: example_python_operator
[2025-06-25T01:17:53.619+0200] {logging_mixin.py:149} INFO - [2025-06-25T01:17:53.619+0200] {taskmixin.py:211} WARNING - Dependency <Task(_PythonDecoratedOperator): log_sql_query>, print_the_context already registered for DAG: example_python_operator
[2025-06-25T01:17:53.622+0200] {logging_mixin.py:149} INFO - [2025-06-25T01:17:53.622+0200] {taskmixin.py:211} WARNING - Dependency <Task(_PythonDecoratedOperator): print_the_context>, log_sql_query already registered for DAG: example_python_operator
[2025-06-25T01:17:53.623+0200] {logging_mixin.py:149} INFO - [2025-06-25T01:17:53.623+0200] {taskmixin.py:211} WARNING - Dependency <Task(_PythonDecoratedOperator): log_sql_query>, print_the_context already registered for DAG: example_python_operator
[2025-06-25T01:17:53.627+0200] {logging_mixin.py:149} INFO - [2025-06-25T01:17:53.626+0200] {taskmixin.py:211} WARNING - Dependency <Task(_PythonDecoratedOperator): print_the_context>, log_sql_query already registered for DAG: example_python_operator
[2025-06-25T01:17:53.628+0200] {logging_mixin.py:149} INFO - [2025-06-25T01:17:53.628+0200] {taskmixin.py:211} WARNING - Dependency <Task(_PythonDecoratedOperator): log_sql_query>, print_the_context already registered for DAG: example_python_operator
[2025-06-25T01:17:53.630+0200] {logging_mixin.py:149} INFO - [2025-06-25T01:17:53.630+0200] {example_python_operator.py:90} WARNING - The virtalenv_python example task requires virtualenv, please install it.
[2025-06-25T01:17:53.632+0200] {processor.py:836} INFO - DAG(s) dict_keys(['example_python_operator']) retrieved from /home/atef/.local/lib/python3.9/site-packages/airflow/example_dags/example_python_operator.py
[2025-06-25T01:17:53.771+0200] {logging_mixin.py:149} INFO - [2025-06-25T01:17:53.768+0200] {dag.py:2726} INFO - Sync 1 DAGs
[2025-06-25T01:17:53.858+0200] {logging_mixin.py:149} INFO - [2025-06-25T01:17:53.857+0200] {dag.py:3486} INFO - Setting next_dagrun for example_python_operator to None, run_after=None
[2025-06-25T01:17:53.930+0200] {processor.py:179} INFO - Processing /home/atef/.local/lib/python3.9/site-packages/airflow/example_dags/example_python_operator.py took 0.367 seconds
[2025-06-25T01:19:36.797+0200] {processor.py:157} INFO - Started process (PID=175704) to work on /home/atef/.local/lib/python3.9/site-packages/airflow/example_dags/example_python_operator.py
[2025-06-25T01:19:36.804+0200] {processor.py:826} INFO - Processing file /home/atef/.local/lib/python3.9/site-packages/airflow/example_dags/example_python_operator.py for tasks to queue
[2025-06-25T01:19:36.807+0200] {logging_mixin.py:149} INFO - [2025-06-25T01:19:36.807+0200] {dagbag.py:541} INFO - Filling up the DagBag from /home/atef/.local/lib/python3.9/site-packages/airflow/example_dags/example_python_operator.py
[2025-06-25T01:19:36.839+0200] {logging_mixin.py:149} INFO - [2025-06-25T01:19:36.839+0200] {taskmixin.py:211} WARNING - Dependency <Task(_PythonDecoratedOperator): print_the_context>, log_sql_query already registered for DAG: example_python_operator
[2025-06-25T01:19:36.841+0200] {logging_mixin.py:149} INFO - [2025-06-25T01:19:36.841+0200] {taskmixin.py:211} WARNING - Dependency <Task(_PythonDecoratedOperator): log_sql_query>, print_the_context already registered for DAG: example_python_operator
[2025-06-25T01:19:36.842+0200] {logging_mixin.py:149} INFO - [2025-06-25T01:19:36.842+0200] {taskmixin.py:211} WARNING - Dependency <Task(_PythonDecoratedOperator): print_the_context>, log_sql_query already registered for DAG: example_python_operator
[2025-06-25T01:19:36.843+0200] {logging_mixin.py:149} INFO - [2025-06-25T01:19:36.843+0200] {taskmixin.py:211} WARNING - Dependency <Task(_PythonDecoratedOperator): log_sql_query>, print_the_context already registered for DAG: example_python_operator
[2025-06-25T01:19:36.844+0200] {logging_mixin.py:149} INFO - [2025-06-25T01:19:36.844+0200] {taskmixin.py:211} WARNING - Dependency <Task(_PythonDecoratedOperator): print_the_context>, log_sql_query already registered for DAG: example_python_operator
[2025-06-25T01:19:36.845+0200] {logging_mixin.py:149} INFO - [2025-06-25T01:19:36.844+0200] {taskmixin.py:211} WARNING - Dependency <Task(_PythonDecoratedOperator): log_sql_query>, print_the_context already registered for DAG: example_python_operator
[2025-06-25T01:19:36.846+0200] {logging_mixin.py:149} INFO - [2025-06-25T01:19:36.845+0200] {taskmixin.py:211} WARNING - Dependency <Task(_PythonDecoratedOperator): print_the_context>, log_sql_query already registered for DAG: example_python_operator
[2025-06-25T01:19:36.846+0200] {logging_mixin.py:149} INFO - [2025-06-25T01:19:36.846+0200] {taskmixin.py:211} WARNING - Dependency <Task(_PythonDecoratedOperator): log_sql_query>, print_the_context already registered for DAG: example_python_operator
[2025-06-25T01:19:36.847+0200] {logging_mixin.py:149} INFO - [2025-06-25T01:19:36.847+0200] {example_python_operator.py:90} WARNING - The virtalenv_python example task requires virtualenv, please install it.
[2025-06-25T01:19:36.849+0200] {processor.py:836} INFO - DAG(s) dict_keys(['example_python_operator']) retrieved from /home/atef/.local/lib/python3.9/site-packages/airflow/example_dags/example_python_operator.py
[2025-06-25T01:19:36.924+0200] {logging_mixin.py:149} INFO - [2025-06-25T01:19:36.923+0200] {dag.py:2726} INFO - Sync 1 DAGs
[2025-06-25T01:19:36.971+0200] {logging_mixin.py:149} INFO - [2025-06-25T01:19:36.971+0200] {dag.py:3486} INFO - Setting next_dagrun for example_python_operator to None, run_after=None
[2025-06-25T01:19:37.026+0200] {processor.py:179} INFO - Processing /home/atef/.local/lib/python3.9/site-packages/airflow/example_dags/example_python_operator.py took 0.250 seconds
[2025-06-25T01:21:21.680+0200] {processor.py:157} INFO - Started process (PID=176720) to work on /home/atef/.local/lib/python3.9/site-packages/airflow/example_dags/example_python_operator.py
[2025-06-25T01:21:21.684+0200] {processor.py:826} INFO - Processing file /home/atef/.local/lib/python3.9/site-packages/airflow/example_dags/example_python_operator.py for tasks to queue
[2025-06-25T01:21:21.686+0200] {logging_mixin.py:149} INFO - [2025-06-25T01:21:21.686+0200] {dagbag.py:541} INFO - Filling up the DagBag from /home/atef/.local/lib/python3.9/site-packages/airflow/example_dags/example_python_operator.py
[2025-06-25T01:21:21.707+0200] {logging_mixin.py:149} INFO - [2025-06-25T01:21:21.707+0200] {taskmixin.py:211} WARNING - Dependency <Task(_PythonDecoratedOperator): print_the_context>, log_sql_query already registered for DAG: example_python_operator
[2025-06-25T01:21:21.712+0200] {logging_mixin.py:149} INFO - [2025-06-25T01:21:21.712+0200] {taskmixin.py:211} WARNING - Dependency <Task(_PythonDecoratedOperator): log_sql_query>, print_the_context already registered for DAG: example_python_operator
[2025-06-25T01:21:21.713+0200] {logging_mixin.py:149} INFO - [2025-06-25T01:21:21.713+0200] {taskmixin.py:211} WARNING - Dependency <Task(_PythonDecoratedOperator): print_the_context>, log_sql_query already registered for DAG: example_python_operator
[2025-06-25T01:21:21.714+0200] {logging_mixin.py:149} INFO - [2025-06-25T01:21:21.714+0200] {taskmixin.py:211} WARNING - Dependency <Task(_PythonDecoratedOperator): log_sql_query>, print_the_context already registered for DAG: example_python_operator
[2025-06-25T01:21:21.717+0200] {logging_mixin.py:149} INFO - [2025-06-25T01:21:21.716+0200] {taskmixin.py:211} WARNING - Dependency <Task(_PythonDecoratedOperator): print_the_context>, log_sql_query already registered for DAG: example_python_operator
[2025-06-25T01:21:21.718+0200] {logging_mixin.py:149} INFO - [2025-06-25T01:21:21.718+0200] {taskmixin.py:211} WARNING - Dependency <Task(_PythonDecoratedOperator): log_sql_query>, print_the_context already registered for DAG: example_python_operator
[2025-06-25T01:21:21.721+0200] {logging_mixin.py:149} INFO - [2025-06-25T01:21:21.720+0200] {taskmixin.py:211} WARNING - Dependency <Task(_PythonDecoratedOperator): print_the_context>, log_sql_query already registered for DAG: example_python_operator
[2025-06-25T01:21:21.721+0200] {logging_mixin.py:149} INFO - [2025-06-25T01:21:21.721+0200] {taskmixin.py:211} WARNING - Dependency <Task(_PythonDecoratedOperator): log_sql_query>, print_the_context already registered for DAG: example_python_operator
[2025-06-25T01:21:21.723+0200] {logging_mixin.py:149} INFO - [2025-06-25T01:21:21.723+0200] {example_python_operator.py:90} WARNING - The virtalenv_python example task requires virtualenv, please install it.
[2025-06-25T01:21:21.725+0200] {processor.py:836} INFO - DAG(s) dict_keys(['example_python_operator']) retrieved from /home/atef/.local/lib/python3.9/site-packages/airflow/example_dags/example_python_operator.py
[2025-06-25T01:21:21.956+0200] {logging_mixin.py:149} INFO - [2025-06-25T01:21:21.956+0200] {dag.py:2726} INFO - Sync 1 DAGs
[2025-06-25T01:21:22.019+0200] {logging_mixin.py:149} INFO - [2025-06-25T01:21:22.019+0200] {dag.py:3486} INFO - Setting next_dagrun for example_python_operator to None, run_after=None
[2025-06-25T01:21:22.102+0200] {processor.py:179} INFO - Processing /home/atef/.local/lib/python3.9/site-packages/airflow/example_dags/example_python_operator.py took 0.434 seconds
[2025-06-25T01:22:39.975+0200] {processor.py:157} INFO - Started process (PID=177072) to work on /home/atef/.local/lib/python3.9/site-packages/airflow/example_dags/example_python_operator.py
[2025-06-25T01:22:39.981+0200] {processor.py:826} INFO - Processing file /home/atef/.local/lib/python3.9/site-packages/airflow/example_dags/example_python_operator.py for tasks to queue
[2025-06-25T01:22:39.984+0200] {logging_mixin.py:149} INFO - [2025-06-25T01:22:39.984+0200] {dagbag.py:541} INFO - Filling up the DagBag from /home/atef/.local/lib/python3.9/site-packages/airflow/example_dags/example_python_operator.py
[2025-06-25T01:22:40.008+0200] {logging_mixin.py:149} INFO - [2025-06-25T01:22:40.007+0200] {taskmixin.py:211} WARNING - Dependency <Task(_PythonDecoratedOperator): print_the_context>, log_sql_query already registered for DAG: example_python_operator
[2025-06-25T01:22:40.008+0200] {logging_mixin.py:149} INFO - [2025-06-25T01:22:40.008+0200] {taskmixin.py:211} WARNING - Dependency <Task(_PythonDecoratedOperator): log_sql_query>, print_the_context already registered for DAG: example_python_operator
[2025-06-25T01:22:40.010+0200] {logging_mixin.py:149} INFO - [2025-06-25T01:22:40.009+0200] {taskmixin.py:211} WARNING - Dependency <Task(_PythonDecoratedOperator): print_the_context>, log_sql_query already registered for DAG: example_python_operator
[2025-06-25T01:22:40.010+0200] {logging_mixin.py:149} INFO - [2025-06-25T01:22:40.010+0200] {taskmixin.py:211} WARNING - Dependency <Task(_PythonDecoratedOperator): log_sql_query>, print_the_context already registered for DAG: example_python_operator
[2025-06-25T01:22:40.012+0200] {logging_mixin.py:149} INFO - [2025-06-25T01:22:40.011+0200] {taskmixin.py:211} WARNING - Dependency <Task(_PythonDecoratedOperator): print_the_context>, log_sql_query already registered for DAG: example_python_operator
[2025-06-25T01:22:40.013+0200] {logging_mixin.py:149} INFO - [2025-06-25T01:22:40.013+0200] {taskmixin.py:211} WARNING - Dependency <Task(_PythonDecoratedOperator): log_sql_query>, print_the_context already registered for DAG: example_python_operator
[2025-06-25T01:22:40.014+0200] {logging_mixin.py:149} INFO - [2025-06-25T01:22:40.014+0200] {taskmixin.py:211} WARNING - Dependency <Task(_PythonDecoratedOperator): print_the_context>, log_sql_query already registered for DAG: example_python_operator
[2025-06-25T01:22:40.015+0200] {logging_mixin.py:149} INFO - [2025-06-25T01:22:40.015+0200] {taskmixin.py:211} WARNING - Dependency <Task(_PythonDecoratedOperator): log_sql_query>, print_the_context already registered for DAG: example_python_operator
[2025-06-25T01:22:40.016+0200] {logging_mixin.py:149} INFO - [2025-06-25T01:22:40.016+0200] {example_python_operator.py:90} WARNING - The virtalenv_python example task requires virtualenv, please install it.
[2025-06-25T01:22:40.018+0200] {processor.py:836} INFO - DAG(s) dict_keys(['example_python_operator']) retrieved from /home/atef/.local/lib/python3.9/site-packages/airflow/example_dags/example_python_operator.py
[2025-06-25T01:22:40.124+0200] {logging_mixin.py:149} INFO - [2025-06-25T01:22:40.124+0200] {dag.py:2726} INFO - Sync 1 DAGs
[2025-06-25T01:22:40.198+0200] {logging_mixin.py:149} INFO - [2025-06-25T01:22:40.197+0200] {dag.py:3486} INFO - Setting next_dagrun for example_python_operator to None, run_after=None
[2025-06-25T01:22:40.245+0200] {processor.py:179} INFO - Processing /home/atef/.local/lib/python3.9/site-packages/airflow/example_dags/example_python_operator.py took 0.288 seconds
[2025-06-25T01:24:24.097+0200] {processor.py:157} INFO - Started process (PID=177891) to work on /home/atef/.local/lib/python3.9/site-packages/airflow/example_dags/example_python_operator.py
[2025-06-25T01:24:24.101+0200] {processor.py:826} INFO - Processing file /home/atef/.local/lib/python3.9/site-packages/airflow/example_dags/example_python_operator.py for tasks to queue
[2025-06-25T01:24:24.103+0200] {logging_mixin.py:149} INFO - [2025-06-25T01:24:24.103+0200] {dagbag.py:541} INFO - Filling up the DagBag from /home/atef/.local/lib/python3.9/site-packages/airflow/example_dags/example_python_operator.py
[2025-06-25T01:24:24.125+0200] {logging_mixin.py:149} INFO - [2025-06-25T01:24:24.125+0200] {taskmixin.py:211} WARNING - Dependency <Task(_PythonDecoratedOperator): print_the_context>, log_sql_query already registered for DAG: example_python_operator
[2025-06-25T01:24:24.126+0200] {logging_mixin.py:149} INFO - [2025-06-25T01:24:24.126+0200] {taskmixin.py:211} WARNING - Dependency <Task(_PythonDecoratedOperator): log_sql_query>, print_the_context already registered for DAG: example_python_operator
[2025-06-25T01:24:24.127+0200] {logging_mixin.py:149} INFO - [2025-06-25T01:24:24.127+0200] {taskmixin.py:211} WARNING - Dependency <Task(_PythonDecoratedOperator): print_the_context>, log_sql_query already registered for DAG: example_python_operator
[2025-06-25T01:24:24.127+0200] {logging_mixin.py:149} INFO - [2025-06-25T01:24:24.127+0200] {taskmixin.py:211} WARNING - Dependency <Task(_PythonDecoratedOperator): log_sql_query>, print_the_context already registered for DAG: example_python_operator
[2025-06-25T01:24:24.130+0200] {logging_mixin.py:149} INFO - [2025-06-25T01:24:24.130+0200] {taskmixin.py:211} WARNING - Dependency <Task(_PythonDecoratedOperator): print_the_context>, log_sql_query already registered for DAG: example_python_operator
[2025-06-25T01:24:24.131+0200] {logging_mixin.py:149} INFO - [2025-06-25T01:24:24.131+0200] {taskmixin.py:211} WARNING - Dependency <Task(_PythonDecoratedOperator): log_sql_query>, print_the_context already registered for DAG: example_python_operator
[2025-06-25T01:24:24.132+0200] {logging_mixin.py:149} INFO - [2025-06-25T01:24:24.132+0200] {taskmixin.py:211} WARNING - Dependency <Task(_PythonDecoratedOperator): print_the_context>, log_sql_query already registered for DAG: example_python_operator
[2025-06-25T01:24:24.133+0200] {logging_mixin.py:149} INFO - [2025-06-25T01:24:24.133+0200] {taskmixin.py:211} WARNING - Dependency <Task(_PythonDecoratedOperator): log_sql_query>, print_the_context already registered for DAG: example_python_operator
[2025-06-25T01:24:24.134+0200] {logging_mixin.py:149} INFO - [2025-06-25T01:24:24.134+0200] {example_python_operator.py:90} WARNING - The virtalenv_python example task requires virtualenv, please install it.
[2025-06-25T01:24:24.135+0200] {processor.py:836} INFO - DAG(s) dict_keys(['example_python_operator']) retrieved from /home/atef/.local/lib/python3.9/site-packages/airflow/example_dags/example_python_operator.py
[2025-06-25T01:24:24.206+0200] {logging_mixin.py:149} INFO - [2025-06-25T01:24:24.205+0200] {dag.py:2726} INFO - Sync 1 DAGs
[2025-06-25T01:24:24.246+0200] {logging_mixin.py:149} INFO - [2025-06-25T01:24:24.246+0200] {dag.py:3486} INFO - Setting next_dagrun for example_python_operator to None, run_after=None
[2025-06-25T01:24:24.296+0200] {processor.py:179} INFO - Processing /home/atef/.local/lib/python3.9/site-packages/airflow/example_dags/example_python_operator.py took 0.211 seconds
[2025-06-25T01:26:33.825+0200] {processor.py:157} INFO - Started process (PID=178900) to work on /home/atef/.local/lib/python3.9/site-packages/airflow/example_dags/example_python_operator.py
[2025-06-25T01:26:33.831+0200] {processor.py:826} INFO - Processing file /home/atef/.local/lib/python3.9/site-packages/airflow/example_dags/example_python_operator.py for tasks to queue
[2025-06-25T01:26:33.834+0200] {logging_mixin.py:149} INFO - [2025-06-25T01:26:33.834+0200] {dagbag.py:541} INFO - Filling up the DagBag from /home/atef/.local/lib/python3.9/site-packages/airflow/example_dags/example_python_operator.py
[2025-06-25T01:26:33.862+0200] {logging_mixin.py:149} INFO - [2025-06-25T01:26:33.862+0200] {taskmixin.py:211} WARNING - Dependency <Task(_PythonDecoratedOperator): print_the_context>, log_sql_query already registered for DAG: example_python_operator
[2025-06-25T01:26:33.863+0200] {logging_mixin.py:149} INFO - [2025-06-25T01:26:33.863+0200] {taskmixin.py:211} WARNING - Dependency <Task(_PythonDecoratedOperator): log_sql_query>, print_the_context already registered for DAG: example_python_operator
[2025-06-25T01:26:33.865+0200] {logging_mixin.py:149} INFO - [2025-06-25T01:26:33.865+0200] {taskmixin.py:211} WARNING - Dependency <Task(_PythonDecoratedOperator): print_the_context>, log_sql_query already registered for DAG: example_python_operator
[2025-06-25T01:26:33.865+0200] {logging_mixin.py:149} INFO - [2025-06-25T01:26:33.865+0200] {taskmixin.py:211} WARNING - Dependency <Task(_PythonDecoratedOperator): log_sql_query>, print_the_context already registered for DAG: example_python_operator
[2025-06-25T01:26:33.867+0200] {logging_mixin.py:149} INFO - [2025-06-25T01:26:33.867+0200] {taskmixin.py:211} WARNING - Dependency <Task(_PythonDecoratedOperator): print_the_context>, log_sql_query already registered for DAG: example_python_operator
[2025-06-25T01:26:33.867+0200] {logging_mixin.py:149} INFO - [2025-06-25T01:26:33.867+0200] {taskmixin.py:211} WARNING - Dependency <Task(_PythonDecoratedOperator): log_sql_query>, print_the_context already registered for DAG: example_python_operator
[2025-06-25T01:26:33.869+0200] {logging_mixin.py:149} INFO - [2025-06-25T01:26:33.869+0200] {taskmixin.py:211} WARNING - Dependency <Task(_PythonDecoratedOperator): print_the_context>, log_sql_query already registered for DAG: example_python_operator
[2025-06-25T01:26:33.870+0200] {logging_mixin.py:149} INFO - [2025-06-25T01:26:33.870+0200] {taskmixin.py:211} WARNING - Dependency <Task(_PythonDecoratedOperator): log_sql_query>, print_the_context already registered for DAG: example_python_operator
[2025-06-25T01:26:33.872+0200] {logging_mixin.py:149} INFO - [2025-06-25T01:26:33.872+0200] {example_python_operator.py:90} WARNING - The virtalenv_python example task requires virtualenv, please install it.
[2025-06-25T01:26:33.874+0200] {processor.py:836} INFO - DAG(s) dict_keys(['example_python_operator']) retrieved from /home/atef/.local/lib/python3.9/site-packages/airflow/example_dags/example_python_operator.py
[2025-06-25T01:26:33.988+0200] {logging_mixin.py:149} INFO - [2025-06-25T01:26:33.988+0200] {dag.py:2726} INFO - Sync 1 DAGs
[2025-06-25T01:26:34.053+0200] {logging_mixin.py:149} INFO - [2025-06-25T01:26:34.052+0200] {dag.py:3486} INFO - Setting next_dagrun for example_python_operator to None, run_after=None
[2025-06-25T01:26:34.095+0200] {processor.py:179} INFO - Processing /home/atef/.local/lib/python3.9/site-packages/airflow/example_dags/example_python_operator.py took 0.283 seconds
[2025-06-25T01:29:19.913+0200] {processor.py:157} INFO - Started process (PID=180090) to work on /home/atef/.local/lib/python3.9/site-packages/airflow/example_dags/example_python_operator.py
[2025-06-25T01:29:19.920+0200] {processor.py:826} INFO - Processing file /home/atef/.local/lib/python3.9/site-packages/airflow/example_dags/example_python_operator.py for tasks to queue
[2025-06-25T01:29:19.923+0200] {logging_mixin.py:149} INFO - [2025-06-25T01:29:19.923+0200] {dagbag.py:541} INFO - Filling up the DagBag from /home/atef/.local/lib/python3.9/site-packages/airflow/example_dags/example_python_operator.py
[2025-06-25T01:29:19.965+0200] {logging_mixin.py:149} INFO - [2025-06-25T01:29:19.964+0200] {taskmixin.py:211} WARNING - Dependency <Task(_PythonDecoratedOperator): print_the_context>, log_sql_query already registered for DAG: example_python_operator
[2025-06-25T01:29:19.967+0200] {logging_mixin.py:149} INFO - [2025-06-25T01:29:19.966+0200] {taskmixin.py:211} WARNING - Dependency <Task(_PythonDecoratedOperator): log_sql_query>, print_the_context already registered for DAG: example_python_operator
[2025-06-25T01:29:19.969+0200] {logging_mixin.py:149} INFO - [2025-06-25T01:29:19.969+0200] {taskmixin.py:211} WARNING - Dependency <Task(_PythonDecoratedOperator): print_the_context>, log_sql_query already registered for DAG: example_python_operator
[2025-06-25T01:29:19.970+0200] {logging_mixin.py:149} INFO - [2025-06-25T01:29:19.970+0200] {taskmixin.py:211} WARNING - Dependency <Task(_PythonDecoratedOperator): log_sql_query>, print_the_context already registered for DAG: example_python_operator
[2025-06-25T01:29:19.972+0200] {logging_mixin.py:149} INFO - [2025-06-25T01:29:19.972+0200] {taskmixin.py:211} WARNING - Dependency <Task(_PythonDecoratedOperator): print_the_context>, log_sql_query already registered for DAG: example_python_operator
[2025-06-25T01:29:19.973+0200] {logging_mixin.py:149} INFO - [2025-06-25T01:29:19.973+0200] {taskmixin.py:211} WARNING - Dependency <Task(_PythonDecoratedOperator): log_sql_query>, print_the_context already registered for DAG: example_python_operator
[2025-06-25T01:29:19.975+0200] {logging_mixin.py:149} INFO - [2025-06-25T01:29:19.975+0200] {taskmixin.py:211} WARNING - Dependency <Task(_PythonDecoratedOperator): print_the_context>, log_sql_query already registered for DAG: example_python_operator
[2025-06-25T01:29:19.976+0200] {logging_mixin.py:149} INFO - [2025-06-25T01:29:19.975+0200] {taskmixin.py:211} WARNING - Dependency <Task(_PythonDecoratedOperator): log_sql_query>, print_the_context already registered for DAG: example_python_operator
[2025-06-25T01:29:19.977+0200] {logging_mixin.py:149} INFO - [2025-06-25T01:29:19.977+0200] {example_python_operator.py:90} WARNING - The virtalenv_python example task requires virtualenv, please install it.
[2025-06-25T01:29:19.979+0200] {processor.py:836} INFO - DAG(s) dict_keys(['example_python_operator']) retrieved from /home/atef/.local/lib/python3.9/site-packages/airflow/example_dags/example_python_operator.py
[2025-06-25T01:29:20.068+0200] {logging_mixin.py:149} INFO - [2025-06-25T01:29:20.068+0200] {dag.py:2726} INFO - Sync 1 DAGs
[2025-06-25T01:29:20.131+0200] {logging_mixin.py:149} INFO - [2025-06-25T01:29:20.131+0200] {dag.py:3486} INFO - Setting next_dagrun for example_python_operator to None, run_after=None
[2025-06-25T01:29:20.204+0200] {processor.py:179} INFO - Processing /home/atef/.local/lib/python3.9/site-packages/airflow/example_dags/example_python_operator.py took 0.313 seconds
[2025-06-25T01:31:12.277+0200] {processor.py:157} INFO - Started process (PID=181129) to work on /home/atef/.local/lib/python3.9/site-packages/airflow/example_dags/example_python_operator.py
[2025-06-25T01:31:12.281+0200] {processor.py:826} INFO - Processing file /home/atef/.local/lib/python3.9/site-packages/airflow/example_dags/example_python_operator.py for tasks to queue
[2025-06-25T01:31:12.284+0200] {logging_mixin.py:149} INFO - [2025-06-25T01:31:12.284+0200] {dagbag.py:541} INFO - Filling up the DagBag from /home/atef/.local/lib/python3.9/site-packages/airflow/example_dags/example_python_operator.py
[2025-06-25T01:31:12.308+0200] {logging_mixin.py:149} INFO - [2025-06-25T01:31:12.307+0200] {taskmixin.py:211} WARNING - Dependency <Task(_PythonDecoratedOperator): print_the_context>, log_sql_query already registered for DAG: example_python_operator
[2025-06-25T01:31:12.309+0200] {logging_mixin.py:149} INFO - [2025-06-25T01:31:12.308+0200] {taskmixin.py:211} WARNING - Dependency <Task(_PythonDecoratedOperator): log_sql_query>, print_the_context already registered for DAG: example_python_operator
[2025-06-25T01:31:12.310+0200] {logging_mixin.py:149} INFO - [2025-06-25T01:31:12.310+0200] {taskmixin.py:211} WARNING - Dependency <Task(_PythonDecoratedOperator): print_the_context>, log_sql_query already registered for DAG: example_python_operator
[2025-06-25T01:31:12.311+0200] {logging_mixin.py:149} INFO - [2025-06-25T01:31:12.311+0200] {taskmixin.py:211} WARNING - Dependency <Task(_PythonDecoratedOperator): log_sql_query>, print_the_context already registered for DAG: example_python_operator
[2025-06-25T01:31:12.312+0200] {logging_mixin.py:149} INFO - [2025-06-25T01:31:12.312+0200] {taskmixin.py:211} WARNING - Dependency <Task(_PythonDecoratedOperator): print_the_context>, log_sql_query already registered for DAG: example_python_operator
[2025-06-25T01:31:12.313+0200] {logging_mixin.py:149} INFO - [2025-06-25T01:31:12.312+0200] {taskmixin.py:211} WARNING - Dependency <Task(_PythonDecoratedOperator): log_sql_query>, print_the_context already registered for DAG: example_python_operator
[2025-06-25T01:31:12.315+0200] {logging_mixin.py:149} INFO - [2025-06-25T01:31:12.314+0200] {taskmixin.py:211} WARNING - Dependency <Task(_PythonDecoratedOperator): print_the_context>, log_sql_query already registered for DAG: example_python_operator
[2025-06-25T01:31:12.315+0200] {logging_mixin.py:149} INFO - [2025-06-25T01:31:12.315+0200] {taskmixin.py:211} WARNING - Dependency <Task(_PythonDecoratedOperator): log_sql_query>, print_the_context already registered for DAG: example_python_operator
[2025-06-25T01:31:12.317+0200] {logging_mixin.py:149} INFO - [2025-06-25T01:31:12.317+0200] {example_python_operator.py:90} WARNING - The virtalenv_python example task requires virtualenv, please install it.
[2025-06-25T01:31:12.318+0200] {processor.py:836} INFO - DAG(s) dict_keys(['example_python_operator']) retrieved from /home/atef/.local/lib/python3.9/site-packages/airflow/example_dags/example_python_operator.py
[2025-06-25T01:31:12.398+0200] {logging_mixin.py:149} INFO - [2025-06-25T01:31:12.398+0200] {dag.py:2726} INFO - Sync 1 DAGs
[2025-06-25T01:31:12.439+0200] {logging_mixin.py:149} INFO - [2025-06-25T01:31:12.438+0200] {dag.py:3486} INFO - Setting next_dagrun for example_python_operator to None, run_after=None
[2025-06-25T01:31:12.487+0200] {processor.py:179} INFO - Processing /home/atef/.local/lib/python3.9/site-packages/airflow/example_dags/example_python_operator.py took 0.233 seconds
[2025-06-25T01:32:26.155+0200] {processor.py:157} INFO - Started process (PID=181410) to work on /home/atef/.local/lib/python3.9/site-packages/airflow/example_dags/example_python_operator.py
[2025-06-25T01:32:26.162+0200] {processor.py:826} INFO - Processing file /home/atef/.local/lib/python3.9/site-packages/airflow/example_dags/example_python_operator.py for tasks to queue
[2025-06-25T01:32:26.165+0200] {logging_mixin.py:149} INFO - [2025-06-25T01:32:26.165+0200] {dagbag.py:541} INFO - Filling up the DagBag from /home/atef/.local/lib/python3.9/site-packages/airflow/example_dags/example_python_operator.py
[2025-06-25T01:32:26.199+0200] {logging_mixin.py:149} INFO - [2025-06-25T01:32:26.198+0200] {taskmixin.py:211} WARNING - Dependency <Task(_PythonDecoratedOperator): print_the_context>, log_sql_query already registered for DAG: example_python_operator
[2025-06-25T01:32:26.200+0200] {logging_mixin.py:149} INFO - [2025-06-25T01:32:26.199+0200] {taskmixin.py:211} WARNING - Dependency <Task(_PythonDecoratedOperator): log_sql_query>, print_the_context already registered for DAG: example_python_operator
[2025-06-25T01:32:26.201+0200] {logging_mixin.py:149} INFO - [2025-06-25T01:32:26.201+0200] {taskmixin.py:211} WARNING - Dependency <Task(_PythonDecoratedOperator): print_the_context>, log_sql_query already registered for DAG: example_python_operator
[2025-06-25T01:32:26.202+0200] {logging_mixin.py:149} INFO - [2025-06-25T01:32:26.202+0200] {taskmixin.py:211} WARNING - Dependency <Task(_PythonDecoratedOperator): log_sql_query>, print_the_context already registered for DAG: example_python_operator
[2025-06-25T01:32:26.205+0200] {logging_mixin.py:149} INFO - [2025-06-25T01:32:26.205+0200] {taskmixin.py:211} WARNING - Dependency <Task(_PythonDecoratedOperator): print_the_context>, log_sql_query already registered for DAG: example_python_operator
[2025-06-25T01:32:26.206+0200] {logging_mixin.py:149} INFO - [2025-06-25T01:32:26.205+0200] {taskmixin.py:211} WARNING - Dependency <Task(_PythonDecoratedOperator): log_sql_query>, print_the_context already registered for DAG: example_python_operator
[2025-06-25T01:32:26.207+0200] {logging_mixin.py:149} INFO - [2025-06-25T01:32:26.207+0200] {taskmixin.py:211} WARNING - Dependency <Task(_PythonDecoratedOperator): print_the_context>, log_sql_query already registered for DAG: example_python_operator
[2025-06-25T01:32:26.208+0200] {logging_mixin.py:149} INFO - [2025-06-25T01:32:26.208+0200] {taskmixin.py:211} WARNING - Dependency <Task(_PythonDecoratedOperator): log_sql_query>, print_the_context already registered for DAG: example_python_operator
[2025-06-25T01:32:26.209+0200] {logging_mixin.py:149} INFO - [2025-06-25T01:32:26.209+0200] {example_python_operator.py:90} WARNING - The virtalenv_python example task requires virtualenv, please install it.
[2025-06-25T01:32:26.211+0200] {processor.py:836} INFO - DAG(s) dict_keys(['example_python_operator']) retrieved from /home/atef/.local/lib/python3.9/site-packages/airflow/example_dags/example_python_operator.py
[2025-06-25T01:32:26.349+0200] {logging_mixin.py:149} INFO - [2025-06-25T01:32:26.349+0200] {dag.py:2726} INFO - Sync 1 DAGs
[2025-06-25T01:32:26.433+0200] {logging_mixin.py:149} INFO - [2025-06-25T01:32:26.433+0200] {dag.py:3486} INFO - Setting next_dagrun for example_python_operator to None, run_after=None
[2025-06-25T01:32:26.506+0200] {processor.py:179} INFO - Processing /home/atef/.local/lib/python3.9/site-packages/airflow/example_dags/example_python_operator.py took 0.372 seconds
[2025-06-25T01:34:30.050+0200] {processor.py:157} INFO - Started process (PID=182056) to work on /home/atef/.local/lib/python3.9/site-packages/airflow/example_dags/example_python_operator.py
[2025-06-25T01:34:30.065+0200] {processor.py:826} INFO - Processing file /home/atef/.local/lib/python3.9/site-packages/airflow/example_dags/example_python_operator.py for tasks to queue
[2025-06-25T01:34:30.069+0200] {logging_mixin.py:149} INFO - [2025-06-25T01:34:30.069+0200] {dagbag.py:541} INFO - Filling up the DagBag from /home/atef/.local/lib/python3.9/site-packages/airflow/example_dags/example_python_operator.py
[2025-06-25T01:34:30.134+0200] {logging_mixin.py:149} INFO - [2025-06-25T01:34:30.134+0200] {taskmixin.py:211} WARNING - Dependency <Task(_PythonDecoratedOperator): print_the_context>, log_sql_query already registered for DAG: example_python_operator
[2025-06-25T01:34:30.139+0200] {logging_mixin.py:149} INFO - [2025-06-25T01:34:30.139+0200] {taskmixin.py:211} WARNING - Dependency <Task(_PythonDecoratedOperator): log_sql_query>, print_the_context already registered for DAG: example_python_operator
[2025-06-25T01:34:30.146+0200] {logging_mixin.py:149} INFO - [2025-06-25T01:34:30.146+0200] {taskmixin.py:211} WARNING - Dependency <Task(_PythonDecoratedOperator): print_the_context>, log_sql_query already registered for DAG: example_python_operator
[2025-06-25T01:34:30.147+0200] {logging_mixin.py:149} INFO - [2025-06-25T01:34:30.147+0200] {taskmixin.py:211} WARNING - Dependency <Task(_PythonDecoratedOperator): log_sql_query>, print_the_context already registered for DAG: example_python_operator
[2025-06-25T01:34:30.150+0200] {logging_mixin.py:149} INFO - [2025-06-25T01:34:30.150+0200] {taskmixin.py:211} WARNING - Dependency <Task(_PythonDecoratedOperator): print_the_context>, log_sql_query already registered for DAG: example_python_operator
[2025-06-25T01:34:30.152+0200] {logging_mixin.py:149} INFO - [2025-06-25T01:34:30.151+0200] {taskmixin.py:211} WARNING - Dependency <Task(_PythonDecoratedOperator): log_sql_query>, print_the_context already registered for DAG: example_python_operator
[2025-06-25T01:34:30.154+0200] {logging_mixin.py:149} INFO - [2025-06-25T01:34:30.154+0200] {taskmixin.py:211} WARNING - Dependency <Task(_PythonDecoratedOperator): print_the_context>, log_sql_query already registered for DAG: example_python_operator
[2025-06-25T01:34:30.156+0200] {logging_mixin.py:149} INFO - [2025-06-25T01:34:30.156+0200] {taskmixin.py:211} WARNING - Dependency <Task(_PythonDecoratedOperator): log_sql_query>, print_the_context already registered for DAG: example_python_operator
[2025-06-25T01:34:30.157+0200] {logging_mixin.py:149} INFO - [2025-06-25T01:34:30.157+0200] {example_python_operator.py:90} WARNING - The virtalenv_python example task requires virtualenv, please install it.
[2025-06-25T01:34:30.160+0200] {processor.py:836} INFO - DAG(s) dict_keys(['example_python_operator']) retrieved from /home/atef/.local/lib/python3.9/site-packages/airflow/example_dags/example_python_operator.py
[2025-06-25T01:34:30.279+0200] {logging_mixin.py:149} INFO - [2025-06-25T01:34:30.278+0200] {dag.py:2726} INFO - Sync 1 DAGs
[2025-06-25T01:34:30.604+0200] {logging_mixin.py:149} INFO - [2025-06-25T01:34:30.603+0200] {dag.py:3486} INFO - Setting next_dagrun for example_python_operator to None, run_after=None
[2025-06-25T01:34:30.686+0200] {processor.py:179} INFO - Processing /home/atef/.local/lib/python3.9/site-packages/airflow/example_dags/example_python_operator.py took 0.946 seconds
[2025-06-25T01:38:12.911+0200] {processor.py:157} INFO - Started process (PID=183319) to work on /home/atef/.local/lib/python3.9/site-packages/airflow/example_dags/example_python_operator.py
[2025-06-25T01:38:12.922+0200] {processor.py:826} INFO - Processing file /home/atef/.local/lib/python3.9/site-packages/airflow/example_dags/example_python_operator.py for tasks to queue
[2025-06-25T01:38:12.930+0200] {logging_mixin.py:149} INFO - [2025-06-25T01:38:12.929+0200] {dagbag.py:541} INFO - Filling up the DagBag from /home/atef/.local/lib/python3.9/site-packages/airflow/example_dags/example_python_operator.py
[2025-06-25T01:38:12.988+0200] {logging_mixin.py:149} INFO - [2025-06-25T01:38:12.987+0200] {taskmixin.py:211} WARNING - Dependency <Task(_PythonDecoratedOperator): print_the_context>, log_sql_query already registered for DAG: example_python_operator
[2025-06-25T01:38:12.991+0200] {logging_mixin.py:149} INFO - [2025-06-25T01:38:12.991+0200] {taskmixin.py:211} WARNING - Dependency <Task(_PythonDecoratedOperator): log_sql_query>, print_the_context already registered for DAG: example_python_operator
[2025-06-25T01:38:12.993+0200] {logging_mixin.py:149} INFO - [2025-06-25T01:38:12.992+0200] {taskmixin.py:211} WARNING - Dependency <Task(_PythonDecoratedOperator): print_the_context>, log_sql_query already registered for DAG: example_python_operator
[2025-06-25T01:38:12.994+0200] {logging_mixin.py:149} INFO - [2025-06-25T01:38:12.994+0200] {taskmixin.py:211} WARNING - Dependency <Task(_PythonDecoratedOperator): log_sql_query>, print_the_context already registered for DAG: example_python_operator
[2025-06-25T01:38:12.996+0200] {logging_mixin.py:149} INFO - [2025-06-25T01:38:12.996+0200] {taskmixin.py:211} WARNING - Dependency <Task(_PythonDecoratedOperator): print_the_context>, log_sql_query already registered for DAG: example_python_operator
[2025-06-25T01:38:12.998+0200] {logging_mixin.py:149} INFO - [2025-06-25T01:38:12.997+0200] {taskmixin.py:211} WARNING - Dependency <Task(_PythonDecoratedOperator): log_sql_query>, print_the_context already registered for DAG: example_python_operator
[2025-06-25T01:38:13.004+0200] {logging_mixin.py:149} INFO - [2025-06-25T01:38:12.999+0200] {taskmixin.py:211} WARNING - Dependency <Task(_PythonDecoratedOperator): print_the_context>, log_sql_query already registered for DAG: example_python_operator
[2025-06-25T01:38:13.005+0200] {logging_mixin.py:149} INFO - [2025-06-25T01:38:13.005+0200] {taskmixin.py:211} WARNING - Dependency <Task(_PythonDecoratedOperator): log_sql_query>, print_the_context already registered for DAG: example_python_operator
[2025-06-25T01:38:13.008+0200] {logging_mixin.py:149} INFO - [2025-06-25T01:38:13.008+0200] {example_python_operator.py:90} WARNING - The virtalenv_python example task requires virtualenv, please install it.
[2025-06-25T01:38:13.013+0200] {processor.py:836} INFO - DAG(s) dict_keys(['example_python_operator']) retrieved from /home/atef/.local/lib/python3.9/site-packages/airflow/example_dags/example_python_operator.py
[2025-06-25T01:38:13.126+0200] {logging_mixin.py:149} INFO - [2025-06-25T01:38:13.125+0200] {dag.py:2726} INFO - Sync 1 DAGs
[2025-06-25T01:38:13.190+0200] {logging_mixin.py:149} INFO - [2025-06-25T01:38:13.190+0200] {dag.py:3486} INFO - Setting next_dagrun for example_python_operator to None, run_after=None
[2025-06-25T01:38:13.232+0200] {processor.py:179} INFO - Processing /home/atef/.local/lib/python3.9/site-packages/airflow/example_dags/example_python_operator.py took 0.368 seconds
[2025-06-25T01:39:17.652+0200] {processor.py:157} INFO - Started process (PID=183716) to work on /home/atef/.local/lib/python3.9/site-packages/airflow/example_dags/example_python_operator.py
[2025-06-25T01:39:17.662+0200] {processor.py:826} INFO - Processing file /home/atef/.local/lib/python3.9/site-packages/airflow/example_dags/example_python_operator.py for tasks to queue
[2025-06-25T01:39:17.666+0200] {logging_mixin.py:149} INFO - [2025-06-25T01:39:17.665+0200] {dagbag.py:541} INFO - Filling up the DagBag from /home/atef/.local/lib/python3.9/site-packages/airflow/example_dags/example_python_operator.py
[2025-06-25T01:39:17.703+0200] {logging_mixin.py:149} INFO - [2025-06-25T01:39:17.703+0200] {taskmixin.py:211} WARNING - Dependency <Task(_PythonDecoratedOperator): print_the_context>, log_sql_query already registered for DAG: example_python_operator
[2025-06-25T01:39:17.704+0200] {logging_mixin.py:149} INFO - [2025-06-25T01:39:17.704+0200] {taskmixin.py:211} WARNING - Dependency <Task(_PythonDecoratedOperator): log_sql_query>, print_the_context already registered for DAG: example_python_operator
[2025-06-25T01:39:17.705+0200] {logging_mixin.py:149} INFO - [2025-06-25T01:39:17.705+0200] {taskmixin.py:211} WARNING - Dependency <Task(_PythonDecoratedOperator): print_the_context>, log_sql_query already registered for DAG: example_python_operator
[2025-06-25T01:39:17.706+0200] {logging_mixin.py:149} INFO - [2025-06-25T01:39:17.706+0200] {taskmixin.py:211} WARNING - Dependency <Task(_PythonDecoratedOperator): log_sql_query>, print_the_context already registered for DAG: example_python_operator
[2025-06-25T01:39:17.707+0200] {logging_mixin.py:149} INFO - [2025-06-25T01:39:17.707+0200] {taskmixin.py:211} WARNING - Dependency <Task(_PythonDecoratedOperator): print_the_context>, log_sql_query already registered for DAG: example_python_operator
[2025-06-25T01:39:17.708+0200] {logging_mixin.py:149} INFO - [2025-06-25T01:39:17.708+0200] {taskmixin.py:211} WARNING - Dependency <Task(_PythonDecoratedOperator): log_sql_query>, print_the_context already registered for DAG: example_python_operator
[2025-06-25T01:39:17.709+0200] {logging_mixin.py:149} INFO - [2025-06-25T01:39:17.709+0200] {taskmixin.py:211} WARNING - Dependency <Task(_PythonDecoratedOperator): print_the_context>, log_sql_query already registered for DAG: example_python_operator
[2025-06-25T01:39:17.710+0200] {logging_mixin.py:149} INFO - [2025-06-25T01:39:17.710+0200] {taskmixin.py:211} WARNING - Dependency <Task(_PythonDecoratedOperator): log_sql_query>, print_the_context already registered for DAG: example_python_operator
[2025-06-25T01:39:17.711+0200] {logging_mixin.py:149} INFO - [2025-06-25T01:39:17.711+0200] {example_python_operator.py:90} WARNING - The virtalenv_python example task requires virtualenv, please install it.
[2025-06-25T01:39:17.712+0200] {processor.py:836} INFO - DAG(s) dict_keys(['example_python_operator']) retrieved from /home/atef/.local/lib/python3.9/site-packages/airflow/example_dags/example_python_operator.py
[2025-06-25T01:39:17.784+0200] {logging_mixin.py:149} INFO - [2025-06-25T01:39:17.784+0200] {dag.py:2726} INFO - Sync 1 DAGs
[2025-06-25T01:39:17.837+0200] {logging_mixin.py:149} INFO - [2025-06-25T01:39:17.836+0200] {dag.py:3486} INFO - Setting next_dagrun for example_python_operator to None, run_after=None
[2025-06-25T01:39:17.898+0200] {processor.py:179} INFO - Processing /home/atef/.local/lib/python3.9/site-packages/airflow/example_dags/example_python_operator.py took 0.273 seconds
[2025-06-25T01:40:39.426+0200] {processor.py:157} INFO - Started process (PID=183887) to work on /home/atef/.local/lib/python3.9/site-packages/airflow/example_dags/example_python_operator.py
[2025-06-25T01:40:39.435+0200] {processor.py:826} INFO - Processing file /home/atef/.local/lib/python3.9/site-packages/airflow/example_dags/example_python_operator.py for tasks to queue
[2025-06-25T01:40:39.439+0200] {logging_mixin.py:149} INFO - [2025-06-25T01:40:39.438+0200] {dagbag.py:541} INFO - Filling up the DagBag from /home/atef/.local/lib/python3.9/site-packages/airflow/example_dags/example_python_operator.py
[2025-06-25T01:40:39.492+0200] {logging_mixin.py:149} INFO - [2025-06-25T01:40:39.490+0200] {taskmixin.py:211} WARNING - Dependency <Task(_PythonDecoratedOperator): print_the_context>, log_sql_query already registered for DAG: example_python_operator
[2025-06-25T01:40:39.494+0200] {logging_mixin.py:149} INFO - [2025-06-25T01:40:39.494+0200] {taskmixin.py:211} WARNING - Dependency <Task(_PythonDecoratedOperator): log_sql_query>, print_the_context already registered for DAG: example_python_operator
[2025-06-25T01:40:39.502+0200] {logging_mixin.py:149} INFO - [2025-06-25T01:40:39.501+0200] {taskmixin.py:211} WARNING - Dependency <Task(_PythonDecoratedOperator): print_the_context>, log_sql_query already registered for DAG: example_python_operator
[2025-06-25T01:40:39.503+0200] {logging_mixin.py:149} INFO - [2025-06-25T01:40:39.503+0200] {taskmixin.py:211} WARNING - Dependency <Task(_PythonDecoratedOperator): log_sql_query>, print_the_context already registered for DAG: example_python_operator
[2025-06-25T01:40:39.505+0200] {logging_mixin.py:149} INFO - [2025-06-25T01:40:39.505+0200] {taskmixin.py:211} WARNING - Dependency <Task(_PythonDecoratedOperator): print_the_context>, log_sql_query already registered for DAG: example_python_operator
[2025-06-25T01:40:39.508+0200] {logging_mixin.py:149} INFO - [2025-06-25T01:40:39.507+0200] {taskmixin.py:211} WARNING - Dependency <Task(_PythonDecoratedOperator): log_sql_query>, print_the_context already registered for DAG: example_python_operator
[2025-06-25T01:40:39.521+0200] {logging_mixin.py:149} INFO - [2025-06-25T01:40:39.520+0200] {taskmixin.py:211} WARNING - Dependency <Task(_PythonDecoratedOperator): print_the_context>, log_sql_query already registered for DAG: example_python_operator
[2025-06-25T01:40:39.525+0200] {logging_mixin.py:149} INFO - [2025-06-25T01:40:39.524+0200] {taskmixin.py:211} WARNING - Dependency <Task(_PythonDecoratedOperator): log_sql_query>, print_the_context already registered for DAG: example_python_operator
[2025-06-25T01:40:39.528+0200] {logging_mixin.py:149} INFO - [2025-06-25T01:40:39.528+0200] {example_python_operator.py:90} WARNING - The virtalenv_python example task requires virtualenv, please install it.
[2025-06-25T01:40:39.530+0200] {processor.py:836} INFO - DAG(s) dict_keys(['example_python_operator']) retrieved from /home/atef/.local/lib/python3.9/site-packages/airflow/example_dags/example_python_operator.py
[2025-06-25T01:40:39.732+0200] {logging_mixin.py:149} INFO - [2025-06-25T01:40:39.730+0200] {dag.py:2726} INFO - Sync 1 DAGs
[2025-06-25T01:40:40.166+0200] {logging_mixin.py:149} INFO - [2025-06-25T01:40:40.166+0200] {dag.py:3486} INFO - Setting next_dagrun for example_python_operator to None, run_after=None
[2025-06-25T01:40:40.411+0200] {processor.py:179} INFO - Processing /home/atef/.local/lib/python3.9/site-packages/airflow/example_dags/example_python_operator.py took 1.013 seconds
[2025-06-25T01:45:40.649+0200] {processor.py:157} INFO - Started process (PID=187287) to work on /home/atef/.local/lib/python3.9/site-packages/airflow/example_dags/example_python_operator.py
[2025-06-25T01:45:40.654+0200] {processor.py:826} INFO - Processing file /home/atef/.local/lib/python3.9/site-packages/airflow/example_dags/example_python_operator.py for tasks to queue
[2025-06-25T01:45:40.656+0200] {logging_mixin.py:149} INFO - [2025-06-25T01:45:40.656+0200] {dagbag.py:541} INFO - Filling up the DagBag from /home/atef/.local/lib/python3.9/site-packages/airflow/example_dags/example_python_operator.py
[2025-06-25T01:45:40.682+0200] {logging_mixin.py:149} INFO - [2025-06-25T01:45:40.682+0200] {taskmixin.py:211} WARNING - Dependency <Task(_PythonDecoratedOperator): print_the_context>, log_sql_query already registered for DAG: example_python_operator
[2025-06-25T01:45:40.683+0200] {logging_mixin.py:149} INFO - [2025-06-25T01:45:40.683+0200] {taskmixin.py:211} WARNING - Dependency <Task(_PythonDecoratedOperator): log_sql_query>, print_the_context already registered for DAG: example_python_operator
[2025-06-25T01:45:40.684+0200] {logging_mixin.py:149} INFO - [2025-06-25T01:45:40.684+0200] {taskmixin.py:211} WARNING - Dependency <Task(_PythonDecoratedOperator): print_the_context>, log_sql_query already registered for DAG: example_python_operator
[2025-06-25T01:45:40.685+0200] {logging_mixin.py:149} INFO - [2025-06-25T01:45:40.685+0200] {taskmixin.py:211} WARNING - Dependency <Task(_PythonDecoratedOperator): log_sql_query>, print_the_context already registered for DAG: example_python_operator
[2025-06-25T01:45:40.686+0200] {logging_mixin.py:149} INFO - [2025-06-25T01:45:40.686+0200] {taskmixin.py:211} WARNING - Dependency <Task(_PythonDecoratedOperator): print_the_context>, log_sql_query already registered for DAG: example_python_operator
[2025-06-25T01:45:40.687+0200] {logging_mixin.py:149} INFO - [2025-06-25T01:45:40.686+0200] {taskmixin.py:211} WARNING - Dependency <Task(_PythonDecoratedOperator): log_sql_query>, print_the_context already registered for DAG: example_python_operator
[2025-06-25T01:45:40.688+0200] {logging_mixin.py:149} INFO - [2025-06-25T01:45:40.688+0200] {taskmixin.py:211} WARNING - Dependency <Task(_PythonDecoratedOperator): print_the_context>, log_sql_query already registered for DAG: example_python_operator
[2025-06-25T01:45:40.688+0200] {logging_mixin.py:149} INFO - [2025-06-25T01:45:40.688+0200] {taskmixin.py:211} WARNING - Dependency <Task(_PythonDecoratedOperator): log_sql_query>, print_the_context already registered for DAG: example_python_operator
[2025-06-25T01:45:40.689+0200] {logging_mixin.py:149} INFO - [2025-06-25T01:45:40.689+0200] {example_python_operator.py:90} WARNING - The virtalenv_python example task requires virtualenv, please install it.
[2025-06-25T01:45:40.691+0200] {processor.py:836} INFO - DAG(s) dict_keys(['example_python_operator']) retrieved from /home/atef/.local/lib/python3.9/site-packages/airflow/example_dags/example_python_operator.py
[2025-06-25T01:45:40.767+0200] {logging_mixin.py:149} INFO - [2025-06-25T01:45:40.766+0200] {dag.py:2726} INFO - Sync 1 DAGs
[2025-06-25T01:45:40.809+0200] {logging_mixin.py:149} INFO - [2025-06-25T01:45:40.809+0200] {dag.py:3486} INFO - Setting next_dagrun for example_python_operator to None, run_after=None
[2025-06-25T01:45:40.854+0200] {processor.py:179} INFO - Processing /home/atef/.local/lib/python3.9/site-packages/airflow/example_dags/example_python_operator.py took 0.219 seconds
[2025-06-25T01:46:56.007+0200] {processor.py:157} INFO - Started process (PID=187990) to work on /home/atef/.local/lib/python3.9/site-packages/airflow/example_dags/example_python_operator.py
[2025-06-25T01:46:56.012+0200] {processor.py:826} INFO - Processing file /home/atef/.local/lib/python3.9/site-packages/airflow/example_dags/example_python_operator.py for tasks to queue
[2025-06-25T01:46:56.015+0200] {logging_mixin.py:149} INFO - [2025-06-25T01:46:56.015+0200] {dagbag.py:541} INFO - Filling up the DagBag from /home/atef/.local/lib/python3.9/site-packages/airflow/example_dags/example_python_operator.py
[2025-06-25T01:46:56.044+0200] {logging_mixin.py:149} INFO - [2025-06-25T01:46:56.044+0200] {taskmixin.py:211} WARNING - Dependency <Task(_PythonDecoratedOperator): print_the_context>, log_sql_query already registered for DAG: example_python_operator
[2025-06-25T01:46:56.045+0200] {logging_mixin.py:149} INFO - [2025-06-25T01:46:56.045+0200] {taskmixin.py:211} WARNING - Dependency <Task(_PythonDecoratedOperator): log_sql_query>, print_the_context already registered for DAG: example_python_operator
[2025-06-25T01:46:56.051+0200] {logging_mixin.py:149} INFO - [2025-06-25T01:46:56.051+0200] {taskmixin.py:211} WARNING - Dependency <Task(_PythonDecoratedOperator): print_the_context>, log_sql_query already registered for DAG: example_python_operator
[2025-06-25T01:46:56.053+0200] {logging_mixin.py:149} INFO - [2025-06-25T01:46:56.053+0200] {taskmixin.py:211} WARNING - Dependency <Task(_PythonDecoratedOperator): log_sql_query>, print_the_context already registered for DAG: example_python_operator
[2025-06-25T01:46:56.056+0200] {logging_mixin.py:149} INFO - [2025-06-25T01:46:56.056+0200] {taskmixin.py:211} WARNING - Dependency <Task(_PythonDecoratedOperator): print_the_context>, log_sql_query already registered for DAG: example_python_operator
[2025-06-25T01:46:56.057+0200] {logging_mixin.py:149} INFO - [2025-06-25T01:46:56.057+0200] {taskmixin.py:211} WARNING - Dependency <Task(_PythonDecoratedOperator): log_sql_query>, print_the_context already registered for DAG: example_python_operator
[2025-06-25T01:46:56.058+0200] {logging_mixin.py:149} INFO - [2025-06-25T01:46:56.058+0200] {taskmixin.py:211} WARNING - Dependency <Task(_PythonDecoratedOperator): print_the_context>, log_sql_query already registered for DAG: example_python_operator
[2025-06-25T01:46:56.059+0200] {logging_mixin.py:149} INFO - [2025-06-25T01:46:56.059+0200] {taskmixin.py:211} WARNING - Dependency <Task(_PythonDecoratedOperator): log_sql_query>, print_the_context already registered for DAG: example_python_operator
[2025-06-25T01:46:56.061+0200] {logging_mixin.py:149} INFO - [2025-06-25T01:46:56.061+0200] {example_python_operator.py:90} WARNING - The virtalenv_python example task requires virtualenv, please install it.
[2025-06-25T01:46:56.063+0200] {processor.py:836} INFO - DAG(s) dict_keys(['example_python_operator']) retrieved from /home/atef/.local/lib/python3.9/site-packages/airflow/example_dags/example_python_operator.py
[2025-06-25T01:46:56.142+0200] {logging_mixin.py:149} INFO - [2025-06-25T01:46:56.142+0200] {dag.py:2726} INFO - Sync 1 DAGs
[2025-06-25T01:46:56.207+0200] {logging_mixin.py:149} INFO - [2025-06-25T01:46:56.207+0200] {dag.py:3486} INFO - Setting next_dagrun for example_python_operator to None, run_after=None
[2025-06-25T01:46:56.461+0200] {processor.py:179} INFO - Processing /home/atef/.local/lib/python3.9/site-packages/airflow/example_dags/example_python_operator.py took 0.473 seconds
[2025-06-25T01:48:47.577+0200] {processor.py:157} INFO - Started process (PID=188899) to work on /home/atef/.local/lib/python3.9/site-packages/airflow/example_dags/example_python_operator.py
[2025-06-25T01:48:47.595+0200] {processor.py:826} INFO - Processing file /home/atef/.local/lib/python3.9/site-packages/airflow/example_dags/example_python_operator.py for tasks to queue
[2025-06-25T01:48:47.600+0200] {logging_mixin.py:149} INFO - [2025-06-25T01:48:47.599+0200] {dagbag.py:541} INFO - Filling up the DagBag from /home/atef/.local/lib/python3.9/site-packages/airflow/example_dags/example_python_operator.py
[2025-06-25T01:48:47.654+0200] {logging_mixin.py:149} INFO - [2025-06-25T01:48:47.653+0200] {taskmixin.py:211} WARNING - Dependency <Task(_PythonDecoratedOperator): print_the_context>, log_sql_query already registered for DAG: example_python_operator
[2025-06-25T01:48:47.658+0200] {logging_mixin.py:149} INFO - [2025-06-25T01:48:47.656+0200] {taskmixin.py:211} WARNING - Dependency <Task(_PythonDecoratedOperator): log_sql_query>, print_the_context already registered for DAG: example_python_operator
[2025-06-25T01:48:47.661+0200] {logging_mixin.py:149} INFO - [2025-06-25T01:48:47.660+0200] {taskmixin.py:211} WARNING - Dependency <Task(_PythonDecoratedOperator): print_the_context>, log_sql_query already registered for DAG: example_python_operator
[2025-06-25T01:48:47.662+0200] {logging_mixin.py:149} INFO - [2025-06-25T01:48:47.662+0200] {taskmixin.py:211} WARNING - Dependency <Task(_PythonDecoratedOperator): log_sql_query>, print_the_context already registered for DAG: example_python_operator
[2025-06-25T01:48:47.665+0200] {logging_mixin.py:149} INFO - [2025-06-25T01:48:47.664+0200] {taskmixin.py:211} WARNING - Dependency <Task(_PythonDecoratedOperator): print_the_context>, log_sql_query already registered for DAG: example_python_operator
[2025-06-25T01:48:47.667+0200] {logging_mixin.py:149} INFO - [2025-06-25T01:48:47.667+0200] {taskmixin.py:211} WARNING - Dependency <Task(_PythonDecoratedOperator): log_sql_query>, print_the_context already registered for DAG: example_python_operator
[2025-06-25T01:48:47.687+0200] {logging_mixin.py:149} INFO - [2025-06-25T01:48:47.686+0200] {taskmixin.py:211} WARNING - Dependency <Task(_PythonDecoratedOperator): print_the_context>, log_sql_query already registered for DAG: example_python_operator
[2025-06-25T01:48:47.688+0200] {logging_mixin.py:149} INFO - [2025-06-25T01:48:47.688+0200] {taskmixin.py:211} WARNING - Dependency <Task(_PythonDecoratedOperator): log_sql_query>, print_the_context already registered for DAG: example_python_operator
[2025-06-25T01:48:47.691+0200] {logging_mixin.py:149} INFO - [2025-06-25T01:48:47.691+0200] {example_python_operator.py:90} WARNING - The virtalenv_python example task requires virtualenv, please install it.
[2025-06-25T01:48:47.695+0200] {processor.py:836} INFO - DAG(s) dict_keys(['example_python_operator']) retrieved from /home/atef/.local/lib/python3.9/site-packages/airflow/example_dags/example_python_operator.py
[2025-06-25T01:48:47.801+0200] {logging_mixin.py:149} INFO - [2025-06-25T01:48:47.800+0200] {dag.py:2726} INFO - Sync 1 DAGs
[2025-06-25T01:48:47.883+0200] {logging_mixin.py:149} INFO - [2025-06-25T01:48:47.882+0200] {dag.py:3486} INFO - Setting next_dagrun for example_python_operator to None, run_after=None
[2025-06-25T01:48:47.964+0200] {processor.py:179} INFO - Processing /home/atef/.local/lib/python3.9/site-packages/airflow/example_dags/example_python_operator.py took 0.461 seconds
[2025-06-25T01:50:27.964+0200] {processor.py:157} INFO - Started process (PID=189522) to work on /home/atef/.local/lib/python3.9/site-packages/airflow/example_dags/example_python_operator.py
[2025-06-25T01:50:27.969+0200] {processor.py:826} INFO - Processing file /home/atef/.local/lib/python3.9/site-packages/airflow/example_dags/example_python_operator.py for tasks to queue
[2025-06-25T01:50:27.971+0200] {logging_mixin.py:149} INFO - [2025-06-25T01:50:27.971+0200] {dagbag.py:541} INFO - Filling up the DagBag from /home/atef/.local/lib/python3.9/site-packages/airflow/example_dags/example_python_operator.py
[2025-06-25T01:50:28.021+0200] {logging_mixin.py:149} INFO - [2025-06-25T01:50:28.020+0200] {taskmixin.py:211} WARNING - Dependency <Task(_PythonDecoratedOperator): print_the_context>, log_sql_query already registered for DAG: example_python_operator
[2025-06-25T01:50:28.022+0200] {logging_mixin.py:149} INFO - [2025-06-25T01:50:28.022+0200] {taskmixin.py:211} WARNING - Dependency <Task(_PythonDecoratedOperator): log_sql_query>, print_the_context already registered for DAG: example_python_operator
[2025-06-25T01:50:28.024+0200] {logging_mixin.py:149} INFO - [2025-06-25T01:50:28.023+0200] {taskmixin.py:211} WARNING - Dependency <Task(_PythonDecoratedOperator): print_the_context>, log_sql_query already registered for DAG: example_python_operator
[2025-06-25T01:50:28.024+0200] {logging_mixin.py:149} INFO - [2025-06-25T01:50:28.024+0200] {taskmixin.py:211} WARNING - Dependency <Task(_PythonDecoratedOperator): log_sql_query>, print_the_context already registered for DAG: example_python_operator
[2025-06-25T01:50:28.026+0200] {logging_mixin.py:149} INFO - [2025-06-25T01:50:28.025+0200] {taskmixin.py:211} WARNING - Dependency <Task(_PythonDecoratedOperator): print_the_context>, log_sql_query already registered for DAG: example_python_operator
[2025-06-25T01:50:28.026+0200] {logging_mixin.py:149} INFO - [2025-06-25T01:50:28.026+0200] {taskmixin.py:211} WARNING - Dependency <Task(_PythonDecoratedOperator): log_sql_query>, print_the_context already registered for DAG: example_python_operator
[2025-06-25T01:50:28.028+0200] {logging_mixin.py:149} INFO - [2025-06-25T01:50:28.028+0200] {taskmixin.py:211} WARNING - Dependency <Task(_PythonDecoratedOperator): print_the_context>, log_sql_query already registered for DAG: example_python_operator
[2025-06-25T01:50:28.028+0200] {logging_mixin.py:149} INFO - [2025-06-25T01:50:28.028+0200] {taskmixin.py:211} WARNING - Dependency <Task(_PythonDecoratedOperator): log_sql_query>, print_the_context already registered for DAG: example_python_operator
[2025-06-25T01:50:28.030+0200] {logging_mixin.py:149} INFO - [2025-06-25T01:50:28.029+0200] {example_python_operator.py:90} WARNING - The virtalenv_python example task requires virtualenv, please install it.
[2025-06-25T01:50:28.031+0200] {processor.py:836} INFO - DAG(s) dict_keys(['example_python_operator']) retrieved from /home/atef/.local/lib/python3.9/site-packages/airflow/example_dags/example_python_operator.py
[2025-06-25T01:50:28.112+0200] {logging_mixin.py:149} INFO - [2025-06-25T01:50:28.111+0200] {dag.py:2726} INFO - Sync 1 DAGs
[2025-06-25T01:50:28.157+0200] {logging_mixin.py:149} INFO - [2025-06-25T01:50:28.157+0200] {dag.py:3486} INFO - Setting next_dagrun for example_python_operator to None, run_after=None
[2025-06-25T01:50:28.235+0200] {processor.py:179} INFO - Processing /home/atef/.local/lib/python3.9/site-packages/airflow/example_dags/example_python_operator.py took 0.284 seconds
[2025-06-25T01:52:37.379+0200] {processor.py:157} INFO - Started process (PID=190012) to work on /home/atef/.local/lib/python3.9/site-packages/airflow/example_dags/example_python_operator.py
[2025-06-25T01:52:37.384+0200] {processor.py:826} INFO - Processing file /home/atef/.local/lib/python3.9/site-packages/airflow/example_dags/example_python_operator.py for tasks to queue
[2025-06-25T01:52:37.387+0200] {logging_mixin.py:149} INFO - [2025-06-25T01:52:37.387+0200] {dagbag.py:541} INFO - Filling up the DagBag from /home/atef/.local/lib/python3.9/site-packages/airflow/example_dags/example_python_operator.py
[2025-06-25T01:52:37.414+0200] {logging_mixin.py:149} INFO - [2025-06-25T01:52:37.414+0200] {taskmixin.py:211} WARNING - Dependency <Task(_PythonDecoratedOperator): print_the_context>, log_sql_query already registered for DAG: example_python_operator
[2025-06-25T01:52:37.415+0200] {logging_mixin.py:149} INFO - [2025-06-25T01:52:37.415+0200] {taskmixin.py:211} WARNING - Dependency <Task(_PythonDecoratedOperator): log_sql_query>, print_the_context already registered for DAG: example_python_operator
[2025-06-25T01:52:37.416+0200] {logging_mixin.py:149} INFO - [2025-06-25T01:52:37.416+0200] {taskmixin.py:211} WARNING - Dependency <Task(_PythonDecoratedOperator): print_the_context>, log_sql_query already registered for DAG: example_python_operator
[2025-06-25T01:52:37.417+0200] {logging_mixin.py:149} INFO - [2025-06-25T01:52:37.417+0200] {taskmixin.py:211} WARNING - Dependency <Task(_PythonDecoratedOperator): log_sql_query>, print_the_context already registered for DAG: example_python_operator
[2025-06-25T01:52:37.418+0200] {logging_mixin.py:149} INFO - [2025-06-25T01:52:37.418+0200] {taskmixin.py:211} WARNING - Dependency <Task(_PythonDecoratedOperator): print_the_context>, log_sql_query already registered for DAG: example_python_operator
[2025-06-25T01:52:37.419+0200] {logging_mixin.py:149} INFO - [2025-06-25T01:52:37.419+0200] {taskmixin.py:211} WARNING - Dependency <Task(_PythonDecoratedOperator): log_sql_query>, print_the_context already registered for DAG: example_python_operator
[2025-06-25T01:52:37.420+0200] {logging_mixin.py:149} INFO - [2025-06-25T01:52:37.420+0200] {taskmixin.py:211} WARNING - Dependency <Task(_PythonDecoratedOperator): print_the_context>, log_sql_query already registered for DAG: example_python_operator
[2025-06-25T01:52:37.421+0200] {logging_mixin.py:149} INFO - [2025-06-25T01:52:37.421+0200] {taskmixin.py:211} WARNING - Dependency <Task(_PythonDecoratedOperator): log_sql_query>, print_the_context already registered for DAG: example_python_operator
[2025-06-25T01:52:37.422+0200] {logging_mixin.py:149} INFO - [2025-06-25T01:52:37.422+0200] {example_python_operator.py:90} WARNING - The virtalenv_python example task requires virtualenv, please install it.
[2025-06-25T01:52:37.425+0200] {processor.py:836} INFO - DAG(s) dict_keys(['example_python_operator']) retrieved from /home/atef/.local/lib/python3.9/site-packages/airflow/example_dags/example_python_operator.py
[2025-06-25T01:52:37.495+0200] {logging_mixin.py:149} INFO - [2025-06-25T01:52:37.494+0200] {dag.py:2726} INFO - Sync 1 DAGs
[2025-06-25T01:52:37.541+0200] {logging_mixin.py:149} INFO - [2025-06-25T01:52:37.541+0200] {dag.py:3486} INFO - Setting next_dagrun for example_python_operator to None, run_after=None
[2025-06-25T01:52:37.582+0200] {processor.py:179} INFO - Processing /home/atef/.local/lib/python3.9/site-packages/airflow/example_dags/example_python_operator.py took 0.225 seconds
[2025-06-25T01:55:41.139+0200] {processor.py:157} INFO - Started process (PID=190895) to work on /home/atef/.local/lib/python3.9/site-packages/airflow/example_dags/example_python_operator.py
[2025-06-25T01:55:41.147+0200] {processor.py:826} INFO - Processing file /home/atef/.local/lib/python3.9/site-packages/airflow/example_dags/example_python_operator.py for tasks to queue
[2025-06-25T01:55:41.151+0200] {logging_mixin.py:149} INFO - [2025-06-25T01:55:41.150+0200] {dagbag.py:541} INFO - Filling up the DagBag from /home/atef/.local/lib/python3.9/site-packages/airflow/example_dags/example_python_operator.py
[2025-06-25T01:55:41.181+0200] {logging_mixin.py:149} INFO - [2025-06-25T01:55:41.180+0200] {taskmixin.py:211} WARNING - Dependency <Task(_PythonDecoratedOperator): print_the_context>, log_sql_query already registered for DAG: example_python_operator
[2025-06-25T01:55:41.181+0200] {logging_mixin.py:149} INFO - [2025-06-25T01:55:41.181+0200] {taskmixin.py:211} WARNING - Dependency <Task(_PythonDecoratedOperator): log_sql_query>, print_the_context already registered for DAG: example_python_operator
[2025-06-25T01:55:41.183+0200] {logging_mixin.py:149} INFO - [2025-06-25T01:55:41.182+0200] {taskmixin.py:211} WARNING - Dependency <Task(_PythonDecoratedOperator): print_the_context>, log_sql_query already registered for DAG: example_python_operator
[2025-06-25T01:55:41.183+0200] {logging_mixin.py:149} INFO - [2025-06-25T01:55:41.183+0200] {taskmixin.py:211} WARNING - Dependency <Task(_PythonDecoratedOperator): log_sql_query>, print_the_context already registered for DAG: example_python_operator
[2025-06-25T01:55:41.184+0200] {logging_mixin.py:149} INFO - [2025-06-25T01:55:41.184+0200] {taskmixin.py:211} WARNING - Dependency <Task(_PythonDecoratedOperator): print_the_context>, log_sql_query already registered for DAG: example_python_operator
[2025-06-25T01:55:41.185+0200] {logging_mixin.py:149} INFO - [2025-06-25T01:55:41.185+0200] {taskmixin.py:211} WARNING - Dependency <Task(_PythonDecoratedOperator): log_sql_query>, print_the_context already registered for DAG: example_python_operator
[2025-06-25T01:55:41.186+0200] {logging_mixin.py:149} INFO - [2025-06-25T01:55:41.186+0200] {taskmixin.py:211} WARNING - Dependency <Task(_PythonDecoratedOperator): print_the_context>, log_sql_query already registered for DAG: example_python_operator
[2025-06-25T01:55:41.187+0200] {logging_mixin.py:149} INFO - [2025-06-25T01:55:41.187+0200] {taskmixin.py:211} WARNING - Dependency <Task(_PythonDecoratedOperator): log_sql_query>, print_the_context already registered for DAG: example_python_operator
[2025-06-25T01:55:41.189+0200] {logging_mixin.py:149} INFO - [2025-06-25T01:55:41.189+0200] {example_python_operator.py:90} WARNING - The virtalenv_python example task requires virtualenv, please install it.
[2025-06-25T01:55:41.193+0200] {processor.py:836} INFO - DAG(s) dict_keys(['example_python_operator']) retrieved from /home/atef/.local/lib/python3.9/site-packages/airflow/example_dags/example_python_operator.py
[2025-06-25T01:55:41.324+0200] {logging_mixin.py:149} INFO - [2025-06-25T01:55:41.318+0200] {dag.py:2726} INFO - Sync 1 DAGs
[2025-06-25T01:55:41.420+0200] {logging_mixin.py:149} INFO - [2025-06-25T01:55:41.420+0200] {dag.py:3486} INFO - Setting next_dagrun for example_python_operator to None, run_after=None
[2025-06-25T01:55:41.481+0200] {processor.py:179} INFO - Processing /home/atef/.local/lib/python3.9/site-packages/airflow/example_dags/example_python_operator.py took 0.360 seconds
[2025-06-25T01:56:49.852+0200] {processor.py:157} INFO - Started process (PID=191233) to work on /home/atef/.local/lib/python3.9/site-packages/airflow/example_dags/example_python_operator.py
[2025-06-25T01:56:49.857+0200] {processor.py:826} INFO - Processing file /home/atef/.local/lib/python3.9/site-packages/airflow/example_dags/example_python_operator.py for tasks to queue
[2025-06-25T01:56:49.860+0200] {logging_mixin.py:149} INFO - [2025-06-25T01:56:49.860+0200] {dagbag.py:541} INFO - Filling up the DagBag from /home/atef/.local/lib/python3.9/site-packages/airflow/example_dags/example_python_operator.py
[2025-06-25T01:56:49.919+0200] {logging_mixin.py:149} INFO - [2025-06-25T01:56:49.919+0200] {taskmixin.py:211} WARNING - Dependency <Task(_PythonDecoratedOperator): print_the_context>, log_sql_query already registered for DAG: example_python_operator
[2025-06-25T01:56:49.923+0200] {logging_mixin.py:149} INFO - [2025-06-25T01:56:49.923+0200] {taskmixin.py:211} WARNING - Dependency <Task(_PythonDecoratedOperator): log_sql_query>, print_the_context already registered for DAG: example_python_operator
[2025-06-25T01:56:49.926+0200] {logging_mixin.py:149} INFO - [2025-06-25T01:56:49.925+0200] {taskmixin.py:211} WARNING - Dependency <Task(_PythonDecoratedOperator): print_the_context>, log_sql_query already registered for DAG: example_python_operator
[2025-06-25T01:56:49.931+0200] {logging_mixin.py:149} INFO - [2025-06-25T01:56:49.930+0200] {taskmixin.py:211} WARNING - Dependency <Task(_PythonDecoratedOperator): log_sql_query>, print_the_context already registered for DAG: example_python_operator
[2025-06-25T01:56:49.944+0200] {logging_mixin.py:149} INFO - [2025-06-25T01:56:49.934+0200] {taskmixin.py:211} WARNING - Dependency <Task(_PythonDecoratedOperator): print_the_context>, log_sql_query already registered for DAG: example_python_operator
[2025-06-25T01:56:49.945+0200] {logging_mixin.py:149} INFO - [2025-06-25T01:56:49.945+0200] {taskmixin.py:211} WARNING - Dependency <Task(_PythonDecoratedOperator): log_sql_query>, print_the_context already registered for DAG: example_python_operator
[2025-06-25T01:56:49.948+0200] {logging_mixin.py:149} INFO - [2025-06-25T01:56:49.947+0200] {taskmixin.py:211} WARNING - Dependency <Task(_PythonDecoratedOperator): print_the_context>, log_sql_query already registered for DAG: example_python_operator
[2025-06-25T01:56:49.948+0200] {logging_mixin.py:149} INFO - [2025-06-25T01:56:49.948+0200] {taskmixin.py:211} WARNING - Dependency <Task(_PythonDecoratedOperator): log_sql_query>, print_the_context already registered for DAG: example_python_operator
[2025-06-25T01:56:49.953+0200] {logging_mixin.py:149} INFO - [2025-06-25T01:56:49.953+0200] {example_python_operator.py:90} WARNING - The virtalenv_python example task requires virtualenv, please install it.
[2025-06-25T01:56:49.961+0200] {processor.py:836} INFO - DAG(s) dict_keys(['example_python_operator']) retrieved from /home/atef/.local/lib/python3.9/site-packages/airflow/example_dags/example_python_operator.py
[2025-06-25T01:56:50.053+0200] {logging_mixin.py:149} INFO - [2025-06-25T01:56:50.052+0200] {dag.py:2726} INFO - Sync 1 DAGs
[2025-06-25T01:56:50.144+0200] {logging_mixin.py:149} INFO - [2025-06-25T01:56:50.143+0200] {dag.py:3486} INFO - Setting next_dagrun for example_python_operator to None, run_after=None
[2025-06-25T01:56:50.291+0200] {processor.py:179} INFO - Processing /home/atef/.local/lib/python3.9/site-packages/airflow/example_dags/example_python_operator.py took 0.458 seconds
[2025-06-25T01:58:12.450+0200] {processor.py:157} INFO - Started process (PID=191654) to work on /home/atef/.local/lib/python3.9/site-packages/airflow/example_dags/example_python_operator.py
[2025-06-25T01:58:12.530+0200] {processor.py:826} INFO - Processing file /home/atef/.local/lib/python3.9/site-packages/airflow/example_dags/example_python_operator.py for tasks to queue
[2025-06-25T01:58:12.559+0200] {logging_mixin.py:149} INFO - [2025-06-25T01:58:12.559+0200] {dagbag.py:541} INFO - Filling up the DagBag from /home/atef/.local/lib/python3.9/site-packages/airflow/example_dags/example_python_operator.py
[2025-06-25T01:58:13.010+0200] {logging_mixin.py:149} INFO - [2025-06-25T01:58:12.995+0200] {taskmixin.py:211} WARNING - Dependency <Task(_PythonDecoratedOperator): print_the_context>, log_sql_query already registered for DAG: example_python_operator
[2025-06-25T01:58:13.011+0200] {logging_mixin.py:149} INFO - [2025-06-25T01:58:13.011+0200] {taskmixin.py:211} WARNING - Dependency <Task(_PythonDecoratedOperator): log_sql_query>, print_the_context already registered for DAG: example_python_operator
[2025-06-25T01:58:13.050+0200] {logging_mixin.py:149} INFO - [2025-06-25T01:58:13.014+0200] {taskmixin.py:211} WARNING - Dependency <Task(_PythonDecoratedOperator): print_the_context>, log_sql_query already registered for DAG: example_python_operator
[2025-06-25T01:58:13.073+0200] {logging_mixin.py:149} INFO - [2025-06-25T01:58:13.056+0200] {taskmixin.py:211} WARNING - Dependency <Task(_PythonDecoratedOperator): log_sql_query>, print_the_context already registered for DAG: example_python_operator
[2025-06-25T01:58:13.092+0200] {logging_mixin.py:149} INFO - [2025-06-25T01:58:13.076+0200] {taskmixin.py:211} WARNING - Dependency <Task(_PythonDecoratedOperator): print_the_context>, log_sql_query already registered for DAG: example_python_operator
[2025-06-25T01:58:13.093+0200] {logging_mixin.py:149} INFO - [2025-06-25T01:58:13.093+0200] {taskmixin.py:211} WARNING - Dependency <Task(_PythonDecoratedOperator): log_sql_query>, print_the_context already registered for DAG: example_python_operator
[2025-06-25T01:58:13.125+0200] {logging_mixin.py:149} INFO - [2025-06-25T01:58:13.120+0200] {taskmixin.py:211} WARNING - Dependency <Task(_PythonDecoratedOperator): print_the_context>, log_sql_query already registered for DAG: example_python_operator
[2025-06-25T01:58:13.149+0200] {logging_mixin.py:149} INFO - [2025-06-25T01:58:13.149+0200] {taskmixin.py:211} WARNING - Dependency <Task(_PythonDecoratedOperator): log_sql_query>, print_the_context already registered for DAG: example_python_operator
[2025-06-25T01:58:13.194+0200] {logging_mixin.py:149} INFO - [2025-06-25T01:58:13.182+0200] {example_python_operator.py:90} WARNING - The virtalenv_python example task requires virtualenv, please install it.
[2025-06-25T01:58:13.222+0200] {processor.py:836} INFO - DAG(s) dict_keys(['example_python_operator']) retrieved from /home/atef/.local/lib/python3.9/site-packages/airflow/example_dags/example_python_operator.py
[2025-06-25T01:58:15.024+0200] {logging_mixin.py:149} INFO - [2025-06-25T01:58:15.023+0200] {dag.py:2726} INFO - Sync 1 DAGs
[2025-06-25T01:58:16.057+0200] {logging_mixin.py:149} INFO - [2025-06-25T01:58:16.045+0200] {dag.py:3486} INFO - Setting next_dagrun for example_python_operator to None, run_after=None
[2025-06-25T01:58:16.831+0200] {processor.py:179} INFO - Processing /home/atef/.local/lib/python3.9/site-packages/airflow/example_dags/example_python_operator.py took 4.589 seconds
