[2025-06-24T23:15:12.624+0200] {processor.py:157} INFO - Started process (PID=154808) to work on /home/atef/.local/lib/python3.9/site-packages/airflow/example_dags/example_latest_only_with_trigger.py
[2025-06-24T23:15:12.644+0200] {processor.py:826} INFO - Processing file /home/atef/.local/lib/python3.9/site-packages/airflow/example_dags/example_latest_only_with_trigger.py for tasks to queue
[2025-06-24T23:15:12.694+0200] {logging_mixin.py:149} INFO - [2025-06-24T23:15:12.677+0200] {dagbag.py:541} INFO - Filling up the DagBag from /home/atef/.local/lib/python3.9/site-packages/airflow/example_dags/example_latest_only_with_trigger.py
[2025-06-24T23:15:14.104+0200] {processor.py:836} INFO - DAG(s) dict_keys(['latest_only_with_trigger']) retrieved from /home/atef/.local/lib/python3.9/site-packages/airflow/example_dags/example_latest_only_with_trigger.py
[2025-06-24T23:15:15.092+0200] {logging_mixin.py:149} INFO - [2025-06-24T23:15:15.083+0200] {dag.py:2726} INFO - Sync 1 DAGs
[2025-06-24T23:15:15.940+0200] {logging_mixin.py:149} INFO - [2025-06-24T23:15:15.939+0200] {dag.py:3486} INFO - Setting next_dagrun for latest_only_with_trigger to 2025-06-24T17:15:15.682057+00:00, run_after=2025-06-24T21:15:15.682057+00:00
[2025-06-24T23:15:25.983+0200] {processor.py:179} INFO - Processing /home/atef/.local/lib/python3.9/site-packages/airflow/example_dags/example_latest_only_with_trigger.py took 13.468 seconds
[2025-06-24T23:16:41.580+0200] {processor.py:157} INFO - Started process (PID=155211) to work on /home/atef/.local/lib/python3.9/site-packages/airflow/example_dags/example_latest_only_with_trigger.py
[2025-06-24T23:16:41.590+0200] {processor.py:826} INFO - Processing file /home/atef/.local/lib/python3.9/site-packages/airflow/example_dags/example_latest_only_with_trigger.py for tasks to queue
[2025-06-24T23:16:41.597+0200] {logging_mixin.py:149} INFO - [2025-06-24T23:16:41.597+0200] {dagbag.py:541} INFO - Filling up the DagBag from /home/atef/.local/lib/python3.9/site-packages/airflow/example_dags/example_latest_only_with_trigger.py
[2025-06-24T23:16:41.645+0200] {processor.py:836} INFO - DAG(s) dict_keys(['latest_only_with_trigger']) retrieved from /home/atef/.local/lib/python3.9/site-packages/airflow/example_dags/example_latest_only_with_trigger.py
[2025-06-24T23:16:41.755+0200] {logging_mixin.py:149} INFO - [2025-06-24T23:16:41.755+0200] {dag.py:2726} INFO - Sync 1 DAGs
[2025-06-24T23:16:41.838+0200] {logging_mixin.py:149} INFO - [2025-06-24T23:16:41.838+0200] {dag.py:3486} INFO - Setting next_dagrun for latest_only_with_trigger to 2025-06-24T17:16:41.837129+00:00, run_after=2025-06-24T21:16:41.837129+00:00
[2025-06-24T23:16:41.906+0200] {processor.py:179} INFO - Processing /home/atef/.local/lib/python3.9/site-packages/airflow/example_dags/example_latest_only_with_trigger.py took 0.352 seconds
[2025-06-24T23:17:45.890+0200] {processor.py:157} INFO - Started process (PID=155346) to work on /home/atef/.local/lib/python3.9/site-packages/airflow/example_dags/example_latest_only_with_trigger.py
[2025-06-24T23:17:45.897+0200] {processor.py:826} INFO - Processing file /home/atef/.local/lib/python3.9/site-packages/airflow/example_dags/example_latest_only_with_trigger.py for tasks to queue
[2025-06-24T23:17:45.902+0200] {logging_mixin.py:149} INFO - [2025-06-24T23:17:45.901+0200] {dagbag.py:541} INFO - Filling up the DagBag from /home/atef/.local/lib/python3.9/site-packages/airflow/example_dags/example_latest_only_with_trigger.py
[2025-06-24T23:17:45.944+0200] {processor.py:836} INFO - DAG(s) dict_keys(['latest_only_with_trigger']) retrieved from /home/atef/.local/lib/python3.9/site-packages/airflow/example_dags/example_latest_only_with_trigger.py
[2025-06-24T23:17:46.057+0200] {logging_mixin.py:149} INFO - [2025-06-24T23:17:46.056+0200] {dag.py:2726} INFO - Sync 1 DAGs
[2025-06-24T23:17:46.136+0200] {logging_mixin.py:149} INFO - [2025-06-24T23:17:46.135+0200] {dag.py:3486} INFO - Setting next_dagrun for latest_only_with_trigger to 2025-06-24T17:17:46.134183+00:00, run_after=2025-06-24T21:17:46.134183+00:00
[2025-06-24T23:17:46.200+0200] {processor.py:179} INFO - Processing /home/atef/.local/lib/python3.9/site-packages/airflow/example_dags/example_latest_only_with_trigger.py took 0.337 seconds
[2025-06-25T01:11:52.900+0200] {processor.py:157} INFO - Started process (PID=173286) to work on /home/atef/.local/lib/python3.9/site-packages/airflow/example_dags/example_latest_only_with_trigger.py
[2025-06-25T01:11:52.934+0200] {processor.py:826} INFO - Processing file /home/atef/.local/lib/python3.9/site-packages/airflow/example_dags/example_latest_only_with_trigger.py for tasks to queue
[2025-06-25T01:11:52.937+0200] {logging_mixin.py:149} INFO - [2025-06-25T01:11:52.937+0200] {dagbag.py:541} INFO - Filling up the DagBag from /home/atef/.local/lib/python3.9/site-packages/airflow/example_dags/example_latest_only_with_trigger.py
[2025-06-25T01:11:52.982+0200] {processor.py:836} INFO - DAG(s) dict_keys(['latest_only_with_trigger']) retrieved from /home/atef/.local/lib/python3.9/site-packages/airflow/example_dags/example_latest_only_with_trigger.py
[2025-06-25T01:11:53.125+0200] {logging_mixin.py:149} INFO - [2025-06-25T01:11:53.124+0200] {dag.py:2726} INFO - Sync 1 DAGs
[2025-06-25T01:11:53.230+0200] {logging_mixin.py:149} INFO - [2025-06-25T01:11:53.230+0200] {dag.py:3486} INFO - Setting next_dagrun for latest_only_with_trigger to 2025-06-24T19:11:53.227926+00:00, run_after=2025-06-24T23:11:53.227926+00:00
[2025-06-25T01:11:53.408+0200] {processor.py:179} INFO - Processing /home/atef/.local/lib/python3.9/site-packages/airflow/example_dags/example_latest_only_with_trigger.py took 0.537 seconds
[2025-06-25T01:18:16.175+0200] {processor.py:157} INFO - Started process (PID=175097) to work on /home/atef/.local/lib/python3.9/site-packages/airflow/example_dags/example_latest_only_with_trigger.py
[2025-06-25T01:18:16.224+0200] {processor.py:826} INFO - Processing file /home/atef/.local/lib/python3.9/site-packages/airflow/example_dags/example_latest_only_with_trigger.py for tasks to queue
[2025-06-25T01:18:16.251+0200] {logging_mixin.py:149} INFO - [2025-06-25T01:18:16.250+0200] {dagbag.py:541} INFO - Filling up the DagBag from /home/atef/.local/lib/python3.9/site-packages/airflow/example_dags/example_latest_only_with_trigger.py
[2025-06-25T01:18:16.596+0200] {processor.py:836} INFO - DAG(s) dict_keys(['latest_only_with_trigger']) retrieved from /home/atef/.local/lib/python3.9/site-packages/airflow/example_dags/example_latest_only_with_trigger.py
[2025-06-25T01:18:17.689+0200] {logging_mixin.py:149} INFO - [2025-06-25T01:18:17.688+0200] {dag.py:2726} INFO - Sync 1 DAGs
[2025-06-25T01:18:18.003+0200] {logging_mixin.py:149} INFO - [2025-06-25T01:18:18.002+0200] {dag.py:3486} INFO - Setting next_dagrun for latest_only_with_trigger to 2025-06-24T19:18:17.996160+00:00, run_after=2025-06-24T23:18:17.996160+00:00
[2025-06-25T01:18:18.228+0200] {processor.py:179} INFO - Processing /home/atef/.local/lib/python3.9/site-packages/airflow/example_dags/example_latest_only_with_trigger.py took 2.163 seconds
[2025-06-25T01:19:44.078+0200] {processor.py:157} INFO - Started process (PID=175710) to work on /home/atef/.local/lib/python3.9/site-packages/airflow/example_dags/example_latest_only_with_trigger.py
[2025-06-25T01:19:44.086+0200] {processor.py:826} INFO - Processing file /home/atef/.local/lib/python3.9/site-packages/airflow/example_dags/example_latest_only_with_trigger.py for tasks to queue
[2025-06-25T01:19:44.091+0200] {logging_mixin.py:149} INFO - [2025-06-25T01:19:44.090+0200] {dagbag.py:541} INFO - Filling up the DagBag from /home/atef/.local/lib/python3.9/site-packages/airflow/example_dags/example_latest_only_with_trigger.py
[2025-06-25T01:19:44.146+0200] {processor.py:836} INFO - DAG(s) dict_keys(['latest_only_with_trigger']) retrieved from /home/atef/.local/lib/python3.9/site-packages/airflow/example_dags/example_latest_only_with_trigger.py
[2025-06-25T01:19:44.208+0200] {logging_mixin.py:149} INFO - [2025-06-25T01:19:44.208+0200] {dag.py:2726} INFO - Sync 1 DAGs
[2025-06-25T01:19:44.282+0200] {logging_mixin.py:149} INFO - [2025-06-25T01:19:44.282+0200] {dag.py:3486} INFO - Setting next_dagrun for latest_only_with_trigger to 2025-06-24T19:19:44.281507+00:00, run_after=2025-06-24T23:19:44.281507+00:00
[2025-06-25T01:19:44.355+0200] {processor.py:179} INFO - Processing /home/atef/.local/lib/python3.9/site-packages/airflow/example_dags/example_latest_only_with_trigger.py took 0.309 seconds
[2025-06-25T01:21:34.342+0200] {processor.py:157} INFO - Started process (PID=176844) to work on /home/atef/.local/lib/python3.9/site-packages/airflow/example_dags/example_latest_only_with_trigger.py
[2025-06-25T01:21:34.356+0200] {processor.py:826} INFO - Processing file /home/atef/.local/lib/python3.9/site-packages/airflow/example_dags/example_latest_only_with_trigger.py for tasks to queue
[2025-06-25T01:21:34.362+0200] {logging_mixin.py:149} INFO - [2025-06-25T01:21:34.361+0200] {dagbag.py:541} INFO - Filling up the DagBag from /home/atef/.local/lib/python3.9/site-packages/airflow/example_dags/example_latest_only_with_trigger.py
[2025-06-25T01:21:34.412+0200] {processor.py:836} INFO - DAG(s) dict_keys(['latest_only_with_trigger']) retrieved from /home/atef/.local/lib/python3.9/site-packages/airflow/example_dags/example_latest_only_with_trigger.py
[2025-06-25T01:21:34.544+0200] {logging_mixin.py:149} INFO - [2025-06-25T01:21:34.543+0200] {dag.py:2726} INFO - Sync 1 DAGs
[2025-06-25T01:21:34.598+0200] {logging_mixin.py:149} INFO - [2025-06-25T01:21:34.597+0200] {dag.py:3486} INFO - Setting next_dagrun for latest_only_with_trigger to 2025-06-24T19:21:34.597059+00:00, run_after=2025-06-24T23:21:34.597059+00:00
[2025-06-25T01:21:34.644+0200] {processor.py:179} INFO - Processing /home/atef/.local/lib/python3.9/site-packages/airflow/example_dags/example_latest_only_with_trigger.py took 0.337 seconds
[2025-06-25T01:22:47.819+0200] {processor.py:157} INFO - Started process (PID=177102) to work on /home/atef/.local/lib/python3.9/site-packages/airflow/example_dags/example_latest_only_with_trigger.py
[2025-06-25T01:22:47.825+0200] {processor.py:826} INFO - Processing file /home/atef/.local/lib/python3.9/site-packages/airflow/example_dags/example_latest_only_with_trigger.py for tasks to queue
[2025-06-25T01:22:47.827+0200] {logging_mixin.py:149} INFO - [2025-06-25T01:22:47.827+0200] {dagbag.py:541} INFO - Filling up the DagBag from /home/atef/.local/lib/python3.9/site-packages/airflow/example_dags/example_latest_only_with_trigger.py
[2025-06-25T01:22:47.857+0200] {processor.py:836} INFO - DAG(s) dict_keys(['latest_only_with_trigger']) retrieved from /home/atef/.local/lib/python3.9/site-packages/airflow/example_dags/example_latest_only_with_trigger.py
[2025-06-25T01:22:47.927+0200] {logging_mixin.py:149} INFO - [2025-06-25T01:22:47.927+0200] {dag.py:2726} INFO - Sync 1 DAGs
[2025-06-25T01:22:47.971+0200] {logging_mixin.py:149} INFO - [2025-06-25T01:22:47.970+0200] {dag.py:3486} INFO - Setting next_dagrun for latest_only_with_trigger to 2025-06-24T19:22:47.970145+00:00, run_after=2025-06-24T23:22:47.970145+00:00
[2025-06-25T01:22:48.019+0200] {processor.py:179} INFO - Processing /home/atef/.local/lib/python3.9/site-packages/airflow/example_dags/example_latest_only_with_trigger.py took 0.216 seconds
[2025-06-25T01:24:32.494+0200] {processor.py:157} INFO - Started process (PID=177920) to work on /home/atef/.local/lib/python3.9/site-packages/airflow/example_dags/example_latest_only_with_trigger.py
[2025-06-25T01:24:32.518+0200] {processor.py:826} INFO - Processing file /home/atef/.local/lib/python3.9/site-packages/airflow/example_dags/example_latest_only_with_trigger.py for tasks to queue
[2025-06-25T01:24:32.522+0200] {logging_mixin.py:149} INFO - [2025-06-25T01:24:32.522+0200] {dagbag.py:541} INFO - Filling up the DagBag from /home/atef/.local/lib/python3.9/site-packages/airflow/example_dags/example_latest_only_with_trigger.py
[2025-06-25T01:24:32.675+0200] {processor.py:836} INFO - DAG(s) dict_keys(['latest_only_with_trigger']) retrieved from /home/atef/.local/lib/python3.9/site-packages/airflow/example_dags/example_latest_only_with_trigger.py
[2025-06-25T01:24:32.867+0200] {logging_mixin.py:149} INFO - [2025-06-25T01:24:32.867+0200] {dag.py:2726} INFO - Sync 1 DAGs
[2025-06-25T01:24:32.990+0200] {logging_mixin.py:149} INFO - [2025-06-25T01:24:32.989+0200] {dag.py:3486} INFO - Setting next_dagrun for latest_only_with_trigger to 2025-06-24T19:24:32.989054+00:00, run_after=2025-06-24T23:24:32.989054+00:00
[2025-06-25T01:24:33.115+0200] {processor.py:179} INFO - Processing /home/atef/.local/lib/python3.9/site-packages/airflow/example_dags/example_latest_only_with_trigger.py took 0.687 seconds
[2025-06-25T01:26:42.245+0200] {processor.py:157} INFO - Started process (PID=178906) to work on /home/atef/.local/lib/python3.9/site-packages/airflow/example_dags/example_latest_only_with_trigger.py
[2025-06-25T01:26:42.252+0200] {processor.py:826} INFO - Processing file /home/atef/.local/lib/python3.9/site-packages/airflow/example_dags/example_latest_only_with_trigger.py for tasks to queue
[2025-06-25T01:26:42.254+0200] {logging_mixin.py:149} INFO - [2025-06-25T01:26:42.254+0200] {dagbag.py:541} INFO - Filling up the DagBag from /home/atef/.local/lib/python3.9/site-packages/airflow/example_dags/example_latest_only_with_trigger.py
[2025-06-25T01:26:42.284+0200] {processor.py:836} INFO - DAG(s) dict_keys(['latest_only_with_trigger']) retrieved from /home/atef/.local/lib/python3.9/site-packages/airflow/example_dags/example_latest_only_with_trigger.py
[2025-06-25T01:26:42.368+0200] {logging_mixin.py:149} INFO - [2025-06-25T01:26:42.368+0200] {dag.py:2726} INFO - Sync 1 DAGs
[2025-06-25T01:26:42.436+0200] {logging_mixin.py:149} INFO - [2025-06-25T01:26:42.436+0200] {dag.py:3486} INFO - Setting next_dagrun for latest_only_with_trigger to 2025-06-24T19:26:42.435920+00:00, run_after=2025-06-24T23:26:42.435920+00:00
[2025-06-25T01:26:42.489+0200] {processor.py:179} INFO - Processing /home/atef/.local/lib/python3.9/site-packages/airflow/example_dags/example_latest_only_with_trigger.py took 0.261 seconds
[2025-06-25T01:29:31.012+0200] {processor.py:157} INFO - Started process (PID=180121) to work on /home/atef/.local/lib/python3.9/site-packages/airflow/example_dags/example_latest_only_with_trigger.py
[2025-06-25T01:29:31.025+0200] {processor.py:826} INFO - Processing file /home/atef/.local/lib/python3.9/site-packages/airflow/example_dags/example_latest_only_with_trigger.py for tasks to queue
[2025-06-25T01:29:31.029+0200] {logging_mixin.py:149} INFO - [2025-06-25T01:29:31.029+0200] {dagbag.py:541} INFO - Filling up the DagBag from /home/atef/.local/lib/python3.9/site-packages/airflow/example_dags/example_latest_only_with_trigger.py
[2025-06-25T01:29:31.126+0200] {processor.py:836} INFO - DAG(s) dict_keys(['latest_only_with_trigger']) retrieved from /home/atef/.local/lib/python3.9/site-packages/airflow/example_dags/example_latest_only_with_trigger.py
[2025-06-25T01:29:31.371+0200] {logging_mixin.py:149} INFO - [2025-06-25T01:29:31.371+0200] {dag.py:2726} INFO - Sync 1 DAGs
[2025-06-25T01:29:31.498+0200] {logging_mixin.py:149} INFO - [2025-06-25T01:29:31.498+0200] {dag.py:3486} INFO - Setting next_dagrun for latest_only_with_trigger to 2025-06-24T19:29:31.497036+00:00, run_after=2025-06-24T23:29:31.497036+00:00
[2025-06-25T01:29:31.836+0200] {processor.py:179} INFO - Processing /home/atef/.local/lib/python3.9/site-packages/airflow/example_dags/example_latest_only_with_trigger.py took 0.875 seconds
[2025-06-25T01:31:23.683+0200] {processor.py:157} INFO - Started process (PID=181161) to work on /home/atef/.local/lib/python3.9/site-packages/airflow/example_dags/example_latest_only_with_trigger.py
[2025-06-25T01:31:23.688+0200] {processor.py:826} INFO - Processing file /home/atef/.local/lib/python3.9/site-packages/airflow/example_dags/example_latest_only_with_trigger.py for tasks to queue
[2025-06-25T01:31:23.690+0200] {logging_mixin.py:149} INFO - [2025-06-25T01:31:23.690+0200] {dagbag.py:541} INFO - Filling up the DagBag from /home/atef/.local/lib/python3.9/site-packages/airflow/example_dags/example_latest_only_with_trigger.py
[2025-06-25T01:31:23.717+0200] {processor.py:836} INFO - DAG(s) dict_keys(['latest_only_with_trigger']) retrieved from /home/atef/.local/lib/python3.9/site-packages/airflow/example_dags/example_latest_only_with_trigger.py
[2025-06-25T01:31:23.794+0200] {logging_mixin.py:149} INFO - [2025-06-25T01:31:23.793+0200] {dag.py:2726} INFO - Sync 1 DAGs
[2025-06-25T01:31:23.871+0200] {logging_mixin.py:149} INFO - [2025-06-25T01:31:23.870+0200] {dag.py:3486} INFO - Setting next_dagrun for latest_only_with_trigger to 2025-06-24T19:31:23.870000+00:00, run_after=2025-06-24T23:31:23.870000+00:00
[2025-06-25T01:31:23.915+0200] {processor.py:179} INFO - Processing /home/atef/.local/lib/python3.9/site-packages/airflow/example_dags/example_latest_only_with_trigger.py took 0.248 seconds
[2025-06-25T01:32:34.307+0200] {processor.py:157} INFO - Started process (PID=181416) to work on /home/atef/.local/lib/python3.9/site-packages/airflow/example_dags/example_latest_only_with_trigger.py
[2025-06-25T01:32:34.314+0200] {processor.py:826} INFO - Processing file /home/atef/.local/lib/python3.9/site-packages/airflow/example_dags/example_latest_only_with_trigger.py for tasks to queue
[2025-06-25T01:32:34.319+0200] {logging_mixin.py:149} INFO - [2025-06-25T01:32:34.318+0200] {dagbag.py:541} INFO - Filling up the DagBag from /home/atef/.local/lib/python3.9/site-packages/airflow/example_dags/example_latest_only_with_trigger.py
[2025-06-25T01:32:34.354+0200] {processor.py:836} INFO - DAG(s) dict_keys(['latest_only_with_trigger']) retrieved from /home/atef/.local/lib/python3.9/site-packages/airflow/example_dags/example_latest_only_with_trigger.py
[2025-06-25T01:32:34.469+0200] {logging_mixin.py:149} INFO - [2025-06-25T01:32:34.464+0200] {dag.py:2726} INFO - Sync 1 DAGs
[2025-06-25T01:32:34.578+0200] {logging_mixin.py:149} INFO - [2025-06-25T01:32:34.576+0200] {dag.py:3486} INFO - Setting next_dagrun for latest_only_with_trigger to 2025-06-24T19:32:34.574975+00:00, run_after=2025-06-24T23:32:34.574975+00:00
[2025-06-25T01:32:34.687+0200] {processor.py:179} INFO - Processing /home/atef/.local/lib/python3.9/site-packages/airflow/example_dags/example_latest_only_with_trigger.py took 0.401 seconds
[2025-06-25T01:34:42.207+0200] {processor.py:157} INFO - Started process (PID=182087) to work on /home/atef/.local/lib/python3.9/site-packages/airflow/example_dags/example_latest_only_with_trigger.py
[2025-06-25T01:34:42.214+0200] {processor.py:826} INFO - Processing file /home/atef/.local/lib/python3.9/site-packages/airflow/example_dags/example_latest_only_with_trigger.py for tasks to queue
[2025-06-25T01:34:42.217+0200] {logging_mixin.py:149} INFO - [2025-06-25T01:34:42.217+0200] {dagbag.py:541} INFO - Filling up the DagBag from /home/atef/.local/lib/python3.9/site-packages/airflow/example_dags/example_latest_only_with_trigger.py
[2025-06-25T01:34:42.255+0200] {processor.py:836} INFO - DAG(s) dict_keys(['latest_only_with_trigger']) retrieved from /home/atef/.local/lib/python3.9/site-packages/airflow/example_dags/example_latest_only_with_trigger.py
[2025-06-25T01:34:42.466+0200] {logging_mixin.py:149} INFO - [2025-06-25T01:34:42.466+0200] {dag.py:2726} INFO - Sync 1 DAGs
[2025-06-25T01:34:42.567+0200] {logging_mixin.py:149} INFO - [2025-06-25T01:34:42.566+0200] {dag.py:3486} INFO - Setting next_dagrun for latest_only_with_trigger to 2025-06-24T19:34:42.566073+00:00, run_after=2025-06-24T23:34:42.566073+00:00
[2025-06-25T01:34:42.623+0200] {processor.py:179} INFO - Processing /home/atef/.local/lib/python3.9/site-packages/airflow/example_dags/example_latest_only_with_trigger.py took 0.438 seconds
[2025-06-25T01:38:23.512+0200] {processor.py:157} INFO - Started process (PID=183498) to work on /home/atef/.local/lib/python3.9/site-packages/airflow/example_dags/example_latest_only_with_trigger.py
[2025-06-25T01:38:23.517+0200] {processor.py:826} INFO - Processing file /home/atef/.local/lib/python3.9/site-packages/airflow/example_dags/example_latest_only_with_trigger.py for tasks to queue
[2025-06-25T01:38:23.519+0200] {logging_mixin.py:149} INFO - [2025-06-25T01:38:23.519+0200] {dagbag.py:541} INFO - Filling up the DagBag from /home/atef/.local/lib/python3.9/site-packages/airflow/example_dags/example_latest_only_with_trigger.py
[2025-06-25T01:38:23.546+0200] {processor.py:836} INFO - DAG(s) dict_keys(['latest_only_with_trigger']) retrieved from /home/atef/.local/lib/python3.9/site-packages/airflow/example_dags/example_latest_only_with_trigger.py
[2025-06-25T01:38:23.621+0200] {logging_mixin.py:149} INFO - [2025-06-25T01:38:23.621+0200] {dag.py:2726} INFO - Sync 1 DAGs
[2025-06-25T01:38:23.666+0200] {logging_mixin.py:149} INFO - [2025-06-25T01:38:23.666+0200] {dag.py:3486} INFO - Setting next_dagrun for latest_only_with_trigger to 2025-06-24T19:38:23.665175+00:00, run_after=2025-06-24T23:38:23.665175+00:00
[2025-06-25T01:38:23.715+0200] {processor.py:179} INFO - Processing /home/atef/.local/lib/python3.9/site-packages/airflow/example_dags/example_latest_only_with_trigger.py took 0.217 seconds
[2025-06-25T01:39:33.956+0200] {processor.py:157} INFO - Started process (PID=183727) to work on /home/atef/.local/lib/python3.9/site-packages/airflow/example_dags/example_latest_only_with_trigger.py
[2025-06-25T01:39:33.962+0200] {processor.py:826} INFO - Processing file /home/atef/.local/lib/python3.9/site-packages/airflow/example_dags/example_latest_only_with_trigger.py for tasks to queue
[2025-06-25T01:39:33.965+0200] {logging_mixin.py:149} INFO - [2025-06-25T01:39:33.964+0200] {dagbag.py:541} INFO - Filling up the DagBag from /home/atef/.local/lib/python3.9/site-packages/airflow/example_dags/example_latest_only_with_trigger.py
[2025-06-25T01:39:34.053+0200] {processor.py:836} INFO - DAG(s) dict_keys(['latest_only_with_trigger']) retrieved from /home/atef/.local/lib/python3.9/site-packages/airflow/example_dags/example_latest_only_with_trigger.py
[2025-06-25T01:39:34.230+0200] {logging_mixin.py:149} INFO - [2025-06-25T01:39:34.229+0200] {dag.py:2726} INFO - Sync 1 DAGs
[2025-06-25T01:39:34.297+0200] {logging_mixin.py:149} INFO - [2025-06-25T01:39:34.297+0200] {dag.py:3486} INFO - Setting next_dagrun for latest_only_with_trigger to 2025-06-24T19:39:34.296228+00:00, run_after=2025-06-24T23:39:34.296228+00:00
[2025-06-25T01:39:34.344+0200] {processor.py:179} INFO - Processing /home/atef/.local/lib/python3.9/site-packages/airflow/example_dags/example_latest_only_with_trigger.py took 0.406 seconds
[2025-06-25T01:41:07.305+0200] {processor.py:157} INFO - Started process (PID=184024) to work on /home/atef/.local/lib/python3.9/site-packages/airflow/example_dags/example_latest_only_with_trigger.py
[2025-06-25T01:41:07.309+0200] {processor.py:826} INFO - Processing file /home/atef/.local/lib/python3.9/site-packages/airflow/example_dags/example_latest_only_with_trigger.py for tasks to queue
[2025-06-25T01:41:07.310+0200] {logging_mixin.py:149} INFO - [2025-06-25T01:41:07.310+0200] {dagbag.py:541} INFO - Filling up the DagBag from /home/atef/.local/lib/python3.9/site-packages/airflow/example_dags/example_latest_only_with_trigger.py
[2025-06-25T01:41:07.334+0200] {processor.py:836} INFO - DAG(s) dict_keys(['latest_only_with_trigger']) retrieved from /home/atef/.local/lib/python3.9/site-packages/airflow/example_dags/example_latest_only_with_trigger.py
[2025-06-25T01:41:07.394+0200] {logging_mixin.py:149} INFO - [2025-06-25T01:41:07.394+0200] {dag.py:2726} INFO - Sync 1 DAGs
[2025-06-25T01:41:07.442+0200] {logging_mixin.py:149} INFO - [2025-06-25T01:41:07.442+0200] {dag.py:3486} INFO - Setting next_dagrun for latest_only_with_trigger to 2025-06-24T19:41:07.441645+00:00, run_after=2025-06-24T23:41:07.441645+00:00
[2025-06-25T01:41:07.489+0200] {processor.py:179} INFO - Processing /home/atef/.local/lib/python3.9/site-packages/airflow/example_dags/example_latest_only_with_trigger.py took 0.198 seconds
[2025-06-25T01:45:55.451+0200] {processor.py:157} INFO - Started process (PID=187437) to work on /home/atef/.local/lib/python3.9/site-packages/airflow/example_dags/example_latest_only_with_trigger.py
[2025-06-25T01:45:55.458+0200] {processor.py:826} INFO - Processing file /home/atef/.local/lib/python3.9/site-packages/airflow/example_dags/example_latest_only_with_trigger.py for tasks to queue
[2025-06-25T01:45:55.461+0200] {logging_mixin.py:149} INFO - [2025-06-25T01:45:55.460+0200] {dagbag.py:541} INFO - Filling up the DagBag from /home/atef/.local/lib/python3.9/site-packages/airflow/example_dags/example_latest_only_with_trigger.py
[2025-06-25T01:45:55.509+0200] {processor.py:836} INFO - DAG(s) dict_keys(['latest_only_with_trigger']) retrieved from /home/atef/.local/lib/python3.9/site-packages/airflow/example_dags/example_latest_only_with_trigger.py
[2025-06-25T01:45:55.604+0200] {logging_mixin.py:149} INFO - [2025-06-25T01:45:55.604+0200] {dag.py:2726} INFO - Sync 1 DAGs
[2025-06-25T01:45:55.674+0200] {logging_mixin.py:149} INFO - [2025-06-25T01:45:55.674+0200] {dag.py:3486} INFO - Setting next_dagrun for latest_only_with_trigger to 2025-06-24T19:45:55.673030+00:00, run_after=2025-06-24T23:45:55.673030+00:00
[2025-06-25T01:45:55.757+0200] {processor.py:179} INFO - Processing /home/atef/.local/lib/python3.9/site-packages/airflow/example_dags/example_latest_only_with_trigger.py took 0.327 seconds
[2025-06-25T01:47:22.051+0200] {processor.py:157} INFO - Started process (PID=188303) to work on /home/atef/.local/lib/python3.9/site-packages/airflow/example_dags/example_latest_only_with_trigger.py
[2025-06-25T01:47:22.061+0200] {processor.py:826} INFO - Processing file /home/atef/.local/lib/python3.9/site-packages/airflow/example_dags/example_latest_only_with_trigger.py for tasks to queue
[2025-06-25T01:47:22.065+0200] {logging_mixin.py:149} INFO - [2025-06-25T01:47:22.065+0200] {dagbag.py:541} INFO - Filling up the DagBag from /home/atef/.local/lib/python3.9/site-packages/airflow/example_dags/example_latest_only_with_trigger.py
[2025-06-25T01:47:22.117+0200] {processor.py:836} INFO - DAG(s) dict_keys(['latest_only_with_trigger']) retrieved from /home/atef/.local/lib/python3.9/site-packages/airflow/example_dags/example_latest_only_with_trigger.py
[2025-06-25T01:47:22.277+0200] {logging_mixin.py:149} INFO - [2025-06-25T01:47:22.276+0200] {dag.py:2726} INFO - Sync 1 DAGs
[2025-06-25T01:47:22.366+0200] {logging_mixin.py:149} INFO - [2025-06-25T01:47:22.366+0200] {dag.py:3486} INFO - Setting next_dagrun for latest_only_with_trigger to 2025-06-24T19:47:22.365732+00:00, run_after=2025-06-24T23:47:22.365732+00:00
[2025-06-25T01:47:22.631+0200] {processor.py:179} INFO - Processing /home/atef/.local/lib/python3.9/site-packages/airflow/example_dags/example_latest_only_with_trigger.py took 0.607 seconds
[2025-06-25T01:49:34.653+0200] {processor.py:157} INFO - Started process (PID=189198) to work on /home/atef/.local/lib/python3.9/site-packages/airflow/example_dags/example_latest_only_with_trigger.py
[2025-06-25T01:49:34.658+0200] {processor.py:826} INFO - Processing file /home/atef/.local/lib/python3.9/site-packages/airflow/example_dags/example_latest_only_with_trigger.py for tasks to queue
[2025-06-25T01:49:34.660+0200] {logging_mixin.py:149} INFO - [2025-06-25T01:49:34.660+0200] {dagbag.py:541} INFO - Filling up the DagBag from /home/atef/.local/lib/python3.9/site-packages/airflow/example_dags/example_latest_only_with_trigger.py
[2025-06-25T01:49:34.693+0200] {processor.py:836} INFO - DAG(s) dict_keys(['latest_only_with_trigger']) retrieved from /home/atef/.local/lib/python3.9/site-packages/airflow/example_dags/example_latest_only_with_trigger.py
[2025-06-25T01:49:34.787+0200] {logging_mixin.py:149} INFO - [2025-06-25T01:49:34.787+0200] {dag.py:2726} INFO - Sync 1 DAGs
[2025-06-25T01:49:34.849+0200] {logging_mixin.py:149} INFO - [2025-06-25T01:49:34.848+0200] {dag.py:3486} INFO - Setting next_dagrun for latest_only_with_trigger to 2025-06-24T19:49:34.848098+00:00, run_after=2025-06-24T23:49:34.848098+00:00
[2025-06-25T01:49:34.903+0200] {processor.py:179} INFO - Processing /home/atef/.local/lib/python3.9/site-packages/airflow/example_dags/example_latest_only_with_trigger.py took 0.267 seconds
[2025-06-25T01:50:59.992+0200] {processor.py:157} INFO - Started process (PID=189615) to work on /home/atef/.local/lib/python3.9/site-packages/airflow/example_dags/example_latest_only_with_trigger.py
[2025-06-25T01:51:00.005+0200] {processor.py:826} INFO - Processing file /home/atef/.local/lib/python3.9/site-packages/airflow/example_dags/example_latest_only_with_trigger.py for tasks to queue
[2025-06-25T01:51:00.014+0200] {logging_mixin.py:149} INFO - [2025-06-25T01:51:00.010+0200] {dagbag.py:541} INFO - Filling up the DagBag from /home/atef/.local/lib/python3.9/site-packages/airflow/example_dags/example_latest_only_with_trigger.py
[2025-06-25T01:51:00.183+0200] {processor.py:836} INFO - DAG(s) dict_keys(['latest_only_with_trigger']) retrieved from /home/atef/.local/lib/python3.9/site-packages/airflow/example_dags/example_latest_only_with_trigger.py
[2025-06-25T01:51:00.746+0200] {logging_mixin.py:149} INFO - [2025-06-25T01:51:00.746+0200] {dag.py:2726} INFO - Sync 1 DAGs
[2025-06-25T01:51:01.143+0200] {logging_mixin.py:149} INFO - [2025-06-25T01:51:01.142+0200] {dag.py:3486} INFO - Setting next_dagrun for latest_only_with_trigger to 2025-06-24T19:51:01.129039+00:00, run_after=2025-06-24T23:51:01.129039+00:00
[2025-06-25T01:51:01.412+0200] {processor.py:179} INFO - Processing /home/atef/.local/lib/python3.9/site-packages/airflow/example_dags/example_latest_only_with_trigger.py took 1.483 seconds
[2025-06-25T01:52:47.326+0200] {processor.py:157} INFO - Started process (PID=190043) to work on /home/atef/.local/lib/python3.9/site-packages/airflow/example_dags/example_latest_only_with_trigger.py
[2025-06-25T01:52:47.330+0200] {processor.py:826} INFO - Processing file /home/atef/.local/lib/python3.9/site-packages/airflow/example_dags/example_latest_only_with_trigger.py for tasks to queue
[2025-06-25T01:52:47.332+0200] {logging_mixin.py:149} INFO - [2025-06-25T01:52:47.332+0200] {dagbag.py:541} INFO - Filling up the DagBag from /home/atef/.local/lib/python3.9/site-packages/airflow/example_dags/example_latest_only_with_trigger.py
[2025-06-25T01:52:47.355+0200] {processor.py:836} INFO - DAG(s) dict_keys(['latest_only_with_trigger']) retrieved from /home/atef/.local/lib/python3.9/site-packages/airflow/example_dags/example_latest_only_with_trigger.py
[2025-06-25T01:52:47.416+0200] {logging_mixin.py:149} INFO - [2025-06-25T01:52:47.415+0200] {dag.py:2726} INFO - Sync 1 DAGs
[2025-06-25T01:52:47.450+0200] {logging_mixin.py:149} INFO - [2025-06-25T01:52:47.450+0200] {dag.py:3486} INFO - Setting next_dagrun for latest_only_with_trigger to 2025-06-24T19:52:47.449964+00:00, run_after=2025-06-24T23:52:47.449964+00:00
[2025-06-25T01:52:47.533+0200] {processor.py:179} INFO - Processing /home/atef/.local/lib/python3.9/site-packages/airflow/example_dags/example_latest_only_with_trigger.py took 0.218 seconds
[2025-06-25T01:55:50.640+0200] {processor.py:157} INFO - Started process (PID=190985) to work on /home/atef/.local/lib/python3.9/site-packages/airflow/example_dags/example_latest_only_with_trigger.py
[2025-06-25T01:55:50.645+0200] {processor.py:826} INFO - Processing file /home/atef/.local/lib/python3.9/site-packages/airflow/example_dags/example_latest_only_with_trigger.py for tasks to queue
[2025-06-25T01:55:50.648+0200] {logging_mixin.py:149} INFO - [2025-06-25T01:55:50.648+0200] {dagbag.py:541} INFO - Filling up the DagBag from /home/atef/.local/lib/python3.9/site-packages/airflow/example_dags/example_latest_only_with_trigger.py
[2025-06-25T01:55:50.679+0200] {processor.py:836} INFO - DAG(s) dict_keys(['latest_only_with_trigger']) retrieved from /home/atef/.local/lib/python3.9/site-packages/airflow/example_dags/example_latest_only_with_trigger.py
[2025-06-25T01:55:50.780+0200] {logging_mixin.py:149} INFO - [2025-06-25T01:55:50.780+0200] {dag.py:2726} INFO - Sync 1 DAGs
[2025-06-25T01:55:50.887+0200] {logging_mixin.py:149} INFO - [2025-06-25T01:55:50.886+0200] {dag.py:3486} INFO - Setting next_dagrun for latest_only_with_trigger to 2025-06-24T19:55:50.885065+00:00, run_after=2025-06-24T23:55:50.885065+00:00
[2025-06-25T01:55:50.991+0200] {processor.py:179} INFO - Processing /home/atef/.local/lib/python3.9/site-packages/airflow/example_dags/example_latest_only_with_trigger.py took 0.369 seconds
[2025-06-25T01:57:08.162+0200] {processor.py:157} INFO - Started process (PID=191391) to work on /home/atef/.local/lib/python3.9/site-packages/airflow/example_dags/example_latest_only_with_trigger.py
[2025-06-25T01:57:08.174+0200] {processor.py:826} INFO - Processing file /home/atef/.local/lib/python3.9/site-packages/airflow/example_dags/example_latest_only_with_trigger.py for tasks to queue
[2025-06-25T01:57:08.177+0200] {logging_mixin.py:149} INFO - [2025-06-25T01:57:08.177+0200] {dagbag.py:541} INFO - Filling up the DagBag from /home/atef/.local/lib/python3.9/site-packages/airflow/example_dags/example_latest_only_with_trigger.py
[2025-06-25T01:57:08.252+0200] {processor.py:836} INFO - DAG(s) dict_keys(['latest_only_with_trigger']) retrieved from /home/atef/.local/lib/python3.9/site-packages/airflow/example_dags/example_latest_only_with_trigger.py
[2025-06-25T01:57:08.426+0200] {logging_mixin.py:149} INFO - [2025-06-25T01:57:08.422+0200] {dag.py:2726} INFO - Sync 1 DAGs
[2025-06-25T01:57:08.552+0200] {logging_mixin.py:149} INFO - [2025-06-25T01:57:08.551+0200] {dag.py:3486} INFO - Setting next_dagrun for latest_only_with_trigger to 2025-06-24T19:57:08.545268+00:00, run_after=2025-06-24T23:57:08.545268+00:00
[2025-06-25T01:57:08.676+0200] {processor.py:179} INFO - Processing /home/atef/.local/lib/python3.9/site-packages/airflow/example_dags/example_latest_only_with_trigger.py took 0.547 seconds
[2025-06-25T01:59:52.657+0200] {processor.py:157} INFO - Started process (PID=192975) to work on /home/atef/.local/lib/python3.9/site-packages/airflow/example_dags/example_latest_only_with_trigger.py
[2025-06-25T01:59:52.662+0200] {processor.py:826} INFO - Processing file /home/atef/.local/lib/python3.9/site-packages/airflow/example_dags/example_latest_only_with_trigger.py for tasks to queue
[2025-06-25T01:59:52.664+0200] {logging_mixin.py:149} INFO - [2025-06-25T01:59:52.663+0200] {dagbag.py:541} INFO - Filling up the DagBag from /home/atef/.local/lib/python3.9/site-packages/airflow/example_dags/example_latest_only_with_trigger.py
[2025-06-25T01:59:52.685+0200] {processor.py:836} INFO - DAG(s) dict_keys(['latest_only_with_trigger']) retrieved from /home/atef/.local/lib/python3.9/site-packages/airflow/example_dags/example_latest_only_with_trigger.py
[2025-06-25T01:59:52.752+0200] {logging_mixin.py:149} INFO - [2025-06-25T01:59:52.752+0200] {dag.py:2726} INFO - Sync 1 DAGs
[2025-06-25T01:59:52.794+0200] {logging_mixin.py:149} INFO - [2025-06-25T01:59:52.794+0200] {dag.py:3486} INFO - Setting next_dagrun for latest_only_with_trigger to 2025-06-24T19:59:52.793479+00:00, run_after=2025-06-24T23:59:52.793479+00:00
[2025-06-25T01:59:52.967+0200] {processor.py:179} INFO - Processing /home/atef/.local/lib/python3.9/site-packages/airflow/example_dags/example_latest_only_with_trigger.py took 0.322 seconds
