[2025-06-24T23:15:56.579+0200] {processor.py:157} INFO - Started process (PID=155088) to work on /home/atef/.local/lib/python3.9/site-packages/airflow/example_dags/example_branch_labels.py
[2025-06-24T23:15:56.583+0200] {processor.py:826} INFO - Processing file /home/atef/.local/lib/python3.9/site-packages/airflow/example_dags/example_branch_labels.py for tasks to queue
[2025-06-24T23:15:56.585+0200] {logging_mixin.py:149} INFO - [2025-06-24T23:15:56.585+0200] {dagbag.py:541} INFO - Filling up the DagBag from /home/atef/.local/lib/python3.9/site-packages/airflow/example_dags/example_branch_labels.py
[2025-06-24T23:15:56.621+0200] {processor.py:836} INFO - DAG(s) dict_keys(['example_branch_labels']) retrieved from /home/atef/.local/lib/python3.9/site-packages/airflow/example_dags/example_branch_labels.py
[2025-06-24T23:15:56.785+0200] {logging_mixin.py:149} INFO - [2025-06-24T23:15:56.784+0200] {dag.py:2726} INFO - Sync 1 DAGs
[2025-06-24T23:15:56.837+0200] {logging_mixin.py:149} INFO - [2025-06-24T23:15:56.836+0200] {dag.py:3486} INFO - Setting next_dagrun for example_branch_labels to 2025-06-23T00:00:00+00:00, run_after=2025-06-24T00:00:00+00:00
[2025-06-24T23:15:56.902+0200] {processor.py:179} INFO - Processing /home/atef/.local/lib/python3.9/site-packages/airflow/example_dags/example_branch_labels.py took 0.340 seconds
[2025-06-24T23:17:07.091+0200] {processor.py:157} INFO - Started process (PID=155231) to work on /home/atef/.local/lib/python3.9/site-packages/airflow/example_dags/example_branch_labels.py
[2025-06-24T23:17:07.095+0200] {processor.py:826} INFO - Processing file /home/atef/.local/lib/python3.9/site-packages/airflow/example_dags/example_branch_labels.py for tasks to queue
[2025-06-24T23:17:07.097+0200] {logging_mixin.py:149} INFO - [2025-06-24T23:17:07.097+0200] {dagbag.py:541} INFO - Filling up the DagBag from /home/atef/.local/lib/python3.9/site-packages/airflow/example_dags/example_branch_labels.py
[2025-06-24T23:17:07.174+0200] {processor.py:836} INFO - DAG(s) dict_keys(['example_branch_labels']) retrieved from /home/atef/.local/lib/python3.9/site-packages/airflow/example_dags/example_branch_labels.py
[2025-06-24T23:17:07.249+0200] {logging_mixin.py:149} INFO - [2025-06-24T23:17:07.249+0200] {dag.py:2726} INFO - Sync 1 DAGs
[2025-06-24T23:17:07.295+0200] {logging_mixin.py:149} INFO - [2025-06-24T23:17:07.294+0200] {dag.py:3486} INFO - Setting next_dagrun for example_branch_labels to 2025-06-23T00:00:00+00:00, run_after=2025-06-24T00:00:00+00:00
[2025-06-24T23:17:07.336+0200] {processor.py:179} INFO - Processing /home/atef/.local/lib/python3.9/site-packages/airflow/example_dags/example_branch_labels.py took 0.257 seconds
[2025-06-24T23:18:53.658+0200] {processor.py:157} INFO - Started process (PID=155697) to work on /home/atef/.local/lib/python3.9/site-packages/airflow/example_dags/example_branch_labels.py
[2025-06-24T23:18:53.662+0200] {processor.py:826} INFO - Processing file /home/atef/.local/lib/python3.9/site-packages/airflow/example_dags/example_branch_labels.py for tasks to queue
[2025-06-24T23:18:53.665+0200] {logging_mixin.py:149} INFO - [2025-06-24T23:18:53.664+0200] {dagbag.py:541} INFO - Filling up the DagBag from /home/atef/.local/lib/python3.9/site-packages/airflow/example_dags/example_branch_labels.py
[2025-06-24T23:18:53.696+0200] {processor.py:836} INFO - DAG(s) dict_keys(['example_branch_labels']) retrieved from /home/atef/.local/lib/python3.9/site-packages/airflow/example_dags/example_branch_labels.py
[2025-06-24T23:18:53.784+0200] {logging_mixin.py:149} INFO - [2025-06-24T23:18:53.783+0200] {dag.py:2726} INFO - Sync 1 DAGs
[2025-06-24T23:18:53.876+0200] {logging_mixin.py:149} INFO - [2025-06-24T23:18:53.874+0200] {dag.py:3486} INFO - Setting next_dagrun for example_branch_labels to 2025-06-23T00:00:00+00:00, run_after=2025-06-24T00:00:00+00:00
[2025-06-24T23:18:53.931+0200] {processor.py:179} INFO - Processing /home/atef/.local/lib/python3.9/site-packages/airflow/example_dags/example_branch_labels.py took 0.293 seconds
[2025-06-25T01:18:46.673+0200] {processor.py:157} INFO - Started process (PID=175280) to work on /home/atef/.local/lib/python3.9/site-packages/airflow/example_dags/example_branch_labels.py
[2025-06-25T01:18:46.752+0200] {processor.py:826} INFO - Processing file /home/atef/.local/lib/python3.9/site-packages/airflow/example_dags/example_branch_labels.py for tasks to queue
[2025-06-25T01:18:46.784+0200] {logging_mixin.py:149} INFO - [2025-06-25T01:18:46.783+0200] {dagbag.py:541} INFO - Filling up the DagBag from /home/atef/.local/lib/python3.9/site-packages/airflow/example_dags/example_branch_labels.py
[2025-06-25T01:18:47.256+0200] {processor.py:836} INFO - DAG(s) dict_keys(['example_branch_labels']) retrieved from /home/atef/.local/lib/python3.9/site-packages/airflow/example_dags/example_branch_labels.py
[2025-06-25T01:18:48.173+0200] {logging_mixin.py:149} INFO - [2025-06-25T01:18:48.168+0200] {dag.py:2726} INFO - Sync 1 DAGs
[2025-06-25T01:18:49.742+0200] {logging_mixin.py:149} INFO - [2025-06-25T01:18:49.738+0200] {dag.py:3486} INFO - Setting next_dagrun for example_branch_labels to 2025-06-23T00:00:00+00:00, run_after=2025-06-24T00:00:00+00:00
[2025-06-25T01:18:50.305+0200] {processor.py:179} INFO - Processing /home/atef/.local/lib/python3.9/site-packages/airflow/example_dags/example_branch_labels.py took 3.902 seconds
[2025-06-25T01:20:22.734+0200] {processor.py:157} INFO - Started process (PID=176019) to work on /home/atef/.local/lib/python3.9/site-packages/airflow/example_dags/example_branch_labels.py
[2025-06-25T01:20:22.738+0200] {processor.py:826} INFO - Processing file /home/atef/.local/lib/python3.9/site-packages/airflow/example_dags/example_branch_labels.py for tasks to queue
[2025-06-25T01:20:22.741+0200] {logging_mixin.py:149} INFO - [2025-06-25T01:20:22.740+0200] {dagbag.py:541} INFO - Filling up the DagBag from /home/atef/.local/lib/python3.9/site-packages/airflow/example_dags/example_branch_labels.py
[2025-06-25T01:20:22.765+0200] {processor.py:836} INFO - DAG(s) dict_keys(['example_branch_labels']) retrieved from /home/atef/.local/lib/python3.9/site-packages/airflow/example_dags/example_branch_labels.py
[2025-06-25T01:20:22.834+0200] {logging_mixin.py:149} INFO - [2025-06-25T01:20:22.833+0200] {dag.py:2726} INFO - Sync 1 DAGs
[2025-06-25T01:20:22.922+0200] {logging_mixin.py:149} INFO - [2025-06-25T01:20:22.922+0200] {dag.py:3486} INFO - Setting next_dagrun for example_branch_labels to 2025-06-23T00:00:00+00:00, run_after=2025-06-24T00:00:00+00:00
[2025-06-25T01:20:23.024+0200] {processor.py:179} INFO - Processing /home/atef/.local/lib/python3.9/site-packages/airflow/example_dags/example_branch_labels.py took 0.304 seconds
[2025-06-25T01:22:12.835+0200] {processor.py:157} INFO - Started process (PID=177050) to work on /home/atef/.local/lib/python3.9/site-packages/airflow/example_dags/example_branch_labels.py
[2025-06-25T01:22:12.840+0200] {processor.py:826} INFO - Processing file /home/atef/.local/lib/python3.9/site-packages/airflow/example_dags/example_branch_labels.py for tasks to queue
[2025-06-25T01:22:12.842+0200] {logging_mixin.py:149} INFO - [2025-06-25T01:22:12.842+0200] {dagbag.py:541} INFO - Filling up the DagBag from /home/atef/.local/lib/python3.9/site-packages/airflow/example_dags/example_branch_labels.py
[2025-06-25T01:22:12.871+0200] {processor.py:836} INFO - DAG(s) dict_keys(['example_branch_labels']) retrieved from /home/atef/.local/lib/python3.9/site-packages/airflow/example_dags/example_branch_labels.py
[2025-06-25T01:22:12.969+0200] {logging_mixin.py:149} INFO - [2025-06-25T01:22:12.969+0200] {dag.py:2726} INFO - Sync 1 DAGs
[2025-06-25T01:22:13.042+0200] {logging_mixin.py:149} INFO - [2025-06-25T01:22:13.041+0200] {dag.py:3486} INFO - Setting next_dagrun for example_branch_labels to 2025-06-23T00:00:00+00:00, run_after=2025-06-24T00:00:00+00:00
[2025-06-25T01:22:13.108+0200] {processor.py:179} INFO - Processing /home/atef/.local/lib/python3.9/site-packages/airflow/example_dags/example_branch_labels.py took 0.289 seconds
[2025-06-25T01:23:21.296+0200] {processor.py:157} INFO - Started process (PID=177305) to work on /home/atef/.local/lib/python3.9/site-packages/airflow/example_dags/example_branch_labels.py
[2025-06-25T01:23:21.302+0200] {processor.py:826} INFO - Processing file /home/atef/.local/lib/python3.9/site-packages/airflow/example_dags/example_branch_labels.py for tasks to queue
[2025-06-25T01:23:21.306+0200] {logging_mixin.py:149} INFO - [2025-06-25T01:23:21.305+0200] {dagbag.py:541} INFO - Filling up the DagBag from /home/atef/.local/lib/python3.9/site-packages/airflow/example_dags/example_branch_labels.py
[2025-06-25T01:23:21.341+0200] {processor.py:836} INFO - DAG(s) dict_keys(['example_branch_labels']) retrieved from /home/atef/.local/lib/python3.9/site-packages/airflow/example_dags/example_branch_labels.py
[2025-06-25T01:23:21.421+0200] {logging_mixin.py:149} INFO - [2025-06-25T01:23:21.421+0200] {dag.py:2726} INFO - Sync 1 DAGs
[2025-06-25T01:23:21.472+0200] {logging_mixin.py:149} INFO - [2025-06-25T01:23:21.471+0200] {dag.py:3486} INFO - Setting next_dagrun for example_branch_labels to 2025-06-23T00:00:00+00:00, run_after=2025-06-24T00:00:00+00:00
[2025-06-25T01:23:21.515+0200] {processor.py:179} INFO - Processing /home/atef/.local/lib/python3.9/site-packages/airflow/example_dags/example_branch_labels.py took 0.238 seconds
[2025-06-25T01:25:29.818+0200] {processor.py:157} INFO - Started process (PID=178332) to work on /home/atef/.local/lib/python3.9/site-packages/airflow/example_dags/example_branch_labels.py
[2025-06-25T01:25:29.844+0200] {processor.py:826} INFO - Processing file /home/atef/.local/lib/python3.9/site-packages/airflow/example_dags/example_branch_labels.py for tasks to queue
[2025-06-25T01:25:29.859+0200] {logging_mixin.py:149} INFO - [2025-06-25T01:25:29.858+0200] {dagbag.py:541} INFO - Filling up the DagBag from /home/atef/.local/lib/python3.9/site-packages/airflow/example_dags/example_branch_labels.py
[2025-06-25T01:25:30.069+0200] {processor.py:836} INFO - DAG(s) dict_keys(['example_branch_labels']) retrieved from /home/atef/.local/lib/python3.9/site-packages/airflow/example_dags/example_branch_labels.py
[2025-06-25T01:25:30.525+0200] {logging_mixin.py:149} INFO - [2025-06-25T01:25:30.432+0200] {dag.py:2726} INFO - Sync 1 DAGs
[2025-06-25T01:25:30.865+0200] {logging_mixin.py:149} INFO - [2025-06-25T01:25:30.863+0200] {dag.py:3486} INFO - Setting next_dagrun for example_branch_labels to 2025-06-23T00:00:00+00:00, run_after=2025-06-24T00:00:00+00:00
[2025-06-25T01:25:31.174+0200] {processor.py:179} INFO - Processing /home/atef/.local/lib/python3.9/site-packages/airflow/example_dags/example_branch_labels.py took 1.432 seconds
[2025-06-25T01:28:32.125+0200] {processor.py:157} INFO - Started process (PID=179750) to work on /home/atef/.local/lib/python3.9/site-packages/airflow/example_dags/example_branch_labels.py
[2025-06-25T01:28:32.156+0200] {processor.py:826} INFO - Processing file /home/atef/.local/lib/python3.9/site-packages/airflow/example_dags/example_branch_labels.py for tasks to queue
[2025-06-25T01:28:32.163+0200] {logging_mixin.py:149} INFO - [2025-06-25T01:28:32.162+0200] {dagbag.py:541} INFO - Filling up the DagBag from /home/atef/.local/lib/python3.9/site-packages/airflow/example_dags/example_branch_labels.py
[2025-06-25T01:28:32.329+0200] {processor.py:836} INFO - DAG(s) dict_keys(['example_branch_labels']) retrieved from /home/atef/.local/lib/python3.9/site-packages/airflow/example_dags/example_branch_labels.py
[2025-06-25T01:28:33.072+0200] {logging_mixin.py:149} INFO - [2025-06-25T01:28:33.070+0200] {dag.py:2726} INFO - Sync 1 DAGs
[2025-06-25T01:28:33.540+0200] {logging_mixin.py:149} INFO - [2025-06-25T01:28:33.539+0200] {dag.py:3486} INFO - Setting next_dagrun for example_branch_labels to 2025-06-23T00:00:00+00:00, run_after=2025-06-24T00:00:00+00:00
[2025-06-25T01:28:33.839+0200] {processor.py:179} INFO - Processing /home/atef/.local/lib/python3.9/site-packages/airflow/example_dags/example_branch_labels.py took 1.805 seconds
[2025-06-25T01:30:38.230+0200] {processor.py:157} INFO - Started process (PID=180780) to work on /home/atef/.local/lib/python3.9/site-packages/airflow/example_dags/example_branch_labels.py
[2025-06-25T01:30:38.240+0200] {processor.py:826} INFO - Processing file /home/atef/.local/lib/python3.9/site-packages/airflow/example_dags/example_branch_labels.py for tasks to queue
[2025-06-25T01:30:38.251+0200] {logging_mixin.py:149} INFO - [2025-06-25T01:30:38.251+0200] {dagbag.py:541} INFO - Filling up the DagBag from /home/atef/.local/lib/python3.9/site-packages/airflow/example_dags/example_branch_labels.py
[2025-06-25T01:30:38.371+0200] {processor.py:836} INFO - DAG(s) dict_keys(['example_branch_labels']) retrieved from /home/atef/.local/lib/python3.9/site-packages/airflow/example_dags/example_branch_labels.py
[2025-06-25T01:30:38.708+0200] {logging_mixin.py:149} INFO - [2025-06-25T01:30:38.708+0200] {dag.py:2726} INFO - Sync 1 DAGs
[2025-06-25T01:30:38.753+0200] {logging_mixin.py:149} INFO - [2025-06-25T01:30:38.753+0200] {dag.py:3486} INFO - Setting next_dagrun for example_branch_labels to 2025-06-23T00:00:00+00:00, run_after=2025-06-24T00:00:00+00:00
[2025-06-25T01:30:38.932+0200] {processor.py:179} INFO - Processing /home/atef/.local/lib/python3.9/site-packages/airflow/example_dags/example_branch_labels.py took 0.740 seconds
[2025-06-25T01:32:06.704+0200] {processor.py:157} INFO - Started process (PID=181371) to work on /home/atef/.local/lib/python3.9/site-packages/airflow/example_dags/example_branch_labels.py
[2025-06-25T01:32:06.708+0200] {processor.py:826} INFO - Processing file /home/atef/.local/lib/python3.9/site-packages/airflow/example_dags/example_branch_labels.py for tasks to queue
[2025-06-25T01:32:06.711+0200] {logging_mixin.py:149} INFO - [2025-06-25T01:32:06.710+0200] {dagbag.py:541} INFO - Filling up the DagBag from /home/atef/.local/lib/python3.9/site-packages/airflow/example_dags/example_branch_labels.py
[2025-06-25T01:32:06.734+0200] {processor.py:836} INFO - DAG(s) dict_keys(['example_branch_labels']) retrieved from /home/atef/.local/lib/python3.9/site-packages/airflow/example_dags/example_branch_labels.py
[2025-06-25T01:32:06.835+0200] {logging_mixin.py:149} INFO - [2025-06-25T01:32:06.835+0200] {dag.py:2726} INFO - Sync 1 DAGs
[2025-06-25T01:32:06.959+0200] {logging_mixin.py:149} INFO - [2025-06-25T01:32:06.958+0200] {dag.py:3486} INFO - Setting next_dagrun for example_branch_labels to 2025-06-23T00:00:00+00:00, run_after=2025-06-24T00:00:00+00:00
[2025-06-25T01:32:07.025+0200] {processor.py:179} INFO - Processing /home/atef/.local/lib/python3.9/site-packages/airflow/example_dags/example_branch_labels.py took 0.335 seconds
[2025-06-25T01:33:16.692+0200] {processor.py:157} INFO - Started process (PID=181620) to work on /home/atef/.local/lib/python3.9/site-packages/airflow/example_dags/example_branch_labels.py
[2025-06-25T01:33:16.727+0200] {processor.py:826} INFO - Processing file /home/atef/.local/lib/python3.9/site-packages/airflow/example_dags/example_branch_labels.py for tasks to queue
[2025-06-25T01:33:16.742+0200] {logging_mixin.py:149} INFO - [2025-06-25T01:33:16.741+0200] {dagbag.py:541} INFO - Filling up the DagBag from /home/atef/.local/lib/python3.9/site-packages/airflow/example_dags/example_branch_labels.py
[2025-06-25T01:33:17.120+0200] {processor.py:836} INFO - DAG(s) dict_keys(['example_branch_labels']) retrieved from /home/atef/.local/lib/python3.9/site-packages/airflow/example_dags/example_branch_labels.py
[2025-06-25T01:33:18.753+0200] {logging_mixin.py:149} INFO - [2025-06-25T01:33:18.748+0200] {dag.py:2726} INFO - Sync 1 DAGs
[2025-06-25T01:33:20.441+0200] {logging_mixin.py:149} INFO - [2025-06-25T01:33:20.441+0200] {dag.py:3486} INFO - Setting next_dagrun for example_branch_labels to 2025-06-23T00:00:00+00:00, run_after=2025-06-24T00:00:00+00:00
[2025-06-25T01:33:20.581+0200] {processor.py:179} INFO - Processing /home/atef/.local/lib/python3.9/site-packages/airflow/example_dags/example_branch_labels.py took 4.018 seconds
[2025-06-25T01:36:06.861+0200] {processor.py:157} INFO - Started process (PID=182463) to work on /home/atef/.local/lib/python3.9/site-packages/airflow/example_dags/example_branch_labels.py
[2025-06-25T01:36:06.931+0200] {processor.py:826} INFO - Processing file /home/atef/.local/lib/python3.9/site-packages/airflow/example_dags/example_branch_labels.py for tasks to queue
[2025-06-25T01:36:07.022+0200] {logging_mixin.py:149} INFO - [2025-06-25T01:36:07.007+0200] {dagbag.py:541} INFO - Filling up the DagBag from /home/atef/.local/lib/python3.9/site-packages/airflow/example_dags/example_branch_labels.py
[2025-06-25T01:36:07.880+0200] {processor.py:836} INFO - DAG(s) dict_keys(['example_branch_labels']) retrieved from /home/atef/.local/lib/python3.9/site-packages/airflow/example_dags/example_branch_labels.py
[2025-06-25T01:36:09.119+0200] {logging_mixin.py:149} INFO - [2025-06-25T01:36:09.111+0200] {dag.py:2726} INFO - Sync 1 DAGs
[2025-06-25T01:36:09.579+0200] {logging_mixin.py:149} INFO - [2025-06-25T01:36:09.573+0200] {dag.py:3486} INFO - Setting next_dagrun for example_branch_labels to 2025-06-23T00:00:00+00:00, run_after=2025-06-24T00:00:00+00:00
[2025-06-25T01:36:11.500+0200] {processor.py:179} INFO - Processing /home/atef/.local/lib/python3.9/site-packages/airflow/example_dags/example_branch_labels.py took 5.010 seconds
[2025-06-25T01:38:39.854+0200] {processor.py:157} INFO - Started process (PID=183628) to work on /home/atef/.local/lib/python3.9/site-packages/airflow/example_dags/example_branch_labels.py
[2025-06-25T01:38:39.865+0200] {processor.py:826} INFO - Processing file /home/atef/.local/lib/python3.9/site-packages/airflow/example_dags/example_branch_labels.py for tasks to queue
[2025-06-25T01:38:39.870+0200] {logging_mixin.py:149} INFO - [2025-06-25T01:38:39.869+0200] {dagbag.py:541} INFO - Filling up the DagBag from /home/atef/.local/lib/python3.9/site-packages/airflow/example_dags/example_branch_labels.py
[2025-06-25T01:38:39.978+0200] {processor.py:836} INFO - DAG(s) dict_keys(['example_branch_labels']) retrieved from /home/atef/.local/lib/python3.9/site-packages/airflow/example_dags/example_branch_labels.py
[2025-06-25T01:38:40.104+0200] {logging_mixin.py:149} INFO - [2025-06-25T01:38:40.103+0200] {dag.py:2726} INFO - Sync 1 DAGs
[2025-06-25T01:38:40.202+0200] {logging_mixin.py:149} INFO - [2025-06-25T01:38:40.202+0200] {dag.py:3486} INFO - Setting next_dagrun for example_branch_labels to 2025-06-23T00:00:00+00:00, run_after=2025-06-24T00:00:00+00:00
[2025-06-25T01:38:40.262+0200] {processor.py:179} INFO - Processing /home/atef/.local/lib/python3.9/site-packages/airflow/example_dags/example_branch_labels.py took 0.444 seconds
[2025-06-25T01:39:50.242+0200] {processor.py:157} INFO - Started process (PID=183738) to work on /home/atef/.local/lib/python3.9/site-packages/airflow/example_dags/example_branch_labels.py
[2025-06-25T01:39:50.250+0200] {processor.py:826} INFO - Processing file /home/atef/.local/lib/python3.9/site-packages/airflow/example_dags/example_branch_labels.py for tasks to queue
[2025-06-25T01:39:50.253+0200] {logging_mixin.py:149} INFO - [2025-06-25T01:39:50.252+0200] {dagbag.py:541} INFO - Filling up the DagBag from /home/atef/.local/lib/python3.9/site-packages/airflow/example_dags/example_branch_labels.py
[2025-06-25T01:39:50.294+0200] {processor.py:836} INFO - DAG(s) dict_keys(['example_branch_labels']) retrieved from /home/atef/.local/lib/python3.9/site-packages/airflow/example_dags/example_branch_labels.py
[2025-06-25T01:39:50.476+0200] {logging_mixin.py:149} INFO - [2025-06-25T01:39:50.475+0200] {dag.py:2726} INFO - Sync 1 DAGs
[2025-06-25T01:39:50.707+0200] {logging_mixin.py:149} INFO - [2025-06-25T01:39:50.706+0200] {dag.py:3486} INFO - Setting next_dagrun for example_branch_labels to 2025-06-23T00:00:00+00:00, run_after=2025-06-24T00:00:00+00:00
[2025-06-25T01:39:50.815+0200] {processor.py:179} INFO - Processing /home/atef/.local/lib/python3.9/site-packages/airflow/example_dags/example_branch_labels.py took 0.592 seconds
[2025-06-25T01:46:14.882+0200] {processor.py:157} INFO - Started process (PID=187661) to work on /home/atef/.local/lib/python3.9/site-packages/airflow/example_dags/example_branch_labels.py
[2025-06-25T01:46:14.887+0200] {processor.py:826} INFO - Processing file /home/atef/.local/lib/python3.9/site-packages/airflow/example_dags/example_branch_labels.py for tasks to queue
[2025-06-25T01:46:14.890+0200] {logging_mixin.py:149} INFO - [2025-06-25T01:46:14.889+0200] {dagbag.py:541} INFO - Filling up the DagBag from /home/atef/.local/lib/python3.9/site-packages/airflow/example_dags/example_branch_labels.py
[2025-06-25T01:46:14.918+0200] {processor.py:836} INFO - DAG(s) dict_keys(['example_branch_labels']) retrieved from /home/atef/.local/lib/python3.9/site-packages/airflow/example_dags/example_branch_labels.py
[2025-06-25T01:46:14.998+0200] {logging_mixin.py:149} INFO - [2025-06-25T01:46:14.998+0200] {dag.py:2726} INFO - Sync 1 DAGs
[2025-06-25T01:46:15.089+0200] {logging_mixin.py:149} INFO - [2025-06-25T01:46:15.089+0200] {dag.py:3486} INFO - Setting next_dagrun for example_branch_labels to 2025-06-23T00:00:00+00:00, run_after=2025-06-24T00:00:00+00:00
[2025-06-25T01:46:15.147+0200] {processor.py:179} INFO - Processing /home/atef/.local/lib/python3.9/site-packages/airflow/example_dags/example_branch_labels.py took 0.281 seconds
[2025-06-25T01:47:41.556+0200] {processor.py:157} INFO - Started process (PID=188314) to work on /home/atef/.local/lib/python3.9/site-packages/airflow/example_dags/example_branch_labels.py
[2025-06-25T01:47:41.565+0200] {processor.py:826} INFO - Processing file /home/atef/.local/lib/python3.9/site-packages/airflow/example_dags/example_branch_labels.py for tasks to queue
[2025-06-25T01:47:41.569+0200] {logging_mixin.py:149} INFO - [2025-06-25T01:47:41.568+0200] {dagbag.py:541} INFO - Filling up the DagBag from /home/atef/.local/lib/python3.9/site-packages/airflow/example_dags/example_branch_labels.py
[2025-06-25T01:47:41.682+0200] {processor.py:836} INFO - DAG(s) dict_keys(['example_branch_labels']) retrieved from /home/atef/.local/lib/python3.9/site-packages/airflow/example_dags/example_branch_labels.py
[2025-06-25T01:47:42.101+0200] {logging_mixin.py:149} INFO - [2025-06-25T01:47:42.098+0200] {dag.py:2726} INFO - Sync 1 DAGs
[2025-06-25T01:47:42.253+0200] {logging_mixin.py:149} INFO - [2025-06-25T01:47:42.252+0200] {dag.py:3486} INFO - Setting next_dagrun for example_branch_labels to 2025-06-23T00:00:00+00:00, run_after=2025-06-24T00:00:00+00:00
[2025-06-25T01:47:42.344+0200] {processor.py:179} INFO - Processing /home/atef/.local/lib/python3.9/site-packages/airflow/example_dags/example_branch_labels.py took 0.817 seconds
[2025-06-25T01:49:49.453+0200] {processor.py:157} INFO - Started process (PID=189217) to work on /home/atef/.local/lib/python3.9/site-packages/airflow/example_dags/example_branch_labels.py
[2025-06-25T01:49:49.464+0200] {processor.py:826} INFO - Processing file /home/atef/.local/lib/python3.9/site-packages/airflow/example_dags/example_branch_labels.py for tasks to queue
[2025-06-25T01:49:49.472+0200] {logging_mixin.py:149} INFO - [2025-06-25T01:49:49.472+0200] {dagbag.py:541} INFO - Filling up the DagBag from /home/atef/.local/lib/python3.9/site-packages/airflow/example_dags/example_branch_labels.py
[2025-06-25T01:49:49.555+0200] {processor.py:836} INFO - DAG(s) dict_keys(['example_branch_labels']) retrieved from /home/atef/.local/lib/python3.9/site-packages/airflow/example_dags/example_branch_labels.py
[2025-06-25T01:49:49.773+0200] {logging_mixin.py:149} INFO - [2025-06-25T01:49:49.772+0200] {dag.py:2726} INFO - Sync 1 DAGs
[2025-06-25T01:49:49.868+0200] {logging_mixin.py:149} INFO - [2025-06-25T01:49:49.868+0200] {dag.py:3486} INFO - Setting next_dagrun for example_branch_labels to 2025-06-23T00:00:00+00:00, run_after=2025-06-24T00:00:00+00:00
[2025-06-25T01:49:49.936+0200] {processor.py:179} INFO - Processing /home/atef/.local/lib/python3.9/site-packages/airflow/example_dags/example_branch_labels.py took 0.515 seconds
[2025-06-25T01:51:25.301+0200] {processor.py:157} INFO - Started process (PID=189778) to work on /home/atef/.local/lib/python3.9/site-packages/airflow/example_dags/example_branch_labels.py
[2025-06-25T01:51:25.327+0200] {processor.py:826} INFO - Processing file /home/atef/.local/lib/python3.9/site-packages/airflow/example_dags/example_branch_labels.py for tasks to queue
[2025-06-25T01:51:25.356+0200] {logging_mixin.py:149} INFO - [2025-06-25T01:51:25.341+0200] {dagbag.py:541} INFO - Filling up the DagBag from /home/atef/.local/lib/python3.9/site-packages/airflow/example_dags/example_branch_labels.py
[2025-06-25T01:51:25.594+0200] {processor.py:836} INFO - DAG(s) dict_keys(['example_branch_labels']) retrieved from /home/atef/.local/lib/python3.9/site-packages/airflow/example_dags/example_branch_labels.py
[2025-06-25T01:51:26.297+0200] {logging_mixin.py:149} INFO - [2025-06-25T01:51:26.297+0200] {dag.py:2726} INFO - Sync 1 DAGs
[2025-06-25T01:51:26.851+0200] {logging_mixin.py:149} INFO - [2025-06-25T01:51:26.850+0200] {dag.py:3486} INFO - Setting next_dagrun for example_branch_labels to 2025-06-23T00:00:00+00:00, run_after=2025-06-24T00:00:00+00:00
[2025-06-25T01:51:27.297+0200] {processor.py:179} INFO - Processing /home/atef/.local/lib/python3.9/site-packages/airflow/example_dags/example_branch_labels.py took 2.096 seconds
[2025-06-25T01:56:08.729+0200] {processor.py:157} INFO - Started process (PID=191105) to work on /home/atef/.local/lib/python3.9/site-packages/airflow/example_dags/example_branch_labels.py
[2025-06-25T01:56:08.739+0200] {processor.py:826} INFO - Processing file /home/atef/.local/lib/python3.9/site-packages/airflow/example_dags/example_branch_labels.py for tasks to queue
[2025-06-25T01:56:08.745+0200] {logging_mixin.py:149} INFO - [2025-06-25T01:56:08.744+0200] {dagbag.py:541} INFO - Filling up the DagBag from /home/atef/.local/lib/python3.9/site-packages/airflow/example_dags/example_branch_labels.py
[2025-06-25T01:56:08.806+0200] {processor.py:836} INFO - DAG(s) dict_keys(['example_branch_labels']) retrieved from /home/atef/.local/lib/python3.9/site-packages/airflow/example_dags/example_branch_labels.py
[2025-06-25T01:56:09.046+0200] {logging_mixin.py:149} INFO - [2025-06-25T01:56:09.046+0200] {dag.py:2726} INFO - Sync 1 DAGs
[2025-06-25T01:56:09.179+0200] {logging_mixin.py:149} INFO - [2025-06-25T01:56:09.175+0200] {dag.py:3486} INFO - Setting next_dagrun for example_branch_labels to 2025-06-23T00:00:00+00:00, run_after=2025-06-24T00:00:00+00:00
[2025-06-25T01:56:09.292+0200] {processor.py:179} INFO - Processing /home/atef/.local/lib/python3.9/site-packages/airflow/example_dags/example_branch_labels.py took 0.596 seconds
[2025-06-25T01:57:26.197+0200] {processor.py:157} INFO - Started process (PID=191427) to work on /home/atef/.local/lib/python3.9/site-packages/airflow/example_dags/example_branch_labels.py
[2025-06-25T01:57:26.202+0200] {processor.py:826} INFO - Processing file /home/atef/.local/lib/python3.9/site-packages/airflow/example_dags/example_branch_labels.py for tasks to queue
[2025-06-25T01:57:26.203+0200] {logging_mixin.py:149} INFO - [2025-06-25T01:57:26.203+0200] {dagbag.py:541} INFO - Filling up the DagBag from /home/atef/.local/lib/python3.9/site-packages/airflow/example_dags/example_branch_labels.py
[2025-06-25T01:57:26.226+0200] {processor.py:836} INFO - DAG(s) dict_keys(['example_branch_labels']) retrieved from /home/atef/.local/lib/python3.9/site-packages/airflow/example_dags/example_branch_labels.py
[2025-06-25T01:57:26.304+0200] {logging_mixin.py:149} INFO - [2025-06-25T01:57:26.304+0200] {dag.py:2726} INFO - Sync 1 DAGs
[2025-06-25T01:57:26.345+0200] {logging_mixin.py:149} INFO - [2025-06-25T01:57:26.345+0200] {dag.py:3486} INFO - Setting next_dagrun for example_branch_labels to 2025-06-23T00:00:00+00:00, run_after=2025-06-24T00:00:00+00:00
[2025-06-25T01:57:26.386+0200] {processor.py:179} INFO - Processing /home/atef/.local/lib/python3.9/site-packages/airflow/example_dags/example_branch_labels.py took 0.203 seconds
