[2025-06-24T23:15:43.720+0200] {processor.py:157} INFO - Started process (PID=155080) to work on /home/atef/.local/lib/python3.9/site-packages/airflow/example_dags/example_external_task_marker_dag.py
[2025-06-24T23:15:43.739+0200] {processor.py:826} INFO - Processing file /home/atef/.local/lib/python3.9/site-packages/airflow/example_dags/example_external_task_marker_dag.py for tasks to queue
[2025-06-24T23:15:43.751+0200] {logging_mixin.py:149} INFO - [2025-06-24T23:15:43.749+0200] {dagbag.py:541} INFO - Filling up the DagBag from /home/atef/.local/lib/python3.9/site-packages/airflow/example_dags/example_external_task_marker_dag.py
[2025-06-24T23:15:43.895+0200] {processor.py:836} INFO - DAG(s) dict_keys(['example_external_task_marker_parent', 'example_external_task_marker_child']) retrieved from /home/atef/.local/lib/python3.9/site-packages/airflow/example_dags/example_external_task_marker_dag.py
[2025-06-24T23:15:44.096+0200] {logging_mixin.py:149} INFO - [2025-06-24T23:15:44.095+0200] {dag.py:2726} INFO - Sync 2 DAGs
[2025-06-24T23:15:44.880+0200] {logging_mixin.py:149} INFO - [2025-06-24T23:15:44.879+0200] {dag.py:3486} INFO - Setting next_dagrun for example_external_task_marker_child to None, run_after=None
[2025-06-24T23:15:44.894+0200] {logging_mixin.py:149} INFO - [2025-06-24T23:15:44.894+0200] {dag.py:3486} INFO - Setting next_dagrun for example_external_task_marker_parent to None, run_after=None
[2025-06-24T23:15:44.999+0200] {processor.py:179} INFO - Processing /home/atef/.local/lib/python3.9/site-packages/airflow/example_dags/example_external_task_marker_dag.py took 1.349 seconds
[2025-06-24T23:16:56.403+0200] {processor.py:157} INFO - Started process (PID=155223) to work on /home/atef/.local/lib/python3.9/site-packages/airflow/example_dags/example_external_task_marker_dag.py
[2025-06-24T23:16:56.407+0200] {processor.py:826} INFO - Processing file /home/atef/.local/lib/python3.9/site-packages/airflow/example_dags/example_external_task_marker_dag.py for tasks to queue
[2025-06-24T23:16:56.409+0200] {logging_mixin.py:149} INFO - [2025-06-24T23:16:56.409+0200] {dagbag.py:541} INFO - Filling up the DagBag from /home/atef/.local/lib/python3.9/site-packages/airflow/example_dags/example_external_task_marker_dag.py
[2025-06-24T23:16:56.431+0200] {processor.py:836} INFO - DAG(s) dict_keys(['example_external_task_marker_child', 'example_external_task_marker_parent']) retrieved from /home/atef/.local/lib/python3.9/site-packages/airflow/example_dags/example_external_task_marker_dag.py
[2025-06-24T23:16:56.501+0200] {logging_mixin.py:149} INFO - [2025-06-24T23:16:56.501+0200] {dag.py:2726} INFO - Sync 2 DAGs
[2025-06-24T23:16:56.547+0200] {logging_mixin.py:149} INFO - [2025-06-24T23:16:56.547+0200] {dag.py:3486} INFO - Setting next_dagrun for example_external_task_marker_child to None, run_after=None
[2025-06-24T23:16:56.552+0200] {logging_mixin.py:149} INFO - [2025-06-24T23:16:56.551+0200] {dag.py:3486} INFO - Setting next_dagrun for example_external_task_marker_parent to None, run_after=None
[2025-06-24T23:16:56.600+0200] {processor.py:179} INFO - Processing /home/atef/.local/lib/python3.9/site-packages/airflow/example_dags/example_external_task_marker_dag.py took 0.211 seconds
[2025-06-24T23:18:45.347+0200] {processor.py:157} INFO - Started process (PID=155689) to work on /home/atef/.local/lib/python3.9/site-packages/airflow/example_dags/example_external_task_marker_dag.py
[2025-06-24T23:18:45.362+0200] {processor.py:826} INFO - Processing file /home/atef/.local/lib/python3.9/site-packages/airflow/example_dags/example_external_task_marker_dag.py for tasks to queue
[2025-06-24T23:18:45.364+0200] {logging_mixin.py:149} INFO - [2025-06-24T23:18:45.364+0200] {dagbag.py:541} INFO - Filling up the DagBag from /home/atef/.local/lib/python3.9/site-packages/airflow/example_dags/example_external_task_marker_dag.py
[2025-06-24T23:18:45.396+0200] {processor.py:836} INFO - DAG(s) dict_keys(['example_external_task_marker_child', 'example_external_task_marker_parent']) retrieved from /home/atef/.local/lib/python3.9/site-packages/airflow/example_dags/example_external_task_marker_dag.py
[2025-06-24T23:18:45.479+0200] {logging_mixin.py:149} INFO - [2025-06-24T23:18:45.479+0200] {dag.py:2726} INFO - Sync 2 DAGs
[2025-06-24T23:18:45.525+0200] {logging_mixin.py:149} INFO - [2025-06-24T23:18:45.525+0200] {dag.py:3486} INFO - Setting next_dagrun for example_external_task_marker_child to None, run_after=None
[2025-06-24T23:18:45.535+0200] {logging_mixin.py:149} INFO - [2025-06-24T23:18:45.535+0200] {dag.py:3486} INFO - Setting next_dagrun for example_external_task_marker_parent to None, run_after=None
[2025-06-24T23:18:45.570+0200] {processor.py:179} INFO - Processing /home/atef/.local/lib/python3.9/site-packages/airflow/example_dags/example_external_task_marker_dag.py took 0.245 seconds
[2025-06-25T01:12:00.730+0200] {processor.py:157} INFO - Started process (PID=173314) to work on /home/atef/.local/lib/python3.9/site-packages/airflow/example_dags/example_external_task_marker_dag.py
[2025-06-25T01:12:00.791+0200] {processor.py:826} INFO - Processing file /home/atef/.local/lib/python3.9/site-packages/airflow/example_dags/example_external_task_marker_dag.py for tasks to queue
[2025-06-25T01:12:00.800+0200] {logging_mixin.py:149} INFO - [2025-06-25T01:12:00.799+0200] {dagbag.py:541} INFO - Filling up the DagBag from /home/atef/.local/lib/python3.9/site-packages/airflow/example_dags/example_external_task_marker_dag.py
[2025-06-25T01:12:00.972+0200] {processor.py:836} INFO - DAG(s) dict_keys(['example_external_task_marker_child', 'example_external_task_marker_parent']) retrieved from /home/atef/.local/lib/python3.9/site-packages/airflow/example_dags/example_external_task_marker_dag.py
[2025-06-25T01:12:01.954+0200] {logging_mixin.py:149} INFO - [2025-06-25T01:12:01.954+0200] {dag.py:2726} INFO - Sync 2 DAGs
[2025-06-25T01:12:02.275+0200] {logging_mixin.py:149} INFO - [2025-06-25T01:12:02.274+0200] {dag.py:3486} INFO - Setting next_dagrun for example_external_task_marker_child to None, run_after=None
[2025-06-25T01:12:02.319+0200] {logging_mixin.py:149} INFO - [2025-06-25T01:12:02.316+0200] {dag.py:3486} INFO - Setting next_dagrun for example_external_task_marker_parent to None, run_after=None
[2025-06-25T01:12:02.471+0200] {processor.py:179} INFO - Processing /home/atef/.local/lib/python3.9/site-packages/airflow/example_dags/example_external_task_marker_dag.py took 1.822 seconds
[2025-06-25T01:18:24.721+0200] {processor.py:157} INFO - Started process (PID=175187) to work on /home/atef/.local/lib/python3.9/site-packages/airflow/example_dags/example_external_task_marker_dag.py
[2025-06-25T01:18:24.728+0200] {processor.py:826} INFO - Processing file /home/atef/.local/lib/python3.9/site-packages/airflow/example_dags/example_external_task_marker_dag.py for tasks to queue
[2025-06-25T01:18:24.732+0200] {logging_mixin.py:149} INFO - [2025-06-25T01:18:24.731+0200] {dagbag.py:541} INFO - Filling up the DagBag from /home/atef/.local/lib/python3.9/site-packages/airflow/example_dags/example_external_task_marker_dag.py
[2025-06-25T01:18:24.781+0200] {processor.py:836} INFO - DAG(s) dict_keys(['example_external_task_marker_child', 'example_external_task_marker_parent']) retrieved from /home/atef/.local/lib/python3.9/site-packages/airflow/example_dags/example_external_task_marker_dag.py
[2025-06-25T01:18:25.239+0200] {logging_mixin.py:149} INFO - [2025-06-25T01:18:25.237+0200] {dag.py:2726} INFO - Sync 2 DAGs
[2025-06-25T01:18:25.581+0200] {logging_mixin.py:149} INFO - [2025-06-25T01:18:25.579+0200] {dag.py:3486} INFO - Setting next_dagrun for example_external_task_marker_child to None, run_after=None
[2025-06-25T01:18:25.654+0200] {logging_mixin.py:149} INFO - [2025-06-25T01:18:25.648+0200] {dag.py:3486} INFO - Setting next_dagrun for example_external_task_marker_parent to None, run_after=None
[2025-06-25T01:18:25.995+0200] {processor.py:179} INFO - Processing /home/atef/.local/lib/python3.9/site-packages/airflow/example_dags/example_external_task_marker_dag.py took 1.297 seconds
[2025-06-25T01:19:48.058+0200] {processor.py:157} INFO - Started process (PID=175761) to work on /home/atef/.local/lib/python3.9/site-packages/airflow/example_dags/example_external_task_marker_dag.py
[2025-06-25T01:19:48.068+0200] {processor.py:826} INFO - Processing file /home/atef/.local/lib/python3.9/site-packages/airflow/example_dags/example_external_task_marker_dag.py for tasks to queue
[2025-06-25T01:19:48.078+0200] {logging_mixin.py:149} INFO - [2025-06-25T01:19:48.078+0200] {dagbag.py:541} INFO - Filling up the DagBag from /home/atef/.local/lib/python3.9/site-packages/airflow/example_dags/example_external_task_marker_dag.py
[2025-06-25T01:19:48.141+0200] {processor.py:836} INFO - DAG(s) dict_keys(['example_external_task_marker_parent', 'example_external_task_marker_child']) retrieved from /home/atef/.local/lib/python3.9/site-packages/airflow/example_dags/example_external_task_marker_dag.py
[2025-06-25T01:19:48.255+0200] {logging_mixin.py:149} INFO - [2025-06-25T01:19:48.255+0200] {dag.py:2726} INFO - Sync 2 DAGs
[2025-06-25T01:19:48.323+0200] {logging_mixin.py:149} INFO - [2025-06-25T01:19:48.323+0200] {dag.py:3486} INFO - Setting next_dagrun for example_external_task_marker_child to None, run_after=None
[2025-06-25T01:19:48.328+0200] {logging_mixin.py:149} INFO - [2025-06-25T01:19:48.328+0200] {dag.py:3486} INFO - Setting next_dagrun for example_external_task_marker_parent to None, run_after=None
[2025-06-25T01:19:48.399+0200] {processor.py:179} INFO - Processing /home/atef/.local/lib/python3.9/site-packages/airflow/example_dags/example_external_task_marker_dag.py took 0.373 seconds
[2025-06-25T01:21:36.770+0200] {processor.py:157} INFO - Started process (PID=176847) to work on /home/atef/.local/lib/python3.9/site-packages/airflow/example_dags/example_external_task_marker_dag.py
[2025-06-25T01:21:36.776+0200] {processor.py:826} INFO - Processing file /home/atef/.local/lib/python3.9/site-packages/airflow/example_dags/example_external_task_marker_dag.py for tasks to queue
[2025-06-25T01:21:36.780+0200] {logging_mixin.py:149} INFO - [2025-06-25T01:21:36.779+0200] {dagbag.py:541} INFO - Filling up the DagBag from /home/atef/.local/lib/python3.9/site-packages/airflow/example_dags/example_external_task_marker_dag.py
[2025-06-25T01:21:36.808+0200] {processor.py:836} INFO - DAG(s) dict_keys(['example_external_task_marker_parent', 'example_external_task_marker_child']) retrieved from /home/atef/.local/lib/python3.9/site-packages/airflow/example_dags/example_external_task_marker_dag.py
[2025-06-25T01:21:36.901+0200] {logging_mixin.py:149} INFO - [2025-06-25T01:21:36.900+0200] {dag.py:2726} INFO - Sync 2 DAGs
[2025-06-25T01:21:36.981+0200] {logging_mixin.py:149} INFO - [2025-06-25T01:21:36.981+0200] {dag.py:3486} INFO - Setting next_dagrun for example_external_task_marker_child to None, run_after=None
[2025-06-25T01:21:36.995+0200] {logging_mixin.py:149} INFO - [2025-06-25T01:21:36.994+0200] {dag.py:3486} INFO - Setting next_dagrun for example_external_task_marker_parent to None, run_after=None
[2025-06-25T01:21:37.090+0200] {processor.py:179} INFO - Processing /home/atef/.local/lib/python3.9/site-packages/airflow/example_dags/example_external_task_marker_dag.py took 0.339 seconds
[2025-06-25T01:22:51.588+0200] {processor.py:157} INFO - Started process (PID=177140) to work on /home/atef/.local/lib/python3.9/site-packages/airflow/example_dags/example_external_task_marker_dag.py
[2025-06-25T01:22:51.594+0200] {processor.py:826} INFO - Processing file /home/atef/.local/lib/python3.9/site-packages/airflow/example_dags/example_external_task_marker_dag.py for tasks to queue
[2025-06-25T01:22:51.597+0200] {logging_mixin.py:149} INFO - [2025-06-25T01:22:51.596+0200] {dagbag.py:541} INFO - Filling up the DagBag from /home/atef/.local/lib/python3.9/site-packages/airflow/example_dags/example_external_task_marker_dag.py
[2025-06-25T01:22:51.622+0200] {processor.py:836} INFO - DAG(s) dict_keys(['example_external_task_marker_child', 'example_external_task_marker_parent']) retrieved from /home/atef/.local/lib/python3.9/site-packages/airflow/example_dags/example_external_task_marker_dag.py
[2025-06-25T01:22:51.708+0200] {logging_mixin.py:149} INFO - [2025-06-25T01:22:51.708+0200] {dag.py:2726} INFO - Sync 2 DAGs
[2025-06-25T01:22:51.780+0200] {logging_mixin.py:149} INFO - [2025-06-25T01:22:51.779+0200] {dag.py:3486} INFO - Setting next_dagrun for example_external_task_marker_child to None, run_after=None
[2025-06-25T01:22:51.785+0200] {logging_mixin.py:149} INFO - [2025-06-25T01:22:51.785+0200] {dag.py:3486} INFO - Setting next_dagrun for example_external_task_marker_parent to None, run_after=None
[2025-06-25T01:22:51.856+0200] {processor.py:179} INFO - Processing /home/atef/.local/lib/python3.9/site-packages/airflow/example_dags/example_external_task_marker_dag.py took 0.282 seconds
[2025-06-25T01:24:37.605+0200] {processor.py:157} INFO - Started process (PID=178003) to work on /home/atef/.local/lib/python3.9/site-packages/airflow/example_dags/example_external_task_marker_dag.py
[2025-06-25T01:24:37.618+0200] {processor.py:826} INFO - Processing file /home/atef/.local/lib/python3.9/site-packages/airflow/example_dags/example_external_task_marker_dag.py for tasks to queue
[2025-06-25T01:24:37.625+0200] {logging_mixin.py:149} INFO - [2025-06-25T01:24:37.624+0200] {dagbag.py:541} INFO - Filling up the DagBag from /home/atef/.local/lib/python3.9/site-packages/airflow/example_dags/example_external_task_marker_dag.py
[2025-06-25T01:24:37.704+0200] {processor.py:836} INFO - DAG(s) dict_keys(['example_external_task_marker_child', 'example_external_task_marker_parent']) retrieved from /home/atef/.local/lib/python3.9/site-packages/airflow/example_dags/example_external_task_marker_dag.py
[2025-06-25T01:24:37.815+0200] {logging_mixin.py:149} INFO - [2025-06-25T01:24:37.815+0200] {dag.py:2726} INFO - Sync 2 DAGs
[2025-06-25T01:24:37.881+0200] {logging_mixin.py:149} INFO - [2025-06-25T01:24:37.881+0200] {dag.py:3486} INFO - Setting next_dagrun for example_external_task_marker_child to None, run_after=None
[2025-06-25T01:24:37.886+0200] {logging_mixin.py:149} INFO - [2025-06-25T01:24:37.885+0200] {dag.py:3486} INFO - Setting next_dagrun for example_external_task_marker_parent to None, run_after=None
[2025-06-25T01:24:37.922+0200] {processor.py:179} INFO - Processing /home/atef/.local/lib/python3.9/site-packages/airflow/example_dags/example_external_task_marker_dag.py took 0.381 seconds
[2025-06-25T01:26:46.966+0200] {processor.py:157} INFO - Started process (PID=178909) to work on /home/atef/.local/lib/python3.9/site-packages/airflow/example_dags/example_external_task_marker_dag.py
[2025-06-25T01:26:46.971+0200] {processor.py:826} INFO - Processing file /home/atef/.local/lib/python3.9/site-packages/airflow/example_dags/example_external_task_marker_dag.py for tasks to queue
[2025-06-25T01:26:46.973+0200] {logging_mixin.py:149} INFO - [2025-06-25T01:26:46.972+0200] {dagbag.py:541} INFO - Filling up the DagBag from /home/atef/.local/lib/python3.9/site-packages/airflow/example_dags/example_external_task_marker_dag.py
[2025-06-25T01:26:46.999+0200] {processor.py:836} INFO - DAG(s) dict_keys(['example_external_task_marker_parent', 'example_external_task_marker_child']) retrieved from /home/atef/.local/lib/python3.9/site-packages/airflow/example_dags/example_external_task_marker_dag.py
[2025-06-25T01:26:47.090+0200] {logging_mixin.py:149} INFO - [2025-06-25T01:26:47.090+0200] {dag.py:2726} INFO - Sync 2 DAGs
[2025-06-25T01:26:47.151+0200] {logging_mixin.py:149} INFO - [2025-06-25T01:26:47.151+0200] {dag.py:3486} INFO - Setting next_dagrun for example_external_task_marker_child to None, run_after=None
[2025-06-25T01:26:47.157+0200] {logging_mixin.py:149} INFO - [2025-06-25T01:26:47.157+0200] {dag.py:3486} INFO - Setting next_dagrun for example_external_task_marker_parent to None, run_after=None
[2025-06-25T01:26:47.202+0200] {processor.py:179} INFO - Processing /home/atef/.local/lib/python3.9/site-packages/airflow/example_dags/example_external_task_marker_dag.py took 0.252 seconds
[2025-06-25T01:29:36.448+0200] {processor.py:157} INFO - Started process (PID=180149) to work on /home/atef/.local/lib/python3.9/site-packages/airflow/example_dags/example_external_task_marker_dag.py
[2025-06-25T01:29:36.461+0200] {processor.py:826} INFO - Processing file /home/atef/.local/lib/python3.9/site-packages/airflow/example_dags/example_external_task_marker_dag.py for tasks to queue
[2025-06-25T01:29:36.467+0200] {logging_mixin.py:149} INFO - [2025-06-25T01:29:36.467+0200] {dagbag.py:541} INFO - Filling up the DagBag from /home/atef/.local/lib/python3.9/site-packages/airflow/example_dags/example_external_task_marker_dag.py
[2025-06-25T01:29:36.561+0200] {processor.py:836} INFO - DAG(s) dict_keys(['example_external_task_marker_parent', 'example_external_task_marker_child']) retrieved from /home/atef/.local/lib/python3.9/site-packages/airflow/example_dags/example_external_task_marker_dag.py
[2025-06-25T01:29:37.082+0200] {logging_mixin.py:149} INFO - [2025-06-25T01:29:37.081+0200] {dag.py:2726} INFO - Sync 2 DAGs
[2025-06-25T01:29:37.404+0200] {logging_mixin.py:149} INFO - [2025-06-25T01:29:37.403+0200] {dag.py:3486} INFO - Setting next_dagrun for example_external_task_marker_child to None, run_after=None
[2025-06-25T01:29:37.441+0200] {logging_mixin.py:149} INFO - [2025-06-25T01:29:37.441+0200] {dag.py:3486} INFO - Setting next_dagrun for example_external_task_marker_parent to None, run_after=None
[2025-06-25T01:29:37.777+0200] {processor.py:179} INFO - Processing /home/atef/.local/lib/python3.9/site-packages/airflow/example_dags/example_external_task_marker_dag.py took 1.365 seconds
[2025-06-25T01:31:27.052+0200] {processor.py:157} INFO - Started process (PID=181164) to work on /home/atef/.local/lib/python3.9/site-packages/airflow/example_dags/example_external_task_marker_dag.py
[2025-06-25T01:31:27.062+0200] {processor.py:826} INFO - Processing file /home/atef/.local/lib/python3.9/site-packages/airflow/example_dags/example_external_task_marker_dag.py for tasks to queue
[2025-06-25T01:31:27.065+0200] {logging_mixin.py:149} INFO - [2025-06-25T01:31:27.065+0200] {dagbag.py:541} INFO - Filling up the DagBag from /home/atef/.local/lib/python3.9/site-packages/airflow/example_dags/example_external_task_marker_dag.py
[2025-06-25T01:31:27.107+0200] {processor.py:836} INFO - DAG(s) dict_keys(['example_external_task_marker_child', 'example_external_task_marker_parent']) retrieved from /home/atef/.local/lib/python3.9/site-packages/airflow/example_dags/example_external_task_marker_dag.py
[2025-06-25T01:31:27.223+0200] {logging_mixin.py:149} INFO - [2025-06-25T01:31:27.223+0200] {dag.py:2726} INFO - Sync 2 DAGs
[2025-06-25T01:31:27.315+0200] {logging_mixin.py:149} INFO - [2025-06-25T01:31:27.315+0200] {dag.py:3486} INFO - Setting next_dagrun for example_external_task_marker_child to None, run_after=None
[2025-06-25T01:31:27.324+0200] {logging_mixin.py:149} INFO - [2025-06-25T01:31:27.323+0200] {dag.py:3486} INFO - Setting next_dagrun for example_external_task_marker_parent to None, run_after=None
[2025-06-25T01:31:27.393+0200] {processor.py:179} INFO - Processing /home/atef/.local/lib/python3.9/site-packages/airflow/example_dags/example_external_task_marker_dag.py took 0.362 seconds
[2025-06-25T01:32:38.927+0200] {processor.py:157} INFO - Started process (PID=181419) to work on /home/atef/.local/lib/python3.9/site-packages/airflow/example_dags/example_external_task_marker_dag.py
[2025-06-25T01:32:38.939+0200] {processor.py:826} INFO - Processing file /home/atef/.local/lib/python3.9/site-packages/airflow/example_dags/example_external_task_marker_dag.py for tasks to queue
[2025-06-25T01:32:38.945+0200] {logging_mixin.py:149} INFO - [2025-06-25T01:32:38.945+0200] {dagbag.py:541} INFO - Filling up the DagBag from /home/atef/.local/lib/python3.9/site-packages/airflow/example_dags/example_external_task_marker_dag.py
[2025-06-25T01:32:38.979+0200] {processor.py:836} INFO - DAG(s) dict_keys(['example_external_task_marker_parent', 'example_external_task_marker_child']) retrieved from /home/atef/.local/lib/python3.9/site-packages/airflow/example_dags/example_external_task_marker_dag.py
[2025-06-25T01:32:39.098+0200] {logging_mixin.py:149} INFO - [2025-06-25T01:32:39.097+0200] {dag.py:2726} INFO - Sync 2 DAGs
[2025-06-25T01:32:39.183+0200] {logging_mixin.py:149} INFO - [2025-06-25T01:32:39.183+0200] {dag.py:3486} INFO - Setting next_dagrun for example_external_task_marker_child to None, run_after=None
[2025-06-25T01:32:39.190+0200] {logging_mixin.py:149} INFO - [2025-06-25T01:32:39.190+0200] {dag.py:3486} INFO - Setting next_dagrun for example_external_task_marker_parent to None, run_after=None
[2025-06-25T01:32:39.253+0200] {processor.py:179} INFO - Processing /home/atef/.local/lib/python3.9/site-packages/airflow/example_dags/example_external_task_marker_dag.py took 0.383 seconds
[2025-06-25T01:34:45.731+0200] {processor.py:157} INFO - Started process (PID=182090) to work on /home/atef/.local/lib/python3.9/site-packages/airflow/example_dags/example_external_task_marker_dag.py
[2025-06-25T01:34:45.739+0200] {processor.py:826} INFO - Processing file /home/atef/.local/lib/python3.9/site-packages/airflow/example_dags/example_external_task_marker_dag.py for tasks to queue
[2025-06-25T01:34:45.741+0200] {logging_mixin.py:149} INFO - [2025-06-25T01:34:45.740+0200] {dagbag.py:541} INFO - Filling up the DagBag from /home/atef/.local/lib/python3.9/site-packages/airflow/example_dags/example_external_task_marker_dag.py
[2025-06-25T01:34:45.763+0200] {processor.py:836} INFO - DAG(s) dict_keys(['example_external_task_marker_parent', 'example_external_task_marker_child']) retrieved from /home/atef/.local/lib/python3.9/site-packages/airflow/example_dags/example_external_task_marker_dag.py
[2025-06-25T01:34:45.870+0200] {logging_mixin.py:149} INFO - [2025-06-25T01:34:45.869+0200] {dag.py:2726} INFO - Sync 2 DAGs
[2025-06-25T01:34:45.926+0200] {logging_mixin.py:149} INFO - [2025-06-25T01:34:45.925+0200] {dag.py:3486} INFO - Setting next_dagrun for example_external_task_marker_child to None, run_after=None
[2025-06-25T01:34:45.932+0200] {logging_mixin.py:149} INFO - [2025-06-25T01:34:45.932+0200] {dag.py:3486} INFO - Setting next_dagrun for example_external_task_marker_parent to None, run_after=None
[2025-06-25T01:34:46.047+0200] {processor.py:179} INFO - Processing /home/atef/.local/lib/python3.9/site-packages/airflow/example_dags/example_external_task_marker_dag.py took 0.330 seconds
[2025-06-25T01:38:27.834+0200] {processor.py:157} INFO - Started process (PID=183501) to work on /home/atef/.local/lib/python3.9/site-packages/airflow/example_dags/example_external_task_marker_dag.py
[2025-06-25T01:38:27.843+0200] {processor.py:826} INFO - Processing file /home/atef/.local/lib/python3.9/site-packages/airflow/example_dags/example_external_task_marker_dag.py for tasks to queue
[2025-06-25T01:38:27.848+0200] {logging_mixin.py:149} INFO - [2025-06-25T01:38:27.847+0200] {dagbag.py:541} INFO - Filling up the DagBag from /home/atef/.local/lib/python3.9/site-packages/airflow/example_dags/example_external_task_marker_dag.py
[2025-06-25T01:38:27.901+0200] {processor.py:836} INFO - DAG(s) dict_keys(['example_external_task_marker_child', 'example_external_task_marker_parent']) retrieved from /home/atef/.local/lib/python3.9/site-packages/airflow/example_dags/example_external_task_marker_dag.py
[2025-06-25T01:38:28.188+0200] {logging_mixin.py:149} INFO - [2025-06-25T01:38:28.188+0200] {dag.py:2726} INFO - Sync 2 DAGs
[2025-06-25T01:38:28.238+0200] {logging_mixin.py:149} INFO - [2025-06-25T01:38:28.238+0200] {dag.py:3486} INFO - Setting next_dagrun for example_external_task_marker_child to None, run_after=None
[2025-06-25T01:38:28.244+0200] {logging_mixin.py:149} INFO - [2025-06-25T01:38:28.244+0200] {dag.py:3486} INFO - Setting next_dagrun for example_external_task_marker_parent to None, run_after=None
[2025-06-25T01:38:28.299+0200] {processor.py:179} INFO - Processing /home/atef/.local/lib/python3.9/site-packages/airflow/example_dags/example_external_task_marker_dag.py took 0.502 seconds
[2025-06-25T01:39:38.370+0200] {processor.py:157} INFO - Started process (PID=183730) to work on /home/atef/.local/lib/python3.9/site-packages/airflow/example_dags/example_external_task_marker_dag.py
[2025-06-25T01:39:38.377+0200] {processor.py:826} INFO - Processing file /home/atef/.local/lib/python3.9/site-packages/airflow/example_dags/example_external_task_marker_dag.py for tasks to queue
[2025-06-25T01:39:38.380+0200] {logging_mixin.py:149} INFO - [2025-06-25T01:39:38.380+0200] {dagbag.py:541} INFO - Filling up the DagBag from /home/atef/.local/lib/python3.9/site-packages/airflow/example_dags/example_external_task_marker_dag.py
[2025-06-25T01:39:38.414+0200] {processor.py:836} INFO - DAG(s) dict_keys(['example_external_task_marker_parent', 'example_external_task_marker_child']) retrieved from /home/atef/.local/lib/python3.9/site-packages/airflow/example_dags/example_external_task_marker_dag.py
[2025-06-25T01:39:38.525+0200] {logging_mixin.py:149} INFO - [2025-06-25T01:39:38.525+0200] {dag.py:2726} INFO - Sync 2 DAGs
[2025-06-25T01:39:38.579+0200] {logging_mixin.py:149} INFO - [2025-06-25T01:39:38.579+0200] {dag.py:3486} INFO - Setting next_dagrun for example_external_task_marker_child to None, run_after=None
[2025-06-25T01:39:38.584+0200] {logging_mixin.py:149} INFO - [2025-06-25T01:39:38.584+0200] {dag.py:3486} INFO - Setting next_dagrun for example_external_task_marker_parent to None, run_after=None
[2025-06-25T01:39:38.754+0200] {processor.py:179} INFO - Processing /home/atef/.local/lib/python3.9/site-packages/airflow/example_dags/example_external_task_marker_dag.py took 0.403 seconds
[2025-06-25T01:41:11.409+0200] {processor.py:157} INFO - Started process (PID=184086) to work on /home/atef/.local/lib/python3.9/site-packages/airflow/example_dags/example_external_task_marker_dag.py
[2025-06-25T01:41:11.424+0200] {processor.py:826} INFO - Processing file /home/atef/.local/lib/python3.9/site-packages/airflow/example_dags/example_external_task_marker_dag.py for tasks to queue
[2025-06-25T01:41:11.430+0200] {logging_mixin.py:149} INFO - [2025-06-25T01:41:11.430+0200] {dagbag.py:541} INFO - Filling up the DagBag from /home/atef/.local/lib/python3.9/site-packages/airflow/example_dags/example_external_task_marker_dag.py
[2025-06-25T01:41:11.498+0200] {processor.py:836} INFO - DAG(s) dict_keys(['example_external_task_marker_child', 'example_external_task_marker_parent']) retrieved from /home/atef/.local/lib/python3.9/site-packages/airflow/example_dags/example_external_task_marker_dag.py
[2025-06-25T01:41:11.766+0200] {logging_mixin.py:149} INFO - [2025-06-25T01:41:11.766+0200] {dag.py:2726} INFO - Sync 2 DAGs
[2025-06-25T01:41:11.912+0200] {logging_mixin.py:149} INFO - [2025-06-25T01:41:11.909+0200] {dag.py:3486} INFO - Setting next_dagrun for example_external_task_marker_child to None, run_after=None
[2025-06-25T01:41:11.922+0200] {logging_mixin.py:149} INFO - [2025-06-25T01:41:11.922+0200] {dag.py:3486} INFO - Setting next_dagrun for example_external_task_marker_parent to None, run_after=None
[2025-06-25T01:41:12.089+0200] {processor.py:179} INFO - Processing /home/atef/.local/lib/python3.9/site-packages/airflow/example_dags/example_external_task_marker_dag.py took 0.724 seconds
[2025-06-25T01:46:01.025+0200] {processor.py:157} INFO - Started process (PID=187479) to work on /home/atef/.local/lib/python3.9/site-packages/airflow/example_dags/example_external_task_marker_dag.py
[2025-06-25T01:46:01.051+0200] {processor.py:826} INFO - Processing file /home/atef/.local/lib/python3.9/site-packages/airflow/example_dags/example_external_task_marker_dag.py for tasks to queue
[2025-06-25T01:46:01.062+0200] {logging_mixin.py:149} INFO - [2025-06-25T01:46:01.059+0200] {dagbag.py:541} INFO - Filling up the DagBag from /home/atef/.local/lib/python3.9/site-packages/airflow/example_dags/example_external_task_marker_dag.py
[2025-06-25T01:46:01.174+0200] {processor.py:836} INFO - DAG(s) dict_keys(['example_external_task_marker_parent', 'example_external_task_marker_child']) retrieved from /home/atef/.local/lib/python3.9/site-packages/airflow/example_dags/example_external_task_marker_dag.py
[2025-06-25T01:46:01.476+0200] {logging_mixin.py:149} INFO - [2025-06-25T01:46:01.475+0200] {dag.py:2726} INFO - Sync 2 DAGs
[2025-06-25T01:46:01.631+0200] {logging_mixin.py:149} INFO - [2025-06-25T01:46:01.630+0200] {dag.py:3486} INFO - Setting next_dagrun for example_external_task_marker_child to None, run_after=None
[2025-06-25T01:46:01.645+0200] {logging_mixin.py:149} INFO - [2025-06-25T01:46:01.645+0200] {dag.py:3486} INFO - Setting next_dagrun for example_external_task_marker_parent to None, run_after=None
[2025-06-25T01:46:01.714+0200] {processor.py:179} INFO - Processing /home/atef/.local/lib/python3.9/site-packages/airflow/example_dags/example_external_task_marker_dag.py took 0.822 seconds
[2025-06-25T01:47:27.023+0200] {processor.py:157} INFO - Started process (PID=188306) to work on /home/atef/.local/lib/python3.9/site-packages/airflow/example_dags/example_external_task_marker_dag.py
[2025-06-25T01:47:27.029+0200] {processor.py:826} INFO - Processing file /home/atef/.local/lib/python3.9/site-packages/airflow/example_dags/example_external_task_marker_dag.py for tasks to queue
[2025-06-25T01:47:27.034+0200] {logging_mixin.py:149} INFO - [2025-06-25T01:47:27.034+0200] {dagbag.py:541} INFO - Filling up the DagBag from /home/atef/.local/lib/python3.9/site-packages/airflow/example_dags/example_external_task_marker_dag.py
[2025-06-25T01:47:27.067+0200] {processor.py:836} INFO - DAG(s) dict_keys(['example_external_task_marker_child', 'example_external_task_marker_parent']) retrieved from /home/atef/.local/lib/python3.9/site-packages/airflow/example_dags/example_external_task_marker_dag.py
[2025-06-25T01:47:27.198+0200] {logging_mixin.py:149} INFO - [2025-06-25T01:47:27.195+0200] {dag.py:2726} INFO - Sync 2 DAGs
[2025-06-25T01:47:27.282+0200] {logging_mixin.py:149} INFO - [2025-06-25T01:47:27.281+0200] {dag.py:3486} INFO - Setting next_dagrun for example_external_task_marker_child to None, run_after=None
[2025-06-25T01:47:27.291+0200] {logging_mixin.py:149} INFO - [2025-06-25T01:47:27.290+0200] {dag.py:3486} INFO - Setting next_dagrun for example_external_task_marker_parent to None, run_after=None
[2025-06-25T01:47:27.356+0200] {processor.py:179} INFO - Processing /home/atef/.local/lib/python3.9/site-packages/airflow/example_dags/example_external_task_marker_dag.py took 0.357 seconds
[2025-06-25T01:49:37.209+0200] {processor.py:157} INFO - Started process (PID=189201) to work on /home/atef/.local/lib/python3.9/site-packages/airflow/example_dags/example_external_task_marker_dag.py
[2025-06-25T01:49:37.220+0200] {processor.py:826} INFO - Processing file /home/atef/.local/lib/python3.9/site-packages/airflow/example_dags/example_external_task_marker_dag.py for tasks to queue
[2025-06-25T01:49:37.223+0200] {logging_mixin.py:149} INFO - [2025-06-25T01:49:37.223+0200] {dagbag.py:541} INFO - Filling up the DagBag from /home/atef/.local/lib/python3.9/site-packages/airflow/example_dags/example_external_task_marker_dag.py
[2025-06-25T01:49:37.252+0200] {processor.py:836} INFO - DAG(s) dict_keys(['example_external_task_marker_parent', 'example_external_task_marker_child']) retrieved from /home/atef/.local/lib/python3.9/site-packages/airflow/example_dags/example_external_task_marker_dag.py
[2025-06-25T01:49:37.364+0200] {logging_mixin.py:149} INFO - [2025-06-25T01:49:37.364+0200] {dag.py:2726} INFO - Sync 2 DAGs
[2025-06-25T01:49:37.432+0200] {logging_mixin.py:149} INFO - [2025-06-25T01:49:37.432+0200] {dag.py:3486} INFO - Setting next_dagrun for example_external_task_marker_child to None, run_after=None
[2025-06-25T01:49:37.438+0200] {logging_mixin.py:149} INFO - [2025-06-25T01:49:37.437+0200] {dag.py:3486} INFO - Setting next_dagrun for example_external_task_marker_parent to None, run_after=None
[2025-06-25T01:49:37.484+0200] {processor.py:179} INFO - Processing /home/atef/.local/lib/python3.9/site-packages/airflow/example_dags/example_external_task_marker_dag.py took 0.291 seconds
[2025-06-25T01:51:06.887+0200] {processor.py:157} INFO - Started process (PID=189618) to work on /home/atef/.local/lib/python3.9/site-packages/airflow/example_dags/example_external_task_marker_dag.py
[2025-06-25T01:51:06.901+0200] {processor.py:826} INFO - Processing file /home/atef/.local/lib/python3.9/site-packages/airflow/example_dags/example_external_task_marker_dag.py for tasks to queue
[2025-06-25T01:51:06.916+0200] {logging_mixin.py:149} INFO - [2025-06-25T01:51:06.914+0200] {dagbag.py:541} INFO - Filling up the DagBag from /home/atef/.local/lib/python3.9/site-packages/airflow/example_dags/example_external_task_marker_dag.py
[2025-06-25T01:51:07.076+0200] {processor.py:836} INFO - DAG(s) dict_keys(['example_external_task_marker_parent', 'example_external_task_marker_child']) retrieved from /home/atef/.local/lib/python3.9/site-packages/airflow/example_dags/example_external_task_marker_dag.py
[2025-06-25T01:51:07.347+0200] {logging_mixin.py:149} INFO - [2025-06-25T01:51:07.343+0200] {dag.py:2726} INFO - Sync 2 DAGs
[2025-06-25T01:51:07.541+0200] {logging_mixin.py:149} INFO - [2025-06-25T01:51:07.540+0200] {dag.py:3486} INFO - Setting next_dagrun for example_external_task_marker_child to None, run_after=None
[2025-06-25T01:51:07.556+0200] {logging_mixin.py:149} INFO - [2025-06-25T01:51:07.555+0200] {dag.py:3486} INFO - Setting next_dagrun for example_external_task_marker_parent to None, run_after=None
[2025-06-25T01:51:07.652+0200] {processor.py:179} INFO - Processing /home/atef/.local/lib/python3.9/site-packages/airflow/example_dags/example_external_task_marker_dag.py took 0.821 seconds
[2025-06-25T01:53:30.169+0200] {processor.py:157} INFO - Started process (PID=190178) to work on /home/atef/.local/lib/python3.9/site-packages/airflow/example_dags/example_external_task_marker_dag.py
[2025-06-25T01:53:30.175+0200] {processor.py:826} INFO - Processing file /home/atef/.local/lib/python3.9/site-packages/airflow/example_dags/example_external_task_marker_dag.py for tasks to queue
[2025-06-25T01:53:30.177+0200] {logging_mixin.py:149} INFO - [2025-06-25T01:53:30.177+0200] {dagbag.py:541} INFO - Filling up the DagBag from /home/atef/.local/lib/python3.9/site-packages/airflow/example_dags/example_external_task_marker_dag.py
[2025-06-25T01:53:30.206+0200] {processor.py:836} INFO - DAG(s) dict_keys(['example_external_task_marker_child', 'example_external_task_marker_parent']) retrieved from /home/atef/.local/lib/python3.9/site-packages/airflow/example_dags/example_external_task_marker_dag.py
[2025-06-25T01:53:30.446+0200] {logging_mixin.py:149} INFO - [2025-06-25T01:53:30.445+0200] {dag.py:2726} INFO - Sync 2 DAGs
[2025-06-25T01:53:30.544+0200] {logging_mixin.py:149} INFO - [2025-06-25T01:53:30.543+0200] {dag.py:3486} INFO - Setting next_dagrun for example_external_task_marker_child to None, run_after=None
[2025-06-25T01:53:30.556+0200] {logging_mixin.py:149} INFO - [2025-06-25T01:53:30.556+0200] {dag.py:3486} INFO - Setting next_dagrun for example_external_task_marker_parent to None, run_after=None
[2025-06-25T01:53:30.625+0200] {processor.py:179} INFO - Processing /home/atef/.local/lib/python3.9/site-packages/airflow/example_dags/example_external_task_marker_dag.py took 0.473 seconds
[2025-06-25T01:55:54.961+0200] {processor.py:157} INFO - Started process (PID=191037) to work on /home/atef/.local/lib/python3.9/site-packages/airflow/example_dags/example_external_task_marker_dag.py
[2025-06-25T01:55:54.968+0200] {processor.py:826} INFO - Processing file /home/atef/.local/lib/python3.9/site-packages/airflow/example_dags/example_external_task_marker_dag.py for tasks to queue
[2025-06-25T01:55:54.973+0200] {logging_mixin.py:149} INFO - [2025-06-25T01:55:54.973+0200] {dagbag.py:541} INFO - Filling up the DagBag from /home/atef/.local/lib/python3.9/site-packages/airflow/example_dags/example_external_task_marker_dag.py
[2025-06-25T01:55:55.025+0200] {processor.py:836} INFO - DAG(s) dict_keys(['example_external_task_marker_child', 'example_external_task_marker_parent']) retrieved from /home/atef/.local/lib/python3.9/site-packages/airflow/example_dags/example_external_task_marker_dag.py
[2025-06-25T01:55:55.339+0200] {logging_mixin.py:149} INFO - [2025-06-25T01:55:55.338+0200] {dag.py:2726} INFO - Sync 2 DAGs
[2025-06-25T01:55:55.439+0200] {logging_mixin.py:149} INFO - [2025-06-25T01:55:55.438+0200] {dag.py:3486} INFO - Setting next_dagrun for example_external_task_marker_child to None, run_after=None
[2025-06-25T01:55:55.457+0200] {logging_mixin.py:149} INFO - [2025-06-25T01:55:55.457+0200] {dag.py:3486} INFO - Setting next_dagrun for example_external_task_marker_parent to None, run_after=None
[2025-06-25T01:55:55.565+0200] {processor.py:179} INFO - Processing /home/atef/.local/lib/python3.9/site-packages/airflow/example_dags/example_external_task_marker_dag.py took 0.636 seconds
[2025-06-25T01:57:13.448+0200] {processor.py:157} INFO - Started process (PID=191394) to work on /home/atef/.local/lib/python3.9/site-packages/airflow/example_dags/example_external_task_marker_dag.py
[2025-06-25T01:57:13.453+0200] {processor.py:826} INFO - Processing file /home/atef/.local/lib/python3.9/site-packages/airflow/example_dags/example_external_task_marker_dag.py for tasks to queue
[2025-06-25T01:57:13.455+0200] {logging_mixin.py:149} INFO - [2025-06-25T01:57:13.454+0200] {dagbag.py:541} INFO - Filling up the DagBag from /home/atef/.local/lib/python3.9/site-packages/airflow/example_dags/example_external_task_marker_dag.py
[2025-06-25T01:57:13.473+0200] {processor.py:836} INFO - DAG(s) dict_keys(['example_external_task_marker_child', 'example_external_task_marker_parent']) retrieved from /home/atef/.local/lib/python3.9/site-packages/airflow/example_dags/example_external_task_marker_dag.py
[2025-06-25T01:57:13.544+0200] {logging_mixin.py:149} INFO - [2025-06-25T01:57:13.544+0200] {dag.py:2726} INFO - Sync 2 DAGs
[2025-06-25T01:57:13.581+0200] {logging_mixin.py:149} INFO - [2025-06-25T01:57:13.581+0200] {dag.py:3486} INFO - Setting next_dagrun for example_external_task_marker_child to None, run_after=None
[2025-06-25T01:57:13.585+0200] {logging_mixin.py:149} INFO - [2025-06-25T01:57:13.585+0200] {dag.py:3486} INFO - Setting next_dagrun for example_external_task_marker_parent to None, run_after=None
[2025-06-25T01:57:13.618+0200] {processor.py:179} INFO - Processing /home/atef/.local/lib/python3.9/site-packages/airflow/example_dags/example_external_task_marker_dag.py took 0.182 seconds
[2025-06-25T01:59:56.520+0200] {processor.py:157} INFO - Started process (PID=193014) to work on /home/atef/.local/lib/python3.9/site-packages/airflow/example_dags/example_external_task_marker_dag.py
[2025-06-25T01:59:56.528+0200] {processor.py:826} INFO - Processing file /home/atef/.local/lib/python3.9/site-packages/airflow/example_dags/example_external_task_marker_dag.py for tasks to queue
[2025-06-25T01:59:56.533+0200] {logging_mixin.py:149} INFO - [2025-06-25T01:59:56.533+0200] {dagbag.py:541} INFO - Filling up the DagBag from /home/atef/.local/lib/python3.9/site-packages/airflow/example_dags/example_external_task_marker_dag.py
[2025-06-25T01:59:56.577+0200] {processor.py:836} INFO - DAG(s) dict_keys(['example_external_task_marker_parent', 'example_external_task_marker_child']) retrieved from /home/atef/.local/lib/python3.9/site-packages/airflow/example_dags/example_external_task_marker_dag.py
[2025-06-25T01:59:56.761+0200] {logging_mixin.py:149} INFO - [2025-06-25T01:59:56.761+0200] {dag.py:2726} INFO - Sync 2 DAGs
[2025-06-25T01:59:56.821+0200] {logging_mixin.py:149} INFO - [2025-06-25T01:59:56.821+0200] {dag.py:3486} INFO - Setting next_dagrun for example_external_task_marker_child to None, run_after=None
[2025-06-25T01:59:56.826+0200] {logging_mixin.py:149} INFO - [2025-06-25T01:59:56.826+0200] {dag.py:3486} INFO - Setting next_dagrun for example_external_task_marker_parent to None, run_after=None
[2025-06-25T01:59:56.864+0200] {processor.py:179} INFO - Processing /home/atef/.local/lib/python3.9/site-packages/airflow/example_dags/example_external_task_marker_dag.py took 0.388 seconds
