[2025-06-24T23:14:53.474+0200] {processor.py:157} INFO - Started process (PID=154793) to work on /home/atef/.local/lib/python3.9/site-packages/airflow/example_dags/example_short_circuit_operator.py
[2025-06-24T23:14:53.478+0200] {processor.py:826} INFO - Processing file /home/atef/.local/lib/python3.9/site-packages/airflow/example_dags/example_short_circuit_operator.py for tasks to queue
[2025-06-24T23:14:53.480+0200] {logging_mixin.py:149} INFO - [2025-06-24T23:14:53.480+0200] {dagbag.py:541} INFO - Filling up the DagBag from /home/atef/.local/lib/python3.9/site-packages/airflow/example_dags/example_short_circuit_operator.py
[2025-06-24T23:14:53.512+0200] {processor.py:836} INFO - DAG(s) dict_keys(['example_short_circuit_operator']) retrieved from /home/atef/.local/lib/python3.9/site-packages/airflow/example_dags/example_short_circuit_operator.py
[2025-06-24T23:14:53.602+0200] {logging_mixin.py:149} INFO - [2025-06-24T23:14:53.602+0200] {dag.py:2726} INFO - Sync 1 DAGs
[2025-06-24T23:14:53.707+0200] {logging_mixin.py:149} INFO - [2025-06-24T23:14:53.706+0200] {dag.py:3486} INFO - Setting next_dagrun for example_short_circuit_operator to 2025-06-23T21:14:53.705400+00:00, run_after=2025-06-24T21:14:53.705400+00:00
[2025-06-24T23:14:53.773+0200] {processor.py:179} INFO - Processing /home/atef/.local/lib/python3.9/site-packages/airflow/example_dags/example_short_circuit_operator.py took 0.313 seconds
[2025-06-24T23:16:24.942+0200] {processor.py:157} INFO - Started process (PID=155111) to work on /home/atef/.local/lib/python3.9/site-packages/airflow/example_dags/example_short_circuit_operator.py
[2025-06-24T23:16:24.948+0200] {processor.py:826} INFO - Processing file /home/atef/.local/lib/python3.9/site-packages/airflow/example_dags/example_short_circuit_operator.py for tasks to queue
[2025-06-24T23:16:24.952+0200] {logging_mixin.py:149} INFO - [2025-06-24T23:16:24.951+0200] {dagbag.py:541} INFO - Filling up the DagBag from /home/atef/.local/lib/python3.9/site-packages/airflow/example_dags/example_short_circuit_operator.py
[2025-06-24T23:16:25.001+0200] {processor.py:836} INFO - DAG(s) dict_keys(['example_short_circuit_operator']) retrieved from /home/atef/.local/lib/python3.9/site-packages/airflow/example_dags/example_short_circuit_operator.py
[2025-06-24T23:16:25.100+0200] {logging_mixin.py:149} INFO - [2025-06-24T23:16:25.100+0200] {dag.py:2726} INFO - Sync 1 DAGs
[2025-06-24T23:16:25.176+0200] {logging_mixin.py:149} INFO - [2025-06-24T23:16:25.176+0200] {dag.py:3486} INFO - Setting next_dagrun for example_short_circuit_operator to 2025-06-23T21:16:25.175092+00:00, run_after=2025-06-24T21:16:25.175092+00:00
[2025-06-24T23:16:25.243+0200] {processor.py:179} INFO - Processing /home/atef/.local/lib/python3.9/site-packages/airflow/example_dags/example_short_circuit_operator.py took 0.329 seconds
[2025-06-24T23:17:24.188+0200] {processor.py:157} INFO - Started process (PID=155244) to work on /home/atef/.local/lib/python3.9/site-packages/airflow/example_dags/example_short_circuit_operator.py
[2025-06-24T23:17:24.196+0200] {processor.py:826} INFO - Processing file /home/atef/.local/lib/python3.9/site-packages/airflow/example_dags/example_short_circuit_operator.py for tasks to queue
[2025-06-24T23:17:24.201+0200] {logging_mixin.py:149} INFO - [2025-06-24T23:17:24.200+0200] {dagbag.py:541} INFO - Filling up the DagBag from /home/atef/.local/lib/python3.9/site-packages/airflow/example_dags/example_short_circuit_operator.py
[2025-06-24T23:17:24.257+0200] {processor.py:836} INFO - DAG(s) dict_keys(['example_short_circuit_operator']) retrieved from /home/atef/.local/lib/python3.9/site-packages/airflow/example_dags/example_short_circuit_operator.py
[2025-06-24T23:17:24.352+0200] {logging_mixin.py:149} INFO - [2025-06-24T23:17:24.351+0200] {dag.py:2726} INFO - Sync 1 DAGs
[2025-06-24T23:17:24.423+0200] {logging_mixin.py:149} INFO - [2025-06-24T23:17:24.423+0200] {dag.py:3486} INFO - Setting next_dagrun for example_short_circuit_operator to 2025-06-23T21:17:24.421193+00:00, run_after=2025-06-24T21:17:24.421193+00:00
[2025-06-24T23:17:24.578+0200] {processor.py:179} INFO - Processing /home/atef/.local/lib/python3.9/site-packages/airflow/example_dags/example_short_circuit_operator.py took 0.415 seconds
[2025-06-25T01:11:20.282+0200] {processor.py:157} INFO - Started process (PID=172911) to work on /home/atef/.local/lib/python3.9/site-packages/airflow/example_dags/example_short_circuit_operator.py
[2025-06-25T01:11:20.530+0200] {processor.py:826} INFO - Processing file /home/atef/.local/lib/python3.9/site-packages/airflow/example_dags/example_short_circuit_operator.py for tasks to queue
[2025-06-25T01:11:20.536+0200] {logging_mixin.py:149} INFO - [2025-06-25T01:11:20.535+0200] {dagbag.py:541} INFO - Filling up the DagBag from /home/atef/.local/lib/python3.9/site-packages/airflow/example_dags/example_short_circuit_operator.py
[2025-06-25T01:11:20.676+0200] {processor.py:836} INFO - DAG(s) dict_keys(['example_short_circuit_operator']) retrieved from /home/atef/.local/lib/python3.9/site-packages/airflow/example_dags/example_short_circuit_operator.py
[2025-06-25T01:11:21.194+0200] {logging_mixin.py:149} INFO - [2025-06-25T01:11:21.193+0200] {dag.py:2726} INFO - Sync 1 DAGs
[2025-06-25T01:11:21.801+0200] {logging_mixin.py:149} INFO - [2025-06-25T01:11:21.793+0200] {dag.py:3486} INFO - Setting next_dagrun for example_short_circuit_operator to 2025-06-23T23:11:21.786116+00:00, run_after=2025-06-24T23:11:21.786116+00:00
[2025-06-25T01:11:22.055+0200] {processor.py:179} INFO - Processing /home/atef/.local/lib/python3.9/site-packages/airflow/example_dags/example_short_circuit_operator.py took 1.807 seconds
[2025-06-25T01:17:45.794+0200] {processor.py:157} INFO - Started process (PID=174811) to work on /home/atef/.local/lib/python3.9/site-packages/airflow/example_dags/example_short_circuit_operator.py
[2025-06-25T01:17:45.802+0200] {processor.py:826} INFO - Processing file /home/atef/.local/lib/python3.9/site-packages/airflow/example_dags/example_short_circuit_operator.py for tasks to queue
[2025-06-25T01:17:45.805+0200] {logging_mixin.py:149} INFO - [2025-06-25T01:17:45.804+0200] {dagbag.py:541} INFO - Filling up the DagBag from /home/atef/.local/lib/python3.9/site-packages/airflow/example_dags/example_short_circuit_operator.py
[2025-06-25T01:17:45.844+0200] {processor.py:836} INFO - DAG(s) dict_keys(['example_short_circuit_operator']) retrieved from /home/atef/.local/lib/python3.9/site-packages/airflow/example_dags/example_short_circuit_operator.py
[2025-06-25T01:17:45.999+0200] {logging_mixin.py:149} INFO - [2025-06-25T01:17:45.999+0200] {dag.py:2726} INFO - Sync 1 DAGs
[2025-06-25T01:17:46.077+0200] {logging_mixin.py:149} INFO - [2025-06-25T01:17:46.077+0200] {dag.py:3486} INFO - Setting next_dagrun for example_short_circuit_operator to 2025-06-23T23:17:46.071177+00:00, run_after=2025-06-24T23:17:46.071177+00:00
[2025-06-25T01:17:46.211+0200] {processor.py:179} INFO - Processing /home/atef/.local/lib/python3.9/site-packages/airflow/example_dags/example_short_circuit_operator.py took 0.439 seconds
[2025-06-25T01:19:29.499+0200] {processor.py:157} INFO - Started process (PID=175698) to work on /home/atef/.local/lib/python3.9/site-packages/airflow/example_dags/example_short_circuit_operator.py
[2025-06-25T01:19:29.504+0200] {processor.py:826} INFO - Processing file /home/atef/.local/lib/python3.9/site-packages/airflow/example_dags/example_short_circuit_operator.py for tasks to queue
[2025-06-25T01:19:29.506+0200] {logging_mixin.py:149} INFO - [2025-06-25T01:19:29.506+0200] {dagbag.py:541} INFO - Filling up the DagBag from /home/atef/.local/lib/python3.9/site-packages/airflow/example_dags/example_short_circuit_operator.py
[2025-06-25T01:19:29.534+0200] {processor.py:836} INFO - DAG(s) dict_keys(['example_short_circuit_operator']) retrieved from /home/atef/.local/lib/python3.9/site-packages/airflow/example_dags/example_short_circuit_operator.py
[2025-06-25T01:19:29.608+0200] {logging_mixin.py:149} INFO - [2025-06-25T01:19:29.608+0200] {dag.py:2726} INFO - Sync 1 DAGs
[2025-06-25T01:19:29.673+0200] {logging_mixin.py:149} INFO - [2025-06-25T01:19:29.672+0200] {dag.py:3486} INFO - Setting next_dagrun for example_short_circuit_operator to 2025-06-23T23:19:29.670166+00:00, run_after=2025-06-24T23:19:29.670166+00:00
[2025-06-25T01:19:29.717+0200] {processor.py:179} INFO - Processing /home/atef/.local/lib/python3.9/site-packages/airflow/example_dags/example_short_circuit_operator.py took 0.233 seconds
[2025-06-25T01:21:14.039+0200] {processor.py:157} INFO - Started process (PID=176676) to work on /home/atef/.local/lib/python3.9/site-packages/airflow/example_dags/example_short_circuit_operator.py
[2025-06-25T01:21:14.045+0200] {processor.py:826} INFO - Processing file /home/atef/.local/lib/python3.9/site-packages/airflow/example_dags/example_short_circuit_operator.py for tasks to queue
[2025-06-25T01:21:14.048+0200] {logging_mixin.py:149} INFO - [2025-06-25T01:21:14.047+0200] {dagbag.py:541} INFO - Filling up the DagBag from /home/atef/.local/lib/python3.9/site-packages/airflow/example_dags/example_short_circuit_operator.py
[2025-06-25T01:21:14.082+0200] {processor.py:836} INFO - DAG(s) dict_keys(['example_short_circuit_operator']) retrieved from /home/atef/.local/lib/python3.9/site-packages/airflow/example_dags/example_short_circuit_operator.py
[2025-06-25T01:21:14.254+0200] {logging_mixin.py:149} INFO - [2025-06-25T01:21:14.254+0200] {dag.py:2726} INFO - Sync 1 DAGs
[2025-06-25T01:21:14.401+0200] {logging_mixin.py:149} INFO - [2025-06-25T01:21:14.400+0200] {dag.py:3486} INFO - Setting next_dagrun for example_short_circuit_operator to 2025-06-23T23:21:14.399667+00:00, run_after=2025-06-24T23:21:14.399667+00:00
[2025-06-25T01:21:14.476+0200] {processor.py:179} INFO - Processing /home/atef/.local/lib/python3.9/site-packages/airflow/example_dags/example_short_circuit_operator.py took 0.473 seconds
[2025-06-25T01:22:31.903+0200] {processor.py:157} INFO - Started process (PID=177066) to work on /home/atef/.local/lib/python3.9/site-packages/airflow/example_dags/example_short_circuit_operator.py
[2025-06-25T01:22:31.909+0200] {processor.py:826} INFO - Processing file /home/atef/.local/lib/python3.9/site-packages/airflow/example_dags/example_short_circuit_operator.py for tasks to queue
[2025-06-25T01:22:31.911+0200] {logging_mixin.py:149} INFO - [2025-06-25T01:22:31.911+0200] {dagbag.py:541} INFO - Filling up the DagBag from /home/atef/.local/lib/python3.9/site-packages/airflow/example_dags/example_short_circuit_operator.py
[2025-06-25T01:22:31.942+0200] {processor.py:836} INFO - DAG(s) dict_keys(['example_short_circuit_operator']) retrieved from /home/atef/.local/lib/python3.9/site-packages/airflow/example_dags/example_short_circuit_operator.py
[2025-06-25T01:22:32.027+0200] {logging_mixin.py:149} INFO - [2025-06-25T01:22:32.027+0200] {dag.py:2726} INFO - Sync 1 DAGs
[2025-06-25T01:22:32.088+0200] {logging_mixin.py:149} INFO - [2025-06-25T01:22:32.087+0200] {dag.py:3486} INFO - Setting next_dagrun for example_short_circuit_operator to 2025-06-23T23:22:32.086901+00:00, run_after=2025-06-24T23:22:32.086901+00:00
[2025-06-25T01:22:32.154+0200] {processor.py:179} INFO - Processing /home/atef/.local/lib/python3.9/site-packages/airflow/example_dags/example_short_circuit_operator.py took 0.266 seconds
[2025-06-25T01:24:15.408+0200] {processor.py:157} INFO - Started process (PID=177826) to work on /home/atef/.local/lib/python3.9/site-packages/airflow/example_dags/example_short_circuit_operator.py
[2025-06-25T01:24:15.415+0200] {processor.py:826} INFO - Processing file /home/atef/.local/lib/python3.9/site-packages/airflow/example_dags/example_short_circuit_operator.py for tasks to queue
[2025-06-25T01:24:15.418+0200] {logging_mixin.py:149} INFO - [2025-06-25T01:24:15.418+0200] {dagbag.py:541} INFO - Filling up the DagBag from /home/atef/.local/lib/python3.9/site-packages/airflow/example_dags/example_short_circuit_operator.py
[2025-06-25T01:24:15.461+0200] {processor.py:836} INFO - DAG(s) dict_keys(['example_short_circuit_operator']) retrieved from /home/atef/.local/lib/python3.9/site-packages/airflow/example_dags/example_short_circuit_operator.py
[2025-06-25T01:24:15.572+0200] {logging_mixin.py:149} INFO - [2025-06-25T01:24:15.572+0200] {dag.py:2726} INFO - Sync 1 DAGs
[2025-06-25T01:24:15.678+0200] {logging_mixin.py:149} INFO - [2025-06-25T01:24:15.677+0200] {dag.py:3486} INFO - Setting next_dagrun for example_short_circuit_operator to 2025-06-23T23:24:15.676769+00:00, run_after=2025-06-24T23:24:15.676769+00:00
[2025-06-25T01:24:15.772+0200] {processor.py:179} INFO - Processing /home/atef/.local/lib/python3.9/site-packages/airflow/example_dags/example_short_circuit_operator.py took 0.382 seconds
[2025-06-25T01:26:21.819+0200] {processor.py:157} INFO - Started process (PID=178719) to work on /home/atef/.local/lib/python3.9/site-packages/airflow/example_dags/example_short_circuit_operator.py
[2025-06-25T01:26:21.825+0200] {processor.py:826} INFO - Processing file /home/atef/.local/lib/python3.9/site-packages/airflow/example_dags/example_short_circuit_operator.py for tasks to queue
[2025-06-25T01:26:21.829+0200] {logging_mixin.py:149} INFO - [2025-06-25T01:26:21.829+0200] {dagbag.py:541} INFO - Filling up the DagBag from /home/atef/.local/lib/python3.9/site-packages/airflow/example_dags/example_short_circuit_operator.py
[2025-06-25T01:26:21.929+0200] {processor.py:836} INFO - DAG(s) dict_keys(['example_short_circuit_operator']) retrieved from /home/atef/.local/lib/python3.9/site-packages/airflow/example_dags/example_short_circuit_operator.py
[2025-06-25T01:26:22.140+0200] {logging_mixin.py:149} INFO - [2025-06-25T01:26:22.140+0200] {dag.py:2726} INFO - Sync 1 DAGs
[2025-06-25T01:26:22.289+0200] {logging_mixin.py:149} INFO - [2025-06-25T01:26:22.289+0200] {dag.py:3486} INFO - Setting next_dagrun for example_short_circuit_operator to 2025-06-23T23:26:22.286293+00:00, run_after=2025-06-24T23:26:22.286293+00:00
[2025-06-25T01:26:22.450+0200] {processor.py:179} INFO - Processing /home/atef/.local/lib/python3.9/site-packages/airflow/example_dags/example_short_circuit_operator.py took 0.658 seconds
[2025-06-25T01:27:23.181+0200] {processor.py:157} INFO - Started process (PID=179114) to work on /home/atef/.local/lib/python3.9/site-packages/airflow/example_dags/example_short_circuit_operator.py
[2025-06-25T01:27:23.186+0200] {processor.py:826} INFO - Processing file /home/atef/.local/lib/python3.9/site-packages/airflow/example_dags/example_short_circuit_operator.py for tasks to queue
[2025-06-25T01:27:23.189+0200] {logging_mixin.py:149} INFO - [2025-06-25T01:27:23.189+0200] {dagbag.py:541} INFO - Filling up the DagBag from /home/atef/.local/lib/python3.9/site-packages/airflow/example_dags/example_short_circuit_operator.py
[2025-06-25T01:27:23.222+0200] {processor.py:836} INFO - DAG(s) dict_keys(['example_short_circuit_operator']) retrieved from /home/atef/.local/lib/python3.9/site-packages/airflow/example_dags/example_short_circuit_operator.py
[2025-06-25T01:27:23.326+0200] {logging_mixin.py:149} INFO - [2025-06-25T01:27:23.326+0200] {dag.py:2726} INFO - Sync 1 DAGs
[2025-06-25T01:27:23.407+0200] {logging_mixin.py:149} INFO - [2025-06-25T01:27:23.407+0200] {dag.py:3486} INFO - Setting next_dagrun for example_short_circuit_operator to 2025-06-23T23:27:23.406084+00:00, run_after=2025-06-24T23:27:23.406084+00:00
[2025-06-25T01:27:23.458+0200] {processor.py:179} INFO - Processing /home/atef/.local/lib/python3.9/site-packages/airflow/example_dags/example_short_circuit_operator.py took 0.291 seconds
[2025-06-25T01:29:12.568+0200] {processor.py:157} INFO - Started process (PID=180084) to work on /home/atef/.local/lib/python3.9/site-packages/airflow/example_dags/example_short_circuit_operator.py
[2025-06-25T01:29:12.573+0200] {processor.py:826} INFO - Processing file /home/atef/.local/lib/python3.9/site-packages/airflow/example_dags/example_short_circuit_operator.py for tasks to queue
[2025-06-25T01:29:12.575+0200] {logging_mixin.py:149} INFO - [2025-06-25T01:29:12.575+0200] {dagbag.py:541} INFO - Filling up the DagBag from /home/atef/.local/lib/python3.9/site-packages/airflow/example_dags/example_short_circuit_operator.py
[2025-06-25T01:29:12.602+0200] {processor.py:836} INFO - DAG(s) dict_keys(['example_short_circuit_operator']) retrieved from /home/atef/.local/lib/python3.9/site-packages/airflow/example_dags/example_short_circuit_operator.py
[2025-06-25T01:29:12.701+0200] {logging_mixin.py:149} INFO - [2025-06-25T01:29:12.700+0200] {dag.py:2726} INFO - Sync 1 DAGs
[2025-06-25T01:29:12.767+0200] {logging_mixin.py:149} INFO - [2025-06-25T01:29:12.767+0200] {dag.py:3486} INFO - Setting next_dagrun for example_short_circuit_operator to 2025-06-23T23:29:12.766245+00:00, run_after=2025-06-24T23:29:12.766245+00:00
[2025-06-25T01:29:12.821+0200] {processor.py:179} INFO - Processing /home/atef/.local/lib/python3.9/site-packages/airflow/example_dags/example_short_circuit_operator.py took 0.266 seconds
[2025-06-25T01:30:24.565+0200] {processor.py:157} INFO - Started process (PID=180561) to work on /home/atef/.local/lib/python3.9/site-packages/airflow/example_dags/example_short_circuit_operator.py
[2025-06-25T01:30:24.571+0200] {processor.py:826} INFO - Processing file /home/atef/.local/lib/python3.9/site-packages/airflow/example_dags/example_short_circuit_operator.py for tasks to queue
[2025-06-25T01:30:24.573+0200] {logging_mixin.py:149} INFO - [2025-06-25T01:30:24.572+0200] {dagbag.py:541} INFO - Filling up the DagBag from /home/atef/.local/lib/python3.9/site-packages/airflow/example_dags/example_short_circuit_operator.py
[2025-06-25T01:30:24.604+0200] {processor.py:836} INFO - DAG(s) dict_keys(['example_short_circuit_operator']) retrieved from /home/atef/.local/lib/python3.9/site-packages/airflow/example_dags/example_short_circuit_operator.py
[2025-06-25T01:30:24.719+0200] {logging_mixin.py:149} INFO - [2025-06-25T01:30:24.718+0200] {dag.py:2726} INFO - Sync 1 DAGs
[2025-06-25T01:30:24.816+0200] {logging_mixin.py:149} INFO - [2025-06-25T01:30:24.816+0200] {dag.py:3486} INFO - Setting next_dagrun for example_short_circuit_operator to 2025-06-23T23:30:24.815783+00:00, run_after=2025-06-24T23:30:24.815783+00:00
[2025-06-25T01:30:24.883+0200] {processor.py:179} INFO - Processing /home/atef/.local/lib/python3.9/site-packages/airflow/example_dags/example_short_circuit_operator.py took 0.334 seconds
[2025-06-25T01:31:57.485+0200] {processor.py:157} INFO - Started process (PID=181303) to work on /home/atef/.local/lib/python3.9/site-packages/airflow/example_dags/example_short_circuit_operator.py
[2025-06-25T01:31:57.492+0200] {processor.py:826} INFO - Processing file /home/atef/.local/lib/python3.9/site-packages/airflow/example_dags/example_short_circuit_operator.py for tasks to queue
[2025-06-25T01:31:57.495+0200] {logging_mixin.py:149} INFO - [2025-06-25T01:31:57.495+0200] {dagbag.py:541} INFO - Filling up the DagBag from /home/atef/.local/lib/python3.9/site-packages/airflow/example_dags/example_short_circuit_operator.py
[2025-06-25T01:31:57.532+0200] {processor.py:836} INFO - DAG(s) dict_keys(['example_short_circuit_operator']) retrieved from /home/atef/.local/lib/python3.9/site-packages/airflow/example_dags/example_short_circuit_operator.py
[2025-06-25T01:31:57.628+0200] {logging_mixin.py:149} INFO - [2025-06-25T01:31:57.627+0200] {dag.py:2726} INFO - Sync 1 DAGs
[2025-06-25T01:31:57.703+0200] {logging_mixin.py:149} INFO - [2025-06-25T01:31:57.702+0200] {dag.py:3486} INFO - Setting next_dagrun for example_short_circuit_operator to 2025-06-23T23:31:57.701238+00:00, run_after=2025-06-24T23:31:57.701238+00:00
[2025-06-25T01:31:57.786+0200] {processor.py:179} INFO - Processing /home/atef/.local/lib/python3.9/site-packages/airflow/example_dags/example_short_circuit_operator.py took 0.318 seconds
[2025-06-25T01:33:04.125+0200] {processor.py:157} INFO - Started process (PID=181581) to work on /home/atef/.local/lib/python3.9/site-packages/airflow/example_dags/example_short_circuit_operator.py
[2025-06-25T01:33:04.133+0200] {processor.py:826} INFO - Processing file /home/atef/.local/lib/python3.9/site-packages/airflow/example_dags/example_short_circuit_operator.py for tasks to queue
[2025-06-25T01:33:04.136+0200] {logging_mixin.py:149} INFO - [2025-06-25T01:33:04.135+0200] {dagbag.py:541} INFO - Filling up the DagBag from /home/atef/.local/lib/python3.9/site-packages/airflow/example_dags/example_short_circuit_operator.py
[2025-06-25T01:33:04.203+0200] {processor.py:836} INFO - DAG(s) dict_keys(['example_short_circuit_operator']) retrieved from /home/atef/.local/lib/python3.9/site-packages/airflow/example_dags/example_short_circuit_operator.py
[2025-06-25T01:33:04.369+0200] {logging_mixin.py:149} INFO - [2025-06-25T01:33:04.368+0200] {dag.py:2726} INFO - Sync 1 DAGs
[2025-06-25T01:33:04.474+0200] {logging_mixin.py:149} INFO - [2025-06-25T01:33:04.469+0200] {dag.py:3486} INFO - Setting next_dagrun for example_short_circuit_operator to 2025-06-23T23:33:04.468400+00:00, run_after=2025-06-24T23:33:04.468400+00:00
[2025-06-25T01:33:04.568+0200] {processor.py:179} INFO - Processing /home/atef/.local/lib/python3.9/site-packages/airflow/example_dags/example_short_circuit_operator.py took 0.474 seconds
[2025-06-25T01:35:46.440+0200] {processor.py:157} INFO - Started process (PID=182308) to work on /home/atef/.local/lib/python3.9/site-packages/airflow/example_dags/example_short_circuit_operator.py
[2025-06-25T01:35:46.449+0200] {processor.py:826} INFO - Processing file /home/atef/.local/lib/python3.9/site-packages/airflow/example_dags/example_short_circuit_operator.py for tasks to queue
[2025-06-25T01:35:46.452+0200] {logging_mixin.py:149} INFO - [2025-06-25T01:35:46.452+0200] {dagbag.py:541} INFO - Filling up the DagBag from /home/atef/.local/lib/python3.9/site-packages/airflow/example_dags/example_short_circuit_operator.py
[2025-06-25T01:35:46.525+0200] {processor.py:836} INFO - DAG(s) dict_keys(['example_short_circuit_operator']) retrieved from /home/atef/.local/lib/python3.9/site-packages/airflow/example_dags/example_short_circuit_operator.py
[2025-06-25T01:35:46.627+0200] {logging_mixin.py:149} INFO - [2025-06-25T01:35:46.627+0200] {dag.py:2726} INFO - Sync 1 DAGs
[2025-06-25T01:35:46.726+0200] {logging_mixin.py:149} INFO - [2025-06-25T01:35:46.726+0200] {dag.py:3486} INFO - Setting next_dagrun for example_short_circuit_operator to 2025-06-23T23:35:46.725229+00:00, run_after=2025-06-24T23:35:46.725229+00:00
[2025-06-25T01:35:46.796+0200] {processor.py:179} INFO - Processing /home/atef/.local/lib/python3.9/site-packages/airflow/example_dags/example_short_circuit_operator.py took 0.390 seconds
[2025-06-25T01:37:48.056+0200] {processor.py:157} INFO - Started process (PID=183187) to work on /home/atef/.local/lib/python3.9/site-packages/airflow/example_dags/example_short_circuit_operator.py
[2025-06-25T01:37:48.078+0200] {processor.py:826} INFO - Processing file /home/atef/.local/lib/python3.9/site-packages/airflow/example_dags/example_short_circuit_operator.py for tasks to queue
[2025-06-25T01:37:48.094+0200] {logging_mixin.py:149} INFO - [2025-06-25T01:37:48.089+0200] {dagbag.py:541} INFO - Filling up the DagBag from /home/atef/.local/lib/python3.9/site-packages/airflow/example_dags/example_short_circuit_operator.py
[2025-06-25T01:37:48.221+0200] {processor.py:836} INFO - DAG(s) dict_keys(['example_short_circuit_operator']) retrieved from /home/atef/.local/lib/python3.9/site-packages/airflow/example_dags/example_short_circuit_operator.py
[2025-06-25T01:37:48.524+0200] {logging_mixin.py:149} INFO - [2025-06-25T01:37:48.521+0200] {dag.py:2726} INFO - Sync 1 DAGs
[2025-06-25T01:37:48.753+0200] {logging_mixin.py:149} INFO - [2025-06-25T01:37:48.753+0200] {dag.py:3486} INFO - Setting next_dagrun for example_short_circuit_operator to 2025-06-23T23:37:48.749209+00:00, run_after=2025-06-24T23:37:48.749209+00:00
[2025-06-25T01:37:49.226+0200] {processor.py:179} INFO - Processing /home/atef/.local/lib/python3.9/site-packages/airflow/example_dags/example_short_circuit_operator.py took 1.254 seconds
[2025-06-25T01:39:11.134+0200] {processor.py:157} INFO - Started process (PID=183710) to work on /home/atef/.local/lib/python3.9/site-packages/airflow/example_dags/example_short_circuit_operator.py
[2025-06-25T01:39:11.139+0200] {processor.py:826} INFO - Processing file /home/atef/.local/lib/python3.9/site-packages/airflow/example_dags/example_short_circuit_operator.py for tasks to queue
[2025-06-25T01:39:11.141+0200] {logging_mixin.py:149} INFO - [2025-06-25T01:39:11.141+0200] {dagbag.py:541} INFO - Filling up the DagBag from /home/atef/.local/lib/python3.9/site-packages/airflow/example_dags/example_short_circuit_operator.py
[2025-06-25T01:39:11.170+0200] {processor.py:836} INFO - DAG(s) dict_keys(['example_short_circuit_operator']) retrieved from /home/atef/.local/lib/python3.9/site-packages/airflow/example_dags/example_short_circuit_operator.py
[2025-06-25T01:39:11.310+0200] {logging_mixin.py:149} INFO - [2025-06-25T01:39:11.309+0200] {dag.py:2726} INFO - Sync 1 DAGs
[2025-06-25T01:39:11.367+0200] {logging_mixin.py:149} INFO - [2025-06-25T01:39:11.366+0200] {dag.py:3486} INFO - Setting next_dagrun for example_short_circuit_operator to 2025-06-23T23:39:11.365948+00:00, run_after=2025-06-24T23:39:11.365948+00:00
[2025-06-25T01:39:11.421+0200] {processor.py:179} INFO - Processing /home/atef/.local/lib/python3.9/site-packages/airflow/example_dags/example_short_circuit_operator.py took 0.300 seconds
[2025-06-25T01:40:28.084+0200] {processor.py:157} INFO - Started process (PID=183881) to work on /home/atef/.local/lib/python3.9/site-packages/airflow/example_dags/example_short_circuit_operator.py
[2025-06-25T01:40:28.096+0200] {processor.py:826} INFO - Processing file /home/atef/.local/lib/python3.9/site-packages/airflow/example_dags/example_short_circuit_operator.py for tasks to queue
[2025-06-25T01:40:28.101+0200] {logging_mixin.py:149} INFO - [2025-06-25T01:40:28.100+0200] {dagbag.py:541} INFO - Filling up the DagBag from /home/atef/.local/lib/python3.9/site-packages/airflow/example_dags/example_short_circuit_operator.py
[2025-06-25T01:40:28.156+0200] {processor.py:836} INFO - DAG(s) dict_keys(['example_short_circuit_operator']) retrieved from /home/atef/.local/lib/python3.9/site-packages/airflow/example_dags/example_short_circuit_operator.py
[2025-06-25T01:40:28.329+0200] {logging_mixin.py:149} INFO - [2025-06-25T01:40:28.328+0200] {dag.py:2726} INFO - Sync 1 DAGs
[2025-06-25T01:40:28.544+0200] {logging_mixin.py:149} INFO - [2025-06-25T01:40:28.543+0200] {dag.py:3486} INFO - Setting next_dagrun for example_short_circuit_operator to 2025-06-23T23:40:28.540882+00:00, run_after=2025-06-24T23:40:28.540882+00:00
[2025-06-25T01:40:29.049+0200] {processor.py:179} INFO - Processing /home/atef/.local/lib/python3.9/site-packages/airflow/example_dags/example_short_circuit_operator.py took 0.996 seconds
[2025-06-25T01:45:31.290+0200] {processor.py:157} INFO - Started process (PID=187281) to work on /home/atef/.local/lib/python3.9/site-packages/airflow/example_dags/example_short_circuit_operator.py
[2025-06-25T01:45:31.297+0200] {processor.py:826} INFO - Processing file /home/atef/.local/lib/python3.9/site-packages/airflow/example_dags/example_short_circuit_operator.py for tasks to queue
[2025-06-25T01:45:31.301+0200] {logging_mixin.py:149} INFO - [2025-06-25T01:45:31.300+0200] {dagbag.py:541} INFO - Filling up the DagBag from /home/atef/.local/lib/python3.9/site-packages/airflow/example_dags/example_short_circuit_operator.py
[2025-06-25T01:45:31.346+0200] {processor.py:836} INFO - DAG(s) dict_keys(['example_short_circuit_operator']) retrieved from /home/atef/.local/lib/python3.9/site-packages/airflow/example_dags/example_short_circuit_operator.py
[2025-06-25T01:45:31.575+0200] {logging_mixin.py:149} INFO - [2025-06-25T01:45:31.574+0200] {dag.py:2726} INFO - Sync 1 DAGs
[2025-06-25T01:45:31.801+0200] {logging_mixin.py:149} INFO - [2025-06-25T01:45:31.801+0200] {dag.py:3486} INFO - Setting next_dagrun for example_short_circuit_operator to 2025-06-23T23:45:31.799711+00:00, run_after=2025-06-24T23:45:31.799711+00:00
[2025-06-25T01:45:31.888+0200] {processor.py:179} INFO - Processing /home/atef/.local/lib/python3.9/site-packages/airflow/example_dags/example_short_circuit_operator.py took 0.621 seconds
[2025-06-25T01:46:49.690+0200] {processor.py:157} INFO - Started process (PID=187984) to work on /home/atef/.local/lib/python3.9/site-packages/airflow/example_dags/example_short_circuit_operator.py
[2025-06-25T01:46:49.696+0200] {processor.py:826} INFO - Processing file /home/atef/.local/lib/python3.9/site-packages/airflow/example_dags/example_short_circuit_operator.py for tasks to queue
[2025-06-25T01:46:49.699+0200] {logging_mixin.py:149} INFO - [2025-06-25T01:46:49.698+0200] {dagbag.py:541} INFO - Filling up the DagBag from /home/atef/.local/lib/python3.9/site-packages/airflow/example_dags/example_short_circuit_operator.py
[2025-06-25T01:46:49.726+0200] {processor.py:836} INFO - DAG(s) dict_keys(['example_short_circuit_operator']) retrieved from /home/atef/.local/lib/python3.9/site-packages/airflow/example_dags/example_short_circuit_operator.py
[2025-06-25T01:46:49.831+0200] {logging_mixin.py:149} INFO - [2025-06-25T01:46:49.831+0200] {dag.py:2726} INFO - Sync 1 DAGs
[2025-06-25T01:46:49.890+0200] {logging_mixin.py:149} INFO - [2025-06-25T01:46:49.890+0200] {dag.py:3486} INFO - Setting next_dagrun for example_short_circuit_operator to 2025-06-23T23:46:49.889679+00:00, run_after=2025-06-24T23:46:49.889679+00:00
[2025-06-25T01:46:49.944+0200] {processor.py:179} INFO - Processing /home/atef/.local/lib/python3.9/site-packages/airflow/example_dags/example_short_circuit_operator.py took 0.274 seconds
[2025-06-25T01:48:26.582+0200] {processor.py:157} INFO - Started process (PID=188653) to work on /home/atef/.local/lib/python3.9/site-packages/airflow/example_dags/example_short_circuit_operator.py
[2025-06-25T01:48:26.598+0200] {processor.py:826} INFO - Processing file /home/atef/.local/lib/python3.9/site-packages/airflow/example_dags/example_short_circuit_operator.py for tasks to queue
[2025-06-25T01:48:26.609+0200] {logging_mixin.py:149} INFO - [2025-06-25T01:48:26.608+0200] {dagbag.py:541} INFO - Filling up the DagBag from /home/atef/.local/lib/python3.9/site-packages/airflow/example_dags/example_short_circuit_operator.py
[2025-06-25T01:48:26.765+0200] {processor.py:836} INFO - DAG(s) dict_keys(['example_short_circuit_operator']) retrieved from /home/atef/.local/lib/python3.9/site-packages/airflow/example_dags/example_short_circuit_operator.py
[2025-06-25T01:48:28.066+0200] {logging_mixin.py:149} INFO - [2025-06-25T01:48:28.055+0200] {dag.py:2726} INFO - Sync 1 DAGs
[2025-06-25T01:48:29.267+0200] {logging_mixin.py:149} INFO - [2025-06-25T01:48:29.257+0200] {dag.py:3486} INFO - Setting next_dagrun for example_short_circuit_operator to 2025-06-23T23:48:29.248859+00:00, run_after=2025-06-24T23:48:29.248859+00:00
[2025-06-25T01:48:30.169+0200] {processor.py:179} INFO - Processing /home/atef/.local/lib/python3.9/site-packages/airflow/example_dags/example_short_circuit_operator.py took 3.668 seconds
[2025-06-25T01:50:17.718+0200] {processor.py:157} INFO - Started process (PID=189515) to work on /home/atef/.local/lib/python3.9/site-packages/airflow/example_dags/example_short_circuit_operator.py
[2025-06-25T01:50:17.732+0200] {processor.py:826} INFO - Processing file /home/atef/.local/lib/python3.9/site-packages/airflow/example_dags/example_short_circuit_operator.py for tasks to queue
[2025-06-25T01:50:17.743+0200] {logging_mixin.py:149} INFO - [2025-06-25T01:50:17.741+0200] {dagbag.py:541} INFO - Filling up the DagBag from /home/atef/.local/lib/python3.9/site-packages/airflow/example_dags/example_short_circuit_operator.py
[2025-06-25T01:50:17.831+0200] {processor.py:836} INFO - DAG(s) dict_keys(['example_short_circuit_operator']) retrieved from /home/atef/.local/lib/python3.9/site-packages/airflow/example_dags/example_short_circuit_operator.py
[2025-06-25T01:50:18.015+0200] {logging_mixin.py:149} INFO - [2025-06-25T01:50:18.015+0200] {dag.py:2726} INFO - Sync 1 DAGs
[2025-06-25T01:50:18.202+0200] {logging_mixin.py:149} INFO - [2025-06-25T01:50:18.201+0200] {dag.py:3486} INFO - Setting next_dagrun for example_short_circuit_operator to 2025-06-23T23:50:18.197177+00:00, run_after=2025-06-24T23:50:18.197177+00:00
[2025-06-25T01:50:18.332+0200] {processor.py:179} INFO - Processing /home/atef/.local/lib/python3.9/site-packages/airflow/example_dags/example_short_circuit_operator.py took 0.701 seconds
[2025-06-25T01:52:27.585+0200] {processor.py:157} INFO - Started process (PID=190006) to work on /home/atef/.local/lib/python3.9/site-packages/airflow/example_dags/example_short_circuit_operator.py
[2025-06-25T01:52:27.597+0200] {processor.py:826} INFO - Processing file /home/atef/.local/lib/python3.9/site-packages/airflow/example_dags/example_short_circuit_operator.py for tasks to queue
[2025-06-25T01:52:27.605+0200] {logging_mixin.py:149} INFO - [2025-06-25T01:52:27.604+0200] {dagbag.py:541} INFO - Filling up the DagBag from /home/atef/.local/lib/python3.9/site-packages/airflow/example_dags/example_short_circuit_operator.py
[2025-06-25T01:52:27.699+0200] {processor.py:836} INFO - DAG(s) dict_keys(['example_short_circuit_operator']) retrieved from /home/atef/.local/lib/python3.9/site-packages/airflow/example_dags/example_short_circuit_operator.py
[2025-06-25T01:52:27.948+0200] {logging_mixin.py:149} INFO - [2025-06-25T01:52:27.947+0200] {dag.py:2726} INFO - Sync 1 DAGs
[2025-06-25T01:52:28.064+0200] {logging_mixin.py:149} INFO - [2025-06-25T01:52:28.064+0200] {dag.py:3486} INFO - Setting next_dagrun for example_short_circuit_operator to 2025-06-23T23:52:28.063044+00:00, run_after=2025-06-24T23:52:28.063044+00:00
[2025-06-25T01:52:28.194+0200] {processor.py:179} INFO - Processing /home/atef/.local/lib/python3.9/site-packages/airflow/example_dags/example_short_circuit_operator.py took 0.650 seconds
[2025-06-25T01:55:33.080+0200] {processor.py:157} INFO - Started process (PID=190889) to work on /home/atef/.local/lib/python3.9/site-packages/airflow/example_dags/example_short_circuit_operator.py
[2025-06-25T01:55:33.088+0200] {processor.py:826} INFO - Processing file /home/atef/.local/lib/python3.9/site-packages/airflow/example_dags/example_short_circuit_operator.py for tasks to queue
[2025-06-25T01:55:33.093+0200] {logging_mixin.py:149} INFO - [2025-06-25T01:55:33.092+0200] {dagbag.py:541} INFO - Filling up the DagBag from /home/atef/.local/lib/python3.9/site-packages/airflow/example_dags/example_short_circuit_operator.py
[2025-06-25T01:55:33.202+0200] {processor.py:836} INFO - DAG(s) dict_keys(['example_short_circuit_operator']) retrieved from /home/atef/.local/lib/python3.9/site-packages/airflow/example_dags/example_short_circuit_operator.py
[2025-06-25T01:55:33.416+0200] {logging_mixin.py:149} INFO - [2025-06-25T01:55:33.416+0200] {dag.py:2726} INFO - Sync 1 DAGs
[2025-06-25T01:55:33.520+0200] {logging_mixin.py:149} INFO - [2025-06-25T01:55:33.520+0200] {dag.py:3486} INFO - Setting next_dagrun for example_short_circuit_operator to 2025-06-23T23:55:33.519656+00:00, run_after=2025-06-24T23:55:33.519656+00:00
[2025-06-25T01:55:33.617+0200] {processor.py:179} INFO - Processing /home/atef/.local/lib/python3.9/site-packages/airflow/example_dags/example_short_circuit_operator.py took 0.568 seconds
[2025-06-25T01:56:41.892+0200] {processor.py:157} INFO - Started process (PID=191178) to work on /home/atef/.local/lib/python3.9/site-packages/airflow/example_dags/example_short_circuit_operator.py
[2025-06-25T01:56:41.896+0200] {processor.py:826} INFO - Processing file /home/atef/.local/lib/python3.9/site-packages/airflow/example_dags/example_short_circuit_operator.py for tasks to queue
[2025-06-25T01:56:41.898+0200] {logging_mixin.py:149} INFO - [2025-06-25T01:56:41.898+0200] {dagbag.py:541} INFO - Filling up the DagBag from /home/atef/.local/lib/python3.9/site-packages/airflow/example_dags/example_short_circuit_operator.py
[2025-06-25T01:56:41.926+0200] {processor.py:836} INFO - DAG(s) dict_keys(['example_short_circuit_operator']) retrieved from /home/atef/.local/lib/python3.9/site-packages/airflow/example_dags/example_short_circuit_operator.py
[2025-06-25T01:56:41.993+0200] {logging_mixin.py:149} INFO - [2025-06-25T01:56:41.993+0200] {dag.py:2726} INFO - Sync 1 DAGs
[2025-06-25T01:56:42.037+0200] {logging_mixin.py:149} INFO - [2025-06-25T01:56:42.037+0200] {dag.py:3486} INFO - Setting next_dagrun for example_short_circuit_operator to 2025-06-23T23:56:42.036630+00:00, run_after=2025-06-24T23:56:42.036630+00:00
[2025-06-25T01:56:42.084+0200] {processor.py:179} INFO - Processing /home/atef/.local/lib/python3.9/site-packages/airflow/example_dags/example_short_circuit_operator.py took 0.205 seconds
[2025-06-25T01:58:00.287+0200] {processor.py:157} INFO - Started process (PID=191644) to work on /home/atef/.local/lib/python3.9/site-packages/airflow/example_dags/example_short_circuit_operator.py
[2025-06-25T01:58:00.292+0200] {processor.py:826} INFO - Processing file /home/atef/.local/lib/python3.9/site-packages/airflow/example_dags/example_short_circuit_operator.py for tasks to queue
[2025-06-25T01:58:00.293+0200] {logging_mixin.py:149} INFO - [2025-06-25T01:58:00.293+0200] {dagbag.py:541} INFO - Filling up the DagBag from /home/atef/.local/lib/python3.9/site-packages/airflow/example_dags/example_short_circuit_operator.py
[2025-06-25T01:58:00.322+0200] {processor.py:836} INFO - DAG(s) dict_keys(['example_short_circuit_operator']) retrieved from /home/atef/.local/lib/python3.9/site-packages/airflow/example_dags/example_short_circuit_operator.py
[2025-06-25T01:58:00.389+0200] {logging_mixin.py:149} INFO - [2025-06-25T01:58:00.389+0200] {dag.py:2726} INFO - Sync 1 DAGs
[2025-06-25T01:58:00.429+0200] {logging_mixin.py:149} INFO - [2025-06-25T01:58:00.429+0200] {dag.py:3486} INFO - Setting next_dagrun for example_short_circuit_operator to 2025-06-23T23:58:00.428275+00:00, run_after=2025-06-24T23:58:00.428275+00:00
[2025-06-25T01:58:00.477+0200] {processor.py:179} INFO - Processing /home/atef/.local/lib/python3.9/site-packages/airflow/example_dags/example_short_circuit_operator.py took 0.202 seconds
