[2025-06-24T23:15:50.923+0200] {processor.py:157} INFO - Started process (PID=155084) to work on /home/atef/.local/lib/python3.9/site-packages/airflow/example_dags/example_complex.py
[2025-06-24T23:15:50.928+0200] {processor.py:826} INFO - Processing file /home/atef/.local/lib/python3.9/site-packages/airflow/example_dags/example_complex.py for tasks to queue
[2025-06-24T23:15:50.930+0200] {logging_mixin.py:149} INFO - [2025-06-24T23:15:50.930+0200] {dagbag.py:541} INFO - Filling up the DagBag from /home/atef/.local/lib/python3.9/site-packages/airflow/example_dags/example_complex.py
[2025-06-24T23:15:50.955+0200] {logging_mixin.py:149} INFO - [2025-06-24T23:15:50.955+0200] {taskmixin.py:211} WARNING - Dependency <Task(BashOperator): create_entry_group>, delete_entry_group already registered for DAG: example_complex
[2025-06-24T23:15:50.956+0200] {logging_mixin.py:149} INFO - [2025-06-24T23:15:50.956+0200] {taskmixin.py:211} WARNING - Dependency <Task(BashOperator): delete_entry_group>, create_entry_group already registered for DAG: example_complex
[2025-06-24T23:15:50.957+0200] {logging_mixin.py:149} INFO - [2025-06-24T23:15:50.957+0200] {taskmixin.py:211} WARNING - Dependency <Task(BashOperator): create_entry_gcs>, delete_entry already registered for DAG: example_complex
[2025-06-24T23:15:50.958+0200] {logging_mixin.py:149} INFO - [2025-06-24T23:15:50.958+0200] {taskmixin.py:211} WARNING - Dependency <Task(BashOperator): delete_entry>, create_entry_gcs already registered for DAG: example_complex
[2025-06-24T23:15:50.960+0200] {logging_mixin.py:149} INFO - [2025-06-24T23:15:50.959+0200] {taskmixin.py:211} WARNING - Dependency <Task(BashOperator): create_tag>, delete_tag already registered for DAG: example_complex
[2025-06-24T23:15:50.960+0200] {logging_mixin.py:149} INFO - [2025-06-24T23:15:50.960+0200] {taskmixin.py:211} WARNING - Dependency <Task(BashOperator): delete_tag>, create_tag already registered for DAG: example_complex
[2025-06-24T23:15:50.963+0200] {processor.py:836} INFO - DAG(s) dict_keys(['example_complex']) retrieved from /home/atef/.local/lib/python3.9/site-packages/airflow/example_dags/example_complex.py
[2025-06-24T23:15:51.047+0200] {logging_mixin.py:149} INFO - [2025-06-24T23:15:51.047+0200] {dag.py:2726} INFO - Sync 1 DAGs
[2025-06-24T23:15:51.095+0200] {logging_mixin.py:149} INFO - [2025-06-24T23:15:51.095+0200] {dag.py:3486} INFO - Setting next_dagrun for example_complex to None, run_after=None
[2025-06-24T23:15:51.145+0200] {processor.py:179} INFO - Processing /home/atef/.local/lib/python3.9/site-packages/airflow/example_dags/example_complex.py took 0.236 seconds
[2025-06-24T23:17:01.614+0200] {processor.py:157} INFO - Started process (PID=155227) to work on /home/atef/.local/lib/python3.9/site-packages/airflow/example_dags/example_complex.py
[2025-06-24T23:17:01.618+0200] {processor.py:826} INFO - Processing file /home/atef/.local/lib/python3.9/site-packages/airflow/example_dags/example_complex.py for tasks to queue
[2025-06-24T23:17:01.621+0200] {logging_mixin.py:149} INFO - [2025-06-24T23:17:01.620+0200] {dagbag.py:541} INFO - Filling up the DagBag from /home/atef/.local/lib/python3.9/site-packages/airflow/example_dags/example_complex.py
[2025-06-24T23:17:01.646+0200] {logging_mixin.py:149} INFO - [2025-06-24T23:17:01.645+0200] {taskmixin.py:211} WARNING - Dependency <Task(BashOperator): create_entry_group>, delete_entry_group already registered for DAG: example_complex
[2025-06-24T23:17:01.647+0200] {logging_mixin.py:149} INFO - [2025-06-24T23:17:01.647+0200] {taskmixin.py:211} WARNING - Dependency <Task(BashOperator): delete_entry_group>, create_entry_group already registered for DAG: example_complex
[2025-06-24T23:17:01.647+0200] {logging_mixin.py:149} INFO - [2025-06-24T23:17:01.647+0200] {taskmixin.py:211} WARNING - Dependency <Task(BashOperator): create_entry_gcs>, delete_entry already registered for DAG: example_complex
[2025-06-24T23:17:01.649+0200] {logging_mixin.py:149} INFO - [2025-06-24T23:17:01.648+0200] {taskmixin.py:211} WARNING - Dependency <Task(BashOperator): delete_entry>, create_entry_gcs already registered for DAG: example_complex
[2025-06-24T23:17:01.649+0200] {logging_mixin.py:149} INFO - [2025-06-24T23:17:01.649+0200] {taskmixin.py:211} WARNING - Dependency <Task(BashOperator): create_tag>, delete_tag already registered for DAG: example_complex
[2025-06-24T23:17:01.650+0200] {logging_mixin.py:149} INFO - [2025-06-24T23:17:01.650+0200] {taskmixin.py:211} WARNING - Dependency <Task(BashOperator): delete_tag>, create_tag already registered for DAG: example_complex
[2025-06-24T23:17:01.652+0200] {processor.py:836} INFO - DAG(s) dict_keys(['example_complex']) retrieved from /home/atef/.local/lib/python3.9/site-packages/airflow/example_dags/example_complex.py
[2025-06-24T23:17:01.733+0200] {logging_mixin.py:149} INFO - [2025-06-24T23:17:01.733+0200] {dag.py:2726} INFO - Sync 1 DAGs
[2025-06-24T23:17:01.776+0200] {logging_mixin.py:149} INFO - [2025-06-24T23:17:01.776+0200] {dag.py:3486} INFO - Setting next_dagrun for example_complex to None, run_after=None
[2025-06-24T23:17:01.827+0200] {processor.py:179} INFO - Processing /home/atef/.local/lib/python3.9/site-packages/airflow/example_dags/example_complex.py took 0.230 seconds
[2025-06-24T23:18:49.655+0200] {processor.py:157} INFO - Started process (PID=155693) to work on /home/atef/.local/lib/python3.9/site-packages/airflow/example_dags/example_complex.py
[2025-06-24T23:18:49.662+0200] {processor.py:826} INFO - Processing file /home/atef/.local/lib/python3.9/site-packages/airflow/example_dags/example_complex.py for tasks to queue
[2025-06-24T23:18:49.664+0200] {logging_mixin.py:149} INFO - [2025-06-24T23:18:49.664+0200] {dagbag.py:541} INFO - Filling up the DagBag from /home/atef/.local/lib/python3.9/site-packages/airflow/example_dags/example_complex.py
[2025-06-24T23:18:49.695+0200] {logging_mixin.py:149} INFO - [2025-06-24T23:18:49.695+0200] {taskmixin.py:211} WARNING - Dependency <Task(BashOperator): create_entry_group>, delete_entry_group already registered for DAG: example_complex
[2025-06-24T23:18:49.696+0200] {logging_mixin.py:149} INFO - [2025-06-24T23:18:49.696+0200] {taskmixin.py:211} WARNING - Dependency <Task(BashOperator): delete_entry_group>, create_entry_group already registered for DAG: example_complex
[2025-06-24T23:18:49.697+0200] {logging_mixin.py:149} INFO - [2025-06-24T23:18:49.697+0200] {taskmixin.py:211} WARNING - Dependency <Task(BashOperator): create_entry_gcs>, delete_entry already registered for DAG: example_complex
[2025-06-24T23:18:49.699+0200] {logging_mixin.py:149} INFO - [2025-06-24T23:18:49.698+0200] {taskmixin.py:211} WARNING - Dependency <Task(BashOperator): delete_entry>, create_entry_gcs already registered for DAG: example_complex
[2025-06-24T23:18:49.701+0200] {logging_mixin.py:149} INFO - [2025-06-24T23:18:49.701+0200] {taskmixin.py:211} WARNING - Dependency <Task(BashOperator): create_tag>, delete_tag already registered for DAG: example_complex
[2025-06-24T23:18:49.703+0200] {logging_mixin.py:149} INFO - [2025-06-24T23:18:49.703+0200] {taskmixin.py:211} WARNING - Dependency <Task(BashOperator): delete_tag>, create_tag already registered for DAG: example_complex
[2025-06-24T23:18:49.706+0200] {processor.py:836} INFO - DAG(s) dict_keys(['example_complex']) retrieved from /home/atef/.local/lib/python3.9/site-packages/airflow/example_dags/example_complex.py
[2025-06-24T23:18:49.806+0200] {logging_mixin.py:149} INFO - [2025-06-24T23:18:49.806+0200] {dag.py:2726} INFO - Sync 1 DAGs
[2025-06-24T23:18:49.864+0200] {logging_mixin.py:149} INFO - [2025-06-24T23:18:49.864+0200] {dag.py:3486} INFO - Setting next_dagrun for example_complex to None, run_after=None
[2025-06-24T23:18:50.008+0200] {processor.py:179} INFO - Processing /home/atef/.local/lib/python3.9/site-packages/airflow/example_dags/example_complex.py took 0.370 seconds
[2025-06-25T01:12:13.684+0200] {processor.py:157} INFO - Started process (PID=173318) to work on /home/atef/.local/lib/python3.9/site-packages/airflow/example_dags/example_complex.py
[2025-06-25T01:12:13.726+0200] {processor.py:826} INFO - Processing file /home/atef/.local/lib/python3.9/site-packages/airflow/example_dags/example_complex.py for tasks to queue
[2025-06-25T01:12:13.728+0200] {logging_mixin.py:149} INFO - [2025-06-25T01:12:13.728+0200] {dagbag.py:541} INFO - Filling up the DagBag from /home/atef/.local/lib/python3.9/site-packages/airflow/example_dags/example_complex.py
[2025-06-25T01:12:13.795+0200] {logging_mixin.py:149} INFO - [2025-06-25T01:12:13.794+0200] {taskmixin.py:211} WARNING - Dependency <Task(BashOperator): create_entry_group>, delete_entry_group already registered for DAG: example_complex
[2025-06-25T01:12:13.798+0200] {logging_mixin.py:149} INFO - [2025-06-25T01:12:13.797+0200] {taskmixin.py:211} WARNING - Dependency <Task(BashOperator): delete_entry_group>, create_entry_group already registered for DAG: example_complex
[2025-06-25T01:12:13.800+0200] {logging_mixin.py:149} INFO - [2025-06-25T01:12:13.799+0200] {taskmixin.py:211} WARNING - Dependency <Task(BashOperator): create_entry_gcs>, delete_entry already registered for DAG: example_complex
[2025-06-25T01:12:13.800+0200] {logging_mixin.py:149} INFO - [2025-06-25T01:12:13.800+0200] {taskmixin.py:211} WARNING - Dependency <Task(BashOperator): delete_entry>, create_entry_gcs already registered for DAG: example_complex
[2025-06-25T01:12:13.802+0200] {logging_mixin.py:149} INFO - [2025-06-25T01:12:13.801+0200] {taskmixin.py:211} WARNING - Dependency <Task(BashOperator): create_tag>, delete_tag already registered for DAG: example_complex
[2025-06-25T01:12:13.805+0200] {logging_mixin.py:149} INFO - [2025-06-25T01:12:13.805+0200] {taskmixin.py:211} WARNING - Dependency <Task(BashOperator): delete_tag>, create_tag already registered for DAG: example_complex
[2025-06-25T01:12:13.813+0200] {processor.py:836} INFO - DAG(s) dict_keys(['example_complex']) retrieved from /home/atef/.local/lib/python3.9/site-packages/airflow/example_dags/example_complex.py
[2025-06-25T01:12:14.024+0200] {logging_mixin.py:149} INFO - [2025-06-25T01:12:14.023+0200] {dag.py:2726} INFO - Sync 1 DAGs
[2025-06-25T01:12:14.126+0200] {logging_mixin.py:149} INFO - [2025-06-25T01:12:14.125+0200] {dag.py:3486} INFO - Setting next_dagrun for example_complex to None, run_after=None
[2025-06-25T01:12:14.280+0200] {processor.py:179} INFO - Processing /home/atef/.local/lib/python3.9/site-packages/airflow/example_dags/example_complex.py took 0.634 seconds
[2025-06-25T01:18:34.394+0200] {processor.py:157} INFO - Started process (PID=175191) to work on /home/atef/.local/lib/python3.9/site-packages/airflow/example_dags/example_complex.py
[2025-06-25T01:18:34.438+0200] {processor.py:826} INFO - Processing file /home/atef/.local/lib/python3.9/site-packages/airflow/example_dags/example_complex.py for tasks to queue
[2025-06-25T01:18:34.457+0200] {logging_mixin.py:149} INFO - [2025-06-25T01:18:34.456+0200] {dagbag.py:541} INFO - Filling up the DagBag from /home/atef/.local/lib/python3.9/site-packages/airflow/example_dags/example_complex.py
[2025-06-25T01:18:34.662+0200] {logging_mixin.py:149} INFO - [2025-06-25T01:18:34.659+0200] {taskmixin.py:211} WARNING - Dependency <Task(BashOperator): create_entry_group>, delete_entry_group already registered for DAG: example_complex
[2025-06-25T01:18:34.669+0200] {logging_mixin.py:149} INFO - [2025-06-25T01:18:34.669+0200] {taskmixin.py:211} WARNING - Dependency <Task(BashOperator): delete_entry_group>, create_entry_group already registered for DAG: example_complex
[2025-06-25T01:18:34.673+0200] {logging_mixin.py:149} INFO - [2025-06-25T01:18:34.672+0200] {taskmixin.py:211} WARNING - Dependency <Task(BashOperator): create_entry_gcs>, delete_entry already registered for DAG: example_complex
[2025-06-25T01:18:34.676+0200] {logging_mixin.py:149} INFO - [2025-06-25T01:18:34.675+0200] {taskmixin.py:211} WARNING - Dependency <Task(BashOperator): delete_entry>, create_entry_gcs already registered for DAG: example_complex
[2025-06-25T01:18:34.679+0200] {logging_mixin.py:149} INFO - [2025-06-25T01:18:34.679+0200] {taskmixin.py:211} WARNING - Dependency <Task(BashOperator): create_tag>, delete_tag already registered for DAG: example_complex
[2025-06-25T01:18:34.683+0200] {logging_mixin.py:149} INFO - [2025-06-25T01:18:34.682+0200] {taskmixin.py:211} WARNING - Dependency <Task(BashOperator): delete_tag>, create_tag already registered for DAG: example_complex
[2025-06-25T01:18:34.696+0200] {processor.py:836} INFO - DAG(s) dict_keys(['example_complex']) retrieved from /home/atef/.local/lib/python3.9/site-packages/airflow/example_dags/example_complex.py
[2025-06-25T01:18:35.138+0200] {logging_mixin.py:149} INFO - [2025-06-25T01:18:35.132+0200] {dag.py:2726} INFO - Sync 1 DAGs
[2025-06-25T01:18:35.375+0200] {logging_mixin.py:149} INFO - [2025-06-25T01:18:35.375+0200] {dag.py:3486} INFO - Setting next_dagrun for example_complex to None, run_after=None
[2025-06-25T01:18:35.714+0200] {processor.py:179} INFO - Processing /home/atef/.local/lib/python3.9/site-packages/airflow/example_dags/example_complex.py took 1.380 seconds
[2025-06-25T01:20:14.967+0200] {processor.py:157} INFO - Started process (PID=175927) to work on /home/atef/.local/lib/python3.9/site-packages/airflow/example_dags/example_complex.py
[2025-06-25T01:20:15.052+0200] {processor.py:826} INFO - Processing file /home/atef/.local/lib/python3.9/site-packages/airflow/example_dags/example_complex.py for tasks to queue
[2025-06-25T01:20:15.054+0200] {logging_mixin.py:149} INFO - [2025-06-25T01:20:15.054+0200] {dagbag.py:541} INFO - Filling up the DagBag from /home/atef/.local/lib/python3.9/site-packages/airflow/example_dags/example_complex.py
[2025-06-25T01:20:15.083+0200] {logging_mixin.py:149} INFO - [2025-06-25T01:20:15.083+0200] {taskmixin.py:211} WARNING - Dependency <Task(BashOperator): create_entry_group>, delete_entry_group already registered for DAG: example_complex
[2025-06-25T01:20:15.084+0200] {logging_mixin.py:149} INFO - [2025-06-25T01:20:15.084+0200] {taskmixin.py:211} WARNING - Dependency <Task(BashOperator): delete_entry_group>, create_entry_group already registered for DAG: example_complex
[2025-06-25T01:20:15.085+0200] {logging_mixin.py:149} INFO - [2025-06-25T01:20:15.085+0200] {taskmixin.py:211} WARNING - Dependency <Task(BashOperator): create_entry_gcs>, delete_entry already registered for DAG: example_complex
[2025-06-25T01:20:15.086+0200] {logging_mixin.py:149} INFO - [2025-06-25T01:20:15.086+0200] {taskmixin.py:211} WARNING - Dependency <Task(BashOperator): delete_entry>, create_entry_gcs already registered for DAG: example_complex
[2025-06-25T01:20:15.087+0200] {logging_mixin.py:149} INFO - [2025-06-25T01:20:15.087+0200] {taskmixin.py:211} WARNING - Dependency <Task(BashOperator): create_tag>, delete_tag already registered for DAG: example_complex
[2025-06-25T01:20:15.088+0200] {logging_mixin.py:149} INFO - [2025-06-25T01:20:15.088+0200] {taskmixin.py:211} WARNING - Dependency <Task(BashOperator): delete_tag>, create_tag already registered for DAG: example_complex
[2025-06-25T01:20:15.093+0200] {processor.py:836} INFO - DAG(s) dict_keys(['example_complex']) retrieved from /home/atef/.local/lib/python3.9/site-packages/airflow/example_dags/example_complex.py
[2025-06-25T01:20:15.262+0200] {logging_mixin.py:149} INFO - [2025-06-25T01:20:15.261+0200] {dag.py:2726} INFO - Sync 1 DAGs
[2025-06-25T01:20:15.311+0200] {logging_mixin.py:149} INFO - [2025-06-25T01:20:15.311+0200] {dag.py:3486} INFO - Setting next_dagrun for example_complex to None, run_after=None
[2025-06-25T01:20:15.363+0200] {processor.py:179} INFO - Processing /home/atef/.local/lib/python3.9/site-packages/airflow/example_dags/example_complex.py took 0.450 seconds
[2025-06-25T01:22:07.275+0200] {processor.py:157} INFO - Started process (PID=177046) to work on /home/atef/.local/lib/python3.9/site-packages/airflow/example_dags/example_complex.py
[2025-06-25T01:22:07.296+0200] {processor.py:826} INFO - Processing file /home/atef/.local/lib/python3.9/site-packages/airflow/example_dags/example_complex.py for tasks to queue
[2025-06-25T01:22:07.307+0200] {logging_mixin.py:149} INFO - [2025-06-25T01:22:07.306+0200] {dagbag.py:541} INFO - Filling up the DagBag from /home/atef/.local/lib/python3.9/site-packages/airflow/example_dags/example_complex.py
[2025-06-25T01:22:07.395+0200] {logging_mixin.py:149} INFO - [2025-06-25T01:22:07.394+0200] {taskmixin.py:211} WARNING - Dependency <Task(BashOperator): create_entry_group>, delete_entry_group already registered for DAG: example_complex
[2025-06-25T01:22:07.398+0200] {logging_mixin.py:149} INFO - [2025-06-25T01:22:07.398+0200] {taskmixin.py:211} WARNING - Dependency <Task(BashOperator): delete_entry_group>, create_entry_group already registered for DAG: example_complex
[2025-06-25T01:22:07.400+0200] {logging_mixin.py:149} INFO - [2025-06-25T01:22:07.400+0200] {taskmixin.py:211} WARNING - Dependency <Task(BashOperator): create_entry_gcs>, delete_entry already registered for DAG: example_complex
[2025-06-25T01:22:07.402+0200] {logging_mixin.py:149} INFO - [2025-06-25T01:22:07.401+0200] {taskmixin.py:211} WARNING - Dependency <Task(BashOperator): delete_entry>, create_entry_gcs already registered for DAG: example_complex
[2025-06-25T01:22:07.403+0200] {logging_mixin.py:149} INFO - [2025-06-25T01:22:07.403+0200] {taskmixin.py:211} WARNING - Dependency <Task(BashOperator): create_tag>, delete_tag already registered for DAG: example_complex
[2025-06-25T01:22:07.403+0200] {logging_mixin.py:149} INFO - [2025-06-25T01:22:07.403+0200] {taskmixin.py:211} WARNING - Dependency <Task(BashOperator): delete_tag>, create_tag already registered for DAG: example_complex
[2025-06-25T01:22:07.406+0200] {processor.py:836} INFO - DAG(s) dict_keys(['example_complex']) retrieved from /home/atef/.local/lib/python3.9/site-packages/airflow/example_dags/example_complex.py
[2025-06-25T01:22:07.550+0200] {logging_mixin.py:149} INFO - [2025-06-25T01:22:07.549+0200] {dag.py:2726} INFO - Sync 1 DAGs
[2025-06-25T01:22:07.623+0200] {logging_mixin.py:149} INFO - [2025-06-25T01:22:07.623+0200] {dag.py:3486} INFO - Setting next_dagrun for example_complex to None, run_after=None
[2025-06-25T01:22:07.691+0200] {processor.py:179} INFO - Processing /home/atef/.local/lib/python3.9/site-packages/airflow/example_dags/example_complex.py took 0.464 seconds
[2025-06-25T01:23:12.887+0200] {processor.py:157} INFO - Started process (PID=177218) to work on /home/atef/.local/lib/python3.9/site-packages/airflow/example_dags/example_complex.py
[2025-06-25T01:23:12.926+0200] {processor.py:826} INFO - Processing file /home/atef/.local/lib/python3.9/site-packages/airflow/example_dags/example_complex.py for tasks to queue
[2025-06-25T01:23:12.928+0200] {logging_mixin.py:149} INFO - [2025-06-25T01:23:12.928+0200] {dagbag.py:541} INFO - Filling up the DagBag from /home/atef/.local/lib/python3.9/site-packages/airflow/example_dags/example_complex.py
[2025-06-25T01:23:13.676+0200] {logging_mixin.py:149} INFO - [2025-06-25T01:23:13.670+0200] {taskmixin.py:211} WARNING - Dependency <Task(BashOperator): create_entry_group>, delete_entry_group already registered for DAG: example_complex
[2025-06-25T01:23:13.680+0200] {logging_mixin.py:149} INFO - [2025-06-25T01:23:13.680+0200] {taskmixin.py:211} WARNING - Dependency <Task(BashOperator): delete_entry_group>, create_entry_group already registered for DAG: example_complex
[2025-06-25T01:23:13.683+0200] {logging_mixin.py:149} INFO - [2025-06-25T01:23:13.683+0200] {taskmixin.py:211} WARNING - Dependency <Task(BashOperator): create_entry_gcs>, delete_entry already registered for DAG: example_complex
[2025-06-25T01:23:13.684+0200] {logging_mixin.py:149} INFO - [2025-06-25T01:23:13.684+0200] {taskmixin.py:211} WARNING - Dependency <Task(BashOperator): delete_entry>, create_entry_gcs already registered for DAG: example_complex
[2025-06-25T01:23:13.688+0200] {logging_mixin.py:149} INFO - [2025-06-25T01:23:13.688+0200] {taskmixin.py:211} WARNING - Dependency <Task(BashOperator): create_tag>, delete_tag already registered for DAG: example_complex
[2025-06-25T01:23:13.690+0200] {logging_mixin.py:149} INFO - [2025-06-25T01:23:13.690+0200] {taskmixin.py:211} WARNING - Dependency <Task(BashOperator): delete_tag>, create_tag already registered for DAG: example_complex
[2025-06-25T01:23:13.694+0200] {processor.py:836} INFO - DAG(s) dict_keys(['example_complex']) retrieved from /home/atef/.local/lib/python3.9/site-packages/airflow/example_dags/example_complex.py
[2025-06-25T01:23:14.020+0200] {logging_mixin.py:149} INFO - [2025-06-25T01:23:14.020+0200] {dag.py:2726} INFO - Sync 1 DAGs
[2025-06-25T01:23:14.194+0200] {logging_mixin.py:149} INFO - [2025-06-25T01:23:14.193+0200] {dag.py:3486} INFO - Setting next_dagrun for example_complex to None, run_after=None
[2025-06-25T01:23:14.334+0200] {processor.py:179} INFO - Processing /home/atef/.local/lib/python3.9/site-packages/airflow/example_dags/example_complex.py took 1.503 seconds
[2025-06-25T01:25:19.368+0200] {processor.py:157} INFO - Started process (PID=178302) to work on /home/atef/.local/lib/python3.9/site-packages/airflow/example_dags/example_complex.py
[2025-06-25T01:25:19.375+0200] {processor.py:826} INFO - Processing file /home/atef/.local/lib/python3.9/site-packages/airflow/example_dags/example_complex.py for tasks to queue
[2025-06-25T01:25:19.382+0200] {logging_mixin.py:149} INFO - [2025-06-25T01:25:19.381+0200] {dagbag.py:541} INFO - Filling up the DagBag from /home/atef/.local/lib/python3.9/site-packages/airflow/example_dags/example_complex.py
[2025-06-25T01:25:19.443+0200] {logging_mixin.py:149} INFO - [2025-06-25T01:25:19.442+0200] {taskmixin.py:211} WARNING - Dependency <Task(BashOperator): create_entry_group>, delete_entry_group already registered for DAG: example_complex
[2025-06-25T01:25:19.445+0200] {logging_mixin.py:149} INFO - [2025-06-25T01:25:19.445+0200] {taskmixin.py:211} WARNING - Dependency <Task(BashOperator): delete_entry_group>, create_entry_group already registered for DAG: example_complex
[2025-06-25T01:25:19.450+0200] {logging_mixin.py:149} INFO - [2025-06-25T01:25:19.449+0200] {taskmixin.py:211} WARNING - Dependency <Task(BashOperator): create_entry_gcs>, delete_entry already registered for DAG: example_complex
[2025-06-25T01:25:19.452+0200] {logging_mixin.py:149} INFO - [2025-06-25T01:25:19.451+0200] {taskmixin.py:211} WARNING - Dependency <Task(BashOperator): delete_entry>, create_entry_gcs already registered for DAG: example_complex
[2025-06-25T01:25:19.462+0200] {logging_mixin.py:149} INFO - [2025-06-25T01:25:19.461+0200] {taskmixin.py:211} WARNING - Dependency <Task(BashOperator): create_tag>, delete_tag already registered for DAG: example_complex
[2025-06-25T01:25:19.465+0200] {logging_mixin.py:149} INFO - [2025-06-25T01:25:19.464+0200] {taskmixin.py:211} WARNING - Dependency <Task(BashOperator): delete_tag>, create_tag already registered for DAG: example_complex
[2025-06-25T01:25:19.471+0200] {processor.py:836} INFO - DAG(s) dict_keys(['example_complex']) retrieved from /home/atef/.local/lib/python3.9/site-packages/airflow/example_dags/example_complex.py
[2025-06-25T01:25:19.661+0200] {logging_mixin.py:149} INFO - [2025-06-25T01:25:19.660+0200] {dag.py:2726} INFO - Sync 1 DAGs
[2025-06-25T01:25:19.729+0200] {logging_mixin.py:149} INFO - [2025-06-25T01:25:19.729+0200] {dag.py:3486} INFO - Setting next_dagrun for example_complex to None, run_after=None
[2025-06-25T01:25:19.809+0200] {processor.py:179} INFO - Processing /home/atef/.local/lib/python3.9/site-packages/airflow/example_dags/example_complex.py took 0.489 seconds
[2025-06-25T01:26:55.181+0200] {processor.py:157} INFO - Started process (PID=178998) to work on /home/atef/.local/lib/python3.9/site-packages/airflow/example_dags/example_complex.py
[2025-06-25T01:26:55.194+0200] {processor.py:826} INFO - Processing file /home/atef/.local/lib/python3.9/site-packages/airflow/example_dags/example_complex.py for tasks to queue
[2025-06-25T01:26:55.200+0200] {logging_mixin.py:149} INFO - [2025-06-25T01:26:55.199+0200] {dagbag.py:541} INFO - Filling up the DagBag from /home/atef/.local/lib/python3.9/site-packages/airflow/example_dags/example_complex.py
[2025-06-25T01:26:55.274+0200] {logging_mixin.py:149} INFO - [2025-06-25T01:26:55.273+0200] {taskmixin.py:211} WARNING - Dependency <Task(BashOperator): create_entry_group>, delete_entry_group already registered for DAG: example_complex
[2025-06-25T01:26:55.277+0200] {logging_mixin.py:149} INFO - [2025-06-25T01:26:55.277+0200] {taskmixin.py:211} WARNING - Dependency <Task(BashOperator): delete_entry_group>, create_entry_group already registered for DAG: example_complex
[2025-06-25T01:26:55.280+0200] {logging_mixin.py:149} INFO - [2025-06-25T01:26:55.280+0200] {taskmixin.py:211} WARNING - Dependency <Task(BashOperator): create_entry_gcs>, delete_entry already registered for DAG: example_complex
[2025-06-25T01:26:55.281+0200] {logging_mixin.py:149} INFO - [2025-06-25T01:26:55.281+0200] {taskmixin.py:211} WARNING - Dependency <Task(BashOperator): delete_entry>, create_entry_gcs already registered for DAG: example_complex
[2025-06-25T01:26:55.283+0200] {logging_mixin.py:149} INFO - [2025-06-25T01:26:55.282+0200] {taskmixin.py:211} WARNING - Dependency <Task(BashOperator): create_tag>, delete_tag already registered for DAG: example_complex
[2025-06-25T01:26:55.284+0200] {logging_mixin.py:149} INFO - [2025-06-25T01:26:55.284+0200] {taskmixin.py:211} WARNING - Dependency <Task(BashOperator): delete_tag>, create_tag already registered for DAG: example_complex
[2025-06-25T01:26:55.293+0200] {processor.py:836} INFO - DAG(s) dict_keys(['example_complex']) retrieved from /home/atef/.local/lib/python3.9/site-packages/airflow/example_dags/example_complex.py
[2025-06-25T01:26:55.676+0200] {logging_mixin.py:149} INFO - [2025-06-25T01:26:55.676+0200] {dag.py:2726} INFO - Sync 1 DAGs
[2025-06-25T01:26:55.830+0200] {logging_mixin.py:149} INFO - [2025-06-25T01:26:55.829+0200] {dag.py:3486} INFO - Setting next_dagrun for example_complex to None, run_after=None
[2025-06-25T01:26:55.928+0200] {processor.py:179} INFO - Processing /home/atef/.local/lib/python3.9/site-packages/airflow/example_dags/example_complex.py took 0.794 seconds
[2025-06-25T01:29:44.878+0200] {processor.py:157} INFO - Started process (PID=180189) to work on /home/atef/.local/lib/python3.9/site-packages/airflow/example_dags/example_complex.py
[2025-06-25T01:29:44.893+0200] {processor.py:826} INFO - Processing file /home/atef/.local/lib/python3.9/site-packages/airflow/example_dags/example_complex.py for tasks to queue
[2025-06-25T01:29:44.905+0200] {logging_mixin.py:149} INFO - [2025-06-25T01:29:44.905+0200] {dagbag.py:541} INFO - Filling up the DagBag from /home/atef/.local/lib/python3.9/site-packages/airflow/example_dags/example_complex.py
[2025-06-25T01:29:44.986+0200] {logging_mixin.py:149} INFO - [2025-06-25T01:29:44.986+0200] {taskmixin.py:211} WARNING - Dependency <Task(BashOperator): create_entry_group>, delete_entry_group already registered for DAG: example_complex
[2025-06-25T01:29:44.989+0200] {logging_mixin.py:149} INFO - [2025-06-25T01:29:44.989+0200] {taskmixin.py:211} WARNING - Dependency <Task(BashOperator): delete_entry_group>, create_entry_group already registered for DAG: example_complex
[2025-06-25T01:29:44.990+0200] {logging_mixin.py:149} INFO - [2025-06-25T01:29:44.990+0200] {taskmixin.py:211} WARNING - Dependency <Task(BashOperator): create_entry_gcs>, delete_entry already registered for DAG: example_complex
[2025-06-25T01:29:44.991+0200] {logging_mixin.py:149} INFO - [2025-06-25T01:29:44.991+0200] {taskmixin.py:211} WARNING - Dependency <Task(BashOperator): delete_entry>, create_entry_gcs already registered for DAG: example_complex
[2025-06-25T01:29:44.993+0200] {logging_mixin.py:149} INFO - [2025-06-25T01:29:44.993+0200] {taskmixin.py:211} WARNING - Dependency <Task(BashOperator): create_tag>, delete_tag already registered for DAG: example_complex
[2025-06-25T01:29:44.994+0200] {logging_mixin.py:149} INFO - [2025-06-25T01:29:44.994+0200] {taskmixin.py:211} WARNING - Dependency <Task(BashOperator): delete_tag>, create_tag already registered for DAG: example_complex
[2025-06-25T01:29:45.000+0200] {processor.py:836} INFO - DAG(s) dict_keys(['example_complex']) retrieved from /home/atef/.local/lib/python3.9/site-packages/airflow/example_dags/example_complex.py
[2025-06-25T01:29:45.174+0200] {logging_mixin.py:149} INFO - [2025-06-25T01:29:45.174+0200] {dag.py:2726} INFO - Sync 1 DAGs
[2025-06-25T01:29:45.258+0200] {logging_mixin.py:149} INFO - [2025-06-25T01:29:45.257+0200] {dag.py:3486} INFO - Setting next_dagrun for example_complex to None, run_after=None
[2025-06-25T01:29:45.413+0200] {processor.py:179} INFO - Processing /home/atef/.local/lib/python3.9/site-packages/airflow/example_dags/example_complex.py took 0.596 seconds
[2025-06-25T01:31:32.507+0200] {processor.py:157} INFO - Started process (PID=181168) to work on /home/atef/.local/lib/python3.9/site-packages/airflow/example_dags/example_complex.py
[2025-06-25T01:31:32.518+0200] {processor.py:826} INFO - Processing file /home/atef/.local/lib/python3.9/site-packages/airflow/example_dags/example_complex.py for tasks to queue
[2025-06-25T01:31:32.523+0200] {logging_mixin.py:149} INFO - [2025-06-25T01:31:32.523+0200] {dagbag.py:541} INFO - Filling up the DagBag from /home/atef/.local/lib/python3.9/site-packages/airflow/example_dags/example_complex.py
[2025-06-25T01:31:32.581+0200] {logging_mixin.py:149} INFO - [2025-06-25T01:31:32.581+0200] {taskmixin.py:211} WARNING - Dependency <Task(BashOperator): create_entry_group>, delete_entry_group already registered for DAG: example_complex
[2025-06-25T01:31:32.582+0200] {logging_mixin.py:149} INFO - [2025-06-25T01:31:32.582+0200] {taskmixin.py:211} WARNING - Dependency <Task(BashOperator): delete_entry_group>, create_entry_group already registered for DAG: example_complex
[2025-06-25T01:31:32.584+0200] {logging_mixin.py:149} INFO - [2025-06-25T01:31:32.583+0200] {taskmixin.py:211} WARNING - Dependency <Task(BashOperator): create_entry_gcs>, delete_entry already registered for DAG: example_complex
[2025-06-25T01:31:32.584+0200] {logging_mixin.py:149} INFO - [2025-06-25T01:31:32.584+0200] {taskmixin.py:211} WARNING - Dependency <Task(BashOperator): delete_entry>, create_entry_gcs already registered for DAG: example_complex
[2025-06-25T01:31:32.585+0200] {logging_mixin.py:149} INFO - [2025-06-25T01:31:32.585+0200] {taskmixin.py:211} WARNING - Dependency <Task(BashOperator): create_tag>, delete_tag already registered for DAG: example_complex
[2025-06-25T01:31:32.587+0200] {logging_mixin.py:149} INFO - [2025-06-25T01:31:32.586+0200] {taskmixin.py:211} WARNING - Dependency <Task(BashOperator): delete_tag>, create_tag already registered for DAG: example_complex
[2025-06-25T01:31:32.590+0200] {processor.py:836} INFO - DAG(s) dict_keys(['example_complex']) retrieved from /home/atef/.local/lib/python3.9/site-packages/airflow/example_dags/example_complex.py
[2025-06-25T01:31:32.714+0200] {logging_mixin.py:149} INFO - [2025-06-25T01:31:32.714+0200] {dag.py:2726} INFO - Sync 1 DAGs
[2025-06-25T01:31:32.756+0200] {logging_mixin.py:149} INFO - [2025-06-25T01:31:32.756+0200] {dag.py:3486} INFO - Setting next_dagrun for example_complex to None, run_after=None
[2025-06-25T01:31:32.805+0200] {processor.py:179} INFO - Processing /home/atef/.local/lib/python3.9/site-packages/airflow/example_dags/example_complex.py took 0.329 seconds
[2025-06-25T01:32:44.909+0200] {processor.py:157} INFO - Started process (PID=181423) to work on /home/atef/.local/lib/python3.9/site-packages/airflow/example_dags/example_complex.py
[2025-06-25T01:32:44.918+0200] {processor.py:826} INFO - Processing file /home/atef/.local/lib/python3.9/site-packages/airflow/example_dags/example_complex.py for tasks to queue
[2025-06-25T01:32:44.929+0200] {logging_mixin.py:149} INFO - [2025-06-25T01:32:44.928+0200] {dagbag.py:541} INFO - Filling up the DagBag from /home/atef/.local/lib/python3.9/site-packages/airflow/example_dags/example_complex.py
[2025-06-25T01:32:45.001+0200] {logging_mixin.py:149} INFO - [2025-06-25T01:32:44.980+0200] {taskmixin.py:211} WARNING - Dependency <Task(BashOperator): create_entry_group>, delete_entry_group already registered for DAG: example_complex
[2025-06-25T01:32:45.003+0200] {logging_mixin.py:149} INFO - [2025-06-25T01:32:45.003+0200] {taskmixin.py:211} WARNING - Dependency <Task(BashOperator): delete_entry_group>, create_entry_group already registered for DAG: example_complex
[2025-06-25T01:32:45.005+0200] {logging_mixin.py:149} INFO - [2025-06-25T01:32:45.005+0200] {taskmixin.py:211} WARNING - Dependency <Task(BashOperator): create_entry_gcs>, delete_entry already registered for DAG: example_complex
[2025-06-25T01:32:45.009+0200] {logging_mixin.py:149} INFO - [2025-06-25T01:32:45.009+0200] {taskmixin.py:211} WARNING - Dependency <Task(BashOperator): delete_entry>, create_entry_gcs already registered for DAG: example_complex
[2025-06-25T01:32:45.012+0200] {logging_mixin.py:149} INFO - [2025-06-25T01:32:45.010+0200] {taskmixin.py:211} WARNING - Dependency <Task(BashOperator): create_tag>, delete_tag already registered for DAG: example_complex
[2025-06-25T01:32:45.013+0200] {logging_mixin.py:149} INFO - [2025-06-25T01:32:45.013+0200] {taskmixin.py:211} WARNING - Dependency <Task(BashOperator): delete_tag>, create_tag already registered for DAG: example_complex
[2025-06-25T01:32:45.017+0200] {processor.py:836} INFO - DAG(s) dict_keys(['example_complex']) retrieved from /home/atef/.local/lib/python3.9/site-packages/airflow/example_dags/example_complex.py
[2025-06-25T01:32:45.159+0200] {logging_mixin.py:149} INFO - [2025-06-25T01:32:45.159+0200] {dag.py:2726} INFO - Sync 1 DAGs
[2025-06-25T01:32:45.208+0200] {logging_mixin.py:149} INFO - [2025-06-25T01:32:45.208+0200] {dag.py:3486} INFO - Setting next_dagrun for example_complex to None, run_after=None
[2025-06-25T01:32:45.264+0200] {processor.py:179} INFO - Processing /home/atef/.local/lib/python3.9/site-packages/airflow/example_dags/example_complex.py took 0.391 seconds
[2025-06-25T01:34:53.754+0200] {processor.py:157} INFO - Started process (PID=182178) to work on /home/atef/.local/lib/python3.9/site-packages/airflow/example_dags/example_complex.py
[2025-06-25T01:34:53.762+0200] {processor.py:826} INFO - Processing file /home/atef/.local/lib/python3.9/site-packages/airflow/example_dags/example_complex.py for tasks to queue
[2025-06-25T01:34:53.767+0200] {logging_mixin.py:149} INFO - [2025-06-25T01:34:53.766+0200] {dagbag.py:541} INFO - Filling up the DagBag from /home/atef/.local/lib/python3.9/site-packages/airflow/example_dags/example_complex.py
[2025-06-25T01:34:53.827+0200] {logging_mixin.py:149} INFO - [2025-06-25T01:34:53.826+0200] {taskmixin.py:211} WARNING - Dependency <Task(BashOperator): create_entry_group>, delete_entry_group already registered for DAG: example_complex
[2025-06-25T01:34:53.831+0200] {logging_mixin.py:149} INFO - [2025-06-25T01:34:53.830+0200] {taskmixin.py:211} WARNING - Dependency <Task(BashOperator): delete_entry_group>, create_entry_group already registered for DAG: example_complex
[2025-06-25T01:34:53.832+0200] {logging_mixin.py:149} INFO - [2025-06-25T01:34:53.832+0200] {taskmixin.py:211} WARNING - Dependency <Task(BashOperator): create_entry_gcs>, delete_entry already registered for DAG: example_complex
[2025-06-25T01:34:53.833+0200] {logging_mixin.py:149} INFO - [2025-06-25T01:34:53.833+0200] {taskmixin.py:211} WARNING - Dependency <Task(BashOperator): delete_entry>, create_entry_gcs already registered for DAG: example_complex
[2025-06-25T01:34:53.835+0200] {logging_mixin.py:149} INFO - [2025-06-25T01:34:53.834+0200] {taskmixin.py:211} WARNING - Dependency <Task(BashOperator): create_tag>, delete_tag already registered for DAG: example_complex
[2025-06-25T01:34:53.837+0200] {logging_mixin.py:149} INFO - [2025-06-25T01:34:53.836+0200] {taskmixin.py:211} WARNING - Dependency <Task(BashOperator): delete_tag>, create_tag already registered for DAG: example_complex
[2025-06-25T01:34:53.849+0200] {processor.py:836} INFO - DAG(s) dict_keys(['example_complex']) retrieved from /home/atef/.local/lib/python3.9/site-packages/airflow/example_dags/example_complex.py
[2025-06-25T01:34:54.094+0200] {logging_mixin.py:149} INFO - [2025-06-25T01:34:54.093+0200] {dag.py:2726} INFO - Sync 1 DAGs
[2025-06-25T01:34:54.297+0200] {logging_mixin.py:149} INFO - [2025-06-25T01:34:54.297+0200] {dag.py:3486} INFO - Setting next_dagrun for example_complex to None, run_after=None
[2025-06-25T01:34:54.564+0200] {processor.py:179} INFO - Processing /home/atef/.local/lib/python3.9/site-packages/airflow/example_dags/example_complex.py took 0.844 seconds
[2025-06-25T01:38:33.555+0200] {processor.py:157} INFO - Started process (PID=183564) to work on /home/atef/.local/lib/python3.9/site-packages/airflow/example_dags/example_complex.py
[2025-06-25T01:38:33.563+0200] {processor.py:826} INFO - Processing file /home/atef/.local/lib/python3.9/site-packages/airflow/example_dags/example_complex.py for tasks to queue
[2025-06-25T01:38:33.566+0200] {logging_mixin.py:149} INFO - [2025-06-25T01:38:33.566+0200] {dagbag.py:541} INFO - Filling up the DagBag from /home/atef/.local/lib/python3.9/site-packages/airflow/example_dags/example_complex.py
[2025-06-25T01:38:33.621+0200] {logging_mixin.py:149} INFO - [2025-06-25T01:38:33.620+0200] {taskmixin.py:211} WARNING - Dependency <Task(BashOperator): create_entry_group>, delete_entry_group already registered for DAG: example_complex
[2025-06-25T01:38:33.623+0200] {logging_mixin.py:149} INFO - [2025-06-25T01:38:33.623+0200] {taskmixin.py:211} WARNING - Dependency <Task(BashOperator): delete_entry_group>, create_entry_group already registered for DAG: example_complex
[2025-06-25T01:38:33.625+0200] {logging_mixin.py:149} INFO - [2025-06-25T01:38:33.625+0200] {taskmixin.py:211} WARNING - Dependency <Task(BashOperator): create_entry_gcs>, delete_entry already registered for DAG: example_complex
[2025-06-25T01:38:33.626+0200] {logging_mixin.py:149} INFO - [2025-06-25T01:38:33.626+0200] {taskmixin.py:211} WARNING - Dependency <Task(BashOperator): delete_entry>, create_entry_gcs already registered for DAG: example_complex
[2025-06-25T01:38:33.627+0200] {logging_mixin.py:149} INFO - [2025-06-25T01:38:33.627+0200] {taskmixin.py:211} WARNING - Dependency <Task(BashOperator): create_tag>, delete_tag already registered for DAG: example_complex
[2025-06-25T01:38:33.628+0200] {logging_mixin.py:149} INFO - [2025-06-25T01:38:33.628+0200] {taskmixin.py:211} WARNING - Dependency <Task(BashOperator): delete_tag>, create_tag already registered for DAG: example_complex
[2025-06-25T01:38:33.632+0200] {processor.py:836} INFO - DAG(s) dict_keys(['example_complex']) retrieved from /home/atef/.local/lib/python3.9/site-packages/airflow/example_dags/example_complex.py
[2025-06-25T01:38:33.774+0200] {logging_mixin.py:149} INFO - [2025-06-25T01:38:33.773+0200] {dag.py:2726} INFO - Sync 1 DAGs
[2025-06-25T01:38:33.831+0200] {logging_mixin.py:149} INFO - [2025-06-25T01:38:33.830+0200] {dag.py:3486} INFO - Setting next_dagrun for example_complex to None, run_after=None
[2025-06-25T01:38:33.931+0200] {processor.py:179} INFO - Processing /home/atef/.local/lib/python3.9/site-packages/airflow/example_dags/example_complex.py took 0.403 seconds
[2025-06-25T01:39:44.361+0200] {processor.py:157} INFO - Started process (PID=183734) to work on /home/atef/.local/lib/python3.9/site-packages/airflow/example_dags/example_complex.py
[2025-06-25T01:39:44.367+0200] {processor.py:826} INFO - Processing file /home/atef/.local/lib/python3.9/site-packages/airflow/example_dags/example_complex.py for tasks to queue
[2025-06-25T01:39:44.370+0200] {logging_mixin.py:149} INFO - [2025-06-25T01:39:44.369+0200] {dagbag.py:541} INFO - Filling up the DagBag from /home/atef/.local/lib/python3.9/site-packages/airflow/example_dags/example_complex.py
[2025-06-25T01:39:44.446+0200] {logging_mixin.py:149} INFO - [2025-06-25T01:39:44.445+0200] {taskmixin.py:211} WARNING - Dependency <Task(BashOperator): create_entry_group>, delete_entry_group already registered for DAG: example_complex
[2025-06-25T01:39:44.450+0200] {logging_mixin.py:149} INFO - [2025-06-25T01:39:44.450+0200] {taskmixin.py:211} WARNING - Dependency <Task(BashOperator): delete_entry_group>, create_entry_group already registered for DAG: example_complex
[2025-06-25T01:39:44.454+0200] {logging_mixin.py:149} INFO - [2025-06-25T01:39:44.454+0200] {taskmixin.py:211} WARNING - Dependency <Task(BashOperator): create_entry_gcs>, delete_entry already registered for DAG: example_complex
[2025-06-25T01:39:44.455+0200] {logging_mixin.py:149} INFO - [2025-06-25T01:39:44.455+0200] {taskmixin.py:211} WARNING - Dependency <Task(BashOperator): delete_entry>, create_entry_gcs already registered for DAG: example_complex
[2025-06-25T01:39:44.457+0200] {logging_mixin.py:149} INFO - [2025-06-25T01:39:44.456+0200] {taskmixin.py:211} WARNING - Dependency <Task(BashOperator): create_tag>, delete_tag already registered for DAG: example_complex
[2025-06-25T01:39:44.458+0200] {logging_mixin.py:149} INFO - [2025-06-25T01:39:44.457+0200] {taskmixin.py:211} WARNING - Dependency <Task(BashOperator): delete_tag>, create_tag already registered for DAG: example_complex
[2025-06-25T01:39:44.461+0200] {processor.py:836} INFO - DAG(s) dict_keys(['example_complex']) retrieved from /home/atef/.local/lib/python3.9/site-packages/airflow/example_dags/example_complex.py
[2025-06-25T01:39:44.622+0200] {logging_mixin.py:149} INFO - [2025-06-25T01:39:44.621+0200] {dag.py:2726} INFO - Sync 1 DAGs
[2025-06-25T01:39:44.776+0200] {logging_mixin.py:149} INFO - [2025-06-25T01:39:44.776+0200] {dag.py:3486} INFO - Setting next_dagrun for example_complex to None, run_after=None
[2025-06-25T01:39:44.877+0200] {processor.py:179} INFO - Processing /home/atef/.local/lib/python3.9/site-packages/airflow/example_dags/example_complex.py took 0.534 seconds
[2025-06-25T01:46:09.087+0200] {processor.py:157} INFO - Started process (PID=187598) to work on /home/atef/.local/lib/python3.9/site-packages/airflow/example_dags/example_complex.py
[2025-06-25T01:46:09.091+0200] {processor.py:826} INFO - Processing file /home/atef/.local/lib/python3.9/site-packages/airflow/example_dags/example_complex.py for tasks to queue
[2025-06-25T01:46:09.093+0200] {logging_mixin.py:149} INFO - [2025-06-25T01:46:09.093+0200] {dagbag.py:541} INFO - Filling up the DagBag from /home/atef/.local/lib/python3.9/site-packages/airflow/example_dags/example_complex.py
[2025-06-25T01:46:09.116+0200] {logging_mixin.py:149} INFO - [2025-06-25T01:46:09.115+0200] {taskmixin.py:211} WARNING - Dependency <Task(BashOperator): create_entry_group>, delete_entry_group already registered for DAG: example_complex
[2025-06-25T01:46:09.116+0200] {logging_mixin.py:149} INFO - [2025-06-25T01:46:09.116+0200] {taskmixin.py:211} WARNING - Dependency <Task(BashOperator): delete_entry_group>, create_entry_group already registered for DAG: example_complex
[2025-06-25T01:46:09.117+0200] {logging_mixin.py:149} INFO - [2025-06-25T01:46:09.117+0200] {taskmixin.py:211} WARNING - Dependency <Task(BashOperator): create_entry_gcs>, delete_entry already registered for DAG: example_complex
[2025-06-25T01:46:09.117+0200] {logging_mixin.py:149} INFO - [2025-06-25T01:46:09.117+0200] {taskmixin.py:211} WARNING - Dependency <Task(BashOperator): delete_entry>, create_entry_gcs already registered for DAG: example_complex
[2025-06-25T01:46:09.118+0200] {logging_mixin.py:149} INFO - [2025-06-25T01:46:09.118+0200] {taskmixin.py:211} WARNING - Dependency <Task(BashOperator): create_tag>, delete_tag already registered for DAG: example_complex
[2025-06-25T01:46:09.118+0200] {logging_mixin.py:149} INFO - [2025-06-25T01:46:09.118+0200] {taskmixin.py:211} WARNING - Dependency <Task(BashOperator): delete_tag>, create_tag already registered for DAG: example_complex
[2025-06-25T01:46:09.121+0200] {processor.py:836} INFO - DAG(s) dict_keys(['example_complex']) retrieved from /home/atef/.local/lib/python3.9/site-packages/airflow/example_dags/example_complex.py
[2025-06-25T01:46:09.194+0200] {logging_mixin.py:149} INFO - [2025-06-25T01:46:09.193+0200] {dag.py:2726} INFO - Sync 1 DAGs
[2025-06-25T01:46:09.236+0200] {logging_mixin.py:149} INFO - [2025-06-25T01:46:09.236+0200] {dag.py:3486} INFO - Setting next_dagrun for example_complex to None, run_after=None
[2025-06-25T01:46:09.281+0200] {processor.py:179} INFO - Processing /home/atef/.local/lib/python3.9/site-packages/airflow/example_dags/example_complex.py took 0.207 seconds
[2025-06-25T01:47:34.333+0200] {processor.py:157} INFO - Started process (PID=188310) to work on /home/atef/.local/lib/python3.9/site-packages/airflow/example_dags/example_complex.py
[2025-06-25T01:47:34.341+0200] {processor.py:826} INFO - Processing file /home/atef/.local/lib/python3.9/site-packages/airflow/example_dags/example_complex.py for tasks to queue
[2025-06-25T01:47:34.345+0200] {logging_mixin.py:149} INFO - [2025-06-25T01:47:34.344+0200] {dagbag.py:541} INFO - Filling up the DagBag from /home/atef/.local/lib/python3.9/site-packages/airflow/example_dags/example_complex.py
[2025-06-25T01:47:34.384+0200] {logging_mixin.py:149} INFO - [2025-06-25T01:47:34.383+0200] {taskmixin.py:211} WARNING - Dependency <Task(BashOperator): create_entry_group>, delete_entry_group already registered for DAG: example_complex
[2025-06-25T01:47:34.385+0200] {logging_mixin.py:149} INFO - [2025-06-25T01:47:34.385+0200] {taskmixin.py:211} WARNING - Dependency <Task(BashOperator): delete_entry_group>, create_entry_group already registered for DAG: example_complex
[2025-06-25T01:47:34.386+0200] {logging_mixin.py:149} INFO - [2025-06-25T01:47:34.386+0200] {taskmixin.py:211} WARNING - Dependency <Task(BashOperator): create_entry_gcs>, delete_entry already registered for DAG: example_complex
[2025-06-25T01:47:34.387+0200] {logging_mixin.py:149} INFO - [2025-06-25T01:47:34.387+0200] {taskmixin.py:211} WARNING - Dependency <Task(BashOperator): delete_entry>, create_entry_gcs already registered for DAG: example_complex
[2025-06-25T01:47:34.389+0200] {logging_mixin.py:149} INFO - [2025-06-25T01:47:34.389+0200] {taskmixin.py:211} WARNING - Dependency <Task(BashOperator): create_tag>, delete_tag already registered for DAG: example_complex
[2025-06-25T01:47:34.390+0200] {logging_mixin.py:149} INFO - [2025-06-25T01:47:34.390+0200] {taskmixin.py:211} WARNING - Dependency <Task(BashOperator): delete_tag>, create_tag already registered for DAG: example_complex
[2025-06-25T01:47:34.396+0200] {processor.py:836} INFO - DAG(s) dict_keys(['example_complex']) retrieved from /home/atef/.local/lib/python3.9/site-packages/airflow/example_dags/example_complex.py
[2025-06-25T01:47:34.582+0200] {logging_mixin.py:149} INFO - [2025-06-25T01:47:34.581+0200] {dag.py:2726} INFO - Sync 1 DAGs
[2025-06-25T01:47:34.674+0200] {logging_mixin.py:149} INFO - [2025-06-25T01:47:34.673+0200] {dag.py:3486} INFO - Setting next_dagrun for example_complex to None, run_after=None
[2025-06-25T01:47:34.951+0200] {processor.py:179} INFO - Processing /home/atef/.local/lib/python3.9/site-packages/airflow/example_dags/example_complex.py took 0.639 seconds
[2025-06-25T01:49:43.821+0200] {processor.py:157} INFO - Started process (PID=189205) to work on /home/atef/.local/lib/python3.9/site-packages/airflow/example_dags/example_complex.py
[2025-06-25T01:49:43.826+0200] {processor.py:826} INFO - Processing file /home/atef/.local/lib/python3.9/site-packages/airflow/example_dags/example_complex.py for tasks to queue
[2025-06-25T01:49:43.833+0200] {logging_mixin.py:149} INFO - [2025-06-25T01:49:43.832+0200] {dagbag.py:541} INFO - Filling up the DagBag from /home/atef/.local/lib/python3.9/site-packages/airflow/example_dags/example_complex.py
[2025-06-25T01:49:43.893+0200] {logging_mixin.py:149} INFO - [2025-06-25T01:49:43.890+0200] {taskmixin.py:211} WARNING - Dependency <Task(BashOperator): create_entry_group>, delete_entry_group already registered for DAG: example_complex
[2025-06-25T01:49:43.896+0200] {logging_mixin.py:149} INFO - [2025-06-25T01:49:43.895+0200] {taskmixin.py:211} WARNING - Dependency <Task(BashOperator): delete_entry_group>, create_entry_group already registered for DAG: example_complex
[2025-06-25T01:49:43.896+0200] {logging_mixin.py:149} INFO - [2025-06-25T01:49:43.896+0200] {taskmixin.py:211} WARNING - Dependency <Task(BashOperator): create_entry_gcs>, delete_entry already registered for DAG: example_complex
[2025-06-25T01:49:43.897+0200] {logging_mixin.py:149} INFO - [2025-06-25T01:49:43.897+0200] {taskmixin.py:211} WARNING - Dependency <Task(BashOperator): delete_entry>, create_entry_gcs already registered for DAG: example_complex
[2025-06-25T01:49:43.899+0200] {logging_mixin.py:149} INFO - [2025-06-25T01:49:43.898+0200] {taskmixin.py:211} WARNING - Dependency <Task(BashOperator): create_tag>, delete_tag already registered for DAG: example_complex
[2025-06-25T01:49:43.900+0200] {logging_mixin.py:149} INFO - [2025-06-25T01:49:43.900+0200] {taskmixin.py:211} WARNING - Dependency <Task(BashOperator): delete_tag>, create_tag already registered for DAG: example_complex
[2025-06-25T01:49:43.915+0200] {processor.py:836} INFO - DAG(s) dict_keys(['example_complex']) retrieved from /home/atef/.local/lib/python3.9/site-packages/airflow/example_dags/example_complex.py
[2025-06-25T01:49:44.087+0200] {logging_mixin.py:149} INFO - [2025-06-25T01:49:44.087+0200] {dag.py:2726} INFO - Sync 1 DAGs
[2025-06-25T01:49:44.123+0200] {logging_mixin.py:149} INFO - [2025-06-25T01:49:44.122+0200] {dag.py:3486} INFO - Setting next_dagrun for example_complex to None, run_after=None
[2025-06-25T01:49:44.159+0200] {processor.py:179} INFO - Processing /home/atef/.local/lib/python3.9/site-packages/airflow/example_dags/example_complex.py took 0.353 seconds
[2025-06-25T01:51:14.043+0200] {processor.py:157} INFO - Started process (PID=189682) to work on /home/atef/.local/lib/python3.9/site-packages/airflow/example_dags/example_complex.py
[2025-06-25T01:51:14.049+0200] {processor.py:826} INFO - Processing file /home/atef/.local/lib/python3.9/site-packages/airflow/example_dags/example_complex.py for tasks to queue
[2025-06-25T01:51:14.057+0200] {logging_mixin.py:149} INFO - [2025-06-25T01:51:14.057+0200] {dagbag.py:541} INFO - Filling up the DagBag from /home/atef/.local/lib/python3.9/site-packages/airflow/example_dags/example_complex.py
[2025-06-25T01:51:14.112+0200] {logging_mixin.py:149} INFO - [2025-06-25T01:51:14.110+0200] {taskmixin.py:211} WARNING - Dependency <Task(BashOperator): create_entry_group>, delete_entry_group already registered for DAG: example_complex
[2025-06-25T01:51:14.113+0200] {logging_mixin.py:149} INFO - [2025-06-25T01:51:14.113+0200] {taskmixin.py:211} WARNING - Dependency <Task(BashOperator): delete_entry_group>, create_entry_group already registered for DAG: example_complex
[2025-06-25T01:51:14.116+0200] {logging_mixin.py:149} INFO - [2025-06-25T01:51:14.115+0200] {taskmixin.py:211} WARNING - Dependency <Task(BashOperator): create_entry_gcs>, delete_entry already registered for DAG: example_complex
[2025-06-25T01:51:14.118+0200] {logging_mixin.py:149} INFO - [2025-06-25T01:51:14.118+0200] {taskmixin.py:211} WARNING - Dependency <Task(BashOperator): delete_entry>, create_entry_gcs already registered for DAG: example_complex
[2025-06-25T01:51:14.119+0200] {logging_mixin.py:149} INFO - [2025-06-25T01:51:14.119+0200] {taskmixin.py:211} WARNING - Dependency <Task(BashOperator): create_tag>, delete_tag already registered for DAG: example_complex
[2025-06-25T01:51:14.124+0200] {logging_mixin.py:149} INFO - [2025-06-25T01:51:14.122+0200] {taskmixin.py:211} WARNING - Dependency <Task(BashOperator): delete_tag>, create_tag already registered for DAG: example_complex
[2025-06-25T01:51:14.128+0200] {processor.py:836} INFO - DAG(s) dict_keys(['example_complex']) retrieved from /home/atef/.local/lib/python3.9/site-packages/airflow/example_dags/example_complex.py
[2025-06-25T01:51:14.402+0200] {logging_mixin.py:149} INFO - [2025-06-25T01:51:14.401+0200] {dag.py:2726} INFO - Sync 1 DAGs
[2025-06-25T01:51:14.524+0200] {logging_mixin.py:149} INFO - [2025-06-25T01:51:14.523+0200] {dag.py:3486} INFO - Setting next_dagrun for example_complex to None, run_after=None
[2025-06-25T01:51:14.694+0200] {processor.py:179} INFO - Processing /home/atef/.local/lib/python3.9/site-packages/airflow/example_dags/example_complex.py took 0.671 seconds
[2025-06-25T01:53:38.452+0200] {processor.py:157} INFO - Started process (PID=190207) to work on /home/atef/.local/lib/python3.9/site-packages/airflow/example_dags/example_complex.py
[2025-06-25T01:53:38.474+0200] {processor.py:826} INFO - Processing file /home/atef/.local/lib/python3.9/site-packages/airflow/example_dags/example_complex.py for tasks to queue
[2025-06-25T01:53:38.487+0200] {logging_mixin.py:149} INFO - [2025-06-25T01:53:38.480+0200] {dagbag.py:541} INFO - Filling up the DagBag from /home/atef/.local/lib/python3.9/site-packages/airflow/example_dags/example_complex.py
[2025-06-25T01:53:38.670+0200] {logging_mixin.py:149} INFO - [2025-06-25T01:53:38.667+0200] {taskmixin.py:211} WARNING - Dependency <Task(BashOperator): create_entry_group>, delete_entry_group already registered for DAG: example_complex
[2025-06-25T01:53:38.674+0200] {logging_mixin.py:149} INFO - [2025-06-25T01:53:38.674+0200] {taskmixin.py:211} WARNING - Dependency <Task(BashOperator): delete_entry_group>, create_entry_group already registered for DAG: example_complex
[2025-06-25T01:53:38.678+0200] {logging_mixin.py:149} INFO - [2025-06-25T01:53:38.678+0200] {taskmixin.py:211} WARNING - Dependency <Task(BashOperator): create_entry_gcs>, delete_entry already registered for DAG: example_complex
[2025-06-25T01:53:38.688+0200] {logging_mixin.py:149} INFO - [2025-06-25T01:53:38.684+0200] {taskmixin.py:211} WARNING - Dependency <Task(BashOperator): delete_entry>, create_entry_gcs already registered for DAG: example_complex
[2025-06-25T01:53:38.700+0200] {logging_mixin.py:149} INFO - [2025-06-25T01:53:38.693+0200] {taskmixin.py:211} WARNING - Dependency <Task(BashOperator): create_tag>, delete_tag already registered for DAG: example_complex
[2025-06-25T01:53:38.704+0200] {logging_mixin.py:149} INFO - [2025-06-25T01:53:38.704+0200] {taskmixin.py:211} WARNING - Dependency <Task(BashOperator): delete_tag>, create_tag already registered for DAG: example_complex
[2025-06-25T01:53:38.723+0200] {processor.py:836} INFO - DAG(s) dict_keys(['example_complex']) retrieved from /home/atef/.local/lib/python3.9/site-packages/airflow/example_dags/example_complex.py
[2025-06-25T01:53:39.191+0200] {logging_mixin.py:149} INFO - [2025-06-25T01:53:39.188+0200] {dag.py:2726} INFO - Sync 1 DAGs
[2025-06-25T01:53:39.427+0200] {logging_mixin.py:149} INFO - [2025-06-25T01:53:39.426+0200] {dag.py:3486} INFO - Setting next_dagrun for example_complex to None, run_after=None
[2025-06-25T01:53:39.750+0200] {processor.py:179} INFO - Processing /home/atef/.local/lib/python3.9/site-packages/airflow/example_dags/example_complex.py took 1.418 seconds
[2025-06-25T01:56:02.290+0200] {processor.py:157} INFO - Started process (PID=191076) to work on /home/atef/.local/lib/python3.9/site-packages/airflow/example_dags/example_complex.py
[2025-06-25T01:56:02.296+0200] {processor.py:826} INFO - Processing file /home/atef/.local/lib/python3.9/site-packages/airflow/example_dags/example_complex.py for tasks to queue
[2025-06-25T01:56:02.298+0200] {logging_mixin.py:149} INFO - [2025-06-25T01:56:02.298+0200] {dagbag.py:541} INFO - Filling up the DagBag from /home/atef/.local/lib/python3.9/site-packages/airflow/example_dags/example_complex.py
[2025-06-25T01:56:02.329+0200] {logging_mixin.py:149} INFO - [2025-06-25T01:56:02.329+0200] {taskmixin.py:211} WARNING - Dependency <Task(BashOperator): create_entry_group>, delete_entry_group already registered for DAG: example_complex
[2025-06-25T01:56:02.330+0200] {logging_mixin.py:149} INFO - [2025-06-25T01:56:02.330+0200] {taskmixin.py:211} WARNING - Dependency <Task(BashOperator): delete_entry_group>, create_entry_group already registered for DAG: example_complex
[2025-06-25T01:56:02.331+0200] {logging_mixin.py:149} INFO - [2025-06-25T01:56:02.331+0200] {taskmixin.py:211} WARNING - Dependency <Task(BashOperator): create_entry_gcs>, delete_entry already registered for DAG: example_complex
[2025-06-25T01:56:02.332+0200] {logging_mixin.py:149} INFO - [2025-06-25T01:56:02.331+0200] {taskmixin.py:211} WARNING - Dependency <Task(BashOperator): delete_entry>, create_entry_gcs already registered for DAG: example_complex
[2025-06-25T01:56:02.333+0200] {logging_mixin.py:149} INFO - [2025-06-25T01:56:02.332+0200] {taskmixin.py:211} WARNING - Dependency <Task(BashOperator): create_tag>, delete_tag already registered for DAG: example_complex
[2025-06-25T01:56:02.333+0200] {logging_mixin.py:149} INFO - [2025-06-25T01:56:02.333+0200] {taskmixin.py:211} WARNING - Dependency <Task(BashOperator): delete_tag>, create_tag already registered for DAG: example_complex
[2025-06-25T01:56:02.336+0200] {processor.py:836} INFO - DAG(s) dict_keys(['example_complex']) retrieved from /home/atef/.local/lib/python3.9/site-packages/airflow/example_dags/example_complex.py
[2025-06-25T01:56:02.429+0200] {logging_mixin.py:149} INFO - [2025-06-25T01:56:02.428+0200] {dag.py:2726} INFO - Sync 1 DAGs
[2025-06-25T01:56:02.489+0200] {logging_mixin.py:149} INFO - [2025-06-25T01:56:02.489+0200] {dag.py:3486} INFO - Setting next_dagrun for example_complex to None, run_after=None
[2025-06-25T01:56:02.562+0200] {processor.py:179} INFO - Processing /home/atef/.local/lib/python3.9/site-packages/airflow/example_dags/example_complex.py took 0.289 seconds
[2025-06-25T01:57:19.671+0200] {processor.py:157} INFO - Started process (PID=191423) to work on /home/atef/.local/lib/python3.9/site-packages/airflow/example_dags/example_complex.py
[2025-06-25T01:57:19.678+0200] {processor.py:826} INFO - Processing file /home/atef/.local/lib/python3.9/site-packages/airflow/example_dags/example_complex.py for tasks to queue
[2025-06-25T01:57:19.681+0200] {logging_mixin.py:149} INFO - [2025-06-25T01:57:19.681+0200] {dagbag.py:541} INFO - Filling up the DagBag from /home/atef/.local/lib/python3.9/site-packages/airflow/example_dags/example_complex.py
[2025-06-25T01:57:19.731+0200] {logging_mixin.py:149} INFO - [2025-06-25T01:57:19.728+0200] {taskmixin.py:211} WARNING - Dependency <Task(BashOperator): create_entry_group>, delete_entry_group already registered for DAG: example_complex
[2025-06-25T01:57:19.732+0200] {logging_mixin.py:149} INFO - [2025-06-25T01:57:19.732+0200] {taskmixin.py:211} WARNING - Dependency <Task(BashOperator): delete_entry_group>, create_entry_group already registered for DAG: example_complex
[2025-06-25T01:57:19.733+0200] {logging_mixin.py:149} INFO - [2025-06-25T01:57:19.733+0200] {taskmixin.py:211} WARNING - Dependency <Task(BashOperator): create_entry_gcs>, delete_entry already registered for DAG: example_complex
[2025-06-25T01:57:19.734+0200] {logging_mixin.py:149} INFO - [2025-06-25T01:57:19.734+0200] {taskmixin.py:211} WARNING - Dependency <Task(BashOperator): delete_entry>, create_entry_gcs already registered for DAG: example_complex
[2025-06-25T01:57:19.736+0200] {logging_mixin.py:149} INFO - [2025-06-25T01:57:19.735+0200] {taskmixin.py:211} WARNING - Dependency <Task(BashOperator): create_tag>, delete_tag already registered for DAG: example_complex
[2025-06-25T01:57:19.737+0200] {logging_mixin.py:149} INFO - [2025-06-25T01:57:19.737+0200] {taskmixin.py:211} WARNING - Dependency <Task(BashOperator): delete_tag>, create_tag already registered for DAG: example_complex
[2025-06-25T01:57:19.739+0200] {processor.py:836} INFO - DAG(s) dict_keys(['example_complex']) retrieved from /home/atef/.local/lib/python3.9/site-packages/airflow/example_dags/example_complex.py
[2025-06-25T01:57:19.982+0200] {logging_mixin.py:149} INFO - [2025-06-25T01:57:19.980+0200] {dag.py:2726} INFO - Sync 1 DAGs
[2025-06-25T01:57:20.089+0200] {logging_mixin.py:149} INFO - [2025-06-25T01:57:20.089+0200] {dag.py:3486} INFO - Setting next_dagrun for example_complex to None, run_after=None
[2025-06-25T01:57:20.189+0200] {processor.py:179} INFO - Processing /home/atef/.local/lib/python3.9/site-packages/airflow/example_dags/example_complex.py took 0.548 seconds
