[2025-06-24T23:15:47.787+0200] {processor.py:157} INFO - Started process (PID=155082) to work on /home/atef/.local/lib/python3.9/site-packages/airflow/example_dags/example_datasets.py
[2025-06-24T23:15:47.791+0200] {processor.py:826} INFO - Processing file /home/atef/.local/lib/python3.9/site-packages/airflow/example_dags/example_datasets.py for tasks to queue
[2025-06-24T23:15:47.794+0200] {logging_mixin.py:149} INFO - [2025-06-24T23:15:47.794+0200] {dagbag.py:541} INFO - Filling up the DagBag from /home/atef/.local/lib/python3.9/site-packages/airflow/example_dags/example_datasets.py
[2025-06-24T23:15:47.824+0200] {processor.py:836} INFO - DAG(s) dict_keys(['dataset_consumes_1_and_2', 'dataset_consumes_unknown_never_scheduled', 'dataset_produces_1', 'dataset_consumes_1', 'dataset_produces_2', 'dataset_consumes_1_never_scheduled']) retrieved from /home/atef/.local/lib/python3.9/site-packages/airflow/example_dags/example_datasets.py
[2025-06-24T23:15:48.119+0200] {logging_mixin.py:149} INFO - [2025-06-24T23:15:48.118+0200] {dag.py:2726} INFO - Sync 6 DAGs
[2025-06-24T23:15:48.157+0200] {logging_mixin.py:149} INFO - [2025-06-24T23:15:48.156+0200] {dag.py:3486} INFO - Setting next_dagrun for dataset_consumes_1 to None, run_after=None
[2025-06-24T23:15:48.161+0200] {logging_mixin.py:149} INFO - [2025-06-24T23:15:48.161+0200] {dag.py:3486} INFO - Setting next_dagrun for dataset_consumes_1_and_2 to None, run_after=None
[2025-06-24T23:15:48.163+0200] {logging_mixin.py:149} INFO - [2025-06-24T23:15:48.163+0200] {dag.py:3486} INFO - Setting next_dagrun for dataset_consumes_1_never_scheduled to None, run_after=None
[2025-06-24T23:15:48.165+0200] {logging_mixin.py:149} INFO - [2025-06-24T23:15:48.165+0200] {dag.py:3486} INFO - Setting next_dagrun for dataset_consumes_unknown_never_scheduled to None, run_after=None
[2025-06-24T23:15:48.169+0200] {logging_mixin.py:149} INFO - [2025-06-24T23:15:48.169+0200] {dag.py:3486} INFO - Setting next_dagrun for dataset_produces_1 to 2025-06-23T00:00:00+00:00, run_after=2025-06-24T00:00:00+00:00
[2025-06-24T23:15:48.171+0200] {logging_mixin.py:149} INFO - [2025-06-24T23:15:48.170+0200] {dag.py:3486} INFO - Setting next_dagrun for dataset_produces_2 to None, run_after=None
[2025-06-24T23:15:48.256+0200] {processor.py:179} INFO - Processing /home/atef/.local/lib/python3.9/site-packages/airflow/example_dags/example_datasets.py took 0.483 seconds
[2025-06-24T23:16:58.314+0200] {processor.py:157} INFO - Started process (PID=155225) to work on /home/atef/.local/lib/python3.9/site-packages/airflow/example_dags/example_datasets.py
[2025-06-24T23:16:58.318+0200] {processor.py:826} INFO - Processing file /home/atef/.local/lib/python3.9/site-packages/airflow/example_dags/example_datasets.py for tasks to queue
[2025-06-24T23:16:58.320+0200] {logging_mixin.py:149} INFO - [2025-06-24T23:16:58.320+0200] {dagbag.py:541} INFO - Filling up the DagBag from /home/atef/.local/lib/python3.9/site-packages/airflow/example_dags/example_datasets.py
[2025-06-24T23:16:58.357+0200] {processor.py:836} INFO - DAG(s) dict_keys(['dataset_produces_1', 'dataset_produces_2', 'dataset_consumes_1_and_2', 'dataset_consumes_1_never_scheduled', 'dataset_consumes_1', 'dataset_consumes_unknown_never_scheduled']) retrieved from /home/atef/.local/lib/python3.9/site-packages/airflow/example_dags/example_datasets.py
[2025-06-24T23:16:58.516+0200] {logging_mixin.py:149} INFO - [2025-06-24T23:16:58.516+0200] {dag.py:2726} INFO - Sync 6 DAGs
[2025-06-24T23:16:58.596+0200] {logging_mixin.py:149} INFO - [2025-06-24T23:16:58.596+0200] {dag.py:3486} INFO - Setting next_dagrun for dataset_consumes_1 to None, run_after=None
[2025-06-24T23:16:58.604+0200] {logging_mixin.py:149} INFO - [2025-06-24T23:16:58.604+0200] {dag.py:3486} INFO - Setting next_dagrun for dataset_consumes_1_and_2 to None, run_after=None
[2025-06-24T23:16:58.607+0200] {logging_mixin.py:149} INFO - [2025-06-24T23:16:58.607+0200] {dag.py:3486} INFO - Setting next_dagrun for dataset_consumes_1_never_scheduled to None, run_after=None
[2025-06-24T23:16:58.610+0200] {logging_mixin.py:149} INFO - [2025-06-24T23:16:58.610+0200] {dag.py:3486} INFO - Setting next_dagrun for dataset_consumes_unknown_never_scheduled to None, run_after=None
[2025-06-24T23:16:58.619+0200] {logging_mixin.py:149} INFO - [2025-06-24T23:16:58.619+0200] {dag.py:3486} INFO - Setting next_dagrun for dataset_produces_1 to 2025-06-23T00:00:00+00:00, run_after=2025-06-24T00:00:00+00:00
[2025-06-24T23:16:58.623+0200] {logging_mixin.py:149} INFO - [2025-06-24T23:16:58.623+0200] {dag.py:3486} INFO - Setting next_dagrun for dataset_produces_2 to None, run_after=None
[2025-06-24T23:16:58.739+0200] {processor.py:179} INFO - Processing /home/atef/.local/lib/python3.9/site-packages/airflow/example_dags/example_datasets.py took 0.441 seconds
[2025-06-24T23:18:47.195+0200] {processor.py:157} INFO - Started process (PID=155691) to work on /home/atef/.local/lib/python3.9/site-packages/airflow/example_dags/example_datasets.py
[2025-06-24T23:18:47.200+0200] {processor.py:826} INFO - Processing file /home/atef/.local/lib/python3.9/site-packages/airflow/example_dags/example_datasets.py for tasks to queue
[2025-06-24T23:18:47.202+0200] {logging_mixin.py:149} INFO - [2025-06-24T23:18:47.202+0200] {dagbag.py:541} INFO - Filling up the DagBag from /home/atef/.local/lib/python3.9/site-packages/airflow/example_dags/example_datasets.py
[2025-06-24T23:18:47.240+0200] {processor.py:836} INFO - DAG(s) dict_keys(['dataset_consumes_1_never_scheduled', 'dataset_consumes_1', 'dataset_produces_1', 'dataset_consumes_unknown_never_scheduled', 'dataset_consumes_1_and_2', 'dataset_produces_2']) retrieved from /home/atef/.local/lib/python3.9/site-packages/airflow/example_dags/example_datasets.py
[2025-06-24T23:18:47.338+0200] {logging_mixin.py:149} INFO - [2025-06-24T23:18:47.338+0200] {dag.py:2726} INFO - Sync 6 DAGs
[2025-06-24T23:18:47.398+0200] {logging_mixin.py:149} INFO - [2025-06-24T23:18:47.398+0200] {dag.py:3486} INFO - Setting next_dagrun for dataset_consumes_1 to None, run_after=None
[2025-06-24T23:18:47.406+0200] {logging_mixin.py:149} INFO - [2025-06-24T23:18:47.406+0200] {dag.py:3486} INFO - Setting next_dagrun for dataset_consumes_1_and_2 to None, run_after=None
[2025-06-24T23:18:47.411+0200] {logging_mixin.py:149} INFO - [2025-06-24T23:18:47.411+0200] {dag.py:3486} INFO - Setting next_dagrun for dataset_consumes_1_never_scheduled to None, run_after=None
[2025-06-24T23:18:47.414+0200] {logging_mixin.py:149} INFO - [2025-06-24T23:18:47.414+0200] {dag.py:3486} INFO - Setting next_dagrun for dataset_consumes_unknown_never_scheduled to None, run_after=None
[2025-06-24T23:18:47.425+0200] {logging_mixin.py:149} INFO - [2025-06-24T23:18:47.419+0200] {dag.py:3486} INFO - Setting next_dagrun for dataset_produces_1 to 2025-06-23T00:00:00+00:00, run_after=2025-06-24T00:00:00+00:00
[2025-06-24T23:18:47.427+0200] {logging_mixin.py:149} INFO - [2025-06-24T23:18:47.427+0200] {dag.py:3486} INFO - Setting next_dagrun for dataset_produces_2 to None, run_after=None
[2025-06-24T23:18:47.503+0200] {processor.py:179} INFO - Processing /home/atef/.local/lib/python3.9/site-packages/airflow/example_dags/example_datasets.py took 0.321 seconds
[2025-06-25T01:12:06.880+0200] {processor.py:157} INFO - Started process (PID=173316) to work on /home/atef/.local/lib/python3.9/site-packages/airflow/example_dags/example_datasets.py
[2025-06-25T01:12:06.904+0200] {processor.py:826} INFO - Processing file /home/atef/.local/lib/python3.9/site-packages/airflow/example_dags/example_datasets.py for tasks to queue
[2025-06-25T01:12:06.918+0200] {logging_mixin.py:149} INFO - [2025-06-25T01:12:06.917+0200] {dagbag.py:541} INFO - Filling up the DagBag from /home/atef/.local/lib/python3.9/site-packages/airflow/example_dags/example_datasets.py
[2025-06-25T01:12:07.118+0200] {processor.py:836} INFO - DAG(s) dict_keys(['dataset_produces_2', 'dataset_consumes_1_and_2', 'dataset_consumes_unknown_never_scheduled', 'dataset_produces_1', 'dataset_consumes_1_never_scheduled', 'dataset_consumes_1']) retrieved from /home/atef/.local/lib/python3.9/site-packages/airflow/example_dags/example_datasets.py
[2025-06-25T01:12:08.047+0200] {logging_mixin.py:149} INFO - [2025-06-25T01:12:08.047+0200] {dag.py:2726} INFO - Sync 6 DAGs
[2025-06-25T01:12:08.352+0200] {logging_mixin.py:149} INFO - [2025-06-25T01:12:08.350+0200] {dag.py:3486} INFO - Setting next_dagrun for dataset_consumes_1 to None, run_after=None
[2025-06-25T01:12:08.379+0200] {logging_mixin.py:149} INFO - [2025-06-25T01:12:08.379+0200] {dag.py:3486} INFO - Setting next_dagrun for dataset_consumes_1_and_2 to None, run_after=None
[2025-06-25T01:12:08.393+0200] {logging_mixin.py:149} INFO - [2025-06-25T01:12:08.393+0200] {dag.py:3486} INFO - Setting next_dagrun for dataset_consumes_1_never_scheduled to None, run_after=None
[2025-06-25T01:12:08.404+0200] {logging_mixin.py:149} INFO - [2025-06-25T01:12:08.401+0200] {dag.py:3486} INFO - Setting next_dagrun for dataset_consumes_unknown_never_scheduled to None, run_after=None
[2025-06-25T01:12:08.439+0200] {logging_mixin.py:149} INFO - [2025-06-25T01:12:08.439+0200] {dag.py:3486} INFO - Setting next_dagrun for dataset_produces_1 to 2025-06-23T00:00:00+00:00, run_after=2025-06-24T00:00:00+00:00
[2025-06-25T01:12:08.457+0200] {logging_mixin.py:149} INFO - [2025-06-25T01:12:08.457+0200] {dag.py:3486} INFO - Setting next_dagrun for dataset_produces_2 to None, run_after=None
[2025-06-25T01:12:08.848+0200] {processor.py:179} INFO - Processing /home/atef/.local/lib/python3.9/site-packages/airflow/example_dags/example_datasets.py took 2.049 seconds
[2025-06-25T01:18:28.928+0200] {processor.py:157} INFO - Started process (PID=175189) to work on /home/atef/.local/lib/python3.9/site-packages/airflow/example_dags/example_datasets.py
[2025-06-25T01:18:28.944+0200] {processor.py:826} INFO - Processing file /home/atef/.local/lib/python3.9/site-packages/airflow/example_dags/example_datasets.py for tasks to queue
[2025-06-25T01:18:28.956+0200] {logging_mixin.py:149} INFO - [2025-06-25T01:18:28.956+0200] {dagbag.py:541} INFO - Filling up the DagBag from /home/atef/.local/lib/python3.9/site-packages/airflow/example_dags/example_datasets.py
[2025-06-25T01:18:29.073+0200] {processor.py:836} INFO - DAG(s) dict_keys(['dataset_produces_2', 'dataset_consumes_1_never_scheduled', 'dataset_consumes_1', 'dataset_consumes_1_and_2', 'dataset_consumes_unknown_never_scheduled', 'dataset_produces_1']) retrieved from /home/atef/.local/lib/python3.9/site-packages/airflow/example_dags/example_datasets.py
[2025-06-25T01:18:29.585+0200] {logging_mixin.py:149} INFO - [2025-06-25T01:18:29.574+0200] {dag.py:2726} INFO - Sync 6 DAGs
[2025-06-25T01:18:29.931+0200] {logging_mixin.py:149} INFO - [2025-06-25T01:18:29.929+0200] {dag.py:3486} INFO - Setting next_dagrun for dataset_consumes_1 to None, run_after=None
[2025-06-25T01:18:29.972+0200] {logging_mixin.py:149} INFO - [2025-06-25T01:18:29.971+0200] {dag.py:3486} INFO - Setting next_dagrun for dataset_consumes_1_and_2 to None, run_after=None
[2025-06-25T01:18:29.996+0200] {logging_mixin.py:149} INFO - [2025-06-25T01:18:29.994+0200] {dag.py:3486} INFO - Setting next_dagrun for dataset_consumes_1_never_scheduled to None, run_after=None
[2025-06-25T01:18:30.016+0200] {logging_mixin.py:149} INFO - [2025-06-25T01:18:30.014+0200] {dag.py:3486} INFO - Setting next_dagrun for dataset_consumes_unknown_never_scheduled to None, run_after=None
[2025-06-25T01:18:30.072+0200] {logging_mixin.py:149} INFO - [2025-06-25T01:18:30.071+0200] {dag.py:3486} INFO - Setting next_dagrun for dataset_produces_1 to 2025-06-23T00:00:00+00:00, run_after=2025-06-24T00:00:00+00:00
[2025-06-25T01:18:30.091+0200] {logging_mixin.py:149} INFO - [2025-06-25T01:18:30.090+0200] {dag.py:3486} INFO - Setting next_dagrun for dataset_produces_2 to None, run_after=None
[2025-06-25T01:18:30.612+0200] {processor.py:179} INFO - Processing /home/atef/.local/lib/python3.9/site-packages/airflow/example_dags/example_datasets.py took 1.722 seconds
[2025-06-25T01:20:10.700+0200] {processor.py:157} INFO - Started process (PID=175871) to work on /home/atef/.local/lib/python3.9/site-packages/airflow/example_dags/example_datasets.py
[2025-06-25T01:20:10.705+0200] {processor.py:826} INFO - Processing file /home/atef/.local/lib/python3.9/site-packages/airflow/example_dags/example_datasets.py for tasks to queue
[2025-06-25T01:20:10.707+0200] {logging_mixin.py:149} INFO - [2025-06-25T01:20:10.707+0200] {dagbag.py:541} INFO - Filling up the DagBag from /home/atef/.local/lib/python3.9/site-packages/airflow/example_dags/example_datasets.py
[2025-06-25T01:20:10.750+0200] {processor.py:836} INFO - DAG(s) dict_keys(['dataset_consumes_1_and_2', 'dataset_produces_2', 'dataset_consumes_unknown_never_scheduled', 'dataset_produces_1', 'dataset_consumes_1_never_scheduled', 'dataset_consumes_1']) retrieved from /home/atef/.local/lib/python3.9/site-packages/airflow/example_dags/example_datasets.py
[2025-06-25T01:20:10.875+0200] {logging_mixin.py:149} INFO - [2025-06-25T01:20:10.874+0200] {dag.py:2726} INFO - Sync 6 DAGs
[2025-06-25T01:20:10.927+0200] {logging_mixin.py:149} INFO - [2025-06-25T01:20:10.927+0200] {dag.py:3486} INFO - Setting next_dagrun for dataset_consumes_1 to None, run_after=None
[2025-06-25T01:20:10.936+0200] {logging_mixin.py:149} INFO - [2025-06-25T01:20:10.935+0200] {dag.py:3486} INFO - Setting next_dagrun for dataset_consumes_1_and_2 to None, run_after=None
[2025-06-25T01:20:10.937+0200] {logging_mixin.py:149} INFO - [2025-06-25T01:20:10.937+0200] {dag.py:3486} INFO - Setting next_dagrun for dataset_consumes_1_never_scheduled to None, run_after=None
[2025-06-25T01:20:10.938+0200] {logging_mixin.py:149} INFO - [2025-06-25T01:20:10.938+0200] {dag.py:3486} INFO - Setting next_dagrun for dataset_consumes_unknown_never_scheduled to None, run_after=None
[2025-06-25T01:20:10.942+0200] {logging_mixin.py:149} INFO - [2025-06-25T01:20:10.942+0200] {dag.py:3486} INFO - Setting next_dagrun for dataset_produces_1 to 2025-06-23T00:00:00+00:00, run_after=2025-06-24T00:00:00+00:00
[2025-06-25T01:20:10.943+0200] {logging_mixin.py:149} INFO - [2025-06-25T01:20:10.943+0200] {dag.py:3486} INFO - Setting next_dagrun for dataset_produces_2 to None, run_after=None
[2025-06-25T01:20:10.995+0200] {processor.py:179} INFO - Processing /home/atef/.local/lib/python3.9/site-packages/airflow/example_dags/example_datasets.py took 0.310 seconds
[2025-06-25T01:22:04.512+0200] {processor.py:157} INFO - Started process (PID=177044) to work on /home/atef/.local/lib/python3.9/site-packages/airflow/example_dags/example_datasets.py
[2025-06-25T01:22:04.518+0200] {processor.py:826} INFO - Processing file /home/atef/.local/lib/python3.9/site-packages/airflow/example_dags/example_datasets.py for tasks to queue
[2025-06-25T01:22:04.521+0200] {logging_mixin.py:149} INFO - [2025-06-25T01:22:04.520+0200] {dagbag.py:541} INFO - Filling up the DagBag from /home/atef/.local/lib/python3.9/site-packages/airflow/example_dags/example_datasets.py
[2025-06-25T01:22:04.553+0200] {processor.py:836} INFO - DAG(s) dict_keys(['dataset_consumes_1_never_scheduled', 'dataset_consumes_1_and_2', 'dataset_produces_2', 'dataset_consumes_unknown_never_scheduled', 'dataset_consumes_1', 'dataset_produces_1']) retrieved from /home/atef/.local/lib/python3.9/site-packages/airflow/example_dags/example_datasets.py
[2025-06-25T01:22:04.655+0200] {logging_mixin.py:149} INFO - [2025-06-25T01:22:04.655+0200] {dag.py:2726} INFO - Sync 6 DAGs
[2025-06-25T01:22:04.735+0200] {logging_mixin.py:149} INFO - [2025-06-25T01:22:04.734+0200] {dag.py:3486} INFO - Setting next_dagrun for dataset_consumes_1 to None, run_after=None
[2025-06-25T01:22:04.752+0200] {logging_mixin.py:149} INFO - [2025-06-25T01:22:04.751+0200] {dag.py:3486} INFO - Setting next_dagrun for dataset_consumes_1_and_2 to None, run_after=None
[2025-06-25T01:22:04.757+0200] {logging_mixin.py:149} INFO - [2025-06-25T01:22:04.755+0200] {dag.py:3486} INFO - Setting next_dagrun for dataset_consumes_1_never_scheduled to None, run_after=None
[2025-06-25T01:22:04.761+0200] {logging_mixin.py:149} INFO - [2025-06-25T01:22:04.761+0200] {dag.py:3486} INFO - Setting next_dagrun for dataset_consumes_unknown_never_scheduled to None, run_after=None
[2025-06-25T01:22:04.773+0200] {logging_mixin.py:149} INFO - [2025-06-25T01:22:04.772+0200] {dag.py:3486} INFO - Setting next_dagrun for dataset_produces_1 to 2025-06-23T00:00:00+00:00, run_after=2025-06-24T00:00:00+00:00
[2025-06-25T01:22:04.777+0200] {logging_mixin.py:149} INFO - [2025-06-25T01:22:04.777+0200] {dag.py:3486} INFO - Setting next_dagrun for dataset_produces_2 to None, run_after=None
[2025-06-25T01:22:05.015+0200] {processor.py:179} INFO - Processing /home/atef/.local/lib/python3.9/site-packages/airflow/example_dags/example_datasets.py took 0.516 seconds
[2025-06-25T01:23:09.277+0200] {processor.py:157} INFO - Started process (PID=177178) to work on /home/atef/.local/lib/python3.9/site-packages/airflow/example_dags/example_datasets.py
[2025-06-25T01:23:09.285+0200] {processor.py:826} INFO - Processing file /home/atef/.local/lib/python3.9/site-packages/airflow/example_dags/example_datasets.py for tasks to queue
[2025-06-25T01:23:09.288+0200] {logging_mixin.py:149} INFO - [2025-06-25T01:23:09.288+0200] {dagbag.py:541} INFO - Filling up the DagBag from /home/atef/.local/lib/python3.9/site-packages/airflow/example_dags/example_datasets.py
[2025-06-25T01:23:09.333+0200] {processor.py:836} INFO - DAG(s) dict_keys(['dataset_consumes_1', 'dataset_produces_1', 'dataset_produces_2', 'dataset_consumes_1_never_scheduled', 'dataset_consumes_1_and_2', 'dataset_consumes_unknown_never_scheduled']) retrieved from /home/atef/.local/lib/python3.9/site-packages/airflow/example_dags/example_datasets.py
[2025-06-25T01:23:09.510+0200] {logging_mixin.py:149} INFO - [2025-06-25T01:23:09.509+0200] {dag.py:2726} INFO - Sync 6 DAGs
[2025-06-25T01:23:09.613+0200] {logging_mixin.py:149} INFO - [2025-06-25T01:23:09.613+0200] {dag.py:3486} INFO - Setting next_dagrun for dataset_consumes_1 to None, run_after=None
[2025-06-25T01:23:09.624+0200] {logging_mixin.py:149} INFO - [2025-06-25T01:23:09.624+0200] {dag.py:3486} INFO - Setting next_dagrun for dataset_consumes_1_and_2 to None, run_after=None
[2025-06-25T01:23:09.626+0200] {logging_mixin.py:149} INFO - [2025-06-25T01:23:09.626+0200] {dag.py:3486} INFO - Setting next_dagrun for dataset_consumes_1_never_scheduled to None, run_after=None
[2025-06-25T01:23:09.629+0200] {logging_mixin.py:149} INFO - [2025-06-25T01:23:09.629+0200] {dag.py:3486} INFO - Setting next_dagrun for dataset_consumes_unknown_never_scheduled to None, run_after=None
[2025-06-25T01:23:09.653+0200] {logging_mixin.py:149} INFO - [2025-06-25T01:23:09.652+0200] {dag.py:3486} INFO - Setting next_dagrun for dataset_produces_1 to 2025-06-23T00:00:00+00:00, run_after=2025-06-24T00:00:00+00:00
[2025-06-25T01:23:09.658+0200] {logging_mixin.py:149} INFO - [2025-06-25T01:23:09.658+0200] {dag.py:3486} INFO - Setting next_dagrun for dataset_produces_2 to None, run_after=None
[2025-06-25T01:23:09.895+0200] {processor.py:179} INFO - Processing /home/atef/.local/lib/python3.9/site-packages/airflow/example_dags/example_datasets.py took 0.641 seconds
[2025-06-25T01:25:14.682+0200] {processor.py:157} INFO - Started process (PID=178300) to work on /home/atef/.local/lib/python3.9/site-packages/airflow/example_dags/example_datasets.py
[2025-06-25T01:25:14.701+0200] {processor.py:826} INFO - Processing file /home/atef/.local/lib/python3.9/site-packages/airflow/example_dags/example_datasets.py for tasks to queue
[2025-06-25T01:25:14.709+0200] {logging_mixin.py:149} INFO - [2025-06-25T01:25:14.708+0200] {dagbag.py:541} INFO - Filling up the DagBag from /home/atef/.local/lib/python3.9/site-packages/airflow/example_dags/example_datasets.py
[2025-06-25T01:25:14.873+0200] {processor.py:836} INFO - DAG(s) dict_keys(['dataset_consumes_1_and_2', 'dataset_consumes_unknown_never_scheduled', 'dataset_consumes_1', 'dataset_produces_2', 'dataset_consumes_1_never_scheduled', 'dataset_produces_1']) retrieved from /home/atef/.local/lib/python3.9/site-packages/airflow/example_dags/example_datasets.py
[2025-06-25T01:25:15.390+0200] {logging_mixin.py:149} INFO - [2025-06-25T01:25:15.389+0200] {dag.py:2726} INFO - Sync 6 DAGs
[2025-06-25T01:25:15.554+0200] {logging_mixin.py:149} INFO - [2025-06-25T01:25:15.553+0200] {dag.py:3486} INFO - Setting next_dagrun for dataset_consumes_1 to None, run_after=None
[2025-06-25T01:25:15.560+0200] {logging_mixin.py:149} INFO - [2025-06-25T01:25:15.560+0200] {dag.py:3486} INFO - Setting next_dagrun for dataset_consumes_1_and_2 to None, run_after=None
[2025-06-25T01:25:15.563+0200] {logging_mixin.py:149} INFO - [2025-06-25T01:25:15.562+0200] {dag.py:3486} INFO - Setting next_dagrun for dataset_consumes_1_never_scheduled to None, run_after=None
[2025-06-25T01:25:15.565+0200] {logging_mixin.py:149} INFO - [2025-06-25T01:25:15.565+0200] {dag.py:3486} INFO - Setting next_dagrun for dataset_consumes_unknown_never_scheduled to None, run_after=None
[2025-06-25T01:25:15.570+0200] {logging_mixin.py:149} INFO - [2025-06-25T01:25:15.570+0200] {dag.py:3486} INFO - Setting next_dagrun for dataset_produces_1 to 2025-06-23T00:00:00+00:00, run_after=2025-06-24T00:00:00+00:00
[2025-06-25T01:25:15.573+0200] {logging_mixin.py:149} INFO - [2025-06-25T01:25:15.573+0200] {dag.py:3486} INFO - Setting next_dagrun for dataset_produces_2 to None, run_after=None
[2025-06-25T01:25:15.657+0200] {processor.py:179} INFO - Processing /home/atef/.local/lib/python3.9/site-packages/airflow/example_dags/example_datasets.py took 1.073 seconds
[2025-06-25T01:26:49.525+0200] {processor.py:157} INFO - Started process (PID=178935) to work on /home/atef/.local/lib/python3.9/site-packages/airflow/example_dags/example_datasets.py
[2025-06-25T01:26:49.548+0200] {processor.py:826} INFO - Processing file /home/atef/.local/lib/python3.9/site-packages/airflow/example_dags/example_datasets.py for tasks to queue
[2025-06-25T01:26:49.557+0200] {logging_mixin.py:149} INFO - [2025-06-25T01:26:49.556+0200] {dagbag.py:541} INFO - Filling up the DagBag from /home/atef/.local/lib/python3.9/site-packages/airflow/example_dags/example_datasets.py
[2025-06-25T01:26:49.806+0200] {processor.py:836} INFO - DAG(s) dict_keys(['dataset_consumes_1_and_2', 'dataset_consumes_unknown_never_scheduled', 'dataset_produces_2', 'dataset_produces_1', 'dataset_consumes_1_never_scheduled', 'dataset_consumes_1']) retrieved from /home/atef/.local/lib/python3.9/site-packages/airflow/example_dags/example_datasets.py
[2025-06-25T01:26:50.638+0200] {logging_mixin.py:149} INFO - [2025-06-25T01:26:50.636+0200] {dag.py:2726} INFO - Sync 6 DAGs
[2025-06-25T01:26:51.197+0200] {logging_mixin.py:149} INFO - [2025-06-25T01:26:51.186+0200] {dag.py:3486} INFO - Setting next_dagrun for dataset_consumes_1 to None, run_after=None
[2025-06-25T01:26:51.332+0200] {logging_mixin.py:149} INFO - [2025-06-25T01:26:51.312+0200] {dag.py:3486} INFO - Setting next_dagrun for dataset_consumes_1_and_2 to None, run_after=None
[2025-06-25T01:26:51.344+0200] {logging_mixin.py:149} INFO - [2025-06-25T01:26:51.341+0200] {dag.py:3486} INFO - Setting next_dagrun for dataset_consumes_1_never_scheduled to None, run_after=None
[2025-06-25T01:26:51.376+0200] {logging_mixin.py:149} INFO - [2025-06-25T01:26:51.375+0200] {dag.py:3486} INFO - Setting next_dagrun for dataset_consumes_unknown_never_scheduled to None, run_after=None
[2025-06-25T01:26:51.412+0200] {logging_mixin.py:149} INFO - [2025-06-25T01:26:51.411+0200] {dag.py:3486} INFO - Setting next_dagrun for dataset_produces_1 to 2025-06-23T00:00:00+00:00, run_after=2025-06-24T00:00:00+00:00
[2025-06-25T01:26:51.431+0200] {logging_mixin.py:149} INFO - [2025-06-25T01:26:51.431+0200] {dag.py:3486} INFO - Setting next_dagrun for dataset_produces_2 to None, run_after=None
[2025-06-25T01:26:51.619+0200] {processor.py:179} INFO - Processing /home/atef/.local/lib/python3.9/site-packages/airflow/example_dags/example_datasets.py took 2.150 seconds
[2025-06-25T01:29:40.969+0200] {processor.py:157} INFO - Started process (PID=180162) to work on /home/atef/.local/lib/python3.9/site-packages/airflow/example_dags/example_datasets.py
[2025-06-25T01:29:40.975+0200] {processor.py:826} INFO - Processing file /home/atef/.local/lib/python3.9/site-packages/airflow/example_dags/example_datasets.py for tasks to queue
[2025-06-25T01:29:40.978+0200] {logging_mixin.py:149} INFO - [2025-06-25T01:29:40.977+0200] {dagbag.py:541} INFO - Filling up the DagBag from /home/atef/.local/lib/python3.9/site-packages/airflow/example_dags/example_datasets.py
[2025-06-25T01:29:41.058+0200] {processor.py:836} INFO - DAG(s) dict_keys(['dataset_consumes_1_and_2', 'dataset_consumes_1', 'dataset_consumes_1_never_scheduled', 'dataset_produces_1', 'dataset_consumes_unknown_never_scheduled', 'dataset_produces_2']) retrieved from /home/atef/.local/lib/python3.9/site-packages/airflow/example_dags/example_datasets.py
[2025-06-25T01:29:41.247+0200] {logging_mixin.py:149} INFO - [2025-06-25T01:29:41.247+0200] {dag.py:2726} INFO - Sync 6 DAGs
[2025-06-25T01:29:41.307+0200] {logging_mixin.py:149} INFO - [2025-06-25T01:29:41.307+0200] {dag.py:3486} INFO - Setting next_dagrun for dataset_consumes_1 to None, run_after=None
[2025-06-25T01:29:41.316+0200] {logging_mixin.py:149} INFO - [2025-06-25T01:29:41.316+0200] {dag.py:3486} INFO - Setting next_dagrun for dataset_consumes_1_and_2 to None, run_after=None
[2025-06-25T01:29:41.318+0200] {logging_mixin.py:149} INFO - [2025-06-25T01:29:41.318+0200] {dag.py:3486} INFO - Setting next_dagrun for dataset_consumes_1_never_scheduled to None, run_after=None
[2025-06-25T01:29:41.345+0200] {logging_mixin.py:149} INFO - [2025-06-25T01:29:41.344+0200] {dag.py:3486} INFO - Setting next_dagrun for dataset_consumes_unknown_never_scheduled to None, run_after=None
[2025-06-25T01:29:41.354+0200] {logging_mixin.py:149} INFO - [2025-06-25T01:29:41.353+0200] {dag.py:3486} INFO - Setting next_dagrun for dataset_produces_1 to 2025-06-23T00:00:00+00:00, run_after=2025-06-24T00:00:00+00:00
[2025-06-25T01:29:41.357+0200] {logging_mixin.py:149} INFO - [2025-06-25T01:29:41.356+0200] {dag.py:3486} INFO - Setting next_dagrun for dataset_produces_2 to None, run_after=None
[2025-06-25T01:29:41.492+0200] {processor.py:179} INFO - Processing /home/atef/.local/lib/python3.9/site-packages/airflow/example_dags/example_datasets.py took 0.547 seconds
[2025-06-25T01:31:29.375+0200] {processor.py:157} INFO - Started process (PID=181166) to work on /home/atef/.local/lib/python3.9/site-packages/airflow/example_dags/example_datasets.py
[2025-06-25T01:31:29.381+0200] {processor.py:826} INFO - Processing file /home/atef/.local/lib/python3.9/site-packages/airflow/example_dags/example_datasets.py for tasks to queue
[2025-06-25T01:31:29.383+0200] {logging_mixin.py:149} INFO - [2025-06-25T01:31:29.383+0200] {dagbag.py:541} INFO - Filling up the DagBag from /home/atef/.local/lib/python3.9/site-packages/airflow/example_dags/example_datasets.py
[2025-06-25T01:31:29.416+0200] {processor.py:836} INFO - DAG(s) dict_keys(['dataset_produces_2', 'dataset_consumes_1_never_scheduled', 'dataset_consumes_1', 'dataset_produces_1', 'dataset_consumes_unknown_never_scheduled', 'dataset_consumes_1_and_2']) retrieved from /home/atef/.local/lib/python3.9/site-packages/airflow/example_dags/example_datasets.py
[2025-06-25T01:31:29.571+0200] {logging_mixin.py:149} INFO - [2025-06-25T01:31:29.571+0200] {dag.py:2726} INFO - Sync 6 DAGs
[2025-06-25T01:31:29.643+0200] {logging_mixin.py:149} INFO - [2025-06-25T01:31:29.642+0200] {dag.py:3486} INFO - Setting next_dagrun for dataset_consumes_1 to None, run_after=None
[2025-06-25T01:31:29.649+0200] {logging_mixin.py:149} INFO - [2025-06-25T01:31:29.649+0200] {dag.py:3486} INFO - Setting next_dagrun for dataset_consumes_1_and_2 to None, run_after=None
[2025-06-25T01:31:29.650+0200] {logging_mixin.py:149} INFO - [2025-06-25T01:31:29.650+0200] {dag.py:3486} INFO - Setting next_dagrun for dataset_consumes_1_never_scheduled to None, run_after=None
[2025-06-25T01:31:29.652+0200] {logging_mixin.py:149} INFO - [2025-06-25T01:31:29.652+0200] {dag.py:3486} INFO - Setting next_dagrun for dataset_consumes_unknown_never_scheduled to None, run_after=None
[2025-06-25T01:31:29.656+0200] {logging_mixin.py:149} INFO - [2025-06-25T01:31:29.656+0200] {dag.py:3486} INFO - Setting next_dagrun for dataset_produces_1 to 2025-06-23T00:00:00+00:00, run_after=2025-06-24T00:00:00+00:00
[2025-06-25T01:31:29.658+0200] {logging_mixin.py:149} INFO - [2025-06-25T01:31:29.658+0200] {dag.py:3486} INFO - Setting next_dagrun for dataset_produces_2 to None, run_after=None
[2025-06-25T01:31:29.735+0200] {processor.py:179} INFO - Processing /home/atef/.local/lib/python3.9/site-packages/airflow/example_dags/example_datasets.py took 0.374 seconds
[2025-06-25T01:32:41.648+0200] {processor.py:157} INFO - Started process (PID=181421) to work on /home/atef/.local/lib/python3.9/site-packages/airflow/example_dags/example_datasets.py
[2025-06-25T01:32:41.653+0200] {processor.py:826} INFO - Processing file /home/atef/.local/lib/python3.9/site-packages/airflow/example_dags/example_datasets.py for tasks to queue
[2025-06-25T01:32:41.655+0200] {logging_mixin.py:149} INFO - [2025-06-25T01:32:41.655+0200] {dagbag.py:541} INFO - Filling up the DagBag from /home/atef/.local/lib/python3.9/site-packages/airflow/example_dags/example_datasets.py
[2025-06-25T01:32:41.690+0200] {processor.py:836} INFO - DAG(s) dict_keys(['dataset_produces_1', 'dataset_consumes_1_never_scheduled', 'dataset_consumes_1_and_2', 'dataset_produces_2', 'dataset_consumes_1', 'dataset_consumes_unknown_never_scheduled']) retrieved from /home/atef/.local/lib/python3.9/site-packages/airflow/example_dags/example_datasets.py
[2025-06-25T01:32:41.789+0200] {logging_mixin.py:149} INFO - [2025-06-25T01:32:41.788+0200] {dag.py:2726} INFO - Sync 6 DAGs
[2025-06-25T01:32:41.849+0200] {logging_mixin.py:149} INFO - [2025-06-25T01:32:41.849+0200] {dag.py:3486} INFO - Setting next_dagrun for dataset_consumes_1 to None, run_after=None
[2025-06-25T01:32:41.855+0200] {logging_mixin.py:149} INFO - [2025-06-25T01:32:41.855+0200] {dag.py:3486} INFO - Setting next_dagrun for dataset_consumes_1_and_2 to None, run_after=None
[2025-06-25T01:32:41.857+0200] {logging_mixin.py:149} INFO - [2025-06-25T01:32:41.857+0200] {dag.py:3486} INFO - Setting next_dagrun for dataset_consumes_1_never_scheduled to None, run_after=None
[2025-06-25T01:32:41.858+0200] {logging_mixin.py:149} INFO - [2025-06-25T01:32:41.858+0200] {dag.py:3486} INFO - Setting next_dagrun for dataset_consumes_unknown_never_scheduled to None, run_after=None
[2025-06-25T01:32:41.862+0200] {logging_mixin.py:149} INFO - [2025-06-25T01:32:41.862+0200] {dag.py:3486} INFO - Setting next_dagrun for dataset_produces_1 to 2025-06-23T00:00:00+00:00, run_after=2025-06-24T00:00:00+00:00
[2025-06-25T01:32:41.864+0200] {logging_mixin.py:149} INFO - [2025-06-25T01:32:41.864+0200] {dag.py:3486} INFO - Setting next_dagrun for dataset_produces_2 to None, run_after=None
[2025-06-25T01:32:41.933+0200] {processor.py:179} INFO - Processing /home/atef/.local/lib/python3.9/site-packages/airflow/example_dags/example_datasets.py took 0.300 seconds
[2025-06-25T01:34:49.696+0200] {processor.py:157} INFO - Started process (PID=182117) to work on /home/atef/.local/lib/python3.9/site-packages/airflow/example_dags/example_datasets.py
[2025-06-25T01:34:49.707+0200] {processor.py:826} INFO - Processing file /home/atef/.local/lib/python3.9/site-packages/airflow/example_dags/example_datasets.py for tasks to queue
[2025-06-25T01:34:49.709+0200] {logging_mixin.py:149} INFO - [2025-06-25T01:34:49.708+0200] {dagbag.py:541} INFO - Filling up the DagBag from /home/atef/.local/lib/python3.9/site-packages/airflow/example_dags/example_datasets.py
[2025-06-25T01:34:49.800+0200] {processor.py:836} INFO - DAG(s) dict_keys(['dataset_consumes_1_and_2', 'dataset_produces_2', 'dataset_consumes_unknown_never_scheduled', 'dataset_consumes_1', 'dataset_produces_1', 'dataset_consumes_1_never_scheduled']) retrieved from /home/atef/.local/lib/python3.9/site-packages/airflow/example_dags/example_datasets.py
[2025-06-25T01:34:50.125+0200] {logging_mixin.py:149} INFO - [2025-06-25T01:34:50.125+0200] {dag.py:2726} INFO - Sync 6 DAGs
[2025-06-25T01:34:50.335+0200] {logging_mixin.py:149} INFO - [2025-06-25T01:34:50.333+0200] {dag.py:3486} INFO - Setting next_dagrun for dataset_consumes_1 to None, run_after=None
[2025-06-25T01:34:50.353+0200] {logging_mixin.py:149} INFO - [2025-06-25T01:34:50.353+0200] {dag.py:3486} INFO - Setting next_dagrun for dataset_consumes_1_and_2 to None, run_after=None
[2025-06-25T01:34:50.356+0200] {logging_mixin.py:149} INFO - [2025-06-25T01:34:50.355+0200] {dag.py:3486} INFO - Setting next_dagrun for dataset_consumes_1_never_scheduled to None, run_after=None
[2025-06-25T01:34:50.362+0200] {logging_mixin.py:149} INFO - [2025-06-25T01:34:50.362+0200] {dag.py:3486} INFO - Setting next_dagrun for dataset_consumes_unknown_never_scheduled to None, run_after=None
[2025-06-25T01:34:50.374+0200] {logging_mixin.py:149} INFO - [2025-06-25T01:34:50.374+0200] {dag.py:3486} INFO - Setting next_dagrun for dataset_produces_1 to 2025-06-23T00:00:00+00:00, run_after=2025-06-24T00:00:00+00:00
[2025-06-25T01:34:50.379+0200] {logging_mixin.py:149} INFO - [2025-06-25T01:34:50.379+0200] {dag.py:3486} INFO - Setting next_dagrun for dataset_produces_2 to None, run_after=None
[2025-06-25T01:34:50.569+0200] {processor.py:179} INFO - Processing /home/atef/.local/lib/python3.9/site-packages/airflow/example_dags/example_datasets.py took 0.902 seconds
[2025-06-25T01:38:30.434+0200] {processor.py:157} INFO - Started process (PID=183527) to work on /home/atef/.local/lib/python3.9/site-packages/airflow/example_dags/example_datasets.py
[2025-06-25T01:38:30.439+0200] {processor.py:826} INFO - Processing file /home/atef/.local/lib/python3.9/site-packages/airflow/example_dags/example_datasets.py for tasks to queue
[2025-06-25T01:38:30.444+0200] {logging_mixin.py:149} INFO - [2025-06-25T01:38:30.444+0200] {dagbag.py:541} INFO - Filling up the DagBag from /home/atef/.local/lib/python3.9/site-packages/airflow/example_dags/example_datasets.py
[2025-06-25T01:38:30.478+0200] {processor.py:836} INFO - DAG(s) dict_keys(['dataset_produces_1', 'dataset_consumes_1_never_scheduled', 'dataset_consumes_1_and_2', 'dataset_consumes_1', 'dataset_produces_2', 'dataset_consumes_unknown_never_scheduled']) retrieved from /home/atef/.local/lib/python3.9/site-packages/airflow/example_dags/example_datasets.py
[2025-06-25T01:38:30.640+0200] {logging_mixin.py:149} INFO - [2025-06-25T01:38:30.639+0200] {dag.py:2726} INFO - Sync 6 DAGs
[2025-06-25T01:38:30.690+0200] {logging_mixin.py:149} INFO - [2025-06-25T01:38:30.690+0200] {dag.py:3486} INFO - Setting next_dagrun for dataset_consumes_1 to None, run_after=None
[2025-06-25T01:38:30.698+0200] {logging_mixin.py:149} INFO - [2025-06-25T01:38:30.698+0200] {dag.py:3486} INFO - Setting next_dagrun for dataset_consumes_1_and_2 to None, run_after=None
[2025-06-25T01:38:30.700+0200] {logging_mixin.py:149} INFO - [2025-06-25T01:38:30.700+0200] {dag.py:3486} INFO - Setting next_dagrun for dataset_consumes_1_never_scheduled to None, run_after=None
[2025-06-25T01:38:30.701+0200] {logging_mixin.py:149} INFO - [2025-06-25T01:38:30.701+0200] {dag.py:3486} INFO - Setting next_dagrun for dataset_consumes_unknown_never_scheduled to None, run_after=None
[2025-06-25T01:38:30.706+0200] {logging_mixin.py:149} INFO - [2025-06-25T01:38:30.706+0200] {dag.py:3486} INFO - Setting next_dagrun for dataset_produces_1 to 2025-06-23T00:00:00+00:00, run_after=2025-06-24T00:00:00+00:00
[2025-06-25T01:38:30.711+0200] {logging_mixin.py:149} INFO - [2025-06-25T01:38:30.711+0200] {dag.py:3486} INFO - Setting next_dagrun for dataset_produces_2 to None, run_after=None
[2025-06-25T01:38:30.783+0200] {processor.py:179} INFO - Processing /home/atef/.local/lib/python3.9/site-packages/airflow/example_dags/example_datasets.py took 0.362 seconds
[2025-06-25T01:39:41.107+0200] {processor.py:157} INFO - Started process (PID=183732) to work on /home/atef/.local/lib/python3.9/site-packages/airflow/example_dags/example_datasets.py
[2025-06-25T01:39:41.115+0200] {processor.py:826} INFO - Processing file /home/atef/.local/lib/python3.9/site-packages/airflow/example_dags/example_datasets.py for tasks to queue
[2025-06-25T01:39:41.117+0200] {logging_mixin.py:149} INFO - [2025-06-25T01:39:41.117+0200] {dagbag.py:541} INFO - Filling up the DagBag from /home/atef/.local/lib/python3.9/site-packages/airflow/example_dags/example_datasets.py
[2025-06-25T01:39:41.182+0200] {processor.py:836} INFO - DAG(s) dict_keys(['dataset_produces_2', 'dataset_consumes_1', 'dataset_consumes_1_never_scheduled', 'dataset_consumes_unknown_never_scheduled', 'dataset_consumes_1_and_2', 'dataset_produces_1']) retrieved from /home/atef/.local/lib/python3.9/site-packages/airflow/example_dags/example_datasets.py
[2025-06-25T01:39:41.374+0200] {logging_mixin.py:149} INFO - [2025-06-25T01:39:41.374+0200] {dag.py:2726} INFO - Sync 6 DAGs
[2025-06-25T01:39:41.431+0200] {logging_mixin.py:149} INFO - [2025-06-25T01:39:41.431+0200] {dag.py:3486} INFO - Setting next_dagrun for dataset_consumes_1 to None, run_after=None
[2025-06-25T01:39:41.437+0200] {logging_mixin.py:149} INFO - [2025-06-25T01:39:41.436+0200] {dag.py:3486} INFO - Setting next_dagrun for dataset_consumes_1_and_2 to None, run_after=None
[2025-06-25T01:39:41.438+0200] {logging_mixin.py:149} INFO - [2025-06-25T01:39:41.438+0200] {dag.py:3486} INFO - Setting next_dagrun for dataset_consumes_1_never_scheduled to None, run_after=None
[2025-06-25T01:39:41.441+0200] {logging_mixin.py:149} INFO - [2025-06-25T01:39:41.441+0200] {dag.py:3486} INFO - Setting next_dagrun for dataset_consumes_unknown_never_scheduled to None, run_after=None
[2025-06-25T01:39:41.445+0200] {logging_mixin.py:149} INFO - [2025-06-25T01:39:41.445+0200] {dag.py:3486} INFO - Setting next_dagrun for dataset_produces_1 to 2025-06-23T00:00:00+00:00, run_after=2025-06-24T00:00:00+00:00
[2025-06-25T01:39:41.447+0200] {logging_mixin.py:149} INFO - [2025-06-25T01:39:41.447+0200] {dag.py:3486} INFO - Setting next_dagrun for dataset_produces_2 to None, run_after=None
[2025-06-25T01:39:41.507+0200] {processor.py:179} INFO - Processing /home/atef/.local/lib/python3.9/site-packages/airflow/example_dags/example_datasets.py took 0.435 seconds
[2025-06-25T01:46:04.153+0200] {processor.py:157} INFO - Started process (PID=187536) to work on /home/atef/.local/lib/python3.9/site-packages/airflow/example_dags/example_datasets.py
[2025-06-25T01:46:04.160+0200] {processor.py:826} INFO - Processing file /home/atef/.local/lib/python3.9/site-packages/airflow/example_dags/example_datasets.py for tasks to queue
[2025-06-25T01:46:04.164+0200] {logging_mixin.py:149} INFO - [2025-06-25T01:46:04.163+0200] {dagbag.py:541} INFO - Filling up the DagBag from /home/atef/.local/lib/python3.9/site-packages/airflow/example_dags/example_datasets.py
[2025-06-25T01:46:04.205+0200] {processor.py:836} INFO - DAG(s) dict_keys(['dataset_produces_2', 'dataset_produces_1', 'dataset_consumes_1', 'dataset_consumes_unknown_never_scheduled', 'dataset_consumes_1_never_scheduled', 'dataset_consumes_1_and_2']) retrieved from /home/atef/.local/lib/python3.9/site-packages/airflow/example_dags/example_datasets.py
[2025-06-25T01:46:04.384+0200] {logging_mixin.py:149} INFO - [2025-06-25T01:46:04.384+0200] {dag.py:2726} INFO - Sync 6 DAGs
[2025-06-25T01:46:04.429+0200] {logging_mixin.py:149} INFO - [2025-06-25T01:46:04.429+0200] {dag.py:3486} INFO - Setting next_dagrun for dataset_consumes_1 to None, run_after=None
[2025-06-25T01:46:04.443+0200] {logging_mixin.py:149} INFO - [2025-06-25T01:46:04.442+0200] {dag.py:3486} INFO - Setting next_dagrun for dataset_consumes_1_and_2 to None, run_after=None
[2025-06-25T01:46:04.447+0200] {logging_mixin.py:149} INFO - [2025-06-25T01:46:04.446+0200] {dag.py:3486} INFO - Setting next_dagrun for dataset_consumes_1_never_scheduled to None, run_after=None
[2025-06-25T01:46:04.450+0200] {logging_mixin.py:149} INFO - [2025-06-25T01:46:04.449+0200] {dag.py:3486} INFO - Setting next_dagrun for dataset_consumes_unknown_never_scheduled to None, run_after=None
[2025-06-25T01:46:04.457+0200] {logging_mixin.py:149} INFO - [2025-06-25T01:46:04.457+0200] {dag.py:3486} INFO - Setting next_dagrun for dataset_produces_1 to 2025-06-23T00:00:00+00:00, run_after=2025-06-24T00:00:00+00:00
[2025-06-25T01:46:04.466+0200] {logging_mixin.py:149} INFO - [2025-06-25T01:46:04.466+0200] {dag.py:3486} INFO - Setting next_dagrun for dataset_produces_2 to None, run_after=None
[2025-06-25T01:46:04.739+0200] {processor.py:179} INFO - Processing /home/atef/.local/lib/python3.9/site-packages/airflow/example_dags/example_datasets.py took 0.602 seconds
[2025-06-25T01:47:30.330+0200] {processor.py:157} INFO - Started process (PID=188308) to work on /home/atef/.local/lib/python3.9/site-packages/airflow/example_dags/example_datasets.py
[2025-06-25T01:47:30.339+0200] {processor.py:826} INFO - Processing file /home/atef/.local/lib/python3.9/site-packages/airflow/example_dags/example_datasets.py for tasks to queue
[2025-06-25T01:47:30.346+0200] {logging_mixin.py:149} INFO - [2025-06-25T01:47:30.345+0200] {dagbag.py:541} INFO - Filling up the DagBag from /home/atef/.local/lib/python3.9/site-packages/airflow/example_dags/example_datasets.py
[2025-06-25T01:47:30.402+0200] {processor.py:836} INFO - DAG(s) dict_keys(['dataset_consumes_1_and_2', 'dataset_consumes_unknown_never_scheduled', 'dataset_consumes_1', 'dataset_produces_1', 'dataset_consumes_1_never_scheduled', 'dataset_produces_2']) retrieved from /home/atef/.local/lib/python3.9/site-packages/airflow/example_dags/example_datasets.py
[2025-06-25T01:47:30.593+0200] {logging_mixin.py:149} INFO - [2025-06-25T01:47:30.592+0200] {dag.py:2726} INFO - Sync 6 DAGs
[2025-06-25T01:47:30.859+0200] {logging_mixin.py:149} INFO - [2025-06-25T01:47:30.858+0200] {dag.py:3486} INFO - Setting next_dagrun for dataset_consumes_1 to None, run_after=None
[2025-06-25T01:47:30.903+0200] {logging_mixin.py:149} INFO - [2025-06-25T01:47:30.903+0200] {dag.py:3486} INFO - Setting next_dagrun for dataset_consumes_1_and_2 to None, run_after=None
[2025-06-25T01:47:30.914+0200] {logging_mixin.py:149} INFO - [2025-06-25T01:47:30.914+0200] {dag.py:3486} INFO - Setting next_dagrun for dataset_consumes_1_never_scheduled to None, run_after=None
[2025-06-25T01:47:30.933+0200] {logging_mixin.py:149} INFO - [2025-06-25T01:47:30.931+0200] {dag.py:3486} INFO - Setting next_dagrun for dataset_consumes_unknown_never_scheduled to None, run_after=None
[2025-06-25T01:47:30.956+0200] {logging_mixin.py:149} INFO - [2025-06-25T01:47:30.955+0200] {dag.py:3486} INFO - Setting next_dagrun for dataset_produces_1 to 2025-06-23T00:00:00+00:00, run_after=2025-06-24T00:00:00+00:00
[2025-06-25T01:47:30.966+0200] {logging_mixin.py:149} INFO - [2025-06-25T01:47:30.966+0200] {dag.py:3486} INFO - Setting next_dagrun for dataset_produces_2 to None, run_after=None
[2025-06-25T01:47:31.222+0200] {processor.py:179} INFO - Processing /home/atef/.local/lib/python3.9/site-packages/airflow/example_dags/example_datasets.py took 0.927 seconds
[2025-06-25T01:49:40.377+0200] {processor.py:157} INFO - Started process (PID=189203) to work on /home/atef/.local/lib/python3.9/site-packages/airflow/example_dags/example_datasets.py
[2025-06-25T01:49:40.388+0200] {processor.py:826} INFO - Processing file /home/atef/.local/lib/python3.9/site-packages/airflow/example_dags/example_datasets.py for tasks to queue
[2025-06-25T01:49:40.394+0200] {logging_mixin.py:149} INFO - [2025-06-25T01:49:40.393+0200] {dagbag.py:541} INFO - Filling up the DagBag from /home/atef/.local/lib/python3.9/site-packages/airflow/example_dags/example_datasets.py
[2025-06-25T01:49:40.501+0200] {processor.py:836} INFO - DAG(s) dict_keys(['dataset_consumes_unknown_never_scheduled', 'dataset_produces_1', 'dataset_consumes_1_and_2', 'dataset_produces_2', 'dataset_consumes_1_never_scheduled', 'dataset_consumes_1']) retrieved from /home/atef/.local/lib/python3.9/site-packages/airflow/example_dags/example_datasets.py
[2025-06-25T01:49:40.671+0200] {logging_mixin.py:149} INFO - [2025-06-25T01:49:40.671+0200] {dag.py:2726} INFO - Sync 6 DAGs
[2025-06-25T01:49:40.758+0200] {logging_mixin.py:149} INFO - [2025-06-25T01:49:40.757+0200] {dag.py:3486} INFO - Setting next_dagrun for dataset_consumes_1 to None, run_after=None
[2025-06-25T01:49:40.769+0200] {logging_mixin.py:149} INFO - [2025-06-25T01:49:40.768+0200] {dag.py:3486} INFO - Setting next_dagrun for dataset_consumes_1_and_2 to None, run_after=None
[2025-06-25T01:49:40.773+0200] {logging_mixin.py:149} INFO - [2025-06-25T01:49:40.772+0200] {dag.py:3486} INFO - Setting next_dagrun for dataset_consumes_1_never_scheduled to None, run_after=None
[2025-06-25T01:49:40.776+0200] {logging_mixin.py:149} INFO - [2025-06-25T01:49:40.775+0200] {dag.py:3486} INFO - Setting next_dagrun for dataset_consumes_unknown_never_scheduled to None, run_after=None
[2025-06-25T01:49:40.781+0200] {logging_mixin.py:149} INFO - [2025-06-25T01:49:40.781+0200] {dag.py:3486} INFO - Setting next_dagrun for dataset_produces_1 to 2025-06-23T00:00:00+00:00, run_after=2025-06-24T00:00:00+00:00
[2025-06-25T01:49:40.784+0200] {logging_mixin.py:149} INFO - [2025-06-25T01:49:40.784+0200] {dag.py:3486} INFO - Setting next_dagrun for dataset_produces_2 to None, run_after=None
[2025-06-25T01:49:40.858+0200] {processor.py:179} INFO - Processing /home/atef/.local/lib/python3.9/site-packages/airflow/example_dags/example_datasets.py took 0.520 seconds
[2025-06-25T01:51:11.346+0200] {processor.py:157} INFO - Started process (PID=189644) to work on /home/atef/.local/lib/python3.9/site-packages/airflow/example_dags/example_datasets.py
[2025-06-25T01:51:11.354+0200] {processor.py:826} INFO - Processing file /home/atef/.local/lib/python3.9/site-packages/airflow/example_dags/example_datasets.py for tasks to queue
[2025-06-25T01:51:11.357+0200] {logging_mixin.py:149} INFO - [2025-06-25T01:51:11.357+0200] {dagbag.py:541} INFO - Filling up the DagBag from /home/atef/.local/lib/python3.9/site-packages/airflow/example_dags/example_datasets.py
[2025-06-25T01:51:11.385+0200] {processor.py:836} INFO - DAG(s) dict_keys(['dataset_consumes_1_never_scheduled', 'dataset_consumes_unknown_never_scheduled', 'dataset_produces_1', 'dataset_consumes_1', 'dataset_produces_2', 'dataset_consumes_1_and_2']) retrieved from /home/atef/.local/lib/python3.9/site-packages/airflow/example_dags/example_datasets.py
[2025-06-25T01:51:11.558+0200] {logging_mixin.py:149} INFO - [2025-06-25T01:51:11.557+0200] {dag.py:2726} INFO - Sync 6 DAGs
[2025-06-25T01:51:11.843+0200] {logging_mixin.py:149} INFO - [2025-06-25T01:51:11.843+0200] {dag.py:3486} INFO - Setting next_dagrun for dataset_consumes_1 to None, run_after=None
[2025-06-25T01:51:11.860+0200] {logging_mixin.py:149} INFO - [2025-06-25T01:51:11.859+0200] {dag.py:3486} INFO - Setting next_dagrun for dataset_consumes_1_and_2 to None, run_after=None
[2025-06-25T01:51:11.868+0200] {logging_mixin.py:149} INFO - [2025-06-25T01:51:11.867+0200] {dag.py:3486} INFO - Setting next_dagrun for dataset_consumes_1_never_scheduled to None, run_after=None
[2025-06-25T01:51:11.877+0200] {logging_mixin.py:149} INFO - [2025-06-25T01:51:11.877+0200] {dag.py:3486} INFO - Setting next_dagrun for dataset_consumes_unknown_never_scheduled to None, run_after=None
[2025-06-25T01:51:11.896+0200] {logging_mixin.py:149} INFO - [2025-06-25T01:51:11.895+0200] {dag.py:3486} INFO - Setting next_dagrun for dataset_produces_1 to 2025-06-23T00:00:00+00:00, run_after=2025-06-24T00:00:00+00:00
[2025-06-25T01:51:11.900+0200] {logging_mixin.py:149} INFO - [2025-06-25T01:51:11.900+0200] {dag.py:3486} INFO - Setting next_dagrun for dataset_produces_2 to None, run_after=None
[2025-06-25T01:51:12.051+0200] {processor.py:179} INFO - Processing /home/atef/.local/lib/python3.9/site-packages/airflow/example_dags/example_datasets.py took 0.743 seconds
[2025-06-25T01:53:33.050+0200] {processor.py:157} INFO - Started process (PID=190205) to work on /home/atef/.local/lib/python3.9/site-packages/airflow/example_dags/example_datasets.py
[2025-06-25T01:53:33.063+0200] {processor.py:826} INFO - Processing file /home/atef/.local/lib/python3.9/site-packages/airflow/example_dags/example_datasets.py for tasks to queue
[2025-06-25T01:53:33.071+0200] {logging_mixin.py:149} INFO - [2025-06-25T01:53:33.069+0200] {dagbag.py:541} INFO - Filling up the DagBag from /home/atef/.local/lib/python3.9/site-packages/airflow/example_dags/example_datasets.py
[2025-06-25T01:53:33.170+0200] {processor.py:836} INFO - DAG(s) dict_keys(['dataset_consumes_1_and_2', 'dataset_consumes_unknown_never_scheduled', 'dataset_produces_2', 'dataset_consumes_1_never_scheduled', 'dataset_produces_1', 'dataset_consumes_1']) retrieved from /home/atef/.local/lib/python3.9/site-packages/airflow/example_dags/example_datasets.py
[2025-06-25T01:53:33.505+0200] {logging_mixin.py:149} INFO - [2025-06-25T01:53:33.504+0200] {dag.py:2726} INFO - Sync 6 DAGs
[2025-06-25T01:53:33.789+0200] {logging_mixin.py:149} INFO - [2025-06-25T01:53:33.786+0200] {dag.py:3486} INFO - Setting next_dagrun for dataset_consumes_1 to None, run_after=None
[2025-06-25T01:53:33.863+0200] {logging_mixin.py:149} INFO - [2025-06-25T01:53:33.857+0200] {dag.py:3486} INFO - Setting next_dagrun for dataset_consumes_1_and_2 to None, run_after=None
[2025-06-25T01:53:33.888+0200] {logging_mixin.py:149} INFO - [2025-06-25T01:53:33.887+0200] {dag.py:3486} INFO - Setting next_dagrun for dataset_consumes_1_never_scheduled to None, run_after=None
[2025-06-25T01:53:33.900+0200] {logging_mixin.py:149} INFO - [2025-06-25T01:53:33.900+0200] {dag.py:3486} INFO - Setting next_dagrun for dataset_consumes_unknown_never_scheduled to None, run_after=None
[2025-06-25T01:53:33.980+0200] {logging_mixin.py:149} INFO - [2025-06-25T01:53:33.979+0200] {dag.py:3486} INFO - Setting next_dagrun for dataset_produces_1 to 2025-06-23T00:00:00+00:00, run_after=2025-06-24T00:00:00+00:00
[2025-06-25T01:53:33.991+0200] {logging_mixin.py:149} INFO - [2025-06-25T01:53:33.991+0200] {dag.py:3486} INFO - Setting next_dagrun for dataset_produces_2 to None, run_after=None
[2025-06-25T01:53:34.346+0200] {processor.py:179} INFO - Processing /home/atef/.local/lib/python3.9/site-packages/airflow/example_dags/example_datasets.py took 1.327 seconds
[2025-06-25T01:55:58.754+0200] {processor.py:157} INFO - Started process (PID=191074) to work on /home/atef/.local/lib/python3.9/site-packages/airflow/example_dags/example_datasets.py
[2025-06-25T01:55:58.764+0200] {processor.py:826} INFO - Processing file /home/atef/.local/lib/python3.9/site-packages/airflow/example_dags/example_datasets.py for tasks to queue
[2025-06-25T01:55:58.767+0200] {logging_mixin.py:149} INFO - [2025-06-25T01:55:58.766+0200] {dagbag.py:541} INFO - Filling up the DagBag from /home/atef/.local/lib/python3.9/site-packages/airflow/example_dags/example_datasets.py
[2025-06-25T01:55:58.857+0200] {processor.py:836} INFO - DAG(s) dict_keys(['dataset_consumes_unknown_never_scheduled', 'dataset_produces_1', 'dataset_consumes_1_and_2', 'dataset_consumes_1_never_scheduled', 'dataset_consumes_1', 'dataset_produces_2']) retrieved from /home/atef/.local/lib/python3.9/site-packages/airflow/example_dags/example_datasets.py
[2025-06-25T01:55:59.205+0200] {logging_mixin.py:149} INFO - [2025-06-25T01:55:59.205+0200] {dag.py:2726} INFO - Sync 6 DAGs
[2025-06-25T01:55:59.292+0200] {logging_mixin.py:149} INFO - [2025-06-25T01:55:59.292+0200] {dag.py:3486} INFO - Setting next_dagrun for dataset_consumes_1 to None, run_after=None
[2025-06-25T01:55:59.302+0200] {logging_mixin.py:149} INFO - [2025-06-25T01:55:59.302+0200] {dag.py:3486} INFO - Setting next_dagrun for dataset_consumes_1_and_2 to None, run_after=None
[2025-06-25T01:55:59.308+0200] {logging_mixin.py:149} INFO - [2025-06-25T01:55:59.308+0200] {dag.py:3486} INFO - Setting next_dagrun for dataset_consumes_1_never_scheduled to None, run_after=None
[2025-06-25T01:55:59.313+0200] {logging_mixin.py:149} INFO - [2025-06-25T01:55:59.313+0200] {dag.py:3486} INFO - Setting next_dagrun for dataset_consumes_unknown_never_scheduled to None, run_after=None
[2025-06-25T01:55:59.322+0200] {logging_mixin.py:149} INFO - [2025-06-25T01:55:59.318+0200] {dag.py:3486} INFO - Setting next_dagrun for dataset_produces_1 to 2025-06-23T00:00:00+00:00, run_after=2025-06-24T00:00:00+00:00
[2025-06-25T01:55:59.325+0200] {logging_mixin.py:149} INFO - [2025-06-25T01:55:59.325+0200] {dag.py:3486} INFO - Setting next_dagrun for dataset_produces_2 to None, run_after=None
[2025-06-25T01:55:59.471+0200] {processor.py:179} INFO - Processing /home/atef/.local/lib/python3.9/site-packages/airflow/example_dags/example_datasets.py took 0.761 seconds
[2025-06-25T01:57:16.167+0200] {processor.py:157} INFO - Started process (PID=191396) to work on /home/atef/.local/lib/python3.9/site-packages/airflow/example_dags/example_datasets.py
[2025-06-25T01:57:16.173+0200] {processor.py:826} INFO - Processing file /home/atef/.local/lib/python3.9/site-packages/airflow/example_dags/example_datasets.py for tasks to queue
[2025-06-25T01:57:16.175+0200] {logging_mixin.py:149} INFO - [2025-06-25T01:57:16.175+0200] {dagbag.py:541} INFO - Filling up the DagBag from /home/atef/.local/lib/python3.9/site-packages/airflow/example_dags/example_datasets.py
[2025-06-25T01:57:16.220+0200] {processor.py:836} INFO - DAG(s) dict_keys(['dataset_produces_2', 'dataset_consumes_unknown_never_scheduled', 'dataset_consumes_1_and_2', 'dataset_consumes_1', 'dataset_produces_1', 'dataset_consumes_1_never_scheduled']) retrieved from /home/atef/.local/lib/python3.9/site-packages/airflow/example_dags/example_datasets.py
[2025-06-25T01:57:16.403+0200] {logging_mixin.py:149} INFO - [2025-06-25T01:57:16.402+0200] {dag.py:2726} INFO - Sync 6 DAGs
[2025-06-25T01:57:16.459+0200] {logging_mixin.py:149} INFO - [2025-06-25T01:57:16.459+0200] {dag.py:3486} INFO - Setting next_dagrun for dataset_consumes_1 to None, run_after=None
[2025-06-25T01:57:16.465+0200] {logging_mixin.py:149} INFO - [2025-06-25T01:57:16.464+0200] {dag.py:3486} INFO - Setting next_dagrun for dataset_consumes_1_and_2 to None, run_after=None
[2025-06-25T01:57:16.467+0200] {logging_mixin.py:149} INFO - [2025-06-25T01:57:16.467+0200] {dag.py:3486} INFO - Setting next_dagrun for dataset_consumes_1_never_scheduled to None, run_after=None
[2025-06-25T01:57:16.469+0200] {logging_mixin.py:149} INFO - [2025-06-25T01:57:16.469+0200] {dag.py:3486} INFO - Setting next_dagrun for dataset_consumes_unknown_never_scheduled to None, run_after=None
[2025-06-25T01:57:16.472+0200] {logging_mixin.py:149} INFO - [2025-06-25T01:57:16.472+0200] {dag.py:3486} INFO - Setting next_dagrun for dataset_produces_1 to 2025-06-23T00:00:00+00:00, run_after=2025-06-24T00:00:00+00:00
[2025-06-25T01:57:16.474+0200] {logging_mixin.py:149} INFO - [2025-06-25T01:57:16.474+0200] {dag.py:3486} INFO - Setting next_dagrun for dataset_produces_2 to None, run_after=None
[2025-06-25T01:57:16.535+0200] {processor.py:179} INFO - Processing /home/atef/.local/lib/python3.9/site-packages/airflow/example_dags/example_datasets.py took 0.385 seconds
[2025-06-25T01:59:59.853+0200] {processor.py:157} INFO - Started process (PID=193039) to work on /home/atef/.local/lib/python3.9/site-packages/airflow/example_dags/example_datasets.py
[2025-06-25T01:59:59.864+0200] {processor.py:826} INFO - Processing file /home/atef/.local/lib/python3.9/site-packages/airflow/example_dags/example_datasets.py for tasks to queue
[2025-06-25T01:59:59.871+0200] {logging_mixin.py:149} INFO - [2025-06-25T01:59:59.870+0200] {dagbag.py:541} INFO - Filling up the DagBag from /home/atef/.local/lib/python3.9/site-packages/airflow/example_dags/example_datasets.py
[2025-06-25T01:59:59.935+0200] {processor.py:836} INFO - DAG(s) dict_keys(['dataset_produces_1', 'dataset_consumes_unknown_never_scheduled', 'dataset_consumes_1_and_2', 'dataset_consumes_1', 'dataset_produces_2', 'dataset_consumes_1_never_scheduled']) retrieved from /home/atef/.local/lib/python3.9/site-packages/airflow/example_dags/example_datasets.py
[2025-06-25T02:00:00.040+0200] {logging_mixin.py:149} INFO - [2025-06-25T02:00:00.040+0200] {dag.py:2726} INFO - Sync 6 DAGs
[2025-06-25T02:00:00.097+0200] {logging_mixin.py:149} INFO - [2025-06-25T02:00:00.097+0200] {dag.py:3486} INFO - Setting next_dagrun for dataset_consumes_1 to None, run_after=None
[2025-06-25T02:00:00.105+0200] {logging_mixin.py:149} INFO - [2025-06-25T02:00:00.105+0200] {dag.py:3486} INFO - Setting next_dagrun for dataset_consumes_1_and_2 to None, run_after=None
[2025-06-25T02:00:00.107+0200] {logging_mixin.py:149} INFO - [2025-06-25T02:00:00.107+0200] {dag.py:3486} INFO - Setting next_dagrun for dataset_consumes_1_never_scheduled to None, run_after=None
[2025-06-25T02:00:00.109+0200] {logging_mixin.py:149} INFO - [2025-06-25T02:00:00.109+0200] {dag.py:3486} INFO - Setting next_dagrun for dataset_consumes_unknown_never_scheduled to None, run_after=None
[2025-06-25T02:00:00.117+0200] {logging_mixin.py:149} INFO - [2025-06-25T02:00:00.117+0200] {dag.py:3486} INFO - Setting next_dagrun for dataset_produces_1 to 2025-06-24T00:00:00+00:00, run_after=2025-06-25T00:00:00+00:00
[2025-06-25T02:00:00.120+0200] {logging_mixin.py:149} INFO - [2025-06-25T02:00:00.119+0200] {dag.py:3486} INFO - Setting next_dagrun for dataset_produces_2 to None, run_after=None
[2025-06-25T02:00:00.250+0200] {processor.py:179} INFO - Processing /home/atef/.local/lib/python3.9/site-packages/airflow/example_dags/example_datasets.py took 0.447 seconds
