[2025-06-24T23:14:54.987+0200] {processor.py:157} INFO - Started process (PID=154794) to work on /home/atef/.local/lib/python3.9/site-packages/airflow/example_dags/example_short_circuit_decorator.py
[2025-06-24T23:14:54.991+0200] {processor.py:826} INFO - Processing file /home/atef/.local/lib/python3.9/site-packages/airflow/example_dags/example_short_circuit_decorator.py for tasks to queue
[2025-06-24T23:14:54.993+0200] {logging_mixin.py:149} INFO - [2025-06-24T23:14:54.993+0200] {dagbag.py:541} INFO - Filling up the DagBag from /home/atef/.local/lib/python3.9/site-packages/airflow/example_dags/example_short_circuit_decorator.py
[2025-06-24T23:14:55.026+0200] {processor.py:836} INFO - DAG(s) dict_keys(['example_short_circuit_decorator']) retrieved from /home/atef/.local/lib/python3.9/site-packages/airflow/example_dags/example_short_circuit_decorator.py
[2025-06-24T23:14:55.112+0200] {logging_mixin.py:149} INFO - [2025-06-24T23:14:55.112+0200] {dag.py:2726} INFO - Sync 1 DAGs
[2025-06-24T23:14:55.159+0200] {logging_mixin.py:149} INFO - [2025-06-24T23:14:55.158+0200] {dag.py:3486} INFO - Setting next_dagrun for example_short_circuit_decorator to 2025-06-23T21:14:55.157813+00:00, run_after=2025-06-24T21:14:55.157813+00:00
[2025-06-24T23:14:55.210+0200] {processor.py:179} INFO - Processing /home/atef/.local/lib/python3.9/site-packages/airflow/example_dags/example_short_circuit_decorator.py took 0.236 seconds
[2025-06-24T23:16:26.490+0200] {processor.py:157} INFO - Started process (PID=155112) to work on /home/atef/.local/lib/python3.9/site-packages/airflow/example_dags/example_short_circuit_decorator.py
[2025-06-24T23:16:26.496+0200] {processor.py:826} INFO - Processing file /home/atef/.local/lib/python3.9/site-packages/airflow/example_dags/example_short_circuit_decorator.py for tasks to queue
[2025-06-24T23:16:26.501+0200] {logging_mixin.py:149} INFO - [2025-06-24T23:16:26.499+0200] {dagbag.py:541} INFO - Filling up the DagBag from /home/atef/.local/lib/python3.9/site-packages/airflow/example_dags/example_short_circuit_decorator.py
[2025-06-24T23:16:26.550+0200] {processor.py:836} INFO - DAG(s) dict_keys(['example_short_circuit_decorator']) retrieved from /home/atef/.local/lib/python3.9/site-packages/airflow/example_dags/example_short_circuit_decorator.py
[2025-06-24T23:16:26.637+0200] {logging_mixin.py:149} INFO - [2025-06-24T23:16:26.637+0200] {dag.py:2726} INFO - Sync 1 DAGs
[2025-06-24T23:16:26.708+0200] {logging_mixin.py:149} INFO - [2025-06-24T23:16:26.708+0200] {dag.py:3486} INFO - Setting next_dagrun for example_short_circuit_decorator to 2025-06-23T21:16:26.707095+00:00, run_after=2025-06-24T21:16:26.707095+00:00
[2025-06-24T23:16:26.783+0200] {processor.py:179} INFO - Processing /home/atef/.local/lib/python3.9/site-packages/airflow/example_dags/example_short_circuit_decorator.py took 0.311 seconds
[2025-06-24T23:17:25.246+0200] {processor.py:157} INFO - Started process (PID=155245) to work on /home/atef/.local/lib/python3.9/site-packages/airflow/example_dags/example_short_circuit_decorator.py
[2025-06-24T23:17:25.300+0200] {processor.py:826} INFO - Processing file /home/atef/.local/lib/python3.9/site-packages/airflow/example_dags/example_short_circuit_decorator.py for tasks to queue
[2025-06-24T23:17:25.311+0200] {logging_mixin.py:149} INFO - [2025-06-24T23:17:25.308+0200] {dagbag.py:541} INFO - Filling up the DagBag from /home/atef/.local/lib/python3.9/site-packages/airflow/example_dags/example_short_circuit_decorator.py
[2025-06-24T23:17:25.444+0200] {processor.py:836} INFO - DAG(s) dict_keys(['example_short_circuit_decorator']) retrieved from /home/atef/.local/lib/python3.9/site-packages/airflow/example_dags/example_short_circuit_decorator.py
[2025-06-24T23:17:25.557+0200] {logging_mixin.py:149} INFO - [2025-06-24T23:17:25.557+0200] {dag.py:2726} INFO - Sync 1 DAGs
[2025-06-24T23:17:25.713+0200] {logging_mixin.py:149} INFO - [2025-06-24T23:17:25.712+0200] {dag.py:3486} INFO - Setting next_dagrun for example_short_circuit_decorator to 2025-06-23T21:17:25.711412+00:00, run_after=2025-06-24T21:17:25.711412+00:00
[2025-06-24T23:17:25.793+0200] {processor.py:179} INFO - Processing /home/atef/.local/lib/python3.9/site-packages/airflow/example_dags/example_short_circuit_decorator.py took 0.585 seconds
[2025-06-25T01:11:23.613+0200] {processor.py:157} INFO - Started process (PID=172936) to work on /home/atef/.local/lib/python3.9/site-packages/airflow/example_dags/example_short_circuit_decorator.py
[2025-06-25T01:11:23.810+0200] {processor.py:826} INFO - Processing file /home/atef/.local/lib/python3.9/site-packages/airflow/example_dags/example_short_circuit_decorator.py for tasks to queue
[2025-06-25T01:11:23.813+0200] {logging_mixin.py:149} INFO - [2025-06-25T01:11:23.813+0200] {dagbag.py:541} INFO - Filling up the DagBag from /home/atef/.local/lib/python3.9/site-packages/airflow/example_dags/example_short_circuit_decorator.py
[2025-06-25T01:11:24.123+0200] {processor.py:836} INFO - DAG(s) dict_keys(['example_short_circuit_decorator']) retrieved from /home/atef/.local/lib/python3.9/site-packages/airflow/example_dags/example_short_circuit_decorator.py
[2025-06-25T01:11:24.961+0200] {logging_mixin.py:149} INFO - [2025-06-25T01:11:24.959+0200] {dag.py:2726} INFO - Sync 1 DAGs
[2025-06-25T01:11:25.178+0200] {logging_mixin.py:149} INFO - [2025-06-25T01:11:25.178+0200] {dag.py:3486} INFO - Setting next_dagrun for example_short_circuit_decorator to 2025-06-23T23:11:25.177425+00:00, run_after=2025-06-24T23:11:25.177425+00:00
[2025-06-25T01:11:25.245+0200] {processor.py:179} INFO - Processing /home/atef/.local/lib/python3.9/site-packages/airflow/example_dags/example_short_circuit_decorator.py took 1.669 seconds
[2025-06-25T01:17:47.548+0200] {processor.py:157} INFO - Started process (PID=174836) to work on /home/atef/.local/lib/python3.9/site-packages/airflow/example_dags/example_short_circuit_decorator.py
[2025-06-25T01:17:47.554+0200] {processor.py:826} INFO - Processing file /home/atef/.local/lib/python3.9/site-packages/airflow/example_dags/example_short_circuit_decorator.py for tasks to queue
[2025-06-25T01:17:47.557+0200] {logging_mixin.py:149} INFO - [2025-06-25T01:17:47.557+0200] {dagbag.py:541} INFO - Filling up the DagBag from /home/atef/.local/lib/python3.9/site-packages/airflow/example_dags/example_short_circuit_decorator.py
[2025-06-25T01:17:47.603+0200] {processor.py:836} INFO - DAG(s) dict_keys(['example_short_circuit_decorator']) retrieved from /home/atef/.local/lib/python3.9/site-packages/airflow/example_dags/example_short_circuit_decorator.py
[2025-06-25T01:17:47.762+0200] {logging_mixin.py:149} INFO - [2025-06-25T01:17:47.762+0200] {dag.py:2726} INFO - Sync 1 DAGs
[2025-06-25T01:17:47.954+0200] {logging_mixin.py:149} INFO - [2025-06-25T01:17:47.954+0200] {dag.py:3486} INFO - Setting next_dagrun for example_short_circuit_decorator to 2025-06-23T23:17:47.952940+00:00, run_after=2025-06-24T23:17:47.952940+00:00
[2025-06-25T01:17:48.162+0200] {processor.py:179} INFO - Processing /home/atef/.local/lib/python3.9/site-packages/airflow/example_dags/example_short_circuit_decorator.py took 0.644 seconds
[2025-06-25T01:19:30.926+0200] {processor.py:157} INFO - Started process (PID=175699) to work on /home/atef/.local/lib/python3.9/site-packages/airflow/example_dags/example_short_circuit_decorator.py
[2025-06-25T01:19:30.935+0200] {processor.py:826} INFO - Processing file /home/atef/.local/lib/python3.9/site-packages/airflow/example_dags/example_short_circuit_decorator.py for tasks to queue
[2025-06-25T01:19:30.938+0200] {logging_mixin.py:149} INFO - [2025-06-25T01:19:30.937+0200] {dagbag.py:541} INFO - Filling up the DagBag from /home/atef/.local/lib/python3.9/site-packages/airflow/example_dags/example_short_circuit_decorator.py
[2025-06-25T01:19:30.986+0200] {processor.py:836} INFO - DAG(s) dict_keys(['example_short_circuit_decorator']) retrieved from /home/atef/.local/lib/python3.9/site-packages/airflow/example_dags/example_short_circuit_decorator.py
[2025-06-25T01:19:31.095+0200] {logging_mixin.py:149} INFO - [2025-06-25T01:19:31.095+0200] {dag.py:2726} INFO - Sync 1 DAGs
[2025-06-25T01:19:31.208+0200] {logging_mixin.py:149} INFO - [2025-06-25T01:19:31.207+0200] {dag.py:3486} INFO - Setting next_dagrun for example_short_circuit_decorator to 2025-06-23T23:19:31.206914+00:00, run_after=2025-06-24T23:19:31.206914+00:00
[2025-06-25T01:19:31.268+0200] {processor.py:179} INFO - Processing /home/atef/.local/lib/python3.9/site-packages/airflow/example_dags/example_short_circuit_decorator.py took 0.360 seconds
[2025-06-25T01:21:15.560+0200] {processor.py:157} INFO - Started process (PID=176715) to work on /home/atef/.local/lib/python3.9/site-packages/airflow/example_dags/example_short_circuit_decorator.py
[2025-06-25T01:21:15.573+0200] {processor.py:826} INFO - Processing file /home/atef/.local/lib/python3.9/site-packages/airflow/example_dags/example_short_circuit_decorator.py for tasks to queue
[2025-06-25T01:21:15.585+0200] {logging_mixin.py:149} INFO - [2025-06-25T01:21:15.584+0200] {dagbag.py:541} INFO - Filling up the DagBag from /home/atef/.local/lib/python3.9/site-packages/airflow/example_dags/example_short_circuit_decorator.py
[2025-06-25T01:21:15.701+0200] {processor.py:836} INFO - DAG(s) dict_keys(['example_short_circuit_decorator']) retrieved from /home/atef/.local/lib/python3.9/site-packages/airflow/example_dags/example_short_circuit_decorator.py
[2025-06-25T01:21:15.870+0200] {logging_mixin.py:149} INFO - [2025-06-25T01:21:15.870+0200] {dag.py:2726} INFO - Sync 1 DAGs
[2025-06-25T01:21:15.936+0200] {logging_mixin.py:149} INFO - [2025-06-25T01:21:15.936+0200] {dag.py:3486} INFO - Setting next_dagrun for example_short_circuit_decorator to 2025-06-23T23:21:15.935239+00:00, run_after=2025-06-24T23:21:15.935239+00:00
[2025-06-25T01:21:16.004+0200] {processor.py:179} INFO - Processing /home/atef/.local/lib/python3.9/site-packages/airflow/example_dags/example_short_circuit_decorator.py took 0.492 seconds
[2025-06-25T01:22:33.481+0200] {processor.py:157} INFO - Started process (PID=177067) to work on /home/atef/.local/lib/python3.9/site-packages/airflow/example_dags/example_short_circuit_decorator.py
[2025-06-25T01:22:33.488+0200] {processor.py:826} INFO - Processing file /home/atef/.local/lib/python3.9/site-packages/airflow/example_dags/example_short_circuit_decorator.py for tasks to queue
[2025-06-25T01:22:33.493+0200] {logging_mixin.py:149} INFO - [2025-06-25T01:22:33.492+0200] {dagbag.py:541} INFO - Filling up the DagBag from /home/atef/.local/lib/python3.9/site-packages/airflow/example_dags/example_short_circuit_decorator.py
[2025-06-25T01:22:33.599+0200] {processor.py:836} INFO - DAG(s) dict_keys(['example_short_circuit_decorator']) retrieved from /home/atef/.local/lib/python3.9/site-packages/airflow/example_dags/example_short_circuit_decorator.py
[2025-06-25T01:22:33.709+0200] {logging_mixin.py:149} INFO - [2025-06-25T01:22:33.709+0200] {dag.py:2726} INFO - Sync 1 DAGs
[2025-06-25T01:22:33.761+0200] {logging_mixin.py:149} INFO - [2025-06-25T01:22:33.761+0200] {dag.py:3486} INFO - Setting next_dagrun for example_short_circuit_decorator to 2025-06-23T23:22:33.759933+00:00, run_after=2025-06-24T23:22:33.759933+00:00
[2025-06-25T01:22:33.804+0200] {processor.py:179} INFO - Processing /home/atef/.local/lib/python3.9/site-packages/airflow/example_dags/example_short_circuit_decorator.py took 0.359 seconds
[2025-06-25T01:24:17.019+0200] {processor.py:157} INFO - Started process (PID=177851) to work on /home/atef/.local/lib/python3.9/site-packages/airflow/example_dags/example_short_circuit_decorator.py
[2025-06-25T01:24:17.025+0200] {processor.py:826} INFO - Processing file /home/atef/.local/lib/python3.9/site-packages/airflow/example_dags/example_short_circuit_decorator.py for tasks to queue
[2025-06-25T01:24:17.028+0200] {logging_mixin.py:149} INFO - [2025-06-25T01:24:17.028+0200] {dagbag.py:541} INFO - Filling up the DagBag from /home/atef/.local/lib/python3.9/site-packages/airflow/example_dags/example_short_circuit_decorator.py
[2025-06-25T01:24:17.079+0200] {processor.py:836} INFO - DAG(s) dict_keys(['example_short_circuit_decorator']) retrieved from /home/atef/.local/lib/python3.9/site-packages/airflow/example_dags/example_short_circuit_decorator.py
[2025-06-25T01:24:17.186+0200] {logging_mixin.py:149} INFO - [2025-06-25T01:24:17.186+0200] {dag.py:2726} INFO - Sync 1 DAGs
[2025-06-25T01:24:17.281+0200] {logging_mixin.py:149} INFO - [2025-06-25T01:24:17.280+0200] {dag.py:3486} INFO - Setting next_dagrun for example_short_circuit_decorator to 2025-06-23T23:24:17.278875+00:00, run_after=2025-06-24T23:24:17.278875+00:00
[2025-06-25T01:24:17.354+0200] {processor.py:179} INFO - Processing /home/atef/.local/lib/python3.9/site-packages/airflow/example_dags/example_short_circuit_decorator.py took 0.357 seconds
[2025-06-25T01:26:25.170+0200] {processor.py:157} INFO - Started process (PID=178748) to work on /home/atef/.local/lib/python3.9/site-packages/airflow/example_dags/example_short_circuit_decorator.py
[2025-06-25T01:26:25.262+0200] {processor.py:826} INFO - Processing file /home/atef/.local/lib/python3.9/site-packages/airflow/example_dags/example_short_circuit_decorator.py for tasks to queue
[2025-06-25T01:26:25.304+0200] {logging_mixin.py:149} INFO - [2025-06-25T01:26:25.279+0200] {dagbag.py:541} INFO - Filling up the DagBag from /home/atef/.local/lib/python3.9/site-packages/airflow/example_dags/example_short_circuit_decorator.py
[2025-06-25T01:26:25.890+0200] {processor.py:836} INFO - DAG(s) dict_keys(['example_short_circuit_decorator']) retrieved from /home/atef/.local/lib/python3.9/site-packages/airflow/example_dags/example_short_circuit_decorator.py
[2025-06-25T01:26:26.351+0200] {logging_mixin.py:149} INFO - [2025-06-25T01:26:26.351+0200] {dag.py:2726} INFO - Sync 1 DAGs
[2025-06-25T01:26:26.469+0200] {logging_mixin.py:149} INFO - [2025-06-25T01:26:26.468+0200] {dag.py:3486} INFO - Setting next_dagrun for example_short_circuit_decorator to 2025-06-23T23:26:26.465092+00:00, run_after=2025-06-24T23:26:26.465092+00:00
[2025-06-25T01:26:26.664+0200] {processor.py:179} INFO - Processing /home/atef/.local/lib/python3.9/site-packages/airflow/example_dags/example_short_circuit_decorator.py took 1.836 seconds
[2025-06-25T01:27:46.276+0200] {processor.py:157} INFO - Started process (PID=179115) to work on /home/atef/.local/lib/python3.9/site-packages/airflow/example_dags/example_short_circuit_decorator.py
[2025-06-25T01:27:46.321+0200] {processor.py:826} INFO - Processing file /home/atef/.local/lib/python3.9/site-packages/airflow/example_dags/example_short_circuit_decorator.py for tasks to queue
[2025-06-25T01:27:46.341+0200] {logging_mixin.py:149} INFO - [2025-06-25T01:27:46.324+0200] {dagbag.py:541} INFO - Filling up the DagBag from /home/atef/.local/lib/python3.9/site-packages/airflow/example_dags/example_short_circuit_decorator.py
[2025-06-25T01:27:46.652+0200] {processor.py:836} INFO - DAG(s) dict_keys(['example_short_circuit_decorator']) retrieved from /home/atef/.local/lib/python3.9/site-packages/airflow/example_dags/example_short_circuit_decorator.py
[2025-06-25T01:28:08.997+0200] {logging_mixin.py:149} INFO - [2025-06-25T01:28:08.989+0200] {dag.py:2726} INFO - Sync 1 DAGs
[2025-06-25T01:28:09.992+0200] {logging_mixin.py:149} INFO - [2025-06-25T01:28:09.986+0200] {dag.py:3486} INFO - Setting next_dagrun for example_short_circuit_decorator to 2025-06-23T23:28:09.980260+00:00, run_after=2025-06-24T23:28:09.980260+00:00
[2025-06-25T01:28:11.524+0200] {processor.py:179} INFO - Processing /home/atef/.local/lib/python3.9/site-packages/airflow/example_dags/example_short_circuit_decorator.py took 37.456 seconds
[2025-06-25T01:29:13.862+0200] {processor.py:157} INFO - Started process (PID=180085) to work on /home/atef/.local/lib/python3.9/site-packages/airflow/example_dags/example_short_circuit_decorator.py
[2025-06-25T01:29:13.867+0200] {processor.py:826} INFO - Processing file /home/atef/.local/lib/python3.9/site-packages/airflow/example_dags/example_short_circuit_decorator.py for tasks to queue
[2025-06-25T01:29:13.869+0200] {logging_mixin.py:149} INFO - [2025-06-25T01:29:13.869+0200] {dagbag.py:541} INFO - Filling up the DagBag from /home/atef/.local/lib/python3.9/site-packages/airflow/example_dags/example_short_circuit_decorator.py
[2025-06-25T01:29:13.913+0200] {processor.py:836} INFO - DAG(s) dict_keys(['example_short_circuit_decorator']) retrieved from /home/atef/.local/lib/python3.9/site-packages/airflow/example_dags/example_short_circuit_decorator.py
[2025-06-25T01:29:14.059+0200] {logging_mixin.py:149} INFO - [2025-06-25T01:29:14.058+0200] {dag.py:2726} INFO - Sync 1 DAGs
[2025-06-25T01:29:14.127+0200] {logging_mixin.py:149} INFO - [2025-06-25T01:29:14.127+0200] {dag.py:3486} INFO - Setting next_dagrun for example_short_circuit_decorator to 2025-06-23T23:29:14.126676+00:00, run_after=2025-06-24T23:29:14.126676+00:00
[2025-06-25T01:29:14.208+0200] {processor.py:179} INFO - Processing /home/atef/.local/lib/python3.9/site-packages/airflow/example_dags/example_short_circuit_decorator.py took 0.360 seconds
[2025-06-25T01:30:26.297+0200] {processor.py:157} INFO - Started process (PID=180574) to work on /home/atef/.local/lib/python3.9/site-packages/airflow/example_dags/example_short_circuit_decorator.py
[2025-06-25T01:30:26.307+0200] {processor.py:826} INFO - Processing file /home/atef/.local/lib/python3.9/site-packages/airflow/example_dags/example_short_circuit_decorator.py for tasks to queue
[2025-06-25T01:30:26.314+0200] {logging_mixin.py:149} INFO - [2025-06-25T01:30:26.314+0200] {dagbag.py:541} INFO - Filling up the DagBag from /home/atef/.local/lib/python3.9/site-packages/airflow/example_dags/example_short_circuit_decorator.py
[2025-06-25T01:30:26.468+0200] {processor.py:836} INFO - DAG(s) dict_keys(['example_short_circuit_decorator']) retrieved from /home/atef/.local/lib/python3.9/site-packages/airflow/example_dags/example_short_circuit_decorator.py
[2025-06-25T01:30:26.755+0200] {logging_mixin.py:149} INFO - [2025-06-25T01:30:26.755+0200] {dag.py:2726} INFO - Sync 1 DAGs
[2025-06-25T01:30:26.867+0200] {logging_mixin.py:149} INFO - [2025-06-25T01:30:26.867+0200] {dag.py:3486} INFO - Setting next_dagrun for example_short_circuit_decorator to 2025-06-23T23:30:26.866372+00:00, run_after=2025-06-24T23:30:26.866372+00:00
[2025-06-25T01:30:26.973+0200] {processor.py:179} INFO - Processing /home/atef/.local/lib/python3.9/site-packages/airflow/example_dags/example_short_circuit_decorator.py took 0.718 seconds
[2025-06-25T01:31:58.416+0200] {processor.py:157} INFO - Started process (PID=181306) to work on /home/atef/.local/lib/python3.9/site-packages/airflow/example_dags/example_short_circuit_decorator.py
[2025-06-25T01:31:58.425+0200] {processor.py:826} INFO - Processing file /home/atef/.local/lib/python3.9/site-packages/airflow/example_dags/example_short_circuit_decorator.py for tasks to queue
[2025-06-25T01:31:58.429+0200] {logging_mixin.py:149} INFO - [2025-06-25T01:31:58.429+0200] {dagbag.py:541} INFO - Filling up the DagBag from /home/atef/.local/lib/python3.9/site-packages/airflow/example_dags/example_short_circuit_decorator.py
[2025-06-25T01:31:58.479+0200] {processor.py:836} INFO - DAG(s) dict_keys(['example_short_circuit_decorator']) retrieved from /home/atef/.local/lib/python3.9/site-packages/airflow/example_dags/example_short_circuit_decorator.py
[2025-06-25T01:31:58.550+0200] {logging_mixin.py:149} INFO - [2025-06-25T01:31:58.550+0200] {dag.py:2726} INFO - Sync 1 DAGs
[2025-06-25T01:31:58.597+0200] {logging_mixin.py:149} INFO - [2025-06-25T01:31:58.597+0200] {dag.py:3486} INFO - Setting next_dagrun for example_short_circuit_decorator to 2025-06-23T23:31:58.596936+00:00, run_after=2025-06-24T23:31:58.596936+00:00
[2025-06-25T01:31:58.654+0200] {processor.py:179} INFO - Processing /home/atef/.local/lib/python3.9/site-packages/airflow/example_dags/example_short_circuit_decorator.py took 0.266 seconds
[2025-06-25T01:33:05.966+0200] {processor.py:157} INFO - Started process (PID=181582) to work on /home/atef/.local/lib/python3.9/site-packages/airflow/example_dags/example_short_circuit_decorator.py
[2025-06-25T01:33:05.977+0200] {processor.py:826} INFO - Processing file /home/atef/.local/lib/python3.9/site-packages/airflow/example_dags/example_short_circuit_decorator.py for tasks to queue
[2025-06-25T01:33:05.982+0200] {logging_mixin.py:149} INFO - [2025-06-25T01:33:05.982+0200] {dagbag.py:541} INFO - Filling up the DagBag from /home/atef/.local/lib/python3.9/site-packages/airflow/example_dags/example_short_circuit_decorator.py
[2025-06-25T01:33:06.068+0200] {processor.py:836} INFO - DAG(s) dict_keys(['example_short_circuit_decorator']) retrieved from /home/atef/.local/lib/python3.9/site-packages/airflow/example_dags/example_short_circuit_decorator.py
[2025-06-25T01:33:06.252+0200] {logging_mixin.py:149} INFO - [2025-06-25T01:33:06.252+0200] {dag.py:2726} INFO - Sync 1 DAGs
[2025-06-25T01:33:06.460+0200] {logging_mixin.py:149} INFO - [2025-06-25T01:33:06.459+0200] {dag.py:3486} INFO - Setting next_dagrun for example_short_circuit_decorator to 2025-06-23T23:33:06.459098+00:00, run_after=2025-06-24T23:33:06.459098+00:00
[2025-06-25T01:33:06.537+0200] {processor.py:179} INFO - Processing /home/atef/.local/lib/python3.9/site-packages/airflow/example_dags/example_short_circuit_decorator.py took 0.605 seconds
[2025-06-25T01:35:48.171+0200] {processor.py:157} INFO - Started process (PID=182309) to work on /home/atef/.local/lib/python3.9/site-packages/airflow/example_dags/example_short_circuit_decorator.py
[2025-06-25T01:35:48.176+0200] {processor.py:826} INFO - Processing file /home/atef/.local/lib/python3.9/site-packages/airflow/example_dags/example_short_circuit_decorator.py for tasks to queue
[2025-06-25T01:35:48.179+0200] {logging_mixin.py:149} INFO - [2025-06-25T01:35:48.179+0200] {dagbag.py:541} INFO - Filling up the DagBag from /home/atef/.local/lib/python3.9/site-packages/airflow/example_dags/example_short_circuit_decorator.py
[2025-06-25T01:35:48.225+0200] {processor.py:836} INFO - DAG(s) dict_keys(['example_short_circuit_decorator']) retrieved from /home/atef/.local/lib/python3.9/site-packages/airflow/example_dags/example_short_circuit_decorator.py
[2025-06-25T01:35:48.352+0200] {logging_mixin.py:149} INFO - [2025-06-25T01:35:48.352+0200] {dag.py:2726} INFO - Sync 1 DAGs
[2025-06-25T01:35:48.453+0200] {logging_mixin.py:149} INFO - [2025-06-25T01:35:48.453+0200] {dag.py:3486} INFO - Setting next_dagrun for example_short_circuit_decorator to 2025-06-23T23:35:48.452298+00:00, run_after=2025-06-24T23:35:48.452298+00:00
[2025-06-25T01:35:48.525+0200] {processor.py:179} INFO - Processing /home/atef/.local/lib/python3.9/site-packages/airflow/example_dags/example_short_circuit_decorator.py took 0.382 seconds
[2025-06-25T01:37:51.135+0200] {processor.py:157} INFO - Started process (PID=183188) to work on /home/atef/.local/lib/python3.9/site-packages/airflow/example_dags/example_short_circuit_decorator.py
[2025-06-25T01:37:51.262+0200] {processor.py:826} INFO - Processing file /home/atef/.local/lib/python3.9/site-packages/airflow/example_dags/example_short_circuit_decorator.py for tasks to queue
[2025-06-25T01:37:51.280+0200] {logging_mixin.py:149} INFO - [2025-06-25T01:37:51.277+0200] {dagbag.py:541} INFO - Filling up the DagBag from /home/atef/.local/lib/python3.9/site-packages/airflow/example_dags/example_short_circuit_decorator.py
[2025-06-25T01:37:51.560+0200] {processor.py:836} INFO - DAG(s) dict_keys(['example_short_circuit_decorator']) retrieved from /home/atef/.local/lib/python3.9/site-packages/airflow/example_dags/example_short_circuit_decorator.py
[2025-06-25T01:37:51.979+0200] {logging_mixin.py:149} INFO - [2025-06-25T01:37:51.978+0200] {dag.py:2726} INFO - Sync 1 DAGs
[2025-06-25T01:37:52.244+0200] {logging_mixin.py:149} INFO - [2025-06-25T01:37:52.243+0200] {dag.py:3486} INFO - Setting next_dagrun for example_short_circuit_decorator to 2025-06-23T23:37:52.242093+00:00, run_after=2025-06-24T23:37:52.242093+00:00
[2025-06-25T01:37:52.412+0200] {processor.py:179} INFO - Processing /home/atef/.local/lib/python3.9/site-packages/airflow/example_dags/example_short_circuit_decorator.py took 1.356 seconds
[2025-06-25T01:39:12.197+0200] {processor.py:157} INFO - Started process (PID=183711) to work on /home/atef/.local/lib/python3.9/site-packages/airflow/example_dags/example_short_circuit_decorator.py
[2025-06-25T01:39:12.205+0200] {processor.py:826} INFO - Processing file /home/atef/.local/lib/python3.9/site-packages/airflow/example_dags/example_short_circuit_decorator.py for tasks to queue
[2025-06-25T01:39:12.208+0200] {logging_mixin.py:149} INFO - [2025-06-25T01:39:12.208+0200] {dagbag.py:541} INFO - Filling up the DagBag from /home/atef/.local/lib/python3.9/site-packages/airflow/example_dags/example_short_circuit_decorator.py
[2025-06-25T01:39:12.255+0200] {processor.py:836} INFO - DAG(s) dict_keys(['example_short_circuit_decorator']) retrieved from /home/atef/.local/lib/python3.9/site-packages/airflow/example_dags/example_short_circuit_decorator.py
[2025-06-25T01:39:12.346+0200] {logging_mixin.py:149} INFO - [2025-06-25T01:39:12.346+0200] {dag.py:2726} INFO - Sync 1 DAGs
[2025-06-25T01:39:12.395+0200] {logging_mixin.py:149} INFO - [2025-06-25T01:39:12.395+0200] {dag.py:3486} INFO - Setting next_dagrun for example_short_circuit_decorator to 2025-06-23T23:39:12.394431+00:00, run_after=2025-06-24T23:39:12.394431+00:00
[2025-06-25T01:39:12.441+0200] {processor.py:179} INFO - Processing /home/atef/.local/lib/python3.9/site-packages/airflow/example_dags/example_short_circuit_decorator.py took 0.267 seconds
[2025-06-25T01:40:30.553+0200] {processor.py:157} INFO - Started process (PID=183882) to work on /home/atef/.local/lib/python3.9/site-packages/airflow/example_dags/example_short_circuit_decorator.py
[2025-06-25T01:40:30.562+0200] {processor.py:826} INFO - Processing file /home/atef/.local/lib/python3.9/site-packages/airflow/example_dags/example_short_circuit_decorator.py for tasks to queue
[2025-06-25T01:40:30.568+0200] {logging_mixin.py:149} INFO - [2025-06-25T01:40:30.567+0200] {dagbag.py:541} INFO - Filling up the DagBag from /home/atef/.local/lib/python3.9/site-packages/airflow/example_dags/example_short_circuit_decorator.py
[2025-06-25T01:40:30.647+0200] {processor.py:836} INFO - DAG(s) dict_keys(['example_short_circuit_decorator']) retrieved from /home/atef/.local/lib/python3.9/site-packages/airflow/example_dags/example_short_circuit_decorator.py
[2025-06-25T01:40:30.840+0200] {logging_mixin.py:149} INFO - [2025-06-25T01:40:30.839+0200] {dag.py:2726} INFO - Sync 1 DAGs
[2025-06-25T01:40:30.961+0200] {logging_mixin.py:149} INFO - [2025-06-25T01:40:30.960+0200] {dag.py:3486} INFO - Setting next_dagrun for example_short_circuit_decorator to 2025-06-23T23:40:30.958767+00:00, run_after=2025-06-24T23:40:30.958767+00:00
[2025-06-25T01:40:31.157+0200] {processor.py:179} INFO - Processing /home/atef/.local/lib/python3.9/site-packages/airflow/example_dags/example_short_circuit_decorator.py took 0.640 seconds
[2025-06-25T01:45:33.268+0200] {processor.py:157} INFO - Started process (PID=187282) to work on /home/atef/.local/lib/python3.9/site-packages/airflow/example_dags/example_short_circuit_decorator.py
[2025-06-25T01:45:33.275+0200] {processor.py:826} INFO - Processing file /home/atef/.local/lib/python3.9/site-packages/airflow/example_dags/example_short_circuit_decorator.py for tasks to queue
[2025-06-25T01:45:33.279+0200] {logging_mixin.py:149} INFO - [2025-06-25T01:45:33.278+0200] {dagbag.py:541} INFO - Filling up the DagBag from /home/atef/.local/lib/python3.9/site-packages/airflow/example_dags/example_short_circuit_decorator.py
[2025-06-25T01:45:33.331+0200] {processor.py:836} INFO - DAG(s) dict_keys(['example_short_circuit_decorator']) retrieved from /home/atef/.local/lib/python3.9/site-packages/airflow/example_dags/example_short_circuit_decorator.py
[2025-06-25T01:45:33.488+0200] {logging_mixin.py:149} INFO - [2025-06-25T01:45:33.487+0200] {dag.py:2726} INFO - Sync 1 DAGs
[2025-06-25T01:45:33.565+0200] {logging_mixin.py:149} INFO - [2025-06-25T01:45:33.564+0200] {dag.py:3486} INFO - Setting next_dagrun for example_short_circuit_decorator to 2025-06-23T23:45:33.563150+00:00, run_after=2025-06-24T23:45:33.563150+00:00
[2025-06-25T01:45:33.758+0200] {processor.py:179} INFO - Processing /home/atef/.local/lib/python3.9/site-packages/airflow/example_dags/example_short_circuit_decorator.py took 0.516 seconds
[2025-06-25T01:46:50.188+0200] {processor.py:157} INFO - Started process (PID=187985) to work on /home/atef/.local/lib/python3.9/site-packages/airflow/example_dags/example_short_circuit_decorator.py
[2025-06-25T01:46:50.196+0200] {processor.py:826} INFO - Processing file /home/atef/.local/lib/python3.9/site-packages/airflow/example_dags/example_short_circuit_decorator.py for tasks to queue
[2025-06-25T01:46:50.199+0200] {logging_mixin.py:149} INFO - [2025-06-25T01:46:50.199+0200] {dagbag.py:541} INFO - Filling up the DagBag from /home/atef/.local/lib/python3.9/site-packages/airflow/example_dags/example_short_circuit_decorator.py
[2025-06-25T01:46:50.243+0200] {processor.py:836} INFO - DAG(s) dict_keys(['example_short_circuit_decorator']) retrieved from /home/atef/.local/lib/python3.9/site-packages/airflow/example_dags/example_short_circuit_decorator.py
[2025-06-25T01:46:50.352+0200] {logging_mixin.py:149} INFO - [2025-06-25T01:46:50.351+0200] {dag.py:2726} INFO - Sync 1 DAGs
[2025-06-25T01:46:50.411+0200] {logging_mixin.py:149} INFO - [2025-06-25T01:46:50.411+0200] {dag.py:3486} INFO - Setting next_dagrun for example_short_circuit_decorator to 2025-06-23T23:46:50.410041+00:00, run_after=2025-06-24T23:46:50.410041+00:00
[2025-06-25T01:46:50.660+0200] {processor.py:179} INFO - Processing /home/atef/.local/lib/python3.9/site-packages/airflow/example_dags/example_short_circuit_decorator.py took 0.494 seconds
[2025-06-25T01:48:32.715+0200] {processor.py:157} INFO - Started process (PID=188717) to work on /home/atef/.local/lib/python3.9/site-packages/airflow/example_dags/example_short_circuit_decorator.py
[2025-06-25T01:48:32.723+0200] {processor.py:826} INFO - Processing file /home/atef/.local/lib/python3.9/site-packages/airflow/example_dags/example_short_circuit_decorator.py for tasks to queue
[2025-06-25T01:48:32.727+0200] {logging_mixin.py:149} INFO - [2025-06-25T01:48:32.726+0200] {dagbag.py:541} INFO - Filling up the DagBag from /home/atef/.local/lib/python3.9/site-packages/airflow/example_dags/example_short_circuit_decorator.py
[2025-06-25T01:48:32.797+0200] {processor.py:836} INFO - DAG(s) dict_keys(['example_short_circuit_decorator']) retrieved from /home/atef/.local/lib/python3.9/site-packages/airflow/example_dags/example_short_circuit_decorator.py
[2025-06-25T01:48:33.095+0200] {logging_mixin.py:149} INFO - [2025-06-25T01:48:33.095+0200] {dag.py:2726} INFO - Sync 1 DAGs
[2025-06-25T01:48:33.268+0200] {logging_mixin.py:149} INFO - [2025-06-25T01:48:33.267+0200] {dag.py:3486} INFO - Setting next_dagrun for example_short_circuit_decorator to 2025-06-23T23:48:33.266632+00:00, run_after=2025-06-24T23:48:33.266632+00:00
[2025-06-25T01:48:33.383+0200] {processor.py:179} INFO - Processing /home/atef/.local/lib/python3.9/site-packages/airflow/example_dags/example_short_circuit_decorator.py took 0.698 seconds
[2025-06-25T01:50:19.732+0200] {processor.py:157} INFO - Started process (PID=189517) to work on /home/atef/.local/lib/python3.9/site-packages/airflow/example_dags/example_short_circuit_decorator.py
[2025-06-25T01:50:19.741+0200] {processor.py:826} INFO - Processing file /home/atef/.local/lib/python3.9/site-packages/airflow/example_dags/example_short_circuit_decorator.py for tasks to queue
[2025-06-25T01:50:19.748+0200] {logging_mixin.py:149} INFO - [2025-06-25T01:50:19.746+0200] {dagbag.py:541} INFO - Filling up the DagBag from /home/atef/.local/lib/python3.9/site-packages/airflow/example_dags/example_short_circuit_decorator.py
[2025-06-25T01:50:19.821+0200] {processor.py:836} INFO - DAG(s) dict_keys(['example_short_circuit_decorator']) retrieved from /home/atef/.local/lib/python3.9/site-packages/airflow/example_dags/example_short_circuit_decorator.py
[2025-06-25T01:50:20.040+0200] {logging_mixin.py:149} INFO - [2025-06-25T01:50:20.039+0200] {dag.py:2726} INFO - Sync 1 DAGs
[2025-06-25T01:50:20.229+0200] {logging_mixin.py:149} INFO - [2025-06-25T01:50:20.228+0200] {dag.py:3486} INFO - Setting next_dagrun for example_short_circuit_decorator to 2025-06-23T23:50:20.225847+00:00, run_after=2025-06-24T23:50:20.225847+00:00
[2025-06-25T01:50:20.399+0200] {processor.py:179} INFO - Processing /home/atef/.local/lib/python3.9/site-packages/airflow/example_dags/example_short_circuit_decorator.py took 0.701 seconds
[2025-06-25T01:52:29.588+0200] {processor.py:157} INFO - Started process (PID=190007) to work on /home/atef/.local/lib/python3.9/site-packages/airflow/example_dags/example_short_circuit_decorator.py
[2025-06-25T01:52:29.598+0200] {processor.py:826} INFO - Processing file /home/atef/.local/lib/python3.9/site-packages/airflow/example_dags/example_short_circuit_decorator.py for tasks to queue
[2025-06-25T01:52:29.607+0200] {logging_mixin.py:149} INFO - [2025-06-25T01:52:29.606+0200] {dagbag.py:541} INFO - Filling up the DagBag from /home/atef/.local/lib/python3.9/site-packages/airflow/example_dags/example_short_circuit_decorator.py
[2025-06-25T01:52:29.699+0200] {processor.py:836} INFO - DAG(s) dict_keys(['example_short_circuit_decorator']) retrieved from /home/atef/.local/lib/python3.9/site-packages/airflow/example_dags/example_short_circuit_decorator.py
[2025-06-25T01:52:30.058+0200] {logging_mixin.py:149} INFO - [2025-06-25T01:52:30.053+0200] {dag.py:2726} INFO - Sync 1 DAGs
[2025-06-25T01:52:30.228+0200] {logging_mixin.py:149} INFO - [2025-06-25T01:52:30.228+0200] {dag.py:3486} INFO - Setting next_dagrun for example_short_circuit_decorator to 2025-06-23T23:52:30.225671+00:00, run_after=2025-06-24T23:52:30.225671+00:00
[2025-06-25T01:52:30.380+0200] {processor.py:179} INFO - Processing /home/atef/.local/lib/python3.9/site-packages/airflow/example_dags/example_short_circuit_decorator.py took 0.842 seconds
[2025-06-25T01:55:34.844+0200] {processor.py:157} INFO - Started process (PID=190890) to work on /home/atef/.local/lib/python3.9/site-packages/airflow/example_dags/example_short_circuit_decorator.py
[2025-06-25T01:55:34.853+0200] {processor.py:826} INFO - Processing file /home/atef/.local/lib/python3.9/site-packages/airflow/example_dags/example_short_circuit_decorator.py for tasks to queue
[2025-06-25T01:55:34.863+0200] {logging_mixin.py:149} INFO - [2025-06-25T01:55:34.862+0200] {dagbag.py:541} INFO - Filling up the DagBag from /home/atef/.local/lib/python3.9/site-packages/airflow/example_dags/example_short_circuit_decorator.py
[2025-06-25T01:55:34.957+0200] {processor.py:836} INFO - DAG(s) dict_keys(['example_short_circuit_decorator']) retrieved from /home/atef/.local/lib/python3.9/site-packages/airflow/example_dags/example_short_circuit_decorator.py
[2025-06-25T01:55:35.105+0200] {logging_mixin.py:149} INFO - [2025-06-25T01:55:35.104+0200] {dag.py:2726} INFO - Sync 1 DAGs
[2025-06-25T01:55:35.197+0200] {logging_mixin.py:149} INFO - [2025-06-25T01:55:35.196+0200] {dag.py:3486} INFO - Setting next_dagrun for example_short_circuit_decorator to 2025-06-23T23:55:35.195566+00:00, run_after=2025-06-24T23:55:35.195566+00:00
[2025-06-25T01:55:35.278+0200] {processor.py:179} INFO - Processing /home/atef/.local/lib/python3.9/site-packages/airflow/example_dags/example_short_circuit_decorator.py took 0.464 seconds
[2025-06-25T01:56:43.349+0200] {processor.py:157} INFO - Started process (PID=191204) to work on /home/atef/.local/lib/python3.9/site-packages/airflow/example_dags/example_short_circuit_decorator.py
[2025-06-25T01:56:43.359+0200] {processor.py:826} INFO - Processing file /home/atef/.local/lib/python3.9/site-packages/airflow/example_dags/example_short_circuit_decorator.py for tasks to queue
[2025-06-25T01:56:43.362+0200] {logging_mixin.py:149} INFO - [2025-06-25T01:56:43.362+0200] {dagbag.py:541} INFO - Filling up the DagBag from /home/atef/.local/lib/python3.9/site-packages/airflow/example_dags/example_short_circuit_decorator.py
[2025-06-25T01:56:43.420+0200] {processor.py:836} INFO - DAG(s) dict_keys(['example_short_circuit_decorator']) retrieved from /home/atef/.local/lib/python3.9/site-packages/airflow/example_dags/example_short_circuit_decorator.py
[2025-06-25T01:56:43.633+0200] {logging_mixin.py:149} INFO - [2025-06-25T01:56:43.633+0200] {dag.py:2726} INFO - Sync 1 DAGs
[2025-06-25T01:56:43.794+0200] {logging_mixin.py:149} INFO - [2025-06-25T01:56:43.794+0200] {dag.py:3486} INFO - Setting next_dagrun for example_short_circuit_decorator to 2025-06-23T23:56:43.793902+00:00, run_after=2025-06-24T23:56:43.793902+00:00
[2025-06-25T01:56:43.922+0200] {processor.py:179} INFO - Processing /home/atef/.local/lib/python3.9/site-packages/airflow/example_dags/example_short_circuit_decorator.py took 0.597 seconds
[2025-06-25T01:58:01.878+0200] {processor.py:157} INFO - Started process (PID=191645) to work on /home/atef/.local/lib/python3.9/site-packages/airflow/example_dags/example_short_circuit_decorator.py
[2025-06-25T01:58:01.888+0200] {processor.py:826} INFO - Processing file /home/atef/.local/lib/python3.9/site-packages/airflow/example_dags/example_short_circuit_decorator.py for tasks to queue
[2025-06-25T01:58:01.900+0200] {logging_mixin.py:149} INFO - [2025-06-25T01:58:01.899+0200] {dagbag.py:541} INFO - Filling up the DagBag from /home/atef/.local/lib/python3.9/site-packages/airflow/example_dags/example_short_circuit_decorator.py
[2025-06-25T01:58:01.985+0200] {processor.py:836} INFO - DAG(s) dict_keys(['example_short_circuit_decorator']) retrieved from /home/atef/.local/lib/python3.9/site-packages/airflow/example_dags/example_short_circuit_decorator.py
[2025-06-25T01:58:02.082+0200] {logging_mixin.py:149} INFO - [2025-06-25T01:58:02.080+0200] {dag.py:2726} INFO - Sync 1 DAGs
[2025-06-25T01:58:02.178+0200] {logging_mixin.py:149} INFO - [2025-06-25T01:58:02.177+0200] {dag.py:3486} INFO - Setting next_dagrun for example_short_circuit_decorator to 2025-06-23T23:58:02.177064+00:00, run_after=2025-06-24T23:58:02.177064+00:00
[2025-06-25T01:58:02.223+0200] {processor.py:179} INFO - Processing /home/atef/.local/lib/python3.9/site-packages/airflow/example_dags/example_short_circuit_decorator.py took 0.405 seconds
