[2025-06-24T23:14:52.053+0200] {processor.py:157} INFO - Started process (PID=154792) to work on /home/atef/.local/lib/python3.9/site-packages/airflow/example_dags/example_sla_dag.py
[2025-06-24T23:14:52.057+0200] {processor.py:826} INFO - Processing file /home/atef/.local/lib/python3.9/site-packages/airflow/example_dags/example_sla_dag.py for tasks to queue
[2025-06-24T23:14:52.060+0200] {logging_mixin.py:149} INFO - [2025-06-24T23:14:52.059+0200] {dagbag.py:541} INFO - Filling up the DagBag from /home/atef/.local/lib/python3.9/site-packages/airflow/example_dags/example_sla_dag.py
[2025-06-24T23:14:52.096+0200] {processor.py:836} INFO - DAG(s) dict_keys(['example_sla_dag']) retrieved from /home/atef/.local/lib/python3.9/site-packages/airflow/example_dags/example_sla_dag.py
[2025-06-24T23:14:52.172+0200] {logging_mixin.py:149} INFO - [2025-06-24T23:14:52.172+0200] {dag.py:2726} INFO - Sync 1 DAGs
[2025-06-24T23:14:52.251+0200] {logging_mixin.py:149} INFO - [2025-06-24T23:14:52.250+0200] {dag.py:3486} INFO - Setting next_dagrun for example_sla_dag to 2025-06-24T21:12:00+00:00, run_after=2025-06-24T21:14:00+00:00
[2025-06-24T23:14:52.315+0200] {processor.py:179} INFO - Processing /home/atef/.local/lib/python3.9/site-packages/airflow/example_dags/example_sla_dag.py took 0.278 seconds
[2025-06-24T23:16:23.476+0200] {processor.py:157} INFO - Started process (PID=155110) to work on /home/atef/.local/lib/python3.9/site-packages/airflow/example_dags/example_sla_dag.py
[2025-06-24T23:16:23.481+0200] {processor.py:826} INFO - Processing file /home/atef/.local/lib/python3.9/site-packages/airflow/example_dags/example_sla_dag.py for tasks to queue
[2025-06-24T23:16:23.484+0200] {logging_mixin.py:149} INFO - [2025-06-24T23:16:23.484+0200] {dagbag.py:541} INFO - Filling up the DagBag from /home/atef/.local/lib/python3.9/site-packages/airflow/example_dags/example_sla_dag.py
[2025-06-24T23:16:23.522+0200] {processor.py:836} INFO - DAG(s) dict_keys(['example_sla_dag']) retrieved from /home/atef/.local/lib/python3.9/site-packages/airflow/example_dags/example_sla_dag.py
[2025-06-24T23:16:23.621+0200] {logging_mixin.py:149} INFO - [2025-06-24T23:16:23.621+0200] {dag.py:2726} INFO - Sync 1 DAGs
[2025-06-24T23:16:23.679+0200] {logging_mixin.py:149} INFO - [2025-06-24T23:16:23.678+0200] {dag.py:3486} INFO - Setting next_dagrun for example_sla_dag to 2025-06-24T21:14:00+00:00, run_after=2025-06-24T21:16:00+00:00
[2025-06-24T23:16:23.739+0200] {processor.py:179} INFO - Processing /home/atef/.local/lib/python3.9/site-packages/airflow/example_dags/example_sla_dag.py took 0.276 seconds
[2025-06-24T23:17:22.525+0200] {processor.py:157} INFO - Started process (PID=155243) to work on /home/atef/.local/lib/python3.9/site-packages/airflow/example_dags/example_sla_dag.py
[2025-06-24T23:17:22.533+0200] {processor.py:826} INFO - Processing file /home/atef/.local/lib/python3.9/site-packages/airflow/example_dags/example_sla_dag.py for tasks to queue
[2025-06-24T23:17:22.538+0200] {logging_mixin.py:149} INFO - [2025-06-24T23:17:22.537+0200] {dagbag.py:541} INFO - Filling up the DagBag from /home/atef/.local/lib/python3.9/site-packages/airflow/example_dags/example_sla_dag.py
[2025-06-24T23:17:22.592+0200] {processor.py:836} INFO - DAG(s) dict_keys(['example_sla_dag']) retrieved from /home/atef/.local/lib/python3.9/site-packages/airflow/example_dags/example_sla_dag.py
[2025-06-24T23:17:22.794+0200] {logging_mixin.py:149} INFO - [2025-06-24T23:17:22.794+0200] {dag.py:2726} INFO - Sync 1 DAGs
[2025-06-24T23:17:22.891+0200] {logging_mixin.py:149} INFO - [2025-06-24T23:17:22.891+0200] {dag.py:3486} INFO - Setting next_dagrun for example_sla_dag to 2025-06-24T21:14:00+00:00, run_after=2025-06-24T21:16:00+00:00
[2025-06-24T23:17:22.966+0200] {processor.py:179} INFO - Processing /home/atef/.local/lib/python3.9/site-packages/airflow/example_dags/example_sla_dag.py took 0.464 seconds
[2025-06-25T01:11:17.433+0200] {processor.py:157} INFO - Started process (PID=172875) to work on /home/atef/.local/lib/python3.9/site-packages/airflow/example_dags/example_sla_dag.py
[2025-06-25T01:11:17.759+0200] {processor.py:826} INFO - Processing file /home/atef/.local/lib/python3.9/site-packages/airflow/example_dags/example_sla_dag.py for tasks to queue
[2025-06-25T01:11:17.765+0200] {logging_mixin.py:149} INFO - [2025-06-25T01:11:17.764+0200] {dagbag.py:541} INFO - Filling up the DagBag from /home/atef/.local/lib/python3.9/site-packages/airflow/example_dags/example_sla_dag.py
[2025-06-25T01:11:17.940+0200] {processor.py:836} INFO - DAG(s) dict_keys(['example_sla_dag']) retrieved from /home/atef/.local/lib/python3.9/site-packages/airflow/example_dags/example_sla_dag.py
[2025-06-25T01:11:18.286+0200] {logging_mixin.py:149} INFO - [2025-06-25T01:11:18.286+0200] {dag.py:2726} INFO - Sync 1 DAGs
[2025-06-25T01:11:18.538+0200] {logging_mixin.py:149} INFO - [2025-06-25T01:11:18.537+0200] {dag.py:3486} INFO - Setting next_dagrun for example_sla_dag to 2025-06-24T23:08:00+00:00, run_after=2025-06-24T23:10:00+00:00
[2025-06-25T01:11:18.674+0200] {processor.py:179} INFO - Processing /home/atef/.local/lib/python3.9/site-packages/airflow/example_dags/example_sla_dag.py took 1.301 seconds
[2025-06-25T01:17:44.073+0200] {processor.py:157} INFO - Started process (PID=174810) to work on /home/atef/.local/lib/python3.9/site-packages/airflow/example_dags/example_sla_dag.py
[2025-06-25T01:17:44.083+0200] {processor.py:826} INFO - Processing file /home/atef/.local/lib/python3.9/site-packages/airflow/example_dags/example_sla_dag.py for tasks to queue
[2025-06-25T01:17:44.087+0200] {logging_mixin.py:149} INFO - [2025-06-25T01:17:44.086+0200] {dagbag.py:541} INFO - Filling up the DagBag from /home/atef/.local/lib/python3.9/site-packages/airflow/example_dags/example_sla_dag.py
[2025-06-25T01:17:44.137+0200] {processor.py:836} INFO - DAG(s) dict_keys(['example_sla_dag']) retrieved from /home/atef/.local/lib/python3.9/site-packages/airflow/example_dags/example_sla_dag.py
[2025-06-25T01:17:44.281+0200] {logging_mixin.py:149} INFO - [2025-06-25T01:17:44.279+0200] {dag.py:2726} INFO - Sync 1 DAGs
[2025-06-25T01:17:44.469+0200] {logging_mixin.py:149} INFO - [2025-06-25T01:17:44.468+0200] {dag.py:3486} INFO - Setting next_dagrun for example_sla_dag to 2025-06-24T23:14:00+00:00, run_after=2025-06-24T23:16:00+00:00
[2025-06-25T01:17:44.577+0200] {processor.py:179} INFO - Processing /home/atef/.local/lib/python3.9/site-packages/airflow/example_dags/example_sla_dag.py took 0.526 seconds
[2025-06-25T01:19:28.007+0200] {processor.py:157} INFO - Started process (PID=175697) to work on /home/atef/.local/lib/python3.9/site-packages/airflow/example_dags/example_sla_dag.py
[2025-06-25T01:19:28.022+0200] {processor.py:826} INFO - Processing file /home/atef/.local/lib/python3.9/site-packages/airflow/example_dags/example_sla_dag.py for tasks to queue
[2025-06-25T01:19:28.024+0200] {logging_mixin.py:149} INFO - [2025-06-25T01:19:28.024+0200] {dagbag.py:541} INFO - Filling up the DagBag from /home/atef/.local/lib/python3.9/site-packages/airflow/example_dags/example_sla_dag.py
[2025-06-25T01:19:28.101+0200] {processor.py:836} INFO - DAG(s) dict_keys(['example_sla_dag']) retrieved from /home/atef/.local/lib/python3.9/site-packages/airflow/example_dags/example_sla_dag.py
[2025-06-25T01:19:28.226+0200] {logging_mixin.py:149} INFO - [2025-06-25T01:19:28.225+0200] {dag.py:2726} INFO - Sync 1 DAGs
[2025-06-25T01:19:28.277+0200] {logging_mixin.py:149} INFO - [2025-06-25T01:19:28.276+0200] {dag.py:3486} INFO - Setting next_dagrun for example_sla_dag to 2025-06-24T23:16:00+00:00, run_after=2025-06-24T23:18:00+00:00
[2025-06-25T01:19:28.324+0200] {processor.py:179} INFO - Processing /home/atef/.local/lib/python3.9/site-packages/airflow/example_dags/example_sla_dag.py took 0.337 seconds
[2025-06-25T01:21:12.329+0200] {processor.py:157} INFO - Started process (PID=176654) to work on /home/atef/.local/lib/python3.9/site-packages/airflow/example_dags/example_sla_dag.py
[2025-06-25T01:21:12.335+0200] {processor.py:826} INFO - Processing file /home/atef/.local/lib/python3.9/site-packages/airflow/example_dags/example_sla_dag.py for tasks to queue
[2025-06-25T01:21:12.339+0200] {logging_mixin.py:149} INFO - [2025-06-25T01:21:12.338+0200] {dagbag.py:541} INFO - Filling up the DagBag from /home/atef/.local/lib/python3.9/site-packages/airflow/example_dags/example_sla_dag.py
[2025-06-25T01:21:12.403+0200] {processor.py:836} INFO - DAG(s) dict_keys(['example_sla_dag']) retrieved from /home/atef/.local/lib/python3.9/site-packages/airflow/example_dags/example_sla_dag.py
[2025-06-25T01:21:12.554+0200] {logging_mixin.py:149} INFO - [2025-06-25T01:21:12.553+0200] {dag.py:2726} INFO - Sync 1 DAGs
[2025-06-25T01:21:12.628+0200] {logging_mixin.py:149} INFO - [2025-06-25T01:21:12.628+0200] {dag.py:3486} INFO - Setting next_dagrun for example_sla_dag to 2025-06-24T23:18:00+00:00, run_after=2025-06-24T23:20:00+00:00
[2025-06-25T01:21:12.686+0200] {processor.py:179} INFO - Processing /home/atef/.local/lib/python3.9/site-packages/airflow/example_dags/example_sla_dag.py took 0.383 seconds
[2025-06-25T01:22:30.430+0200] {processor.py:157} INFO - Started process (PID=177065) to work on /home/atef/.local/lib/python3.9/site-packages/airflow/example_dags/example_sla_dag.py
[2025-06-25T01:22:30.435+0200] {processor.py:826} INFO - Processing file /home/atef/.local/lib/python3.9/site-packages/airflow/example_dags/example_sla_dag.py for tasks to queue
[2025-06-25T01:22:30.437+0200] {logging_mixin.py:149} INFO - [2025-06-25T01:22:30.437+0200] {dagbag.py:541} INFO - Filling up the DagBag from /home/atef/.local/lib/python3.9/site-packages/airflow/example_dags/example_sla_dag.py
[2025-06-25T01:22:30.470+0200] {processor.py:836} INFO - DAG(s) dict_keys(['example_sla_dag']) retrieved from /home/atef/.local/lib/python3.9/site-packages/airflow/example_dags/example_sla_dag.py
[2025-06-25T01:22:30.539+0200] {logging_mixin.py:149} INFO - [2025-06-25T01:22:30.539+0200] {dag.py:2726} INFO - Sync 1 DAGs
[2025-06-25T01:22:30.588+0200] {logging_mixin.py:149} INFO - [2025-06-25T01:22:30.588+0200] {dag.py:3486} INFO - Setting next_dagrun for example_sla_dag to 2025-06-24T23:20:00+00:00, run_after=2025-06-24T23:22:00+00:00
[2025-06-25T01:22:30.639+0200] {processor.py:179} INFO - Processing /home/atef/.local/lib/python3.9/site-packages/airflow/example_dags/example_sla_dag.py took 0.225 seconds
[2025-06-25T01:24:12.821+0200] {processor.py:157} INFO - Started process (PID=177789) to work on /home/atef/.local/lib/python3.9/site-packages/airflow/example_dags/example_sla_dag.py
[2025-06-25T01:24:12.829+0200] {processor.py:826} INFO - Processing file /home/atef/.local/lib/python3.9/site-packages/airflow/example_dags/example_sla_dag.py for tasks to queue
[2025-06-25T01:24:12.835+0200] {logging_mixin.py:149} INFO - [2025-06-25T01:24:12.834+0200] {dagbag.py:541} INFO - Filling up the DagBag from /home/atef/.local/lib/python3.9/site-packages/airflow/example_dags/example_sla_dag.py
[2025-06-25T01:24:13.001+0200] {processor.py:836} INFO - DAG(s) dict_keys(['example_sla_dag']) retrieved from /home/atef/.local/lib/python3.9/site-packages/airflow/example_dags/example_sla_dag.py
[2025-06-25T01:24:13.364+0200] {logging_mixin.py:149} INFO - [2025-06-25T01:24:13.359+0200] {dag.py:2726} INFO - Sync 1 DAGs
[2025-06-25T01:24:13.766+0200] {logging_mixin.py:149} INFO - [2025-06-25T01:24:13.765+0200] {dag.py:3486} INFO - Setting next_dagrun for example_sla_dag to 2025-06-24T23:22:00+00:00, run_after=2025-06-24T23:24:00+00:00
[2025-06-25T01:24:14.055+0200] {processor.py:179} INFO - Processing /home/atef/.local/lib/python3.9/site-packages/airflow/example_dags/example_sla_dag.py took 1.260 seconds
[2025-06-25T01:26:19.741+0200] {processor.py:157} INFO - Started process (PID=178685) to work on /home/atef/.local/lib/python3.9/site-packages/airflow/example_dags/example_sla_dag.py
[2025-06-25T01:26:19.760+0200] {processor.py:826} INFO - Processing file /home/atef/.local/lib/python3.9/site-packages/airflow/example_dags/example_sla_dag.py for tasks to queue
[2025-06-25T01:26:19.764+0200] {logging_mixin.py:149} INFO - [2025-06-25T01:26:19.763+0200] {dagbag.py:541} INFO - Filling up the DagBag from /home/atef/.local/lib/python3.9/site-packages/airflow/example_dags/example_sla_dag.py
[2025-06-25T01:26:19.865+0200] {processor.py:836} INFO - DAG(s) dict_keys(['example_sla_dag']) retrieved from /home/atef/.local/lib/python3.9/site-packages/airflow/example_dags/example_sla_dag.py
[2025-06-25T01:26:20.052+0200] {logging_mixin.py:149} INFO - [2025-06-25T01:26:20.052+0200] {dag.py:2726} INFO - Sync 1 DAGs
[2025-06-25T01:26:20.227+0200] {logging_mixin.py:149} INFO - [2025-06-25T01:26:20.227+0200] {dag.py:3486} INFO - Setting next_dagrun for example_sla_dag to 2025-06-24T23:24:00+00:00, run_after=2025-06-24T23:26:00+00:00
[2025-06-25T01:26:20.330+0200] {processor.py:179} INFO - Processing /home/atef/.local/lib/python3.9/site-packages/airflow/example_dags/example_sla_dag.py took 0.657 seconds
[2025-06-25T01:27:21.612+0200] {processor.py:157} INFO - Started process (PID=179113) to work on /home/atef/.local/lib/python3.9/site-packages/airflow/example_dags/example_sla_dag.py
[2025-06-25T01:27:21.626+0200] {processor.py:826} INFO - Processing file /home/atef/.local/lib/python3.9/site-packages/airflow/example_dags/example_sla_dag.py for tasks to queue
[2025-06-25T01:27:21.639+0200] {logging_mixin.py:149} INFO - [2025-06-25T01:27:21.638+0200] {dagbag.py:541} INFO - Filling up the DagBag from /home/atef/.local/lib/python3.9/site-packages/airflow/example_dags/example_sla_dag.py
[2025-06-25T01:27:21.729+0200] {processor.py:836} INFO - DAG(s) dict_keys(['example_sla_dag']) retrieved from /home/atef/.local/lib/python3.9/site-packages/airflow/example_dags/example_sla_dag.py
[2025-06-25T01:27:21.820+0200] {logging_mixin.py:149} INFO - [2025-06-25T01:27:21.820+0200] {dag.py:2726} INFO - Sync 1 DAGs
[2025-06-25T01:27:21.892+0200] {logging_mixin.py:149} INFO - [2025-06-25T01:27:21.892+0200] {dag.py:3486} INFO - Setting next_dagrun for example_sla_dag to 2025-06-24T23:24:00+00:00, run_after=2025-06-24T23:26:00+00:00
[2025-06-25T01:27:21.947+0200] {processor.py:179} INFO - Processing /home/atef/.local/lib/python3.9/site-packages/airflow/example_dags/example_sla_dag.py took 0.386 seconds
[2025-06-25T01:29:11.085+0200] {processor.py:157} INFO - Started process (PID=180083) to work on /home/atef/.local/lib/python3.9/site-packages/airflow/example_dags/example_sla_dag.py
[2025-06-25T01:29:11.094+0200] {processor.py:826} INFO - Processing file /home/atef/.local/lib/python3.9/site-packages/airflow/example_dags/example_sla_dag.py for tasks to queue
[2025-06-25T01:29:11.097+0200] {logging_mixin.py:149} INFO - [2025-06-25T01:29:11.096+0200] {dagbag.py:541} INFO - Filling up the DagBag from /home/atef/.local/lib/python3.9/site-packages/airflow/example_dags/example_sla_dag.py
[2025-06-25T01:29:11.131+0200] {processor.py:836} INFO - DAG(s) dict_keys(['example_sla_dag']) retrieved from /home/atef/.local/lib/python3.9/site-packages/airflow/example_dags/example_sla_dag.py
[2025-06-25T01:29:11.225+0200] {logging_mixin.py:149} INFO - [2025-06-25T01:29:11.225+0200] {dag.py:2726} INFO - Sync 1 DAGs
[2025-06-25T01:29:11.297+0200] {logging_mixin.py:149} INFO - [2025-06-25T01:29:11.297+0200] {dag.py:3486} INFO - Setting next_dagrun for example_sla_dag to 2025-06-24T23:26:00+00:00, run_after=2025-06-24T23:28:00+00:00
[2025-06-25T01:29:11.355+0200] {processor.py:179} INFO - Processing /home/atef/.local/lib/python3.9/site-packages/airflow/example_dags/example_sla_dag.py took 0.312 seconds
[2025-06-25T01:30:22.494+0200] {processor.py:157} INFO - Started process (PID=180525) to work on /home/atef/.local/lib/python3.9/site-packages/airflow/example_dags/example_sla_dag.py
[2025-06-25T01:30:22.505+0200] {processor.py:826} INFO - Processing file /home/atef/.local/lib/python3.9/site-packages/airflow/example_dags/example_sla_dag.py for tasks to queue
[2025-06-25T01:30:22.508+0200] {logging_mixin.py:149} INFO - [2025-06-25T01:30:22.508+0200] {dagbag.py:541} INFO - Filling up the DagBag from /home/atef/.local/lib/python3.9/site-packages/airflow/example_dags/example_sla_dag.py
[2025-06-25T01:30:22.580+0200] {processor.py:836} INFO - DAG(s) dict_keys(['example_sla_dag']) retrieved from /home/atef/.local/lib/python3.9/site-packages/airflow/example_dags/example_sla_dag.py
[2025-06-25T01:30:22.729+0200] {logging_mixin.py:149} INFO - [2025-06-25T01:30:22.728+0200] {dag.py:2726} INFO - Sync 1 DAGs
[2025-06-25T01:30:22.949+0200] {logging_mixin.py:149} INFO - [2025-06-25T01:30:22.944+0200] {dag.py:3486} INFO - Setting next_dagrun for example_sla_dag to 2025-06-24T23:28:00+00:00, run_after=2025-06-24T23:30:00+00:00
[2025-06-25T01:30:23.282+0200] {processor.py:179} INFO - Processing /home/atef/.local/lib/python3.9/site-packages/airflow/example_dags/example_sla_dag.py took 0.830 seconds
[2025-06-25T01:31:55.397+0200] {processor.py:157} INFO - Started process (PID=181250) to work on /home/atef/.local/lib/python3.9/site-packages/airflow/example_dags/example_sla_dag.py
[2025-06-25T01:31:55.408+0200] {processor.py:826} INFO - Processing file /home/atef/.local/lib/python3.9/site-packages/airflow/example_dags/example_sla_dag.py for tasks to queue
[2025-06-25T01:31:55.422+0200] {logging_mixin.py:149} INFO - [2025-06-25T01:31:55.420+0200] {dagbag.py:541} INFO - Filling up the DagBag from /home/atef/.local/lib/python3.9/site-packages/airflow/example_dags/example_sla_dag.py
[2025-06-25T01:31:55.511+0200] {processor.py:836} INFO - DAG(s) dict_keys(['example_sla_dag']) retrieved from /home/atef/.local/lib/python3.9/site-packages/airflow/example_dags/example_sla_dag.py
[2025-06-25T01:31:55.850+0200] {logging_mixin.py:149} INFO - [2025-06-25T01:31:55.850+0200] {dag.py:2726} INFO - Sync 1 DAGs
[2025-06-25T01:31:56.048+0200] {logging_mixin.py:149} INFO - [2025-06-25T01:31:56.048+0200] {dag.py:3486} INFO - Setting next_dagrun for example_sla_dag to 2025-06-24T23:28:00+00:00, run_after=2025-06-24T23:30:00+00:00
[2025-06-25T01:31:56.130+0200] {processor.py:179} INFO - Processing /home/atef/.local/lib/python3.9/site-packages/airflow/example_dags/example_sla_dag.py took 0.800 seconds
[2025-06-25T01:33:02.584+0200] {processor.py:157} INFO - Started process (PID=181555) to work on /home/atef/.local/lib/python3.9/site-packages/airflow/example_dags/example_sla_dag.py
[2025-06-25T01:33:02.589+0200] {processor.py:826} INFO - Processing file /home/atef/.local/lib/python3.9/site-packages/airflow/example_dags/example_sla_dag.py for tasks to queue
[2025-06-25T01:33:02.591+0200] {logging_mixin.py:149} INFO - [2025-06-25T01:33:02.591+0200] {dagbag.py:541} INFO - Filling up the DagBag from /home/atef/.local/lib/python3.9/site-packages/airflow/example_dags/example_sla_dag.py
[2025-06-25T01:33:02.621+0200] {processor.py:836} INFO - DAG(s) dict_keys(['example_sla_dag']) retrieved from /home/atef/.local/lib/python3.9/site-packages/airflow/example_dags/example_sla_dag.py
[2025-06-25T01:33:02.680+0200] {logging_mixin.py:149} INFO - [2025-06-25T01:33:02.680+0200] {dag.py:2726} INFO - Sync 1 DAGs
[2025-06-25T01:33:02.723+0200] {logging_mixin.py:149} INFO - [2025-06-25T01:33:02.723+0200] {dag.py:3486} INFO - Setting next_dagrun for example_sla_dag to 2025-06-24T23:30:00+00:00, run_after=2025-06-24T23:32:00+00:00
[2025-06-25T01:33:02.766+0200] {processor.py:179} INFO - Processing /home/atef/.local/lib/python3.9/site-packages/airflow/example_dags/example_sla_dag.py took 0.196 seconds
[2025-06-25T01:34:24.838+0200] {processor.py:157} INFO - Started process (PID=182054) to work on /home/atef/.local/lib/python3.9/site-packages/airflow/example_dags/example_sla_dag.py
[2025-06-25T01:34:24.858+0200] {processor.py:826} INFO - Processing file /home/atef/.local/lib/python3.9/site-packages/airflow/example_dags/example_sla_dag.py for tasks to queue
[2025-06-25T01:34:24.871+0200] {logging_mixin.py:149} INFO - [2025-06-25T01:34:24.870+0200] {dagbag.py:541} INFO - Filling up the DagBag from /home/atef/.local/lib/python3.9/site-packages/airflow/example_dags/example_sla_dag.py
[2025-06-25T01:34:25.036+0200] {processor.py:836} INFO - DAG(s) dict_keys(['example_sla_dag']) retrieved from /home/atef/.local/lib/python3.9/site-packages/airflow/example_dags/example_sla_dag.py
[2025-06-25T01:34:25.267+0200] {logging_mixin.py:149} INFO - [2025-06-25T01:34:25.267+0200] {dag.py:2726} INFO - Sync 1 DAGs
[2025-06-25T01:34:25.383+0200] {logging_mixin.py:149} INFO - [2025-06-25T01:34:25.383+0200] {dag.py:3486} INFO - Setting next_dagrun for example_sla_dag to 2025-06-24T23:32:00+00:00, run_after=2025-06-24T23:34:00+00:00
[2025-06-25T01:34:25.513+0200] {processor.py:179} INFO - Processing /home/atef/.local/lib/python3.9/site-packages/airflow/example_dags/example_sla_dag.py took 0.767 seconds
[2025-06-25T01:35:45.874+0200] {processor.py:157} INFO - Started process (PID=182307) to work on /home/atef/.local/lib/python3.9/site-packages/airflow/example_dags/example_sla_dag.py
[2025-06-25T01:35:45.882+0200] {processor.py:826} INFO - Processing file /home/atef/.local/lib/python3.9/site-packages/airflow/example_dags/example_sla_dag.py for tasks to queue
[2025-06-25T01:35:45.886+0200] {logging_mixin.py:149} INFO - [2025-06-25T01:35:45.885+0200] {dagbag.py:541} INFO - Filling up the DagBag from /home/atef/.local/lib/python3.9/site-packages/airflow/example_dags/example_sla_dag.py
[2025-06-25T01:35:45.927+0200] {processor.py:836} INFO - DAG(s) dict_keys(['example_sla_dag']) retrieved from /home/atef/.local/lib/python3.9/site-packages/airflow/example_dags/example_sla_dag.py
[2025-06-25T01:35:45.998+0200] {logging_mixin.py:149} INFO - [2025-06-25T01:35:45.997+0200] {dag.py:2726} INFO - Sync 1 DAGs
[2025-06-25T01:35:46.045+0200] {logging_mixin.py:149} INFO - [2025-06-25T01:35:46.045+0200] {dag.py:3486} INFO - Setting next_dagrun for example_sla_dag to 2025-06-24T23:32:00+00:00, run_after=2025-06-24T23:34:00+00:00
[2025-06-25T01:35:46.088+0200] {processor.py:179} INFO - Processing /home/atef/.local/lib/python3.9/site-packages/airflow/example_dags/example_sla_dag.py took 0.286 seconds
[2025-06-25T01:37:46.394+0200] {processor.py:157} INFO - Started process (PID=183166) to work on /home/atef/.local/lib/python3.9/site-packages/airflow/example_dags/example_sla_dag.py
[2025-06-25T01:37:46.411+0200] {processor.py:826} INFO - Processing file /home/atef/.local/lib/python3.9/site-packages/airflow/example_dags/example_sla_dag.py for tasks to queue
[2025-06-25T01:37:46.420+0200] {logging_mixin.py:149} INFO - [2025-06-25T01:37:46.420+0200] {dagbag.py:541} INFO - Filling up the DagBag from /home/atef/.local/lib/python3.9/site-packages/airflow/example_dags/example_sla_dag.py
[2025-06-25T01:37:46.555+0200] {processor.py:836} INFO - DAG(s) dict_keys(['example_sla_dag']) retrieved from /home/atef/.local/lib/python3.9/site-packages/airflow/example_dags/example_sla_dag.py
[2025-06-25T01:37:46.827+0200] {logging_mixin.py:149} INFO - [2025-06-25T01:37:46.825+0200] {dag.py:2726} INFO - Sync 1 DAGs
[2025-06-25T01:37:47.063+0200] {logging_mixin.py:149} INFO - [2025-06-25T01:37:47.061+0200] {dag.py:3486} INFO - Setting next_dagrun for example_sla_dag to 2025-06-24T23:34:00+00:00, run_after=2025-06-24T23:36:00+00:00
[2025-06-25T01:37:47.218+0200] {processor.py:179} INFO - Processing /home/atef/.local/lib/python3.9/site-packages/airflow/example_dags/example_sla_dag.py took 1.149 seconds
[2025-06-25T01:39:09.721+0200] {processor.py:157} INFO - Started process (PID=183709) to work on /home/atef/.local/lib/python3.9/site-packages/airflow/example_dags/example_sla_dag.py
[2025-06-25T01:39:09.727+0200] {processor.py:826} INFO - Processing file /home/atef/.local/lib/python3.9/site-packages/airflow/example_dags/example_sla_dag.py for tasks to queue
[2025-06-25T01:39:09.729+0200] {logging_mixin.py:149} INFO - [2025-06-25T01:39:09.729+0200] {dagbag.py:541} INFO - Filling up the DagBag from /home/atef/.local/lib/python3.9/site-packages/airflow/example_dags/example_sla_dag.py
[2025-06-25T01:39:09.760+0200] {processor.py:836} INFO - DAG(s) dict_keys(['example_sla_dag']) retrieved from /home/atef/.local/lib/python3.9/site-packages/airflow/example_dags/example_sla_dag.py
[2025-06-25T01:39:09.847+0200] {logging_mixin.py:149} INFO - [2025-06-25T01:39:09.846+0200] {dag.py:2726} INFO - Sync 1 DAGs
[2025-06-25T01:39:09.900+0200] {logging_mixin.py:149} INFO - [2025-06-25T01:39:09.899+0200] {dag.py:3486} INFO - Setting next_dagrun for example_sla_dag to 2025-06-24T23:36:00+00:00, run_after=2025-06-24T23:38:00+00:00
[2025-06-25T01:39:09.942+0200] {processor.py:179} INFO - Processing /home/atef/.local/lib/python3.9/site-packages/airflow/example_dags/example_sla_dag.py took 0.237 seconds
[2025-06-25T01:40:26.032+0200] {processor.py:157} INFO - Started process (PID=183880) to work on /home/atef/.local/lib/python3.9/site-packages/airflow/example_dags/example_sla_dag.py
[2025-06-25T01:40:26.055+0200] {processor.py:826} INFO - Processing file /home/atef/.local/lib/python3.9/site-packages/airflow/example_dags/example_sla_dag.py for tasks to queue
[2025-06-25T01:40:26.075+0200] {logging_mixin.py:149} INFO - [2025-06-25T01:40:26.070+0200] {dagbag.py:541} INFO - Filling up the DagBag from /home/atef/.local/lib/python3.9/site-packages/airflow/example_dags/example_sla_dag.py
[2025-06-25T01:40:26.193+0200] {processor.py:836} INFO - DAG(s) dict_keys(['example_sla_dag']) retrieved from /home/atef/.local/lib/python3.9/site-packages/airflow/example_dags/example_sla_dag.py
[2025-06-25T01:40:26.401+0200] {logging_mixin.py:149} INFO - [2025-06-25T01:40:26.400+0200] {dag.py:2726} INFO - Sync 1 DAGs
[2025-06-25T01:40:26.569+0200] {logging_mixin.py:149} INFO - [2025-06-25T01:40:26.564+0200] {dag.py:3486} INFO - Setting next_dagrun for example_sla_dag to 2025-06-24T23:38:00+00:00, run_after=2025-06-24T23:40:00+00:00
[2025-06-25T01:40:26.725+0200] {processor.py:179} INFO - Processing /home/atef/.local/lib/python3.9/site-packages/airflow/example_dags/example_sla_dag.py took 0.794 seconds
[2025-06-25T01:45:29.372+0200] {processor.py:157} INFO - Started process (PID=187280) to work on /home/atef/.local/lib/python3.9/site-packages/airflow/example_dags/example_sla_dag.py
[2025-06-25T01:45:29.381+0200] {processor.py:826} INFO - Processing file /home/atef/.local/lib/python3.9/site-packages/airflow/example_dags/example_sla_dag.py for tasks to queue
[2025-06-25T01:45:29.385+0200] {logging_mixin.py:149} INFO - [2025-06-25T01:45:29.385+0200] {dagbag.py:541} INFO - Filling up the DagBag from /home/atef/.local/lib/python3.9/site-packages/airflow/example_dags/example_sla_dag.py
[2025-06-25T01:45:29.495+0200] {processor.py:836} INFO - DAG(s) dict_keys(['example_sla_dag']) retrieved from /home/atef/.local/lib/python3.9/site-packages/airflow/example_dags/example_sla_dag.py
[2025-06-25T01:45:29.683+0200] {logging_mixin.py:149} INFO - [2025-06-25T01:45:29.683+0200] {dag.py:2726} INFO - Sync 1 DAGs
[2025-06-25T01:45:29.829+0200] {logging_mixin.py:149} INFO - [2025-06-25T01:45:29.829+0200] {dag.py:3486} INFO - Setting next_dagrun for example_sla_dag to 2025-06-24T23:42:00+00:00, run_after=2025-06-24T23:44:00+00:00
[2025-06-25T01:45:29.952+0200] {processor.py:179} INFO - Processing /home/atef/.local/lib/python3.9/site-packages/airflow/example_dags/example_sla_dag.py took 0.604 seconds
[2025-06-25T01:46:48.026+0200] {processor.py:157} INFO - Started process (PID=187948) to work on /home/atef/.local/lib/python3.9/site-packages/airflow/example_dags/example_sla_dag.py
[2025-06-25T01:46:48.031+0200] {processor.py:826} INFO - Processing file /home/atef/.local/lib/python3.9/site-packages/airflow/example_dags/example_sla_dag.py for tasks to queue
[2025-06-25T01:46:48.033+0200] {logging_mixin.py:149} INFO - [2025-06-25T01:46:48.032+0200] {dagbag.py:541} INFO - Filling up the DagBag from /home/atef/.local/lib/python3.9/site-packages/airflow/example_dags/example_sla_dag.py
[2025-06-25T01:46:48.061+0200] {processor.py:836} INFO - DAG(s) dict_keys(['example_sla_dag']) retrieved from /home/atef/.local/lib/python3.9/site-packages/airflow/example_dags/example_sla_dag.py
[2025-06-25T01:46:48.219+0200] {logging_mixin.py:149} INFO - [2025-06-25T01:46:48.218+0200] {dag.py:2726} INFO - Sync 1 DAGs
[2025-06-25T01:46:48.367+0200] {logging_mixin.py:149} INFO - [2025-06-25T01:46:48.367+0200] {dag.py:3486} INFO - Setting next_dagrun for example_sla_dag to 2025-06-24T23:44:00+00:00, run_after=2025-06-24T23:46:00+00:00
[2025-06-25T01:46:48.424+0200] {processor.py:179} INFO - Processing /home/atef/.local/lib/python3.9/site-packages/airflow/example_dags/example_sla_dag.py took 0.410 seconds
[2025-06-25T01:48:23.970+0200] {processor.py:157} INFO - Started process (PID=188597) to work on /home/atef/.local/lib/python3.9/site-packages/airflow/example_dags/example_sla_dag.py
[2025-06-25T01:48:23.978+0200] {processor.py:826} INFO - Processing file /home/atef/.local/lib/python3.9/site-packages/airflow/example_dags/example_sla_dag.py for tasks to queue
[2025-06-25T01:48:23.982+0200] {logging_mixin.py:149} INFO - [2025-06-25T01:48:23.981+0200] {dagbag.py:541} INFO - Filling up the DagBag from /home/atef/.local/lib/python3.9/site-packages/airflow/example_dags/example_sla_dag.py
[2025-06-25T01:48:24.021+0200] {processor.py:836} INFO - DAG(s) dict_keys(['example_sla_dag']) retrieved from /home/atef/.local/lib/python3.9/site-packages/airflow/example_dags/example_sla_dag.py
[2025-06-25T01:48:24.138+0200] {logging_mixin.py:149} INFO - [2025-06-25T01:48:24.137+0200] {dag.py:2726} INFO - Sync 1 DAGs
[2025-06-25T01:48:24.316+0200] {logging_mixin.py:149} INFO - [2025-06-25T01:48:24.316+0200] {dag.py:3486} INFO - Setting next_dagrun for example_sla_dag to 2025-06-24T23:46:00+00:00, run_after=2025-06-24T23:48:00+00:00
[2025-06-25T01:48:24.684+0200] {processor.py:179} INFO - Processing /home/atef/.local/lib/python3.9/site-packages/airflow/example_dags/example_sla_dag.py took 0.734 seconds
[2025-06-25T01:49:30.823+0200] {processor.py:157} INFO - Started process (PID=189195) to work on /home/atef/.local/lib/python3.9/site-packages/airflow/example_dags/example_sla_dag.py
[2025-06-25T01:49:30.829+0200] {processor.py:826} INFO - Processing file /home/atef/.local/lib/python3.9/site-packages/airflow/example_dags/example_sla_dag.py for tasks to queue
[2025-06-25T01:49:30.838+0200] {logging_mixin.py:149} INFO - [2025-06-25T01:49:30.838+0200] {dagbag.py:541} INFO - Filling up the DagBag from /home/atef/.local/lib/python3.9/site-packages/airflow/example_dags/example_sla_dag.py
[2025-06-25T01:49:30.914+0200] {processor.py:836} INFO - DAG(s) dict_keys(['example_sla_dag']) retrieved from /home/atef/.local/lib/python3.9/site-packages/airflow/example_dags/example_sla_dag.py
[2025-06-25T01:49:31.075+0200] {logging_mixin.py:149} INFO - [2025-06-25T01:49:31.075+0200] {dag.py:2726} INFO - Sync 1 DAGs
[2025-06-25T01:49:31.146+0200] {logging_mixin.py:149} INFO - [2025-06-25T01:49:31.145+0200] {dag.py:3486} INFO - Setting next_dagrun for example_sla_dag to 2025-06-24T23:46:00+00:00, run_after=2025-06-24T23:48:00+00:00
[2025-06-25T01:49:31.215+0200] {processor.py:179} INFO - Processing /home/atef/.local/lib/python3.9/site-packages/airflow/example_dags/example_sla_dag.py took 0.424 seconds
[2025-06-25T01:50:52.930+0200] {processor.py:157} INFO - Started process (PID=189587) to work on /home/atef/.local/lib/python3.9/site-packages/airflow/example_dags/example_sla_dag.py
[2025-06-25T01:50:52.937+0200] {processor.py:826} INFO - Processing file /home/atef/.local/lib/python3.9/site-packages/airflow/example_dags/example_sla_dag.py for tasks to queue
[2025-06-25T01:50:52.939+0200] {logging_mixin.py:149} INFO - [2025-06-25T01:50:52.939+0200] {dagbag.py:541} INFO - Filling up the DagBag from /home/atef/.local/lib/python3.9/site-packages/airflow/example_dags/example_sla_dag.py
[2025-06-25T01:50:53.002+0200] {processor.py:836} INFO - DAG(s) dict_keys(['example_sla_dag']) retrieved from /home/atef/.local/lib/python3.9/site-packages/airflow/example_dags/example_sla_dag.py
[2025-06-25T01:50:53.169+0200] {logging_mixin.py:149} INFO - [2025-06-25T01:50:53.169+0200] {dag.py:2726} INFO - Sync 1 DAGs
[2025-06-25T01:50:53.309+0200] {logging_mixin.py:149} INFO - [2025-06-25T01:50:53.309+0200] {dag.py:3486} INFO - Setting next_dagrun for example_sla_dag to 2025-06-24T23:48:00+00:00, run_after=2025-06-24T23:50:00+00:00
[2025-06-25T01:50:53.615+0200] {processor.py:179} INFO - Processing /home/atef/.local/lib/python3.9/site-packages/airflow/example_dags/example_sla_dag.py took 0.719 seconds
[2025-06-25T01:52:25.081+0200] {processor.py:157} INFO - Started process (PID=189984) to work on /home/atef/.local/lib/python3.9/site-packages/airflow/example_dags/example_sla_dag.py
[2025-06-25T01:52:25.159+0200] {processor.py:826} INFO - Processing file /home/atef/.local/lib/python3.9/site-packages/airflow/example_dags/example_sla_dag.py for tasks to queue
[2025-06-25T01:52:25.232+0200] {logging_mixin.py:149} INFO - [2025-06-25T01:52:25.190+0200] {dagbag.py:541} INFO - Filling up the DagBag from /home/atef/.local/lib/python3.9/site-packages/airflow/example_dags/example_sla_dag.py
[2025-06-25T01:52:25.550+0200] {processor.py:836} INFO - DAG(s) dict_keys(['example_sla_dag']) retrieved from /home/atef/.local/lib/python3.9/site-packages/airflow/example_dags/example_sla_dag.py
[2025-06-25T01:52:25.709+0200] {logging_mixin.py:149} INFO - [2025-06-25T01:52:25.709+0200] {dag.py:2726} INFO - Sync 1 DAGs
[2025-06-25T01:52:25.830+0200] {logging_mixin.py:149} INFO - [2025-06-25T01:52:25.829+0200] {dag.py:3486} INFO - Setting next_dagrun for example_sla_dag to 2025-06-24T23:50:00+00:00, run_after=2025-06-24T23:52:00+00:00
[2025-06-25T01:52:26.044+0200] {processor.py:179} INFO - Processing /home/atef/.local/lib/python3.9/site-packages/airflow/example_dags/example_sla_dag.py took 1.079 seconds
[2025-06-25T01:55:30.911+0200] {processor.py:157} INFO - Started process (PID=190864) to work on /home/atef/.local/lib/python3.9/site-packages/airflow/example_dags/example_sla_dag.py
[2025-06-25T01:55:30.920+0200] {processor.py:826} INFO - Processing file /home/atef/.local/lib/python3.9/site-packages/airflow/example_dags/example_sla_dag.py for tasks to queue
[2025-06-25T01:55:30.925+0200] {logging_mixin.py:149} INFO - [2025-06-25T01:55:30.924+0200] {dagbag.py:541} INFO - Filling up the DagBag from /home/atef/.local/lib/python3.9/site-packages/airflow/example_dags/example_sla_dag.py
[2025-06-25T01:55:31.126+0200] {processor.py:836} INFO - DAG(s) dict_keys(['example_sla_dag']) retrieved from /home/atef/.local/lib/python3.9/site-packages/airflow/example_dags/example_sla_dag.py
[2025-06-25T01:55:31.540+0200] {logging_mixin.py:149} INFO - [2025-06-25T01:55:31.539+0200] {dag.py:2726} INFO - Sync 1 DAGs
[2025-06-25T01:55:31.657+0200] {logging_mixin.py:149} INFO - [2025-06-25T01:55:31.657+0200] {dag.py:3486} INFO - Setting next_dagrun for example_sla_dag to 2025-06-24T23:52:00+00:00, run_after=2025-06-24T23:54:00+00:00
[2025-06-25T01:55:31.763+0200] {processor.py:179} INFO - Processing /home/atef/.local/lib/python3.9/site-packages/airflow/example_dags/example_sla_dag.py took 0.897 seconds
[2025-06-25T01:56:40.505+0200] {processor.py:157} INFO - Started process (PID=191177) to work on /home/atef/.local/lib/python3.9/site-packages/airflow/example_dags/example_sla_dag.py
[2025-06-25T01:56:40.510+0200] {processor.py:826} INFO - Processing file /home/atef/.local/lib/python3.9/site-packages/airflow/example_dags/example_sla_dag.py for tasks to queue
[2025-06-25T01:56:40.512+0200] {logging_mixin.py:149} INFO - [2025-06-25T01:56:40.511+0200] {dagbag.py:541} INFO - Filling up the DagBag from /home/atef/.local/lib/python3.9/site-packages/airflow/example_dags/example_sla_dag.py
[2025-06-25T01:56:40.554+0200] {processor.py:836} INFO - DAG(s) dict_keys(['example_sla_dag']) retrieved from /home/atef/.local/lib/python3.9/site-packages/airflow/example_dags/example_sla_dag.py
[2025-06-25T01:56:40.621+0200] {logging_mixin.py:149} INFO - [2025-06-25T01:56:40.621+0200] {dag.py:2726} INFO - Sync 1 DAGs
[2025-06-25T01:56:40.665+0200] {logging_mixin.py:149} INFO - [2025-06-25T01:56:40.665+0200] {dag.py:3486} INFO - Setting next_dagrun for example_sla_dag to 2025-06-24T23:54:00+00:00, run_after=2025-06-24T23:56:00+00:00
[2025-06-25T01:56:40.707+0200] {processor.py:179} INFO - Processing /home/atef/.local/lib/python3.9/site-packages/airflow/example_dags/example_sla_dag.py took 0.216 seconds
[2025-06-25T01:57:58.553+0200] {processor.py:157} INFO - Started process (PID=191643) to work on /home/atef/.local/lib/python3.9/site-packages/airflow/example_dags/example_sla_dag.py
[2025-06-25T01:57:58.558+0200] {processor.py:826} INFO - Processing file /home/atef/.local/lib/python3.9/site-packages/airflow/example_dags/example_sla_dag.py for tasks to queue
[2025-06-25T01:57:58.560+0200] {logging_mixin.py:149} INFO - [2025-06-25T01:57:58.560+0200] {dagbag.py:541} INFO - Filling up the DagBag from /home/atef/.local/lib/python3.9/site-packages/airflow/example_dags/example_sla_dag.py
[2025-06-25T01:57:58.592+0200] {processor.py:836} INFO - DAG(s) dict_keys(['example_sla_dag']) retrieved from /home/atef/.local/lib/python3.9/site-packages/airflow/example_dags/example_sla_dag.py
[2025-06-25T01:57:58.890+0200] {logging_mixin.py:149} INFO - [2025-06-25T01:57:58.889+0200] {dag.py:2726} INFO - Sync 1 DAGs
[2025-06-25T01:57:58.995+0200] {logging_mixin.py:149} INFO - [2025-06-25T01:57:58.995+0200] {dag.py:3486} INFO - Setting next_dagrun for example_sla_dag to 2025-06-24T23:54:00+00:00, run_after=2025-06-24T23:56:00+00:00
[2025-06-25T01:57:59.058+0200] {processor.py:179} INFO - Processing /home/atef/.local/lib/python3.9/site-packages/airflow/example_dags/example_sla_dag.py took 0.523 seconds
