[2025-06-24T23:15:53.552+0200] {processor.py:157} INFO - Started process (PID=155086) to work on /home/atef/.local/lib/python3.9/site-packages/airflow/example_dags/example_branch_python_dop_operator_3.py
[2025-06-24T23:15:53.557+0200] {processor.py:826} INFO - Processing file /home/atef/.local/lib/python3.9/site-packages/airflow/example_dags/example_branch_python_dop_operator_3.py for tasks to queue
[2025-06-24T23:15:53.560+0200] {logging_mixin.py:149} INFO - [2025-06-24T23:15:53.559+0200] {dagbag.py:541} INFO - Filling up the DagBag from /home/atef/.local/lib/python3.9/site-packages/airflow/example_dags/example_branch_python_dop_operator_3.py
[2025-06-24T23:15:53.596+0200] {processor.py:836} INFO - DAG(s) dict_keys(['example_branch_dop_operator_v3']) retrieved from /home/atef/.local/lib/python3.9/site-packages/airflow/example_dags/example_branch_python_dop_operator_3.py
[2025-06-24T23:15:53.679+0200] {logging_mixin.py:149} INFO - [2025-06-24T23:15:53.678+0200] {dag.py:2726} INFO - Sync 1 DAGs
[2025-06-24T23:15:53.766+0200] {logging_mixin.py:149} INFO - [2025-06-24T23:15:53.766+0200] {dag.py:3486} INFO - Setting next_dagrun for example_branch_dop_operator_v3 to 2025-06-24T21:14:00+00:00, run_after=2025-06-24T21:15:00+00:00
[2025-06-24T23:15:53.857+0200] {processor.py:179} INFO - Processing /home/atef/.local/lib/python3.9/site-packages/airflow/example_dags/example_branch_python_dop_operator_3.py took 0.328 seconds
[2025-06-24T23:17:03.951+0200] {processor.py:157} INFO - Started process (PID=155229) to work on /home/atef/.local/lib/python3.9/site-packages/airflow/example_dags/example_branch_python_dop_operator_3.py
[2025-06-24T23:17:03.957+0200] {processor.py:826} INFO - Processing file /home/atef/.local/lib/python3.9/site-packages/airflow/example_dags/example_branch_python_dop_operator_3.py for tasks to queue
[2025-06-24T23:17:03.961+0200] {logging_mixin.py:149} INFO - [2025-06-24T23:17:03.960+0200] {dagbag.py:541} INFO - Filling up the DagBag from /home/atef/.local/lib/python3.9/site-packages/airflow/example_dags/example_branch_python_dop_operator_3.py
[2025-06-24T23:17:04.003+0200] {processor.py:836} INFO - DAG(s) dict_keys(['example_branch_dop_operator_v3']) retrieved from /home/atef/.local/lib/python3.9/site-packages/airflow/example_dags/example_branch_python_dop_operator_3.py
[2025-06-24T23:17:04.116+0200] {logging_mixin.py:149} INFO - [2025-06-24T23:17:04.116+0200] {dag.py:2726} INFO - Sync 1 DAGs
[2025-06-24T23:17:04.209+0200] {logging_mixin.py:149} INFO - [2025-06-24T23:17:04.209+0200] {dag.py:3486} INFO - Setting next_dagrun for example_branch_dop_operator_v3 to 2025-06-24T21:16:00+00:00, run_after=2025-06-24T21:17:00+00:00
[2025-06-24T23:17:04.295+0200] {processor.py:179} INFO - Processing /home/atef/.local/lib/python3.9/site-packages/airflow/example_dags/example_branch_python_dop_operator_3.py took 0.361 seconds
[2025-06-24T23:18:52.552+0200] {processor.py:157} INFO - Started process (PID=155695) to work on /home/atef/.local/lib/python3.9/site-packages/airflow/example_dags/example_branch_python_dop_operator_3.py
[2025-06-24T23:18:52.561+0200] {processor.py:826} INFO - Processing file /home/atef/.local/lib/python3.9/site-packages/airflow/example_dags/example_branch_python_dop_operator_3.py for tasks to queue
[2025-06-24T23:18:52.567+0200] {logging_mixin.py:149} INFO - [2025-06-24T23:18:52.566+0200] {dagbag.py:541} INFO - Filling up the DagBag from /home/atef/.local/lib/python3.9/site-packages/airflow/example_dags/example_branch_python_dop_operator_3.py
[2025-06-24T23:18:52.606+0200] {processor.py:836} INFO - DAG(s) dict_keys(['example_branch_dop_operator_v3']) retrieved from /home/atef/.local/lib/python3.9/site-packages/airflow/example_dags/example_branch_python_dop_operator_3.py
[2025-06-24T23:18:52.684+0200] {logging_mixin.py:149} INFO - [2025-06-24T23:18:52.683+0200] {dag.py:2726} INFO - Sync 1 DAGs
[2025-06-24T23:18:52.736+0200] {logging_mixin.py:149} INFO - [2025-06-24T23:18:52.736+0200] {dag.py:3486} INFO - Setting next_dagrun for example_branch_dop_operator_v3 to 2025-06-24T21:17:00+00:00, run_after=2025-06-24T21:18:00+00:00
[2025-06-24T23:18:52.782+0200] {processor.py:179} INFO - Processing /home/atef/.local/lib/python3.9/site-packages/airflow/example_dags/example_branch_python_dop_operator_3.py took 0.254 seconds
[2025-06-25T01:12:17.099+0200] {processor.py:157} INFO - Started process (PID=173320) to work on /home/atef/.local/lib/python3.9/site-packages/airflow/example_dags/example_branch_python_dop_operator_3.py
[2025-06-25T01:12:17.106+0200] {processor.py:826} INFO - Processing file /home/atef/.local/lib/python3.9/site-packages/airflow/example_dags/example_branch_python_dop_operator_3.py for tasks to queue
[2025-06-25T01:12:17.110+0200] {logging_mixin.py:149} INFO - [2025-06-25T01:12:17.109+0200] {dagbag.py:541} INFO - Filling up the DagBag from /home/atef/.local/lib/python3.9/site-packages/airflow/example_dags/example_branch_python_dop_operator_3.py
[2025-06-25T01:12:17.145+0200] {processor.py:836} INFO - DAG(s) dict_keys(['example_branch_dop_operator_v3']) retrieved from /home/atef/.local/lib/python3.9/site-packages/airflow/example_dags/example_branch_python_dop_operator_3.py
[2025-06-25T01:12:17.228+0200] {logging_mixin.py:149} INFO - [2025-06-25T01:12:17.227+0200] {dag.py:2726} INFO - Sync 1 DAGs
[2025-06-25T01:12:17.298+0200] {logging_mixin.py:149} INFO - [2025-06-25T01:12:17.298+0200] {dag.py:3486} INFO - Setting next_dagrun for example_branch_dop_operator_v3 to 2025-06-24T23:11:00+00:00, run_after=2025-06-24T23:12:00+00:00
[2025-06-25T01:12:17.359+0200] {processor.py:179} INFO - Processing /home/atef/.local/lib/python3.9/site-packages/airflow/example_dags/example_branch_python_dop_operator_3.py took 0.274 seconds
[2025-06-25T01:18:39.159+0200] {processor.py:157} INFO - Started process (PID=175197) to work on /home/atef/.local/lib/python3.9/site-packages/airflow/example_dags/example_branch_python_dop_operator_3.py
[2025-06-25T01:18:39.234+0200] {processor.py:826} INFO - Processing file /home/atef/.local/lib/python3.9/site-packages/airflow/example_dags/example_branch_python_dop_operator_3.py for tasks to queue
[2025-06-25T01:18:39.240+0200] {logging_mixin.py:149} INFO - [2025-06-25T01:18:39.239+0200] {dagbag.py:541} INFO - Filling up the DagBag from /home/atef/.local/lib/python3.9/site-packages/airflow/example_dags/example_branch_python_dop_operator_3.py
[2025-06-25T01:18:39.693+0200] {processor.py:836} INFO - DAG(s) dict_keys(['example_branch_dop_operator_v3']) retrieved from /home/atef/.local/lib/python3.9/site-packages/airflow/example_dags/example_branch_python_dop_operator_3.py
[2025-06-25T01:18:40.461+0200] {logging_mixin.py:149} INFO - [2025-06-25T01:18:40.461+0200] {dag.py:2726} INFO - Sync 1 DAGs
[2025-06-25T01:18:40.918+0200] {logging_mixin.py:149} INFO - [2025-06-25T01:18:40.918+0200] {dag.py:3486} INFO - Setting next_dagrun for example_branch_dop_operator_v3 to 2025-06-24T23:17:00+00:00, run_after=2025-06-24T23:18:00+00:00
[2025-06-25T01:18:41.214+0200] {processor.py:179} INFO - Processing /home/atef/.local/lib/python3.9/site-packages/airflow/example_dags/example_branch_python_dop_operator_3.py took 2.311 seconds
[2025-06-25T01:20:17.604+0200] {processor.py:157} INFO - Started process (PID=175957) to work on /home/atef/.local/lib/python3.9/site-packages/airflow/example_dags/example_branch_python_dop_operator_3.py
[2025-06-25T01:20:17.613+0200] {processor.py:826} INFO - Processing file /home/atef/.local/lib/python3.9/site-packages/airflow/example_dags/example_branch_python_dop_operator_3.py for tasks to queue
[2025-06-25T01:20:17.627+0200] {logging_mixin.py:149} INFO - [2025-06-25T01:20:17.626+0200] {dagbag.py:541} INFO - Filling up the DagBag from /home/atef/.local/lib/python3.9/site-packages/airflow/example_dags/example_branch_python_dop_operator_3.py
[2025-06-25T01:20:17.887+0200] {processor.py:836} INFO - DAG(s) dict_keys(['example_branch_dop_operator_v3']) retrieved from /home/atef/.local/lib/python3.9/site-packages/airflow/example_dags/example_branch_python_dop_operator_3.py
[2025-06-25T01:20:18.656+0200] {logging_mixin.py:149} INFO - [2025-06-25T01:20:18.655+0200] {dag.py:2726} INFO - Sync 1 DAGs
[2025-06-25T01:20:19.414+0200] {logging_mixin.py:149} INFO - [2025-06-25T01:20:19.414+0200] {dag.py:3486} INFO - Setting next_dagrun for example_branch_dop_operator_v3 to 2025-06-24T23:19:00+00:00, run_after=2025-06-24T23:20:00+00:00
[2025-06-25T01:20:19.688+0200] {processor.py:179} INFO - Processing /home/atef/.local/lib/python3.9/site-packages/airflow/example_dags/example_branch_python_dop_operator_3.py took 2.117 seconds
[2025-06-25T01:22:09.671+0200] {processor.py:157} INFO - Started process (PID=177048) to work on /home/atef/.local/lib/python3.9/site-packages/airflow/example_dags/example_branch_python_dop_operator_3.py
[2025-06-25T01:22:09.678+0200] {processor.py:826} INFO - Processing file /home/atef/.local/lib/python3.9/site-packages/airflow/example_dags/example_branch_python_dop_operator_3.py for tasks to queue
[2025-06-25T01:22:09.683+0200] {logging_mixin.py:149} INFO - [2025-06-25T01:22:09.683+0200] {dagbag.py:541} INFO - Filling up the DagBag from /home/atef/.local/lib/python3.9/site-packages/airflow/example_dags/example_branch_python_dop_operator_3.py
[2025-06-25T01:22:09.747+0200] {processor.py:836} INFO - DAG(s) dict_keys(['example_branch_dop_operator_v3']) retrieved from /home/atef/.local/lib/python3.9/site-packages/airflow/example_dags/example_branch_python_dop_operator_3.py
[2025-06-25T01:22:09.952+0200] {logging_mixin.py:149} INFO - [2025-06-25T01:22:09.952+0200] {dag.py:2726} INFO - Sync 1 DAGs
[2025-06-25T01:22:10.027+0200] {logging_mixin.py:149} INFO - [2025-06-25T01:22:10.027+0200] {dag.py:3486} INFO - Setting next_dagrun for example_branch_dop_operator_v3 to 2025-06-24T23:21:00+00:00, run_after=2025-06-24T23:22:00+00:00
[2025-06-25T01:22:10.111+0200] {processor.py:179} INFO - Processing /home/atef/.local/lib/python3.9/site-packages/airflow/example_dags/example_branch_python_dop_operator_3.py took 0.467 seconds
[2025-06-25T01:23:17.891+0200] {processor.py:157} INFO - Started process (PID=177302) to work on /home/atef/.local/lib/python3.9/site-packages/airflow/example_dags/example_branch_python_dop_operator_3.py
[2025-06-25T01:23:17.899+0200] {processor.py:826} INFO - Processing file /home/atef/.local/lib/python3.9/site-packages/airflow/example_dags/example_branch_python_dop_operator_3.py for tasks to queue
[2025-06-25T01:23:17.901+0200] {logging_mixin.py:149} INFO - [2025-06-25T01:23:17.901+0200] {dagbag.py:541} INFO - Filling up the DagBag from /home/atef/.local/lib/python3.9/site-packages/airflow/example_dags/example_branch_python_dop_operator_3.py
[2025-06-25T01:23:17.957+0200] {processor.py:836} INFO - DAG(s) dict_keys(['example_branch_dop_operator_v3']) retrieved from /home/atef/.local/lib/python3.9/site-packages/airflow/example_dags/example_branch_python_dop_operator_3.py
[2025-06-25T01:23:18.108+0200] {logging_mixin.py:149} INFO - [2025-06-25T01:23:18.108+0200] {dag.py:2726} INFO - Sync 1 DAGs
[2025-06-25T01:23:18.216+0200] {logging_mixin.py:149} INFO - [2025-06-25T01:23:18.215+0200] {dag.py:3486} INFO - Setting next_dagrun for example_branch_dop_operator_v3 to 2025-06-24T23:22:00+00:00, run_after=2025-06-24T23:23:00+00:00
[2025-06-25T01:23:18.305+0200] {processor.py:179} INFO - Processing /home/atef/.local/lib/python3.9/site-packages/airflow/example_dags/example_branch_python_dop_operator_3.py took 0.445 seconds
[2025-06-25T01:25:24.702+0200] {processor.py:157} INFO - Started process (PID=178330) to work on /home/atef/.local/lib/python3.9/site-packages/airflow/example_dags/example_branch_python_dop_operator_3.py
[2025-06-25T01:25:24.730+0200] {processor.py:826} INFO - Processing file /home/atef/.local/lib/python3.9/site-packages/airflow/example_dags/example_branch_python_dop_operator_3.py for tasks to queue
[2025-06-25T01:25:24.748+0200] {logging_mixin.py:149} INFO - [2025-06-25T01:25:24.745+0200] {dagbag.py:541} INFO - Filling up the DagBag from /home/atef/.local/lib/python3.9/site-packages/airflow/example_dags/example_branch_python_dop_operator_3.py
[2025-06-25T01:25:25.047+0200] {processor.py:836} INFO - DAG(s) dict_keys(['example_branch_dop_operator_v3']) retrieved from /home/atef/.local/lib/python3.9/site-packages/airflow/example_dags/example_branch_python_dop_operator_3.py
[2025-06-25T01:25:25.411+0200] {logging_mixin.py:149} INFO - [2025-06-25T01:25:25.402+0200] {dag.py:2726} INFO - Sync 1 DAGs
[2025-06-25T01:25:25.679+0200] {logging_mixin.py:149} INFO - [2025-06-25T01:25:25.678+0200] {dag.py:3486} INFO - Setting next_dagrun for example_branch_dop_operator_v3 to 2025-06-24T23:24:00+00:00, run_after=2025-06-24T23:25:00+00:00
[2025-06-25T01:25:25.817+0200] {processor.py:179} INFO - Processing /home/atef/.local/lib/python3.9/site-packages/airflow/example_dags/example_branch_python_dop_operator_3.py took 1.240 seconds
[2025-06-25T01:28:18.832+0200] {processor.py:157} INFO - Started process (PID=179519) to work on /home/atef/.local/lib/python3.9/site-packages/airflow/example_dags/example_branch_python_dop_operator_3.py
[2025-06-25T01:28:18.917+0200] {processor.py:826} INFO - Processing file /home/atef/.local/lib/python3.9/site-packages/airflow/example_dags/example_branch_python_dop_operator_3.py for tasks to queue
[2025-06-25T01:28:18.931+0200] {logging_mixin.py:149} INFO - [2025-06-25T01:28:18.931+0200] {dagbag.py:541} INFO - Filling up the DagBag from /home/atef/.local/lib/python3.9/site-packages/airflow/example_dags/example_branch_python_dop_operator_3.py
[2025-06-25T01:28:19.503+0200] {processor.py:836} INFO - DAG(s) dict_keys(['example_branch_dop_operator_v3']) retrieved from /home/atef/.local/lib/python3.9/site-packages/airflow/example_dags/example_branch_python_dop_operator_3.py
[2025-06-25T01:28:21.070+0200] {logging_mixin.py:149} INFO - [2025-06-25T01:28:21.069+0200] {dag.py:2726} INFO - Sync 1 DAGs
[2025-06-25T01:28:22.364+0200] {logging_mixin.py:149} INFO - [2025-06-25T01:28:22.364+0200] {dag.py:3486} INFO - Setting next_dagrun for example_branch_dop_operator_v3 to 2025-06-24T23:27:00+00:00, run_after=2025-06-24T23:28:00+00:00
[2025-06-25T01:28:23.384+0200] {processor.py:179} INFO - Processing /home/atef/.local/lib/python3.9/site-packages/airflow/example_dags/example_branch_python_dop_operator_3.py took 4.881 seconds
[2025-06-25T01:30:33.498+0200] {processor.py:157} INFO - Started process (PID=180705) to work on /home/atef/.local/lib/python3.9/site-packages/airflow/example_dags/example_branch_python_dop_operator_3.py
[2025-06-25T01:30:33.508+0200] {processor.py:826} INFO - Processing file /home/atef/.local/lib/python3.9/site-packages/airflow/example_dags/example_branch_python_dop_operator_3.py for tasks to queue
[2025-06-25T01:30:33.513+0200] {logging_mixin.py:149} INFO - [2025-06-25T01:30:33.512+0200] {dagbag.py:541} INFO - Filling up the DagBag from /home/atef/.local/lib/python3.9/site-packages/airflow/example_dags/example_branch_python_dop_operator_3.py
[2025-06-25T01:30:33.599+0200] {processor.py:836} INFO - DAG(s) dict_keys(['example_branch_dop_operator_v3']) retrieved from /home/atef/.local/lib/python3.9/site-packages/airflow/example_dags/example_branch_python_dop_operator_3.py
[2025-06-25T01:30:33.818+0200] {logging_mixin.py:149} INFO - [2025-06-25T01:30:33.817+0200] {dag.py:2726} INFO - Sync 1 DAGs
[2025-06-25T01:30:34.191+0200] {logging_mixin.py:149} INFO - [2025-06-25T01:30:34.186+0200] {dag.py:3486} INFO - Setting next_dagrun for example_branch_dop_operator_v3 to 2025-06-24T23:29:00+00:00, run_after=2025-06-24T23:30:00+00:00
[2025-06-25T01:30:34.428+0200] {processor.py:179} INFO - Processing /home/atef/.local/lib/python3.9/site-packages/airflow/example_dags/example_branch_python_dop_operator_3.py took 0.977 seconds
[2025-06-25T01:32:04.471+0200] {processor.py:157} INFO - Started process (PID=181369) to work on /home/atef/.local/lib/python3.9/site-packages/airflow/example_dags/example_branch_python_dop_operator_3.py
[2025-06-25T01:32:04.477+0200] {processor.py:826} INFO - Processing file /home/atef/.local/lib/python3.9/site-packages/airflow/example_dags/example_branch_python_dop_operator_3.py for tasks to queue
[2025-06-25T01:32:04.480+0200] {logging_mixin.py:149} INFO - [2025-06-25T01:32:04.480+0200] {dagbag.py:541} INFO - Filling up the DagBag from /home/atef/.local/lib/python3.9/site-packages/airflow/example_dags/example_branch_python_dop_operator_3.py
[2025-06-25T01:32:04.527+0200] {processor.py:836} INFO - DAG(s) dict_keys(['example_branch_dop_operator_v3']) retrieved from /home/atef/.local/lib/python3.9/site-packages/airflow/example_dags/example_branch_python_dop_operator_3.py
[2025-06-25T01:32:04.619+0200] {logging_mixin.py:149} INFO - [2025-06-25T01:32:04.619+0200] {dag.py:2726} INFO - Sync 1 DAGs
[2025-06-25T01:32:04.684+0200] {logging_mixin.py:149} INFO - [2025-06-25T01:32:04.683+0200] {dag.py:3486} INFO - Setting next_dagrun for example_branch_dop_operator_v3 to 2025-06-24T23:31:00+00:00, run_after=2025-06-24T23:32:00+00:00
[2025-06-25T01:32:04.749+0200] {processor.py:179} INFO - Processing /home/atef/.local/lib/python3.9/site-packages/airflow/example_dags/example_branch_python_dop_operator_3.py took 0.297 seconds
[2025-06-25T01:33:11.084+0200] {processor.py:157} INFO - Started process (PID=181586) to work on /home/atef/.local/lib/python3.9/site-packages/airflow/example_dags/example_branch_python_dop_operator_3.py
[2025-06-25T01:33:11.088+0200] {processor.py:826} INFO - Processing file /home/atef/.local/lib/python3.9/site-packages/airflow/example_dags/example_branch_python_dop_operator_3.py for tasks to queue
[2025-06-25T01:33:11.090+0200] {logging_mixin.py:149} INFO - [2025-06-25T01:33:11.090+0200] {dagbag.py:541} INFO - Filling up the DagBag from /home/atef/.local/lib/python3.9/site-packages/airflow/example_dags/example_branch_python_dop_operator_3.py
[2025-06-25T01:33:11.123+0200] {processor.py:836} INFO - DAG(s) dict_keys(['example_branch_dop_operator_v3']) retrieved from /home/atef/.local/lib/python3.9/site-packages/airflow/example_dags/example_branch_python_dop_operator_3.py
[2025-06-25T01:33:11.197+0200] {logging_mixin.py:149} INFO - [2025-06-25T01:33:11.197+0200] {dag.py:2726} INFO - Sync 1 DAGs
[2025-06-25T01:33:11.284+0200] {logging_mixin.py:149} INFO - [2025-06-25T01:33:11.283+0200] {dag.py:3486} INFO - Setting next_dagrun for example_branch_dop_operator_v3 to 2025-06-24T23:32:00+00:00, run_after=2025-06-24T23:33:00+00:00
[2025-06-25T01:33:11.385+0200] {processor.py:179} INFO - Processing /home/atef/.local/lib/python3.9/site-packages/airflow/example_dags/example_branch_python_dop_operator_3.py took 0.315 seconds
[2025-06-25T01:35:56.778+0200] {processor.py:157} INFO - Started process (PID=182401) to work on /home/atef/.local/lib/python3.9/site-packages/airflow/example_dags/example_branch_python_dop_operator_3.py
[2025-06-25T01:35:56.797+0200] {processor.py:826} INFO - Processing file /home/atef/.local/lib/python3.9/site-packages/airflow/example_dags/example_branch_python_dop_operator_3.py for tasks to queue
[2025-06-25T01:35:56.814+0200] {logging_mixin.py:149} INFO - [2025-06-25T01:35:56.813+0200] {dagbag.py:541} INFO - Filling up the DagBag from /home/atef/.local/lib/python3.9/site-packages/airflow/example_dags/example_branch_python_dop_operator_3.py
[2025-06-25T01:35:57.029+0200] {processor.py:836} INFO - DAG(s) dict_keys(['example_branch_dop_operator_v3']) retrieved from /home/atef/.local/lib/python3.9/site-packages/airflow/example_dags/example_branch_python_dop_operator_3.py
[2025-06-25T01:35:58.128+0200] {logging_mixin.py:149} INFO - [2025-06-25T01:35:58.120+0200] {dag.py:2726} INFO - Sync 1 DAGs
[2025-06-25T01:35:58.873+0200] {logging_mixin.py:149} INFO - [2025-06-25T01:35:58.872+0200] {dag.py:3486} INFO - Setting next_dagrun for example_branch_dop_operator_v3 to 2025-06-24T23:34:00+00:00, run_after=2025-06-24T23:35:00+00:00
[2025-06-25T01:35:59.581+0200] {processor.py:179} INFO - Processing /home/atef/.local/lib/python3.9/site-packages/airflow/example_dags/example_branch_python_dop_operator_3.py took 2.944 seconds
[2025-06-25T01:38:36.537+0200] {processor.py:157} INFO - Started process (PID=183590) to work on /home/atef/.local/lib/python3.9/site-packages/airflow/example_dags/example_branch_python_dop_operator_3.py
[2025-06-25T01:38:36.549+0200] {processor.py:826} INFO - Processing file /home/atef/.local/lib/python3.9/site-packages/airflow/example_dags/example_branch_python_dop_operator_3.py for tasks to queue
[2025-06-25T01:38:36.557+0200] {logging_mixin.py:149} INFO - [2025-06-25T01:38:36.557+0200] {dagbag.py:541} INFO - Filling up the DagBag from /home/atef/.local/lib/python3.9/site-packages/airflow/example_dags/example_branch_python_dop_operator_3.py
[2025-06-25T01:38:36.634+0200] {processor.py:836} INFO - DAG(s) dict_keys(['example_branch_dop_operator_v3']) retrieved from /home/atef/.local/lib/python3.9/site-packages/airflow/example_dags/example_branch_python_dop_operator_3.py
[2025-06-25T01:38:36.807+0200] {logging_mixin.py:149} INFO - [2025-06-25T01:38:36.807+0200] {dag.py:2726} INFO - Sync 1 DAGs
[2025-06-25T01:38:36.981+0200] {logging_mixin.py:149} INFO - [2025-06-25T01:38:36.981+0200] {dag.py:3486} INFO - Setting next_dagrun for example_branch_dop_operator_v3 to 2025-06-24T23:37:00+00:00, run_after=2025-06-24T23:38:00+00:00
[2025-06-25T01:38:37.083+0200] {processor.py:179} INFO - Processing /home/atef/.local/lib/python3.9/site-packages/airflow/example_dags/example_branch_python_dop_operator_3.py took 0.586 seconds
[2025-06-25T01:39:47.406+0200] {processor.py:157} INFO - Started process (PID=183736) to work on /home/atef/.local/lib/python3.9/site-packages/airflow/example_dags/example_branch_python_dop_operator_3.py
[2025-06-25T01:39:47.411+0200] {processor.py:826} INFO - Processing file /home/atef/.local/lib/python3.9/site-packages/airflow/example_dags/example_branch_python_dop_operator_3.py for tasks to queue
[2025-06-25T01:39:47.414+0200] {logging_mixin.py:149} INFO - [2025-06-25T01:39:47.414+0200] {dagbag.py:541} INFO - Filling up the DagBag from /home/atef/.local/lib/python3.9/site-packages/airflow/example_dags/example_branch_python_dop_operator_3.py
[2025-06-25T01:39:47.450+0200] {processor.py:836} INFO - DAG(s) dict_keys(['example_branch_dop_operator_v3']) retrieved from /home/atef/.local/lib/python3.9/site-packages/airflow/example_dags/example_branch_python_dop_operator_3.py
[2025-06-25T01:39:47.580+0200] {logging_mixin.py:149} INFO - [2025-06-25T01:39:47.580+0200] {dag.py:2726} INFO - Sync 1 DAGs
[2025-06-25T01:39:47.642+0200] {logging_mixin.py:149} INFO - [2025-06-25T01:39:47.642+0200] {dag.py:3486} INFO - Setting next_dagrun for example_branch_dop_operator_v3 to 2025-06-24T23:38:00+00:00, run_after=2025-06-24T23:39:00+00:00
[2025-06-25T01:39:47.686+0200] {processor.py:179} INFO - Processing /home/atef/.local/lib/python3.9/site-packages/airflow/example_dags/example_branch_python_dop_operator_3.py took 0.299 seconds
[2025-06-25T01:46:11.570+0200] {processor.py:157} INFO - Started process (PID=187659) to work on /home/atef/.local/lib/python3.9/site-packages/airflow/example_dags/example_branch_python_dop_operator_3.py
[2025-06-25T01:46:11.576+0200] {processor.py:826} INFO - Processing file /home/atef/.local/lib/python3.9/site-packages/airflow/example_dags/example_branch_python_dop_operator_3.py for tasks to queue
[2025-06-25T01:46:11.580+0200] {logging_mixin.py:149} INFO - [2025-06-25T01:46:11.580+0200] {dagbag.py:541} INFO - Filling up the DagBag from /home/atef/.local/lib/python3.9/site-packages/airflow/example_dags/example_branch_python_dop_operator_3.py
[2025-06-25T01:46:11.625+0200] {processor.py:836} INFO - DAG(s) dict_keys(['example_branch_dop_operator_v3']) retrieved from /home/atef/.local/lib/python3.9/site-packages/airflow/example_dags/example_branch_python_dop_operator_3.py
[2025-06-25T01:46:11.806+0200] {logging_mixin.py:149} INFO - [2025-06-25T01:46:11.806+0200] {dag.py:2726} INFO - Sync 1 DAGs
[2025-06-25T01:46:11.988+0200] {logging_mixin.py:149} INFO - [2025-06-25T01:46:11.987+0200] {dag.py:3486} INFO - Setting next_dagrun for example_branch_dop_operator_v3 to 2025-06-24T23:45:00+00:00, run_after=2025-06-24T23:46:00+00:00
[2025-06-25T01:46:12.062+0200] {processor.py:179} INFO - Processing /home/atef/.local/lib/python3.9/site-packages/airflow/example_dags/example_branch_python_dop_operator_3.py took 0.512 seconds
[2025-06-25T01:47:37.585+0200] {processor.py:157} INFO - Started process (PID=188312) to work on /home/atef/.local/lib/python3.9/site-packages/airflow/example_dags/example_branch_python_dop_operator_3.py
[2025-06-25T01:47:37.593+0200] {processor.py:826} INFO - Processing file /home/atef/.local/lib/python3.9/site-packages/airflow/example_dags/example_branch_python_dop_operator_3.py for tasks to queue
[2025-06-25T01:47:37.599+0200] {logging_mixin.py:149} INFO - [2025-06-25T01:47:37.598+0200] {dagbag.py:541} INFO - Filling up the DagBag from /home/atef/.local/lib/python3.9/site-packages/airflow/example_dags/example_branch_python_dop_operator_3.py
[2025-06-25T01:47:37.745+0200] {processor.py:836} INFO - DAG(s) dict_keys(['example_branch_dop_operator_v3']) retrieved from /home/atef/.local/lib/python3.9/site-packages/airflow/example_dags/example_branch_python_dop_operator_3.py
[2025-06-25T01:47:38.093+0200] {logging_mixin.py:149} INFO - [2025-06-25T01:47:38.091+0200] {dag.py:2726} INFO - Sync 1 DAGs
[2025-06-25T01:47:38.270+0200] {logging_mixin.py:149} INFO - [2025-06-25T01:47:38.270+0200] {dag.py:3486} INFO - Setting next_dagrun for example_branch_dop_operator_v3 to 2025-06-24T23:46:00+00:00, run_after=2025-06-24T23:47:00+00:00
[2025-06-25T01:47:38.373+0200] {processor.py:179} INFO - Processing /home/atef/.local/lib/python3.9/site-packages/airflow/example_dags/example_branch_python_dop_operator_3.py took 0.812 seconds
[2025-06-25T01:49:46.721+0200] {processor.py:157} INFO - Started process (PID=189207) to work on /home/atef/.local/lib/python3.9/site-packages/airflow/example_dags/example_branch_python_dop_operator_3.py
[2025-06-25T01:49:46.725+0200] {processor.py:826} INFO - Processing file /home/atef/.local/lib/python3.9/site-packages/airflow/example_dags/example_branch_python_dop_operator_3.py for tasks to queue
[2025-06-25T01:49:46.727+0200] {logging_mixin.py:149} INFO - [2025-06-25T01:49:46.727+0200] {dagbag.py:541} INFO - Filling up the DagBag from /home/atef/.local/lib/python3.9/site-packages/airflow/example_dags/example_branch_python_dop_operator_3.py
[2025-06-25T01:49:46.750+0200] {processor.py:836} INFO - DAG(s) dict_keys(['example_branch_dop_operator_v3']) retrieved from /home/atef/.local/lib/python3.9/site-packages/airflow/example_dags/example_branch_python_dop_operator_3.py
[2025-06-25T01:49:46.824+0200] {logging_mixin.py:149} INFO - [2025-06-25T01:49:46.823+0200] {dag.py:2726} INFO - Sync 1 DAGs
[2025-06-25T01:49:46.902+0200] {logging_mixin.py:149} INFO - [2025-06-25T01:49:46.902+0200] {dag.py:3486} INFO - Setting next_dagrun for example_branch_dop_operator_v3 to 2025-06-24T23:48:00+00:00, run_after=2025-06-24T23:49:00+00:00
[2025-06-25T01:49:46.947+0200] {processor.py:179} INFO - Processing /home/atef/.local/lib/python3.9/site-packages/airflow/example_dags/example_branch_python_dop_operator_3.py took 0.238 seconds
[2025-06-25T01:51:19.691+0200] {processor.py:157} INFO - Started process (PID=189776) to work on /home/atef/.local/lib/python3.9/site-packages/airflow/example_dags/example_branch_python_dop_operator_3.py
[2025-06-25T01:51:19.747+0200] {processor.py:826} INFO - Processing file /home/atef/.local/lib/python3.9/site-packages/airflow/example_dags/example_branch_python_dop_operator_3.py for tasks to queue
[2025-06-25T01:51:19.776+0200] {logging_mixin.py:149} INFO - [2025-06-25T01:51:19.776+0200] {dagbag.py:541} INFO - Filling up the DagBag from /home/atef/.local/lib/python3.9/site-packages/airflow/example_dags/example_branch_python_dop_operator_3.py
[2025-06-25T01:51:20.043+0200] {processor.py:836} INFO - DAG(s) dict_keys(['example_branch_dop_operator_v3']) retrieved from /home/atef/.local/lib/python3.9/site-packages/airflow/example_dags/example_branch_python_dop_operator_3.py
[2025-06-25T01:51:20.373+0200] {logging_mixin.py:149} INFO - [2025-06-25T01:51:20.373+0200] {dag.py:2726} INFO - Sync 1 DAGs
[2025-06-25T01:51:20.632+0200] {logging_mixin.py:149} INFO - [2025-06-25T01:51:20.631+0200] {dag.py:3486} INFO - Setting next_dagrun for example_branch_dop_operator_v3 to 2025-06-24T23:50:00+00:00, run_after=2025-06-24T23:51:00+00:00
[2025-06-25T01:51:20.903+0200] {processor.py:179} INFO - Processing /home/atef/.local/lib/python3.9/site-packages/airflow/example_dags/example_branch_python_dop_operator_3.py took 1.391 seconds
[2025-06-25T01:56:04.657+0200] {processor.py:157} INFO - Started process (PID=191078) to work on /home/atef/.local/lib/python3.9/site-packages/airflow/example_dags/example_branch_python_dop_operator_3.py
[2025-06-25T01:56:04.662+0200] {processor.py:826} INFO - Processing file /home/atef/.local/lib/python3.9/site-packages/airflow/example_dags/example_branch_python_dop_operator_3.py for tasks to queue
[2025-06-25T01:56:04.663+0200] {logging_mixin.py:149} INFO - [2025-06-25T01:56:04.663+0200] {dagbag.py:541} INFO - Filling up the DagBag from /home/atef/.local/lib/python3.9/site-packages/airflow/example_dags/example_branch_python_dop_operator_3.py
[2025-06-25T01:56:04.692+0200] {processor.py:836} INFO - DAG(s) dict_keys(['example_branch_dop_operator_v3']) retrieved from /home/atef/.local/lib/python3.9/site-packages/airflow/example_dags/example_branch_python_dop_operator_3.py
[2025-06-25T01:56:04.917+0200] {logging_mixin.py:149} INFO - [2025-06-25T01:56:04.917+0200] {dag.py:2726} INFO - Sync 1 DAGs
[2025-06-25T01:56:05.409+0200] {logging_mixin.py:149} INFO - [2025-06-25T01:56:05.385+0200] {dag.py:3486} INFO - Setting next_dagrun for example_branch_dop_operator_v3 to 2025-06-24T23:55:00+00:00, run_after=2025-06-24T23:56:00+00:00
[2025-06-25T01:56:05.536+0200] {processor.py:179} INFO - Processing /home/atef/.local/lib/python3.9/site-packages/airflow/example_dags/example_branch_python_dop_operator_3.py took 0.893 seconds
[2025-06-25T01:57:23.105+0200] {processor.py:157} INFO - Started process (PID=191425) to work on /home/atef/.local/lib/python3.9/site-packages/airflow/example_dags/example_branch_python_dop_operator_3.py
[2025-06-25T01:57:23.116+0200] {processor.py:826} INFO - Processing file /home/atef/.local/lib/python3.9/site-packages/airflow/example_dags/example_branch_python_dop_operator_3.py for tasks to queue
[2025-06-25T01:57:23.123+0200] {logging_mixin.py:149} INFO - [2025-06-25T01:57:23.123+0200] {dagbag.py:541} INFO - Filling up the DagBag from /home/atef/.local/lib/python3.9/site-packages/airflow/example_dags/example_branch_python_dop_operator_3.py
[2025-06-25T01:57:23.205+0200] {processor.py:836} INFO - DAG(s) dict_keys(['example_branch_dop_operator_v3']) retrieved from /home/atef/.local/lib/python3.9/site-packages/airflow/example_dags/example_branch_python_dop_operator_3.py
[2025-06-25T01:57:23.446+0200] {logging_mixin.py:149} INFO - [2025-06-25T01:57:23.446+0200] {dag.py:2726} INFO - Sync 1 DAGs
[2025-06-25T01:57:23.690+0200] {logging_mixin.py:149} INFO - [2025-06-25T01:57:23.690+0200] {dag.py:3486} INFO - Setting next_dagrun for example_branch_dop_operator_v3 to 2025-06-24T23:56:00+00:00, run_after=2025-06-24T23:57:00+00:00
[2025-06-25T01:57:23.812+0200] {processor.py:179} INFO - Processing /home/atef/.local/lib/python3.9/site-packages/airflow/example_dags/example_branch_python_dop_operator_3.py took 0.754 seconds
