[2025-06-24T23:14:42.594+0200] {processor.py:157} INFO - Started process (PID=154784) to work on /home/atef/.local/lib/python3.9/site-packages/airflow/example_dags/example_xcom.py
[2025-06-24T23:14:42.598+0200] {processor.py:826} INFO - Processing file /home/atef/.local/lib/python3.9/site-packages/airflow/example_dags/example_xcom.py for tasks to queue
[2025-06-24T23:14:42.600+0200] {logging_mixin.py:149} INFO - [2025-06-24T23:14:42.600+0200] {dagbag.py:541} INFO - Filling up the DagBag from /home/atef/.local/lib/python3.9/site-packages/airflow/example_dags/example_xcom.py
[2025-06-24T23:14:42.660+0200] {processor.py:836} INFO - DAG(s) dict_keys(['example_xcom']) retrieved from /home/atef/.local/lib/python3.9/site-packages/airflow/example_dags/example_xcom.py
[2025-06-24T23:14:42.783+0200] {logging_mixin.py:149} INFO - [2025-06-24T23:14:42.783+0200] {dag.py:2726} INFO - Sync 1 DAGs
[2025-06-24T23:14:42.833+0200] {logging_mixin.py:149} INFO - [2025-06-24T23:14:42.833+0200] {dag.py:3486} INFO - Setting next_dagrun for example_xcom to 2021-01-01T00:00:00+00:00, run_after=2021-01-01T00:00:00+00:00
[2025-06-24T23:14:42.879+0200] {processor.py:179} INFO - Processing /home/atef/.local/lib/python3.9/site-packages/airflow/example_dags/example_xcom.py took 0.301 seconds
[2025-06-24T23:16:13.062+0200] {processor.py:157} INFO - Started process (PID=155102) to work on /home/atef/.local/lib/python3.9/site-packages/airflow/example_dags/example_xcom.py
[2025-06-24T23:16:13.070+0200] {processor.py:826} INFO - Processing file /home/atef/.local/lib/python3.9/site-packages/airflow/example_dags/example_xcom.py for tasks to queue
[2025-06-24T23:16:13.075+0200] {logging_mixin.py:149} INFO - [2025-06-24T23:16:13.074+0200] {dagbag.py:541} INFO - Filling up the DagBag from /home/atef/.local/lib/python3.9/site-packages/airflow/example_dags/example_xcom.py
[2025-06-24T23:16:13.112+0200] {processor.py:836} INFO - DAG(s) dict_keys(['example_xcom']) retrieved from /home/atef/.local/lib/python3.9/site-packages/airflow/example_dags/example_xcom.py
[2025-06-24T23:16:13.230+0200] {logging_mixin.py:149} INFO - [2025-06-24T23:16:13.230+0200] {dag.py:2726} INFO - Sync 1 DAGs
[2025-06-24T23:16:13.348+0200] {logging_mixin.py:149} INFO - [2025-06-24T23:16:13.348+0200] {dag.py:3486} INFO - Setting next_dagrun for example_xcom to 2021-01-01T00:00:00+00:00, run_after=2021-01-01T00:00:00+00:00
[2025-06-24T23:16:13.432+0200] {processor.py:179} INFO - Processing /home/atef/.local/lib/python3.9/site-packages/airflow/example_dags/example_xcom.py took 0.388 seconds
[2025-06-24T23:17:12.568+0200] {processor.py:157} INFO - Started process (PID=155235) to work on /home/atef/.local/lib/python3.9/site-packages/airflow/example_dags/example_xcom.py
[2025-06-24T23:17:12.572+0200] {processor.py:826} INFO - Processing file /home/atef/.local/lib/python3.9/site-packages/airflow/example_dags/example_xcom.py for tasks to queue
[2025-06-24T23:17:12.575+0200] {logging_mixin.py:149} INFO - [2025-06-24T23:17:12.574+0200] {dagbag.py:541} INFO - Filling up the DagBag from /home/atef/.local/lib/python3.9/site-packages/airflow/example_dags/example_xcom.py
[2025-06-24T23:17:12.615+0200] {processor.py:836} INFO - DAG(s) dict_keys(['example_xcom']) retrieved from /home/atef/.local/lib/python3.9/site-packages/airflow/example_dags/example_xcom.py
[2025-06-24T23:17:12.722+0200] {logging_mixin.py:149} INFO - [2025-06-24T23:17:12.722+0200] {dag.py:2726} INFO - Sync 1 DAGs
[2025-06-24T23:17:12.781+0200] {logging_mixin.py:149} INFO - [2025-06-24T23:17:12.781+0200] {dag.py:3486} INFO - Setting next_dagrun for example_xcom to 2021-01-01T00:00:00+00:00, run_after=2021-01-01T00:00:00+00:00
[2025-06-24T23:17:12.828+0200] {processor.py:179} INFO - Processing /home/atef/.local/lib/python3.9/site-packages/airflow/example_dags/example_xcom.py took 0.273 seconds
[2025-06-24T23:18:07.389+0200] {processor.py:157} INFO - Started process (PID=155412) to work on /home/atef/.local/lib/python3.9/site-packages/airflow/example_dags/example_xcom.py
[2025-06-24T23:18:07.410+0200] {processor.py:826} INFO - Processing file /home/atef/.local/lib/python3.9/site-packages/airflow/example_dags/example_xcom.py for tasks to queue
[2025-06-24T23:18:07.418+0200] {logging_mixin.py:149} INFO - [2025-06-24T23:18:07.418+0200] {dagbag.py:541} INFO - Filling up the DagBag from /home/atef/.local/lib/python3.9/site-packages/airflow/example_dags/example_xcom.py
[2025-06-24T23:18:07.493+0200] {processor.py:836} INFO - DAG(s) dict_keys(['example_xcom']) retrieved from /home/atef/.local/lib/python3.9/site-packages/airflow/example_dags/example_xcom.py
[2025-06-24T23:18:07.712+0200] {logging_mixin.py:149} INFO - [2025-06-24T23:18:07.712+0200] {dag.py:2726} INFO - Sync 1 DAGs
[2025-06-24T23:18:10.960+0200] {logging_mixin.py:149} INFO - [2025-06-24T23:18:10.884+0200] {dag.py:3486} INFO - Setting next_dagrun for example_xcom to 2021-01-01T00:00:00+00:00, run_after=2021-01-01T00:00:00+00:00
[2025-06-24T23:18:30.534+0200] {processor.py:179} INFO - Processing /home/atef/.local/lib/python3.9/site-packages/airflow/example_dags/example_xcom.py took 23.159 seconds
[2025-06-25T01:10:50.927+0200] {processor.py:157} INFO - Started process (PID=172542) to work on /home/atef/.local/lib/python3.9/site-packages/airflow/example_dags/example_xcom.py
[2025-06-25T01:10:50.938+0200] {processor.py:826} INFO - Processing file /home/atef/.local/lib/python3.9/site-packages/airflow/example_dags/example_xcom.py for tasks to queue
[2025-06-25T01:10:50.940+0200] {logging_mixin.py:149} INFO - [2025-06-25T01:10:50.940+0200] {dagbag.py:541} INFO - Filling up the DagBag from /home/atef/.local/lib/python3.9/site-packages/airflow/example_dags/example_xcom.py
[2025-06-25T01:10:51.032+0200] {processor.py:836} INFO - DAG(s) dict_keys(['example_xcom']) retrieved from /home/atef/.local/lib/python3.9/site-packages/airflow/example_dags/example_xcom.py
[2025-06-25T01:10:51.386+0200] {logging_mixin.py:149} INFO - [2025-06-25T01:10:51.382+0200] {dag.py:2726} INFO - Sync 1 DAGs
[2025-06-25T01:10:51.641+0200] {logging_mixin.py:149} INFO - [2025-06-25T01:10:51.641+0200] {dag.py:3486} INFO - Setting next_dagrun for example_xcom to 2021-01-01T00:00:00+00:00, run_after=2021-01-01T00:00:00+00:00
[2025-06-25T01:10:51.871+0200] {processor.py:179} INFO - Processing /home/atef/.local/lib/python3.9/site-packages/airflow/example_dags/example_xcom.py took 0.976 seconds
[2025-06-25T01:17:22.367+0200] {processor.py:157} INFO - Started process (PID=174529) to work on /home/atef/.local/lib/python3.9/site-packages/airflow/example_dags/example_xcom.py
[2025-06-25T01:17:22.384+0200] {processor.py:826} INFO - Processing file /home/atef/.local/lib/python3.9/site-packages/airflow/example_dags/example_xcom.py for tasks to queue
[2025-06-25T01:17:22.395+0200] {logging_mixin.py:149} INFO - [2025-06-25T01:17:22.394+0200] {dagbag.py:541} INFO - Filling up the DagBag from /home/atef/.local/lib/python3.9/site-packages/airflow/example_dags/example_xcom.py
[2025-06-25T01:17:22.563+0200] {processor.py:836} INFO - DAG(s) dict_keys(['example_xcom']) retrieved from /home/atef/.local/lib/python3.9/site-packages/airflow/example_dags/example_xcom.py
[2025-06-25T01:17:22.927+0200] {logging_mixin.py:149} INFO - [2025-06-25T01:17:22.926+0200] {dag.py:2726} INFO - Sync 1 DAGs
[2025-06-25T01:17:23.155+0200] {logging_mixin.py:149} INFO - [2025-06-25T01:17:23.155+0200] {dag.py:3486} INFO - Setting next_dagrun for example_xcom to 2021-01-01T00:00:00+00:00, run_after=2021-01-01T00:00:00+00:00
[2025-06-25T01:17:23.461+0200] {processor.py:179} INFO - Processing /home/atef/.local/lib/python3.9/site-packages/airflow/example_dags/example_xcom.py took 1.132 seconds
[2025-06-25T01:19:11.166+0200] {processor.py:157} INFO - Started process (PID=175508) to work on /home/atef/.local/lib/python3.9/site-packages/airflow/example_dags/example_xcom.py
[2025-06-25T01:19:11.176+0200] {processor.py:826} INFO - Processing file /home/atef/.local/lib/python3.9/site-packages/airflow/example_dags/example_xcom.py for tasks to queue
[2025-06-25T01:19:11.180+0200] {logging_mixin.py:149} INFO - [2025-06-25T01:19:11.180+0200] {dagbag.py:541} INFO - Filling up the DagBag from /home/atef/.local/lib/python3.9/site-packages/airflow/example_dags/example_xcom.py
[2025-06-25T01:19:11.270+0200] {processor.py:836} INFO - DAG(s) dict_keys(['example_xcom']) retrieved from /home/atef/.local/lib/python3.9/site-packages/airflow/example_dags/example_xcom.py
[2025-06-25T01:19:11.516+0200] {logging_mixin.py:149} INFO - [2025-06-25T01:19:11.516+0200] {dag.py:2726} INFO - Sync 1 DAGs
[2025-06-25T01:19:11.670+0200] {logging_mixin.py:149} INFO - [2025-06-25T01:19:11.670+0200] {dag.py:3486} INFO - Setting next_dagrun for example_xcom to 2021-01-01T00:00:00+00:00, run_after=2021-01-01T00:00:00+00:00
[2025-06-25T01:19:11.791+0200] {processor.py:179} INFO - Processing /home/atef/.local/lib/python3.9/site-packages/airflow/example_dags/example_xcom.py took 0.658 seconds
[2025-06-25T01:20:03.851+0200] {processor.py:157} INFO - Started process (PID=175808) to work on /home/atef/.local/lib/python3.9/site-packages/airflow/example_dags/example_xcom.py
[2025-06-25T01:20:03.858+0200] {processor.py:826} INFO - Processing file /home/atef/.local/lib/python3.9/site-packages/airflow/example_dags/example_xcom.py for tasks to queue
[2025-06-25T01:20:03.864+0200] {logging_mixin.py:149} INFO - [2025-06-25T01:20:03.863+0200] {dagbag.py:541} INFO - Filling up the DagBag from /home/atef/.local/lib/python3.9/site-packages/airflow/example_dags/example_xcom.py
[2025-06-25T01:20:03.905+0200] {processor.py:836} INFO - DAG(s) dict_keys(['example_xcom']) retrieved from /home/atef/.local/lib/python3.9/site-packages/airflow/example_dags/example_xcom.py
[2025-06-25T01:20:04.057+0200] {logging_mixin.py:149} INFO - [2025-06-25T01:20:04.057+0200] {dag.py:2726} INFO - Sync 1 DAGs
[2025-06-25T01:20:04.131+0200] {logging_mixin.py:149} INFO - [2025-06-25T01:20:04.131+0200] {dag.py:3486} INFO - Setting next_dagrun for example_xcom to 2021-01-01T00:00:00+00:00, run_after=2021-01-01T00:00:00+00:00
[2025-06-25T01:20:04.175+0200] {processor.py:179} INFO - Processing /home/atef/.local/lib/python3.9/site-packages/airflow/example_dags/example_xcom.py took 0.345 seconds
[2025-06-25T01:21:53.529+0200] {processor.py:157} INFO - Started process (PID=176941) to work on /home/atef/.local/lib/python3.9/site-packages/airflow/example_dags/example_xcom.py
[2025-06-25T01:21:53.535+0200] {processor.py:826} INFO - Processing file /home/atef/.local/lib/python3.9/site-packages/airflow/example_dags/example_xcom.py for tasks to queue
[2025-06-25T01:21:53.538+0200] {logging_mixin.py:149} INFO - [2025-06-25T01:21:53.538+0200] {dagbag.py:541} INFO - Filling up the DagBag from /home/atef/.local/lib/python3.9/site-packages/airflow/example_dags/example_xcom.py
[2025-06-25T01:21:53.574+0200] {processor.py:836} INFO - DAG(s) dict_keys(['example_xcom']) retrieved from /home/atef/.local/lib/python3.9/site-packages/airflow/example_dags/example_xcom.py
[2025-06-25T01:21:53.738+0200] {logging_mixin.py:149} INFO - [2025-06-25T01:21:53.737+0200] {dag.py:2726} INFO - Sync 1 DAGs
[2025-06-25T01:21:53.961+0200] {logging_mixin.py:149} INFO - [2025-06-25T01:21:53.959+0200] {dag.py:3486} INFO - Setting next_dagrun for example_xcom to 2021-01-01T00:00:00+00:00, run_after=2021-01-01T00:00:00+00:00
[2025-06-25T01:21:54.154+0200] {processor.py:179} INFO - Processing /home/atef/.local/lib/python3.9/site-packages/airflow/example_dags/example_xcom.py took 0.639 seconds
[2025-06-25T01:22:59.949+0200] {processor.py:157} INFO - Started process (PID=177147) to work on /home/atef/.local/lib/python3.9/site-packages/airflow/example_dags/example_xcom.py
[2025-06-25T01:22:59.958+0200] {processor.py:826} INFO - Processing file /home/atef/.local/lib/python3.9/site-packages/airflow/example_dags/example_xcom.py for tasks to queue
[2025-06-25T01:22:59.963+0200] {logging_mixin.py:149} INFO - [2025-06-25T01:22:59.963+0200] {dagbag.py:541} INFO - Filling up the DagBag from /home/atef/.local/lib/python3.9/site-packages/airflow/example_dags/example_xcom.py
[2025-06-25T01:22:59.989+0200] {processor.py:836} INFO - DAG(s) dict_keys(['example_xcom']) retrieved from /home/atef/.local/lib/python3.9/site-packages/airflow/example_dags/example_xcom.py
[2025-06-25T01:23:00.062+0200] {logging_mixin.py:149} INFO - [2025-06-25T01:23:00.062+0200] {dag.py:2726} INFO - Sync 1 DAGs
[2025-06-25T01:23:00.103+0200] {logging_mixin.py:149} INFO - [2025-06-25T01:23:00.103+0200] {dag.py:3486} INFO - Setting next_dagrun for example_xcom to 2021-01-01T00:00:00+00:00, run_after=2021-01-01T00:00:00+00:00
[2025-06-25T01:23:00.145+0200] {processor.py:179} INFO - Processing /home/atef/.local/lib/python3.9/site-packages/airflow/example_dags/example_xcom.py took 0.226 seconds
[2025-06-25T01:24:52.223+0200] {processor.py:157} INFO - Started process (PID=178088) to work on /home/atef/.local/lib/python3.9/site-packages/airflow/example_dags/example_xcom.py
[2025-06-25T01:24:52.298+0200] {processor.py:826} INFO - Processing file /home/atef/.local/lib/python3.9/site-packages/airflow/example_dags/example_xcom.py for tasks to queue
[2025-06-25T01:24:52.320+0200] {logging_mixin.py:149} INFO - [2025-06-25T01:24:52.319+0200] {dagbag.py:541} INFO - Filling up the DagBag from /home/atef/.local/lib/python3.9/site-packages/airflow/example_dags/example_xcom.py
[2025-06-25T01:24:52.739+0200] {processor.py:836} INFO - DAG(s) dict_keys(['example_xcom']) retrieved from /home/atef/.local/lib/python3.9/site-packages/airflow/example_dags/example_xcom.py
[2025-06-25T01:24:54.143+0200] {logging_mixin.py:149} INFO - [2025-06-25T01:24:54.143+0200] {dag.py:2726} INFO - Sync 1 DAGs
[2025-06-25T01:24:54.500+0200] {logging_mixin.py:149} INFO - [2025-06-25T01:24:54.495+0200] {dag.py:3486} INFO - Setting next_dagrun for example_xcom to 2021-01-01T00:00:00+00:00, run_after=2021-01-01T00:00:00+00:00
[2025-06-25T01:24:54.848+0200] {processor.py:179} INFO - Processing /home/atef/.local/lib/python3.9/site-packages/airflow/example_dags/example_xcom.py took 2.840 seconds
[2025-06-25T01:26:08.047+0200] {processor.py:157} INFO - Started process (PID=178645) to work on /home/atef/.local/lib/python3.9/site-packages/airflow/example_dags/example_xcom.py
[2025-06-25T01:26:08.053+0200] {processor.py:826} INFO - Processing file /home/atef/.local/lib/python3.9/site-packages/airflow/example_dags/example_xcom.py for tasks to queue
[2025-06-25T01:26:08.055+0200] {logging_mixin.py:149} INFO - [2025-06-25T01:26:08.055+0200] {dagbag.py:541} INFO - Filling up the DagBag from /home/atef/.local/lib/python3.9/site-packages/airflow/example_dags/example_xcom.py
[2025-06-25T01:26:08.082+0200] {processor.py:836} INFO - DAG(s) dict_keys(['example_xcom']) retrieved from /home/atef/.local/lib/python3.9/site-packages/airflow/example_dags/example_xcom.py
[2025-06-25T01:26:08.197+0200] {logging_mixin.py:149} INFO - [2025-06-25T01:26:08.196+0200] {dag.py:2726} INFO - Sync 1 DAGs
[2025-06-25T01:26:08.278+0200] {logging_mixin.py:149} INFO - [2025-06-25T01:26:08.278+0200] {dag.py:3486} INFO - Setting next_dagrun for example_xcom to 2021-01-01T00:00:00+00:00, run_after=2021-01-01T00:00:00+00:00
[2025-06-25T01:26:08.340+0200] {processor.py:179} INFO - Processing /home/atef/.local/lib/python3.9/site-packages/airflow/example_dags/example_xcom.py took 0.306 seconds
[2025-06-25T01:27:11.403+0200] {processor.py:157} INFO - Started process (PID=179105) to work on /home/atef/.local/lib/python3.9/site-packages/airflow/example_dags/example_xcom.py
[2025-06-25T01:27:11.409+0200] {processor.py:826} INFO - Processing file /home/atef/.local/lib/python3.9/site-packages/airflow/example_dags/example_xcom.py for tasks to queue
[2025-06-25T01:27:11.411+0200] {logging_mixin.py:149} INFO - [2025-06-25T01:27:11.411+0200] {dagbag.py:541} INFO - Filling up the DagBag from /home/atef/.local/lib/python3.9/site-packages/airflow/example_dags/example_xcom.py
[2025-06-25T01:27:11.440+0200] {processor.py:836} INFO - DAG(s) dict_keys(['example_xcom']) retrieved from /home/atef/.local/lib/python3.9/site-packages/airflow/example_dags/example_xcom.py
[2025-06-25T01:27:11.520+0200] {logging_mixin.py:149} INFO - [2025-06-25T01:27:11.519+0200] {dag.py:2726} INFO - Sync 1 DAGs
[2025-06-25T01:27:11.589+0200] {logging_mixin.py:149} INFO - [2025-06-25T01:27:11.589+0200] {dag.py:3486} INFO - Setting next_dagrun for example_xcom to 2021-01-01T00:00:00+00:00, run_after=2021-01-01T00:00:00+00:00
[2025-06-25T01:27:11.672+0200] {processor.py:179} INFO - Processing /home/atef/.local/lib/python3.9/site-packages/airflow/example_dags/example_xcom.py took 0.282 seconds
[2025-06-25T01:29:00.413+0200] {processor.py:157} INFO - Started process (PID=180075) to work on /home/atef/.local/lib/python3.9/site-packages/airflow/example_dags/example_xcom.py
[2025-06-25T01:29:00.418+0200] {processor.py:826} INFO - Processing file /home/atef/.local/lib/python3.9/site-packages/airflow/example_dags/example_xcom.py for tasks to queue
[2025-06-25T01:29:00.421+0200] {logging_mixin.py:149} INFO - [2025-06-25T01:29:00.420+0200] {dagbag.py:541} INFO - Filling up the DagBag from /home/atef/.local/lib/python3.9/site-packages/airflow/example_dags/example_xcom.py
[2025-06-25T01:29:00.453+0200] {processor.py:836} INFO - DAG(s) dict_keys(['example_xcom']) retrieved from /home/atef/.local/lib/python3.9/site-packages/airflow/example_dags/example_xcom.py
[2025-06-25T01:29:00.554+0200] {logging_mixin.py:149} INFO - [2025-06-25T01:29:00.554+0200] {dag.py:2726} INFO - Sync 1 DAGs
[2025-06-25T01:29:00.600+0200] {logging_mixin.py:149} INFO - [2025-06-25T01:29:00.600+0200] {dag.py:3486} INFO - Setting next_dagrun for example_xcom to 2021-01-01T00:00:00+00:00, run_after=2021-01-01T00:00:00+00:00
[2025-06-25T01:29:00.630+0200] {processor.py:179} INFO - Processing /home/atef/.local/lib/python3.9/site-packages/airflow/example_dags/example_xcom.py took 0.232 seconds
[2025-06-25T01:30:07.132+0200] {processor.py:157} INFO - Started process (PID=180443) to work on /home/atef/.local/lib/python3.9/site-packages/airflow/example_dags/example_xcom.py
[2025-06-25T01:30:07.144+0200] {processor.py:826} INFO - Processing file /home/atef/.local/lib/python3.9/site-packages/airflow/example_dags/example_xcom.py for tasks to queue
[2025-06-25T01:30:07.156+0200] {logging_mixin.py:149} INFO - [2025-06-25T01:30:07.152+0200] {dagbag.py:541} INFO - Filling up the DagBag from /home/atef/.local/lib/python3.9/site-packages/airflow/example_dags/example_xcom.py
[2025-06-25T01:30:07.218+0200] {processor.py:836} INFO - DAG(s) dict_keys(['example_xcom']) retrieved from /home/atef/.local/lib/python3.9/site-packages/airflow/example_dags/example_xcom.py
[2025-06-25T01:30:07.369+0200] {logging_mixin.py:149} INFO - [2025-06-25T01:30:07.369+0200] {dag.py:2726} INFO - Sync 1 DAGs
[2025-06-25T01:30:07.735+0200] {logging_mixin.py:149} INFO - [2025-06-25T01:30:07.735+0200] {dag.py:3486} INFO - Setting next_dagrun for example_xcom to 2021-01-01T00:00:00+00:00, run_after=2021-01-01T00:00:00+00:00
[2025-06-25T01:30:07.813+0200] {processor.py:179} INFO - Processing /home/atef/.local/lib/python3.9/site-packages/airflow/example_dags/example_xcom.py took 0.743 seconds
[2025-06-25T01:31:02.330+0200] {processor.py:157} INFO - Started process (PID=181088) to work on /home/atef/.local/lib/python3.9/site-packages/airflow/example_dags/example_xcom.py
[2025-06-25T01:31:02.353+0200] {processor.py:826} INFO - Processing file /home/atef/.local/lib/python3.9/site-packages/airflow/example_dags/example_xcom.py for tasks to queue
[2025-06-25T01:31:02.366+0200] {logging_mixin.py:149} INFO - [2025-06-25T01:31:02.360+0200] {dagbag.py:541} INFO - Filling up the DagBag from /home/atef/.local/lib/python3.9/site-packages/airflow/example_dags/example_xcom.py
[2025-06-25T01:31:02.478+0200] {processor.py:836} INFO - DAG(s) dict_keys(['example_xcom']) retrieved from /home/atef/.local/lib/python3.9/site-packages/airflow/example_dags/example_xcom.py
[2025-06-25T01:31:02.897+0200] {logging_mixin.py:149} INFO - [2025-06-25T01:31:02.897+0200] {dag.py:2726} INFO - Sync 1 DAGs
[2025-06-25T01:31:03.004+0200] {logging_mixin.py:149} INFO - [2025-06-25T01:31:03.002+0200] {dag.py:3486} INFO - Setting next_dagrun for example_xcom to 2021-01-01T00:00:00+00:00, run_after=2021-01-01T00:00:00+00:00
[2025-06-25T01:31:03.126+0200] {processor.py:179} INFO - Processing /home/atef/.local/lib/python3.9/site-packages/airflow/example_dags/example_xcom.py took 0.836 seconds
[2025-06-25T01:31:47.951+0200] {processor.py:157} INFO - Started process (PID=181180) to work on /home/atef/.local/lib/python3.9/site-packages/airflow/example_dags/example_xcom.py
[2025-06-25T01:31:47.957+0200] {processor.py:826} INFO - Processing file /home/atef/.local/lib/python3.9/site-packages/airflow/example_dags/example_xcom.py for tasks to queue
[2025-06-25T01:31:47.959+0200] {logging_mixin.py:149} INFO - [2025-06-25T01:31:47.959+0200] {dagbag.py:541} INFO - Filling up the DagBag from /home/atef/.local/lib/python3.9/site-packages/airflow/example_dags/example_xcom.py
[2025-06-25T01:31:47.987+0200] {processor.py:836} INFO - DAG(s) dict_keys(['example_xcom']) retrieved from /home/atef/.local/lib/python3.9/site-packages/airflow/example_dags/example_xcom.py
[2025-06-25T01:31:48.074+0200] {logging_mixin.py:149} INFO - [2025-06-25T01:31:48.074+0200] {dag.py:2726} INFO - Sync 1 DAGs
[2025-06-25T01:31:48.129+0200] {logging_mixin.py:149} INFO - [2025-06-25T01:31:48.128+0200] {dag.py:3486} INFO - Setting next_dagrun for example_xcom to 2021-01-01T00:00:00+00:00, run_after=2021-01-01T00:00:00+00:00
[2025-06-25T01:31:48.166+0200] {processor.py:179} INFO - Processing /home/atef/.local/lib/python3.9/site-packages/airflow/example_dags/example_xcom.py took 0.236 seconds
[2025-06-25T01:32:57.030+0200] {processor.py:157} INFO - Started process (PID=181543) to work on /home/atef/.local/lib/python3.9/site-packages/airflow/example_dags/example_xcom.py
[2025-06-25T01:32:57.038+0200] {processor.py:826} INFO - Processing file /home/atef/.local/lib/python3.9/site-packages/airflow/example_dags/example_xcom.py for tasks to queue
[2025-06-25T01:32:57.045+0200] {logging_mixin.py:149} INFO - [2025-06-25T01:32:57.045+0200] {dagbag.py:541} INFO - Filling up the DagBag from /home/atef/.local/lib/python3.9/site-packages/airflow/example_dags/example_xcom.py
[2025-06-25T01:32:57.076+0200] {processor.py:836} INFO - DAG(s) dict_keys(['example_xcom']) retrieved from /home/atef/.local/lib/python3.9/site-packages/airflow/example_dags/example_xcom.py
[2025-06-25T01:32:57.153+0200] {logging_mixin.py:149} INFO - [2025-06-25T01:32:57.153+0200] {dag.py:2726} INFO - Sync 1 DAGs
[2025-06-25T01:32:57.220+0200] {logging_mixin.py:149} INFO - [2025-06-25T01:32:57.219+0200] {dag.py:3486} INFO - Setting next_dagrun for example_xcom to 2021-01-01T00:00:00+00:00, run_after=2021-01-01T00:00:00+00:00
[2025-06-25T01:32:57.275+0200] {processor.py:179} INFO - Processing /home/atef/.local/lib/python3.9/site-packages/airflow/example_dags/example_xcom.py took 0.278 seconds
[2025-06-25T01:34:05.505+0200] {processor.py:157} INFO - Started process (PID=181961) to work on /home/atef/.local/lib/python3.9/site-packages/airflow/example_dags/example_xcom.py
[2025-06-25T01:34:05.526+0200] {processor.py:826} INFO - Processing file /home/atef/.local/lib/python3.9/site-packages/airflow/example_dags/example_xcom.py for tasks to queue
[2025-06-25T01:34:05.535+0200] {logging_mixin.py:149} INFO - [2025-06-25T01:34:05.535+0200] {dagbag.py:541} INFO - Filling up the DagBag from /home/atef/.local/lib/python3.9/site-packages/airflow/example_dags/example_xcom.py
[2025-06-25T01:34:05.689+0200] {processor.py:836} INFO - DAG(s) dict_keys(['example_xcom']) retrieved from /home/atef/.local/lib/python3.9/site-packages/airflow/example_dags/example_xcom.py
[2025-06-25T01:34:06.109+0200] {logging_mixin.py:149} INFO - [2025-06-25T01:34:06.109+0200] {dag.py:2726} INFO - Sync 1 DAGs
[2025-06-25T01:34:06.399+0200] {logging_mixin.py:149} INFO - [2025-06-25T01:34:06.399+0200] {dag.py:3486} INFO - Setting next_dagrun for example_xcom to 2021-01-01T00:00:00+00:00, run_after=2021-01-01T00:00:00+00:00
[2025-06-25T01:34:06.693+0200] {processor.py:179} INFO - Processing /home/atef/.local/lib/python3.9/site-packages/airflow/example_dags/example_xcom.py took 1.257 seconds
[2025-06-25T01:35:16.343+0200] {processor.py:157} INFO - Started process (PID=182274) to work on /home/atef/.local/lib/python3.9/site-packages/airflow/example_dags/example_xcom.py
[2025-06-25T01:35:16.364+0200] {processor.py:826} INFO - Processing file /home/atef/.local/lib/python3.9/site-packages/airflow/example_dags/example_xcom.py for tasks to queue
[2025-06-25T01:35:16.379+0200] {logging_mixin.py:149} INFO - [2025-06-25T01:35:16.379+0200] {dagbag.py:541} INFO - Filling up the DagBag from /home/atef/.local/lib/python3.9/site-packages/airflow/example_dags/example_xcom.py
[2025-06-25T01:35:16.667+0200] {processor.py:836} INFO - DAG(s) dict_keys(['example_xcom']) retrieved from /home/atef/.local/lib/python3.9/site-packages/airflow/example_dags/example_xcom.py
[2025-06-25T01:35:16.994+0200] {logging_mixin.py:149} INFO - [2025-06-25T01:35:16.994+0200] {dag.py:2726} INFO - Sync 1 DAGs
[2025-06-25T01:35:17.289+0200] {logging_mixin.py:149} INFO - [2025-06-25T01:35:17.285+0200] {dag.py:3486} INFO - Setting next_dagrun for example_xcom to 2021-01-01T00:00:00+00:00, run_after=2021-01-01T00:00:00+00:00
[2025-06-25T01:35:17.677+0200] {processor.py:179} INFO - Processing /home/atef/.local/lib/python3.9/site-packages/airflow/example_dags/example_xcom.py took 1.503 seconds
[2025-06-25T01:37:30.129+0200] {processor.py:157} INFO - Started process (PID=183034) to work on /home/atef/.local/lib/python3.9/site-packages/airflow/example_dags/example_xcom.py
[2025-06-25T01:37:30.136+0200] {processor.py:826} INFO - Processing file /home/atef/.local/lib/python3.9/site-packages/airflow/example_dags/example_xcom.py for tasks to queue
[2025-06-25T01:37:30.141+0200] {logging_mixin.py:149} INFO - [2025-06-25T01:37:30.140+0200] {dagbag.py:541} INFO - Filling up the DagBag from /home/atef/.local/lib/python3.9/site-packages/airflow/example_dags/example_xcom.py
[2025-06-25T01:37:30.207+0200] {processor.py:836} INFO - DAG(s) dict_keys(['example_xcom']) retrieved from /home/atef/.local/lib/python3.9/site-packages/airflow/example_dags/example_xcom.py
[2025-06-25T01:37:30.303+0200] {logging_mixin.py:149} INFO - [2025-06-25T01:37:30.303+0200] {dag.py:2726} INFO - Sync 1 DAGs
[2025-06-25T01:37:30.352+0200] {logging_mixin.py:149} INFO - [2025-06-25T01:37:30.352+0200] {dag.py:3486} INFO - Setting next_dagrun for example_xcom to 2021-01-01T00:00:00+00:00, run_after=2021-01-01T00:00:00+00:00
[2025-06-25T01:37:30.388+0200] {processor.py:179} INFO - Processing /home/atef/.local/lib/python3.9/site-packages/airflow/example_dags/example_xcom.py took 0.290 seconds
[2025-06-25T01:38:57.821+0200] {processor.py:157} INFO - Started process (PID=183642) to work on /home/atef/.local/lib/python3.9/site-packages/airflow/example_dags/example_xcom.py
[2025-06-25T01:38:57.828+0200] {processor.py:826} INFO - Processing file /home/atef/.local/lib/python3.9/site-packages/airflow/example_dags/example_xcom.py for tasks to queue
[2025-06-25T01:38:57.831+0200] {logging_mixin.py:149} INFO - [2025-06-25T01:38:57.830+0200] {dagbag.py:541} INFO - Filling up the DagBag from /home/atef/.local/lib/python3.9/site-packages/airflow/example_dags/example_xcom.py
[2025-06-25T01:38:57.864+0200] {processor.py:836} INFO - DAG(s) dict_keys(['example_xcom']) retrieved from /home/atef/.local/lib/python3.9/site-packages/airflow/example_dags/example_xcom.py
[2025-06-25T01:38:57.964+0200] {logging_mixin.py:149} INFO - [2025-06-25T01:38:57.963+0200] {dag.py:2726} INFO - Sync 1 DAGs
[2025-06-25T01:38:58.046+0200] {logging_mixin.py:149} INFO - [2025-06-25T01:38:58.045+0200] {dag.py:3486} INFO - Setting next_dagrun for example_xcom to 2021-01-01T00:00:00+00:00, run_after=2021-01-01T00:00:00+00:00
[2025-06-25T01:38:58.124+0200] {processor.py:179} INFO - Processing /home/atef/.local/lib/python3.9/site-packages/airflow/example_dags/example_xcom.py took 0.321 seconds
[2025-06-25T01:40:09.593+0200] {processor.py:157} INFO - Started process (PID=183782) to work on /home/atef/.local/lib/python3.9/site-packages/airflow/example_dags/example_xcom.py
[2025-06-25T01:40:09.628+0200] {processor.py:826} INFO - Processing file /home/atef/.local/lib/python3.9/site-packages/airflow/example_dags/example_xcom.py for tasks to queue
[2025-06-25T01:40:09.644+0200] {logging_mixin.py:149} INFO - [2025-06-25T01:40:09.640+0200] {dagbag.py:541} INFO - Filling up the DagBag from /home/atef/.local/lib/python3.9/site-packages/airflow/example_dags/example_xcom.py
[2025-06-25T01:40:09.764+0200] {processor.py:836} INFO - DAG(s) dict_keys(['example_xcom']) retrieved from /home/atef/.local/lib/python3.9/site-packages/airflow/example_dags/example_xcom.py
[2025-06-25T01:40:10.131+0200] {logging_mixin.py:149} INFO - [2025-06-25T01:40:10.129+0200] {dag.py:2726} INFO - Sync 1 DAGs
[2025-06-25T01:40:10.369+0200] {logging_mixin.py:149} INFO - [2025-06-25T01:40:10.363+0200] {dag.py:3486} INFO - Setting next_dagrun for example_xcom to 2021-01-01T00:00:00+00:00, run_after=2021-01-01T00:00:00+00:00
[2025-06-25T01:40:10.513+0200] {processor.py:179} INFO - Processing /home/atef/.local/lib/python3.9/site-packages/airflow/example_dags/example_xcom.py took 0.991 seconds
[2025-06-25T01:40:58.489+0200] {processor.py:157} INFO - Started process (PID=183900) to work on /home/atef/.local/lib/python3.9/site-packages/airflow/example_dags/example_xcom.py
[2025-06-25T01:40:58.493+0200] {processor.py:826} INFO - Processing file /home/atef/.local/lib/python3.9/site-packages/airflow/example_dags/example_xcom.py for tasks to queue
[2025-06-25T01:40:58.495+0200] {logging_mixin.py:149} INFO - [2025-06-25T01:40:58.495+0200] {dagbag.py:541} INFO - Filling up the DagBag from /home/atef/.local/lib/python3.9/site-packages/airflow/example_dags/example_xcom.py
[2025-06-25T01:40:58.521+0200] {processor.py:836} INFO - DAG(s) dict_keys(['example_xcom']) retrieved from /home/atef/.local/lib/python3.9/site-packages/airflow/example_dags/example_xcom.py
[2025-06-25T01:40:58.594+0200] {logging_mixin.py:149} INFO - [2025-06-25T01:40:58.594+0200] {dag.py:2726} INFO - Sync 1 DAGs
[2025-06-25T01:40:58.639+0200] {logging_mixin.py:149} INFO - [2025-06-25T01:40:58.638+0200] {dag.py:3486} INFO - Setting next_dagrun for example_xcom to 2021-01-01T00:00:00+00:00, run_after=2021-01-01T00:00:00+00:00
[2025-06-25T01:40:58.695+0200] {processor.py:179} INFO - Processing /home/atef/.local/lib/python3.9/site-packages/airflow/example_dags/example_xcom.py took 0.220 seconds
[2025-06-25T01:45:16.074+0200] {processor.py:157} INFO - Started process (PID=187272) to work on /home/atef/.local/lib/python3.9/site-packages/airflow/example_dags/example_xcom.py
[2025-06-25T01:45:16.082+0200] {processor.py:826} INFO - Processing file /home/atef/.local/lib/python3.9/site-packages/airflow/example_dags/example_xcom.py for tasks to queue
[2025-06-25T01:45:16.086+0200] {logging_mixin.py:149} INFO - [2025-06-25T01:45:16.085+0200] {dagbag.py:541} INFO - Filling up the DagBag from /home/atef/.local/lib/python3.9/site-packages/airflow/example_dags/example_xcom.py
[2025-06-25T01:45:16.135+0200] {processor.py:836} INFO - DAG(s) dict_keys(['example_xcom']) retrieved from /home/atef/.local/lib/python3.9/site-packages/airflow/example_dags/example_xcom.py
[2025-06-25T01:45:16.421+0200] {logging_mixin.py:149} INFO - [2025-06-25T01:45:16.420+0200] {dag.py:2726} INFO - Sync 1 DAGs
[2025-06-25T01:45:16.615+0200] {logging_mixin.py:149} INFO - [2025-06-25T01:45:16.614+0200] {dag.py:3486} INFO - Setting next_dagrun for example_xcom to 2021-01-01T00:00:00+00:00, run_after=2021-01-01T00:00:00+00:00
[2025-06-25T01:45:16.680+0200] {processor.py:179} INFO - Processing /home/atef/.local/lib/python3.9/site-packages/airflow/example_dags/example_xcom.py took 0.634 seconds
[2025-06-25T01:46:36.520+0200] {processor.py:157} INFO - Started process (PID=187835) to work on /home/atef/.local/lib/python3.9/site-packages/airflow/example_dags/example_xcom.py
[2025-06-25T01:46:36.537+0200] {processor.py:826} INFO - Processing file /home/atef/.local/lib/python3.9/site-packages/airflow/example_dags/example_xcom.py for tasks to queue
[2025-06-25T01:46:36.560+0200] {logging_mixin.py:149} INFO - [2025-06-25T01:46:36.557+0200] {dagbag.py:541} INFO - Filling up the DagBag from /home/atef/.local/lib/python3.9/site-packages/airflow/example_dags/example_xcom.py
[2025-06-25T01:46:36.663+0200] {processor.py:836} INFO - DAG(s) dict_keys(['example_xcom']) retrieved from /home/atef/.local/lib/python3.9/site-packages/airflow/example_dags/example_xcom.py
[2025-06-25T01:46:36.986+0200] {logging_mixin.py:149} INFO - [2025-06-25T01:46:36.986+0200] {dag.py:2726} INFO - Sync 1 DAGs
[2025-06-25T01:46:37.103+0200] {logging_mixin.py:149} INFO - [2025-06-25T01:46:37.102+0200] {dag.py:3486} INFO - Setting next_dagrun for example_xcom to 2021-01-01T00:00:00+00:00, run_after=2021-01-01T00:00:00+00:00
[2025-06-25T01:46:37.186+0200] {processor.py:179} INFO - Processing /home/atef/.local/lib/python3.9/site-packages/airflow/example_dags/example_xcom.py took 0.750 seconds
[2025-06-25T01:48:08.168+0200] {processor.py:157} INFO - Started process (PID=188506) to work on /home/atef/.local/lib/python3.9/site-packages/airflow/example_dags/example_xcom.py
[2025-06-25T01:48:08.177+0200] {processor.py:826} INFO - Processing file /home/atef/.local/lib/python3.9/site-packages/airflow/example_dags/example_xcom.py for tasks to queue
[2025-06-25T01:48:08.182+0200] {logging_mixin.py:149} INFO - [2025-06-25T01:48:08.181+0200] {dagbag.py:541} INFO - Filling up the DagBag from /home/atef/.local/lib/python3.9/site-packages/airflow/example_dags/example_xcom.py
[2025-06-25T01:48:08.212+0200] {processor.py:836} INFO - DAG(s) dict_keys(['example_xcom']) retrieved from /home/atef/.local/lib/python3.9/site-packages/airflow/example_dags/example_xcom.py
[2025-06-25T01:48:08.291+0200] {logging_mixin.py:149} INFO - [2025-06-25T01:48:08.290+0200] {dag.py:2726} INFO - Sync 1 DAGs
[2025-06-25T01:48:08.341+0200] {logging_mixin.py:149} INFO - [2025-06-25T01:48:08.340+0200] {dag.py:3486} INFO - Setting next_dagrun for example_xcom to 2021-01-01T00:00:00+00:00, run_after=2021-01-01T00:00:00+00:00
[2025-06-25T01:48:08.396+0200] {processor.py:179} INFO - Processing /home/atef/.local/lib/python3.9/site-packages/airflow/example_dags/example_xcom.py took 0.259 seconds
[2025-06-25T01:49:19.646+0200] {processor.py:157} INFO - Started process (PID=189186) to work on /home/atef/.local/lib/python3.9/site-packages/airflow/example_dags/example_xcom.py
[2025-06-25T01:49:19.650+0200] {processor.py:826} INFO - Processing file /home/atef/.local/lib/python3.9/site-packages/airflow/example_dags/example_xcom.py for tasks to queue
[2025-06-25T01:49:19.652+0200] {logging_mixin.py:149} INFO - [2025-06-25T01:49:19.651+0200] {dagbag.py:541} INFO - Filling up the DagBag from /home/atef/.local/lib/python3.9/site-packages/airflow/example_dags/example_xcom.py
[2025-06-25T01:49:19.685+0200] {processor.py:836} INFO - DAG(s) dict_keys(['example_xcom']) retrieved from /home/atef/.local/lib/python3.9/site-packages/airflow/example_dags/example_xcom.py
[2025-06-25T01:49:19.765+0200] {logging_mixin.py:149} INFO - [2025-06-25T01:49:19.765+0200] {dag.py:2726} INFO - Sync 1 DAGs
[2025-06-25T01:49:19.806+0200] {logging_mixin.py:149} INFO - [2025-06-25T01:49:19.806+0200] {dag.py:3486} INFO - Setting next_dagrun for example_xcom to 2021-01-01T00:00:00+00:00, run_after=2021-01-01T00:00:00+00:00
[2025-06-25T01:49:19.867+0200] {processor.py:179} INFO - Processing /home/atef/.local/lib/python3.9/site-packages/airflow/example_dags/example_xcom.py took 0.232 seconds
[2025-06-25T01:50:10.903+0200] {processor.py:157} INFO - Started process (PID=189391) to work on /home/atef/.local/lib/python3.9/site-packages/airflow/example_dags/example_xcom.py
[2025-06-25T01:50:10.919+0200] {processor.py:826} INFO - Processing file /home/atef/.local/lib/python3.9/site-packages/airflow/example_dags/example_xcom.py for tasks to queue
[2025-06-25T01:50:10.927+0200] {logging_mixin.py:149} INFO - [2025-06-25T01:50:10.926+0200] {dagbag.py:541} INFO - Filling up the DagBag from /home/atef/.local/lib/python3.9/site-packages/airflow/example_dags/example_xcom.py
[2025-06-25T01:50:11.040+0200] {processor.py:836} INFO - DAG(s) dict_keys(['example_xcom']) retrieved from /home/atef/.local/lib/python3.9/site-packages/airflow/example_dags/example_xcom.py
[2025-06-25T01:50:11.363+0200] {logging_mixin.py:149} INFO - [2025-06-25T01:50:11.361+0200] {dag.py:2726} INFO - Sync 1 DAGs
[2025-06-25T01:50:11.575+0200] {logging_mixin.py:149} INFO - [2025-06-25T01:50:11.574+0200] {dag.py:3486} INFO - Setting next_dagrun for example_xcom to 2021-01-01T00:00:00+00:00, run_after=2021-01-01T00:00:00+00:00
[2025-06-25T01:50:11.827+0200] {processor.py:179} INFO - Processing /home/atef/.local/lib/python3.9/site-packages/airflow/example_dags/example_xcom.py took 0.963 seconds
[2025-06-25T01:52:00.740+0200] {processor.py:157} INFO - Started process (PID=189842) to work on /home/atef/.local/lib/python3.9/site-packages/airflow/example_dags/example_xcom.py
[2025-06-25T01:52:00.774+0200] {processor.py:826} INFO - Processing file /home/atef/.local/lib/python3.9/site-packages/airflow/example_dags/example_xcom.py for tasks to queue
[2025-06-25T01:52:00.839+0200] {logging_mixin.py:149} INFO - [2025-06-25T01:52:00.839+0200] {dagbag.py:541} INFO - Filling up the DagBag from /home/atef/.local/lib/python3.9/site-packages/airflow/example_dags/example_xcom.py
[2025-06-25T01:52:01.077+0200] {processor.py:836} INFO - DAG(s) dict_keys(['example_xcom']) retrieved from /home/atef/.local/lib/python3.9/site-packages/airflow/example_dags/example_xcom.py
[2025-06-25T01:52:01.582+0200] {logging_mixin.py:149} INFO - [2025-06-25T01:52:01.581+0200] {dag.py:2726} INFO - Sync 1 DAGs
[2025-06-25T01:52:01.990+0200] {logging_mixin.py:149} INFO - [2025-06-25T01:52:01.989+0200] {dag.py:3486} INFO - Setting next_dagrun for example_xcom to 2021-01-01T00:00:00+00:00, run_after=2021-01-01T00:00:00+00:00
[2025-06-25T01:52:02.258+0200] {processor.py:179} INFO - Processing /home/atef/.local/lib/python3.9/site-packages/airflow/example_dags/example_xcom.py took 1.699 seconds
[2025-06-25T01:53:14.886+0200] {processor.py:157} INFO - Started process (PID=190172) to work on /home/atef/.local/lib/python3.9/site-packages/airflow/example_dags/example_xcom.py
[2025-06-25T01:53:14.904+0200] {processor.py:826} INFO - Processing file /home/atef/.local/lib/python3.9/site-packages/airflow/example_dags/example_xcom.py for tasks to queue
[2025-06-25T01:53:14.913+0200] {logging_mixin.py:149} INFO - [2025-06-25T01:53:14.912+0200] {dagbag.py:541} INFO - Filling up the DagBag from /home/atef/.local/lib/python3.9/site-packages/airflow/example_dags/example_xcom.py
[2025-06-25T01:53:15.066+0200] {processor.py:836} INFO - DAG(s) dict_keys(['example_xcom']) retrieved from /home/atef/.local/lib/python3.9/site-packages/airflow/example_dags/example_xcom.py
[2025-06-25T01:53:15.518+0200] {logging_mixin.py:149} INFO - [2025-06-25T01:53:15.518+0200] {dag.py:2726} INFO - Sync 1 DAGs
[2025-06-25T01:53:15.782+0200] {logging_mixin.py:149} INFO - [2025-06-25T01:53:15.782+0200] {dag.py:3486} INFO - Setting next_dagrun for example_xcom to 2021-01-01T00:00:00+00:00, run_after=2021-01-01T00:00:00+00:00
[2025-06-25T01:53:15.995+0200] {processor.py:179} INFO - Processing /home/atef/.local/lib/python3.9/site-packages/airflow/example_dags/example_xcom.py took 1.153 seconds
[2025-06-25T01:55:16.879+0200] {processor.py:157} INFO - Started process (PID=190795) to work on /home/atef/.local/lib/python3.9/site-packages/airflow/example_dags/example_xcom.py
[2025-06-25T01:55:16.888+0200] {processor.py:826} INFO - Processing file /home/atef/.local/lib/python3.9/site-packages/airflow/example_dags/example_xcom.py for tasks to queue
[2025-06-25T01:55:16.898+0200] {logging_mixin.py:149} INFO - [2025-06-25T01:55:16.896+0200] {dagbag.py:541} INFO - Filling up the DagBag from /home/atef/.local/lib/python3.9/site-packages/airflow/example_dags/example_xcom.py
[2025-06-25T01:55:17.043+0200] {processor.py:836} INFO - DAG(s) dict_keys(['example_xcom']) retrieved from /home/atef/.local/lib/python3.9/site-packages/airflow/example_dags/example_xcom.py
[2025-06-25T01:55:17.306+0200] {logging_mixin.py:149} INFO - [2025-06-25T01:55:17.304+0200] {dag.py:2726} INFO - Sync 1 DAGs
[2025-06-25T01:55:17.505+0200] {logging_mixin.py:149} INFO - [2025-06-25T01:55:17.503+0200] {dag.py:3486} INFO - Setting next_dagrun for example_xcom to 2021-01-01T00:00:00+00:00, run_after=2021-01-01T00:00:00+00:00
[2025-06-25T01:55:17.687+0200] {processor.py:179} INFO - Processing /home/atef/.local/lib/python3.9/site-packages/airflow/example_dags/example_xcom.py took 0.870 seconds
[2025-06-25T01:56:29.151+0200] {processor.py:157} INFO - Started process (PID=191144) to work on /home/atef/.local/lib/python3.9/site-packages/airflow/example_dags/example_xcom.py
[2025-06-25T01:56:29.156+0200] {processor.py:826} INFO - Processing file /home/atef/.local/lib/python3.9/site-packages/airflow/example_dags/example_xcom.py for tasks to queue
[2025-06-25T01:56:29.158+0200] {logging_mixin.py:149} INFO - [2025-06-25T01:56:29.158+0200] {dagbag.py:541} INFO - Filling up the DagBag from /home/atef/.local/lib/python3.9/site-packages/airflow/example_dags/example_xcom.py
[2025-06-25T01:56:29.189+0200] {processor.py:836} INFO - DAG(s) dict_keys(['example_xcom']) retrieved from /home/atef/.local/lib/python3.9/site-packages/airflow/example_dags/example_xcom.py
[2025-06-25T01:56:29.270+0200] {logging_mixin.py:149} INFO - [2025-06-25T01:56:29.270+0200] {dag.py:2726} INFO - Sync 1 DAGs
[2025-06-25T01:56:29.339+0200] {logging_mixin.py:149} INFO - [2025-06-25T01:56:29.338+0200] {dag.py:3486} INFO - Setting next_dagrun for example_xcom to 2021-01-01T00:00:00+00:00, run_after=2021-01-01T00:00:00+00:00
[2025-06-25T01:56:29.431+0200] {processor.py:179} INFO - Processing /home/atef/.local/lib/python3.9/site-packages/airflow/example_dags/example_xcom.py took 0.295 seconds
[2025-06-25T01:57:46.055+0200] {processor.py:157} INFO - Started process (PID=191491) to work on /home/atef/.local/lib/python3.9/site-packages/airflow/example_dags/example_xcom.py
[2025-06-25T01:57:46.060+0200] {processor.py:826} INFO - Processing file /home/atef/.local/lib/python3.9/site-packages/airflow/example_dags/example_xcom.py for tasks to queue
[2025-06-25T01:57:46.062+0200] {logging_mixin.py:149} INFO - [2025-06-25T01:57:46.062+0200] {dagbag.py:541} INFO - Filling up the DagBag from /home/atef/.local/lib/python3.9/site-packages/airflow/example_dags/example_xcom.py
[2025-06-25T01:57:46.089+0200] {processor.py:836} INFO - DAG(s) dict_keys(['example_xcom']) retrieved from /home/atef/.local/lib/python3.9/site-packages/airflow/example_dags/example_xcom.py
[2025-06-25T01:57:46.155+0200] {logging_mixin.py:149} INFO - [2025-06-25T01:57:46.154+0200] {dag.py:2726} INFO - Sync 1 DAGs
[2025-06-25T01:57:46.192+0200] {logging_mixin.py:149} INFO - [2025-06-25T01:57:46.192+0200] {dag.py:3486} INFO - Setting next_dagrun for example_xcom to 2021-01-01T00:00:00+00:00, run_after=2021-01-01T00:00:00+00:00
[2025-06-25T01:57:46.230+0200] {processor.py:179} INFO - Processing /home/atef/.local/lib/python3.9/site-packages/airflow/example_dags/example_xcom.py took 0.190 seconds
[2025-06-25T01:59:41.449+0200] {processor.py:157} INFO - Started process (PID=192872) to work on /home/atef/.local/lib/python3.9/site-packages/airflow/example_dags/example_xcom.py
[2025-06-25T01:59:41.454+0200] {processor.py:826} INFO - Processing file /home/atef/.local/lib/python3.9/site-packages/airflow/example_dags/example_xcom.py for tasks to queue
[2025-06-25T01:59:41.456+0200] {logging_mixin.py:149} INFO - [2025-06-25T01:59:41.456+0200] {dagbag.py:541} INFO - Filling up the DagBag from /home/atef/.local/lib/python3.9/site-packages/airflow/example_dags/example_xcom.py
[2025-06-25T01:59:41.483+0200] {processor.py:836} INFO - DAG(s) dict_keys(['example_xcom']) retrieved from /home/atef/.local/lib/python3.9/site-packages/airflow/example_dags/example_xcom.py
[2025-06-25T01:59:41.558+0200] {logging_mixin.py:149} INFO - [2025-06-25T01:59:41.558+0200] {dag.py:2726} INFO - Sync 1 DAGs
[2025-06-25T01:59:41.603+0200] {logging_mixin.py:149} INFO - [2025-06-25T01:59:41.602+0200] {dag.py:3486} INFO - Setting next_dagrun for example_xcom to 2021-01-01T00:00:00+00:00, run_after=2021-01-01T00:00:00+00:00
[2025-06-25T01:59:41.643+0200] {processor.py:179} INFO - Processing /home/atef/.local/lib/python3.9/site-packages/airflow/example_dags/example_xcom.py took 0.212 seconds
