[2025-06-24T23:14:49.599+0200] {processor.py:157} INFO - Started process (PID=154790) to work on /home/atef/.local/lib/python3.9/site-packages/airflow/example_dags/example_subdag_operator.py
[2025-06-24T23:14:49.602+0200] {processor.py:826} INFO - Processing file /home/atef/.local/lib/python3.9/site-packages/airflow/example_dags/example_subdag_operator.py for tasks to queue
[2025-06-24T23:14:49.605+0200] {logging_mixin.py:149} INFO - [2025-06-24T23:14:49.604+0200] {dagbag.py:541} INFO - Filling up the DagBag from /home/atef/.local/lib/python3.9/site-packages/airflow/example_dags/example_subdag_operator.py
[2025-06-24T23:14:49.693+0200] {processor.py:836} INFO - DAG(s) dict_keys(['example_subdag_operator.section-1', 'example_subdag_operator.section-2', 'example_subdag_operator']) retrieved from /home/atef/.local/lib/python3.9/site-packages/airflow/example_dags/example_subdag_operator.py
[2025-06-24T23:14:49.759+0200] {logging_mixin.py:149} INFO - [2025-06-24T23:14:49.759+0200] {dag.py:2726} INFO - Sync 3 DAGs
[2025-06-24T23:14:49.816+0200] {logging_mixin.py:149} INFO - [2025-06-24T23:14:49.816+0200] {dag.py:3486} INFO - Setting next_dagrun for example_subdag_operator to 2022-01-01T00:00:00+00:00, run_after=2022-01-01T00:00:00+00:00
[2025-06-24T23:14:49.825+0200] {logging_mixin.py:149} INFO - [2025-06-24T23:14:49.823+0200] {dag.py:3486} INFO - Setting next_dagrun for example_subdag_operator.section-1 to None, run_after=None
[2025-06-24T23:14:49.830+0200] {logging_mixin.py:149} INFO - [2025-06-24T23:14:49.830+0200] {dag.py:3486} INFO - Setting next_dagrun for example_subdag_operator.section-2 to None, run_after=None
[2025-06-24T23:14:49.855+0200] {logging_mixin.py:149} INFO - [2025-06-24T23:14:49.854+0200] {dag.py:2726} INFO - Sync 2 DAGs
[2025-06-24T23:14:49.874+0200] {logging_mixin.py:149} INFO - [2025-06-24T23:14:49.874+0200] {dag.py:3486} INFO - Setting next_dagrun for example_subdag_operator.section-1 to None, run_after=None
[2025-06-24T23:14:49.876+0200] {logging_mixin.py:149} INFO - [2025-06-24T23:14:49.876+0200] {dag.py:3486} INFO - Setting next_dagrun for example_subdag_operator.section-2 to None, run_after=None
[2025-06-24T23:14:49.909+0200] {processor.py:179} INFO - Processing /home/atef/.local/lib/python3.9/site-packages/airflow/example_dags/example_subdag_operator.py took 0.326 seconds
[2025-06-24T23:16:21.260+0200] {processor.py:157} INFO - Started process (PID=155108) to work on /home/atef/.local/lib/python3.9/site-packages/airflow/example_dags/example_subdag_operator.py
[2025-06-24T23:16:21.267+0200] {processor.py:826} INFO - Processing file /home/atef/.local/lib/python3.9/site-packages/airflow/example_dags/example_subdag_operator.py for tasks to queue
[2025-06-24T23:16:21.270+0200] {logging_mixin.py:149} INFO - [2025-06-24T23:16:21.270+0200] {dagbag.py:541} INFO - Filling up the DagBag from /home/atef/.local/lib/python3.9/site-packages/airflow/example_dags/example_subdag_operator.py
[2025-06-24T23:16:21.407+0200] {processor.py:836} INFO - DAG(s) dict_keys(['example_subdag_operator.section-1', 'example_subdag_operator.section-2', 'example_subdag_operator']) retrieved from /home/atef/.local/lib/python3.9/site-packages/airflow/example_dags/example_subdag_operator.py
[2025-06-24T23:16:21.466+0200] {logging_mixin.py:149} INFO - [2025-06-24T23:16:21.466+0200] {dag.py:2726} INFO - Sync 3 DAGs
[2025-06-24T23:16:21.520+0200] {logging_mixin.py:149} INFO - [2025-06-24T23:16:21.520+0200] {dag.py:3486} INFO - Setting next_dagrun for example_subdag_operator to 2022-01-01T00:00:00+00:00, run_after=2022-01-01T00:00:00+00:00
[2025-06-24T23:16:21.527+0200] {logging_mixin.py:149} INFO - [2025-06-24T23:16:21.527+0200] {dag.py:3486} INFO - Setting next_dagrun for example_subdag_operator.section-1 to None, run_after=None
[2025-06-24T23:16:21.529+0200] {logging_mixin.py:149} INFO - [2025-06-24T23:16:21.529+0200] {dag.py:3486} INFO - Setting next_dagrun for example_subdag_operator.section-2 to None, run_after=None
[2025-06-24T23:16:21.554+0200] {logging_mixin.py:149} INFO - [2025-06-24T23:16:21.554+0200] {dag.py:2726} INFO - Sync 2 DAGs
[2025-06-24T23:16:21.563+0200] {logging_mixin.py:149} INFO - [2025-06-24T23:16:21.563+0200] {dag.py:3486} INFO - Setting next_dagrun for example_subdag_operator.section-1 to None, run_after=None
[2025-06-24T23:16:21.564+0200] {logging_mixin.py:149} INFO - [2025-06-24T23:16:21.564+0200] {dag.py:3486} INFO - Setting next_dagrun for example_subdag_operator.section-2 to None, run_after=None
[2025-06-24T23:16:21.680+0200] {processor.py:179} INFO - Processing /home/atef/.local/lib/python3.9/site-packages/airflow/example_dags/example_subdag_operator.py took 0.441 seconds
[2025-06-24T23:17:19.951+0200] {processor.py:157} INFO - Started process (PID=155241) to work on /home/atef/.local/lib/python3.9/site-packages/airflow/example_dags/example_subdag_operator.py
[2025-06-24T23:17:19.959+0200] {processor.py:826} INFO - Processing file /home/atef/.local/lib/python3.9/site-packages/airflow/example_dags/example_subdag_operator.py for tasks to queue
[2025-06-24T23:17:19.962+0200] {logging_mixin.py:149} INFO - [2025-06-24T23:17:19.962+0200] {dagbag.py:541} INFO - Filling up the DagBag from /home/atef/.local/lib/python3.9/site-packages/airflow/example_dags/example_subdag_operator.py
[2025-06-24T23:17:20.078+0200] {processor.py:836} INFO - DAG(s) dict_keys(['example_subdag_operator.section-1', 'example_subdag_operator.section-2', 'example_subdag_operator']) retrieved from /home/atef/.local/lib/python3.9/site-packages/airflow/example_dags/example_subdag_operator.py
[2025-06-24T23:17:20.138+0200] {logging_mixin.py:149} INFO - [2025-06-24T23:17:20.138+0200] {dag.py:2726} INFO - Sync 3 DAGs
[2025-06-24T23:17:20.227+0200] {logging_mixin.py:149} INFO - [2025-06-24T23:17:20.227+0200] {dag.py:3486} INFO - Setting next_dagrun for example_subdag_operator to 2022-01-01T00:00:00+00:00, run_after=2022-01-01T00:00:00+00:00
[2025-06-24T23:17:20.235+0200] {logging_mixin.py:149} INFO - [2025-06-24T23:17:20.235+0200] {dag.py:3486} INFO - Setting next_dagrun for example_subdag_operator.section-1 to None, run_after=None
[2025-06-24T23:17:20.238+0200] {logging_mixin.py:149} INFO - [2025-06-24T23:17:20.238+0200] {dag.py:3486} INFO - Setting next_dagrun for example_subdag_operator.section-2 to None, run_after=None
[2025-06-24T23:17:20.260+0200] {logging_mixin.py:149} INFO - [2025-06-24T23:17:20.259+0200] {dag.py:2726} INFO - Sync 2 DAGs
[2025-06-24T23:17:20.270+0200] {logging_mixin.py:149} INFO - [2025-06-24T23:17:20.270+0200] {dag.py:3486} INFO - Setting next_dagrun for example_subdag_operator.section-1 to None, run_after=None
[2025-06-24T23:17:20.272+0200] {logging_mixin.py:149} INFO - [2025-06-24T23:17:20.272+0200] {dag.py:3486} INFO - Setting next_dagrun for example_subdag_operator.section-2 to None, run_after=None
[2025-06-24T23:17:20.307+0200] {processor.py:179} INFO - Processing /home/atef/.local/lib/python3.9/site-packages/airflow/example_dags/example_subdag_operator.py took 0.378 seconds
[2025-06-25T01:11:08.687+0200] {processor.py:157} INFO - Started process (PID=172763) to work on /home/atef/.local/lib/python3.9/site-packages/airflow/example_dags/example_subdag_operator.py
[2025-06-25T01:11:09.545+0200] {processor.py:826} INFO - Processing file /home/atef/.local/lib/python3.9/site-packages/airflow/example_dags/example_subdag_operator.py for tasks to queue
[2025-06-25T01:11:09.564+0200] {logging_mixin.py:149} INFO - [2025-06-25T01:11:09.552+0200] {dagbag.py:541} INFO - Filling up the DagBag from /home/atef/.local/lib/python3.9/site-packages/airflow/example_dags/example_subdag_operator.py
[2025-06-25T01:11:10.114+0200] {processor.py:836} INFO - DAG(s) dict_keys(['example_subdag_operator.section-1', 'example_subdag_operator.section-2', 'example_subdag_operator']) retrieved from /home/atef/.local/lib/python3.9/site-packages/airflow/example_dags/example_subdag_operator.py
[2025-06-25T01:11:10.576+0200] {logging_mixin.py:149} INFO - [2025-06-25T01:11:10.573+0200] {dag.py:2726} INFO - Sync 3 DAGs
[2025-06-25T01:11:10.887+0200] {logging_mixin.py:149} INFO - [2025-06-25T01:11:10.886+0200] {dag.py:3486} INFO - Setting next_dagrun for example_subdag_operator to 2022-01-01T00:00:00+00:00, run_after=2022-01-01T00:00:00+00:00
[2025-06-25T01:11:10.907+0200] {logging_mixin.py:149} INFO - [2025-06-25T01:11:10.907+0200] {dag.py:3486} INFO - Setting next_dagrun for example_subdag_operator.section-1 to None, run_after=None
[2025-06-25T01:11:10.916+0200] {logging_mixin.py:149} INFO - [2025-06-25T01:11:10.916+0200] {dag.py:3486} INFO - Setting next_dagrun for example_subdag_operator.section-2 to None, run_after=None
[2025-06-25T01:11:10.979+0200] {logging_mixin.py:149} INFO - [2025-06-25T01:11:10.973+0200] {dag.py:2726} INFO - Sync 2 DAGs
[2025-06-25T01:11:11.059+0200] {logging_mixin.py:149} INFO - [2025-06-25T01:11:11.059+0200] {dag.py:3486} INFO - Setting next_dagrun for example_subdag_operator.section-1 to None, run_after=None
[2025-06-25T01:11:11.063+0200] {logging_mixin.py:149} INFO - [2025-06-25T01:11:11.062+0200] {dag.py:3486} INFO - Setting next_dagrun for example_subdag_operator.section-2 to None, run_after=None
[2025-06-25T01:11:11.179+0200] {processor.py:179} INFO - Processing /home/atef/.local/lib/python3.9/site-packages/airflow/example_dags/example_subdag_operator.py took 2.637 seconds
[2025-06-25T01:17:40.466+0200] {processor.py:157} INFO - Started process (PID=174749) to work on /home/atef/.local/lib/python3.9/site-packages/airflow/example_dags/example_subdag_operator.py
[2025-06-25T01:17:40.472+0200] {processor.py:826} INFO - Processing file /home/atef/.local/lib/python3.9/site-packages/airflow/example_dags/example_subdag_operator.py for tasks to queue
[2025-06-25T01:17:40.475+0200] {logging_mixin.py:149} INFO - [2025-06-25T01:17:40.475+0200] {dagbag.py:541} INFO - Filling up the DagBag from /home/atef/.local/lib/python3.9/site-packages/airflow/example_dags/example_subdag_operator.py
[2025-06-25T01:17:40.618+0200] {processor.py:836} INFO - DAG(s) dict_keys(['example_subdag_operator.section-1', 'example_subdag_operator.section-2', 'example_subdag_operator']) retrieved from /home/atef/.local/lib/python3.9/site-packages/airflow/example_dags/example_subdag_operator.py
[2025-06-25T01:17:40.833+0200] {logging_mixin.py:149} INFO - [2025-06-25T01:17:40.832+0200] {dag.py:2726} INFO - Sync 3 DAGs
[2025-06-25T01:17:40.974+0200] {logging_mixin.py:149} INFO - [2025-06-25T01:17:40.974+0200] {dag.py:3486} INFO - Setting next_dagrun for example_subdag_operator to 2022-01-01T00:00:00+00:00, run_after=2022-01-01T00:00:00+00:00
[2025-06-25T01:17:40.980+0200] {logging_mixin.py:149} INFO - [2025-06-25T01:17:40.980+0200] {dag.py:3486} INFO - Setting next_dagrun for example_subdag_operator.section-1 to None, run_after=None
[2025-06-25T01:17:40.982+0200] {logging_mixin.py:149} INFO - [2025-06-25T01:17:40.982+0200] {dag.py:3486} INFO - Setting next_dagrun for example_subdag_operator.section-2 to None, run_after=None
[2025-06-25T01:17:41.002+0200] {logging_mixin.py:149} INFO - [2025-06-25T01:17:41.002+0200] {dag.py:2726} INFO - Sync 2 DAGs
[2025-06-25T01:17:41.011+0200] {logging_mixin.py:149} INFO - [2025-06-25T01:17:41.011+0200] {dag.py:3486} INFO - Setting next_dagrun for example_subdag_operator.section-1 to None, run_after=None
[2025-06-25T01:17:41.012+0200] {logging_mixin.py:149} INFO - [2025-06-25T01:17:41.012+0200] {dag.py:3486} INFO - Setting next_dagrun for example_subdag_operator.section-2 to None, run_after=None
[2025-06-25T01:17:41.038+0200] {processor.py:179} INFO - Processing /home/atef/.local/lib/python3.9/site-packages/airflow/example_dags/example_subdag_operator.py took 0.591 seconds
[2025-06-25T01:19:25.135+0200] {processor.py:157} INFO - Started process (PID=175695) to work on /home/atef/.local/lib/python3.9/site-packages/airflow/example_dags/example_subdag_operator.py
[2025-06-25T01:19:25.140+0200] {processor.py:826} INFO - Processing file /home/atef/.local/lib/python3.9/site-packages/airflow/example_dags/example_subdag_operator.py for tasks to queue
[2025-06-25T01:19:25.142+0200] {logging_mixin.py:149} INFO - [2025-06-25T01:19:25.142+0200] {dagbag.py:541} INFO - Filling up the DagBag from /home/atef/.local/lib/python3.9/site-packages/airflow/example_dags/example_subdag_operator.py
[2025-06-25T01:19:25.214+0200] {processor.py:836} INFO - DAG(s) dict_keys(['example_subdag_operator.section-1', 'example_subdag_operator.section-2', 'example_subdag_operator']) retrieved from /home/atef/.local/lib/python3.9/site-packages/airflow/example_dags/example_subdag_operator.py
[2025-06-25T01:19:25.279+0200] {logging_mixin.py:149} INFO - [2025-06-25T01:19:25.278+0200] {dag.py:2726} INFO - Sync 3 DAGs
[2025-06-25T01:19:25.343+0200] {logging_mixin.py:149} INFO - [2025-06-25T01:19:25.343+0200] {dag.py:3486} INFO - Setting next_dagrun for example_subdag_operator to 2022-01-01T00:00:00+00:00, run_after=2022-01-01T00:00:00+00:00
[2025-06-25T01:19:25.357+0200] {logging_mixin.py:149} INFO - [2025-06-25T01:19:25.357+0200] {dag.py:3486} INFO - Setting next_dagrun for example_subdag_operator.section-1 to None, run_after=None
[2025-06-25T01:19:25.360+0200] {logging_mixin.py:149} INFO - [2025-06-25T01:19:25.360+0200] {dag.py:3486} INFO - Setting next_dagrun for example_subdag_operator.section-2 to None, run_after=None
[2025-06-25T01:19:25.379+0200] {logging_mixin.py:149} INFO - [2025-06-25T01:19:25.379+0200] {dag.py:2726} INFO - Sync 2 DAGs
[2025-06-25T01:19:25.389+0200] {logging_mixin.py:149} INFO - [2025-06-25T01:19:25.389+0200] {dag.py:3486} INFO - Setting next_dagrun for example_subdag_operator.section-1 to None, run_after=None
[2025-06-25T01:19:25.391+0200] {logging_mixin.py:149} INFO - [2025-06-25T01:19:25.390+0200] {dag.py:3486} INFO - Setting next_dagrun for example_subdag_operator.section-2 to None, run_after=None
[2025-06-25T01:19:25.422+0200] {processor.py:179} INFO - Processing /home/atef/.local/lib/python3.9/site-packages/airflow/example_dags/example_subdag_operator.py took 0.302 seconds
[2025-06-25T01:21:08.829+0200] {processor.py:157} INFO - Started process (PID=176595) to work on /home/atef/.local/lib/python3.9/site-packages/airflow/example_dags/example_subdag_operator.py
[2025-06-25T01:21:08.834+0200] {processor.py:826} INFO - Processing file /home/atef/.local/lib/python3.9/site-packages/airflow/example_dags/example_subdag_operator.py for tasks to queue
[2025-06-25T01:21:08.837+0200] {logging_mixin.py:149} INFO - [2025-06-25T01:21:08.837+0200] {dagbag.py:541} INFO - Filling up the DagBag from /home/atef/.local/lib/python3.9/site-packages/airflow/example_dags/example_subdag_operator.py
[2025-06-25T01:21:09.126+0200] {processor.py:836} INFO - DAG(s) dict_keys(['example_subdag_operator.section-1', 'example_subdag_operator.section-2', 'example_subdag_operator']) retrieved from /home/atef/.local/lib/python3.9/site-packages/airflow/example_dags/example_subdag_operator.py
[2025-06-25T01:21:09.489+0200] {logging_mixin.py:149} INFO - [2025-06-25T01:21:09.489+0200] {dag.py:2726} INFO - Sync 3 DAGs
[2025-06-25T01:21:09.623+0200] {logging_mixin.py:149} INFO - [2025-06-25T01:21:09.622+0200] {dag.py:3486} INFO - Setting next_dagrun for example_subdag_operator to 2022-01-01T00:00:00+00:00, run_after=2022-01-01T00:00:00+00:00
[2025-06-25T01:21:09.638+0200] {logging_mixin.py:149} INFO - [2025-06-25T01:21:09.638+0200] {dag.py:3486} INFO - Setting next_dagrun for example_subdag_operator.section-1 to None, run_after=None
[2025-06-25T01:21:09.647+0200] {logging_mixin.py:149} INFO - [2025-06-25T01:21:09.644+0200] {dag.py:3486} INFO - Setting next_dagrun for example_subdag_operator.section-2 to None, run_after=None
[2025-06-25T01:21:09.685+0200] {logging_mixin.py:149} INFO - [2025-06-25T01:21:09.680+0200] {dag.py:2726} INFO - Sync 2 DAGs
[2025-06-25T01:21:09.716+0200] {logging_mixin.py:149} INFO - [2025-06-25T01:21:09.715+0200] {dag.py:3486} INFO - Setting next_dagrun for example_subdag_operator.section-1 to None, run_after=None
[2025-06-25T01:21:09.717+0200] {logging_mixin.py:149} INFO - [2025-06-25T01:21:09.717+0200] {dag.py:3486} INFO - Setting next_dagrun for example_subdag_operator.section-2 to None, run_after=None
[2025-06-25T01:21:09.781+0200] {processor.py:179} INFO - Processing /home/atef/.local/lib/python3.9/site-packages/airflow/example_dags/example_subdag_operator.py took 0.981 seconds
[2025-06-25T01:22:28.084+0200] {processor.py:157} INFO - Started process (PID=177063) to work on /home/atef/.local/lib/python3.9/site-packages/airflow/example_dags/example_subdag_operator.py
[2025-06-25T01:22:28.088+0200] {processor.py:826} INFO - Processing file /home/atef/.local/lib/python3.9/site-packages/airflow/example_dags/example_subdag_operator.py for tasks to queue
[2025-06-25T01:22:28.092+0200] {logging_mixin.py:149} INFO - [2025-06-25T01:22:28.091+0200] {dagbag.py:541} INFO - Filling up the DagBag from /home/atef/.local/lib/python3.9/site-packages/airflow/example_dags/example_subdag_operator.py
[2025-06-25T01:22:28.199+0200] {processor.py:836} INFO - DAG(s) dict_keys(['example_subdag_operator.section-1', 'example_subdag_operator.section-2', 'example_subdag_operator']) retrieved from /home/atef/.local/lib/python3.9/site-packages/airflow/example_dags/example_subdag_operator.py
[2025-06-25T01:22:28.240+0200] {logging_mixin.py:149} INFO - [2025-06-25T01:22:28.240+0200] {dag.py:2726} INFO - Sync 3 DAGs
[2025-06-25T01:22:28.282+0200] {logging_mixin.py:149} INFO - [2025-06-25T01:22:28.281+0200] {dag.py:3486} INFO - Setting next_dagrun for example_subdag_operator to 2022-01-01T00:00:00+00:00, run_after=2022-01-01T00:00:00+00:00
[2025-06-25T01:22:28.289+0200] {logging_mixin.py:149} INFO - [2025-06-25T01:22:28.289+0200] {dag.py:3486} INFO - Setting next_dagrun for example_subdag_operator.section-1 to None, run_after=None
[2025-06-25T01:22:28.292+0200] {logging_mixin.py:149} INFO - [2025-06-25T01:22:28.291+0200] {dag.py:3486} INFO - Setting next_dagrun for example_subdag_operator.section-2 to None, run_after=None
[2025-06-25T01:22:28.310+0200] {logging_mixin.py:149} INFO - [2025-06-25T01:22:28.310+0200] {dag.py:2726} INFO - Sync 2 DAGs
[2025-06-25T01:22:28.322+0200] {logging_mixin.py:149} INFO - [2025-06-25T01:22:28.322+0200] {dag.py:3486} INFO - Setting next_dagrun for example_subdag_operator.section-1 to None, run_after=None
[2025-06-25T01:22:28.324+0200] {logging_mixin.py:149} INFO - [2025-06-25T01:22:28.324+0200] {dag.py:3486} INFO - Setting next_dagrun for example_subdag_operator.section-2 to None, run_after=None
[2025-06-25T01:22:28.368+0200] {processor.py:179} INFO - Processing /home/atef/.local/lib/python3.9/site-packages/airflow/example_dags/example_subdag_operator.py took 0.298 seconds
[2025-06-25T01:24:02.021+0200] {processor.py:157} INFO - Started process (PID=177650) to work on /home/atef/.local/lib/python3.9/site-packages/airflow/example_dags/example_subdag_operator.py
[2025-06-25T01:24:02.063+0200] {processor.py:826} INFO - Processing file /home/atef/.local/lib/python3.9/site-packages/airflow/example_dags/example_subdag_operator.py for tasks to queue
[2025-06-25T01:24:02.090+0200] {logging_mixin.py:149} INFO - [2025-06-25T01:24:02.089+0200] {dagbag.py:541} INFO - Filling up the DagBag from /home/atef/.local/lib/python3.9/site-packages/airflow/example_dags/example_subdag_operator.py
[2025-06-25T01:24:02.880+0200] {processor.py:836} INFO - DAG(s) dict_keys(['example_subdag_operator.section-1', 'example_subdag_operator.section-2', 'example_subdag_operator']) retrieved from /home/atef/.local/lib/python3.9/site-packages/airflow/example_dags/example_subdag_operator.py
[2025-06-25T01:24:03.530+0200] {logging_mixin.py:149} INFO - [2025-06-25T01:24:03.530+0200] {dag.py:2726} INFO - Sync 3 DAGs
[2025-06-25T01:24:04.794+0200] {logging_mixin.py:149} INFO - [2025-06-25T01:24:04.794+0200] {dag.py:3486} INFO - Setting next_dagrun for example_subdag_operator to 2022-01-01T00:00:00+00:00, run_after=2022-01-01T00:00:00+00:00
[2025-06-25T01:24:04.944+0200] {logging_mixin.py:149} INFO - [2025-06-25T01:24:04.924+0200] {dag.py:3486} INFO - Setting next_dagrun for example_subdag_operator.section-1 to None, run_after=None
[2025-06-25T01:24:04.985+0200] {logging_mixin.py:149} INFO - [2025-06-25T01:24:04.985+0200] {dag.py:3486} INFO - Setting next_dagrun for example_subdag_operator.section-2 to None, run_after=None
[2025-06-25T01:24:05.331+0200] {logging_mixin.py:149} INFO - [2025-06-25T01:24:05.330+0200] {dag.py:2726} INFO - Sync 2 DAGs
[2025-06-25T01:24:05.643+0200] {logging_mixin.py:149} INFO - [2025-06-25T01:24:05.630+0200] {dag.py:3486} INFO - Setting next_dagrun for example_subdag_operator.section-1 to None, run_after=None
[2025-06-25T01:24:05.656+0200] {logging_mixin.py:149} INFO - [2025-06-25T01:24:05.655+0200] {dag.py:3486} INFO - Setting next_dagrun for example_subdag_operator.section-2 to None, run_after=None
[2025-06-25T01:24:06.141+0200] {processor.py:179} INFO - Processing /home/atef/.local/lib/python3.9/site-packages/airflow/example_dags/example_subdag_operator.py took 4.227 seconds
[2025-06-25T01:25:10.738+0200] {processor.py:157} INFO - Started process (PID=178298) to work on /home/atef/.local/lib/python3.9/site-packages/airflow/example_dags/example_subdag_operator.py
[2025-06-25T01:25:10.762+0200] {processor.py:826} INFO - Processing file /home/atef/.local/lib/python3.9/site-packages/airflow/example_dags/example_subdag_operator.py for tasks to queue
[2025-06-25T01:25:10.774+0200] {logging_mixin.py:149} INFO - [2025-06-25T01:25:10.773+0200] {dagbag.py:541} INFO - Filling up the DagBag from /home/atef/.local/lib/python3.9/site-packages/airflow/example_dags/example_subdag_operator.py
[2025-06-25T01:25:11.018+0200] {processor.py:836} INFO - DAG(s) dict_keys(['example_subdag_operator.section-1', 'example_subdag_operator.section-2', 'example_subdag_operator']) retrieved from /home/atef/.local/lib/python3.9/site-packages/airflow/example_dags/example_subdag_operator.py
[2025-06-25T01:25:11.227+0200] {logging_mixin.py:149} INFO - [2025-06-25T01:25:11.226+0200] {dag.py:2726} INFO - Sync 3 DAGs
[2025-06-25T01:25:11.400+0200] {logging_mixin.py:149} INFO - [2025-06-25T01:25:11.398+0200] {dag.py:3486} INFO - Setting next_dagrun for example_subdag_operator to 2022-01-01T00:00:00+00:00, run_after=2022-01-01T00:00:00+00:00
[2025-06-25T01:25:11.431+0200] {logging_mixin.py:149} INFO - [2025-06-25T01:25:11.430+0200] {dag.py:3486} INFO - Setting next_dagrun for example_subdag_operator.section-1 to None, run_after=None
[2025-06-25T01:25:11.435+0200] {logging_mixin.py:149} INFO - [2025-06-25T01:25:11.434+0200] {dag.py:3486} INFO - Setting next_dagrun for example_subdag_operator.section-2 to None, run_after=None
[2025-06-25T01:25:11.509+0200] {logging_mixin.py:149} INFO - [2025-06-25T01:25:11.508+0200] {dag.py:2726} INFO - Sync 2 DAGs
[2025-06-25T01:25:11.553+0200] {logging_mixin.py:149} INFO - [2025-06-25T01:25:11.551+0200] {dag.py:3486} INFO - Setting next_dagrun for example_subdag_operator.section-1 to None, run_after=None
[2025-06-25T01:25:11.556+0200] {logging_mixin.py:149} INFO - [2025-06-25T01:25:11.555+0200] {dag.py:3486} INFO - Setting next_dagrun for example_subdag_operator.section-2 to None, run_after=None
[2025-06-25T01:25:11.685+0200] {processor.py:179} INFO - Processing /home/atef/.local/lib/python3.9/site-packages/airflow/example_dags/example_subdag_operator.py took 1.030 seconds
[2025-06-25T01:26:14.741+0200] {processor.py:157} INFO - Started process (PID=178651) to work on /home/atef/.local/lib/python3.9/site-packages/airflow/example_dags/example_subdag_operator.py
[2025-06-25T01:26:14.746+0200] {processor.py:826} INFO - Processing file /home/atef/.local/lib/python3.9/site-packages/airflow/example_dags/example_subdag_operator.py for tasks to queue
[2025-06-25T01:26:14.748+0200] {logging_mixin.py:149} INFO - [2025-06-25T01:26:14.748+0200] {dagbag.py:541} INFO - Filling up the DagBag from /home/atef/.local/lib/python3.9/site-packages/airflow/example_dags/example_subdag_operator.py
[2025-06-25T01:26:14.828+0200] {processor.py:836} INFO - DAG(s) dict_keys(['example_subdag_operator.section-1', 'example_subdag_operator.section-2', 'example_subdag_operator']) retrieved from /home/atef/.local/lib/python3.9/site-packages/airflow/example_dags/example_subdag_operator.py
[2025-06-25T01:26:14.869+0200] {logging_mixin.py:149} INFO - [2025-06-25T01:26:14.869+0200] {dag.py:2726} INFO - Sync 3 DAGs
[2025-06-25T01:26:14.904+0200] {logging_mixin.py:149} INFO - [2025-06-25T01:26:14.904+0200] {dag.py:3486} INFO - Setting next_dagrun for example_subdag_operator to 2022-01-01T00:00:00+00:00, run_after=2022-01-01T00:00:00+00:00
[2025-06-25T01:26:14.908+0200] {logging_mixin.py:149} INFO - [2025-06-25T01:26:14.908+0200] {dag.py:3486} INFO - Setting next_dagrun for example_subdag_operator.section-1 to None, run_after=None
[2025-06-25T01:26:14.911+0200] {logging_mixin.py:149} INFO - [2025-06-25T01:26:14.910+0200] {dag.py:3486} INFO - Setting next_dagrun for example_subdag_operator.section-2 to None, run_after=None
[2025-06-25T01:26:14.927+0200] {logging_mixin.py:149} INFO - [2025-06-25T01:26:14.927+0200] {dag.py:2726} INFO - Sync 2 DAGs
[2025-06-25T01:26:14.933+0200] {logging_mixin.py:149} INFO - [2025-06-25T01:26:14.932+0200] {dag.py:3486} INFO - Setting next_dagrun for example_subdag_operator.section-1 to None, run_after=None
[2025-06-25T01:26:14.933+0200] {logging_mixin.py:149} INFO - [2025-06-25T01:26:14.933+0200] {dag.py:3486} INFO - Setting next_dagrun for example_subdag_operator.section-2 to None, run_after=None
[2025-06-25T01:26:14.959+0200] {processor.py:179} INFO - Processing /home/atef/.local/lib/python3.9/site-packages/airflow/example_dags/example_subdag_operator.py took 0.232 seconds
[2025-06-25T01:27:18.911+0200] {processor.py:157} INFO - Started process (PID=179111) to work on /home/atef/.local/lib/python3.9/site-packages/airflow/example_dags/example_subdag_operator.py
[2025-06-25T01:27:18.917+0200] {processor.py:826} INFO - Processing file /home/atef/.local/lib/python3.9/site-packages/airflow/example_dags/example_subdag_operator.py for tasks to queue
[2025-06-25T01:27:18.919+0200] {logging_mixin.py:149} INFO - [2025-06-25T01:27:18.919+0200] {dagbag.py:541} INFO - Filling up the DagBag from /home/atef/.local/lib/python3.9/site-packages/airflow/example_dags/example_subdag_operator.py
[2025-06-25T01:27:19.140+0200] {processor.py:836} INFO - DAG(s) dict_keys(['example_subdag_operator.section-1', 'example_subdag_operator.section-2', 'example_subdag_operator']) retrieved from /home/atef/.local/lib/python3.9/site-packages/airflow/example_dags/example_subdag_operator.py
[2025-06-25T01:27:19.206+0200] {logging_mixin.py:149} INFO - [2025-06-25T01:27:19.205+0200] {dag.py:2726} INFO - Sync 3 DAGs
[2025-06-25T01:27:19.277+0200] {logging_mixin.py:149} INFO - [2025-06-25T01:27:19.276+0200] {dag.py:3486} INFO - Setting next_dagrun for example_subdag_operator to 2022-01-01T00:00:00+00:00, run_after=2022-01-01T00:00:00+00:00
[2025-06-25T01:27:19.282+0200] {logging_mixin.py:149} INFO - [2025-06-25T01:27:19.282+0200] {dag.py:3486} INFO - Setting next_dagrun for example_subdag_operator.section-1 to None, run_after=None
[2025-06-25T01:27:19.283+0200] {logging_mixin.py:149} INFO - [2025-06-25T01:27:19.283+0200] {dag.py:3486} INFO - Setting next_dagrun for example_subdag_operator.section-2 to None, run_after=None
[2025-06-25T01:27:19.300+0200] {logging_mixin.py:149} INFO - [2025-06-25T01:27:19.300+0200] {dag.py:2726} INFO - Sync 2 DAGs
[2025-06-25T01:27:19.309+0200] {logging_mixin.py:149} INFO - [2025-06-25T01:27:19.309+0200] {dag.py:3486} INFO - Setting next_dagrun for example_subdag_operator.section-1 to None, run_after=None
[2025-06-25T01:27:19.310+0200] {logging_mixin.py:149} INFO - [2025-06-25T01:27:19.310+0200] {dag.py:3486} INFO - Setting next_dagrun for example_subdag_operator.section-2 to None, run_after=None
[2025-06-25T01:27:19.334+0200] {processor.py:179} INFO - Processing /home/atef/.local/lib/python3.9/site-packages/airflow/example_dags/example_subdag_operator.py took 0.438 seconds
[2025-06-25T01:29:08.561+0200] {processor.py:157} INFO - Started process (PID=180081) to work on /home/atef/.local/lib/python3.9/site-packages/airflow/example_dags/example_subdag_operator.py
[2025-06-25T01:29:08.567+0200] {processor.py:826} INFO - Processing file /home/atef/.local/lib/python3.9/site-packages/airflow/example_dags/example_subdag_operator.py for tasks to queue
[2025-06-25T01:29:08.569+0200] {logging_mixin.py:149} INFO - [2025-06-25T01:29:08.569+0200] {dagbag.py:541} INFO - Filling up the DagBag from /home/atef/.local/lib/python3.9/site-packages/airflow/example_dags/example_subdag_operator.py
[2025-06-25T01:29:08.699+0200] {processor.py:836} INFO - DAG(s) dict_keys(['example_subdag_operator.section-1', 'example_subdag_operator.section-2', 'example_subdag_operator']) retrieved from /home/atef/.local/lib/python3.9/site-packages/airflow/example_dags/example_subdag_operator.py
[2025-06-25T01:29:08.779+0200] {logging_mixin.py:149} INFO - [2025-06-25T01:29:08.778+0200] {dag.py:2726} INFO - Sync 3 DAGs
[2025-06-25T01:29:08.818+0200] {logging_mixin.py:149} INFO - [2025-06-25T01:29:08.818+0200] {dag.py:3486} INFO - Setting next_dagrun for example_subdag_operator to 2022-01-01T00:00:00+00:00, run_after=2022-01-01T00:00:00+00:00
[2025-06-25T01:29:08.823+0200] {logging_mixin.py:149} INFO - [2025-06-25T01:29:08.823+0200] {dag.py:3486} INFO - Setting next_dagrun for example_subdag_operator.section-1 to None, run_after=None
[2025-06-25T01:29:08.825+0200] {logging_mixin.py:149} INFO - [2025-06-25T01:29:08.825+0200] {dag.py:3486} INFO - Setting next_dagrun for example_subdag_operator.section-2 to None, run_after=None
[2025-06-25T01:29:08.857+0200] {logging_mixin.py:149} INFO - [2025-06-25T01:29:08.857+0200] {dag.py:2726} INFO - Sync 2 DAGs
[2025-06-25T01:29:08.873+0200] {logging_mixin.py:149} INFO - [2025-06-25T01:29:08.872+0200] {dag.py:3486} INFO - Setting next_dagrun for example_subdag_operator.section-1 to None, run_after=None
[2025-06-25T01:29:08.873+0200] {logging_mixin.py:149} INFO - [2025-06-25T01:29:08.873+0200] {dag.py:3486} INFO - Setting next_dagrun for example_subdag_operator.section-2 to None, run_after=None
[2025-06-25T01:29:08.897+0200] {processor.py:179} INFO - Processing /home/atef/.local/lib/python3.9/site-packages/airflow/example_dags/example_subdag_operator.py took 0.348 seconds
[2025-06-25T01:30:18.092+0200] {processor.py:157} INFO - Started process (PID=180485) to work on /home/atef/.local/lib/python3.9/site-packages/airflow/example_dags/example_subdag_operator.py
[2025-06-25T01:30:18.108+0200] {processor.py:826} INFO - Processing file /home/atef/.local/lib/python3.9/site-packages/airflow/example_dags/example_subdag_operator.py for tasks to queue
[2025-06-25T01:30:18.115+0200] {logging_mixin.py:149} INFO - [2025-06-25T01:30:18.115+0200] {dagbag.py:541} INFO - Filling up the DagBag from /home/atef/.local/lib/python3.9/site-packages/airflow/example_dags/example_subdag_operator.py
[2025-06-25T01:30:18.385+0200] {processor.py:836} INFO - DAG(s) dict_keys(['example_subdag_operator.section-1', 'example_subdag_operator.section-2', 'example_subdag_operator']) retrieved from /home/atef/.local/lib/python3.9/site-packages/airflow/example_dags/example_subdag_operator.py
[2025-06-25T01:30:18.640+0200] {logging_mixin.py:149} INFO - [2025-06-25T01:30:18.640+0200] {dag.py:2726} INFO - Sync 3 DAGs
[2025-06-25T01:30:18.757+0200] {logging_mixin.py:149} INFO - [2025-06-25T01:30:18.757+0200] {dag.py:3486} INFO - Setting next_dagrun for example_subdag_operator to 2022-01-01T00:00:00+00:00, run_after=2022-01-01T00:00:00+00:00
[2025-06-25T01:30:18.765+0200] {logging_mixin.py:149} INFO - [2025-06-25T01:30:18.765+0200] {dag.py:3486} INFO - Setting next_dagrun for example_subdag_operator.section-1 to None, run_after=None
[2025-06-25T01:30:18.770+0200] {logging_mixin.py:149} INFO - [2025-06-25T01:30:18.768+0200] {dag.py:3486} INFO - Setting next_dagrun for example_subdag_operator.section-2 to None, run_after=None
[2025-06-25T01:30:18.791+0200] {logging_mixin.py:149} INFO - [2025-06-25T01:30:18.791+0200] {dag.py:2726} INFO - Sync 2 DAGs
[2025-06-25T01:30:18.804+0200] {logging_mixin.py:149} INFO - [2025-06-25T01:30:18.803+0200] {dag.py:3486} INFO - Setting next_dagrun for example_subdag_operator.section-1 to None, run_after=None
[2025-06-25T01:30:18.806+0200] {logging_mixin.py:149} INFO - [2025-06-25T01:30:18.806+0200] {dag.py:3486} INFO - Setting next_dagrun for example_subdag_operator.section-2 to None, run_after=None
[2025-06-25T01:30:18.854+0200] {processor.py:179} INFO - Processing /home/atef/.local/lib/python3.9/site-packages/airflow/example_dags/example_subdag_operator.py took 0.947 seconds
[2025-06-25T01:31:51.685+0200] {processor.py:157} INFO - Started process (PID=181207) to work on /home/atef/.local/lib/python3.9/site-packages/airflow/example_dags/example_subdag_operator.py
[2025-06-25T01:31:51.695+0200] {processor.py:826} INFO - Processing file /home/atef/.local/lib/python3.9/site-packages/airflow/example_dags/example_subdag_operator.py for tasks to queue
[2025-06-25T01:31:51.698+0200] {logging_mixin.py:149} INFO - [2025-06-25T01:31:51.698+0200] {dagbag.py:541} INFO - Filling up the DagBag from /home/atef/.local/lib/python3.9/site-packages/airflow/example_dags/example_subdag_operator.py
[2025-06-25T01:31:51.846+0200] {processor.py:836} INFO - DAG(s) dict_keys(['example_subdag_operator.section-1', 'example_subdag_operator.section-2', 'example_subdag_operator']) retrieved from /home/atef/.local/lib/python3.9/site-packages/airflow/example_dags/example_subdag_operator.py
[2025-06-25T01:31:51.972+0200] {logging_mixin.py:149} INFO - [2025-06-25T01:31:51.972+0200] {dag.py:2726} INFO - Sync 3 DAGs
[2025-06-25T01:31:52.141+0200] {logging_mixin.py:149} INFO - [2025-06-25T01:31:52.140+0200] {dag.py:3486} INFO - Setting next_dagrun for example_subdag_operator to 2022-01-01T00:00:00+00:00, run_after=2022-01-01T00:00:00+00:00
[2025-06-25T01:31:52.162+0200] {logging_mixin.py:149} INFO - [2025-06-25T01:31:52.155+0200] {dag.py:3486} INFO - Setting next_dagrun for example_subdag_operator.section-1 to None, run_after=None
[2025-06-25T01:31:52.167+0200] {logging_mixin.py:149} INFO - [2025-06-25T01:31:52.167+0200] {dag.py:3486} INFO - Setting next_dagrun for example_subdag_operator.section-2 to None, run_after=None
[2025-06-25T01:31:52.216+0200] {logging_mixin.py:149} INFO - [2025-06-25T01:31:52.216+0200] {dag.py:2726} INFO - Sync 2 DAGs
[2025-06-25T01:31:52.237+0200] {logging_mixin.py:149} INFO - [2025-06-25T01:31:52.237+0200] {dag.py:3486} INFO - Setting next_dagrun for example_subdag_operator.section-1 to None, run_after=None
[2025-06-25T01:31:52.239+0200] {logging_mixin.py:149} INFO - [2025-06-25T01:31:52.239+0200] {dag.py:3486} INFO - Setting next_dagrun for example_subdag_operator.section-2 to None, run_after=None
[2025-06-25T01:31:52.321+0200] {processor.py:179} INFO - Processing /home/atef/.local/lib/python3.9/site-packages/airflow/example_dags/example_subdag_operator.py took 0.672 seconds
[2025-06-25T01:33:00.682+0200] {processor.py:157} INFO - Started process (PID=181553) to work on /home/atef/.local/lib/python3.9/site-packages/airflow/example_dags/example_subdag_operator.py
[2025-06-25T01:33:00.687+0200] {processor.py:826} INFO - Processing file /home/atef/.local/lib/python3.9/site-packages/airflow/example_dags/example_subdag_operator.py for tasks to queue
[2025-06-25T01:33:00.689+0200] {logging_mixin.py:149} INFO - [2025-06-25T01:33:00.689+0200] {dagbag.py:541} INFO - Filling up the DagBag from /home/atef/.local/lib/python3.9/site-packages/airflow/example_dags/example_subdag_operator.py
[2025-06-25T01:33:00.760+0200] {processor.py:836} INFO - DAG(s) dict_keys(['example_subdag_operator.section-1', 'example_subdag_operator.section-2', 'example_subdag_operator']) retrieved from /home/atef/.local/lib/python3.9/site-packages/airflow/example_dags/example_subdag_operator.py
[2025-06-25T01:33:00.807+0200] {logging_mixin.py:149} INFO - [2025-06-25T01:33:00.806+0200] {dag.py:2726} INFO - Sync 3 DAGs
[2025-06-25T01:33:00.847+0200] {logging_mixin.py:149} INFO - [2025-06-25T01:33:00.847+0200] {dag.py:3486} INFO - Setting next_dagrun for example_subdag_operator to 2022-01-01T00:00:00+00:00, run_after=2022-01-01T00:00:00+00:00
[2025-06-25T01:33:00.852+0200] {logging_mixin.py:149} INFO - [2025-06-25T01:33:00.852+0200] {dag.py:3486} INFO - Setting next_dagrun for example_subdag_operator.section-1 to None, run_after=None
[2025-06-25T01:33:00.854+0200] {logging_mixin.py:149} INFO - [2025-06-25T01:33:00.853+0200] {dag.py:3486} INFO - Setting next_dagrun for example_subdag_operator.section-2 to None, run_after=None
[2025-06-25T01:33:00.865+0200] {logging_mixin.py:149} INFO - [2025-06-25T01:33:00.865+0200] {dag.py:2726} INFO - Sync 2 DAGs
[2025-06-25T01:33:00.872+0200] {logging_mixin.py:149} INFO - [2025-06-25T01:33:00.871+0200] {dag.py:3486} INFO - Setting next_dagrun for example_subdag_operator.section-1 to None, run_after=None
[2025-06-25T01:33:00.872+0200] {logging_mixin.py:149} INFO - [2025-06-25T01:33:00.872+0200] {dag.py:3486} INFO - Setting next_dagrun for example_subdag_operator.section-2 to None, run_after=None
[2025-06-25T01:33:00.893+0200] {processor.py:179} INFO - Processing /home/atef/.local/lib/python3.9/site-packages/airflow/example_dags/example_subdag_operator.py took 0.226 seconds
[2025-06-25T01:34:20.437+0200] {processor.py:157} INFO - Started process (PID=182050) to work on /home/atef/.local/lib/python3.9/site-packages/airflow/example_dags/example_subdag_operator.py
[2025-06-25T01:34:20.450+0200] {processor.py:826} INFO - Processing file /home/atef/.local/lib/python3.9/site-packages/airflow/example_dags/example_subdag_operator.py for tasks to queue
[2025-06-25T01:34:20.453+0200] {logging_mixin.py:149} INFO - [2025-06-25T01:34:20.453+0200] {dagbag.py:541} INFO - Filling up the DagBag from /home/atef/.local/lib/python3.9/site-packages/airflow/example_dags/example_subdag_operator.py
[2025-06-25T01:34:20.671+0200] {processor.py:836} INFO - DAG(s) dict_keys(['example_subdag_operator.section-1', 'example_subdag_operator.section-2', 'example_subdag_operator']) retrieved from /home/atef/.local/lib/python3.9/site-packages/airflow/example_dags/example_subdag_operator.py
[2025-06-25T01:34:20.781+0200] {logging_mixin.py:149} INFO - [2025-06-25T01:34:20.781+0200] {dag.py:2726} INFO - Sync 3 DAGs
[2025-06-25T01:34:21.089+0200] {logging_mixin.py:149} INFO - [2025-06-25T01:34:21.088+0200] {dag.py:3486} INFO - Setting next_dagrun for example_subdag_operator to 2022-01-01T00:00:00+00:00, run_after=2022-01-01T00:00:00+00:00
[2025-06-25T01:34:21.115+0200] {logging_mixin.py:149} INFO - [2025-06-25T01:34:21.115+0200] {dag.py:3486} INFO - Setting next_dagrun for example_subdag_operator.section-1 to None, run_after=None
[2025-06-25T01:34:21.122+0200] {logging_mixin.py:149} INFO - [2025-06-25T01:34:21.121+0200] {dag.py:3486} INFO - Setting next_dagrun for example_subdag_operator.section-2 to None, run_after=None
[2025-06-25T01:34:21.167+0200] {logging_mixin.py:149} INFO - [2025-06-25T01:34:21.167+0200] {dag.py:2726} INFO - Sync 2 DAGs
[2025-06-25T01:34:21.200+0200] {logging_mixin.py:149} INFO - [2025-06-25T01:34:21.200+0200] {dag.py:3486} INFO - Setting next_dagrun for example_subdag_operator.section-1 to None, run_after=None
[2025-06-25T01:34:21.208+0200] {logging_mixin.py:149} INFO - [2025-06-25T01:34:21.207+0200] {dag.py:3486} INFO - Setting next_dagrun for example_subdag_operator.section-2 to None, run_after=None
[2025-06-25T01:34:21.285+0200] {processor.py:179} INFO - Processing /home/atef/.local/lib/python3.9/site-packages/airflow/example_dags/example_subdag_operator.py took 0.890 seconds
[2025-06-25T01:35:42.449+0200] {processor.py:157} INFO - Started process (PID=182305) to work on /home/atef/.local/lib/python3.9/site-packages/airflow/example_dags/example_subdag_operator.py
[2025-06-25T01:35:42.459+0200] {processor.py:826} INFO - Processing file /home/atef/.local/lib/python3.9/site-packages/airflow/example_dags/example_subdag_operator.py for tasks to queue
[2025-06-25T01:35:42.462+0200] {logging_mixin.py:149} INFO - [2025-06-25T01:35:42.461+0200] {dagbag.py:541} INFO - Filling up the DagBag from /home/atef/.local/lib/python3.9/site-packages/airflow/example_dags/example_subdag_operator.py
[2025-06-25T01:35:42.678+0200] {processor.py:836} INFO - DAG(s) dict_keys(['example_subdag_operator.section-1', 'example_subdag_operator.section-2', 'example_subdag_operator']) retrieved from /home/atef/.local/lib/python3.9/site-packages/airflow/example_dags/example_subdag_operator.py
[2025-06-25T01:35:42.775+0200] {logging_mixin.py:149} INFO - [2025-06-25T01:35:42.775+0200] {dag.py:2726} INFO - Sync 3 DAGs
[2025-06-25T01:35:42.935+0200] {logging_mixin.py:149} INFO - [2025-06-25T01:35:42.934+0200] {dag.py:3486} INFO - Setting next_dagrun for example_subdag_operator to 2022-01-01T00:00:00+00:00, run_after=2022-01-01T00:00:00+00:00
[2025-06-25T01:35:42.955+0200] {logging_mixin.py:149} INFO - [2025-06-25T01:35:42.955+0200] {dag.py:3486} INFO - Setting next_dagrun for example_subdag_operator.section-1 to None, run_after=None
[2025-06-25T01:35:42.962+0200] {logging_mixin.py:149} INFO - [2025-06-25T01:35:42.962+0200] {dag.py:3486} INFO - Setting next_dagrun for example_subdag_operator.section-2 to None, run_after=None
[2025-06-25T01:35:43.000+0200] {logging_mixin.py:149} INFO - [2025-06-25T01:35:43.000+0200] {dag.py:2726} INFO - Sync 2 DAGs
[2025-06-25T01:35:43.022+0200] {logging_mixin.py:149} INFO - [2025-06-25T01:35:43.022+0200] {dag.py:3486} INFO - Setting next_dagrun for example_subdag_operator.section-1 to None, run_after=None
[2025-06-25T01:35:43.029+0200] {logging_mixin.py:149} INFO - [2025-06-25T01:35:43.029+0200] {dag.py:3486} INFO - Setting next_dagrun for example_subdag_operator.section-2 to None, run_after=None
[2025-06-25T01:35:43.099+0200] {processor.py:179} INFO - Processing /home/atef/.local/lib/python3.9/site-packages/airflow/example_dags/example_subdag_operator.py took 0.691 seconds
[2025-06-25T01:37:41.896+0200] {processor.py:157} INFO - Started process (PID=183159) to work on /home/atef/.local/lib/python3.9/site-packages/airflow/example_dags/example_subdag_operator.py
[2025-06-25T01:37:41.908+0200] {processor.py:826} INFO - Processing file /home/atef/.local/lib/python3.9/site-packages/airflow/example_dags/example_subdag_operator.py for tasks to queue
[2025-06-25T01:37:41.914+0200] {logging_mixin.py:149} INFO - [2025-06-25T01:37:41.913+0200] {dagbag.py:541} INFO - Filling up the DagBag from /home/atef/.local/lib/python3.9/site-packages/airflow/example_dags/example_subdag_operator.py
[2025-06-25T01:37:42.032+0200] {processor.py:836} INFO - DAG(s) dict_keys(['example_subdag_operator.section-1', 'example_subdag_operator.section-2', 'example_subdag_operator']) retrieved from /home/atef/.local/lib/python3.9/site-packages/airflow/example_dags/example_subdag_operator.py
[2025-06-25T01:37:42.120+0200] {logging_mixin.py:149} INFO - [2025-06-25T01:37:42.120+0200] {dag.py:2726} INFO - Sync 3 DAGs
[2025-06-25T01:37:42.259+0200] {logging_mixin.py:149} INFO - [2025-06-25T01:37:42.259+0200] {dag.py:3486} INFO - Setting next_dagrun for example_subdag_operator to 2022-01-01T00:00:00+00:00, run_after=2022-01-01T00:00:00+00:00
[2025-06-25T01:37:42.276+0200] {logging_mixin.py:149} INFO - [2025-06-25T01:37:42.276+0200] {dag.py:3486} INFO - Setting next_dagrun for example_subdag_operator.section-1 to None, run_after=None
[2025-06-25T01:37:42.281+0200] {logging_mixin.py:149} INFO - [2025-06-25T01:37:42.281+0200] {dag.py:3486} INFO - Setting next_dagrun for example_subdag_operator.section-2 to None, run_after=None
[2025-06-25T01:37:42.336+0200] {logging_mixin.py:149} INFO - [2025-06-25T01:37:42.335+0200] {dag.py:2726} INFO - Sync 2 DAGs
[2025-06-25T01:37:42.375+0200] {logging_mixin.py:149} INFO - [2025-06-25T01:37:42.374+0200] {dag.py:3486} INFO - Setting next_dagrun for example_subdag_operator.section-1 to None, run_after=None
[2025-06-25T01:37:42.377+0200] {logging_mixin.py:149} INFO - [2025-06-25T01:37:42.376+0200] {dag.py:3486} INFO - Setting next_dagrun for example_subdag_operator.section-2 to None, run_after=None
[2025-06-25T01:37:42.442+0200] {processor.py:179} INFO - Processing /home/atef/.local/lib/python3.9/site-packages/airflow/example_dags/example_subdag_operator.py took 0.601 seconds
[2025-06-25T01:39:06.789+0200] {processor.py:157} INFO - Started process (PID=183672) to work on /home/atef/.local/lib/python3.9/site-packages/airflow/example_dags/example_subdag_operator.py
[2025-06-25T01:39:06.794+0200] {processor.py:826} INFO - Processing file /home/atef/.local/lib/python3.9/site-packages/airflow/example_dags/example_subdag_operator.py for tasks to queue
[2025-06-25T01:39:06.797+0200] {logging_mixin.py:149} INFO - [2025-06-25T01:39:06.796+0200] {dagbag.py:541} INFO - Filling up the DagBag from /home/atef/.local/lib/python3.9/site-packages/airflow/example_dags/example_subdag_operator.py
[2025-06-25T01:39:06.927+0200] {processor.py:836} INFO - DAG(s) dict_keys(['example_subdag_operator.section-1', 'example_subdag_operator.section-2', 'example_subdag_operator']) retrieved from /home/atef/.local/lib/python3.9/site-packages/airflow/example_dags/example_subdag_operator.py
[2025-06-25T01:39:07.103+0200] {logging_mixin.py:149} INFO - [2025-06-25T01:39:07.101+0200] {dag.py:2726} INFO - Sync 3 DAGs
[2025-06-25T01:39:07.227+0200] {logging_mixin.py:149} INFO - [2025-06-25T01:39:07.227+0200] {dag.py:3486} INFO - Setting next_dagrun for example_subdag_operator to 2022-01-01T00:00:00+00:00, run_after=2022-01-01T00:00:00+00:00
[2025-06-25T01:39:07.237+0200] {logging_mixin.py:149} INFO - [2025-06-25T01:39:07.237+0200] {dag.py:3486} INFO - Setting next_dagrun for example_subdag_operator.section-1 to None, run_after=None
[2025-06-25T01:39:07.239+0200] {logging_mixin.py:149} INFO - [2025-06-25T01:39:07.239+0200] {dag.py:3486} INFO - Setting next_dagrun for example_subdag_operator.section-2 to None, run_after=None
[2025-06-25T01:39:07.278+0200] {logging_mixin.py:149} INFO - [2025-06-25T01:39:07.278+0200] {dag.py:2726} INFO - Sync 2 DAGs
[2025-06-25T01:39:07.325+0200] {logging_mixin.py:149} INFO - [2025-06-25T01:39:07.325+0200] {dag.py:3486} INFO - Setting next_dagrun for example_subdag_operator.section-1 to None, run_after=None
[2025-06-25T01:39:07.329+0200] {logging_mixin.py:149} INFO - [2025-06-25T01:39:07.329+0200] {dag.py:3486} INFO - Setting next_dagrun for example_subdag_operator.section-2 to None, run_after=None
[2025-06-25T01:39:07.379+0200] {processor.py:179} INFO - Processing /home/atef/.local/lib/python3.9/site-packages/airflow/example_dags/example_subdag_operator.py took 0.609 seconds
[2025-06-25T01:40:21.819+0200] {processor.py:157} INFO - Started process (PID=183877) to work on /home/atef/.local/lib/python3.9/site-packages/airflow/example_dags/example_subdag_operator.py
[2025-06-25T01:40:21.832+0200] {processor.py:826} INFO - Processing file /home/atef/.local/lib/python3.9/site-packages/airflow/example_dags/example_subdag_operator.py for tasks to queue
[2025-06-25T01:40:21.839+0200] {logging_mixin.py:149} INFO - [2025-06-25T01:40:21.837+0200] {dagbag.py:541} INFO - Filling up the DagBag from /home/atef/.local/lib/python3.9/site-packages/airflow/example_dags/example_subdag_operator.py
[2025-06-25T01:40:22.118+0200] {processor.py:836} INFO - DAG(s) dict_keys(['example_subdag_operator.section-1', 'example_subdag_operator.section-2', 'example_subdag_operator']) retrieved from /home/atef/.local/lib/python3.9/site-packages/airflow/example_dags/example_subdag_operator.py
[2025-06-25T01:40:22.358+0200] {logging_mixin.py:149} INFO - [2025-06-25T01:40:22.357+0200] {dag.py:2726} INFO - Sync 3 DAGs
[2025-06-25T01:40:22.506+0200] {logging_mixin.py:149} INFO - [2025-06-25T01:40:22.501+0200] {dag.py:3486} INFO - Setting next_dagrun for example_subdag_operator to 2022-01-01T00:00:00+00:00, run_after=2022-01-01T00:00:00+00:00
[2025-06-25T01:40:22.524+0200] {logging_mixin.py:149} INFO - [2025-06-25T01:40:22.524+0200] {dag.py:3486} INFO - Setting next_dagrun for example_subdag_operator.section-1 to None, run_after=None
[2025-06-25T01:40:22.530+0200] {logging_mixin.py:149} INFO - [2025-06-25T01:40:22.529+0200] {dag.py:3486} INFO - Setting next_dagrun for example_subdag_operator.section-2 to None, run_after=None
[2025-06-25T01:40:22.569+0200] {logging_mixin.py:149} INFO - [2025-06-25T01:40:22.569+0200] {dag.py:2726} INFO - Sync 2 DAGs
[2025-06-25T01:40:22.613+0200] {logging_mixin.py:149} INFO - [2025-06-25T01:40:22.612+0200] {dag.py:3486} INFO - Setting next_dagrun for example_subdag_operator.section-1 to None, run_after=None
[2025-06-25T01:40:22.617+0200] {logging_mixin.py:149} INFO - [2025-06-25T01:40:22.616+0200] {dag.py:3486} INFO - Setting next_dagrun for example_subdag_operator.section-2 to None, run_after=None
[2025-06-25T01:40:22.749+0200] {processor.py:179} INFO - Processing /home/atef/.local/lib/python3.9/site-packages/airflow/example_dags/example_subdag_operator.py took 0.963 seconds
[2025-06-25T01:45:25.456+0200] {processor.py:157} INFO - Started process (PID=187278) to work on /home/atef/.local/lib/python3.9/site-packages/airflow/example_dags/example_subdag_operator.py
[2025-06-25T01:45:25.479+0200] {processor.py:826} INFO - Processing file /home/atef/.local/lib/python3.9/site-packages/airflow/example_dags/example_subdag_operator.py for tasks to queue
[2025-06-25T01:45:25.484+0200] {logging_mixin.py:149} INFO - [2025-06-25T01:45:25.483+0200] {dagbag.py:541} INFO - Filling up the DagBag from /home/atef/.local/lib/python3.9/site-packages/airflow/example_dags/example_subdag_operator.py
[2025-06-25T01:45:25.680+0200] {processor.py:836} INFO - DAG(s) dict_keys(['example_subdag_operator.section-1', 'example_subdag_operator.section-2', 'example_subdag_operator']) retrieved from /home/atef/.local/lib/python3.9/site-packages/airflow/example_dags/example_subdag_operator.py
[2025-06-25T01:45:25.829+0200] {logging_mixin.py:149} INFO - [2025-06-25T01:45:25.828+0200] {dag.py:2726} INFO - Sync 3 DAGs
[2025-06-25T01:45:25.929+0200] {logging_mixin.py:149} INFO - [2025-06-25T01:45:25.928+0200] {dag.py:3486} INFO - Setting next_dagrun for example_subdag_operator to 2022-01-01T00:00:00+00:00, run_after=2022-01-01T00:00:00+00:00
[2025-06-25T01:45:25.941+0200] {logging_mixin.py:149} INFO - [2025-06-25T01:45:25.941+0200] {dag.py:3486} INFO - Setting next_dagrun for example_subdag_operator.section-1 to None, run_after=None
[2025-06-25T01:45:25.945+0200] {logging_mixin.py:149} INFO - [2025-06-25T01:45:25.945+0200] {dag.py:3486} INFO - Setting next_dagrun for example_subdag_operator.section-2 to None, run_after=None
[2025-06-25T01:45:25.999+0200] {logging_mixin.py:149} INFO - [2025-06-25T01:45:25.998+0200] {dag.py:2726} INFO - Sync 2 DAGs
[2025-06-25T01:45:26.032+0200] {logging_mixin.py:149} INFO - [2025-06-25T01:45:26.032+0200] {dag.py:3486} INFO - Setting next_dagrun for example_subdag_operator.section-1 to None, run_after=None
[2025-06-25T01:45:26.035+0200] {logging_mixin.py:149} INFO - [2025-06-25T01:45:26.034+0200] {dag.py:3486} INFO - Setting next_dagrun for example_subdag_operator.section-2 to None, run_after=None
[2025-06-25T01:45:26.103+0200] {processor.py:179} INFO - Processing /home/atef/.local/lib/python3.9/site-packages/airflow/example_dags/example_subdag_operator.py took 0.676 seconds
[2025-06-25T01:46:45.197+0200] {processor.py:157} INFO - Started process (PID=187922) to work on /home/atef/.local/lib/python3.9/site-packages/airflow/example_dags/example_subdag_operator.py
[2025-06-25T01:46:45.202+0200] {processor.py:826} INFO - Processing file /home/atef/.local/lib/python3.9/site-packages/airflow/example_dags/example_subdag_operator.py for tasks to queue
[2025-06-25T01:46:45.205+0200] {logging_mixin.py:149} INFO - [2025-06-25T01:46:45.204+0200] {dagbag.py:541} INFO - Filling up the DagBag from /home/atef/.local/lib/python3.9/site-packages/airflow/example_dags/example_subdag_operator.py
[2025-06-25T01:46:45.291+0200] {processor.py:836} INFO - DAG(s) dict_keys(['example_subdag_operator.section-1', 'example_subdag_operator.section-2', 'example_subdag_operator']) retrieved from /home/atef/.local/lib/python3.9/site-packages/airflow/example_dags/example_subdag_operator.py
[2025-06-25T01:46:45.331+0200] {logging_mixin.py:149} INFO - [2025-06-25T01:46:45.331+0200] {dag.py:2726} INFO - Sync 3 DAGs
[2025-06-25T01:46:45.373+0200] {logging_mixin.py:149} INFO - [2025-06-25T01:46:45.372+0200] {dag.py:3486} INFO - Setting next_dagrun for example_subdag_operator to 2022-01-01T00:00:00+00:00, run_after=2022-01-01T00:00:00+00:00
[2025-06-25T01:46:45.379+0200] {logging_mixin.py:149} INFO - [2025-06-25T01:46:45.378+0200] {dag.py:3486} INFO - Setting next_dagrun for example_subdag_operator.section-1 to None, run_after=None
[2025-06-25T01:46:45.380+0200] {logging_mixin.py:149} INFO - [2025-06-25T01:46:45.380+0200] {dag.py:3486} INFO - Setting next_dagrun for example_subdag_operator.section-2 to None, run_after=None
[2025-06-25T01:46:45.395+0200] {logging_mixin.py:149} INFO - [2025-06-25T01:46:45.394+0200] {dag.py:2726} INFO - Sync 2 DAGs
[2025-06-25T01:46:45.401+0200] {logging_mixin.py:149} INFO - [2025-06-25T01:46:45.400+0200] {dag.py:3486} INFO - Setting next_dagrun for example_subdag_operator.section-1 to None, run_after=None
[2025-06-25T01:46:45.401+0200] {logging_mixin.py:149} INFO - [2025-06-25T01:46:45.401+0200] {dag.py:3486} INFO - Setting next_dagrun for example_subdag_operator.section-2 to None, run_after=None
[2025-06-25T01:46:45.425+0200] {processor.py:179} INFO - Processing /home/atef/.local/lib/python3.9/site-packages/airflow/example_dags/example_subdag_operator.py took 0.241 seconds
[2025-06-25T01:48:16.164+0200] {processor.py:157} INFO - Started process (PID=188571) to work on /home/atef/.local/lib/python3.9/site-packages/airflow/example_dags/example_subdag_operator.py
[2025-06-25T01:48:16.174+0200] {processor.py:826} INFO - Processing file /home/atef/.local/lib/python3.9/site-packages/airflow/example_dags/example_subdag_operator.py for tasks to queue
[2025-06-25T01:48:16.177+0200] {logging_mixin.py:149} INFO - [2025-06-25T01:48:16.177+0200] {dagbag.py:541} INFO - Filling up the DagBag from /home/atef/.local/lib/python3.9/site-packages/airflow/example_dags/example_subdag_operator.py
[2025-06-25T01:48:16.281+0200] {processor.py:836} INFO - DAG(s) dict_keys(['example_subdag_operator.section-1', 'example_subdag_operator.section-2', 'example_subdag_operator']) retrieved from /home/atef/.local/lib/python3.9/site-packages/airflow/example_dags/example_subdag_operator.py
[2025-06-25T01:48:16.363+0200] {logging_mixin.py:149} INFO - [2025-06-25T01:48:16.363+0200] {dag.py:2726} INFO - Sync 3 DAGs
[2025-06-25T01:48:16.450+0200] {logging_mixin.py:149} INFO - [2025-06-25T01:48:16.449+0200] {dag.py:3486} INFO - Setting next_dagrun for example_subdag_operator to 2022-01-01T00:00:00+00:00, run_after=2022-01-01T00:00:00+00:00
[2025-06-25T01:48:16.465+0200] {logging_mixin.py:149} INFO - [2025-06-25T01:48:16.464+0200] {dag.py:3486} INFO - Setting next_dagrun for example_subdag_operator.section-1 to None, run_after=None
[2025-06-25T01:48:16.470+0200] {logging_mixin.py:149} INFO - [2025-06-25T01:48:16.470+0200] {dag.py:3486} INFO - Setting next_dagrun for example_subdag_operator.section-2 to None, run_after=None
[2025-06-25T01:48:16.516+0200] {logging_mixin.py:149} INFO - [2025-06-25T01:48:16.515+0200] {dag.py:2726} INFO - Sync 2 DAGs
[2025-06-25T01:48:16.551+0200] {logging_mixin.py:149} INFO - [2025-06-25T01:48:16.550+0200] {dag.py:3486} INFO - Setting next_dagrun for example_subdag_operator.section-1 to None, run_after=None
[2025-06-25T01:48:16.555+0200] {logging_mixin.py:149} INFO - [2025-06-25T01:48:16.553+0200] {dag.py:3486} INFO - Setting next_dagrun for example_subdag_operator.section-2 to None, run_after=None
[2025-06-25T01:48:16.642+0200] {processor.py:179} INFO - Processing /home/atef/.local/lib/python3.9/site-packages/airflow/example_dags/example_subdag_operator.py took 0.499 seconds
[2025-06-25T01:49:27.692+0200] {processor.py:157} INFO - Started process (PID=189193) to work on /home/atef/.local/lib/python3.9/site-packages/airflow/example_dags/example_subdag_operator.py
[2025-06-25T01:49:27.702+0200] {processor.py:826} INFO - Processing file /home/atef/.local/lib/python3.9/site-packages/airflow/example_dags/example_subdag_operator.py for tasks to queue
[2025-06-25T01:49:27.704+0200] {logging_mixin.py:149} INFO - [2025-06-25T01:49:27.704+0200] {dagbag.py:541} INFO - Filling up the DagBag from /home/atef/.local/lib/python3.9/site-packages/airflow/example_dags/example_subdag_operator.py
[2025-06-25T01:49:27.807+0200] {processor.py:836} INFO - DAG(s) dict_keys(['example_subdag_operator.section-1', 'example_subdag_operator.section-2', 'example_subdag_operator']) retrieved from /home/atef/.local/lib/python3.9/site-packages/airflow/example_dags/example_subdag_operator.py
[2025-06-25T01:49:27.854+0200] {logging_mixin.py:149} INFO - [2025-06-25T01:49:27.854+0200] {dag.py:2726} INFO - Sync 3 DAGs
[2025-06-25T01:49:27.893+0200] {logging_mixin.py:149} INFO - [2025-06-25T01:49:27.893+0200] {dag.py:3486} INFO - Setting next_dagrun for example_subdag_operator to 2022-01-01T00:00:00+00:00, run_after=2022-01-01T00:00:00+00:00
[2025-06-25T01:49:27.900+0200] {logging_mixin.py:149} INFO - [2025-06-25T01:49:27.900+0200] {dag.py:3486} INFO - Setting next_dagrun for example_subdag_operator.section-1 to None, run_after=None
[2025-06-25T01:49:27.902+0200] {logging_mixin.py:149} INFO - [2025-06-25T01:49:27.901+0200] {dag.py:3486} INFO - Setting next_dagrun for example_subdag_operator.section-2 to None, run_after=None
[2025-06-25T01:49:27.917+0200] {logging_mixin.py:149} INFO - [2025-06-25T01:49:27.917+0200] {dag.py:2726} INFO - Sync 2 DAGs
[2025-06-25T01:49:27.924+0200] {logging_mixin.py:149} INFO - [2025-06-25T01:49:27.923+0200] {dag.py:3486} INFO - Setting next_dagrun for example_subdag_operator.section-1 to None, run_after=None
[2025-06-25T01:49:27.924+0200] {logging_mixin.py:149} INFO - [2025-06-25T01:49:27.924+0200] {dag.py:3486} INFO - Setting next_dagrun for example_subdag_operator.section-2 to None, run_after=None
[2025-06-25T01:49:27.950+0200] {processor.py:179} INFO - Processing /home/atef/.local/lib/python3.9/site-packages/airflow/example_dags/example_subdag_operator.py took 0.297 seconds
[2025-06-25T01:50:49.359+0200] {processor.py:157} INFO - Started process (PID=189585) to work on /home/atef/.local/lib/python3.9/site-packages/airflow/example_dags/example_subdag_operator.py
[2025-06-25T01:50:49.379+0200] {processor.py:826} INFO - Processing file /home/atef/.local/lib/python3.9/site-packages/airflow/example_dags/example_subdag_operator.py for tasks to queue
[2025-06-25T01:50:49.393+0200] {logging_mixin.py:149} INFO - [2025-06-25T01:50:49.390+0200] {dagbag.py:541} INFO - Filling up the DagBag from /home/atef/.local/lib/python3.9/site-packages/airflow/example_dags/example_subdag_operator.py
[2025-06-25T01:50:49.763+0200] {processor.py:836} INFO - DAG(s) dict_keys(['example_subdag_operator.section-1', 'example_subdag_operator.section-2', 'example_subdag_operator']) retrieved from /home/atef/.local/lib/python3.9/site-packages/airflow/example_dags/example_subdag_operator.py
[2025-06-25T01:50:49.886+0200] {logging_mixin.py:149} INFO - [2025-06-25T01:50:49.885+0200] {dag.py:2726} INFO - Sync 3 DAGs
[2025-06-25T01:50:49.976+0200] {logging_mixin.py:149} INFO - [2025-06-25T01:50:49.976+0200] {dag.py:3486} INFO - Setting next_dagrun for example_subdag_operator to 2022-01-01T00:00:00+00:00, run_after=2022-01-01T00:00:00+00:00
[2025-06-25T01:50:49.988+0200] {logging_mixin.py:149} INFO - [2025-06-25T01:50:49.986+0200] {dag.py:3486} INFO - Setting next_dagrun for example_subdag_operator.section-1 to None, run_after=None
[2025-06-25T01:50:49.990+0200] {logging_mixin.py:149} INFO - [2025-06-25T01:50:49.989+0200] {dag.py:3486} INFO - Setting next_dagrun for example_subdag_operator.section-2 to None, run_after=None
[2025-06-25T01:50:50.047+0200] {logging_mixin.py:149} INFO - [2025-06-25T01:50:50.044+0200] {dag.py:2726} INFO - Sync 2 DAGs
[2025-06-25T01:50:50.077+0200] {logging_mixin.py:149} INFO - [2025-06-25T01:50:50.077+0200] {dag.py:3486} INFO - Setting next_dagrun for example_subdag_operator.section-1 to None, run_after=None
[2025-06-25T01:50:50.080+0200] {logging_mixin.py:149} INFO - [2025-06-25T01:50:50.080+0200] {dag.py:3486} INFO - Setting next_dagrun for example_subdag_operator.section-2 to None, run_after=None
[2025-06-25T01:50:50.154+0200] {processor.py:179} INFO - Processing /home/atef/.local/lib/python3.9/site-packages/airflow/example_dags/example_subdag_operator.py took 0.905 seconds
[2025-06-25T01:52:21.993+0200] {processor.py:157} INFO - Started process (PID=189977) to work on /home/atef/.local/lib/python3.9/site-packages/airflow/example_dags/example_subdag_operator.py
[2025-06-25T01:52:22.000+0200] {processor.py:826} INFO - Processing file /home/atef/.local/lib/python3.9/site-packages/airflow/example_dags/example_subdag_operator.py for tasks to queue
[2025-06-25T01:52:22.002+0200] {logging_mixin.py:149} INFO - [2025-06-25T01:52:22.002+0200] {dagbag.py:541} INFO - Filling up the DagBag from /home/atef/.local/lib/python3.9/site-packages/airflow/example_dags/example_subdag_operator.py
[2025-06-25T01:52:22.093+0200] {processor.py:836} INFO - DAG(s) dict_keys(['example_subdag_operator.section-1', 'example_subdag_operator.section-2', 'example_subdag_operator']) retrieved from /home/atef/.local/lib/python3.9/site-packages/airflow/example_dags/example_subdag_operator.py
[2025-06-25T01:52:22.137+0200] {logging_mixin.py:149} INFO - [2025-06-25T01:52:22.137+0200] {dag.py:2726} INFO - Sync 3 DAGs
[2025-06-25T01:52:22.171+0200] {logging_mixin.py:149} INFO - [2025-06-25T01:52:22.171+0200] {dag.py:3486} INFO - Setting next_dagrun for example_subdag_operator to 2022-01-01T00:00:00+00:00, run_after=2022-01-01T00:00:00+00:00
[2025-06-25T01:52:22.176+0200] {logging_mixin.py:149} INFO - [2025-06-25T01:52:22.176+0200] {dag.py:3486} INFO - Setting next_dagrun for example_subdag_operator.section-1 to None, run_after=None
[2025-06-25T01:52:22.178+0200] {logging_mixin.py:149} INFO - [2025-06-25T01:52:22.178+0200] {dag.py:3486} INFO - Setting next_dagrun for example_subdag_operator.section-2 to None, run_after=None
[2025-06-25T01:52:22.196+0200] {logging_mixin.py:149} INFO - [2025-06-25T01:52:22.196+0200] {dag.py:2726} INFO - Sync 2 DAGs
[2025-06-25T01:52:22.202+0200] {logging_mixin.py:149} INFO - [2025-06-25T01:52:22.202+0200] {dag.py:3486} INFO - Setting next_dagrun for example_subdag_operator.section-1 to None, run_after=None
[2025-06-25T01:52:22.203+0200] {logging_mixin.py:149} INFO - [2025-06-25T01:52:22.203+0200] {dag.py:3486} INFO - Setting next_dagrun for example_subdag_operator.section-2 to None, run_after=None
[2025-06-25T01:52:22.223+0200] {processor.py:179} INFO - Processing /home/atef/.local/lib/python3.9/site-packages/airflow/example_dags/example_subdag_operator.py took 0.247 seconds
[2025-06-25T01:55:28.308+0200] {processor.py:157} INFO - Started process (PID=190861) to work on /home/atef/.local/lib/python3.9/site-packages/airflow/example_dags/example_subdag_operator.py
[2025-06-25T01:55:28.313+0200] {processor.py:826} INFO - Processing file /home/atef/.local/lib/python3.9/site-packages/airflow/example_dags/example_subdag_operator.py for tasks to queue
[2025-06-25T01:55:28.315+0200] {logging_mixin.py:149} INFO - [2025-06-25T01:55:28.315+0200] {dagbag.py:541} INFO - Filling up the DagBag from /home/atef/.local/lib/python3.9/site-packages/airflow/example_dags/example_subdag_operator.py
[2025-06-25T01:55:28.454+0200] {processor.py:836} INFO - DAG(s) dict_keys(['example_subdag_operator.section-1', 'example_subdag_operator.section-2', 'example_subdag_operator']) retrieved from /home/atef/.local/lib/python3.9/site-packages/airflow/example_dags/example_subdag_operator.py
[2025-06-25T01:55:28.540+0200] {logging_mixin.py:149} INFO - [2025-06-25T01:55:28.540+0200] {dag.py:2726} INFO - Sync 3 DAGs
[2025-06-25T01:55:28.584+0200] {logging_mixin.py:149} INFO - [2025-06-25T01:55:28.583+0200] {dag.py:3486} INFO - Setting next_dagrun for example_subdag_operator to 2022-01-01T00:00:00+00:00, run_after=2022-01-01T00:00:00+00:00
[2025-06-25T01:55:28.597+0200] {logging_mixin.py:149} INFO - [2025-06-25T01:55:28.597+0200] {dag.py:3486} INFO - Setting next_dagrun for example_subdag_operator.section-1 to None, run_after=None
[2025-06-25T01:55:28.599+0200] {logging_mixin.py:149} INFO - [2025-06-25T01:55:28.599+0200] {dag.py:3486} INFO - Setting next_dagrun for example_subdag_operator.section-2 to None, run_after=None
[2025-06-25T01:55:28.614+0200] {logging_mixin.py:149} INFO - [2025-06-25T01:55:28.614+0200] {dag.py:2726} INFO - Sync 2 DAGs
[2025-06-25T01:55:28.623+0200] {logging_mixin.py:149} INFO - [2025-06-25T01:55:28.623+0200] {dag.py:3486} INFO - Setting next_dagrun for example_subdag_operator.section-1 to None, run_after=None
[2025-06-25T01:55:28.624+0200] {logging_mixin.py:149} INFO - [2025-06-25T01:55:28.624+0200] {dag.py:3486} INFO - Setting next_dagrun for example_subdag_operator.section-2 to None, run_after=None
[2025-06-25T01:55:28.651+0200] {processor.py:179} INFO - Processing /home/atef/.local/lib/python3.9/site-packages/airflow/example_dags/example_subdag_operator.py took 0.360 seconds
[2025-06-25T01:56:38.160+0200] {processor.py:157} INFO - Started process (PID=191175) to work on /home/atef/.local/lib/python3.9/site-packages/airflow/example_dags/example_subdag_operator.py
[2025-06-25T01:56:38.167+0200] {processor.py:826} INFO - Processing file /home/atef/.local/lib/python3.9/site-packages/airflow/example_dags/example_subdag_operator.py for tasks to queue
[2025-06-25T01:56:38.171+0200] {logging_mixin.py:149} INFO - [2025-06-25T01:56:38.171+0200] {dagbag.py:541} INFO - Filling up the DagBag from /home/atef/.local/lib/python3.9/site-packages/airflow/example_dags/example_subdag_operator.py
[2025-06-25T01:56:38.313+0200] {processor.py:836} INFO - DAG(s) dict_keys(['example_subdag_operator.section-1', 'example_subdag_operator.section-2', 'example_subdag_operator']) retrieved from /home/atef/.local/lib/python3.9/site-packages/airflow/example_dags/example_subdag_operator.py
[2025-06-25T01:56:38.396+0200] {logging_mixin.py:149} INFO - [2025-06-25T01:56:38.396+0200] {dag.py:2726} INFO - Sync 3 DAGs
[2025-06-25T01:56:38.438+0200] {logging_mixin.py:149} INFO - [2025-06-25T01:56:38.438+0200] {dag.py:3486} INFO - Setting next_dagrun for example_subdag_operator to 2022-01-01T00:00:00+00:00, run_after=2022-01-01T00:00:00+00:00
[2025-06-25T01:56:38.445+0200] {logging_mixin.py:149} INFO - [2025-06-25T01:56:38.444+0200] {dag.py:3486} INFO - Setting next_dagrun for example_subdag_operator.section-1 to None, run_after=None
[2025-06-25T01:56:38.447+0200] {logging_mixin.py:149} INFO - [2025-06-25T01:56:38.446+0200] {dag.py:3486} INFO - Setting next_dagrun for example_subdag_operator.section-2 to None, run_after=None
[2025-06-25T01:56:38.462+0200] {logging_mixin.py:149} INFO - [2025-06-25T01:56:38.462+0200] {dag.py:2726} INFO - Sync 2 DAGs
[2025-06-25T01:56:38.475+0200] {logging_mixin.py:149} INFO - [2025-06-25T01:56:38.475+0200] {dag.py:3486} INFO - Setting next_dagrun for example_subdag_operator.section-1 to None, run_after=None
[2025-06-25T01:56:38.476+0200] {logging_mixin.py:149} INFO - [2025-06-25T01:56:38.476+0200] {dag.py:3486} INFO - Setting next_dagrun for example_subdag_operator.section-2 to None, run_after=None
[2025-06-25T01:56:38.499+0200] {processor.py:179} INFO - Processing /home/atef/.local/lib/python3.9/site-packages/airflow/example_dags/example_subdag_operator.py took 0.367 seconds
[2025-06-25T01:57:55.546+0200] {processor.py:157} INFO - Started process (PID=191605) to work on /home/atef/.local/lib/python3.9/site-packages/airflow/example_dags/example_subdag_operator.py
[2025-06-25T01:57:55.556+0200] {processor.py:826} INFO - Processing file /home/atef/.local/lib/python3.9/site-packages/airflow/example_dags/example_subdag_operator.py for tasks to queue
[2025-06-25T01:57:55.562+0200] {logging_mixin.py:149} INFO - [2025-06-25T01:57:55.562+0200] {dagbag.py:541} INFO - Filling up the DagBag from /home/atef/.local/lib/python3.9/site-packages/airflow/example_dags/example_subdag_operator.py
[2025-06-25T01:57:55.707+0200] {processor.py:836} INFO - DAG(s) dict_keys(['example_subdag_operator.section-1', 'example_subdag_operator.section-2', 'example_subdag_operator']) retrieved from /home/atef/.local/lib/python3.9/site-packages/airflow/example_dags/example_subdag_operator.py
[2025-06-25T01:57:55.843+0200] {logging_mixin.py:149} INFO - [2025-06-25T01:57:55.839+0200] {dag.py:2726} INFO - Sync 3 DAGs
[2025-06-25T01:57:55.990+0200] {logging_mixin.py:149} INFO - [2025-06-25T01:57:55.990+0200] {dag.py:3486} INFO - Setting next_dagrun for example_subdag_operator to 2022-01-01T00:00:00+00:00, run_after=2022-01-01T00:00:00+00:00
[2025-06-25T01:57:56.003+0200] {logging_mixin.py:149} INFO - [2025-06-25T01:57:56.003+0200] {dag.py:3486} INFO - Setting next_dagrun for example_subdag_operator.section-1 to None, run_after=None
[2025-06-25T01:57:56.009+0200] {logging_mixin.py:149} INFO - [2025-06-25T01:57:56.009+0200] {dag.py:3486} INFO - Setting next_dagrun for example_subdag_operator.section-2 to None, run_after=None
[2025-06-25T01:57:56.055+0200] {logging_mixin.py:149} INFO - [2025-06-25T01:57:56.054+0200] {dag.py:2726} INFO - Sync 2 DAGs
[2025-06-25T01:57:56.080+0200] {logging_mixin.py:149} INFO - [2025-06-25T01:57:56.080+0200] {dag.py:3486} INFO - Setting next_dagrun for example_subdag_operator.section-1 to None, run_after=None
[2025-06-25T01:57:56.083+0200] {logging_mixin.py:149} INFO - [2025-06-25T01:57:56.083+0200] {dag.py:3486} INFO - Setting next_dagrun for example_subdag_operator.section-2 to None, run_after=None
[2025-06-25T01:57:56.166+0200] {processor.py:179} INFO - Processing /home/atef/.local/lib/python3.9/site-packages/airflow/example_dags/example_subdag_operator.py took 0.647 seconds
