[2025-06-24T23:14:45.546+0200] {processor.py:157} INFO - Started process (PID=154786) to work on /home/atef/.local/lib/python3.9/site-packages/airflow/example_dags/example_trigger_controller_dag.py
[2025-06-24T23:14:45.551+0200] {processor.py:826} INFO - Processing file /home/atef/.local/lib/python3.9/site-packages/airflow/example_dags/example_trigger_controller_dag.py for tasks to queue
[2025-06-24T23:14:45.553+0200] {logging_mixin.py:149} INFO - [2025-06-24T23:14:45.553+0200] {dagbag.py:541} INFO - Filling up the DagBag from /home/atef/.local/lib/python3.9/site-packages/airflow/example_dags/example_trigger_controller_dag.py
[2025-06-24T23:14:45.575+0200] {processor.py:836} INFO - DAG(s) dict_keys(['example_trigger_controller_dag']) retrieved from /home/atef/.local/lib/python3.9/site-packages/airflow/example_dags/example_trigger_controller_dag.py
[2025-06-24T23:14:45.649+0200] {logging_mixin.py:149} INFO - [2025-06-24T23:14:45.649+0200] {dag.py:2726} INFO - Sync 1 DAGs
[2025-06-24T23:14:45.698+0200] {logging_mixin.py:149} INFO - [2025-06-24T23:14:45.698+0200] {dag.py:3486} INFO - Setting next_dagrun for example_trigger_controller_dag to 2021-01-01T00:00:00+00:00, run_after=2021-01-01T00:00:00+00:00
[2025-06-24T23:14:45.744+0200] {processor.py:179} INFO - Processing /home/atef/.local/lib/python3.9/site-packages/airflow/example_dags/example_trigger_controller_dag.py took 0.212 seconds
[2025-06-24T23:16:15.757+0200] {processor.py:157} INFO - Started process (PID=155104) to work on /home/atef/.local/lib/python3.9/site-packages/airflow/example_dags/example_trigger_controller_dag.py
[2025-06-24T23:16:15.761+0200] {processor.py:826} INFO - Processing file /home/atef/.local/lib/python3.9/site-packages/airflow/example_dags/example_trigger_controller_dag.py for tasks to queue
[2025-06-24T23:16:15.763+0200] {logging_mixin.py:149} INFO - [2025-06-24T23:16:15.763+0200] {dagbag.py:541} INFO - Filling up the DagBag from /home/atef/.local/lib/python3.9/site-packages/airflow/example_dags/example_trigger_controller_dag.py
[2025-06-24T23:16:15.782+0200] {processor.py:836} INFO - DAG(s) dict_keys(['example_trigger_controller_dag']) retrieved from /home/atef/.local/lib/python3.9/site-packages/airflow/example_dags/example_trigger_controller_dag.py
[2025-06-24T23:16:15.861+0200] {logging_mixin.py:149} INFO - [2025-06-24T23:16:15.861+0200] {dag.py:2726} INFO - Sync 1 DAGs
[2025-06-24T23:16:15.908+0200] {logging_mixin.py:149} INFO - [2025-06-24T23:16:15.908+0200] {dag.py:3486} INFO - Setting next_dagrun for example_trigger_controller_dag to 2021-01-01T00:00:00+00:00, run_after=2021-01-01T00:00:00+00:00
[2025-06-24T23:16:15.944+0200] {processor.py:179} INFO - Processing /home/atef/.local/lib/python3.9/site-packages/airflow/example_dags/example_trigger_controller_dag.py took 0.199 seconds
[2025-06-24T23:17:14.539+0200] {processor.py:157} INFO - Started process (PID=155237) to work on /home/atef/.local/lib/python3.9/site-packages/airflow/example_dags/example_trigger_controller_dag.py
[2025-06-24T23:17:14.544+0200] {processor.py:826} INFO - Processing file /home/atef/.local/lib/python3.9/site-packages/airflow/example_dags/example_trigger_controller_dag.py for tasks to queue
[2025-06-24T23:17:14.547+0200] {logging_mixin.py:149} INFO - [2025-06-24T23:17:14.546+0200] {dagbag.py:541} INFO - Filling up the DagBag from /home/atef/.local/lib/python3.9/site-packages/airflow/example_dags/example_trigger_controller_dag.py
[2025-06-24T23:17:14.570+0200] {processor.py:836} INFO - DAG(s) dict_keys(['example_trigger_controller_dag']) retrieved from /home/atef/.local/lib/python3.9/site-packages/airflow/example_dags/example_trigger_controller_dag.py
[2025-06-24T23:17:14.668+0200] {logging_mixin.py:149} INFO - [2025-06-24T23:17:14.667+0200] {dag.py:2726} INFO - Sync 1 DAGs
[2025-06-24T23:17:14.745+0200] {logging_mixin.py:149} INFO - [2025-06-24T23:17:14.744+0200] {dag.py:3486} INFO - Setting next_dagrun for example_trigger_controller_dag to 2021-01-01T00:00:00+00:00, run_after=2021-01-01T00:00:00+00:00
[2025-06-24T23:17:14.819+0200] {processor.py:179} INFO - Processing /home/atef/.local/lib/python3.9/site-packages/airflow/example_dags/example_trigger_controller_dag.py took 0.298 seconds
[2025-06-24T23:18:39.149+0200] {processor.py:157} INFO - Started process (PID=155657) to work on /home/atef/.local/lib/python3.9/site-packages/airflow/example_dags/example_trigger_controller_dag.py
[2025-06-24T23:18:39.179+0200] {processor.py:826} INFO - Processing file /home/atef/.local/lib/python3.9/site-packages/airflow/example_dags/example_trigger_controller_dag.py for tasks to queue
[2025-06-24T23:18:39.188+0200] {logging_mixin.py:149} INFO - [2025-06-24T23:18:39.187+0200] {dagbag.py:541} INFO - Filling up the DagBag from /home/atef/.local/lib/python3.9/site-packages/airflow/example_dags/example_trigger_controller_dag.py
[2025-06-24T23:18:39.288+0200] {processor.py:836} INFO - DAG(s) dict_keys(['example_trigger_controller_dag']) retrieved from /home/atef/.local/lib/python3.9/site-packages/airflow/example_dags/example_trigger_controller_dag.py
[2025-06-24T23:18:39.854+0200] {logging_mixin.py:149} INFO - [2025-06-24T23:18:39.848+0200] {dag.py:2726} INFO - Sync 1 DAGs
[2025-06-24T23:18:40.115+0200] {logging_mixin.py:149} INFO - [2025-06-24T23:18:40.114+0200] {dag.py:3486} INFO - Setting next_dagrun for example_trigger_controller_dag to 2021-01-01T00:00:00+00:00, run_after=2021-01-01T00:00:00+00:00
[2025-06-24T23:18:40.353+0200] {processor.py:179} INFO - Processing /home/atef/.local/lib/python3.9/site-packages/airflow/example_dags/example_trigger_controller_dag.py took 1.306 seconds
[2025-06-25T01:10:56.614+0200] {processor.py:157} INFO - Started process (PID=172588) to work on /home/atef/.local/lib/python3.9/site-packages/airflow/example_dags/example_trigger_controller_dag.py
[2025-06-25T01:10:56.659+0200] {processor.py:826} INFO - Processing file /home/atef/.local/lib/python3.9/site-packages/airflow/example_dags/example_trigger_controller_dag.py for tasks to queue
[2025-06-25T01:10:56.676+0200] {logging_mixin.py:149} INFO - [2025-06-25T01:10:56.675+0200] {dagbag.py:541} INFO - Filling up the DagBag from /home/atef/.local/lib/python3.9/site-packages/airflow/example_dags/example_trigger_controller_dag.py
[2025-06-25T01:10:57.038+0200] {processor.py:836} INFO - DAG(s) dict_keys(['example_trigger_controller_dag']) retrieved from /home/atef/.local/lib/python3.9/site-packages/airflow/example_dags/example_trigger_controller_dag.py
[2025-06-25T01:10:58.092+0200] {logging_mixin.py:149} INFO - [2025-06-25T01:10:58.092+0200] {dag.py:2726} INFO - Sync 1 DAGs
[2025-06-25T01:10:58.208+0200] {logging_mixin.py:149} INFO - [2025-06-25T01:10:58.208+0200] {dag.py:3486} INFO - Setting next_dagrun for example_trigger_controller_dag to 2021-01-01T00:00:00+00:00, run_after=2021-01-01T00:00:00+00:00
[2025-06-25T01:10:58.305+0200] {processor.py:179} INFO - Processing /home/atef/.local/lib/python3.9/site-packages/airflow/example_dags/example_trigger_controller_dag.py took 1.843 seconds
[2025-06-25T01:17:27.826+0200] {processor.py:157} INFO - Started process (PID=174583) to work on /home/atef/.local/lib/python3.9/site-packages/airflow/example_dags/example_trigger_controller_dag.py
[2025-06-25T01:17:27.858+0200] {processor.py:826} INFO - Processing file /home/atef/.local/lib/python3.9/site-packages/airflow/example_dags/example_trigger_controller_dag.py for tasks to queue
[2025-06-25T01:17:27.868+0200] {logging_mixin.py:149} INFO - [2025-06-25T01:17:27.868+0200] {dagbag.py:541} INFO - Filling up the DagBag from /home/atef/.local/lib/python3.9/site-packages/airflow/example_dags/example_trigger_controller_dag.py
[2025-06-25T01:17:28.067+0200] {processor.py:836} INFO - DAG(s) dict_keys(['example_trigger_controller_dag']) retrieved from /home/atef/.local/lib/python3.9/site-packages/airflow/example_dags/example_trigger_controller_dag.py
[2025-06-25T01:17:28.546+0200] {logging_mixin.py:149} INFO - [2025-06-25T01:17:28.546+0200] {dag.py:2726} INFO - Sync 1 DAGs
[2025-06-25T01:17:29.328+0200] {logging_mixin.py:149} INFO - [2025-06-25T01:17:29.327+0200] {dag.py:3486} INFO - Setting next_dagrun for example_trigger_controller_dag to 2021-01-01T00:00:00+00:00, run_after=2021-01-01T00:00:00+00:00
[2025-06-25T01:17:30.148+0200] {processor.py:179} INFO - Processing /home/atef/.local/lib/python3.9/site-packages/airflow/example_dags/example_trigger_controller_dag.py took 2.450 seconds
[2025-06-25T01:19:17.209+0200] {processor.py:157} INFO - Started process (PID=175541) to work on /home/atef/.local/lib/python3.9/site-packages/airflow/example_dags/example_trigger_controller_dag.py
[2025-06-25T01:19:17.258+0200] {processor.py:826} INFO - Processing file /home/atef/.local/lib/python3.9/site-packages/airflow/example_dags/example_trigger_controller_dag.py for tasks to queue
[2025-06-25T01:19:17.269+0200] {logging_mixin.py:149} INFO - [2025-06-25T01:19:17.268+0200] {dagbag.py:541} INFO - Filling up the DagBag from /home/atef/.local/lib/python3.9/site-packages/airflow/example_dags/example_trigger_controller_dag.py
[2025-06-25T01:19:17.672+0200] {processor.py:836} INFO - DAG(s) dict_keys(['example_trigger_controller_dag']) retrieved from /home/atef/.local/lib/python3.9/site-packages/airflow/example_dags/example_trigger_controller_dag.py
[2025-06-25T01:19:17.988+0200] {logging_mixin.py:149} INFO - [2025-06-25T01:19:17.985+0200] {dag.py:2726} INFO - Sync 1 DAGs
[2025-06-25T01:19:18.196+0200] {logging_mixin.py:149} INFO - [2025-06-25T01:19:18.193+0200] {dag.py:3486} INFO - Setting next_dagrun for example_trigger_controller_dag to 2021-01-01T00:00:00+00:00, run_after=2021-01-01T00:00:00+00:00
[2025-06-25T01:19:18.511+0200] {processor.py:179} INFO - Processing /home/atef/.local/lib/python3.9/site-packages/airflow/example_dags/example_trigger_controller_dag.py took 1.387 seconds
[2025-06-25T01:20:07.407+0200] {processor.py:157} INFO - Started process (PID=175814) to work on /home/atef/.local/lib/python3.9/site-packages/airflow/example_dags/example_trigger_controller_dag.py
[2025-06-25T01:20:07.479+0200] {processor.py:826} INFO - Processing file /home/atef/.local/lib/python3.9/site-packages/airflow/example_dags/example_trigger_controller_dag.py for tasks to queue
[2025-06-25T01:20:07.504+0200] {logging_mixin.py:149} INFO - [2025-06-25T01:20:07.504+0200] {dagbag.py:541} INFO - Filling up the DagBag from /home/atef/.local/lib/python3.9/site-packages/airflow/example_dags/example_trigger_controller_dag.py
[2025-06-25T01:20:07.695+0200] {processor.py:836} INFO - DAG(s) dict_keys(['example_trigger_controller_dag']) retrieved from /home/atef/.local/lib/python3.9/site-packages/airflow/example_dags/example_trigger_controller_dag.py
[2025-06-25T01:20:08.025+0200] {logging_mixin.py:149} INFO - [2025-06-25T01:20:08.024+0200] {dag.py:2726} INFO - Sync 1 DAGs
[2025-06-25T01:20:08.185+0200] {logging_mixin.py:149} INFO - [2025-06-25T01:20:08.185+0200] {dag.py:3486} INFO - Setting next_dagrun for example_trigger_controller_dag to 2021-01-01T00:00:00+00:00, run_after=2021-01-01T00:00:00+00:00
[2025-06-25T01:20:08.368+0200] {processor.py:179} INFO - Processing /home/atef/.local/lib/python3.9/site-packages/airflow/example_dags/example_trigger_controller_dag.py took 1.116 seconds
[2025-06-25T01:21:57.112+0200] {processor.py:157} INFO - Started process (PID=176978) to work on /home/atef/.local/lib/python3.9/site-packages/airflow/example_dags/example_trigger_controller_dag.py
[2025-06-25T01:21:57.123+0200] {processor.py:826} INFO - Processing file /home/atef/.local/lib/python3.9/site-packages/airflow/example_dags/example_trigger_controller_dag.py for tasks to queue
[2025-06-25T01:21:57.126+0200] {logging_mixin.py:149} INFO - [2025-06-25T01:21:57.126+0200] {dagbag.py:541} INFO - Filling up the DagBag from /home/atef/.local/lib/python3.9/site-packages/airflow/example_dags/example_trigger_controller_dag.py
[2025-06-25T01:21:57.177+0200] {processor.py:836} INFO - DAG(s) dict_keys(['example_trigger_controller_dag']) retrieved from /home/atef/.local/lib/python3.9/site-packages/airflow/example_dags/example_trigger_controller_dag.py
[2025-06-25T01:21:57.424+0200] {logging_mixin.py:149} INFO - [2025-06-25T01:21:57.424+0200] {dag.py:2726} INFO - Sync 1 DAGs
[2025-06-25T01:21:57.651+0200] {logging_mixin.py:149} INFO - [2025-06-25T01:21:57.651+0200] {dag.py:3486} INFO - Setting next_dagrun for example_trigger_controller_dag to 2021-01-01T00:00:00+00:00, run_after=2021-01-01T00:00:00+00:00
[2025-06-25T01:21:57.812+0200] {processor.py:179} INFO - Processing /home/atef/.local/lib/python3.9/site-packages/airflow/example_dags/example_trigger_controller_dag.py took 0.752 seconds
[2025-06-25T01:23:02.042+0200] {processor.py:157} INFO - Started process (PID=177149) to work on /home/atef/.local/lib/python3.9/site-packages/airflow/example_dags/example_trigger_controller_dag.py
[2025-06-25T01:23:02.050+0200] {processor.py:826} INFO - Processing file /home/atef/.local/lib/python3.9/site-packages/airflow/example_dags/example_trigger_controller_dag.py for tasks to queue
[2025-06-25T01:23:02.053+0200] {logging_mixin.py:149} INFO - [2025-06-25T01:23:02.053+0200] {dagbag.py:541} INFO - Filling up the DagBag from /home/atef/.local/lib/python3.9/site-packages/airflow/example_dags/example_trigger_controller_dag.py
[2025-06-25T01:23:02.094+0200] {processor.py:836} INFO - DAG(s) dict_keys(['example_trigger_controller_dag']) retrieved from /home/atef/.local/lib/python3.9/site-packages/airflow/example_dags/example_trigger_controller_dag.py
[2025-06-25T01:23:02.275+0200] {logging_mixin.py:149} INFO - [2025-06-25T01:23:02.274+0200] {dag.py:2726} INFO - Sync 1 DAGs
[2025-06-25T01:23:02.325+0200] {logging_mixin.py:149} INFO - [2025-06-25T01:23:02.324+0200] {dag.py:3486} INFO - Setting next_dagrun for example_trigger_controller_dag to 2021-01-01T00:00:00+00:00, run_after=2021-01-01T00:00:00+00:00
[2025-06-25T01:23:02.368+0200] {processor.py:179} INFO - Processing /home/atef/.local/lib/python3.9/site-packages/airflow/example_dags/example_trigger_controller_dag.py took 0.344 seconds
[2025-06-25T01:25:00.715+0200] {processor.py:157} INFO - Started process (PID=178178) to work on /home/atef/.local/lib/python3.9/site-packages/airflow/example_dags/example_trigger_controller_dag.py
[2025-06-25T01:25:00.807+0200] {processor.py:826} INFO - Processing file /home/atef/.local/lib/python3.9/site-packages/airflow/example_dags/example_trigger_controller_dag.py for tasks to queue
[2025-06-25T01:25:00.833+0200] {logging_mixin.py:149} INFO - [2025-06-25T01:25:00.832+0200] {dagbag.py:541} INFO - Filling up the DagBag from /home/atef/.local/lib/python3.9/site-packages/airflow/example_dags/example_trigger_controller_dag.py
[2025-06-25T01:25:01.045+0200] {processor.py:836} INFO - DAG(s) dict_keys(['example_trigger_controller_dag']) retrieved from /home/atef/.local/lib/python3.9/site-packages/airflow/example_dags/example_trigger_controller_dag.py
[2025-06-25T01:25:01.684+0200] {logging_mixin.py:149} INFO - [2025-06-25T01:25:01.683+0200] {dag.py:2726} INFO - Sync 1 DAGs
[2025-06-25T01:25:02.006+0200] {logging_mixin.py:149} INFO - [2025-06-25T01:25:01.999+0200] {dag.py:3486} INFO - Setting next_dagrun for example_trigger_controller_dag to 2021-01-01T00:00:00+00:00, run_after=2021-01-01T00:00:00+00:00
[2025-06-25T01:25:02.228+0200] {processor.py:179} INFO - Processing /home/atef/.local/lib/python3.9/site-packages/airflow/example_dags/example_trigger_controller_dag.py took 2.501 seconds
[2025-06-25T01:26:10.748+0200] {processor.py:157} INFO - Started process (PID=178647) to work on /home/atef/.local/lib/python3.9/site-packages/airflow/example_dags/example_trigger_controller_dag.py
[2025-06-25T01:26:10.752+0200] {processor.py:826} INFO - Processing file /home/atef/.local/lib/python3.9/site-packages/airflow/example_dags/example_trigger_controller_dag.py for tasks to queue
[2025-06-25T01:26:10.756+0200] {logging_mixin.py:149} INFO - [2025-06-25T01:26:10.755+0200] {dagbag.py:541} INFO - Filling up the DagBag from /home/atef/.local/lib/python3.9/site-packages/airflow/example_dags/example_trigger_controller_dag.py
[2025-06-25T01:26:10.775+0200] {processor.py:836} INFO - DAG(s) dict_keys(['example_trigger_controller_dag']) retrieved from /home/atef/.local/lib/python3.9/site-packages/airflow/example_dags/example_trigger_controller_dag.py
[2025-06-25T01:26:10.850+0200] {logging_mixin.py:149} INFO - [2025-06-25T01:26:10.849+0200] {dag.py:2726} INFO - Sync 1 DAGs
[2025-06-25T01:26:10.897+0200] {logging_mixin.py:149} INFO - [2025-06-25T01:26:10.897+0200] {dag.py:3486} INFO - Setting next_dagrun for example_trigger_controller_dag to 2021-01-01T00:00:00+00:00, run_after=2021-01-01T00:00:00+00:00
[2025-06-25T01:26:10.947+0200] {processor.py:179} INFO - Processing /home/atef/.local/lib/python3.9/site-packages/airflow/example_dags/example_trigger_controller_dag.py took 0.214 seconds
[2025-06-25T01:27:13.419+0200] {processor.py:157} INFO - Started process (PID=179107) to work on /home/atef/.local/lib/python3.9/site-packages/airflow/example_dags/example_trigger_controller_dag.py
[2025-06-25T01:27:13.424+0200] {processor.py:826} INFO - Processing file /home/atef/.local/lib/python3.9/site-packages/airflow/example_dags/example_trigger_controller_dag.py for tasks to queue
[2025-06-25T01:27:13.426+0200] {logging_mixin.py:149} INFO - [2025-06-25T01:27:13.425+0200] {dagbag.py:541} INFO - Filling up the DagBag from /home/atef/.local/lib/python3.9/site-packages/airflow/example_dags/example_trigger_controller_dag.py
[2025-06-25T01:27:13.446+0200] {processor.py:836} INFO - DAG(s) dict_keys(['example_trigger_controller_dag']) retrieved from /home/atef/.local/lib/python3.9/site-packages/airflow/example_dags/example_trigger_controller_dag.py
[2025-06-25T01:27:13.517+0200] {logging_mixin.py:149} INFO - [2025-06-25T01:27:13.516+0200] {dag.py:2726} INFO - Sync 1 DAGs
[2025-06-25T01:27:13.558+0200] {logging_mixin.py:149} INFO - [2025-06-25T01:27:13.558+0200] {dag.py:3486} INFO - Setting next_dagrun for example_trigger_controller_dag to 2021-01-01T00:00:00+00:00, run_after=2021-01-01T00:00:00+00:00
[2025-06-25T01:27:13.606+0200] {processor.py:179} INFO - Processing /home/atef/.local/lib/python3.9/site-packages/airflow/example_dags/example_trigger_controller_dag.py took 0.201 seconds
[2025-06-25T01:29:03.284+0200] {processor.py:157} INFO - Started process (PID=180077) to work on /home/atef/.local/lib/python3.9/site-packages/airflow/example_dags/example_trigger_controller_dag.py
[2025-06-25T01:29:03.292+0200] {processor.py:826} INFO - Processing file /home/atef/.local/lib/python3.9/site-packages/airflow/example_dags/example_trigger_controller_dag.py for tasks to queue
[2025-06-25T01:29:03.295+0200] {logging_mixin.py:149} INFO - [2025-06-25T01:29:03.295+0200] {dagbag.py:541} INFO - Filling up the DagBag from /home/atef/.local/lib/python3.9/site-packages/airflow/example_dags/example_trigger_controller_dag.py
[2025-06-25T01:29:03.313+0200] {processor.py:836} INFO - DAG(s) dict_keys(['example_trigger_controller_dag']) retrieved from /home/atef/.local/lib/python3.9/site-packages/airflow/example_dags/example_trigger_controller_dag.py
[2025-06-25T01:29:03.388+0200] {logging_mixin.py:149} INFO - [2025-06-25T01:29:03.388+0200] {dag.py:2726} INFO - Sync 1 DAGs
[2025-06-25T01:29:03.431+0200] {logging_mixin.py:149} INFO - [2025-06-25T01:29:03.430+0200] {dag.py:3486} INFO - Setting next_dagrun for example_trigger_controller_dag to 2021-01-01T00:00:00+00:00, run_after=2021-01-01T00:00:00+00:00
[2025-06-25T01:29:03.469+0200] {processor.py:179} INFO - Processing /home/atef/.local/lib/python3.9/site-packages/airflow/example_dags/example_trigger_controller_dag.py took 0.200 seconds
[2025-06-25T01:30:10.425+0200] {processor.py:157} INFO - Started process (PID=180448) to work on /home/atef/.local/lib/python3.9/site-packages/airflow/example_dags/example_trigger_controller_dag.py
[2025-06-25T01:30:10.432+0200] {processor.py:826} INFO - Processing file /home/atef/.local/lib/python3.9/site-packages/airflow/example_dags/example_trigger_controller_dag.py for tasks to queue
[2025-06-25T01:30:10.435+0200] {logging_mixin.py:149} INFO - [2025-06-25T01:30:10.435+0200] {dagbag.py:541} INFO - Filling up the DagBag from /home/atef/.local/lib/python3.9/site-packages/airflow/example_dags/example_trigger_controller_dag.py
[2025-06-25T01:30:10.461+0200] {processor.py:836} INFO - DAG(s) dict_keys(['example_trigger_controller_dag']) retrieved from /home/atef/.local/lib/python3.9/site-packages/airflow/example_dags/example_trigger_controller_dag.py
[2025-06-25T01:30:10.589+0200] {logging_mixin.py:149} INFO - [2025-06-25T01:30:10.589+0200] {dag.py:2726} INFO - Sync 1 DAGs
[2025-06-25T01:30:10.688+0200] {logging_mixin.py:149} INFO - [2025-06-25T01:30:10.687+0200] {dag.py:3486} INFO - Setting next_dagrun for example_trigger_controller_dag to 2021-01-01T00:00:00+00:00, run_after=2021-01-01T00:00:00+00:00
[2025-06-25T01:30:10.767+0200] {processor.py:179} INFO - Processing /home/atef/.local/lib/python3.9/site-packages/airflow/example_dags/example_trigger_controller_dag.py took 0.361 seconds
[2025-06-25T01:31:07.179+0200] {processor.py:157} INFO - Started process (PID=181123) to work on /home/atef/.local/lib/python3.9/site-packages/airflow/example_dags/example_trigger_controller_dag.py
[2025-06-25T01:31:07.196+0200] {processor.py:826} INFO - Processing file /home/atef/.local/lib/python3.9/site-packages/airflow/example_dags/example_trigger_controller_dag.py for tasks to queue
[2025-06-25T01:31:07.198+0200] {logging_mixin.py:149} INFO - [2025-06-25T01:31:07.198+0200] {dagbag.py:541} INFO - Filling up the DagBag from /home/atef/.local/lib/python3.9/site-packages/airflow/example_dags/example_trigger_controller_dag.py
[2025-06-25T01:31:07.287+0200] {processor.py:836} INFO - DAG(s) dict_keys(['example_trigger_controller_dag']) retrieved from /home/atef/.local/lib/python3.9/site-packages/airflow/example_dags/example_trigger_controller_dag.py
[2025-06-25T01:31:07.472+0200] {logging_mixin.py:149} INFO - [2025-06-25T01:31:07.471+0200] {dag.py:2726} INFO - Sync 1 DAGs
[2025-06-25T01:31:07.604+0200] {logging_mixin.py:149} INFO - [2025-06-25T01:31:07.604+0200] {dag.py:3486} INFO - Setting next_dagrun for example_trigger_controller_dag to 2021-01-01T00:00:00+00:00, run_after=2021-01-01T00:00:00+00:00
[2025-06-25T01:31:07.740+0200] {processor.py:179} INFO - Processing /home/atef/.local/lib/python3.9/site-packages/airflow/example_dags/example_trigger_controller_dag.py took 0.617 seconds
[2025-06-25T01:32:22.122+0200] {processor.py:157} INFO - Started process (PID=181407) to work on /home/atef/.local/lib/python3.9/site-packages/airflow/example_dags/example_trigger_controller_dag.py
[2025-06-25T01:32:22.126+0200] {processor.py:826} INFO - Processing file /home/atef/.local/lib/python3.9/site-packages/airflow/example_dags/example_trigger_controller_dag.py for tasks to queue
[2025-06-25T01:32:22.128+0200] {logging_mixin.py:149} INFO - [2025-06-25T01:32:22.128+0200] {dagbag.py:541} INFO - Filling up the DagBag from /home/atef/.local/lib/python3.9/site-packages/airflow/example_dags/example_trigger_controller_dag.py
[2025-06-25T01:32:22.150+0200] {processor.py:836} INFO - DAG(s) dict_keys(['example_trigger_controller_dag']) retrieved from /home/atef/.local/lib/python3.9/site-packages/airflow/example_dags/example_trigger_controller_dag.py
[2025-06-25T01:32:22.307+0200] {logging_mixin.py:149} INFO - [2025-06-25T01:32:22.307+0200] {dag.py:2726} INFO - Sync 1 DAGs
[2025-06-25T01:32:22.396+0200] {logging_mixin.py:149} INFO - [2025-06-25T01:32:22.396+0200] {dag.py:3486} INFO - Setting next_dagrun for example_trigger_controller_dag to 2021-01-01T00:00:00+00:00, run_after=2021-01-01T00:00:00+00:00
[2025-06-25T01:32:22.448+0200] {processor.py:179} INFO - Processing /home/atef/.local/lib/python3.9/site-packages/airflow/example_dags/example_trigger_controller_dag.py took 0.340 seconds
[2025-06-25T01:34:11.628+0200] {processor.py:157} INFO - Started process (PID=182021) to work on /home/atef/.local/lib/python3.9/site-packages/airflow/example_dags/example_trigger_controller_dag.py
[2025-06-25T01:34:11.642+0200] {processor.py:826} INFO - Processing file /home/atef/.local/lib/python3.9/site-packages/airflow/example_dags/example_trigger_controller_dag.py for tasks to queue
[2025-06-25T01:34:11.654+0200] {logging_mixin.py:149} INFO - [2025-06-25T01:34:11.654+0200] {dagbag.py:541} INFO - Filling up the DagBag from /home/atef/.local/lib/python3.9/site-packages/airflow/example_dags/example_trigger_controller_dag.py
[2025-06-25T01:34:11.720+0200] {processor.py:836} INFO - DAG(s) dict_keys(['example_trigger_controller_dag']) retrieved from /home/atef/.local/lib/python3.9/site-packages/airflow/example_dags/example_trigger_controller_dag.py
[2025-06-25T01:34:12.358+0200] {logging_mixin.py:149} INFO - [2025-06-25T01:34:12.357+0200] {dag.py:2726} INFO - Sync 1 DAGs
[2025-06-25T01:34:12.823+0200] {logging_mixin.py:149} INFO - [2025-06-25T01:34:12.821+0200] {dag.py:3486} INFO - Setting next_dagrun for example_trigger_controller_dag to 2021-01-01T00:00:00+00:00, run_after=2021-01-01T00:00:00+00:00
[2025-06-25T01:34:13.111+0200] {processor.py:179} INFO - Processing /home/atef/.local/lib/python3.9/site-packages/airflow/example_dags/example_trigger_controller_dag.py took 1.538 seconds
[2025-06-25T01:35:24.080+0200] {processor.py:157} INFO - Started process (PID=182301) to work on /home/atef/.local/lib/python3.9/site-packages/airflow/example_dags/example_trigger_controller_dag.py
[2025-06-25T01:35:24.113+0200] {processor.py:826} INFO - Processing file /home/atef/.local/lib/python3.9/site-packages/airflow/example_dags/example_trigger_controller_dag.py for tasks to queue
[2025-06-25T01:35:24.133+0200] {logging_mixin.py:149} INFO - [2025-06-25T01:35:24.128+0200] {dagbag.py:541} INFO - Filling up the DagBag from /home/atef/.local/lib/python3.9/site-packages/airflow/example_dags/example_trigger_controller_dag.py
[2025-06-25T01:35:24.299+0200] {processor.py:836} INFO - DAG(s) dict_keys(['example_trigger_controller_dag']) retrieved from /home/atef/.local/lib/python3.9/site-packages/airflow/example_dags/example_trigger_controller_dag.py
[2025-06-25T01:35:25.248+0200] {logging_mixin.py:149} INFO - [2025-06-25T01:35:25.242+0200] {dag.py:2726} INFO - Sync 1 DAGs
[2025-06-25T01:35:25.991+0200] {logging_mixin.py:149} INFO - [2025-06-25T01:35:25.990+0200] {dag.py:3486} INFO - Setting next_dagrun for example_trigger_controller_dag to 2021-01-01T00:00:00+00:00, run_after=2021-01-01T00:00:00+00:00
[2025-06-25T01:35:27.086+0200] {processor.py:179} INFO - Processing /home/atef/.local/lib/python3.9/site-packages/airflow/example_dags/example_trigger_controller_dag.py took 3.193 seconds
[2025-06-25T01:37:33.579+0200] {processor.py:157} INFO - Started process (PID=183096) to work on /home/atef/.local/lib/python3.9/site-packages/airflow/example_dags/example_trigger_controller_dag.py
[2025-06-25T01:37:33.595+0200] {processor.py:826} INFO - Processing file /home/atef/.local/lib/python3.9/site-packages/airflow/example_dags/example_trigger_controller_dag.py for tasks to queue
[2025-06-25T01:37:33.607+0200] {logging_mixin.py:149} INFO - [2025-06-25T01:37:33.605+0200] {dagbag.py:541} INFO - Filling up the DagBag from /home/atef/.local/lib/python3.9/site-packages/airflow/example_dags/example_trigger_controller_dag.py
[2025-06-25T01:37:33.713+0200] {processor.py:836} INFO - DAG(s) dict_keys(['example_trigger_controller_dag']) retrieved from /home/atef/.local/lib/python3.9/site-packages/airflow/example_dags/example_trigger_controller_dag.py
[2025-06-25T01:37:33.875+0200] {logging_mixin.py:149} INFO - [2025-06-25T01:37:33.875+0200] {dag.py:2726} INFO - Sync 1 DAGs
[2025-06-25T01:37:33.989+0200] {logging_mixin.py:149} INFO - [2025-06-25T01:37:33.983+0200] {dag.py:3486} INFO - Setting next_dagrun for example_trigger_controller_dag to 2021-01-01T00:00:00+00:00, run_after=2021-01-01T00:00:00+00:00
[2025-06-25T01:37:34.103+0200] {processor.py:179} INFO - Processing /home/atef/.local/lib/python3.9/site-packages/airflow/example_dags/example_trigger_controller_dag.py took 0.573 seconds
[2025-06-25T01:39:00.472+0200] {processor.py:157} INFO - Started process (PID=183644) to work on /home/atef/.local/lib/python3.9/site-packages/airflow/example_dags/example_trigger_controller_dag.py
[2025-06-25T01:39:00.479+0200] {processor.py:826} INFO - Processing file /home/atef/.local/lib/python3.9/site-packages/airflow/example_dags/example_trigger_controller_dag.py for tasks to queue
[2025-06-25T01:39:00.483+0200] {logging_mixin.py:149} INFO - [2025-06-25T01:39:00.482+0200] {dagbag.py:541} INFO - Filling up the DagBag from /home/atef/.local/lib/python3.9/site-packages/airflow/example_dags/example_trigger_controller_dag.py
[2025-06-25T01:39:00.510+0200] {processor.py:836} INFO - DAG(s) dict_keys(['example_trigger_controller_dag']) retrieved from /home/atef/.local/lib/python3.9/site-packages/airflow/example_dags/example_trigger_controller_dag.py
[2025-06-25T01:39:00.621+0200] {logging_mixin.py:149} INFO - [2025-06-25T01:39:00.621+0200] {dag.py:2726} INFO - Sync 1 DAGs
[2025-06-25T01:39:00.687+0200] {logging_mixin.py:149} INFO - [2025-06-25T01:39:00.686+0200] {dag.py:3486} INFO - Setting next_dagrun for example_trigger_controller_dag to 2021-01-01T00:00:00+00:00, run_after=2021-01-01T00:00:00+00:00
[2025-06-25T01:39:00.737+0200] {processor.py:179} INFO - Processing /home/atef/.local/lib/python3.9/site-packages/airflow/example_dags/example_trigger_controller_dag.py took 0.287 seconds
[2025-06-25T01:40:13.362+0200] {processor.py:157} INFO - Started process (PID=183838) to work on /home/atef/.local/lib/python3.9/site-packages/airflow/example_dags/example_trigger_controller_dag.py
[2025-06-25T01:40:13.369+0200] {processor.py:826} INFO - Processing file /home/atef/.local/lib/python3.9/site-packages/airflow/example_dags/example_trigger_controller_dag.py for tasks to queue
[2025-06-25T01:40:13.374+0200] {logging_mixin.py:149} INFO - [2025-06-25T01:40:13.373+0200] {dagbag.py:541} INFO - Filling up the DagBag from /home/atef/.local/lib/python3.9/site-packages/airflow/example_dags/example_trigger_controller_dag.py
[2025-06-25T01:40:13.410+0200] {processor.py:836} INFO - DAG(s) dict_keys(['example_trigger_controller_dag']) retrieved from /home/atef/.local/lib/python3.9/site-packages/airflow/example_dags/example_trigger_controller_dag.py
[2025-06-25T01:40:13.536+0200] {logging_mixin.py:149} INFO - [2025-06-25T01:40:13.536+0200] {dag.py:2726} INFO - Sync 1 DAGs
[2025-06-25T01:40:13.635+0200] {logging_mixin.py:149} INFO - [2025-06-25T01:40:13.635+0200] {dag.py:3486} INFO - Setting next_dagrun for example_trigger_controller_dag to 2021-01-01T00:00:00+00:00, run_after=2021-01-01T00:00:00+00:00
[2025-06-25T01:40:13.778+0200] {processor.py:179} INFO - Processing /home/atef/.local/lib/python3.9/site-packages/airflow/example_dags/example_trigger_controller_dag.py took 0.451 seconds
[2025-06-25T01:45:19.078+0200] {processor.py:157} INFO - Started process (PID=187274) to work on /home/atef/.local/lib/python3.9/site-packages/airflow/example_dags/example_trigger_controller_dag.py
[2025-06-25T01:45:19.100+0200] {processor.py:826} INFO - Processing file /home/atef/.local/lib/python3.9/site-packages/airflow/example_dags/example_trigger_controller_dag.py for tasks to queue
[2025-06-25T01:45:19.118+0200] {logging_mixin.py:149} INFO - [2025-06-25T01:45:19.110+0200] {dagbag.py:541} INFO - Filling up the DagBag from /home/atef/.local/lib/python3.9/site-packages/airflow/example_dags/example_trigger_controller_dag.py
[2025-06-25T01:45:19.183+0200] {processor.py:836} INFO - DAG(s) dict_keys(['example_trigger_controller_dag']) retrieved from /home/atef/.local/lib/python3.9/site-packages/airflow/example_dags/example_trigger_controller_dag.py
[2025-06-25T01:45:19.289+0200] {logging_mixin.py:149} INFO - [2025-06-25T01:45:19.288+0200] {dag.py:2726} INFO - Sync 1 DAGs
[2025-06-25T01:45:19.360+0200] {logging_mixin.py:149} INFO - [2025-06-25T01:45:19.360+0200] {dag.py:3486} INFO - Setting next_dagrun for example_trigger_controller_dag to 2021-01-01T00:00:00+00:00, run_after=2021-01-01T00:00:00+00:00
[2025-06-25T01:45:19.452+0200] {processor.py:179} INFO - Processing /home/atef/.local/lib/python3.9/site-packages/airflow/example_dags/example_trigger_controller_dag.py took 0.441 seconds
[2025-06-25T01:46:39.759+0200] {processor.py:157} INFO - Started process (PID=187918) to work on /home/atef/.local/lib/python3.9/site-packages/airflow/example_dags/example_trigger_controller_dag.py
[2025-06-25T01:46:39.765+0200] {processor.py:826} INFO - Processing file /home/atef/.local/lib/python3.9/site-packages/airflow/example_dags/example_trigger_controller_dag.py for tasks to queue
[2025-06-25T01:46:39.767+0200] {logging_mixin.py:149} INFO - [2025-06-25T01:46:39.766+0200] {dagbag.py:541} INFO - Filling up the DagBag from /home/atef/.local/lib/python3.9/site-packages/airflow/example_dags/example_trigger_controller_dag.py
[2025-06-25T01:46:39.785+0200] {processor.py:836} INFO - DAG(s) dict_keys(['example_trigger_controller_dag']) retrieved from /home/atef/.local/lib/python3.9/site-packages/airflow/example_dags/example_trigger_controller_dag.py
[2025-06-25T01:46:39.886+0200] {logging_mixin.py:149} INFO - [2025-06-25T01:46:39.886+0200] {dag.py:2726} INFO - Sync 1 DAGs
[2025-06-25T01:46:39.965+0200] {logging_mixin.py:149} INFO - [2025-06-25T01:46:39.964+0200] {dag.py:3486} INFO - Setting next_dagrun for example_trigger_controller_dag to 2021-01-01T00:00:00+00:00, run_after=2021-01-01T00:00:00+00:00
[2025-06-25T01:46:40.089+0200] {processor.py:179} INFO - Processing /home/atef/.local/lib/python3.9/site-packages/airflow/example_dags/example_trigger_controller_dag.py took 0.346 seconds
[2025-06-25T01:48:10.452+0200] {processor.py:157} INFO - Started process (PID=188508) to work on /home/atef/.local/lib/python3.9/site-packages/airflow/example_dags/example_trigger_controller_dag.py
[2025-06-25T01:48:10.458+0200] {processor.py:826} INFO - Processing file /home/atef/.local/lib/python3.9/site-packages/airflow/example_dags/example_trigger_controller_dag.py for tasks to queue
[2025-06-25T01:48:10.463+0200] {logging_mixin.py:149} INFO - [2025-06-25T01:48:10.462+0200] {dagbag.py:541} INFO - Filling up the DagBag from /home/atef/.local/lib/python3.9/site-packages/airflow/example_dags/example_trigger_controller_dag.py
[2025-06-25T01:48:10.486+0200] {processor.py:836} INFO - DAG(s) dict_keys(['example_trigger_controller_dag']) retrieved from /home/atef/.local/lib/python3.9/site-packages/airflow/example_dags/example_trigger_controller_dag.py
[2025-06-25T01:48:10.556+0200] {logging_mixin.py:149} INFO - [2025-06-25T01:48:10.555+0200] {dag.py:2726} INFO - Sync 1 DAGs
[2025-06-25T01:48:10.597+0200] {logging_mixin.py:149} INFO - [2025-06-25T01:48:10.596+0200] {dag.py:3486} INFO - Setting next_dagrun for example_trigger_controller_dag to 2021-01-01T00:00:00+00:00, run_after=2021-01-01T00:00:00+00:00
[2025-06-25T01:48:10.752+0200] {processor.py:179} INFO - Processing /home/atef/.local/lib/python3.9/site-packages/airflow/example_dags/example_trigger_controller_dag.py took 0.328 seconds
[2025-06-25T01:49:22.106+0200] {processor.py:157} INFO - Started process (PID=189188) to work on /home/atef/.local/lib/python3.9/site-packages/airflow/example_dags/example_trigger_controller_dag.py
[2025-06-25T01:49:22.112+0200] {processor.py:826} INFO - Processing file /home/atef/.local/lib/python3.9/site-packages/airflow/example_dags/example_trigger_controller_dag.py for tasks to queue
[2025-06-25T01:49:22.115+0200] {logging_mixin.py:149} INFO - [2025-06-25T01:49:22.115+0200] {dagbag.py:541} INFO - Filling up the DagBag from /home/atef/.local/lib/python3.9/site-packages/airflow/example_dags/example_trigger_controller_dag.py
[2025-06-25T01:49:22.137+0200] {processor.py:836} INFO - DAG(s) dict_keys(['example_trigger_controller_dag']) retrieved from /home/atef/.local/lib/python3.9/site-packages/airflow/example_dags/example_trigger_controller_dag.py
[2025-06-25T01:49:22.240+0200] {logging_mixin.py:149} INFO - [2025-06-25T01:49:22.240+0200] {dag.py:2726} INFO - Sync 1 DAGs
[2025-06-25T01:49:22.299+0200] {logging_mixin.py:149} INFO - [2025-06-25T01:49:22.298+0200] {dag.py:3486} INFO - Setting next_dagrun for example_trigger_controller_dag to 2021-01-01T00:00:00+00:00, run_after=2021-01-01T00:00:00+00:00
[2025-06-25T01:49:22.401+0200] {processor.py:179} INFO - Processing /home/atef/.local/lib/python3.9/site-packages/airflow/example_dags/example_trigger_controller_dag.py took 0.326 seconds
[2025-06-25T01:50:14.535+0200] {processor.py:157} INFO - Started process (PID=189453) to work on /home/atef/.local/lib/python3.9/site-packages/airflow/example_dags/example_trigger_controller_dag.py
[2025-06-25T01:50:14.540+0200] {processor.py:826} INFO - Processing file /home/atef/.local/lib/python3.9/site-packages/airflow/example_dags/example_trigger_controller_dag.py for tasks to queue
[2025-06-25T01:50:14.542+0200] {logging_mixin.py:149} INFO - [2025-06-25T01:50:14.542+0200] {dagbag.py:541} INFO - Filling up the DagBag from /home/atef/.local/lib/python3.9/site-packages/airflow/example_dags/example_trigger_controller_dag.py
[2025-06-25T01:50:14.559+0200] {processor.py:836} INFO - DAG(s) dict_keys(['example_trigger_controller_dag']) retrieved from /home/atef/.local/lib/python3.9/site-packages/airflow/example_dags/example_trigger_controller_dag.py
[2025-06-25T01:50:14.723+0200] {logging_mixin.py:149} INFO - [2025-06-25T01:50:14.722+0200] {dag.py:2726} INFO - Sync 1 DAGs
[2025-06-25T01:50:14.846+0200] {logging_mixin.py:149} INFO - [2025-06-25T01:50:14.845+0200] {dag.py:3486} INFO - Setting next_dagrun for example_trigger_controller_dag to 2021-01-01T00:00:00+00:00, run_after=2021-01-01T00:00:00+00:00
[2025-06-25T01:50:14.968+0200] {processor.py:179} INFO - Processing /home/atef/.local/lib/python3.9/site-packages/airflow/example_dags/example_trigger_controller_dag.py took 0.448 seconds
[2025-06-25T01:52:09.368+0200] {processor.py:157} INFO - Started process (PID=189854) to work on /home/atef/.local/lib/python3.9/site-packages/airflow/example_dags/example_trigger_controller_dag.py
[2025-06-25T01:52:09.401+0200] {processor.py:826} INFO - Processing file /home/atef/.local/lib/python3.9/site-packages/airflow/example_dags/example_trigger_controller_dag.py for tasks to queue
[2025-06-25T01:52:09.449+0200] {logging_mixin.py:149} INFO - [2025-06-25T01:52:09.444+0200] {dagbag.py:541} INFO - Filling up the DagBag from /home/atef/.local/lib/python3.9/site-packages/airflow/example_dags/example_trigger_controller_dag.py
[2025-06-25T01:52:09.643+0200] {processor.py:836} INFO - DAG(s) dict_keys(['example_trigger_controller_dag']) retrieved from /home/atef/.local/lib/python3.9/site-packages/airflow/example_dags/example_trigger_controller_dag.py
[2025-06-25T01:52:10.203+0200] {logging_mixin.py:149} INFO - [2025-06-25T01:52:10.203+0200] {dag.py:2726} INFO - Sync 1 DAGs
[2025-06-25T01:52:10.627+0200] {logging_mixin.py:149} INFO - [2025-06-25T01:52:10.619+0200] {dag.py:3486} INFO - Setting next_dagrun for example_trigger_controller_dag to 2021-01-01T00:00:00+00:00, run_after=2021-01-01T00:00:00+00:00
[2025-06-25T01:52:11.061+0200] {processor.py:179} INFO - Processing /home/atef/.local/lib/python3.9/site-packages/airflow/example_dags/example_trigger_controller_dag.py took 1.782 seconds
[2025-06-25T01:53:21.458+0200] {processor.py:157} INFO - Started process (PID=190174) to work on /home/atef/.local/lib/python3.9/site-packages/airflow/example_dags/example_trigger_controller_dag.py
[2025-06-25T01:53:21.488+0200] {processor.py:826} INFO - Processing file /home/atef/.local/lib/python3.9/site-packages/airflow/example_dags/example_trigger_controller_dag.py for tasks to queue
[2025-06-25T01:53:21.508+0200] {logging_mixin.py:149} INFO - [2025-06-25T01:53:21.507+0200] {dagbag.py:541} INFO - Filling up the DagBag from /home/atef/.local/lib/python3.9/site-packages/airflow/example_dags/example_trigger_controller_dag.py
[2025-06-25T01:53:21.637+0200] {processor.py:836} INFO - DAG(s) dict_keys(['example_trigger_controller_dag']) retrieved from /home/atef/.local/lib/python3.9/site-packages/airflow/example_dags/example_trigger_controller_dag.py
[2025-06-25T01:53:22.267+0200] {logging_mixin.py:149} INFO - [2025-06-25T01:53:22.266+0200] {dag.py:2726} INFO - Sync 1 DAGs
[2025-06-25T01:53:22.504+0200] {logging_mixin.py:149} INFO - [2025-06-25T01:53:22.504+0200] {dag.py:3486} INFO - Setting next_dagrun for example_trigger_controller_dag to 2021-01-01T00:00:00+00:00, run_after=2021-01-01T00:00:00+00:00
[2025-06-25T01:53:22.785+0200] {processor.py:179} INFO - Processing /home/atef/.local/lib/python3.9/site-packages/airflow/example_dags/example_trigger_controller_dag.py took 1.422 seconds
[2025-06-25T01:55:21.087+0200] {processor.py:157} INFO - Started process (PID=190856) to work on /home/atef/.local/lib/python3.9/site-packages/airflow/example_dags/example_trigger_controller_dag.py
[2025-06-25T01:55:21.097+0200] {processor.py:826} INFO - Processing file /home/atef/.local/lib/python3.9/site-packages/airflow/example_dags/example_trigger_controller_dag.py for tasks to queue
[2025-06-25T01:55:21.103+0200] {logging_mixin.py:149} INFO - [2025-06-25T01:55:21.103+0200] {dagbag.py:541} INFO - Filling up the DagBag from /home/atef/.local/lib/python3.9/site-packages/airflow/example_dags/example_trigger_controller_dag.py
[2025-06-25T01:55:21.183+0200] {processor.py:836} INFO - DAG(s) dict_keys(['example_trigger_controller_dag']) retrieved from /home/atef/.local/lib/python3.9/site-packages/airflow/example_dags/example_trigger_controller_dag.py
[2025-06-25T01:55:21.413+0200] {logging_mixin.py:149} INFO - [2025-06-25T01:55:21.411+0200] {dag.py:2726} INFO - Sync 1 DAGs
[2025-06-25T01:55:21.597+0200] {logging_mixin.py:149} INFO - [2025-06-25T01:55:21.595+0200] {dag.py:3486} INFO - Setting next_dagrun for example_trigger_controller_dag to 2021-01-01T00:00:00+00:00, run_after=2021-01-01T00:00:00+00:00
[2025-06-25T01:55:21.720+0200] {processor.py:179} INFO - Processing /home/atef/.local/lib/python3.9/site-packages/airflow/example_dags/example_trigger_controller_dag.py took 0.674 seconds
[2025-06-25T01:56:32.361+0200] {processor.py:157} INFO - Started process (PID=191171) to work on /home/atef/.local/lib/python3.9/site-packages/airflow/example_dags/example_trigger_controller_dag.py
[2025-06-25T01:56:32.368+0200] {processor.py:826} INFO - Processing file /home/atef/.local/lib/python3.9/site-packages/airflow/example_dags/example_trigger_controller_dag.py for tasks to queue
[2025-06-25T01:56:32.371+0200] {logging_mixin.py:149} INFO - [2025-06-25T01:56:32.370+0200] {dagbag.py:541} INFO - Filling up the DagBag from /home/atef/.local/lib/python3.9/site-packages/airflow/example_dags/example_trigger_controller_dag.py
[2025-06-25T01:56:32.412+0200] {processor.py:836} INFO - DAG(s) dict_keys(['example_trigger_controller_dag']) retrieved from /home/atef/.local/lib/python3.9/site-packages/airflow/example_dags/example_trigger_controller_dag.py
[2025-06-25T01:56:32.569+0200] {logging_mixin.py:149} INFO - [2025-06-25T01:56:32.569+0200] {dag.py:2726} INFO - Sync 1 DAGs
[2025-06-25T01:56:32.674+0200] {logging_mixin.py:149} INFO - [2025-06-25T01:56:32.673+0200] {dag.py:3486} INFO - Setting next_dagrun for example_trigger_controller_dag to 2021-01-01T00:00:00+00:00, run_after=2021-01-01T00:00:00+00:00
[2025-06-25T01:56:32.782+0200] {processor.py:179} INFO - Processing /home/atef/.local/lib/python3.9/site-packages/airflow/example_dags/example_trigger_controller_dag.py took 0.453 seconds
[2025-06-25T01:57:49.180+0200] {processor.py:157} INFO - Started process (PID=191505) to work on /home/atef/.local/lib/python3.9/site-packages/airflow/example_dags/example_trigger_controller_dag.py
[2025-06-25T01:57:49.193+0200] {processor.py:826} INFO - Processing file /home/atef/.local/lib/python3.9/site-packages/airflow/example_dags/example_trigger_controller_dag.py for tasks to queue
[2025-06-25T01:57:49.195+0200] {logging_mixin.py:149} INFO - [2025-06-25T01:57:49.195+0200] {dagbag.py:541} INFO - Filling up the DagBag from /home/atef/.local/lib/python3.9/site-packages/airflow/example_dags/example_trigger_controller_dag.py
[2025-06-25T01:57:49.230+0200] {processor.py:836} INFO - DAG(s) dict_keys(['example_trigger_controller_dag']) retrieved from /home/atef/.local/lib/python3.9/site-packages/airflow/example_dags/example_trigger_controller_dag.py
[2025-06-25T01:57:49.384+0200] {logging_mixin.py:149} INFO - [2025-06-25T01:57:49.384+0200] {dag.py:2726} INFO - Sync 1 DAGs
[2025-06-25T01:57:49.428+0200] {logging_mixin.py:149} INFO - [2025-06-25T01:57:49.427+0200] {dag.py:3486} INFO - Setting next_dagrun for example_trigger_controller_dag to 2021-01-01T00:00:00+00:00, run_after=2021-01-01T00:00:00+00:00
[2025-06-25T01:57:49.467+0200] {processor.py:179} INFO - Processing /home/atef/.local/lib/python3.9/site-packages/airflow/example_dags/example_trigger_controller_dag.py took 0.319 seconds
[2025-06-25T01:59:43.534+0200] {processor.py:157} INFO - Started process (PID=192909) to work on /home/atef/.local/lib/python3.9/site-packages/airflow/example_dags/example_trigger_controller_dag.py
[2025-06-25T01:59:43.540+0200] {processor.py:826} INFO - Processing file /home/atef/.local/lib/python3.9/site-packages/airflow/example_dags/example_trigger_controller_dag.py for tasks to queue
[2025-06-25T01:59:43.542+0200] {logging_mixin.py:149} INFO - [2025-06-25T01:59:43.541+0200] {dagbag.py:541} INFO - Filling up the DagBag from /home/atef/.local/lib/python3.9/site-packages/airflow/example_dags/example_trigger_controller_dag.py
[2025-06-25T01:59:43.558+0200] {processor.py:836} INFO - DAG(s) dict_keys(['example_trigger_controller_dag']) retrieved from /home/atef/.local/lib/python3.9/site-packages/airflow/example_dags/example_trigger_controller_dag.py
[2025-06-25T01:59:43.630+0200] {logging_mixin.py:149} INFO - [2025-06-25T01:59:43.629+0200] {dag.py:2726} INFO - Sync 1 DAGs
[2025-06-25T01:59:43.668+0200] {logging_mixin.py:149} INFO - [2025-06-25T01:59:43.668+0200] {dag.py:3486} INFO - Setting next_dagrun for example_trigger_controller_dag to 2021-01-01T00:00:00+00:00, run_after=2021-01-01T00:00:00+00:00
[2025-06-25T01:59:43.707+0200] {processor.py:179} INFO - Processing /home/atef/.local/lib/python3.9/site-packages/airflow/example_dags/example_trigger_controller_dag.py took 0.187 seconds
