[2025-06-24T23:15:49.443+0200] {processor.py:157} INFO - Started process (PID=155083) to work on /home/atef/.local/lib/python3.9/site-packages/airflow/example_dags/example_dag_decorator.py
[2025-06-24T23:15:49.449+0200] {processor.py:826} INFO - Processing file /home/atef/.local/lib/python3.9/site-packages/airflow/example_dags/example_dag_decorator.py for tasks to queue
[2025-06-24T23:15:49.452+0200] {logging_mixin.py:149} INFO - [2025-06-24T23:15:49.452+0200] {dagbag.py:541} INFO - Filling up the DagBag from /home/atef/.local/lib/python3.9/site-packages/airflow/example_dags/example_dag_decorator.py
[2025-06-24T23:15:49.495+0200] {logging_mixin.py:149} INFO - [2025-06-24T23:15:49.492+0200] {taskmixin.py:211} WARNING - Dependency <Task(_PythonDecoratedOperator): prepare_email>, send_email already registered for DAG: example_dag_decorator
[2025-06-24T23:15:49.497+0200] {logging_mixin.py:149} INFO - [2025-06-24T23:15:49.497+0200] {taskmixin.py:211} WARNING - Dependency <Task(EmailOperator): send_email>, prepare_email already registered for DAG: example_dag_decorator
[2025-06-24T23:15:49.544+0200] {processor.py:836} INFO - DAG(s) dict_keys(['example_dag_decorator']) retrieved from /home/atef/.local/lib/python3.9/site-packages/airflow/example_dags/example_dag_decorator.py
[2025-06-24T23:15:49.687+0200] {logging_mixin.py:149} INFO - [2025-06-24T23:15:49.687+0200] {dag.py:2726} INFO - Sync 1 DAGs
[2025-06-24T23:15:49.729+0200] {logging_mixin.py:149} INFO - [2025-06-24T23:15:49.729+0200] {dag.py:3486} INFO - Setting next_dagrun for example_dag_decorator to None, run_after=None
[2025-06-24T23:15:49.778+0200] {processor.py:179} INFO - Processing /home/atef/.local/lib/python3.9/site-packages/airflow/example_dags/example_dag_decorator.py took 0.356 seconds
[2025-06-24T23:16:59.989+0200] {processor.py:157} INFO - Started process (PID=155226) to work on /home/atef/.local/lib/python3.9/site-packages/airflow/example_dags/example_dag_decorator.py
[2025-06-24T23:16:59.997+0200] {processor.py:826} INFO - Processing file /home/atef/.local/lib/python3.9/site-packages/airflow/example_dags/example_dag_decorator.py for tasks to queue
[2025-06-24T23:17:00.002+0200] {logging_mixin.py:149} INFO - [2025-06-24T23:17:00.001+0200] {dagbag.py:541} INFO - Filling up the DagBag from /home/atef/.local/lib/python3.9/site-packages/airflow/example_dags/example_dag_decorator.py
[2025-06-24T23:17:00.044+0200] {logging_mixin.py:149} INFO - [2025-06-24T23:17:00.044+0200] {taskmixin.py:211} WARNING - Dependency <Task(_PythonDecoratedOperator): prepare_email>, send_email already registered for DAG: example_dag_decorator
[2025-06-24T23:17:00.046+0200] {logging_mixin.py:149} INFO - [2025-06-24T23:17:00.045+0200] {taskmixin.py:211} WARNING - Dependency <Task(EmailOperator): send_email>, prepare_email already registered for DAG: example_dag_decorator
[2025-06-24T23:17:00.101+0200] {processor.py:836} INFO - DAG(s) dict_keys(['example_dag_decorator']) retrieved from /home/atef/.local/lib/python3.9/site-packages/airflow/example_dags/example_dag_decorator.py
[2025-06-24T23:17:00.253+0200] {logging_mixin.py:149} INFO - [2025-06-24T23:17:00.253+0200] {dag.py:2726} INFO - Sync 1 DAGs
[2025-06-24T23:17:00.305+0200] {logging_mixin.py:149} INFO - [2025-06-24T23:17:00.305+0200] {dag.py:3486} INFO - Setting next_dagrun for example_dag_decorator to None, run_after=None
[2025-06-24T23:17:00.435+0200] {processor.py:179} INFO - Processing /home/atef/.local/lib/python3.9/site-packages/airflow/example_dags/example_dag_decorator.py took 0.471 seconds
[2025-06-24T23:18:48.023+0200] {processor.py:157} INFO - Started process (PID=155692) to work on /home/atef/.local/lib/python3.9/site-packages/airflow/example_dags/example_dag_decorator.py
[2025-06-24T23:18:48.032+0200] {processor.py:826} INFO - Processing file /home/atef/.local/lib/python3.9/site-packages/airflow/example_dags/example_dag_decorator.py for tasks to queue
[2025-06-24T23:18:48.036+0200] {logging_mixin.py:149} INFO - [2025-06-24T23:18:48.035+0200] {dagbag.py:541} INFO - Filling up the DagBag from /home/atef/.local/lib/python3.9/site-packages/airflow/example_dags/example_dag_decorator.py
[2025-06-24T23:18:48.081+0200] {logging_mixin.py:149} INFO - [2025-06-24T23:18:48.081+0200] {taskmixin.py:211} WARNING - Dependency <Task(_PythonDecoratedOperator): prepare_email>, send_email already registered for DAG: example_dag_decorator
[2025-06-24T23:18:48.085+0200] {logging_mixin.py:149} INFO - [2025-06-24T23:18:48.084+0200] {taskmixin.py:211} WARNING - Dependency <Task(EmailOperator): send_email>, prepare_email already registered for DAG: example_dag_decorator
[2025-06-24T23:18:48.143+0200] {processor.py:836} INFO - DAG(s) dict_keys(['example_dag_decorator']) retrieved from /home/atef/.local/lib/python3.9/site-packages/airflow/example_dags/example_dag_decorator.py
[2025-06-24T23:18:48.299+0200] {logging_mixin.py:149} INFO - [2025-06-24T23:18:48.298+0200] {dag.py:2726} INFO - Sync 1 DAGs
[2025-06-24T23:18:48.341+0200] {logging_mixin.py:149} INFO - [2025-06-24T23:18:48.341+0200] {dag.py:3486} INFO - Setting next_dagrun for example_dag_decorator to None, run_after=None
[2025-06-24T23:18:48.395+0200] {processor.py:179} INFO - Processing /home/atef/.local/lib/python3.9/site-packages/airflow/example_dags/example_dag_decorator.py took 0.391 seconds
[2025-06-25T01:12:10.681+0200] {processor.py:157} INFO - Started process (PID=173317) to work on /home/atef/.local/lib/python3.9/site-packages/airflow/example_dags/example_dag_decorator.py
[2025-06-25T01:12:10.714+0200] {processor.py:826} INFO - Processing file /home/atef/.local/lib/python3.9/site-packages/airflow/example_dags/example_dag_decorator.py for tasks to queue
[2025-06-25T01:12:10.718+0200] {logging_mixin.py:149} INFO - [2025-06-25T01:12:10.718+0200] {dagbag.py:541} INFO - Filling up the DagBag from /home/atef/.local/lib/python3.9/site-packages/airflow/example_dags/example_dag_decorator.py
[2025-06-25T01:12:10.858+0200] {logging_mixin.py:149} INFO - [2025-06-25T01:12:10.856+0200] {taskmixin.py:211} WARNING - Dependency <Task(_PythonDecoratedOperator): prepare_email>, send_email already registered for DAG: example_dag_decorator
[2025-06-25T01:12:10.877+0200] {logging_mixin.py:149} INFO - [2025-06-25T01:12:10.869+0200] {taskmixin.py:211} WARNING - Dependency <Task(EmailOperator): send_email>, prepare_email already registered for DAG: example_dag_decorator
[2025-06-25T01:12:11.098+0200] {processor.py:836} INFO - DAG(s) dict_keys(['example_dag_decorator']) retrieved from /home/atef/.local/lib/python3.9/site-packages/airflow/example_dags/example_dag_decorator.py
[2025-06-25T01:12:11.743+0200] {logging_mixin.py:149} INFO - [2025-06-25T01:12:11.742+0200] {dag.py:2726} INFO - Sync 1 DAGs
[2025-06-25T01:12:11.926+0200] {logging_mixin.py:149} INFO - [2025-06-25T01:12:11.926+0200] {dag.py:3486} INFO - Setting next_dagrun for example_dag_decorator to None, run_after=None
[2025-06-25T01:12:12.148+0200] {processor.py:179} INFO - Processing /home/atef/.local/lib/python3.9/site-packages/airflow/example_dags/example_dag_decorator.py took 1.528 seconds
[2025-06-25T01:18:32.049+0200] {processor.py:157} INFO - Started process (PID=175190) to work on /home/atef/.local/lib/python3.9/site-packages/airflow/example_dags/example_dag_decorator.py
[2025-06-25T01:18:32.060+0200] {processor.py:826} INFO - Processing file /home/atef/.local/lib/python3.9/site-packages/airflow/example_dags/example_dag_decorator.py for tasks to queue
[2025-06-25T01:18:32.067+0200] {logging_mixin.py:149} INFO - [2025-06-25T01:18:32.066+0200] {dagbag.py:541} INFO - Filling up the DagBag from /home/atef/.local/lib/python3.9/site-packages/airflow/example_dags/example_dag_decorator.py
[2025-06-25T01:18:32.121+0200] {logging_mixin.py:149} INFO - [2025-06-25T01:18:32.120+0200] {taskmixin.py:211} WARNING - Dependency <Task(_PythonDecoratedOperator): prepare_email>, send_email already registered for DAG: example_dag_decorator
[2025-06-25T01:18:32.122+0200] {logging_mixin.py:149} INFO - [2025-06-25T01:18:32.122+0200] {taskmixin.py:211} WARNING - Dependency <Task(EmailOperator): send_email>, prepare_email already registered for DAG: example_dag_decorator
[2025-06-25T01:18:32.202+0200] {processor.py:836} INFO - DAG(s) dict_keys(['example_dag_decorator']) retrieved from /home/atef/.local/lib/python3.9/site-packages/airflow/example_dags/example_dag_decorator.py
[2025-06-25T01:18:32.424+0200] {logging_mixin.py:149} INFO - [2025-06-25T01:18:32.424+0200] {dag.py:2726} INFO - Sync 1 DAGs
[2025-06-25T01:18:32.532+0200] {logging_mixin.py:149} INFO - [2025-06-25T01:18:32.530+0200] {dag.py:3486} INFO - Setting next_dagrun for example_dag_decorator to None, run_after=None
[2025-06-25T01:18:32.708+0200] {processor.py:179} INFO - Processing /home/atef/.local/lib/python3.9/site-packages/airflow/example_dags/example_dag_decorator.py took 0.690 seconds
[2025-06-25T01:20:12.222+0200] {processor.py:157} INFO - Started process (PID=175896) to work on /home/atef/.local/lib/python3.9/site-packages/airflow/example_dags/example_dag_decorator.py
[2025-06-25T01:20:12.227+0200] {processor.py:826} INFO - Processing file /home/atef/.local/lib/python3.9/site-packages/airflow/example_dags/example_dag_decorator.py for tasks to queue
[2025-06-25T01:20:12.230+0200] {logging_mixin.py:149} INFO - [2025-06-25T01:20:12.230+0200] {dagbag.py:541} INFO - Filling up the DagBag from /home/atef/.local/lib/python3.9/site-packages/airflow/example_dags/example_dag_decorator.py
[2025-06-25T01:20:12.254+0200] {logging_mixin.py:149} INFO - [2025-06-25T01:20:12.254+0200] {taskmixin.py:211} WARNING - Dependency <Task(_PythonDecoratedOperator): prepare_email>, send_email already registered for DAG: example_dag_decorator
[2025-06-25T01:20:12.255+0200] {logging_mixin.py:149} INFO - [2025-06-25T01:20:12.255+0200] {taskmixin.py:211} WARNING - Dependency <Task(EmailOperator): send_email>, prepare_email already registered for DAG: example_dag_decorator
[2025-06-25T01:20:12.286+0200] {processor.py:836} INFO - DAG(s) dict_keys(['example_dag_decorator']) retrieved from /home/atef/.local/lib/python3.9/site-packages/airflow/example_dags/example_dag_decorator.py
[2025-06-25T01:20:12.652+0200] {logging_mixin.py:149} INFO - [2025-06-25T01:20:12.651+0200] {dag.py:2726} INFO - Sync 1 DAGs
[2025-06-25T01:20:12.960+0200] {logging_mixin.py:149} INFO - [2025-06-25T01:20:12.959+0200] {dag.py:3486} INFO - Setting next_dagrun for example_dag_decorator to None, run_after=None
[2025-06-25T01:20:13.394+0200] {processor.py:179} INFO - Processing /home/atef/.local/lib/python3.9/site-packages/airflow/example_dags/example_dag_decorator.py took 1.189 seconds
[2025-06-25T01:22:05.627+0200] {processor.py:157} INFO - Started process (PID=177045) to work on /home/atef/.local/lib/python3.9/site-packages/airflow/example_dags/example_dag_decorator.py
[2025-06-25T01:22:05.632+0200] {processor.py:826} INFO - Processing file /home/atef/.local/lib/python3.9/site-packages/airflow/example_dags/example_dag_decorator.py for tasks to queue
[2025-06-25T01:22:05.635+0200] {logging_mixin.py:149} INFO - [2025-06-25T01:22:05.634+0200] {dagbag.py:541} INFO - Filling up the DagBag from /home/atef/.local/lib/python3.9/site-packages/airflow/example_dags/example_dag_decorator.py
[2025-06-25T01:22:05.660+0200] {logging_mixin.py:149} INFO - [2025-06-25T01:22:05.659+0200] {taskmixin.py:211} WARNING - Dependency <Task(_PythonDecoratedOperator): prepare_email>, send_email already registered for DAG: example_dag_decorator
[2025-06-25T01:22:05.661+0200] {logging_mixin.py:149} INFO - [2025-06-25T01:22:05.661+0200] {taskmixin.py:211} WARNING - Dependency <Task(EmailOperator): send_email>, prepare_email already registered for DAG: example_dag_decorator
[2025-06-25T01:22:05.693+0200] {processor.py:836} INFO - DAG(s) dict_keys(['example_dag_decorator']) retrieved from /home/atef/.local/lib/python3.9/site-packages/airflow/example_dags/example_dag_decorator.py
[2025-06-25T01:22:05.813+0200] {logging_mixin.py:149} INFO - [2025-06-25T01:22:05.813+0200] {dag.py:2726} INFO - Sync 1 DAGs
[2025-06-25T01:22:05.856+0200] {logging_mixin.py:149} INFO - [2025-06-25T01:22:05.855+0200] {dag.py:3486} INFO - Setting next_dagrun for example_dag_decorator to None, run_after=None
[2025-06-25T01:22:05.900+0200] {processor.py:179} INFO - Processing /home/atef/.local/lib/python3.9/site-packages/airflow/example_dags/example_dag_decorator.py took 0.291 seconds
[2025-06-25T01:23:11.130+0200] {processor.py:157} INFO - Started process (PID=177214) to work on /home/atef/.local/lib/python3.9/site-packages/airflow/example_dags/example_dag_decorator.py
[2025-06-25T01:23:11.136+0200] {processor.py:826} INFO - Processing file /home/atef/.local/lib/python3.9/site-packages/airflow/example_dags/example_dag_decorator.py for tasks to queue
[2025-06-25T01:23:11.138+0200] {logging_mixin.py:149} INFO - [2025-06-25T01:23:11.138+0200] {dagbag.py:541} INFO - Filling up the DagBag from /home/atef/.local/lib/python3.9/site-packages/airflow/example_dags/example_dag_decorator.py
[2025-06-25T01:23:11.164+0200] {logging_mixin.py:149} INFO - [2025-06-25T01:23:11.163+0200] {taskmixin.py:211} WARNING - Dependency <Task(_PythonDecoratedOperator): prepare_email>, send_email already registered for DAG: example_dag_decorator
[2025-06-25T01:23:11.167+0200] {logging_mixin.py:149} INFO - [2025-06-25T01:23:11.167+0200] {taskmixin.py:211} WARNING - Dependency <Task(EmailOperator): send_email>, prepare_email already registered for DAG: example_dag_decorator
[2025-06-25T01:23:11.205+0200] {processor.py:836} INFO - DAG(s) dict_keys(['example_dag_decorator']) retrieved from /home/atef/.local/lib/python3.9/site-packages/airflow/example_dags/example_dag_decorator.py
[2025-06-25T01:23:11.401+0200] {logging_mixin.py:149} INFO - [2025-06-25T01:23:11.400+0200] {dag.py:2726} INFO - Sync 1 DAGs
[2025-06-25T01:23:11.444+0200] {logging_mixin.py:149} INFO - [2025-06-25T01:23:11.444+0200] {dag.py:3486} INFO - Setting next_dagrun for example_dag_decorator to None, run_after=None
[2025-06-25T01:23:11.544+0200] {processor.py:179} INFO - Processing /home/atef/.local/lib/python3.9/site-packages/airflow/example_dags/example_dag_decorator.py took 0.428 seconds
[2025-06-25T01:25:16.960+0200] {processor.py:157} INFO - Started process (PID=178301) to work on /home/atef/.local/lib/python3.9/site-packages/airflow/example_dags/example_dag_decorator.py
[2025-06-25T01:25:16.972+0200] {processor.py:826} INFO - Processing file /home/atef/.local/lib/python3.9/site-packages/airflow/example_dags/example_dag_decorator.py for tasks to queue
[2025-06-25T01:25:16.978+0200] {logging_mixin.py:149} INFO - [2025-06-25T01:25:16.977+0200] {dagbag.py:541} INFO - Filling up the DagBag from /home/atef/.local/lib/python3.9/site-packages/airflow/example_dags/example_dag_decorator.py
[2025-06-25T01:25:17.038+0200] {logging_mixin.py:149} INFO - [2025-06-25T01:25:17.037+0200] {taskmixin.py:211} WARNING - Dependency <Task(_PythonDecoratedOperator): prepare_email>, send_email already registered for DAG: example_dag_decorator
[2025-06-25T01:25:17.039+0200] {logging_mixin.py:149} INFO - [2025-06-25T01:25:17.039+0200] {taskmixin.py:211} WARNING - Dependency <Task(EmailOperator): send_email>, prepare_email already registered for DAG: example_dag_decorator
[2025-06-25T01:25:17.118+0200] {processor.py:836} INFO - DAG(s) dict_keys(['example_dag_decorator']) retrieved from /home/atef/.local/lib/python3.9/site-packages/airflow/example_dags/example_dag_decorator.py
[2025-06-25T01:25:17.516+0200] {logging_mixin.py:149} INFO - [2025-06-25T01:25:17.516+0200] {dag.py:2726} INFO - Sync 1 DAGs
[2025-06-25T01:25:17.714+0200] {logging_mixin.py:149} INFO - [2025-06-25T01:25:17.713+0200] {dag.py:3486} INFO - Setting next_dagrun for example_dag_decorator to None, run_after=None
[2025-06-25T01:25:17.896+0200] {processor.py:179} INFO - Processing /home/atef/.local/lib/python3.9/site-packages/airflow/example_dags/example_dag_decorator.py took 0.962 seconds
[2025-06-25T01:26:52.478+0200] {processor.py:157} INFO - Started process (PID=178971) to work on /home/atef/.local/lib/python3.9/site-packages/airflow/example_dags/example_dag_decorator.py
[2025-06-25T01:26:52.523+0200] {processor.py:826} INFO - Processing file /home/atef/.local/lib/python3.9/site-packages/airflow/example_dags/example_dag_decorator.py for tasks to queue
[2025-06-25T01:26:52.554+0200] {logging_mixin.py:149} INFO - [2025-06-25T01:26:52.553+0200] {dagbag.py:541} INFO - Filling up the DagBag from /home/atef/.local/lib/python3.9/site-packages/airflow/example_dags/example_dag_decorator.py
[2025-06-25T01:26:52.955+0200] {logging_mixin.py:149} INFO - [2025-06-25T01:26:52.947+0200] {taskmixin.py:211} WARNING - Dependency <Task(_PythonDecoratedOperator): prepare_email>, send_email already registered for DAG: example_dag_decorator
[2025-06-25T01:26:52.961+0200] {logging_mixin.py:149} INFO - [2025-06-25T01:26:52.960+0200] {taskmixin.py:211} WARNING - Dependency <Task(EmailOperator): send_email>, prepare_email already registered for DAG: example_dag_decorator
[2025-06-25T01:26:53.118+0200] {processor.py:836} INFO - DAG(s) dict_keys(['example_dag_decorator']) retrieved from /home/atef/.local/lib/python3.9/site-packages/airflow/example_dags/example_dag_decorator.py
[2025-06-25T01:26:53.354+0200] {logging_mixin.py:149} INFO - [2025-06-25T01:26:53.353+0200] {dag.py:2726} INFO - Sync 1 DAGs
[2025-06-25T01:26:53.455+0200] {logging_mixin.py:149} INFO - [2025-06-25T01:26:53.455+0200] {dag.py:3486} INFO - Setting next_dagrun for example_dag_decorator to None, run_after=None
[2025-06-25T01:26:53.574+0200] {processor.py:179} INFO - Processing /home/atef/.local/lib/python3.9/site-packages/airflow/example_dags/example_dag_decorator.py took 1.213 seconds
[2025-06-25T01:29:42.742+0200] {processor.py:157} INFO - Started process (PID=180163) to work on /home/atef/.local/lib/python3.9/site-packages/airflow/example_dags/example_dag_decorator.py
[2025-06-25T01:29:42.748+0200] {processor.py:826} INFO - Processing file /home/atef/.local/lib/python3.9/site-packages/airflow/example_dags/example_dag_decorator.py for tasks to queue
[2025-06-25T01:29:42.753+0200] {logging_mixin.py:149} INFO - [2025-06-25T01:29:42.753+0200] {dagbag.py:541} INFO - Filling up the DagBag from /home/atef/.local/lib/python3.9/site-packages/airflow/example_dags/example_dag_decorator.py
[2025-06-25T01:29:42.790+0200] {logging_mixin.py:149} INFO - [2025-06-25T01:29:42.790+0200] {taskmixin.py:211} WARNING - Dependency <Task(_PythonDecoratedOperator): prepare_email>, send_email already registered for DAG: example_dag_decorator
[2025-06-25T01:29:42.791+0200] {logging_mixin.py:149} INFO - [2025-06-25T01:29:42.791+0200] {taskmixin.py:211} WARNING - Dependency <Task(EmailOperator): send_email>, prepare_email already registered for DAG: example_dag_decorator
[2025-06-25T01:29:42.837+0200] {processor.py:836} INFO - DAG(s) dict_keys(['example_dag_decorator']) retrieved from /home/atef/.local/lib/python3.9/site-packages/airflow/example_dags/example_dag_decorator.py
[2025-06-25T01:29:43.048+0200] {logging_mixin.py:149} INFO - [2025-06-25T01:29:43.047+0200] {dag.py:2726} INFO - Sync 1 DAGs
[2025-06-25T01:29:43.122+0200] {logging_mixin.py:149} INFO - [2025-06-25T01:29:43.121+0200] {dag.py:3486} INFO - Setting next_dagrun for example_dag_decorator to None, run_after=None
[2025-06-25T01:29:43.216+0200] {processor.py:179} INFO - Processing /home/atef/.local/lib/python3.9/site-packages/airflow/example_dags/example_dag_decorator.py took 0.497 seconds
[2025-06-25T01:31:30.905+0200] {processor.py:157} INFO - Started process (PID=181167) to work on /home/atef/.local/lib/python3.9/site-packages/airflow/example_dags/example_dag_decorator.py
[2025-06-25T01:31:30.910+0200] {processor.py:826} INFO - Processing file /home/atef/.local/lib/python3.9/site-packages/airflow/example_dags/example_dag_decorator.py for tasks to queue
[2025-06-25T01:31:30.912+0200] {logging_mixin.py:149} INFO - [2025-06-25T01:31:30.912+0200] {dagbag.py:541} INFO - Filling up the DagBag from /home/atef/.local/lib/python3.9/site-packages/airflow/example_dags/example_dag_decorator.py
[2025-06-25T01:31:30.939+0200] {logging_mixin.py:149} INFO - [2025-06-25T01:31:30.938+0200] {taskmixin.py:211} WARNING - Dependency <Task(_PythonDecoratedOperator): prepare_email>, send_email already registered for DAG: example_dag_decorator
[2025-06-25T01:31:30.939+0200] {logging_mixin.py:149} INFO - [2025-06-25T01:31:30.939+0200] {taskmixin.py:211} WARNING - Dependency <Task(EmailOperator): send_email>, prepare_email already registered for DAG: example_dag_decorator
[2025-06-25T01:31:30.969+0200] {processor.py:836} INFO - DAG(s) dict_keys(['example_dag_decorator']) retrieved from /home/atef/.local/lib/python3.9/site-packages/airflow/example_dags/example_dag_decorator.py
[2025-06-25T01:31:31.113+0200] {logging_mixin.py:149} INFO - [2025-06-25T01:31:31.113+0200] {dag.py:2726} INFO - Sync 1 DAGs
[2025-06-25T01:31:31.154+0200] {logging_mixin.py:149} INFO - [2025-06-25T01:31:31.153+0200] {dag.py:3486} INFO - Setting next_dagrun for example_dag_decorator to None, run_after=None
[2025-06-25T01:31:31.197+0200] {processor.py:179} INFO - Processing /home/atef/.local/lib/python3.9/site-packages/airflow/example_dags/example_dag_decorator.py took 0.306 seconds
[2025-06-25T01:32:43.146+0200] {processor.py:157} INFO - Started process (PID=181422) to work on /home/atef/.local/lib/python3.9/site-packages/airflow/example_dags/example_dag_decorator.py
[2025-06-25T01:32:43.151+0200] {processor.py:826} INFO - Processing file /home/atef/.local/lib/python3.9/site-packages/airflow/example_dags/example_dag_decorator.py for tasks to queue
[2025-06-25T01:32:43.153+0200] {logging_mixin.py:149} INFO - [2025-06-25T01:32:43.153+0200] {dagbag.py:541} INFO - Filling up the DagBag from /home/atef/.local/lib/python3.9/site-packages/airflow/example_dags/example_dag_decorator.py
[2025-06-25T01:32:43.177+0200] {logging_mixin.py:149} INFO - [2025-06-25T01:32:43.177+0200] {taskmixin.py:211} WARNING - Dependency <Task(_PythonDecoratedOperator): prepare_email>, send_email already registered for DAG: example_dag_decorator
[2025-06-25T01:32:43.178+0200] {logging_mixin.py:149} INFO - [2025-06-25T01:32:43.178+0200] {taskmixin.py:211} WARNING - Dependency <Task(EmailOperator): send_email>, prepare_email already registered for DAG: example_dag_decorator
[2025-06-25T01:32:43.209+0200] {processor.py:836} INFO - DAG(s) dict_keys(['example_dag_decorator']) retrieved from /home/atef/.local/lib/python3.9/site-packages/airflow/example_dags/example_dag_decorator.py
[2025-06-25T01:32:43.348+0200] {logging_mixin.py:149} INFO - [2025-06-25T01:32:43.348+0200] {dag.py:2726} INFO - Sync 1 DAGs
[2025-06-25T01:32:43.387+0200] {logging_mixin.py:149} INFO - [2025-06-25T01:32:43.386+0200] {dag.py:3486} INFO - Setting next_dagrun for example_dag_decorator to None, run_after=None
[2025-06-25T01:32:43.584+0200] {processor.py:179} INFO - Processing /home/atef/.local/lib/python3.9/site-packages/airflow/example_dags/example_dag_decorator.py took 0.452 seconds
[2025-06-25T01:34:51.986+0200] {processor.py:157} INFO - Started process (PID=182142) to work on /home/atef/.local/lib/python3.9/site-packages/airflow/example_dags/example_dag_decorator.py
[2025-06-25T01:34:52.003+0200] {processor.py:826} INFO - Processing file /home/atef/.local/lib/python3.9/site-packages/airflow/example_dags/example_dag_decorator.py for tasks to queue
[2025-06-25T01:34:52.008+0200] {logging_mixin.py:149} INFO - [2025-06-25T01:34:52.007+0200] {dagbag.py:541} INFO - Filling up the DagBag from /home/atef/.local/lib/python3.9/site-packages/airflow/example_dags/example_dag_decorator.py
[2025-06-25T01:34:52.091+0200] {logging_mixin.py:149} INFO - [2025-06-25T01:34:52.091+0200] {taskmixin.py:211} WARNING - Dependency <Task(_PythonDecoratedOperator): prepare_email>, send_email already registered for DAG: example_dag_decorator
[2025-06-25T01:34:52.097+0200] {logging_mixin.py:149} INFO - [2025-06-25T01:34:52.096+0200] {taskmixin.py:211} WARNING - Dependency <Task(EmailOperator): send_email>, prepare_email already registered for DAG: example_dag_decorator
[2025-06-25T01:34:52.191+0200] {processor.py:836} INFO - DAG(s) dict_keys(['example_dag_decorator']) retrieved from /home/atef/.local/lib/python3.9/site-packages/airflow/example_dags/example_dag_decorator.py
[2025-06-25T01:34:52.499+0200] {logging_mixin.py:149} INFO - [2025-06-25T01:34:52.495+0200] {dag.py:2726} INFO - Sync 1 DAGs
[2025-06-25T01:34:52.591+0200] {logging_mixin.py:149} INFO - [2025-06-25T01:34:52.591+0200] {dag.py:3486} INFO - Setting next_dagrun for example_dag_decorator to None, run_after=None
[2025-06-25T01:34:52.901+0200] {processor.py:179} INFO - Processing /home/atef/.local/lib/python3.9/site-packages/airflow/example_dags/example_dag_decorator.py took 0.962 seconds
[2025-06-25T01:38:32.000+0200] {processor.py:157} INFO - Started process (PID=183563) to work on /home/atef/.local/lib/python3.9/site-packages/airflow/example_dags/example_dag_decorator.py
[2025-06-25T01:38:32.005+0200] {processor.py:826} INFO - Processing file /home/atef/.local/lib/python3.9/site-packages/airflow/example_dags/example_dag_decorator.py for tasks to queue
[2025-06-25T01:38:32.007+0200] {logging_mixin.py:149} INFO - [2025-06-25T01:38:32.007+0200] {dagbag.py:541} INFO - Filling up the DagBag from /home/atef/.local/lib/python3.9/site-packages/airflow/example_dags/example_dag_decorator.py
[2025-06-25T01:38:32.036+0200] {logging_mixin.py:149} INFO - [2025-06-25T01:38:32.035+0200] {taskmixin.py:211} WARNING - Dependency <Task(_PythonDecoratedOperator): prepare_email>, send_email already registered for DAG: example_dag_decorator
[2025-06-25T01:38:32.037+0200] {logging_mixin.py:149} INFO - [2025-06-25T01:38:32.036+0200] {taskmixin.py:211} WARNING - Dependency <Task(EmailOperator): send_email>, prepare_email already registered for DAG: example_dag_decorator
[2025-06-25T01:38:32.069+0200] {processor.py:836} INFO - DAG(s) dict_keys(['example_dag_decorator']) retrieved from /home/atef/.local/lib/python3.9/site-packages/airflow/example_dags/example_dag_decorator.py
[2025-06-25T01:38:32.192+0200] {logging_mixin.py:149} INFO - [2025-06-25T01:38:32.192+0200] {dag.py:2726} INFO - Sync 1 DAGs
[2025-06-25T01:38:32.266+0200] {logging_mixin.py:149} INFO - [2025-06-25T01:38:32.266+0200] {dag.py:3486} INFO - Setting next_dagrun for example_dag_decorator to None, run_after=None
[2025-06-25T01:38:32.308+0200] {processor.py:179} INFO - Processing /home/atef/.local/lib/python3.9/site-packages/airflow/example_dags/example_dag_decorator.py took 0.321 seconds
[2025-06-25T01:39:42.698+0200] {processor.py:157} INFO - Started process (PID=183733) to work on /home/atef/.local/lib/python3.9/site-packages/airflow/example_dags/example_dag_decorator.py
[2025-06-25T01:39:42.703+0200] {processor.py:826} INFO - Processing file /home/atef/.local/lib/python3.9/site-packages/airflow/example_dags/example_dag_decorator.py for tasks to queue
[2025-06-25T01:39:42.705+0200] {logging_mixin.py:149} INFO - [2025-06-25T01:39:42.705+0200] {dagbag.py:541} INFO - Filling up the DagBag from /home/atef/.local/lib/python3.9/site-packages/airflow/example_dags/example_dag_decorator.py
[2025-06-25T01:39:42.733+0200] {logging_mixin.py:149} INFO - [2025-06-25T01:39:42.732+0200] {taskmixin.py:211} WARNING - Dependency <Task(_PythonDecoratedOperator): prepare_email>, send_email already registered for DAG: example_dag_decorator
[2025-06-25T01:39:42.734+0200] {logging_mixin.py:149} INFO - [2025-06-25T01:39:42.734+0200] {taskmixin.py:211} WARNING - Dependency <Task(EmailOperator): send_email>, prepare_email already registered for DAG: example_dag_decorator
[2025-06-25T01:39:42.774+0200] {processor.py:836} INFO - DAG(s) dict_keys(['example_dag_decorator']) retrieved from /home/atef/.local/lib/python3.9/site-packages/airflow/example_dags/example_dag_decorator.py
[2025-06-25T01:39:42.956+0200] {logging_mixin.py:149} INFO - [2025-06-25T01:39:42.955+0200] {dag.py:2726} INFO - Sync 1 DAGs
[2025-06-25T01:39:43.011+0200] {logging_mixin.py:149} INFO - [2025-06-25T01:39:43.011+0200] {dag.py:3486} INFO - Setting next_dagrun for example_dag_decorator to None, run_after=None
[2025-06-25T01:39:43.088+0200] {processor.py:179} INFO - Processing /home/atef/.local/lib/python3.9/site-packages/airflow/example_dags/example_dag_decorator.py took 0.405 seconds
[2025-06-25T01:46:06.119+0200] {processor.py:157} INFO - Started process (PID=187561) to work on /home/atef/.local/lib/python3.9/site-packages/airflow/example_dags/example_dag_decorator.py
[2025-06-25T01:46:06.180+0200] {processor.py:826} INFO - Processing file /home/atef/.local/lib/python3.9/site-packages/airflow/example_dags/example_dag_decorator.py for tasks to queue
[2025-06-25T01:46:06.249+0200] {logging_mixin.py:149} INFO - [2025-06-25T01:46:06.249+0200] {dagbag.py:541} INFO - Filling up the DagBag from /home/atef/.local/lib/python3.9/site-packages/airflow/example_dags/example_dag_decorator.py
[2025-06-25T01:46:06.560+0200] {logging_mixin.py:149} INFO - [2025-06-25T01:46:06.559+0200] {taskmixin.py:211} WARNING - Dependency <Task(_PythonDecoratedOperator): prepare_email>, send_email already registered for DAG: example_dag_decorator
[2025-06-25T01:46:06.560+0200] {logging_mixin.py:149} INFO - [2025-06-25T01:46:06.560+0200] {taskmixin.py:211} WARNING - Dependency <Task(EmailOperator): send_email>, prepare_email already registered for DAG: example_dag_decorator
[2025-06-25T01:46:06.972+0200] {processor.py:836} INFO - DAG(s) dict_keys(['example_dag_decorator']) retrieved from /home/atef/.local/lib/python3.9/site-packages/airflow/example_dags/example_dag_decorator.py
[2025-06-25T01:46:07.701+0200] {logging_mixin.py:149} INFO - [2025-06-25T01:46:07.700+0200] {dag.py:2726} INFO - Sync 1 DAGs
[2025-06-25T01:46:07.855+0200] {logging_mixin.py:149} INFO - [2025-06-25T01:46:07.855+0200] {dag.py:3486} INFO - Setting next_dagrun for example_dag_decorator to None, run_after=None
[2025-06-25T01:46:07.919+0200] {processor.py:179} INFO - Processing /home/atef/.local/lib/python3.9/site-packages/airflow/example_dags/example_dag_decorator.py took 1.975 seconds
[2025-06-25T01:47:32.574+0200] {processor.py:157} INFO - Started process (PID=188309) to work on /home/atef/.local/lib/python3.9/site-packages/airflow/example_dags/example_dag_decorator.py
[2025-06-25T01:47:32.582+0200] {processor.py:826} INFO - Processing file /home/atef/.local/lib/python3.9/site-packages/airflow/example_dags/example_dag_decorator.py for tasks to queue
[2025-06-25T01:47:32.587+0200] {logging_mixin.py:149} INFO - [2025-06-25T01:47:32.586+0200] {dagbag.py:541} INFO - Filling up the DagBag from /home/atef/.local/lib/python3.9/site-packages/airflow/example_dags/example_dag_decorator.py
[2025-06-25T01:47:32.630+0200] {logging_mixin.py:149} INFO - [2025-06-25T01:47:32.629+0200] {taskmixin.py:211} WARNING - Dependency <Task(_PythonDecoratedOperator): prepare_email>, send_email already registered for DAG: example_dag_decorator
[2025-06-25T01:47:32.632+0200] {logging_mixin.py:149} INFO - [2025-06-25T01:47:32.631+0200] {taskmixin.py:211} WARNING - Dependency <Task(EmailOperator): send_email>, prepare_email already registered for DAG: example_dag_decorator
[2025-06-25T01:47:32.693+0200] {processor.py:836} INFO - DAG(s) dict_keys(['example_dag_decorator']) retrieved from /home/atef/.local/lib/python3.9/site-packages/airflow/example_dags/example_dag_decorator.py
[2025-06-25T01:47:32.936+0200] {logging_mixin.py:149} INFO - [2025-06-25T01:47:32.935+0200] {dag.py:2726} INFO - Sync 1 DAGs
[2025-06-25T01:47:33.015+0200] {logging_mixin.py:149} INFO - [2025-06-25T01:47:33.015+0200] {dag.py:3486} INFO - Setting next_dagrun for example_dag_decorator to None, run_after=None
[2025-06-25T01:47:33.117+0200] {processor.py:179} INFO - Processing /home/atef/.local/lib/python3.9/site-packages/airflow/example_dags/example_dag_decorator.py took 0.570 seconds
[2025-06-25T01:49:42.046+0200] {processor.py:157} INFO - Started process (PID=189204) to work on /home/atef/.local/lib/python3.9/site-packages/airflow/example_dags/example_dag_decorator.py
[2025-06-25T01:49:42.050+0200] {processor.py:826} INFO - Processing file /home/atef/.local/lib/python3.9/site-packages/airflow/example_dags/example_dag_decorator.py for tasks to queue
[2025-06-25T01:49:42.054+0200] {logging_mixin.py:149} INFO - [2025-06-25T01:49:42.054+0200] {dagbag.py:541} INFO - Filling up the DagBag from /home/atef/.local/lib/python3.9/site-packages/airflow/example_dags/example_dag_decorator.py
[2025-06-25T01:49:42.084+0200] {logging_mixin.py:149} INFO - [2025-06-25T01:49:42.083+0200] {taskmixin.py:211} WARNING - Dependency <Task(_PythonDecoratedOperator): prepare_email>, send_email already registered for DAG: example_dag_decorator
[2025-06-25T01:49:42.085+0200] {logging_mixin.py:149} INFO - [2025-06-25T01:49:42.085+0200] {taskmixin.py:211} WARNING - Dependency <Task(EmailOperator): send_email>, prepare_email already registered for DAG: example_dag_decorator
[2025-06-25T01:49:42.117+0200] {processor.py:836} INFO - DAG(s) dict_keys(['example_dag_decorator']) retrieved from /home/atef/.local/lib/python3.9/site-packages/airflow/example_dags/example_dag_decorator.py
[2025-06-25T01:49:42.343+0200] {logging_mixin.py:149} INFO - [2025-06-25T01:49:42.343+0200] {dag.py:2726} INFO - Sync 1 DAGs
[2025-06-25T01:49:42.450+0200] {logging_mixin.py:149} INFO - [2025-06-25T01:49:42.450+0200] {dag.py:3486} INFO - Setting next_dagrun for example_dag_decorator to None, run_after=None
[2025-06-25T01:49:42.528+0200] {processor.py:179} INFO - Processing /home/atef/.local/lib/python3.9/site-packages/airflow/example_dags/example_dag_decorator.py took 0.497 seconds
[2025-06-25T01:51:13.239+0200] {processor.py:157} INFO - Started process (PID=189681) to work on /home/atef/.local/lib/python3.9/site-packages/airflow/example_dags/example_dag_decorator.py
[2025-06-25T01:51:13.243+0200] {processor.py:826} INFO - Processing file /home/atef/.local/lib/python3.9/site-packages/airflow/example_dags/example_dag_decorator.py for tasks to queue
[2025-06-25T01:51:13.245+0200] {logging_mixin.py:149} INFO - [2025-06-25T01:51:13.245+0200] {dagbag.py:541} INFO - Filling up the DagBag from /home/atef/.local/lib/python3.9/site-packages/airflow/example_dags/example_dag_decorator.py
[2025-06-25T01:51:13.267+0200] {logging_mixin.py:149} INFO - [2025-06-25T01:51:13.267+0200] {taskmixin.py:211} WARNING - Dependency <Task(_PythonDecoratedOperator): prepare_email>, send_email already registered for DAG: example_dag_decorator
[2025-06-25T01:51:13.268+0200] {logging_mixin.py:149} INFO - [2025-06-25T01:51:13.268+0200] {taskmixin.py:211} WARNING - Dependency <Task(EmailOperator): send_email>, prepare_email already registered for DAG: example_dag_decorator
[2025-06-25T01:51:13.297+0200] {processor.py:836} INFO - DAG(s) dict_keys(['example_dag_decorator']) retrieved from /home/atef/.local/lib/python3.9/site-packages/airflow/example_dags/example_dag_decorator.py
[2025-06-25T01:51:13.489+0200] {logging_mixin.py:149} INFO - [2025-06-25T01:51:13.487+0200] {dag.py:2726} INFO - Sync 1 DAGs
[2025-06-25T01:51:13.582+0200] {logging_mixin.py:149} INFO - [2025-06-25T01:51:13.582+0200] {dag.py:3486} INFO - Setting next_dagrun for example_dag_decorator to None, run_after=None
[2025-06-25T01:51:13.706+0200] {processor.py:179} INFO - Processing /home/atef/.local/lib/python3.9/site-packages/airflow/example_dags/example_dag_decorator.py took 0.481 seconds
[2025-06-25T01:53:35.927+0200] {processor.py:157} INFO - Started process (PID=190206) to work on /home/atef/.local/lib/python3.9/site-packages/airflow/example_dags/example_dag_decorator.py
[2025-06-25T01:53:35.940+0200] {processor.py:826} INFO - Processing file /home/atef/.local/lib/python3.9/site-packages/airflow/example_dags/example_dag_decorator.py for tasks to queue
[2025-06-25T01:53:35.950+0200] {logging_mixin.py:149} INFO - [2025-06-25T01:53:35.949+0200] {dagbag.py:541} INFO - Filling up the DagBag from /home/atef/.local/lib/python3.9/site-packages/airflow/example_dags/example_dag_decorator.py
[2025-06-25T01:53:36.041+0200] {logging_mixin.py:149} INFO - [2025-06-25T01:53:36.040+0200] {taskmixin.py:211} WARNING - Dependency <Task(_PythonDecoratedOperator): prepare_email>, send_email already registered for DAG: example_dag_decorator
[2025-06-25T01:53:36.044+0200] {logging_mixin.py:149} INFO - [2025-06-25T01:53:36.044+0200] {taskmixin.py:211} WARNING - Dependency <Task(EmailOperator): send_email>, prepare_email already registered for DAG: example_dag_decorator
[2025-06-25T01:53:36.189+0200] {processor.py:836} INFO - DAG(s) dict_keys(['example_dag_decorator']) retrieved from /home/atef/.local/lib/python3.9/site-packages/airflow/example_dags/example_dag_decorator.py
[2025-06-25T01:53:36.650+0200] {logging_mixin.py:149} INFO - [2025-06-25T01:53:36.648+0200] {dag.py:2726} INFO - Sync 1 DAGs
[2025-06-25T01:53:36.865+0200] {logging_mixin.py:149} INFO - [2025-06-25T01:53:36.863+0200] {dag.py:3486} INFO - Setting next_dagrun for example_dag_decorator to None, run_after=None
[2025-06-25T01:53:37.135+0200] {processor.py:179} INFO - Processing /home/atef/.local/lib/python3.9/site-packages/airflow/example_dags/example_dag_decorator.py took 1.254 seconds
[2025-06-25T01:56:00.660+0200] {processor.py:157} INFO - Started process (PID=191075) to work on /home/atef/.local/lib/python3.9/site-packages/airflow/example_dags/example_dag_decorator.py
[2025-06-25T01:56:00.666+0200] {processor.py:826} INFO - Processing file /home/atef/.local/lib/python3.9/site-packages/airflow/example_dags/example_dag_decorator.py for tasks to queue
[2025-06-25T01:56:00.668+0200] {logging_mixin.py:149} INFO - [2025-06-25T01:56:00.668+0200] {dagbag.py:541} INFO - Filling up the DagBag from /home/atef/.local/lib/python3.9/site-packages/airflow/example_dags/example_dag_decorator.py
[2025-06-25T01:56:00.699+0200] {logging_mixin.py:149} INFO - [2025-06-25T01:56:00.699+0200] {taskmixin.py:211} WARNING - Dependency <Task(_PythonDecoratedOperator): prepare_email>, send_email already registered for DAG: example_dag_decorator
[2025-06-25T01:56:00.700+0200] {logging_mixin.py:149} INFO - [2025-06-25T01:56:00.700+0200] {taskmixin.py:211} WARNING - Dependency <Task(EmailOperator): send_email>, prepare_email already registered for DAG: example_dag_decorator
[2025-06-25T01:56:00.729+0200] {processor.py:836} INFO - DAG(s) dict_keys(['example_dag_decorator']) retrieved from /home/atef/.local/lib/python3.9/site-packages/airflow/example_dags/example_dag_decorator.py
[2025-06-25T01:56:00.842+0200] {logging_mixin.py:149} INFO - [2025-06-25T01:56:00.841+0200] {dag.py:2726} INFO - Sync 1 DAGs
[2025-06-25T01:56:00.884+0200] {logging_mixin.py:149} INFO - [2025-06-25T01:56:00.883+0200] {dag.py:3486} INFO - Setting next_dagrun for example_dag_decorator to None, run_after=None
[2025-06-25T01:56:00.939+0200] {processor.py:179} INFO - Processing /home/atef/.local/lib/python3.9/site-packages/airflow/example_dags/example_dag_decorator.py took 0.292 seconds
[2025-06-25T01:57:17.511+0200] {processor.py:157} INFO - Started process (PID=191397) to work on /home/atef/.local/lib/python3.9/site-packages/airflow/example_dags/example_dag_decorator.py
[2025-06-25T01:57:17.519+0200] {processor.py:826} INFO - Processing file /home/atef/.local/lib/python3.9/site-packages/airflow/example_dags/example_dag_decorator.py for tasks to queue
[2025-06-25T01:57:17.523+0200] {logging_mixin.py:149} INFO - [2025-06-25T01:57:17.522+0200] {dagbag.py:541} INFO - Filling up the DagBag from /home/atef/.local/lib/python3.9/site-packages/airflow/example_dags/example_dag_decorator.py
[2025-06-25T01:57:17.558+0200] {logging_mixin.py:149} INFO - [2025-06-25T01:57:17.558+0200] {taskmixin.py:211} WARNING - Dependency <Task(_PythonDecoratedOperator): prepare_email>, send_email already registered for DAG: example_dag_decorator
[2025-06-25T01:57:17.559+0200] {logging_mixin.py:149} INFO - [2025-06-25T01:57:17.559+0200] {taskmixin.py:211} WARNING - Dependency <Task(EmailOperator): send_email>, prepare_email already registered for DAG: example_dag_decorator
[2025-06-25T01:57:17.596+0200] {processor.py:836} INFO - DAG(s) dict_keys(['example_dag_decorator']) retrieved from /home/atef/.local/lib/python3.9/site-packages/airflow/example_dags/example_dag_decorator.py
[2025-06-25T01:57:17.764+0200] {logging_mixin.py:149} INFO - [2025-06-25T01:57:17.763+0200] {dag.py:2726} INFO - Sync 1 DAGs
[2025-06-25T01:57:17.865+0200] {logging_mixin.py:149} INFO - [2025-06-25T01:57:17.865+0200] {dag.py:3486} INFO - Setting next_dagrun for example_dag_decorator to None, run_after=None
[2025-06-25T01:57:18.356+0200] {processor.py:179} INFO - Processing /home/atef/.local/lib/python3.9/site-packages/airflow/example_dags/example_dag_decorator.py took 0.874 seconds
