[2025-06-24T23:14:46.019+0200] {processor.py:157} INFO - Started process (PID=154787) to work on /home/atef/.local/lib/python3.9/site-packages/airflow/example_dags/example_task_group_decorator.py
[2025-06-24T23:14:46.023+0200] {processor.py:826} INFO - Processing file /home/atef/.local/lib/python3.9/site-packages/airflow/example_dags/example_task_group_decorator.py for tasks to queue
[2025-06-24T23:14:46.026+0200] {logging_mixin.py:149} INFO - [2025-06-24T23:14:46.026+0200] {dagbag.py:541} INFO - Filling up the DagBag from /home/atef/.local/lib/python3.9/site-packages/airflow/example_dags/example_task_group_decorator.py
[2025-06-24T23:14:46.075+0200] {processor.py:836} INFO - DAG(s) dict_keys(['example_task_group_decorator']) retrieved from /home/atef/.local/lib/python3.9/site-packages/airflow/example_dags/example_task_group_decorator.py
[2025-06-24T23:14:46.158+0200] {logging_mixin.py:149} INFO - [2025-06-24T23:14:46.157+0200] {dag.py:2726} INFO - Sync 1 DAGs
[2025-06-24T23:14:46.219+0200] {logging_mixin.py:149} INFO - [2025-06-24T23:14:46.219+0200] {dag.py:3486} INFO - Setting next_dagrun for example_task_group_decorator to 2025-06-23T21:14:46.218890+00:00, run_after=2025-06-24T21:14:46.218890+00:00
[2025-06-24T23:14:46.264+0200] {processor.py:179} INFO - Processing /home/atef/.local/lib/python3.9/site-packages/airflow/example_dags/example_task_group_decorator.py took 0.258 seconds
[2025-06-24T23:16:17.203+0200] {processor.py:157} INFO - Started process (PID=155105) to work on /home/atef/.local/lib/python3.9/site-packages/airflow/example_dags/example_task_group_decorator.py
[2025-06-24T23:16:17.208+0200] {processor.py:826} INFO - Processing file /home/atef/.local/lib/python3.9/site-packages/airflow/example_dags/example_task_group_decorator.py for tasks to queue
[2025-06-24T23:16:17.210+0200] {logging_mixin.py:149} INFO - [2025-06-24T23:16:17.210+0200] {dagbag.py:541} INFO - Filling up the DagBag from /home/atef/.local/lib/python3.9/site-packages/airflow/example_dags/example_task_group_decorator.py
[2025-06-24T23:16:17.254+0200] {processor.py:836} INFO - DAG(s) dict_keys(['example_task_group_decorator']) retrieved from /home/atef/.local/lib/python3.9/site-packages/airflow/example_dags/example_task_group_decorator.py
[2025-06-24T23:16:17.333+0200] {logging_mixin.py:149} INFO - [2025-06-24T23:16:17.333+0200] {dag.py:2726} INFO - Sync 1 DAGs
[2025-06-24T23:16:17.399+0200] {logging_mixin.py:149} INFO - [2025-06-24T23:16:17.399+0200] {dag.py:3486} INFO - Setting next_dagrun for example_task_group_decorator to 2025-06-23T21:16:17.397425+00:00, run_after=2025-06-24T21:16:17.397425+00:00
[2025-06-24T23:16:17.512+0200] {processor.py:179} INFO - Processing /home/atef/.local/lib/python3.9/site-packages/airflow/example_dags/example_task_group_decorator.py took 0.323 seconds
[2025-06-24T23:17:15.229+0200] {processor.py:157} INFO - Started process (PID=155238) to work on /home/atef/.local/lib/python3.9/site-packages/airflow/example_dags/example_task_group_decorator.py
[2025-06-24T23:17:15.235+0200] {processor.py:826} INFO - Processing file /home/atef/.local/lib/python3.9/site-packages/airflow/example_dags/example_task_group_decorator.py for tasks to queue
[2025-06-24T23:17:15.241+0200] {logging_mixin.py:149} INFO - [2025-06-24T23:17:15.240+0200] {dagbag.py:541} INFO - Filling up the DagBag from /home/atef/.local/lib/python3.9/site-packages/airflow/example_dags/example_task_group_decorator.py
[2025-06-24T23:17:15.301+0200] {processor.py:836} INFO - DAG(s) dict_keys(['example_task_group_decorator']) retrieved from /home/atef/.local/lib/python3.9/site-packages/airflow/example_dags/example_task_group_decorator.py
[2025-06-24T23:17:15.382+0200] {logging_mixin.py:149} INFO - [2025-06-24T23:17:15.382+0200] {dag.py:2726} INFO - Sync 1 DAGs
[2025-06-24T23:17:15.429+0200] {logging_mixin.py:149} INFO - [2025-06-24T23:17:15.428+0200] {dag.py:3486} INFO - Setting next_dagrun for example_task_group_decorator to 2025-06-23T21:17:15.428187+00:00, run_after=2025-06-24T21:17:15.428187+00:00
[2025-06-24T23:17:15.466+0200] {processor.py:179} INFO - Processing /home/atef/.local/lib/python3.9/site-packages/airflow/example_dags/example_task_group_decorator.py took 0.267 seconds
[2025-06-24T23:18:41.510+0200] {processor.py:157} INFO - Started process (PID=155686) to work on /home/atef/.local/lib/python3.9/site-packages/airflow/example_dags/example_task_group_decorator.py
[2025-06-24T23:18:41.525+0200] {processor.py:826} INFO - Processing file /home/atef/.local/lib/python3.9/site-packages/airflow/example_dags/example_task_group_decorator.py for tasks to queue
[2025-06-24T23:18:41.533+0200] {logging_mixin.py:149} INFO - [2025-06-24T23:18:41.532+0200] {dagbag.py:541} INFO - Filling up the DagBag from /home/atef/.local/lib/python3.9/site-packages/airflow/example_dags/example_task_group_decorator.py
[2025-06-24T23:18:41.623+0200] {processor.py:836} INFO - DAG(s) dict_keys(['example_task_group_decorator']) retrieved from /home/atef/.local/lib/python3.9/site-packages/airflow/example_dags/example_task_group_decorator.py
[2025-06-24T23:18:41.765+0200] {logging_mixin.py:149} INFO - [2025-06-24T23:18:41.764+0200] {dag.py:2726} INFO - Sync 1 DAGs
[2025-06-24T23:18:41.853+0200] {logging_mixin.py:149} INFO - [2025-06-24T23:18:41.853+0200] {dag.py:3486} INFO - Setting next_dagrun for example_task_group_decorator to 2025-06-23T21:18:41.851850+00:00, run_after=2025-06-24T21:18:41.851850+00:00
[2025-06-24T23:18:41.928+0200] {processor.py:179} INFO - Processing /home/atef/.local/lib/python3.9/site-packages/airflow/example_dags/example_task_group_decorator.py took 0.460 seconds
[2025-06-25T01:10:59.612+0200] {processor.py:157} INFO - Started process (PID=172636) to work on /home/atef/.local/lib/python3.9/site-packages/airflow/example_dags/example_task_group_decorator.py
[2025-06-25T01:10:59.666+0200] {processor.py:826} INFO - Processing file /home/atef/.local/lib/python3.9/site-packages/airflow/example_dags/example_task_group_decorator.py for tasks to queue
[2025-06-25T01:10:59.673+0200] {logging_mixin.py:149} INFO - [2025-06-25T01:10:59.672+0200] {dagbag.py:541} INFO - Filling up the DagBag from /home/atef/.local/lib/python3.9/site-packages/airflow/example_dags/example_task_group_decorator.py
[2025-06-25T01:10:59.814+0200] {processor.py:836} INFO - DAG(s) dict_keys(['example_task_group_decorator']) retrieved from /home/atef/.local/lib/python3.9/site-packages/airflow/example_dags/example_task_group_decorator.py
[2025-06-25T01:11:00.269+0200] {logging_mixin.py:149} INFO - [2025-06-25T01:11:00.268+0200] {dag.py:2726} INFO - Sync 1 DAGs
[2025-06-25T01:11:00.553+0200] {logging_mixin.py:149} INFO - [2025-06-25T01:11:00.550+0200] {dag.py:3486} INFO - Setting next_dagrun for example_task_group_decorator to 2025-06-23T23:11:00.548995+00:00, run_after=2025-06-24T23:11:00.548995+00:00
[2025-06-25T01:11:00.688+0200] {processor.py:179} INFO - Processing /home/atef/.local/lib/python3.9/site-packages/airflow/example_dags/example_task_group_decorator.py took 1.121 seconds
[2025-06-25T01:17:32.633+0200] {processor.py:157} INFO - Started process (PID=174629) to work on /home/atef/.local/lib/python3.9/site-packages/airflow/example_dags/example_task_group_decorator.py
[2025-06-25T01:17:32.707+0200] {processor.py:826} INFO - Processing file /home/atef/.local/lib/python3.9/site-packages/airflow/example_dags/example_task_group_decorator.py for tasks to queue
[2025-06-25T01:17:32.719+0200] {logging_mixin.py:149} INFO - [2025-06-25T01:17:32.712+0200] {dagbag.py:541} INFO - Filling up the DagBag from /home/atef/.local/lib/python3.9/site-packages/airflow/example_dags/example_task_group_decorator.py
[2025-06-25T01:17:33.644+0200] {processor.py:836} INFO - DAG(s) dict_keys(['example_task_group_decorator']) retrieved from /home/atef/.local/lib/python3.9/site-packages/airflow/example_dags/example_task_group_decorator.py
[2025-06-25T01:17:34.531+0200] {logging_mixin.py:149} INFO - [2025-06-25T01:17:34.530+0200] {dag.py:2726} INFO - Sync 1 DAGs
[2025-06-25T01:17:34.813+0200] {logging_mixin.py:149} INFO - [2025-06-25T01:17:34.812+0200] {dag.py:3486} INFO - Setting next_dagrun for example_task_group_decorator to 2025-06-23T23:17:34.803840+00:00, run_after=2025-06-24T23:17:34.803840+00:00
[2025-06-25T01:17:35.041+0200] {processor.py:179} INFO - Processing /home/atef/.local/lib/python3.9/site-packages/airflow/example_dags/example_task_group_decorator.py took 2.660 seconds
[2025-06-25T01:19:19.982+0200] {processor.py:157} INFO - Started process (PID=175596) to work on /home/atef/.local/lib/python3.9/site-packages/airflow/example_dags/example_task_group_decorator.py
[2025-06-25T01:19:19.989+0200] {processor.py:826} INFO - Processing file /home/atef/.local/lib/python3.9/site-packages/airflow/example_dags/example_task_group_decorator.py for tasks to queue
[2025-06-25T01:19:20.007+0200] {logging_mixin.py:149} INFO - [2025-06-25T01:19:20.007+0200] {dagbag.py:541} INFO - Filling up the DagBag from /home/atef/.local/lib/python3.9/site-packages/airflow/example_dags/example_task_group_decorator.py
[2025-06-25T01:19:20.259+0200] {processor.py:836} INFO - DAG(s) dict_keys(['example_task_group_decorator']) retrieved from /home/atef/.local/lib/python3.9/site-packages/airflow/example_dags/example_task_group_decorator.py
[2025-06-25T01:19:20.648+0200] {logging_mixin.py:149} INFO - [2025-06-25T01:19:20.648+0200] {dag.py:2726} INFO - Sync 1 DAGs
[2025-06-25T01:19:21.002+0200] {logging_mixin.py:149} INFO - [2025-06-25T01:19:21.002+0200] {dag.py:3486} INFO - Setting next_dagrun for example_task_group_decorator to 2025-06-23T23:19:20.994828+00:00, run_after=2025-06-24T23:19:20.994828+00:00
[2025-06-25T01:19:21.209+0200] {processor.py:179} INFO - Processing /home/atef/.local/lib/python3.9/site-packages/airflow/example_dags/example_task_group_decorator.py took 1.280 seconds
[2025-06-25T01:20:37.365+0200] {processor.py:157} INFO - Started process (PID=176183) to work on /home/atef/.local/lib/python3.9/site-packages/airflow/example_dags/example_task_group_decorator.py
[2025-06-25T01:20:37.370+0200] {processor.py:826} INFO - Processing file /home/atef/.local/lib/python3.9/site-packages/airflow/example_dags/example_task_group_decorator.py for tasks to queue
[2025-06-25T01:20:37.373+0200] {logging_mixin.py:149} INFO - [2025-06-25T01:20:37.372+0200] {dagbag.py:541} INFO - Filling up the DagBag from /home/atef/.local/lib/python3.9/site-packages/airflow/example_dags/example_task_group_decorator.py
[2025-06-25T01:20:37.416+0200] {processor.py:836} INFO - DAG(s) dict_keys(['example_task_group_decorator']) retrieved from /home/atef/.local/lib/python3.9/site-packages/airflow/example_dags/example_task_group_decorator.py
[2025-06-25T01:20:37.503+0200] {logging_mixin.py:149} INFO - [2025-06-25T01:20:37.503+0200] {dag.py:2726} INFO - Sync 1 DAGs
[2025-06-25T01:20:37.558+0200] {logging_mixin.py:149} INFO - [2025-06-25T01:20:37.558+0200] {dag.py:3486} INFO - Setting next_dagrun for example_task_group_decorator to 2025-06-23T23:20:37.557347+00:00, run_after=2025-06-24T23:20:37.557347+00:00
[2025-06-25T01:20:37.601+0200] {processor.py:179} INFO - Processing /home/atef/.local/lib/python3.9/site-packages/airflow/example_dags/example_task_group_decorator.py took 0.251 seconds
[2025-06-25T01:21:58.689+0200] {processor.py:157} INFO - Started process (PID=177004) to work on /home/atef/.local/lib/python3.9/site-packages/airflow/example_dags/example_task_group_decorator.py
[2025-06-25T01:21:58.696+0200] {processor.py:826} INFO - Processing file /home/atef/.local/lib/python3.9/site-packages/airflow/example_dags/example_task_group_decorator.py for tasks to queue
[2025-06-25T01:21:58.700+0200] {logging_mixin.py:149} INFO - [2025-06-25T01:21:58.700+0200] {dagbag.py:541} INFO - Filling up the DagBag from /home/atef/.local/lib/python3.9/site-packages/airflow/example_dags/example_task_group_decorator.py
[2025-06-25T01:21:58.776+0200] {processor.py:836} INFO - DAG(s) dict_keys(['example_task_group_decorator']) retrieved from /home/atef/.local/lib/python3.9/site-packages/airflow/example_dags/example_task_group_decorator.py
[2025-06-25T01:21:58.994+0200] {logging_mixin.py:149} INFO - [2025-06-25T01:21:58.994+0200] {dag.py:2726} INFO - Sync 1 DAGs
[2025-06-25T01:21:59.195+0200] {logging_mixin.py:149} INFO - [2025-06-25T01:21:59.187+0200] {dag.py:3486} INFO - Setting next_dagrun for example_task_group_decorator to 2025-06-23T23:21:59.186616+00:00, run_after=2025-06-24T23:21:59.186616+00:00
[2025-06-25T01:21:59.309+0200] {processor.py:179} INFO - Processing /home/atef/.local/lib/python3.9/site-packages/airflow/example_dags/example_task_group_decorator.py took 0.643 seconds
[2025-06-25T01:23:03.659+0200] {processor.py:157} INFO - Started process (PID=177150) to work on /home/atef/.local/lib/python3.9/site-packages/airflow/example_dags/example_task_group_decorator.py
[2025-06-25T01:23:03.663+0200] {processor.py:826} INFO - Processing file /home/atef/.local/lib/python3.9/site-packages/airflow/example_dags/example_task_group_decorator.py for tasks to queue
[2025-06-25T01:23:03.665+0200] {logging_mixin.py:149} INFO - [2025-06-25T01:23:03.665+0200] {dagbag.py:541} INFO - Filling up the DagBag from /home/atef/.local/lib/python3.9/site-packages/airflow/example_dags/example_task_group_decorator.py
[2025-06-25T01:23:03.700+0200] {processor.py:836} INFO - DAG(s) dict_keys(['example_task_group_decorator']) retrieved from /home/atef/.local/lib/python3.9/site-packages/airflow/example_dags/example_task_group_decorator.py
[2025-06-25T01:23:03.776+0200] {logging_mixin.py:149} INFO - [2025-06-25T01:23:03.776+0200] {dag.py:2726} INFO - Sync 1 DAGs
[2025-06-25T01:23:03.818+0200] {logging_mixin.py:149} INFO - [2025-06-25T01:23:03.818+0200] {dag.py:3486} INFO - Setting next_dagrun for example_task_group_decorator to 2025-06-23T23:23:03.817690+00:00, run_after=2025-06-24T23:23:03.817690+00:00
[2025-06-25T01:23:03.863+0200] {processor.py:179} INFO - Processing /home/atef/.local/lib/python3.9/site-packages/airflow/example_dags/example_task_group_decorator.py took 0.218 seconds
[2025-06-25T01:25:03.885+0200] {processor.py:157} INFO - Started process (PID=178257) to work on /home/atef/.local/lib/python3.9/site-packages/airflow/example_dags/example_task_group_decorator.py
[2025-06-25T01:25:03.896+0200] {processor.py:826} INFO - Processing file /home/atef/.local/lib/python3.9/site-packages/airflow/example_dags/example_task_group_decorator.py for tasks to queue
[2025-06-25T01:25:03.902+0200] {logging_mixin.py:149} INFO - [2025-06-25T01:25:03.901+0200] {dagbag.py:541} INFO - Filling up the DagBag from /home/atef/.local/lib/python3.9/site-packages/airflow/example_dags/example_task_group_decorator.py
[2025-06-25T01:25:04.130+0200] {processor.py:836} INFO - DAG(s) dict_keys(['example_task_group_decorator']) retrieved from /home/atef/.local/lib/python3.9/site-packages/airflow/example_dags/example_task_group_decorator.py
[2025-06-25T01:25:04.656+0200] {logging_mixin.py:149} INFO - [2025-06-25T01:25:04.655+0200] {dag.py:2726} INFO - Sync 1 DAGs
[2025-06-25T01:25:04.902+0200] {logging_mixin.py:149} INFO - [2025-06-25T01:25:04.899+0200] {dag.py:3486} INFO - Setting next_dagrun for example_task_group_decorator to 2025-06-23T23:25:04.896101+00:00, run_after=2025-06-24T23:25:04.896101+00:00
[2025-06-25T01:25:05.138+0200] {processor.py:179} INFO - Processing /home/atef/.local/lib/python3.9/site-packages/airflow/example_dags/example_task_group_decorator.py took 1.320 seconds
[2025-06-25T01:26:11.372+0200] {processor.py:157} INFO - Started process (PID=178648) to work on /home/atef/.local/lib/python3.9/site-packages/airflow/example_dags/example_task_group_decorator.py
[2025-06-25T01:26:11.377+0200] {processor.py:826} INFO - Processing file /home/atef/.local/lib/python3.9/site-packages/airflow/example_dags/example_task_group_decorator.py for tasks to queue
[2025-06-25T01:26:11.379+0200] {logging_mixin.py:149} INFO - [2025-06-25T01:26:11.379+0200] {dagbag.py:541} INFO - Filling up the DagBag from /home/atef/.local/lib/python3.9/site-packages/airflow/example_dags/example_task_group_decorator.py
[2025-06-25T01:26:11.419+0200] {processor.py:836} INFO - DAG(s) dict_keys(['example_task_group_decorator']) retrieved from /home/atef/.local/lib/python3.9/site-packages/airflow/example_dags/example_task_group_decorator.py
[2025-06-25T01:26:11.509+0200] {logging_mixin.py:149} INFO - [2025-06-25T01:26:11.509+0200] {dag.py:2726} INFO - Sync 1 DAGs
[2025-06-25T01:26:11.567+0200] {logging_mixin.py:149} INFO - [2025-06-25T01:26:11.567+0200] {dag.py:3486} INFO - Setting next_dagrun for example_task_group_decorator to 2025-06-23T23:26:11.566588+00:00, run_after=2025-06-24T23:26:11.566588+00:00
[2025-06-25T01:26:11.657+0200] {processor.py:179} INFO - Processing /home/atef/.local/lib/python3.9/site-packages/airflow/example_dags/example_task_group_decorator.py took 0.297 seconds
[2025-06-25T01:27:14.889+0200] {processor.py:157} INFO - Started process (PID=179108) to work on /home/atef/.local/lib/python3.9/site-packages/airflow/example_dags/example_task_group_decorator.py
[2025-06-25T01:27:14.894+0200] {processor.py:826} INFO - Processing file /home/atef/.local/lib/python3.9/site-packages/airflow/example_dags/example_task_group_decorator.py for tasks to queue
[2025-06-25T01:27:14.896+0200] {logging_mixin.py:149} INFO - [2025-06-25T01:27:14.896+0200] {dagbag.py:541} INFO - Filling up the DagBag from /home/atef/.local/lib/python3.9/site-packages/airflow/example_dags/example_task_group_decorator.py
[2025-06-25T01:27:14.940+0200] {processor.py:836} INFO - DAG(s) dict_keys(['example_task_group_decorator']) retrieved from /home/atef/.local/lib/python3.9/site-packages/airflow/example_dags/example_task_group_decorator.py
[2025-06-25T01:27:15.016+0200] {logging_mixin.py:149} INFO - [2025-06-25T01:27:15.016+0200] {dag.py:2726} INFO - Sync 1 DAGs
[2025-06-25T01:27:15.084+0200] {logging_mixin.py:149} INFO - [2025-06-25T01:27:15.083+0200] {dag.py:3486} INFO - Setting next_dagrun for example_task_group_decorator to 2025-06-23T23:27:15.082881+00:00, run_after=2025-06-24T23:27:15.082881+00:00
[2025-06-25T01:27:15.159+0200] {processor.py:179} INFO - Processing /home/atef/.local/lib/python3.9/site-packages/airflow/example_dags/example_task_group_decorator.py took 0.285 seconds
[2025-06-25T01:29:04.758+0200] {processor.py:157} INFO - Started process (PID=180078) to work on /home/atef/.local/lib/python3.9/site-packages/airflow/example_dags/example_task_group_decorator.py
[2025-06-25T01:29:04.763+0200] {processor.py:826} INFO - Processing file /home/atef/.local/lib/python3.9/site-packages/airflow/example_dags/example_task_group_decorator.py for tasks to queue
[2025-06-25T01:29:04.766+0200] {logging_mixin.py:149} INFO - [2025-06-25T01:29:04.765+0200] {dagbag.py:541} INFO - Filling up the DagBag from /home/atef/.local/lib/python3.9/site-packages/airflow/example_dags/example_task_group_decorator.py
[2025-06-25T01:29:04.816+0200] {processor.py:836} INFO - DAG(s) dict_keys(['example_task_group_decorator']) retrieved from /home/atef/.local/lib/python3.9/site-packages/airflow/example_dags/example_task_group_decorator.py
[2025-06-25T01:29:04.898+0200] {logging_mixin.py:149} INFO - [2025-06-25T01:29:04.897+0200] {dag.py:2726} INFO - Sync 1 DAGs
[2025-06-25T01:29:04.960+0200] {logging_mixin.py:149} INFO - [2025-06-25T01:29:04.959+0200] {dag.py:3486} INFO - Setting next_dagrun for example_task_group_decorator to 2025-06-23T23:29:04.958345+00:00, run_after=2025-06-24T23:29:04.958345+00:00
[2025-06-25T01:29:05.021+0200] {processor.py:179} INFO - Processing /home/atef/.local/lib/python3.9/site-packages/airflow/example_dags/example_task_group_decorator.py took 0.282 seconds
[2025-06-25T01:30:12.215+0200] {processor.py:157} INFO - Started process (PID=180449) to work on /home/atef/.local/lib/python3.9/site-packages/airflow/example_dags/example_task_group_decorator.py
[2025-06-25T01:30:12.222+0200] {processor.py:826} INFO - Processing file /home/atef/.local/lib/python3.9/site-packages/airflow/example_dags/example_task_group_decorator.py for tasks to queue
[2025-06-25T01:30:12.228+0200] {logging_mixin.py:149} INFO - [2025-06-25T01:30:12.228+0200] {dagbag.py:541} INFO - Filling up the DagBag from /home/atef/.local/lib/python3.9/site-packages/airflow/example_dags/example_task_group_decorator.py
[2025-06-25T01:30:12.321+0200] {processor.py:836} INFO - DAG(s) dict_keys(['example_task_group_decorator']) retrieved from /home/atef/.local/lib/python3.9/site-packages/airflow/example_dags/example_task_group_decorator.py
[2025-06-25T01:30:12.384+0200] {logging_mixin.py:149} INFO - [2025-06-25T01:30:12.384+0200] {dag.py:2726} INFO - Sync 1 DAGs
[2025-06-25T01:30:12.419+0200] {logging_mixin.py:149} INFO - [2025-06-25T01:30:12.419+0200] {dag.py:3486} INFO - Setting next_dagrun for example_task_group_decorator to 2025-06-23T23:30:12.419025+00:00, run_after=2025-06-24T23:30:12.419025+00:00
[2025-06-25T01:30:12.469+0200] {processor.py:179} INFO - Processing /home/atef/.local/lib/python3.9/site-packages/airflow/example_dags/example_task_group_decorator.py took 0.296 seconds
[2025-06-25T01:31:09.187+0200] {processor.py:157} INFO - Started process (PID=181127) to work on /home/atef/.local/lib/python3.9/site-packages/airflow/example_dags/example_task_group_decorator.py
[2025-06-25T01:31:09.192+0200] {processor.py:826} INFO - Processing file /home/atef/.local/lib/python3.9/site-packages/airflow/example_dags/example_task_group_decorator.py for tasks to queue
[2025-06-25T01:31:09.194+0200] {logging_mixin.py:149} INFO - [2025-06-25T01:31:09.194+0200] {dagbag.py:541} INFO - Filling up the DagBag from /home/atef/.local/lib/python3.9/site-packages/airflow/example_dags/example_task_group_decorator.py
[2025-06-25T01:31:09.234+0200] {processor.py:836} INFO - DAG(s) dict_keys(['example_task_group_decorator']) retrieved from /home/atef/.local/lib/python3.9/site-packages/airflow/example_dags/example_task_group_decorator.py
[2025-06-25T01:31:09.308+0200] {logging_mixin.py:149} INFO - [2025-06-25T01:31:09.307+0200] {dag.py:2726} INFO - Sync 1 DAGs
[2025-06-25T01:31:09.350+0200] {logging_mixin.py:149} INFO - [2025-06-25T01:31:09.350+0200] {dag.py:3486} INFO - Setting next_dagrun for example_task_group_decorator to 2025-06-23T23:31:09.349260+00:00, run_after=2025-06-24T23:31:09.349260+00:00
[2025-06-25T01:31:09.467+0200] {processor.py:179} INFO - Processing /home/atef/.local/lib/python3.9/site-packages/airflow/example_dags/example_task_group_decorator.py took 0.293 seconds
[2025-06-25T01:32:23.057+0200] {processor.py:157} INFO - Started process (PID=181408) to work on /home/atef/.local/lib/python3.9/site-packages/airflow/example_dags/example_task_group_decorator.py
[2025-06-25T01:32:23.062+0200] {processor.py:826} INFO - Processing file /home/atef/.local/lib/python3.9/site-packages/airflow/example_dags/example_task_group_decorator.py for tasks to queue
[2025-06-25T01:32:23.067+0200] {logging_mixin.py:149} INFO - [2025-06-25T01:32:23.064+0200] {dagbag.py:541} INFO - Filling up the DagBag from /home/atef/.local/lib/python3.9/site-packages/airflow/example_dags/example_task_group_decorator.py
[2025-06-25T01:32:23.111+0200] {processor.py:836} INFO - DAG(s) dict_keys(['example_task_group_decorator']) retrieved from /home/atef/.local/lib/python3.9/site-packages/airflow/example_dags/example_task_group_decorator.py
[2025-06-25T01:32:23.199+0200] {logging_mixin.py:149} INFO - [2025-06-25T01:32:23.198+0200] {dag.py:2726} INFO - Sync 1 DAGs
[2025-06-25T01:32:23.292+0200] {logging_mixin.py:149} INFO - [2025-06-25T01:32:23.291+0200] {dag.py:3486} INFO - Setting next_dagrun for example_task_group_decorator to 2025-06-23T23:32:23.289900+00:00, run_after=2025-06-24T23:32:23.289900+00:00
[2025-06-25T01:32:23.482+0200] {processor.py:179} INFO - Processing /home/atef/.local/lib/python3.9/site-packages/airflow/example_dags/example_task_group_decorator.py took 0.436 seconds
[2025-06-25T01:34:15.395+0200] {processor.py:157} INFO - Started process (PID=182022) to work on /home/atef/.local/lib/python3.9/site-packages/airflow/example_dags/example_task_group_decorator.py
[2025-06-25T01:34:15.789+0200] {processor.py:826} INFO - Processing file /home/atef/.local/lib/python3.9/site-packages/airflow/example_dags/example_task_group_decorator.py for tasks to queue
[2025-06-25T01:34:15.806+0200] {logging_mixin.py:149} INFO - [2025-06-25T01:34:15.800+0200] {dagbag.py:541} INFO - Filling up the DagBag from /home/atef/.local/lib/python3.9/site-packages/airflow/example_dags/example_task_group_decorator.py
[2025-06-25T01:34:15.971+0200] {processor.py:836} INFO - DAG(s) dict_keys(['example_task_group_decorator']) retrieved from /home/atef/.local/lib/python3.9/site-packages/airflow/example_dags/example_task_group_decorator.py
[2025-06-25T01:34:16.134+0200] {logging_mixin.py:149} INFO - [2025-06-25T01:34:16.133+0200] {dag.py:2726} INFO - Sync 1 DAGs
[2025-06-25T01:34:16.390+0200] {logging_mixin.py:149} INFO - [2025-06-25T01:34:16.389+0200] {dag.py:3486} INFO - Setting next_dagrun for example_task_group_decorator to 2025-06-23T23:34:16.388967+00:00, run_after=2025-06-24T23:34:16.388967+00:00
[2025-06-25T01:34:16.478+0200] {processor.py:179} INFO - Processing /home/atef/.local/lib/python3.9/site-packages/airflow/example_dags/example_task_group_decorator.py took 1.139 seconds
[2025-06-25T01:35:30.217+0200] {processor.py:157} INFO - Started process (PID=182302) to work on /home/atef/.local/lib/python3.9/site-packages/airflow/example_dags/example_task_group_decorator.py
[2025-06-25T01:35:30.246+0200] {processor.py:826} INFO - Processing file /home/atef/.local/lib/python3.9/site-packages/airflow/example_dags/example_task_group_decorator.py for tasks to queue
[2025-06-25T01:35:30.257+0200] {logging_mixin.py:149} INFO - [2025-06-25T01:35:30.256+0200] {dagbag.py:541} INFO - Filling up the DagBag from /home/atef/.local/lib/python3.9/site-packages/airflow/example_dags/example_task_group_decorator.py
[2025-06-25T01:35:30.765+0200] {processor.py:836} INFO - DAG(s) dict_keys(['example_task_group_decorator']) retrieved from /home/atef/.local/lib/python3.9/site-packages/airflow/example_dags/example_task_group_decorator.py
[2025-06-25T01:35:31.940+0200] {logging_mixin.py:149} INFO - [2025-06-25T01:35:31.939+0200] {dag.py:2726} INFO - Sync 1 DAGs
[2025-06-25T01:35:32.592+0200] {logging_mixin.py:149} INFO - [2025-06-25T01:35:32.591+0200] {dag.py:3486} INFO - Setting next_dagrun for example_task_group_decorator to 2025-06-23T23:35:32.586133+00:00, run_after=2025-06-24T23:35:32.586133+00:00
[2025-06-25T01:35:33.111+0200] {processor.py:179} INFO - Processing /home/atef/.local/lib/python3.9/site-packages/airflow/example_dags/example_task_group_decorator.py took 3.075 seconds
[2025-06-25T01:37:35.439+0200] {processor.py:157} INFO - Started process (PID=183121) to work on /home/atef/.local/lib/python3.9/site-packages/airflow/example_dags/example_task_group_decorator.py
[2025-06-25T01:37:35.447+0200] {processor.py:826} INFO - Processing file /home/atef/.local/lib/python3.9/site-packages/airflow/example_dags/example_task_group_decorator.py for tasks to queue
[2025-06-25T01:37:35.452+0200] {logging_mixin.py:149} INFO - [2025-06-25T01:37:35.451+0200] {dagbag.py:541} INFO - Filling up the DagBag from /home/atef/.local/lib/python3.9/site-packages/airflow/example_dags/example_task_group_decorator.py
[2025-06-25T01:37:35.545+0200] {processor.py:836} INFO - DAG(s) dict_keys(['example_task_group_decorator']) retrieved from /home/atef/.local/lib/python3.9/site-packages/airflow/example_dags/example_task_group_decorator.py
[2025-06-25T01:37:35.750+0200] {logging_mixin.py:149} INFO - [2025-06-25T01:37:35.749+0200] {dag.py:2726} INFO - Sync 1 DAGs
[2025-06-25T01:37:36.309+0200] {logging_mixin.py:149} INFO - [2025-06-25T01:37:36.308+0200] {dag.py:3486} INFO - Setting next_dagrun for example_task_group_decorator to 2025-06-23T23:37:36.307933+00:00, run_after=2025-06-24T23:37:36.307933+00:00
[2025-06-25T01:37:36.487+0200] {processor.py:179} INFO - Processing /home/atef/.local/lib/python3.9/site-packages/airflow/example_dags/example_task_group_decorator.py took 1.076 seconds
[2025-06-25T01:39:01.836+0200] {processor.py:157} INFO - Started process (PID=183645) to work on /home/atef/.local/lib/python3.9/site-packages/airflow/example_dags/example_task_group_decorator.py
[2025-06-25T01:39:01.842+0200] {processor.py:826} INFO - Processing file /home/atef/.local/lib/python3.9/site-packages/airflow/example_dags/example_task_group_decorator.py for tasks to queue
[2025-06-25T01:39:01.844+0200] {logging_mixin.py:149} INFO - [2025-06-25T01:39:01.844+0200] {dagbag.py:541} INFO - Filling up the DagBag from /home/atef/.local/lib/python3.9/site-packages/airflow/example_dags/example_task_group_decorator.py
[2025-06-25T01:39:01.885+0200] {processor.py:836} INFO - DAG(s) dict_keys(['example_task_group_decorator']) retrieved from /home/atef/.local/lib/python3.9/site-packages/airflow/example_dags/example_task_group_decorator.py
[2025-06-25T01:39:01.978+0200] {logging_mixin.py:149} INFO - [2025-06-25T01:39:01.978+0200] {dag.py:2726} INFO - Sync 1 DAGs
[2025-06-25T01:39:02.105+0200] {logging_mixin.py:149} INFO - [2025-06-25T01:39:02.104+0200] {dag.py:3486} INFO - Setting next_dagrun for example_task_group_decorator to 2025-06-23T23:39:02.098354+00:00, run_after=2025-06-24T23:39:02.098354+00:00
[2025-06-25T01:39:02.257+0200] {processor.py:179} INFO - Processing /home/atef/.local/lib/python3.9/site-packages/airflow/example_dags/example_task_group_decorator.py took 0.438 seconds
[2025-06-25T01:40:15.301+0200] {processor.py:157} INFO - Started process (PID=183874) to work on /home/atef/.local/lib/python3.9/site-packages/airflow/example_dags/example_task_group_decorator.py
[2025-06-25T01:40:15.314+0200] {processor.py:826} INFO - Processing file /home/atef/.local/lib/python3.9/site-packages/airflow/example_dags/example_task_group_decorator.py for tasks to queue
[2025-06-25T01:40:15.324+0200] {logging_mixin.py:149} INFO - [2025-06-25T01:40:15.323+0200] {dagbag.py:541} INFO - Filling up the DagBag from /home/atef/.local/lib/python3.9/site-packages/airflow/example_dags/example_task_group_decorator.py
[2025-06-25T01:40:15.458+0200] {processor.py:836} INFO - DAG(s) dict_keys(['example_task_group_decorator']) retrieved from /home/atef/.local/lib/python3.9/site-packages/airflow/example_dags/example_task_group_decorator.py
[2025-06-25T01:40:15.589+0200] {logging_mixin.py:149} INFO - [2025-06-25T01:40:15.589+0200] {dag.py:2726} INFO - Sync 1 DAGs
[2025-06-25T01:40:15.797+0200] {logging_mixin.py:149} INFO - [2025-06-25T01:40:15.797+0200] {dag.py:3486} INFO - Setting next_dagrun for example_task_group_decorator to 2025-06-23T23:40:15.794039+00:00, run_after=2025-06-24T23:40:15.794039+00:00
[2025-06-25T01:40:15.926+0200] {processor.py:179} INFO - Processing /home/atef/.local/lib/python3.9/site-packages/airflow/example_dags/example_task_group_decorator.py took 0.655 seconds
[2025-06-25T01:45:20.703+0200] {processor.py:157} INFO - Started process (PID=187275) to work on /home/atef/.local/lib/python3.9/site-packages/airflow/example_dags/example_task_group_decorator.py
[2025-06-25T01:45:20.710+0200] {processor.py:826} INFO - Processing file /home/atef/.local/lib/python3.9/site-packages/airflow/example_dags/example_task_group_decorator.py for tasks to queue
[2025-06-25T01:45:20.714+0200] {logging_mixin.py:149} INFO - [2025-06-25T01:45:20.713+0200] {dagbag.py:541} INFO - Filling up the DagBag from /home/atef/.local/lib/python3.9/site-packages/airflow/example_dags/example_task_group_decorator.py
[2025-06-25T01:45:20.774+0200] {processor.py:836} INFO - DAG(s) dict_keys(['example_task_group_decorator']) retrieved from /home/atef/.local/lib/python3.9/site-packages/airflow/example_dags/example_task_group_decorator.py
[2025-06-25T01:45:20.893+0200] {logging_mixin.py:149} INFO - [2025-06-25T01:45:20.893+0200] {dag.py:2726} INFO - Sync 1 DAGs
[2025-06-25T01:45:20.982+0200] {logging_mixin.py:149} INFO - [2025-06-25T01:45:20.981+0200] {dag.py:3486} INFO - Setting next_dagrun for example_task_group_decorator to 2025-06-23T23:45:20.978959+00:00, run_after=2025-06-24T23:45:20.978959+00:00
[2025-06-25T01:45:21.094+0200] {processor.py:179} INFO - Processing /home/atef/.local/lib/python3.9/site-packages/airflow/example_dags/example_task_group_decorator.py took 0.417 seconds
[2025-06-25T01:46:41.454+0200] {processor.py:157} INFO - Started process (PID=187919) to work on /home/atef/.local/lib/python3.9/site-packages/airflow/example_dags/example_task_group_decorator.py
[2025-06-25T01:46:41.463+0200] {processor.py:826} INFO - Processing file /home/atef/.local/lib/python3.9/site-packages/airflow/example_dags/example_task_group_decorator.py for tasks to queue
[2025-06-25T01:46:41.468+0200] {logging_mixin.py:149} INFO - [2025-06-25T01:46:41.468+0200] {dagbag.py:541} INFO - Filling up the DagBag from /home/atef/.local/lib/python3.9/site-packages/airflow/example_dags/example_task_group_decorator.py
[2025-06-25T01:46:41.508+0200] {processor.py:836} INFO - DAG(s) dict_keys(['example_task_group_decorator']) retrieved from /home/atef/.local/lib/python3.9/site-packages/airflow/example_dags/example_task_group_decorator.py
[2025-06-25T01:46:41.623+0200] {logging_mixin.py:149} INFO - [2025-06-25T01:46:41.623+0200] {dag.py:2726} INFO - Sync 1 DAGs
[2025-06-25T01:46:41.692+0200] {logging_mixin.py:149} INFO - [2025-06-25T01:46:41.692+0200] {dag.py:3486} INFO - Setting next_dagrun for example_task_group_decorator to 2025-06-23T23:46:41.690977+00:00, run_after=2025-06-24T23:46:41.690977+00:00
[2025-06-25T01:46:41.748+0200] {processor.py:179} INFO - Processing /home/atef/.local/lib/python3.9/site-packages/airflow/example_dags/example_task_group_decorator.py took 0.323 seconds
[2025-06-25T01:48:12.131+0200] {processor.py:157} INFO - Started process (PID=188533) to work on /home/atef/.local/lib/python3.9/site-packages/airflow/example_dags/example_task_group_decorator.py
[2025-06-25T01:48:12.136+0200] {processor.py:826} INFO - Processing file /home/atef/.local/lib/python3.9/site-packages/airflow/example_dags/example_task_group_decorator.py for tasks to queue
[2025-06-25T01:48:12.139+0200] {logging_mixin.py:149} INFO - [2025-06-25T01:48:12.138+0200] {dagbag.py:541} INFO - Filling up the DagBag from /home/atef/.local/lib/python3.9/site-packages/airflow/example_dags/example_task_group_decorator.py
[2025-06-25T01:48:12.172+0200] {processor.py:836} INFO - DAG(s) dict_keys(['example_task_group_decorator']) retrieved from /home/atef/.local/lib/python3.9/site-packages/airflow/example_dags/example_task_group_decorator.py
[2025-06-25T01:48:12.247+0200] {logging_mixin.py:149} INFO - [2025-06-25T01:48:12.246+0200] {dag.py:2726} INFO - Sync 1 DAGs
[2025-06-25T01:48:12.288+0200] {logging_mixin.py:149} INFO - [2025-06-25T01:48:12.288+0200] {dag.py:3486} INFO - Setting next_dagrun for example_task_group_decorator to 2025-06-23T23:48:12.287106+00:00, run_after=2025-06-24T23:48:12.287106+00:00
[2025-06-25T01:48:12.338+0200] {processor.py:179} INFO - Processing /home/atef/.local/lib/python3.9/site-packages/airflow/example_dags/example_task_group_decorator.py took 0.221 seconds
[2025-06-25T01:49:23.708+0200] {processor.py:157} INFO - Started process (PID=189190) to work on /home/atef/.local/lib/python3.9/site-packages/airflow/example_dags/example_task_group_decorator.py
[2025-06-25T01:49:23.718+0200] {processor.py:826} INFO - Processing file /home/atef/.local/lib/python3.9/site-packages/airflow/example_dags/example_task_group_decorator.py for tasks to queue
[2025-06-25T01:49:23.721+0200] {logging_mixin.py:149} INFO - [2025-06-25T01:49:23.720+0200] {dagbag.py:541} INFO - Filling up the DagBag from /home/atef/.local/lib/python3.9/site-packages/airflow/example_dags/example_task_group_decorator.py
[2025-06-25T01:49:23.764+0200] {processor.py:836} INFO - DAG(s) dict_keys(['example_task_group_decorator']) retrieved from /home/atef/.local/lib/python3.9/site-packages/airflow/example_dags/example_task_group_decorator.py
[2025-06-25T01:49:23.884+0200] {logging_mixin.py:149} INFO - [2025-06-25T01:49:23.884+0200] {dag.py:2726} INFO - Sync 1 DAGs
[2025-06-25T01:49:23.986+0200] {logging_mixin.py:149} INFO - [2025-06-25T01:49:23.986+0200] {dag.py:3486} INFO - Setting next_dagrun for example_task_group_decorator to 2025-06-23T23:49:23.985818+00:00, run_after=2025-06-24T23:49:23.985818+00:00
[2025-06-25T01:49:24.070+0200] {processor.py:179} INFO - Processing /home/atef/.local/lib/python3.9/site-packages/airflow/example_dags/example_task_group_decorator.py took 0.382 seconds
[2025-06-25T01:50:16.184+0200] {processor.py:157} INFO - Started process (PID=189489) to work on /home/atef/.local/lib/python3.9/site-packages/airflow/example_dags/example_task_group_decorator.py
[2025-06-25T01:50:16.189+0200] {processor.py:826} INFO - Processing file /home/atef/.local/lib/python3.9/site-packages/airflow/example_dags/example_task_group_decorator.py for tasks to queue
[2025-06-25T01:50:16.192+0200] {logging_mixin.py:149} INFO - [2025-06-25T01:50:16.191+0200] {dagbag.py:541} INFO - Filling up the DagBag from /home/atef/.local/lib/python3.9/site-packages/airflow/example_dags/example_task_group_decorator.py
[2025-06-25T01:50:16.239+0200] {processor.py:836} INFO - DAG(s) dict_keys(['example_task_group_decorator']) retrieved from /home/atef/.local/lib/python3.9/site-packages/airflow/example_dags/example_task_group_decorator.py
[2025-06-25T01:50:16.335+0200] {logging_mixin.py:149} INFO - [2025-06-25T01:50:16.335+0200] {dag.py:2726} INFO - Sync 1 DAGs
[2025-06-25T01:50:16.392+0200] {logging_mixin.py:149} INFO - [2025-06-25T01:50:16.392+0200] {dag.py:3486} INFO - Setting next_dagrun for example_task_group_decorator to 2025-06-23T23:50:16.391596+00:00, run_after=2025-06-24T23:50:16.391596+00:00
[2025-06-25T01:50:16.449+0200] {processor.py:179} INFO - Processing /home/atef/.local/lib/python3.9/site-packages/airflow/example_dags/example_task_group_decorator.py took 0.278 seconds
[2025-06-25T01:52:13.291+0200] {processor.py:157} INFO - Started process (PID=189885) to work on /home/atef/.local/lib/python3.9/site-packages/airflow/example_dags/example_task_group_decorator.py
[2025-06-25T01:52:13.327+0200] {processor.py:826} INFO - Processing file /home/atef/.local/lib/python3.9/site-packages/airflow/example_dags/example_task_group_decorator.py for tasks to queue
[2025-06-25T01:52:13.349+0200] {logging_mixin.py:149} INFO - [2025-06-25T01:52:13.346+0200] {dagbag.py:541} INFO - Filling up the DagBag from /home/atef/.local/lib/python3.9/site-packages/airflow/example_dags/example_task_group_decorator.py
[2025-06-25T01:52:13.681+0200] {processor.py:836} INFO - DAG(s) dict_keys(['example_task_group_decorator']) retrieved from /home/atef/.local/lib/python3.9/site-packages/airflow/example_dags/example_task_group_decorator.py
[2025-06-25T01:52:14.125+0200] {logging_mixin.py:149} INFO - [2025-06-25T01:52:14.122+0200] {dag.py:2726} INFO - Sync 1 DAGs
[2025-06-25T01:52:14.516+0200] {logging_mixin.py:149} INFO - [2025-06-25T01:52:14.515+0200] {dag.py:3486} INFO - Setting next_dagrun for example_task_group_decorator to 2025-06-23T23:52:14.507340+00:00, run_after=2025-06-24T23:52:14.507340+00:00
[2025-06-25T01:52:14.995+0200] {processor.py:179} INFO - Processing /home/atef/.local/lib/python3.9/site-packages/airflow/example_dags/example_task_group_decorator.py took 1.843 seconds
[2025-06-25T01:53:24.410+0200] {processor.py:157} INFO - Started process (PID=190175) to work on /home/atef/.local/lib/python3.9/site-packages/airflow/example_dags/example_task_group_decorator.py
[2025-06-25T01:53:24.427+0200] {processor.py:826} INFO - Processing file /home/atef/.local/lib/python3.9/site-packages/airflow/example_dags/example_task_group_decorator.py for tasks to queue
[2025-06-25T01:53:24.437+0200] {logging_mixin.py:149} INFO - [2025-06-25T01:53:24.437+0200] {dagbag.py:541} INFO - Filling up the DagBag from /home/atef/.local/lib/python3.9/site-packages/airflow/example_dags/example_task_group_decorator.py
[2025-06-25T01:53:24.644+0200] {processor.py:836} INFO - DAG(s) dict_keys(['example_task_group_decorator']) retrieved from /home/atef/.local/lib/python3.9/site-packages/airflow/example_dags/example_task_group_decorator.py
[2025-06-25T01:53:25.117+0200] {logging_mixin.py:149} INFO - [2025-06-25T01:53:25.117+0200] {dag.py:2726} INFO - Sync 1 DAGs
[2025-06-25T01:53:25.354+0200] {logging_mixin.py:149} INFO - [2025-06-25T01:53:25.354+0200] {dag.py:3486} INFO - Setting next_dagrun for example_task_group_decorator to 2025-06-23T23:53:25.351114+00:00, run_after=2025-06-24T23:53:25.351114+00:00
[2025-06-25T01:53:25.541+0200] {processor.py:179} INFO - Processing /home/atef/.local/lib/python3.9/site-packages/airflow/example_dags/example_task_group_decorator.py took 1.206 seconds
[2025-06-25T01:55:22.615+0200] {processor.py:157} INFO - Started process (PID=190857) to work on /home/atef/.local/lib/python3.9/site-packages/airflow/example_dags/example_task_group_decorator.py
[2025-06-25T01:55:22.626+0200] {processor.py:826} INFO - Processing file /home/atef/.local/lib/python3.9/site-packages/airflow/example_dags/example_task_group_decorator.py for tasks to queue
[2025-06-25T01:55:22.630+0200] {logging_mixin.py:149} INFO - [2025-06-25T01:55:22.630+0200] {dagbag.py:541} INFO - Filling up the DagBag from /home/atef/.local/lib/python3.9/site-packages/airflow/example_dags/example_task_group_decorator.py
[2025-06-25T01:55:22.783+0200] {processor.py:836} INFO - DAG(s) dict_keys(['example_task_group_decorator']) retrieved from /home/atef/.local/lib/python3.9/site-packages/airflow/example_dags/example_task_group_decorator.py
[2025-06-25T01:55:23.001+0200] {logging_mixin.py:149} INFO - [2025-06-25T01:55:23.001+0200] {dag.py:2726} INFO - Sync 1 DAGs
[2025-06-25T01:55:23.139+0200] {logging_mixin.py:149} INFO - [2025-06-25T01:55:23.139+0200] {dag.py:3486} INFO - Setting next_dagrun for example_task_group_decorator to 2025-06-23T23:55:23.131299+00:00, run_after=2025-06-24T23:55:23.131299+00:00
[2025-06-25T01:55:23.270+0200] {processor.py:179} INFO - Processing /home/atef/.local/lib/python3.9/site-packages/airflow/example_dags/example_task_group_decorator.py took 0.689 seconds
[2025-06-25T01:56:33.269+0200] {processor.py:157} INFO - Started process (PID=191172) to work on /home/atef/.local/lib/python3.9/site-packages/airflow/example_dags/example_task_group_decorator.py
[2025-06-25T01:56:33.282+0200] {processor.py:826} INFO - Processing file /home/atef/.local/lib/python3.9/site-packages/airflow/example_dags/example_task_group_decorator.py for tasks to queue
[2025-06-25T01:56:33.289+0200] {logging_mixin.py:149} INFO - [2025-06-25T01:56:33.289+0200] {dagbag.py:541} INFO - Filling up the DagBag from /home/atef/.local/lib/python3.9/site-packages/airflow/example_dags/example_task_group_decorator.py
[2025-06-25T01:56:33.430+0200] {processor.py:836} INFO - DAG(s) dict_keys(['example_task_group_decorator']) retrieved from /home/atef/.local/lib/python3.9/site-packages/airflow/example_dags/example_task_group_decorator.py
[2025-06-25T01:56:33.597+0200] {logging_mixin.py:149} INFO - [2025-06-25T01:56:33.596+0200] {dag.py:2726} INFO - Sync 1 DAGs
[2025-06-25T01:56:33.711+0200] {logging_mixin.py:149} INFO - [2025-06-25T01:56:33.710+0200] {dag.py:3486} INFO - Setting next_dagrun for example_task_group_decorator to 2025-06-23T23:56:33.708940+00:00, run_after=2025-06-24T23:56:33.708940+00:00
[2025-06-25T01:56:33.825+0200] {processor.py:179} INFO - Processing /home/atef/.local/lib/python3.9/site-packages/airflow/example_dags/example_task_group_decorator.py took 0.607 seconds
[2025-06-25T01:57:50.696+0200] {processor.py:157} INFO - Started process (PID=191553) to work on /home/atef/.local/lib/python3.9/site-packages/airflow/example_dags/example_task_group_decorator.py
[2025-06-25T01:57:50.713+0200] {processor.py:826} INFO - Processing file /home/atef/.local/lib/python3.9/site-packages/airflow/example_dags/example_task_group_decorator.py for tasks to queue
[2025-06-25T01:57:50.717+0200] {logging_mixin.py:149} INFO - [2025-06-25T01:57:50.716+0200] {dagbag.py:541} INFO - Filling up the DagBag from /home/atef/.local/lib/python3.9/site-packages/airflow/example_dags/example_task_group_decorator.py
[2025-06-25T01:57:50.820+0200] {processor.py:836} INFO - DAG(s) dict_keys(['example_task_group_decorator']) retrieved from /home/atef/.local/lib/python3.9/site-packages/airflow/example_dags/example_task_group_decorator.py
[2025-06-25T01:57:51.403+0200] {logging_mixin.py:149} INFO - [2025-06-25T01:57:51.403+0200] {dag.py:2726} INFO - Sync 1 DAGs
[2025-06-25T01:57:51.534+0200] {logging_mixin.py:149} INFO - [2025-06-25T01:57:51.534+0200] {dag.py:3486} INFO - Setting next_dagrun for example_task_group_decorator to 2025-06-23T23:57:51.531862+00:00, run_after=2025-06-24T23:57:51.531862+00:00
[2025-06-25T01:57:51.613+0200] {processor.py:179} INFO - Processing /home/atef/.local/lib/python3.9/site-packages/airflow/example_dags/example_task_group_decorator.py took 0.961 seconds
[2025-06-25T01:59:44.980+0200] {processor.py:157} INFO - Started process (PID=192910) to work on /home/atef/.local/lib/python3.9/site-packages/airflow/example_dags/example_task_group_decorator.py
[2025-06-25T01:59:44.984+0200] {processor.py:826} INFO - Processing file /home/atef/.local/lib/python3.9/site-packages/airflow/example_dags/example_task_group_decorator.py for tasks to queue
[2025-06-25T01:59:44.986+0200] {logging_mixin.py:149} INFO - [2025-06-25T01:59:44.986+0200] {dagbag.py:541} INFO - Filling up the DagBag from /home/atef/.local/lib/python3.9/site-packages/airflow/example_dags/example_task_group_decorator.py
[2025-06-25T01:59:45.022+0200] {processor.py:836} INFO - DAG(s) dict_keys(['example_task_group_decorator']) retrieved from /home/atef/.local/lib/python3.9/site-packages/airflow/example_dags/example_task_group_decorator.py
[2025-06-25T01:59:45.086+0200] {logging_mixin.py:149} INFO - [2025-06-25T01:59:45.086+0200] {dag.py:2726} INFO - Sync 1 DAGs
[2025-06-25T01:59:45.124+0200] {logging_mixin.py:149} INFO - [2025-06-25T01:59:45.124+0200] {dag.py:3486} INFO - Setting next_dagrun for example_task_group_decorator to 2025-06-23T23:59:45.123839+00:00, run_after=2025-06-24T23:59:45.123839+00:00
[2025-06-25T01:59:45.726+0200] {processor.py:179} INFO - Processing /home/atef/.local/lib/python3.9/site-packages/airflow/example_dags/example_task_group_decorator.py took 0.760 seconds
