[2025-06-24T23:15:51.845+0200] {processor.py:157} INFO - Started process (PID=155085) to work on /home/atef/.local/lib/python3.9/site-packages/airflow/example_dags/example_branch_operator_decorator.py
[2025-06-24T23:15:51.851+0200] {processor.py:826} INFO - Processing file /home/atef/.local/lib/python3.9/site-packages/airflow/example_dags/example_branch_operator_decorator.py for tasks to queue
[2025-06-24T23:15:51.854+0200] {logging_mixin.py:149} INFO - [2025-06-24T23:15:51.854+0200] {dagbag.py:541} INFO - Filling up the DagBag from /home/atef/.local/lib/python3.9/site-packages/airflow/example_dags/example_branch_operator_decorator.py
[2025-06-24T23:15:51.917+0200] {processor.py:836} INFO - DAG(s) dict_keys(['example_branch_python_operator_decorator']) retrieved from /home/atef/.local/lib/python3.9/site-packages/airflow/example_dags/example_branch_operator_decorator.py
[2025-06-24T23:15:52.043+0200] {logging_mixin.py:149} INFO - [2025-06-24T23:15:52.043+0200] {dag.py:2726} INFO - Sync 1 DAGs
[2025-06-24T23:15:52.154+0200] {logging_mixin.py:149} INFO - [2025-06-24T23:15:52.153+0200] {dag.py:3486} INFO - Setting next_dagrun for example_branch_python_operator_decorator to 2025-06-23T00:00:00+00:00, run_after=2025-06-24T00:00:00+00:00
[2025-06-24T23:15:52.238+0200] {processor.py:179} INFO - Processing /home/atef/.local/lib/python3.9/site-packages/airflow/example_dags/example_branch_operator_decorator.py took 0.419 seconds
[2025-06-24T23:17:03.057+0200] {processor.py:157} INFO - Started process (PID=155228) to work on /home/atef/.local/lib/python3.9/site-packages/airflow/example_dags/example_branch_operator_decorator.py
[2025-06-24T23:17:03.065+0200] {processor.py:826} INFO - Processing file /home/atef/.local/lib/python3.9/site-packages/airflow/example_dags/example_branch_operator_decorator.py for tasks to queue
[2025-06-24T23:17:03.068+0200] {logging_mixin.py:149} INFO - [2025-06-24T23:17:03.067+0200] {dagbag.py:541} INFO - Filling up the DagBag from /home/atef/.local/lib/python3.9/site-packages/airflow/example_dags/example_branch_operator_decorator.py
[2025-06-24T23:17:03.112+0200] {processor.py:836} INFO - DAG(s) dict_keys(['example_branch_python_operator_decorator']) retrieved from /home/atef/.local/lib/python3.9/site-packages/airflow/example_dags/example_branch_operator_decorator.py
[2025-06-24T23:17:03.209+0200] {logging_mixin.py:149} INFO - [2025-06-24T23:17:03.209+0200] {dag.py:2726} INFO - Sync 1 DAGs
[2025-06-24T23:17:03.268+0200] {logging_mixin.py:149} INFO - [2025-06-24T23:17:03.267+0200] {dag.py:3486} INFO - Setting next_dagrun for example_branch_python_operator_decorator to 2025-06-23T00:00:00+00:00, run_after=2025-06-24T00:00:00+00:00
[2025-06-24T23:17:03.606+0200] {processor.py:179} INFO - Processing /home/atef/.local/lib/python3.9/site-packages/airflow/example_dags/example_branch_operator_decorator.py took 0.575 seconds
[2025-06-24T23:18:51.156+0200] {processor.py:157} INFO - Started process (PID=155694) to work on /home/atef/.local/lib/python3.9/site-packages/airflow/example_dags/example_branch_operator_decorator.py
[2025-06-24T23:18:51.161+0200] {processor.py:826} INFO - Processing file /home/atef/.local/lib/python3.9/site-packages/airflow/example_dags/example_branch_operator_decorator.py for tasks to queue
[2025-06-24T23:18:51.165+0200] {logging_mixin.py:149} INFO - [2025-06-24T23:18:51.164+0200] {dagbag.py:541} INFO - Filling up the DagBag from /home/atef/.local/lib/python3.9/site-packages/airflow/example_dags/example_branch_operator_decorator.py
[2025-06-24T23:18:51.198+0200] {processor.py:836} INFO - DAG(s) dict_keys(['example_branch_python_operator_decorator']) retrieved from /home/atef/.local/lib/python3.9/site-packages/airflow/example_dags/example_branch_operator_decorator.py
[2025-06-24T23:18:51.281+0200] {logging_mixin.py:149} INFO - [2025-06-24T23:18:51.281+0200] {dag.py:2726} INFO - Sync 1 DAGs
[2025-06-24T23:18:51.337+0200] {logging_mixin.py:149} INFO - [2025-06-24T23:18:51.337+0200] {dag.py:3486} INFO - Setting next_dagrun for example_branch_python_operator_decorator to 2025-06-23T00:00:00+00:00, run_after=2025-06-24T00:00:00+00:00
[2025-06-24T23:18:51.377+0200] {processor.py:179} INFO - Processing /home/atef/.local/lib/python3.9/site-packages/airflow/example_dags/example_branch_operator_decorator.py took 0.235 seconds
[2025-06-25T01:12:15.586+0200] {processor.py:157} INFO - Started process (PID=173319) to work on /home/atef/.local/lib/python3.9/site-packages/airflow/example_dags/example_branch_operator_decorator.py
[2025-06-25T01:12:15.642+0200] {processor.py:826} INFO - Processing file /home/atef/.local/lib/python3.9/site-packages/airflow/example_dags/example_branch_operator_decorator.py for tasks to queue
[2025-06-25T01:12:15.648+0200] {logging_mixin.py:149} INFO - [2025-06-25T01:12:15.647+0200] {dagbag.py:541} INFO - Filling up the DagBag from /home/atef/.local/lib/python3.9/site-packages/airflow/example_dags/example_branch_operator_decorator.py
[2025-06-25T01:12:15.686+0200] {processor.py:836} INFO - DAG(s) dict_keys(['example_branch_python_operator_decorator']) retrieved from /home/atef/.local/lib/python3.9/site-packages/airflow/example_dags/example_branch_operator_decorator.py
[2025-06-25T01:12:15.765+0200] {logging_mixin.py:149} INFO - [2025-06-25T01:12:15.764+0200] {dag.py:2726} INFO - Sync 1 DAGs
[2025-06-25T01:12:15.811+0200] {logging_mixin.py:149} INFO - [2025-06-25T01:12:15.811+0200] {dag.py:3486} INFO - Setting next_dagrun for example_branch_python_operator_decorator to 2025-06-23T00:00:00+00:00, run_after=2025-06-24T00:00:00+00:00
[2025-06-25T01:12:15.862+0200] {processor.py:179} INFO - Processing /home/atef/.local/lib/python3.9/site-packages/airflow/example_dags/example_branch_operator_decorator.py took 0.300 seconds
[2025-06-25T01:18:36.362+0200] {processor.py:157} INFO - Started process (PID=175192) to work on /home/atef/.local/lib/python3.9/site-packages/airflow/example_dags/example_branch_operator_decorator.py
[2025-06-25T01:18:36.370+0200] {processor.py:826} INFO - Processing file /home/atef/.local/lib/python3.9/site-packages/airflow/example_dags/example_branch_operator_decorator.py for tasks to queue
[2025-06-25T01:18:36.373+0200] {logging_mixin.py:149} INFO - [2025-06-25T01:18:36.373+0200] {dagbag.py:541} INFO - Filling up the DagBag from /home/atef/.local/lib/python3.9/site-packages/airflow/example_dags/example_branch_operator_decorator.py
[2025-06-25T01:18:36.454+0200] {processor.py:836} INFO - DAG(s) dict_keys(['example_branch_python_operator_decorator']) retrieved from /home/atef/.local/lib/python3.9/site-packages/airflow/example_dags/example_branch_operator_decorator.py
[2025-06-25T01:18:36.678+0200] {logging_mixin.py:149} INFO - [2025-06-25T01:18:36.677+0200] {dag.py:2726} INFO - Sync 1 DAGs
[2025-06-25T01:18:36.783+0200] {logging_mixin.py:149} INFO - [2025-06-25T01:18:36.782+0200] {dag.py:3486} INFO - Setting next_dagrun for example_branch_python_operator_decorator to 2025-06-23T00:00:00+00:00, run_after=2025-06-24T00:00:00+00:00
[2025-06-25T01:18:36.860+0200] {processor.py:179} INFO - Processing /home/atef/.local/lib/python3.9/site-packages/airflow/example_dags/example_branch_operator_decorator.py took 0.527 seconds
[2025-06-25T01:20:16.229+0200] {processor.py:157} INFO - Started process (PID=175933) to work on /home/atef/.local/lib/python3.9/site-packages/airflow/example_dags/example_branch_operator_decorator.py
[2025-06-25T01:20:16.234+0200] {processor.py:826} INFO - Processing file /home/atef/.local/lib/python3.9/site-packages/airflow/example_dags/example_branch_operator_decorator.py for tasks to queue
[2025-06-25T01:20:16.237+0200] {logging_mixin.py:149} INFO - [2025-06-25T01:20:16.236+0200] {dagbag.py:541} INFO - Filling up the DagBag from /home/atef/.local/lib/python3.9/site-packages/airflow/example_dags/example_branch_operator_decorator.py
[2025-06-25T01:20:16.309+0200] {processor.py:836} INFO - DAG(s) dict_keys(['example_branch_python_operator_decorator']) retrieved from /home/atef/.local/lib/python3.9/site-packages/airflow/example_dags/example_branch_operator_decorator.py
[2025-06-25T01:20:16.393+0200] {logging_mixin.py:149} INFO - [2025-06-25T01:20:16.393+0200] {dag.py:2726} INFO - Sync 1 DAGs
[2025-06-25T01:20:16.437+0200] {logging_mixin.py:149} INFO - [2025-06-25T01:20:16.437+0200] {dag.py:3486} INFO - Setting next_dagrun for example_branch_python_operator_decorator to 2025-06-23T00:00:00+00:00, run_after=2025-06-24T00:00:00+00:00
[2025-06-25T01:20:16.481+0200] {processor.py:179} INFO - Processing /home/atef/.local/lib/python3.9/site-packages/airflow/example_dags/example_branch_operator_decorator.py took 0.268 seconds
[2025-06-25T01:22:08.663+0200] {processor.py:157} INFO - Started process (PID=177047) to work on /home/atef/.local/lib/python3.9/site-packages/airflow/example_dags/example_branch_operator_decorator.py
[2025-06-25T01:22:08.672+0200] {processor.py:826} INFO - Processing file /home/atef/.local/lib/python3.9/site-packages/airflow/example_dags/example_branch_operator_decorator.py for tasks to queue
[2025-06-25T01:22:08.677+0200] {logging_mixin.py:149} INFO - [2025-06-25T01:22:08.677+0200] {dagbag.py:541} INFO - Filling up the DagBag from /home/atef/.local/lib/python3.9/site-packages/airflow/example_dags/example_branch_operator_decorator.py
[2025-06-25T01:22:08.733+0200] {processor.py:836} INFO - DAG(s) dict_keys(['example_branch_python_operator_decorator']) retrieved from /home/atef/.local/lib/python3.9/site-packages/airflow/example_dags/example_branch_operator_decorator.py
[2025-06-25T01:22:08.854+0200] {logging_mixin.py:149} INFO - [2025-06-25T01:22:08.853+0200] {dag.py:2726} INFO - Sync 1 DAGs
[2025-06-25T01:22:08.943+0200] {logging_mixin.py:149} INFO - [2025-06-25T01:22:08.943+0200] {dag.py:3486} INFO - Setting next_dagrun for example_branch_python_operator_decorator to 2025-06-23T00:00:00+00:00, run_after=2025-06-24T00:00:00+00:00
[2025-06-25T01:22:09.006+0200] {processor.py:179} INFO - Processing /home/atef/.local/lib/python3.9/site-packages/airflow/example_dags/example_branch_operator_decorator.py took 0.382 seconds
[2025-06-25T01:23:15.858+0200] {processor.py:157} INFO - Started process (PID=177267) to work on /home/atef/.local/lib/python3.9/site-packages/airflow/example_dags/example_branch_operator_decorator.py
[2025-06-25T01:23:15.872+0200] {processor.py:826} INFO - Processing file /home/atef/.local/lib/python3.9/site-packages/airflow/example_dags/example_branch_operator_decorator.py for tasks to queue
[2025-06-25T01:23:15.881+0200] {logging_mixin.py:149} INFO - [2025-06-25T01:23:15.881+0200] {dagbag.py:541} INFO - Filling up the DagBag from /home/atef/.local/lib/python3.9/site-packages/airflow/example_dags/example_branch_operator_decorator.py
[2025-06-25T01:23:16.000+0200] {processor.py:836} INFO - DAG(s) dict_keys(['example_branch_python_operator_decorator']) retrieved from /home/atef/.local/lib/python3.9/site-packages/airflow/example_dags/example_branch_operator_decorator.py
[2025-06-25T01:23:16.307+0200] {logging_mixin.py:149} INFO - [2025-06-25T01:23:16.304+0200] {dag.py:2726} INFO - Sync 1 DAGs
[2025-06-25T01:23:16.502+0200] {logging_mixin.py:149} INFO - [2025-06-25T01:23:16.502+0200] {dag.py:3486} INFO - Setting next_dagrun for example_branch_python_operator_decorator to 2025-06-23T00:00:00+00:00, run_after=2025-06-24T00:00:00+00:00
[2025-06-25T01:23:16.572+0200] {processor.py:179} INFO - Processing /home/atef/.local/lib/python3.9/site-packages/airflow/example_dags/example_branch_operator_decorator.py took 0.763 seconds
[2025-06-25T01:25:22.116+0200] {processor.py:157} INFO - Started process (PID=178328) to work on /home/atef/.local/lib/python3.9/site-packages/airflow/example_dags/example_branch_operator_decorator.py
[2025-06-25T01:25:22.130+0200] {processor.py:826} INFO - Processing file /home/atef/.local/lib/python3.9/site-packages/airflow/example_dags/example_branch_operator_decorator.py for tasks to queue
[2025-06-25T01:25:22.150+0200] {logging_mixin.py:149} INFO - [2025-06-25T01:25:22.139+0200] {dagbag.py:541} INFO - Filling up the DagBag from /home/atef/.local/lib/python3.9/site-packages/airflow/example_dags/example_branch_operator_decorator.py
[2025-06-25T01:25:22.315+0200] {processor.py:836} INFO - DAG(s) dict_keys(['example_branch_python_operator_decorator']) retrieved from /home/atef/.local/lib/python3.9/site-packages/airflow/example_dags/example_branch_operator_decorator.py
[2025-06-25T01:25:22.672+0200] {logging_mixin.py:149} INFO - [2025-06-25T01:25:22.672+0200] {dag.py:2726} INFO - Sync 1 DAGs
[2025-06-25T01:25:22.877+0200] {logging_mixin.py:149} INFO - [2025-06-25T01:25:22.875+0200] {dag.py:3486} INFO - Setting next_dagrun for example_branch_python_operator_decorator to 2025-06-23T00:00:00+00:00, run_after=2025-06-24T00:00:00+00:00
[2025-06-25T01:25:23.062+0200] {processor.py:179} INFO - Processing /home/atef/.local/lib/python3.9/site-packages/airflow/example_dags/example_branch_operator_decorator.py took 1.002 seconds
[2025-06-25T01:26:57.259+0200] {processor.py:157} INFO - Started process (PID=179033) to work on /home/atef/.local/lib/python3.9/site-packages/airflow/example_dags/example_branch_operator_decorator.py
[2025-06-25T01:26:57.266+0200] {processor.py:826} INFO - Processing file /home/atef/.local/lib/python3.9/site-packages/airflow/example_dags/example_branch_operator_decorator.py for tasks to queue
[2025-06-25T01:26:57.268+0200] {logging_mixin.py:149} INFO - [2025-06-25T01:26:57.268+0200] {dagbag.py:541} INFO - Filling up the DagBag from /home/atef/.local/lib/python3.9/site-packages/airflow/example_dags/example_branch_operator_decorator.py
[2025-06-25T01:26:57.299+0200] {processor.py:836} INFO - DAG(s) dict_keys(['example_branch_python_operator_decorator']) retrieved from /home/atef/.local/lib/python3.9/site-packages/airflow/example_dags/example_branch_operator_decorator.py
[2025-06-25T01:26:57.372+0200] {logging_mixin.py:149} INFO - [2025-06-25T01:26:57.371+0200] {dag.py:2726} INFO - Sync 1 DAGs
[2025-06-25T01:26:57.430+0200] {logging_mixin.py:149} INFO - [2025-06-25T01:26:57.430+0200] {dag.py:3486} INFO - Setting next_dagrun for example_branch_python_operator_decorator to 2025-06-23T00:00:00+00:00, run_after=2025-06-24T00:00:00+00:00
[2025-06-25T01:26:57.515+0200] {processor.py:179} INFO - Processing /home/atef/.local/lib/python3.9/site-packages/airflow/example_dags/example_branch_operator_decorator.py took 0.268 seconds
[2025-06-25T01:29:46.731+0200] {processor.py:157} INFO - Started process (PID=180190) to work on /home/atef/.local/lib/python3.9/site-packages/airflow/example_dags/example_branch_operator_decorator.py
[2025-06-25T01:29:46.747+0200] {processor.py:826} INFO - Processing file /home/atef/.local/lib/python3.9/site-packages/airflow/example_dags/example_branch_operator_decorator.py for tasks to queue
[2025-06-25T01:29:46.758+0200] {logging_mixin.py:149} INFO - [2025-06-25T01:29:46.755+0200] {dagbag.py:541} INFO - Filling up the DagBag from /home/atef/.local/lib/python3.9/site-packages/airflow/example_dags/example_branch_operator_decorator.py
[2025-06-25T01:29:46.842+0200] {processor.py:836} INFO - DAG(s) dict_keys(['example_branch_python_operator_decorator']) retrieved from /home/atef/.local/lib/python3.9/site-packages/airflow/example_dags/example_branch_operator_decorator.py
[2025-06-25T01:29:47.006+0200] {logging_mixin.py:149} INFO - [2025-06-25T01:29:47.006+0200] {dag.py:2726} INFO - Sync 1 DAGs
[2025-06-25T01:29:47.129+0200] {logging_mixin.py:149} INFO - [2025-06-25T01:29:47.129+0200] {dag.py:3486} INFO - Setting next_dagrun for example_branch_python_operator_decorator to 2025-06-23T00:00:00+00:00, run_after=2025-06-24T00:00:00+00:00
[2025-06-25T01:29:47.207+0200] {processor.py:179} INFO - Processing /home/atef/.local/lib/python3.9/site-packages/airflow/example_dags/example_branch_operator_decorator.py took 0.506 seconds
[2025-06-25T01:31:33.415+0200] {processor.py:157} INFO - Started process (PID=181169) to work on /home/atef/.local/lib/python3.9/site-packages/airflow/example_dags/example_branch_operator_decorator.py
[2025-06-25T01:31:33.422+0200] {processor.py:826} INFO - Processing file /home/atef/.local/lib/python3.9/site-packages/airflow/example_dags/example_branch_operator_decorator.py for tasks to queue
[2025-06-25T01:31:33.424+0200] {logging_mixin.py:149} INFO - [2025-06-25T01:31:33.424+0200] {dagbag.py:541} INFO - Filling up the DagBag from /home/atef/.local/lib/python3.9/site-packages/airflow/example_dags/example_branch_operator_decorator.py
[2025-06-25T01:31:33.510+0200] {processor.py:836} INFO - DAG(s) dict_keys(['example_branch_python_operator_decorator']) retrieved from /home/atef/.local/lib/python3.9/site-packages/airflow/example_dags/example_branch_operator_decorator.py
[2025-06-25T01:31:33.603+0200] {logging_mixin.py:149} INFO - [2025-06-25T01:31:33.603+0200] {dag.py:2726} INFO - Sync 1 DAGs
[2025-06-25T01:31:33.685+0200] {logging_mixin.py:149} INFO - [2025-06-25T01:31:33.684+0200] {dag.py:3486} INFO - Setting next_dagrun for example_branch_python_operator_decorator to 2025-06-23T00:00:00+00:00, run_after=2025-06-24T00:00:00+00:00
[2025-06-25T01:31:33.807+0200] {processor.py:179} INFO - Processing /home/atef/.local/lib/python3.9/site-packages/airflow/example_dags/example_branch_operator_decorator.py took 0.418 seconds
[2025-06-25T01:32:45.641+0200] {processor.py:157} INFO - Started process (PID=181424) to work on /home/atef/.local/lib/python3.9/site-packages/airflow/example_dags/example_branch_operator_decorator.py
[2025-06-25T01:32:45.646+0200] {processor.py:826} INFO - Processing file /home/atef/.local/lib/python3.9/site-packages/airflow/example_dags/example_branch_operator_decorator.py for tasks to queue
[2025-06-25T01:32:45.649+0200] {logging_mixin.py:149} INFO - [2025-06-25T01:32:45.648+0200] {dagbag.py:541} INFO - Filling up the DagBag from /home/atef/.local/lib/python3.9/site-packages/airflow/example_dags/example_branch_operator_decorator.py
[2025-06-25T01:32:45.693+0200] {processor.py:836} INFO - DAG(s) dict_keys(['example_branch_python_operator_decorator']) retrieved from /home/atef/.local/lib/python3.9/site-packages/airflow/example_dags/example_branch_operator_decorator.py
[2025-06-25T01:32:45.801+0200] {logging_mixin.py:149} INFO - [2025-06-25T01:32:45.800+0200] {dag.py:2726} INFO - Sync 1 DAGs
[2025-06-25T01:32:45.898+0200] {logging_mixin.py:149} INFO - [2025-06-25T01:32:45.898+0200] {dag.py:3486} INFO - Setting next_dagrun for example_branch_python_operator_decorator to 2025-06-23T00:00:00+00:00, run_after=2025-06-24T00:00:00+00:00
[2025-06-25T01:32:45.965+0200] {processor.py:179} INFO - Processing /home/atef/.local/lib/python3.9/site-packages/airflow/example_dags/example_branch_operator_decorator.py took 0.343 seconds
[2025-06-25T01:34:56.322+0200] {processor.py:157} INFO - Started process (PID=182188) to work on /home/atef/.local/lib/python3.9/site-packages/airflow/example_dags/example_branch_operator_decorator.py
[2025-06-25T01:34:56.350+0200] {processor.py:826} INFO - Processing file /home/atef/.local/lib/python3.9/site-packages/airflow/example_dags/example_branch_operator_decorator.py for tasks to queue
[2025-06-25T01:34:56.364+0200] {logging_mixin.py:149} INFO - [2025-06-25T01:34:56.364+0200] {dagbag.py:541} INFO - Filling up the DagBag from /home/atef/.local/lib/python3.9/site-packages/airflow/example_dags/example_branch_operator_decorator.py
[2025-06-25T01:34:56.515+0200] {processor.py:836} INFO - DAG(s) dict_keys(['example_branch_python_operator_decorator']) retrieved from /home/atef/.local/lib/python3.9/site-packages/airflow/example_dags/example_branch_operator_decorator.py
[2025-06-25T01:34:56.787+0200] {logging_mixin.py:149} INFO - [2025-06-25T01:34:56.787+0200] {dag.py:2726} INFO - Sync 1 DAGs
[2025-06-25T01:34:56.963+0200] {logging_mixin.py:149} INFO - [2025-06-25T01:34:56.962+0200] {dag.py:3486} INFO - Setting next_dagrun for example_branch_python_operator_decorator to 2025-06-23T00:00:00+00:00, run_after=2025-06-24T00:00:00+00:00
[2025-06-25T01:34:57.080+0200] {processor.py:179} INFO - Processing /home/atef/.local/lib/python3.9/site-packages/airflow/example_dags/example_branch_operator_decorator.py took 0.854 seconds
[2025-06-25T01:38:34.439+0200] {processor.py:157} INFO - Started process (PID=183565) to work on /home/atef/.local/lib/python3.9/site-packages/airflow/example_dags/example_branch_operator_decorator.py
[2025-06-25T01:38:34.444+0200] {processor.py:826} INFO - Processing file /home/atef/.local/lib/python3.9/site-packages/airflow/example_dags/example_branch_operator_decorator.py for tasks to queue
[2025-06-25T01:38:34.446+0200] {logging_mixin.py:149} INFO - [2025-06-25T01:38:34.446+0200] {dagbag.py:541} INFO - Filling up the DagBag from /home/atef/.local/lib/python3.9/site-packages/airflow/example_dags/example_branch_operator_decorator.py
[2025-06-25T01:38:34.476+0200] {processor.py:836} INFO - DAG(s) dict_keys(['example_branch_python_operator_decorator']) retrieved from /home/atef/.local/lib/python3.9/site-packages/airflow/example_dags/example_branch_operator_decorator.py
[2025-06-25T01:38:34.641+0200] {logging_mixin.py:149} INFO - [2025-06-25T01:38:34.640+0200] {dag.py:2726} INFO - Sync 1 DAGs
[2025-06-25T01:38:34.868+0200] {logging_mixin.py:149} INFO - [2025-06-25T01:38:34.866+0200] {dag.py:3486} INFO - Setting next_dagrun for example_branch_python_operator_decorator to 2025-06-23T00:00:00+00:00, run_after=2025-06-24T00:00:00+00:00
[2025-06-25T01:38:35.057+0200] {processor.py:179} INFO - Processing /home/atef/.local/lib/python3.9/site-packages/airflow/example_dags/example_branch_operator_decorator.py took 0.631 seconds
[2025-06-25T01:39:46.249+0200] {processor.py:157} INFO - Started process (PID=183735) to work on /home/atef/.local/lib/python3.9/site-packages/airflow/example_dags/example_branch_operator_decorator.py
[2025-06-25T01:39:46.255+0200] {processor.py:826} INFO - Processing file /home/atef/.local/lib/python3.9/site-packages/airflow/example_dags/example_branch_operator_decorator.py for tasks to queue
[2025-06-25T01:39:46.259+0200] {logging_mixin.py:149} INFO - [2025-06-25T01:39:46.258+0200] {dagbag.py:541} INFO - Filling up the DagBag from /home/atef/.local/lib/python3.9/site-packages/airflow/example_dags/example_branch_operator_decorator.py
[2025-06-25T01:39:46.312+0200] {processor.py:836} INFO - DAG(s) dict_keys(['example_branch_python_operator_decorator']) retrieved from /home/atef/.local/lib/python3.9/site-packages/airflow/example_dags/example_branch_operator_decorator.py
[2025-06-25T01:39:46.417+0200] {logging_mixin.py:149} INFO - [2025-06-25T01:39:46.416+0200] {dag.py:2726} INFO - Sync 1 DAGs
[2025-06-25T01:39:46.489+0200] {logging_mixin.py:149} INFO - [2025-06-25T01:39:46.483+0200] {dag.py:3486} INFO - Setting next_dagrun for example_branch_python_operator_decorator to 2025-06-23T00:00:00+00:00, run_after=2025-06-24T00:00:00+00:00
[2025-06-25T01:39:46.567+0200] {processor.py:179} INFO - Processing /home/atef/.local/lib/python3.9/site-packages/airflow/example_dags/example_branch_operator_decorator.py took 0.344 seconds
[2025-06-25T01:46:10.097+0200] {processor.py:157} INFO - Started process (PID=187623) to work on /home/atef/.local/lib/python3.9/site-packages/airflow/example_dags/example_branch_operator_decorator.py
[2025-06-25T01:46:10.101+0200] {processor.py:826} INFO - Processing file /home/atef/.local/lib/python3.9/site-packages/airflow/example_dags/example_branch_operator_decorator.py for tasks to queue
[2025-06-25T01:46:10.103+0200] {logging_mixin.py:149} INFO - [2025-06-25T01:46:10.103+0200] {dagbag.py:541} INFO - Filling up the DagBag from /home/atef/.local/lib/python3.9/site-packages/airflow/example_dags/example_branch_operator_decorator.py
[2025-06-25T01:46:10.132+0200] {processor.py:836} INFO - DAG(s) dict_keys(['example_branch_python_operator_decorator']) retrieved from /home/atef/.local/lib/python3.9/site-packages/airflow/example_dags/example_branch_operator_decorator.py
[2025-06-25T01:46:10.205+0200] {logging_mixin.py:149} INFO - [2025-06-25T01:46:10.205+0200] {dag.py:2726} INFO - Sync 1 DAGs
[2025-06-25T01:46:10.290+0200] {logging_mixin.py:149} INFO - [2025-06-25T01:46:10.290+0200] {dag.py:3486} INFO - Setting next_dagrun for example_branch_python_operator_decorator to 2025-06-23T00:00:00+00:00, run_after=2025-06-24T00:00:00+00:00
[2025-06-25T01:46:10.338+0200] {processor.py:179} INFO - Processing /home/atef/.local/lib/python3.9/site-packages/airflow/example_dags/example_branch_operator_decorator.py took 0.255 seconds
[2025-06-25T01:47:36.651+0200] {processor.py:157} INFO - Started process (PID=188311) to work on /home/atef/.local/lib/python3.9/site-packages/airflow/example_dags/example_branch_operator_decorator.py
[2025-06-25T01:47:36.659+0200] {processor.py:826} INFO - Processing file /home/atef/.local/lib/python3.9/site-packages/airflow/example_dags/example_branch_operator_decorator.py for tasks to queue
[2025-06-25T01:47:36.663+0200] {logging_mixin.py:149} INFO - [2025-06-25T01:47:36.662+0200] {dagbag.py:541} INFO - Filling up the DagBag from /home/atef/.local/lib/python3.9/site-packages/airflow/example_dags/example_branch_operator_decorator.py
[2025-06-25T01:47:36.731+0200] {processor.py:836} INFO - DAG(s) dict_keys(['example_branch_python_operator_decorator']) retrieved from /home/atef/.local/lib/python3.9/site-packages/airflow/example_dags/example_branch_operator_decorator.py
[2025-06-25T01:47:36.866+0200] {logging_mixin.py:149} INFO - [2025-06-25T01:47:36.866+0200] {dag.py:2726} INFO - Sync 1 DAGs
[2025-06-25T01:47:36.967+0200] {logging_mixin.py:149} INFO - [2025-06-25T01:47:36.966+0200] {dag.py:3486} INFO - Setting next_dagrun for example_branch_python_operator_decorator to 2025-06-23T00:00:00+00:00, run_after=2025-06-24T00:00:00+00:00
[2025-06-25T01:47:37.075+0200] {processor.py:179} INFO - Processing /home/atef/.local/lib/python3.9/site-packages/airflow/example_dags/example_branch_operator_decorator.py took 0.465 seconds
[2025-06-25T01:49:45.332+0200] {processor.py:157} INFO - Started process (PID=189206) to work on /home/atef/.local/lib/python3.9/site-packages/airflow/example_dags/example_branch_operator_decorator.py
[2025-06-25T01:49:45.336+0200] {processor.py:826} INFO - Processing file /home/atef/.local/lib/python3.9/site-packages/airflow/example_dags/example_branch_operator_decorator.py for tasks to queue
[2025-06-25T01:49:45.338+0200] {logging_mixin.py:149} INFO - [2025-06-25T01:49:45.338+0200] {dagbag.py:541} INFO - Filling up the DagBag from /home/atef/.local/lib/python3.9/site-packages/airflow/example_dags/example_branch_operator_decorator.py
[2025-06-25T01:49:45.386+0200] {processor.py:836} INFO - DAG(s) dict_keys(['example_branch_python_operator_decorator']) retrieved from /home/atef/.local/lib/python3.9/site-packages/airflow/example_dags/example_branch_operator_decorator.py
[2025-06-25T01:49:45.474+0200] {logging_mixin.py:149} INFO - [2025-06-25T01:49:45.473+0200] {dag.py:2726} INFO - Sync 1 DAGs
[2025-06-25T01:49:45.521+0200] {logging_mixin.py:149} INFO - [2025-06-25T01:49:45.520+0200] {dag.py:3486} INFO - Setting next_dagrun for example_branch_python_operator_decorator to 2025-06-23T00:00:00+00:00, run_after=2025-06-24T00:00:00+00:00
[2025-06-25T01:49:45.580+0200] {processor.py:179} INFO - Processing /home/atef/.local/lib/python3.9/site-packages/airflow/example_dags/example_branch_operator_decorator.py took 0.263 seconds
[2025-06-25T01:51:16.067+0200] {processor.py:157} INFO - Started process (PID=189712) to work on /home/atef/.local/lib/python3.9/site-packages/airflow/example_dags/example_branch_operator_decorator.py
[2025-06-25T01:51:16.215+0200] {processor.py:826} INFO - Processing file /home/atef/.local/lib/python3.9/site-packages/airflow/example_dags/example_branch_operator_decorator.py for tasks to queue
[2025-06-25T01:51:16.262+0200] {logging_mixin.py:149} INFO - [2025-06-25T01:51:16.262+0200] {dagbag.py:541} INFO - Filling up the DagBag from /home/atef/.local/lib/python3.9/site-packages/airflow/example_dags/example_branch_operator_decorator.py
[2025-06-25T01:51:16.511+0200] {processor.py:836} INFO - DAG(s) dict_keys(['example_branch_python_operator_decorator']) retrieved from /home/atef/.local/lib/python3.9/site-packages/airflow/example_dags/example_branch_operator_decorator.py
[2025-06-25T01:51:16.980+0200] {logging_mixin.py:149} INFO - [2025-06-25T01:51:16.980+0200] {dag.py:2726} INFO - Sync 1 DAGs
[2025-06-25T01:51:17.234+0200] {logging_mixin.py:149} INFO - [2025-06-25T01:51:17.234+0200] {dag.py:3486} INFO - Setting next_dagrun for example_branch_python_operator_decorator to 2025-06-23T00:00:00+00:00, run_after=2025-06-24T00:00:00+00:00
[2025-06-25T01:51:17.483+0200] {processor.py:179} INFO - Processing /home/atef/.local/lib/python3.9/site-packages/airflow/example_dags/example_branch_operator_decorator.py took 1.875 seconds
[2025-06-25T01:53:41.309+0200] {processor.py:157} INFO - Started process (PID=190208) to work on /home/atef/.local/lib/python3.9/site-packages/airflow/example_dags/example_branch_operator_decorator.py
[2025-06-25T01:53:41.324+0200] {processor.py:826} INFO - Processing file /home/atef/.local/lib/python3.9/site-packages/airflow/example_dags/example_branch_operator_decorator.py for tasks to queue
[2025-06-25T01:53:41.329+0200] {logging_mixin.py:149} INFO - [2025-06-25T01:53:41.329+0200] {dagbag.py:541} INFO - Filling up the DagBag from /home/atef/.local/lib/python3.9/site-packages/airflow/example_dags/example_branch_operator_decorator.py
[2025-06-25T01:53:41.537+0200] {processor.py:836} INFO - DAG(s) dict_keys(['example_branch_python_operator_decorator']) retrieved from /home/atef/.local/lib/python3.9/site-packages/airflow/example_dags/example_branch_operator_decorator.py
[2025-06-25T01:53:42.079+0200] {logging_mixin.py:149} INFO - [2025-06-25T01:53:42.078+0200] {dag.py:2726} INFO - Sync 1 DAGs
[2025-06-25T01:53:42.221+0200] {logging_mixin.py:149} INFO - [2025-06-25T01:53:42.221+0200] {dag.py:3486} INFO - Setting next_dagrun for example_branch_python_operator_decorator to 2025-06-23T00:00:00+00:00, run_after=2025-06-24T00:00:00+00:00
[2025-06-25T01:53:43.059+0200] {processor.py:179} INFO - Processing /home/atef/.local/lib/python3.9/site-packages/airflow/example_dags/example_branch_operator_decorator.py took 1.825 seconds
[2025-06-25T01:56:03.805+0200] {processor.py:157} INFO - Started process (PID=191077) to work on /home/atef/.local/lib/python3.9/site-packages/airflow/example_dags/example_branch_operator_decorator.py
[2025-06-25T01:56:03.809+0200] {processor.py:826} INFO - Processing file /home/atef/.local/lib/python3.9/site-packages/airflow/example_dags/example_branch_operator_decorator.py for tasks to queue
[2025-06-25T01:56:03.812+0200] {logging_mixin.py:149} INFO - [2025-06-25T01:56:03.811+0200] {dagbag.py:541} INFO - Filling up the DagBag from /home/atef/.local/lib/python3.9/site-packages/airflow/example_dags/example_branch_operator_decorator.py
[2025-06-25T01:56:03.842+0200] {processor.py:836} INFO - DAG(s) dict_keys(['example_branch_python_operator_decorator']) retrieved from /home/atef/.local/lib/python3.9/site-packages/airflow/example_dags/example_branch_operator_decorator.py
[2025-06-25T01:56:03.925+0200] {logging_mixin.py:149} INFO - [2025-06-25T01:56:03.925+0200] {dag.py:2726} INFO - Sync 1 DAGs
[2025-06-25T01:56:03.974+0200] {logging_mixin.py:149} INFO - [2025-06-25T01:56:03.974+0200] {dag.py:3486} INFO - Setting next_dagrun for example_branch_python_operator_decorator to 2025-06-23T00:00:00+00:00, run_after=2025-06-24T00:00:00+00:00
[2025-06-25T01:56:04.015+0200] {processor.py:179} INFO - Processing /home/atef/.local/lib/python3.9/site-packages/airflow/example_dags/example_branch_operator_decorator.py took 0.225 seconds
[2025-06-25T01:57:21.300+0200] {processor.py:157} INFO - Started process (PID=191424) to work on /home/atef/.local/lib/python3.9/site-packages/airflow/example_dags/example_branch_operator_decorator.py
[2025-06-25T01:57:21.310+0200] {processor.py:826} INFO - Processing file /home/atef/.local/lib/python3.9/site-packages/airflow/example_dags/example_branch_operator_decorator.py for tasks to queue
[2025-06-25T01:57:21.315+0200] {logging_mixin.py:149} INFO - [2025-06-25T01:57:21.314+0200] {dagbag.py:541} INFO - Filling up the DagBag from /home/atef/.local/lib/python3.9/site-packages/airflow/example_dags/example_branch_operator_decorator.py
[2025-06-25T01:57:21.377+0200] {processor.py:836} INFO - DAG(s) dict_keys(['example_branch_python_operator_decorator']) retrieved from /home/atef/.local/lib/python3.9/site-packages/airflow/example_dags/example_branch_operator_decorator.py
[2025-06-25T01:57:21.571+0200] {logging_mixin.py:149} INFO - [2025-06-25T01:57:21.571+0200] {dag.py:2726} INFO - Sync 1 DAGs
[2025-06-25T01:57:21.683+0200] {logging_mixin.py:149} INFO - [2025-06-25T01:57:21.683+0200] {dag.py:3486} INFO - Setting next_dagrun for example_branch_python_operator_decorator to 2025-06-23T00:00:00+00:00, run_after=2025-06-24T00:00:00+00:00
[2025-06-25T01:57:21.761+0200] {processor.py:179} INFO - Processing /home/atef/.local/lib/python3.9/site-packages/airflow/example_dags/example_branch_operator_decorator.py took 0.499 seconds
