[2025-06-24T23:14:56.452+0200] {processor.py:157} INFO - Started process (PID=154795) to work on /home/atef/.local/lib/python3.9/site-packages/airflow/example_dags/example_setup_teardown_taskflow.py
[2025-06-24T23:14:56.458+0200] {processor.py:826} INFO - Processing file /home/atef/.local/lib/python3.9/site-packages/airflow/example_dags/example_setup_teardown_taskflow.py for tasks to queue
[2025-06-24T23:14:56.461+0200] {logging_mixin.py:149} INFO - [2025-06-24T23:14:56.461+0200] {dagbag.py:541} INFO - Filling up the DagBag from /home/atef/.local/lib/python3.9/site-packages/airflow/example_dags/example_setup_teardown_taskflow.py
[2025-06-24T23:14:56.470+0200] {processor.py:838} WARNING - No viable dags retrieved from /home/atef/.local/lib/python3.9/site-packages/airflow/example_dags/example_setup_teardown_taskflow.py
[2025-06-24T23:14:56.534+0200] {processor.py:179} INFO - Processing /home/atef/.local/lib/python3.9/site-packages/airflow/example_dags/example_setup_teardown_taskflow.py took 0.099 seconds
[2025-06-24T23:16:27.974+0200] {processor.py:157} INFO - Started process (PID=155113) to work on /home/atef/.local/lib/python3.9/site-packages/airflow/example_dags/example_setup_teardown_taskflow.py
[2025-06-24T23:16:27.979+0200] {processor.py:826} INFO - Processing file /home/atef/.local/lib/python3.9/site-packages/airflow/example_dags/example_setup_teardown_taskflow.py for tasks to queue
[2025-06-24T23:16:27.981+0200] {logging_mixin.py:149} INFO - [2025-06-24T23:16:27.981+0200] {dagbag.py:541} INFO - Filling up the DagBag from /home/atef/.local/lib/python3.9/site-packages/airflow/example_dags/example_setup_teardown_taskflow.py
[2025-06-24T23:16:27.989+0200] {processor.py:838} WARNING - No viable dags retrieved from /home/atef/.local/lib/python3.9/site-packages/airflow/example_dags/example_setup_teardown_taskflow.py
[2025-06-24T23:16:28.030+0200] {processor.py:179} INFO - Processing /home/atef/.local/lib/python3.9/site-packages/airflow/example_dags/example_setup_teardown_taskflow.py took 0.070 seconds
[2025-06-24T23:17:26.436+0200] {processor.py:157} INFO - Started process (PID=155246) to work on /home/atef/.local/lib/python3.9/site-packages/airflow/example_dags/example_setup_teardown_taskflow.py
[2025-06-24T23:17:26.444+0200] {processor.py:826} INFO - Processing file /home/atef/.local/lib/python3.9/site-packages/airflow/example_dags/example_setup_teardown_taskflow.py for tasks to queue
[2025-06-24T23:17:26.449+0200] {logging_mixin.py:149} INFO - [2025-06-24T23:17:26.448+0200] {dagbag.py:541} INFO - Filling up the DagBag from /home/atef/.local/lib/python3.9/site-packages/airflow/example_dags/example_setup_teardown_taskflow.py
[2025-06-24T23:17:26.464+0200] {processor.py:838} WARNING - No viable dags retrieved from /home/atef/.local/lib/python3.9/site-packages/airflow/example_dags/example_setup_teardown_taskflow.py
[2025-06-24T23:17:26.576+0200] {processor.py:179} INFO - Processing /home/atef/.local/lib/python3.9/site-packages/airflow/example_dags/example_setup_teardown_taskflow.py took 0.172 seconds
[2025-06-25T01:11:26.635+0200] {processor.py:157} INFO - Started process (PID=173004) to work on /home/atef/.local/lib/python3.9/site-packages/airflow/example_dags/example_setup_teardown_taskflow.py
[2025-06-25T01:11:26.640+0200] {processor.py:826} INFO - Processing file /home/atef/.local/lib/python3.9/site-packages/airflow/example_dags/example_setup_teardown_taskflow.py for tasks to queue
[2025-06-25T01:11:26.642+0200] {logging_mixin.py:149} INFO - [2025-06-25T01:11:26.642+0200] {dagbag.py:541} INFO - Filling up the DagBag from /home/atef/.local/lib/python3.9/site-packages/airflow/example_dags/example_setup_teardown_taskflow.py
[2025-06-25T01:11:26.649+0200] {processor.py:838} WARNING - No viable dags retrieved from /home/atef/.local/lib/python3.9/site-packages/airflow/example_dags/example_setup_teardown_taskflow.py
[2025-06-25T01:11:26.689+0200] {processor.py:179} INFO - Processing /home/atef/.local/lib/python3.9/site-packages/airflow/example_dags/example_setup_teardown_taskflow.py took 0.070 seconds
[2025-06-25T01:17:49.520+0200] {processor.py:157} INFO - Started process (PID=174873) to work on /home/atef/.local/lib/python3.9/site-packages/airflow/example_dags/example_setup_teardown_taskflow.py
[2025-06-25T01:17:49.529+0200] {processor.py:826} INFO - Processing file /home/atef/.local/lib/python3.9/site-packages/airflow/example_dags/example_setup_teardown_taskflow.py for tasks to queue
[2025-06-25T01:17:49.537+0200] {logging_mixin.py:149} INFO - [2025-06-25T01:17:49.536+0200] {dagbag.py:541} INFO - Filling up the DagBag from /home/atef/.local/lib/python3.9/site-packages/airflow/example_dags/example_setup_teardown_taskflow.py
[2025-06-25T01:17:49.556+0200] {processor.py:838} WARNING - No viable dags retrieved from /home/atef/.local/lib/python3.9/site-packages/airflow/example_dags/example_setup_teardown_taskflow.py
[2025-06-25T01:17:49.722+0200] {processor.py:179} INFO - Processing /home/atef/.local/lib/python3.9/site-packages/airflow/example_dags/example_setup_teardown_taskflow.py took 0.238 seconds
[2025-06-25T01:19:32.019+0200] {processor.py:157} INFO - Started process (PID=175700) to work on /home/atef/.local/lib/python3.9/site-packages/airflow/example_dags/example_setup_teardown_taskflow.py
[2025-06-25T01:19:32.024+0200] {processor.py:826} INFO - Processing file /home/atef/.local/lib/python3.9/site-packages/airflow/example_dags/example_setup_teardown_taskflow.py for tasks to queue
[2025-06-25T01:19:32.025+0200] {logging_mixin.py:149} INFO - [2025-06-25T01:19:32.025+0200] {dagbag.py:541} INFO - Filling up the DagBag from /home/atef/.local/lib/python3.9/site-packages/airflow/example_dags/example_setup_teardown_taskflow.py
[2025-06-25T01:19:32.031+0200] {processor.py:838} WARNING - No viable dags retrieved from /home/atef/.local/lib/python3.9/site-packages/airflow/example_dags/example_setup_teardown_taskflow.py
[2025-06-25T01:19:32.068+0200] {processor.py:179} INFO - Processing /home/atef/.local/lib/python3.9/site-packages/airflow/example_dags/example_setup_teardown_taskflow.py took 0.061 seconds
[2025-06-25T01:21:16.332+0200] {processor.py:157} INFO - Started process (PID=176716) to work on /home/atef/.local/lib/python3.9/site-packages/airflow/example_dags/example_setup_teardown_taskflow.py
[2025-06-25T01:21:16.339+0200] {processor.py:826} INFO - Processing file /home/atef/.local/lib/python3.9/site-packages/airflow/example_dags/example_setup_teardown_taskflow.py for tasks to queue
[2025-06-25T01:21:16.341+0200] {logging_mixin.py:149} INFO - [2025-06-25T01:21:16.341+0200] {dagbag.py:541} INFO - Filling up the DagBag from /home/atef/.local/lib/python3.9/site-packages/airflow/example_dags/example_setup_teardown_taskflow.py
[2025-06-25T01:21:16.353+0200] {processor.py:838} WARNING - No viable dags retrieved from /home/atef/.local/lib/python3.9/site-packages/airflow/example_dags/example_setup_teardown_taskflow.py
[2025-06-25T01:21:16.435+0200] {processor.py:179} INFO - Processing /home/atef/.local/lib/python3.9/site-packages/airflow/example_dags/example_setup_teardown_taskflow.py took 0.124 seconds
[2025-06-25T01:22:35.039+0200] {processor.py:157} INFO - Started process (PID=177068) to work on /home/atef/.local/lib/python3.9/site-packages/airflow/example_dags/example_setup_teardown_taskflow.py
[2025-06-25T01:22:35.044+0200] {processor.py:826} INFO - Processing file /home/atef/.local/lib/python3.9/site-packages/airflow/example_dags/example_setup_teardown_taskflow.py for tasks to queue
[2025-06-25T01:22:35.046+0200] {logging_mixin.py:149} INFO - [2025-06-25T01:22:35.045+0200] {dagbag.py:541} INFO - Filling up the DagBag from /home/atef/.local/lib/python3.9/site-packages/airflow/example_dags/example_setup_teardown_taskflow.py
[2025-06-25T01:22:35.053+0200] {processor.py:838} WARNING - No viable dags retrieved from /home/atef/.local/lib/python3.9/site-packages/airflow/example_dags/example_setup_teardown_taskflow.py
[2025-06-25T01:22:35.099+0200] {processor.py:179} INFO - Processing /home/atef/.local/lib/python3.9/site-packages/airflow/example_dags/example_setup_teardown_taskflow.py took 0.073 seconds
[2025-06-25T01:24:18.165+0200] {processor.py:157} INFO - Started process (PID=177862) to work on /home/atef/.local/lib/python3.9/site-packages/airflow/example_dags/example_setup_teardown_taskflow.py
[2025-06-25T01:24:18.186+0200] {processor.py:826} INFO - Processing file /home/atef/.local/lib/python3.9/site-packages/airflow/example_dags/example_setup_teardown_taskflow.py for tasks to queue
[2025-06-25T01:24:18.201+0200] {logging_mixin.py:149} INFO - [2025-06-25T01:24:18.200+0200] {dagbag.py:541} INFO - Filling up the DagBag from /home/atef/.local/lib/python3.9/site-packages/airflow/example_dags/example_setup_teardown_taskflow.py
[2025-06-25T01:24:18.239+0200] {processor.py:838} WARNING - No viable dags retrieved from /home/atef/.local/lib/python3.9/site-packages/airflow/example_dags/example_setup_teardown_taskflow.py
[2025-06-25T01:24:18.427+0200] {processor.py:179} INFO - Processing /home/atef/.local/lib/python3.9/site-packages/airflow/example_dags/example_setup_teardown_taskflow.py took 0.316 seconds
[2025-06-25T01:26:28.268+0200] {processor.py:157} INFO - Started process (PID=178802) to work on /home/atef/.local/lib/python3.9/site-packages/airflow/example_dags/example_setup_teardown_taskflow.py
[2025-06-25T01:26:28.273+0200] {processor.py:826} INFO - Processing file /home/atef/.local/lib/python3.9/site-packages/airflow/example_dags/example_setup_teardown_taskflow.py for tasks to queue
[2025-06-25T01:26:28.275+0200] {logging_mixin.py:149} INFO - [2025-06-25T01:26:28.275+0200] {dagbag.py:541} INFO - Filling up the DagBag from /home/atef/.local/lib/python3.9/site-packages/airflow/example_dags/example_setup_teardown_taskflow.py
[2025-06-25T01:26:28.284+0200] {processor.py:838} WARNING - No viable dags retrieved from /home/atef/.local/lib/python3.9/site-packages/airflow/example_dags/example_setup_teardown_taskflow.py
[2025-06-25T01:26:28.326+0200] {processor.py:179} INFO - Processing /home/atef/.local/lib/python3.9/site-packages/airflow/example_dags/example_setup_teardown_taskflow.py took 0.074 seconds
[2025-06-25T01:29:15.451+0200] {processor.py:157} INFO - Started process (PID=180086) to work on /home/atef/.local/lib/python3.9/site-packages/airflow/example_dags/example_setup_teardown_taskflow.py
[2025-06-25T01:29:15.462+0200] {processor.py:826} INFO - Processing file /home/atef/.local/lib/python3.9/site-packages/airflow/example_dags/example_setup_teardown_taskflow.py for tasks to queue
[2025-06-25T01:29:15.467+0200] {logging_mixin.py:149} INFO - [2025-06-25T01:29:15.467+0200] {dagbag.py:541} INFO - Filling up the DagBag from /home/atef/.local/lib/python3.9/site-packages/airflow/example_dags/example_setup_teardown_taskflow.py
[2025-06-25T01:29:15.486+0200] {processor.py:838} WARNING - No viable dags retrieved from /home/atef/.local/lib/python3.9/site-packages/airflow/example_dags/example_setup_teardown_taskflow.py
[2025-06-25T01:29:15.596+0200] {processor.py:179} INFO - Processing /home/atef/.local/lib/python3.9/site-packages/airflow/example_dags/example_setup_teardown_taskflow.py took 0.182 seconds
[2025-06-25T01:30:28.579+0200] {processor.py:157} INFO - Started process (PID=180635) to work on /home/atef/.local/lib/python3.9/site-packages/airflow/example_dags/example_setup_teardown_taskflow.py
[2025-06-25T01:30:28.617+0200] {processor.py:826} INFO - Processing file /home/atef/.local/lib/python3.9/site-packages/airflow/example_dags/example_setup_teardown_taskflow.py for tasks to queue
[2025-06-25T01:30:28.628+0200] {logging_mixin.py:149} INFO - [2025-06-25T01:30:28.627+0200] {dagbag.py:541} INFO - Filling up the DagBag from /home/atef/.local/lib/python3.9/site-packages/airflow/example_dags/example_setup_teardown_taskflow.py
[2025-06-25T01:30:28.693+0200] {processor.py:838} WARNING - No viable dags retrieved from /home/atef/.local/lib/python3.9/site-packages/airflow/example_dags/example_setup_teardown_taskflow.py
[2025-06-25T01:30:29.009+0200] {processor.py:179} INFO - Processing /home/atef/.local/lib/python3.9/site-packages/airflow/example_dags/example_setup_teardown_taskflow.py took 0.515 seconds
[2025-06-25T01:31:59.867+0200] {processor.py:157} INFO - Started process (PID=181307) to work on /home/atef/.local/lib/python3.9/site-packages/airflow/example_dags/example_setup_teardown_taskflow.py
[2025-06-25T01:31:59.875+0200] {processor.py:826} INFO - Processing file /home/atef/.local/lib/python3.9/site-packages/airflow/example_dags/example_setup_teardown_taskflow.py for tasks to queue
[2025-06-25T01:31:59.878+0200] {logging_mixin.py:149} INFO - [2025-06-25T01:31:59.878+0200] {dagbag.py:541} INFO - Filling up the DagBag from /home/atef/.local/lib/python3.9/site-packages/airflow/example_dags/example_setup_teardown_taskflow.py
[2025-06-25T01:31:59.890+0200] {processor.py:838} WARNING - No viable dags retrieved from /home/atef/.local/lib/python3.9/site-packages/airflow/example_dags/example_setup_teardown_taskflow.py
[2025-06-25T01:31:59.986+0200] {processor.py:179} INFO - Processing /home/atef/.local/lib/python3.9/site-packages/airflow/example_dags/example_setup_teardown_taskflow.py took 0.147 seconds
[2025-06-25T01:33:07.891+0200] {processor.py:157} INFO - Started process (PID=181583) to work on /home/atef/.local/lib/python3.9/site-packages/airflow/example_dags/example_setup_teardown_taskflow.py
[2025-06-25T01:33:07.902+0200] {processor.py:826} INFO - Processing file /home/atef/.local/lib/python3.9/site-packages/airflow/example_dags/example_setup_teardown_taskflow.py for tasks to queue
[2025-06-25T01:33:07.905+0200] {logging_mixin.py:149} INFO - [2025-06-25T01:33:07.904+0200] {dagbag.py:541} INFO - Filling up the DagBag from /home/atef/.local/lib/python3.9/site-packages/airflow/example_dags/example_setup_teardown_taskflow.py
[2025-06-25T01:33:07.922+0200] {processor.py:838} WARNING - No viable dags retrieved from /home/atef/.local/lib/python3.9/site-packages/airflow/example_dags/example_setup_teardown_taskflow.py
[2025-06-25T01:33:08.033+0200] {processor.py:179} INFO - Processing /home/atef/.local/lib/python3.9/site-packages/airflow/example_dags/example_setup_teardown_taskflow.py took 0.171 seconds
[2025-06-25T01:35:49.892+0200] {processor.py:157} INFO - Started process (PID=182335) to work on /home/atef/.local/lib/python3.9/site-packages/airflow/example_dags/example_setup_teardown_taskflow.py
[2025-06-25T01:35:49.906+0200] {processor.py:826} INFO - Processing file /home/atef/.local/lib/python3.9/site-packages/airflow/example_dags/example_setup_teardown_taskflow.py for tasks to queue
[2025-06-25T01:35:49.914+0200] {logging_mixin.py:149} INFO - [2025-06-25T01:35:49.913+0200] {dagbag.py:541} INFO - Filling up the DagBag from /home/atef/.local/lib/python3.9/site-packages/airflow/example_dags/example_setup_teardown_taskflow.py
[2025-06-25T01:35:49.938+0200] {processor.py:838} WARNING - No viable dags retrieved from /home/atef/.local/lib/python3.9/site-packages/airflow/example_dags/example_setup_teardown_taskflow.py
[2025-06-25T01:35:50.103+0200] {processor.py:179} INFO - Processing /home/atef/.local/lib/python3.9/site-packages/airflow/example_dags/example_setup_teardown_taskflow.py took 0.247 seconds
[2025-06-25T01:37:54.156+0200] {processor.py:157} INFO - Started process (PID=183189) to work on /home/atef/.local/lib/python3.9/site-packages/airflow/example_dags/example_setup_teardown_taskflow.py
[2025-06-25T01:37:54.169+0200] {processor.py:826} INFO - Processing file /home/atef/.local/lib/python3.9/site-packages/airflow/example_dags/example_setup_teardown_taskflow.py for tasks to queue
[2025-06-25T01:37:54.173+0200] {logging_mixin.py:149} INFO - [2025-06-25T01:37:54.173+0200] {dagbag.py:541} INFO - Filling up the DagBag from /home/atef/.local/lib/python3.9/site-packages/airflow/example_dags/example_setup_teardown_taskflow.py
[2025-06-25T01:37:54.195+0200] {processor.py:838} WARNING - No viable dags retrieved from /home/atef/.local/lib/python3.9/site-packages/airflow/example_dags/example_setup_teardown_taskflow.py
[2025-06-25T01:37:54.490+0200] {processor.py:179} INFO - Processing /home/atef/.local/lib/python3.9/site-packages/airflow/example_dags/example_setup_teardown_taskflow.py took 0.398 seconds
[2025-06-25T01:39:12.654+0200] {processor.py:157} INFO - Started process (PID=183712) to work on /home/atef/.local/lib/python3.9/site-packages/airflow/example_dags/example_setup_teardown_taskflow.py
[2025-06-25T01:39:12.658+0200] {processor.py:826} INFO - Processing file /home/atef/.local/lib/python3.9/site-packages/airflow/example_dags/example_setup_teardown_taskflow.py for tasks to queue
[2025-06-25T01:39:12.660+0200] {logging_mixin.py:149} INFO - [2025-06-25T01:39:12.660+0200] {dagbag.py:541} INFO - Filling up the DagBag from /home/atef/.local/lib/python3.9/site-packages/airflow/example_dags/example_setup_teardown_taskflow.py
[2025-06-25T01:39:12.668+0200] {processor.py:838} WARNING - No viable dags retrieved from /home/atef/.local/lib/python3.9/site-packages/airflow/example_dags/example_setup_teardown_taskflow.py
[2025-06-25T01:39:12.709+0200] {processor.py:179} INFO - Processing /home/atef/.local/lib/python3.9/site-packages/airflow/example_dags/example_setup_teardown_taskflow.py took 0.069 seconds
[2025-06-25T01:40:32.102+0200] {processor.py:157} INFO - Started process (PID=183883) to work on /home/atef/.local/lib/python3.9/site-packages/airflow/example_dags/example_setup_teardown_taskflow.py
[2025-06-25T01:40:32.118+0200] {processor.py:826} INFO - Processing file /home/atef/.local/lib/python3.9/site-packages/airflow/example_dags/example_setup_teardown_taskflow.py for tasks to queue
[2025-06-25T01:40:32.128+0200] {logging_mixin.py:149} INFO - [2025-06-25T01:40:32.125+0200] {dagbag.py:541} INFO - Filling up the DagBag from /home/atef/.local/lib/python3.9/site-packages/airflow/example_dags/example_setup_teardown_taskflow.py
[2025-06-25T01:40:32.155+0200] {processor.py:838} WARNING - No viable dags retrieved from /home/atef/.local/lib/python3.9/site-packages/airflow/example_dags/example_setup_teardown_taskflow.py
[2025-06-25T01:40:32.376+0200] {processor.py:179} INFO - Processing /home/atef/.local/lib/python3.9/site-packages/airflow/example_dags/example_setup_teardown_taskflow.py took 0.318 seconds
[2025-06-25T01:45:34.688+0200] {processor.py:157} INFO - Started process (PID=187283) to work on /home/atef/.local/lib/python3.9/site-packages/airflow/example_dags/example_setup_teardown_taskflow.py
[2025-06-25T01:45:34.695+0200] {processor.py:826} INFO - Processing file /home/atef/.local/lib/python3.9/site-packages/airflow/example_dags/example_setup_teardown_taskflow.py for tasks to queue
[2025-06-25T01:45:34.700+0200] {logging_mixin.py:149} INFO - [2025-06-25T01:45:34.699+0200] {dagbag.py:541} INFO - Filling up the DagBag from /home/atef/.local/lib/python3.9/site-packages/airflow/example_dags/example_setup_teardown_taskflow.py
[2025-06-25T01:45:34.710+0200] {processor.py:838} WARNING - No viable dags retrieved from /home/atef/.local/lib/python3.9/site-packages/airflow/example_dags/example_setup_teardown_taskflow.py
[2025-06-25T01:45:34.788+0200] {processor.py:179} INFO - Processing /home/atef/.local/lib/python3.9/site-packages/airflow/example_dags/example_setup_teardown_taskflow.py took 0.123 seconds
[2025-06-25T01:46:51.984+0200] {processor.py:157} INFO - Started process (PID=187986) to work on /home/atef/.local/lib/python3.9/site-packages/airflow/example_dags/example_setup_teardown_taskflow.py
[2025-06-25T01:46:51.990+0200] {processor.py:826} INFO - Processing file /home/atef/.local/lib/python3.9/site-packages/airflow/example_dags/example_setup_teardown_taskflow.py for tasks to queue
[2025-06-25T01:46:51.992+0200] {logging_mixin.py:149} INFO - [2025-06-25T01:46:51.992+0200] {dagbag.py:541} INFO - Filling up the DagBag from /home/atef/.local/lib/python3.9/site-packages/airflow/example_dags/example_setup_teardown_taskflow.py
[2025-06-25T01:46:52.002+0200] {processor.py:838} WARNING - No viable dags retrieved from /home/atef/.local/lib/python3.9/site-packages/airflow/example_dags/example_setup_teardown_taskflow.py
[2025-06-25T01:46:52.091+0200] {processor.py:179} INFO - Processing /home/atef/.local/lib/python3.9/site-packages/airflow/example_dags/example_setup_teardown_taskflow.py took 0.127 seconds
[2025-06-25T01:48:34.984+0200] {processor.py:157} INFO - Started process (PID=188757) to work on /home/atef/.local/lib/python3.9/site-packages/airflow/example_dags/example_setup_teardown_taskflow.py
[2025-06-25T01:48:34.995+0200] {processor.py:826} INFO - Processing file /home/atef/.local/lib/python3.9/site-packages/airflow/example_dags/example_setup_teardown_taskflow.py for tasks to queue
[2025-06-25T01:48:35.002+0200] {logging_mixin.py:149} INFO - [2025-06-25T01:48:35.002+0200] {dagbag.py:541} INFO - Filling up the DagBag from /home/atef/.local/lib/python3.9/site-packages/airflow/example_dags/example_setup_teardown_taskflow.py
[2025-06-25T01:48:35.026+0200] {processor.py:838} WARNING - No viable dags retrieved from /home/atef/.local/lib/python3.9/site-packages/airflow/example_dags/example_setup_teardown_taskflow.py
[2025-06-25T01:48:35.186+0200] {processor.py:179} INFO - Processing /home/atef/.local/lib/python3.9/site-packages/airflow/example_dags/example_setup_teardown_taskflow.py took 0.270 seconds
[2025-06-25T01:50:21.858+0200] {processor.py:157} INFO - Started process (PID=189518) to work on /home/atef/.local/lib/python3.9/site-packages/airflow/example_dags/example_setup_teardown_taskflow.py
[2025-06-25T01:50:21.866+0200] {processor.py:826} INFO - Processing file /home/atef/.local/lib/python3.9/site-packages/airflow/example_dags/example_setup_teardown_taskflow.py for tasks to queue
[2025-06-25T01:50:21.872+0200] {logging_mixin.py:149} INFO - [2025-06-25T01:50:21.872+0200] {dagbag.py:541} INFO - Filling up the DagBag from /home/atef/.local/lib/python3.9/site-packages/airflow/example_dags/example_setup_teardown_taskflow.py
[2025-06-25T01:50:21.894+0200] {processor.py:838} WARNING - No viable dags retrieved from /home/atef/.local/lib/python3.9/site-packages/airflow/example_dags/example_setup_teardown_taskflow.py
[2025-06-25T01:50:21.996+0200] {processor.py:179} INFO - Processing /home/atef/.local/lib/python3.9/site-packages/airflow/example_dags/example_setup_teardown_taskflow.py took 0.176 seconds
[2025-06-25T01:52:31.435+0200] {processor.py:157} INFO - Started process (PID=190008) to work on /home/atef/.local/lib/python3.9/site-packages/airflow/example_dags/example_setup_teardown_taskflow.py
[2025-06-25T01:52:31.475+0200] {processor.py:826} INFO - Processing file /home/atef/.local/lib/python3.9/site-packages/airflow/example_dags/example_setup_teardown_taskflow.py for tasks to queue
[2025-06-25T01:52:31.487+0200] {logging_mixin.py:149} INFO - [2025-06-25T01:52:31.487+0200] {dagbag.py:541} INFO - Filling up the DagBag from /home/atef/.local/lib/python3.9/site-packages/airflow/example_dags/example_setup_teardown_taskflow.py
[2025-06-25T01:52:31.583+0200] {processor.py:838} WARNING - No viable dags retrieved from /home/atef/.local/lib/python3.9/site-packages/airflow/example_dags/example_setup_teardown_taskflow.py
[2025-06-25T01:52:32.024+0200] {processor.py:179} INFO - Processing /home/atef/.local/lib/python3.9/site-packages/airflow/example_dags/example_setup_teardown_taskflow.py took 0.754 seconds
[2025-06-25T01:55:36.494+0200] {processor.py:157} INFO - Started process (PID=190891) to work on /home/atef/.local/lib/python3.9/site-packages/airflow/example_dags/example_setup_teardown_taskflow.py
[2025-06-25T01:55:36.504+0200] {processor.py:826} INFO - Processing file /home/atef/.local/lib/python3.9/site-packages/airflow/example_dags/example_setup_teardown_taskflow.py for tasks to queue
[2025-06-25T01:55:36.508+0200] {logging_mixin.py:149} INFO - [2025-06-25T01:55:36.508+0200] {dagbag.py:541} INFO - Filling up the DagBag from /home/atef/.local/lib/python3.9/site-packages/airflow/example_dags/example_setup_teardown_taskflow.py
[2025-06-25T01:55:36.522+0200] {processor.py:838} WARNING - No viable dags retrieved from /home/atef/.local/lib/python3.9/site-packages/airflow/example_dags/example_setup_teardown_taskflow.py
[2025-06-25T01:55:36.612+0200] {processor.py:179} INFO - Processing /home/atef/.local/lib/python3.9/site-packages/airflow/example_dags/example_setup_teardown_taskflow.py took 0.144 seconds
[2025-06-25T01:56:44.536+0200] {processor.py:157} INFO - Started process (PID=191205) to work on /home/atef/.local/lib/python3.9/site-packages/airflow/example_dags/example_setup_teardown_taskflow.py
[2025-06-25T01:56:44.544+0200] {processor.py:826} INFO - Processing file /home/atef/.local/lib/python3.9/site-packages/airflow/example_dags/example_setup_teardown_taskflow.py for tasks to queue
[2025-06-25T01:56:44.549+0200] {logging_mixin.py:149} INFO - [2025-06-25T01:56:44.548+0200] {dagbag.py:541} INFO - Filling up the DagBag from /home/atef/.local/lib/python3.9/site-packages/airflow/example_dags/example_setup_teardown_taskflow.py
[2025-06-25T01:56:44.567+0200] {processor.py:838} WARNING - No viable dags retrieved from /home/atef/.local/lib/python3.9/site-packages/airflow/example_dags/example_setup_teardown_taskflow.py
[2025-06-25T01:56:44.657+0200] {processor.py:179} INFO - Processing /home/atef/.local/lib/python3.9/site-packages/airflow/example_dags/example_setup_teardown_taskflow.py took 0.146 seconds
[2025-06-25T01:58:02.684+0200] {processor.py:157} INFO - Started process (PID=191646) to work on /home/atef/.local/lib/python3.9/site-packages/airflow/example_dags/example_setup_teardown_taskflow.py
[2025-06-25T01:58:02.691+0200] {processor.py:826} INFO - Processing file /home/atef/.local/lib/python3.9/site-packages/airflow/example_dags/example_setup_teardown_taskflow.py for tasks to queue
[2025-06-25T01:58:02.701+0200] {logging_mixin.py:149} INFO - [2025-06-25T01:58:02.700+0200] {dagbag.py:541} INFO - Filling up the DagBag from /home/atef/.local/lib/python3.9/site-packages/airflow/example_dags/example_setup_teardown_taskflow.py
[2025-06-25T01:58:02.711+0200] {processor.py:838} WARNING - No viable dags retrieved from /home/atef/.local/lib/python3.9/site-packages/airflow/example_dags/example_setup_teardown_taskflow.py
[2025-06-25T01:58:02.763+0200] {processor.py:179} INFO - Processing /home/atef/.local/lib/python3.9/site-packages/airflow/example_dags/example_setup_teardown_taskflow.py took 0.119 seconds
