[2025-06-24T23:14:58.818+0200] {processor.py:157} INFO - Started process (PID=154797) to work on /home/atef/.local/lib/python3.9/site-packages/airflow/example_dags/example_sensors.py
[2025-06-24T23:14:58.823+0200] {processor.py:826} INFO - Processing file /home/atef/.local/lib/python3.9/site-packages/airflow/example_dags/example_sensors.py for tasks to queue
[2025-06-24T23:14:58.826+0200] {logging_mixin.py:149} INFO - [2025-06-24T23:14:58.825+0200] {dagbag.py:541} INFO - Filling up the DagBag from /home/atef/.local/lib/python3.9/site-packages/airflow/example_dags/example_sensors.py
[2025-06-24T23:14:58.892+0200] {processor.py:836} INFO - DAG(s) dict_keys(['example_sensors']) retrieved from /home/atef/.local/lib/python3.9/site-packages/airflow/example_dags/example_sensors.py
[2025-06-24T23:14:59.040+0200] {logging_mixin.py:149} INFO - [2025-06-24T23:14:59.040+0200] {dag.py:2726} INFO - Sync 1 DAGs
[2025-06-24T23:14:59.125+0200] {logging_mixin.py:149} INFO - [2025-06-24T23:14:59.125+0200] {dag.py:3486} INFO - Setting next_dagrun for example_sensors to None, run_after=None
[2025-06-24T23:14:59.189+0200] {processor.py:179} INFO - Processing /home/atef/.local/lib/python3.9/site-packages/airflow/example_dags/example_sensors.py took 0.386 seconds
[2025-06-24T23:16:30.469+0200] {processor.py:157} INFO - Started process (PID=155115) to work on /home/atef/.local/lib/python3.9/site-packages/airflow/example_dags/example_sensors.py
[2025-06-24T23:16:30.474+0200] {processor.py:826} INFO - Processing file /home/atef/.local/lib/python3.9/site-packages/airflow/example_dags/example_sensors.py for tasks to queue
[2025-06-24T23:16:30.478+0200] {logging_mixin.py:149} INFO - [2025-06-24T23:16:30.477+0200] {dagbag.py:541} INFO - Filling up the DagBag from /home/atef/.local/lib/python3.9/site-packages/airflow/example_dags/example_sensors.py
[2025-06-24T23:16:30.518+0200] {processor.py:836} INFO - DAG(s) dict_keys(['example_sensors']) retrieved from /home/atef/.local/lib/python3.9/site-packages/airflow/example_dags/example_sensors.py
[2025-06-24T23:16:30.607+0200] {logging_mixin.py:149} INFO - [2025-06-24T23:16:30.607+0200] {dag.py:2726} INFO - Sync 1 DAGs
[2025-06-24T23:16:30.645+0200] {logging_mixin.py:149} INFO - [2025-06-24T23:16:30.645+0200] {dag.py:3486} INFO - Setting next_dagrun for example_sensors to None, run_after=None
[2025-06-24T23:16:30.688+0200] {processor.py:179} INFO - Processing /home/atef/.local/lib/python3.9/site-packages/airflow/example_dags/example_sensors.py took 0.237 seconds
[2025-06-24T23:17:29.627+0200] {processor.py:157} INFO - Started process (PID=155248) to work on /home/atef/.local/lib/python3.9/site-packages/airflow/example_dags/example_sensors.py
[2025-06-24T23:17:29.635+0200] {processor.py:826} INFO - Processing file /home/atef/.local/lib/python3.9/site-packages/airflow/example_dags/example_sensors.py for tasks to queue
[2025-06-24T23:17:29.639+0200] {logging_mixin.py:149} INFO - [2025-06-24T23:17:29.638+0200] {dagbag.py:541} INFO - Filling up the DagBag from /home/atef/.local/lib/python3.9/site-packages/airflow/example_dags/example_sensors.py
[2025-06-24T23:17:29.769+0200] {processor.py:836} INFO - DAG(s) dict_keys(['example_sensors']) retrieved from /home/atef/.local/lib/python3.9/site-packages/airflow/example_dags/example_sensors.py
[2025-06-24T23:17:30.079+0200] {logging_mixin.py:149} INFO - [2025-06-24T23:17:30.078+0200] {dag.py:2726} INFO - Sync 1 DAGs
[2025-06-24T23:17:30.266+0200] {logging_mixin.py:149} INFO - [2025-06-24T23:17:30.266+0200] {dag.py:3486} INFO - Setting next_dagrun for example_sensors to None, run_after=None
[2025-06-24T23:17:30.370+0200] {processor.py:179} INFO - Processing /home/atef/.local/lib/python3.9/site-packages/airflow/example_dags/example_sensors.py took 0.767 seconds
[2025-06-25T01:11:29.031+0200] {processor.py:157} INFO - Started process (PID=173042) to work on /home/atef/.local/lib/python3.9/site-packages/airflow/example_dags/example_sensors.py
[2025-06-25T01:11:29.214+0200] {processor.py:826} INFO - Processing file /home/atef/.local/lib/python3.9/site-packages/airflow/example_dags/example_sensors.py for tasks to queue
[2025-06-25T01:11:29.226+0200] {logging_mixin.py:149} INFO - [2025-06-25T01:11:29.226+0200] {dagbag.py:541} INFO - Filling up the DagBag from /home/atef/.local/lib/python3.9/site-packages/airflow/example_dags/example_sensors.py
[2025-06-25T01:11:29.308+0200] {processor.py:836} INFO - DAG(s) dict_keys(['example_sensors']) retrieved from /home/atef/.local/lib/python3.9/site-packages/airflow/example_dags/example_sensors.py
[2025-06-25T01:11:29.592+0200] {logging_mixin.py:149} INFO - [2025-06-25T01:11:29.592+0200] {dag.py:2726} INFO - Sync 1 DAGs
[2025-06-25T01:11:29.699+0200] {logging_mixin.py:149} INFO - [2025-06-25T01:11:29.699+0200] {dag.py:3486} INFO - Setting next_dagrun for example_sensors to None, run_after=None
[2025-06-25T01:11:29.875+0200] {processor.py:179} INFO - Processing /home/atef/.local/lib/python3.9/site-packages/airflow/example_dags/example_sensors.py took 0.870 seconds
[2025-06-25T01:17:51.521+0200] {processor.py:157} INFO - Started process (PID=174875) to work on /home/atef/.local/lib/python3.9/site-packages/airflow/example_dags/example_sensors.py
[2025-06-25T01:17:51.529+0200] {processor.py:826} INFO - Processing file /home/atef/.local/lib/python3.9/site-packages/airflow/example_dags/example_sensors.py for tasks to queue
[2025-06-25T01:17:51.532+0200] {logging_mixin.py:149} INFO - [2025-06-25T01:17:51.532+0200] {dagbag.py:541} INFO - Filling up the DagBag from /home/atef/.local/lib/python3.9/site-packages/airflow/example_dags/example_sensors.py
[2025-06-25T01:17:51.571+0200] {processor.py:836} INFO - DAG(s) dict_keys(['example_sensors']) retrieved from /home/atef/.local/lib/python3.9/site-packages/airflow/example_dags/example_sensors.py
[2025-06-25T01:17:51.655+0200] {logging_mixin.py:149} INFO - [2025-06-25T01:17:51.655+0200] {dag.py:2726} INFO - Sync 1 DAGs
[2025-06-25T01:17:51.693+0200] {logging_mixin.py:149} INFO - [2025-06-25T01:17:51.693+0200] {dag.py:3486} INFO - Setting next_dagrun for example_sensors to None, run_after=None
[2025-06-25T01:17:51.741+0200] {processor.py:179} INFO - Processing /home/atef/.local/lib/python3.9/site-packages/airflow/example_dags/example_sensors.py took 0.238 seconds
[2025-06-25T01:19:33.910+0200] {processor.py:157} INFO - Started process (PID=175702) to work on /home/atef/.local/lib/python3.9/site-packages/airflow/example_dags/example_sensors.py
[2025-06-25T01:19:33.916+0200] {processor.py:826} INFO - Processing file /home/atef/.local/lib/python3.9/site-packages/airflow/example_dags/example_sensors.py for tasks to queue
[2025-06-25T01:19:33.918+0200] {logging_mixin.py:149} INFO - [2025-06-25T01:19:33.918+0200] {dagbag.py:541} INFO - Filling up the DagBag from /home/atef/.local/lib/python3.9/site-packages/airflow/example_dags/example_sensors.py
[2025-06-25T01:19:33.954+0200] {processor.py:836} INFO - DAG(s) dict_keys(['example_sensors']) retrieved from /home/atef/.local/lib/python3.9/site-packages/airflow/example_dags/example_sensors.py
[2025-06-25T01:19:34.029+0200] {logging_mixin.py:149} INFO - [2025-06-25T01:19:34.029+0200] {dag.py:2726} INFO - Sync 1 DAGs
[2025-06-25T01:19:34.074+0200] {logging_mixin.py:149} INFO - [2025-06-25T01:19:34.074+0200] {dag.py:3486} INFO - Setting next_dagrun for example_sensors to None, run_after=None
[2025-06-25T01:19:34.119+0200] {processor.py:179} INFO - Processing /home/atef/.local/lib/python3.9/site-packages/airflow/example_dags/example_sensors.py took 0.224 seconds
[2025-06-25T01:21:19.033+0200] {processor.py:157} INFO - Started process (PID=176718) to work on /home/atef/.local/lib/python3.9/site-packages/airflow/example_dags/example_sensors.py
[2025-06-25T01:21:19.048+0200] {processor.py:826} INFO - Processing file /home/atef/.local/lib/python3.9/site-packages/airflow/example_dags/example_sensors.py for tasks to queue
[2025-06-25T01:21:19.057+0200] {logging_mixin.py:149} INFO - [2025-06-25T01:21:19.054+0200] {dagbag.py:541} INFO - Filling up the DagBag from /home/atef/.local/lib/python3.9/site-packages/airflow/example_dags/example_sensors.py
[2025-06-25T01:21:19.260+0200] {processor.py:836} INFO - DAG(s) dict_keys(['example_sensors']) retrieved from /home/atef/.local/lib/python3.9/site-packages/airflow/example_dags/example_sensors.py
[2025-06-25T01:21:19.436+0200] {logging_mixin.py:149} INFO - [2025-06-25T01:21:19.436+0200] {dag.py:2726} INFO - Sync 1 DAGs
[2025-06-25T01:21:19.494+0200] {logging_mixin.py:149} INFO - [2025-06-25T01:21:19.494+0200] {dag.py:3486} INFO - Setting next_dagrun for example_sensors to None, run_after=None
[2025-06-25T01:21:19.560+0200] {processor.py:179} INFO - Processing /home/atef/.local/lib/python3.9/site-packages/airflow/example_dags/example_sensors.py took 0.588 seconds
[2025-06-25T01:22:37.333+0200] {processor.py:157} INFO - Started process (PID=177070) to work on /home/atef/.local/lib/python3.9/site-packages/airflow/example_dags/example_sensors.py
[2025-06-25T01:22:37.339+0200] {processor.py:826} INFO - Processing file /home/atef/.local/lib/python3.9/site-packages/airflow/example_dags/example_sensors.py for tasks to queue
[2025-06-25T01:22:37.341+0200] {logging_mixin.py:149} INFO - [2025-06-25T01:22:37.341+0200] {dagbag.py:541} INFO - Filling up the DagBag from /home/atef/.local/lib/python3.9/site-packages/airflow/example_dags/example_sensors.py
[2025-06-25T01:22:37.375+0200] {processor.py:836} INFO - DAG(s) dict_keys(['example_sensors']) retrieved from /home/atef/.local/lib/python3.9/site-packages/airflow/example_dags/example_sensors.py
[2025-06-25T01:22:37.458+0200] {logging_mixin.py:149} INFO - [2025-06-25T01:22:37.458+0200] {dag.py:2726} INFO - Sync 1 DAGs
[2025-06-25T01:22:37.500+0200] {logging_mixin.py:149} INFO - [2025-06-25T01:22:37.500+0200] {dag.py:3486} INFO - Setting next_dagrun for example_sensors to None, run_after=None
[2025-06-25T01:22:37.564+0200] {processor.py:179} INFO - Processing /home/atef/.local/lib/python3.9/site-packages/airflow/example_dags/example_sensors.py took 0.247 seconds
[2025-06-25T01:24:20.833+0200] {processor.py:157} INFO - Started process (PID=177889) to work on /home/atef/.local/lib/python3.9/site-packages/airflow/example_dags/example_sensors.py
[2025-06-25T01:24:20.862+0200] {processor.py:826} INFO - Processing file /home/atef/.local/lib/python3.9/site-packages/airflow/example_dags/example_sensors.py for tasks to queue
[2025-06-25T01:24:20.865+0200] {logging_mixin.py:149} INFO - [2025-06-25T01:24:20.865+0200] {dagbag.py:541} INFO - Filling up the DagBag from /home/atef/.local/lib/python3.9/site-packages/airflow/example_dags/example_sensors.py
[2025-06-25T01:24:21.048+0200] {processor.py:836} INFO - DAG(s) dict_keys(['example_sensors']) retrieved from /home/atef/.local/lib/python3.9/site-packages/airflow/example_dags/example_sensors.py
[2025-06-25T01:24:21.167+0200] {logging_mixin.py:149} INFO - [2025-06-25T01:24:21.167+0200] {dag.py:2726} INFO - Sync 1 DAGs
[2025-06-25T01:24:21.300+0200] {logging_mixin.py:149} INFO - [2025-06-25T01:24:21.299+0200] {dag.py:3486} INFO - Setting next_dagrun for example_sensors to None, run_after=None
[2025-06-25T01:24:21.395+0200] {processor.py:179} INFO - Processing /home/atef/.local/lib/python3.9/site-packages/airflow/example_dags/example_sensors.py took 0.576 seconds
[2025-06-25T01:26:30.945+0200] {processor.py:157} INFO - Started process (PID=178839) to work on /home/atef/.local/lib/python3.9/site-packages/airflow/example_dags/example_sensors.py
[2025-06-25T01:26:30.956+0200] {processor.py:826} INFO - Processing file /home/atef/.local/lib/python3.9/site-packages/airflow/example_dags/example_sensors.py for tasks to queue
[2025-06-25T01:26:30.962+0200] {logging_mixin.py:149} INFO - [2025-06-25T01:26:30.961+0200] {dagbag.py:541} INFO - Filling up the DagBag from /home/atef/.local/lib/python3.9/site-packages/airflow/example_dags/example_sensors.py
[2025-06-25T01:26:31.063+0200] {processor.py:836} INFO - DAG(s) dict_keys(['example_sensors']) retrieved from /home/atef/.local/lib/python3.9/site-packages/airflow/example_dags/example_sensors.py
[2025-06-25T01:26:31.177+0200] {logging_mixin.py:149} INFO - [2025-06-25T01:26:31.177+0200] {dag.py:2726} INFO - Sync 1 DAGs
[2025-06-25T01:26:31.249+0200] {logging_mixin.py:149} INFO - [2025-06-25T01:26:31.248+0200] {dag.py:3486} INFO - Setting next_dagrun for example_sensors to None, run_after=None
[2025-06-25T01:26:31.298+0200] {processor.py:179} INFO - Processing /home/atef/.local/lib/python3.9/site-packages/airflow/example_dags/example_sensors.py took 0.388 seconds
[2025-06-25T01:29:16.629+0200] {processor.py:157} INFO - Started process (PID=180088) to work on /home/atef/.local/lib/python3.9/site-packages/airflow/example_dags/example_sensors.py
[2025-06-25T01:29:16.634+0200] {processor.py:826} INFO - Processing file /home/atef/.local/lib/python3.9/site-packages/airflow/example_dags/example_sensors.py for tasks to queue
[2025-06-25T01:29:16.636+0200] {logging_mixin.py:149} INFO - [2025-06-25T01:29:16.636+0200] {dagbag.py:541} INFO - Filling up the DagBag from /home/atef/.local/lib/python3.9/site-packages/airflow/example_dags/example_sensors.py
[2025-06-25T01:29:16.726+0200] {processor.py:836} INFO - DAG(s) dict_keys(['example_sensors']) retrieved from /home/atef/.local/lib/python3.9/site-packages/airflow/example_dags/example_sensors.py
[2025-06-25T01:29:16.922+0200] {logging_mixin.py:149} INFO - [2025-06-25T01:29:16.922+0200] {dag.py:2726} INFO - Sync 1 DAGs
[2025-06-25T01:29:16.984+0200] {logging_mixin.py:149} INFO - [2025-06-25T01:29:16.984+0200] {dag.py:3486} INFO - Setting next_dagrun for example_sensors to None, run_after=None
[2025-06-25T01:29:17.134+0200] {processor.py:179} INFO - Processing /home/atef/.local/lib/python3.9/site-packages/airflow/example_dags/example_sensors.py took 0.521 seconds
[2025-06-25T01:30:31.409+0200] {processor.py:157} INFO - Started process (PID=180693) to work on /home/atef/.local/lib/python3.9/site-packages/airflow/example_dags/example_sensors.py
[2025-06-25T01:30:31.416+0200] {processor.py:826} INFO - Processing file /home/atef/.local/lib/python3.9/site-packages/airflow/example_dags/example_sensors.py for tasks to queue
[2025-06-25T01:30:31.418+0200] {logging_mixin.py:149} INFO - [2025-06-25T01:30:31.418+0200] {dagbag.py:541} INFO - Filling up the DagBag from /home/atef/.local/lib/python3.9/site-packages/airflow/example_dags/example_sensors.py
[2025-06-25T01:30:31.506+0200] {processor.py:836} INFO - DAG(s) dict_keys(['example_sensors']) retrieved from /home/atef/.local/lib/python3.9/site-packages/airflow/example_dags/example_sensors.py
[2025-06-25T01:30:31.719+0200] {logging_mixin.py:149} INFO - [2025-06-25T01:30:31.719+0200] {dag.py:2726} INFO - Sync 1 DAGs
[2025-06-25T01:30:31.851+0200] {logging_mixin.py:149} INFO - [2025-06-25T01:30:31.849+0200] {dag.py:3486} INFO - Setting next_dagrun for example_sensors to None, run_after=None
[2025-06-25T01:30:31.971+0200] {processor.py:179} INFO - Processing /home/atef/.local/lib/python3.9/site-packages/airflow/example_dags/example_sensors.py took 0.586 seconds
[2025-06-25T01:32:02.710+0200] {processor.py:157} INFO - Started process (PID=181368) to work on /home/atef/.local/lib/python3.9/site-packages/airflow/example_dags/example_sensors.py
[2025-06-25T01:32:02.718+0200] {processor.py:826} INFO - Processing file /home/atef/.local/lib/python3.9/site-packages/airflow/example_dags/example_sensors.py for tasks to queue
[2025-06-25T01:32:02.722+0200] {logging_mixin.py:149} INFO - [2025-06-25T01:32:02.721+0200] {dagbag.py:541} INFO - Filling up the DagBag from /home/atef/.local/lib/python3.9/site-packages/airflow/example_dags/example_sensors.py
[2025-06-25T01:32:02.779+0200] {processor.py:836} INFO - DAG(s) dict_keys(['example_sensors']) retrieved from /home/atef/.local/lib/python3.9/site-packages/airflow/example_dags/example_sensors.py
[2025-06-25T01:32:02.934+0200] {logging_mixin.py:149} INFO - [2025-06-25T01:32:02.933+0200] {dag.py:2726} INFO - Sync 1 DAGs
[2025-06-25T01:32:03.066+0200] {logging_mixin.py:149} INFO - [2025-06-25T01:32:03.065+0200] {dag.py:3486} INFO - Setting next_dagrun for example_sensors to None, run_after=None
[2025-06-25T01:32:03.177+0200] {processor.py:179} INFO - Processing /home/atef/.local/lib/python3.9/site-packages/airflow/example_dags/example_sensors.py took 0.489 seconds
[2025-06-25T01:33:10.288+0200] {processor.py:157} INFO - Started process (PID=181585) to work on /home/atef/.local/lib/python3.9/site-packages/airflow/example_dags/example_sensors.py
[2025-06-25T01:33:10.305+0200] {processor.py:826} INFO - Processing file /home/atef/.local/lib/python3.9/site-packages/airflow/example_dags/example_sensors.py for tasks to queue
[2025-06-25T01:33:10.315+0200] {logging_mixin.py:149} INFO - [2025-06-25T01:33:10.312+0200] {dagbag.py:541} INFO - Filling up the DagBag from /home/atef/.local/lib/python3.9/site-packages/airflow/example_dags/example_sensors.py
[2025-06-25T01:33:10.518+0200] {processor.py:836} INFO - DAG(s) dict_keys(['example_sensors']) retrieved from /home/atef/.local/lib/python3.9/site-packages/airflow/example_dags/example_sensors.py
[2025-06-25T01:33:10.602+0200] {logging_mixin.py:149} INFO - [2025-06-25T01:33:10.601+0200] {dag.py:2726} INFO - Sync 1 DAGs
[2025-06-25T01:33:10.650+0200] {logging_mixin.py:149} INFO - [2025-06-25T01:33:10.648+0200] {dag.py:3486} INFO - Setting next_dagrun for example_sensors to None, run_after=None
[2025-06-25T01:33:10.734+0200] {processor.py:179} INFO - Processing /home/atef/.local/lib/python3.9/site-packages/airflow/example_dags/example_sensors.py took 0.501 seconds
[2025-06-25T01:35:53.839+0200] {processor.py:157} INFO - Started process (PID=182380) to work on /home/atef/.local/lib/python3.9/site-packages/airflow/example_dags/example_sensors.py
[2025-06-25T01:35:53.853+0200] {processor.py:826} INFO - Processing file /home/atef/.local/lib/python3.9/site-packages/airflow/example_dags/example_sensors.py for tasks to queue
[2025-06-25T01:35:53.859+0200] {logging_mixin.py:149} INFO - [2025-06-25T01:35:53.858+0200] {dagbag.py:541} INFO - Filling up the DagBag from /home/atef/.local/lib/python3.9/site-packages/airflow/example_dags/example_sensors.py
[2025-06-25T01:35:54.068+0200] {processor.py:836} INFO - DAG(s) dict_keys(['example_sensors']) retrieved from /home/atef/.local/lib/python3.9/site-packages/airflow/example_dags/example_sensors.py
[2025-06-25T01:35:54.310+0200] {logging_mixin.py:149} INFO - [2025-06-25T01:35:54.309+0200] {dag.py:2726} INFO - Sync 1 DAGs
[2025-06-25T01:35:54.485+0200] {logging_mixin.py:149} INFO - [2025-06-25T01:35:54.484+0200] {dag.py:3486} INFO - Setting next_dagrun for example_sensors to None, run_after=None
[2025-06-25T01:35:54.939+0200] {processor.py:179} INFO - Processing /home/atef/.local/lib/python3.9/site-packages/airflow/example_dags/example_sensors.py took 1.150 seconds
[2025-06-25T01:37:58.786+0200] {processor.py:157} INFO - Started process (PID=183191) to work on /home/atef/.local/lib/python3.9/site-packages/airflow/example_dags/example_sensors.py
[2025-06-25T01:37:58.805+0200] {processor.py:826} INFO - Processing file /home/atef/.local/lib/python3.9/site-packages/airflow/example_dags/example_sensors.py for tasks to queue
[2025-06-25T01:37:58.823+0200] {logging_mixin.py:149} INFO - [2025-06-25T01:37:58.818+0200] {dagbag.py:541} INFO - Filling up the DagBag from /home/atef/.local/lib/python3.9/site-packages/airflow/example_dags/example_sensors.py
[2025-06-25T01:37:59.145+0200] {processor.py:836} INFO - DAG(s) dict_keys(['example_sensors']) retrieved from /home/atef/.local/lib/python3.9/site-packages/airflow/example_dags/example_sensors.py
[2025-06-25T01:38:00.082+0200] {logging_mixin.py:149} INFO - [2025-06-25T01:38:00.082+0200] {dag.py:2726} INFO - Sync 1 DAGs
[2025-06-25T01:38:01.306+0200] {logging_mixin.py:149} INFO - [2025-06-25T01:38:01.295+0200] {dag.py:3486} INFO - Setting next_dagrun for example_sensors to None, run_after=None
[2025-06-25T01:38:02.229+0200] {processor.py:179} INFO - Processing /home/atef/.local/lib/python3.9/site-packages/airflow/example_dags/example_sensors.py took 3.522 seconds
[2025-06-25T01:39:14.406+0200] {processor.py:157} INFO - Started process (PID=183714) to work on /home/atef/.local/lib/python3.9/site-packages/airflow/example_dags/example_sensors.py
[2025-06-25T01:39:14.411+0200] {processor.py:826} INFO - Processing file /home/atef/.local/lib/python3.9/site-packages/airflow/example_dags/example_sensors.py for tasks to queue
[2025-06-25T01:39:14.413+0200] {logging_mixin.py:149} INFO - [2025-06-25T01:39:14.413+0200] {dagbag.py:541} INFO - Filling up the DagBag from /home/atef/.local/lib/python3.9/site-packages/airflow/example_dags/example_sensors.py
[2025-06-25T01:39:14.443+0200] {processor.py:836} INFO - DAG(s) dict_keys(['example_sensors']) retrieved from /home/atef/.local/lib/python3.9/site-packages/airflow/example_dags/example_sensors.py
[2025-06-25T01:39:14.511+0200] {logging_mixin.py:149} INFO - [2025-06-25T01:39:14.510+0200] {dag.py:2726} INFO - Sync 1 DAGs
[2025-06-25T01:39:14.557+0200] {logging_mixin.py:149} INFO - [2025-06-25T01:39:14.556+0200] {dag.py:3486} INFO - Setting next_dagrun for example_sensors to None, run_after=None
[2025-06-25T01:39:14.602+0200] {processor.py:179} INFO - Processing /home/atef/.local/lib/python3.9/site-packages/airflow/example_dags/example_sensors.py took 0.213 seconds
[2025-06-25T01:40:35.711+0200] {processor.py:157} INFO - Started process (PID=183885) to work on /home/atef/.local/lib/python3.9/site-packages/airflow/example_dags/example_sensors.py
[2025-06-25T01:40:35.726+0200] {processor.py:826} INFO - Processing file /home/atef/.local/lib/python3.9/site-packages/airflow/example_dags/example_sensors.py for tasks to queue
[2025-06-25T01:40:35.738+0200] {logging_mixin.py:149} INFO - [2025-06-25T01:40:35.736+0200] {dagbag.py:541} INFO - Filling up the DagBag from /home/atef/.local/lib/python3.9/site-packages/airflow/example_dags/example_sensors.py
[2025-06-25T01:40:36.014+0200] {processor.py:836} INFO - DAG(s) dict_keys(['example_sensors']) retrieved from /home/atef/.local/lib/python3.9/site-packages/airflow/example_dags/example_sensors.py
[2025-06-25T01:40:36.189+0200] {logging_mixin.py:149} INFO - [2025-06-25T01:40:36.188+0200] {dag.py:2726} INFO - Sync 1 DAGs
[2025-06-25T01:40:36.349+0200] {logging_mixin.py:149} INFO - [2025-06-25T01:40:36.348+0200] {dag.py:3486} INFO - Setting next_dagrun for example_sensors to None, run_after=None
[2025-06-25T01:40:36.463+0200] {processor.py:179} INFO - Processing /home/atef/.local/lib/python3.9/site-packages/airflow/example_dags/example_sensors.py took 0.887 seconds
[2025-06-25T01:45:37.587+0200] {processor.py:157} INFO - Started process (PID=187285) to work on /home/atef/.local/lib/python3.9/site-packages/airflow/example_dags/example_sensors.py
[2025-06-25T01:45:37.595+0200] {processor.py:826} INFO - Processing file /home/atef/.local/lib/python3.9/site-packages/airflow/example_dags/example_sensors.py for tasks to queue
[2025-06-25T01:45:37.599+0200] {logging_mixin.py:149} INFO - [2025-06-25T01:45:37.598+0200] {dagbag.py:541} INFO - Filling up the DagBag from /home/atef/.local/lib/python3.9/site-packages/airflow/example_dags/example_sensors.py
[2025-06-25T01:45:37.675+0200] {processor.py:836} INFO - DAG(s) dict_keys(['example_sensors']) retrieved from /home/atef/.local/lib/python3.9/site-packages/airflow/example_dags/example_sensors.py
[2025-06-25T01:45:38.017+0200] {logging_mixin.py:149} INFO - [2025-06-25T01:45:38.011+0200] {dag.py:2726} INFO - Sync 1 DAGs
[2025-06-25T01:45:38.121+0200] {logging_mixin.py:149} INFO - [2025-06-25T01:45:38.121+0200] {dag.py:3486} INFO - Setting next_dagrun for example_sensors to None, run_after=None
[2025-06-25T01:45:38.211+0200] {processor.py:179} INFO - Processing /home/atef/.local/lib/python3.9/site-packages/airflow/example_dags/example_sensors.py took 0.651 seconds
[2025-06-25T01:46:53.763+0200] {processor.py:157} INFO - Started process (PID=187988) to work on /home/atef/.local/lib/python3.9/site-packages/airflow/example_dags/example_sensors.py
[2025-06-25T01:46:53.770+0200] {processor.py:826} INFO - Processing file /home/atef/.local/lib/python3.9/site-packages/airflow/example_dags/example_sensors.py for tasks to queue
[2025-06-25T01:46:53.773+0200] {logging_mixin.py:149} INFO - [2025-06-25T01:46:53.773+0200] {dagbag.py:541} INFO - Filling up the DagBag from /home/atef/.local/lib/python3.9/site-packages/airflow/example_dags/example_sensors.py
[2025-06-25T01:46:53.818+0200] {processor.py:836} INFO - DAG(s) dict_keys(['example_sensors']) retrieved from /home/atef/.local/lib/python3.9/site-packages/airflow/example_dags/example_sensors.py
[2025-06-25T01:46:53.900+0200] {logging_mixin.py:149} INFO - [2025-06-25T01:46:53.899+0200] {dag.py:2726} INFO - Sync 1 DAGs
[2025-06-25T01:46:53.944+0200] {logging_mixin.py:149} INFO - [2025-06-25T01:46:53.944+0200] {dag.py:3486} INFO - Setting next_dagrun for example_sensors to None, run_after=None
[2025-06-25T01:46:53.992+0200] {processor.py:179} INFO - Processing /home/atef/.local/lib/python3.9/site-packages/airflow/example_dags/example_sensors.py took 0.248 seconds
[2025-06-25T01:48:38.886+0200] {processor.py:157} INFO - Started process (PID=188814) to work on /home/atef/.local/lib/python3.9/site-packages/airflow/example_dags/example_sensors.py
[2025-06-25T01:48:38.900+0200] {processor.py:826} INFO - Processing file /home/atef/.local/lib/python3.9/site-packages/airflow/example_dags/example_sensors.py for tasks to queue
[2025-06-25T01:48:38.903+0200] {logging_mixin.py:149} INFO - [2025-06-25T01:48:38.903+0200] {dagbag.py:541} INFO - Filling up the DagBag from /home/atef/.local/lib/python3.9/site-packages/airflow/example_dags/example_sensors.py
[2025-06-25T01:48:38.994+0200] {processor.py:836} INFO - DAG(s) dict_keys(['example_sensors']) retrieved from /home/atef/.local/lib/python3.9/site-packages/airflow/example_dags/example_sensors.py
[2025-06-25T01:48:39.110+0200] {logging_mixin.py:149} INFO - [2025-06-25T01:48:39.109+0200] {dag.py:2726} INFO - Sync 1 DAGs
[2025-06-25T01:48:39.217+0200] {logging_mixin.py:149} INFO - [2025-06-25T01:48:39.216+0200] {dag.py:3486} INFO - Setting next_dagrun for example_sensors to None, run_after=None
[2025-06-25T01:48:39.379+0200] {processor.py:179} INFO - Processing /home/atef/.local/lib/python3.9/site-packages/airflow/example_dags/example_sensors.py took 0.509 seconds
[2025-06-25T01:50:24.987+0200] {processor.py:157} INFO - Started process (PID=189520) to work on /home/atef/.local/lib/python3.9/site-packages/airflow/example_dags/example_sensors.py
[2025-06-25T01:50:24.992+0200] {processor.py:826} INFO - Processing file /home/atef/.local/lib/python3.9/site-packages/airflow/example_dags/example_sensors.py for tasks to queue
[2025-06-25T01:50:24.995+0200] {logging_mixin.py:149} INFO - [2025-06-25T01:50:24.994+0200] {dagbag.py:541} INFO - Filling up the DagBag from /home/atef/.local/lib/python3.9/site-packages/airflow/example_dags/example_sensors.py
[2025-06-25T01:50:25.028+0200] {processor.py:836} INFO - DAG(s) dict_keys(['example_sensors']) retrieved from /home/atef/.local/lib/python3.9/site-packages/airflow/example_dags/example_sensors.py
[2025-06-25T01:50:25.107+0200] {logging_mixin.py:149} INFO - [2025-06-25T01:50:25.106+0200] {dag.py:2726} INFO - Sync 1 DAGs
[2025-06-25T01:50:25.146+0200] {logging_mixin.py:149} INFO - [2025-06-25T01:50:25.146+0200] {dag.py:3486} INFO - Setting next_dagrun for example_sensors to None, run_after=None
[2025-06-25T01:50:25.198+0200] {processor.py:179} INFO - Processing /home/atef/.local/lib/python3.9/site-packages/airflow/example_dags/example_sensors.py took 0.229 seconds
[2025-06-25T01:52:34.891+0200] {processor.py:157} INFO - Started process (PID=190010) to work on /home/atef/.local/lib/python3.9/site-packages/airflow/example_dags/example_sensors.py
[2025-06-25T01:52:34.895+0200] {processor.py:826} INFO - Processing file /home/atef/.local/lib/python3.9/site-packages/airflow/example_dags/example_sensors.py for tasks to queue
[2025-06-25T01:52:34.897+0200] {logging_mixin.py:149} INFO - [2025-06-25T01:52:34.897+0200] {dagbag.py:541} INFO - Filling up the DagBag from /home/atef/.local/lib/python3.9/site-packages/airflow/example_dags/example_sensors.py
[2025-06-25T01:52:34.929+0200] {processor.py:836} INFO - DAG(s) dict_keys(['example_sensors']) retrieved from /home/atef/.local/lib/python3.9/site-packages/airflow/example_dags/example_sensors.py
[2025-06-25T01:52:35.004+0200] {logging_mixin.py:149} INFO - [2025-06-25T01:52:35.004+0200] {dag.py:2726} INFO - Sync 1 DAGs
[2025-06-25T01:52:35.044+0200] {logging_mixin.py:149} INFO - [2025-06-25T01:52:35.044+0200] {dag.py:3486} INFO - Setting next_dagrun for example_sensors to None, run_after=None
[2025-06-25T01:52:35.103+0200] {processor.py:179} INFO - Processing /home/atef/.local/lib/python3.9/site-packages/airflow/example_dags/example_sensors.py took 0.227 seconds
[2025-06-25T01:55:38.322+0200] {processor.py:157} INFO - Started process (PID=190893) to work on /home/atef/.local/lib/python3.9/site-packages/airflow/example_dags/example_sensors.py
[2025-06-25T01:55:38.326+0200] {processor.py:826} INFO - Processing file /home/atef/.local/lib/python3.9/site-packages/airflow/example_dags/example_sensors.py for tasks to queue
[2025-06-25T01:55:38.330+0200] {logging_mixin.py:149} INFO - [2025-06-25T01:55:38.328+0200] {dagbag.py:541} INFO - Filling up the DagBag from /home/atef/.local/lib/python3.9/site-packages/airflow/example_dags/example_sensors.py
[2025-06-25T01:55:38.360+0200] {processor.py:836} INFO - DAG(s) dict_keys(['example_sensors']) retrieved from /home/atef/.local/lib/python3.9/site-packages/airflow/example_dags/example_sensors.py
[2025-06-25T01:55:38.432+0200] {logging_mixin.py:149} INFO - [2025-06-25T01:55:38.432+0200] {dag.py:2726} INFO - Sync 1 DAGs
[2025-06-25T01:55:38.471+0200] {logging_mixin.py:149} INFO - [2025-06-25T01:55:38.471+0200] {dag.py:3486} INFO - Setting next_dagrun for example_sensors to None, run_after=None
[2025-06-25T01:55:38.514+0200] {processor.py:179} INFO - Processing /home/atef/.local/lib/python3.9/site-packages/airflow/example_dags/example_sensors.py took 0.204 seconds
[2025-06-25T01:56:47.326+0200] {processor.py:157} INFO - Started process (PID=191207) to work on /home/atef/.local/lib/python3.9/site-packages/airflow/example_dags/example_sensors.py
[2025-06-25T01:56:47.342+0200] {processor.py:826} INFO - Processing file /home/atef/.local/lib/python3.9/site-packages/airflow/example_dags/example_sensors.py for tasks to queue
[2025-06-25T01:56:47.349+0200] {logging_mixin.py:149} INFO - [2025-06-25T01:56:47.348+0200] {dagbag.py:541} INFO - Filling up the DagBag from /home/atef/.local/lib/python3.9/site-packages/airflow/example_dags/example_sensors.py
[2025-06-25T01:56:47.513+0200] {processor.py:836} INFO - DAG(s) dict_keys(['example_sensors']) retrieved from /home/atef/.local/lib/python3.9/site-packages/airflow/example_dags/example_sensors.py
[2025-06-25T01:56:47.753+0200] {logging_mixin.py:149} INFO - [2025-06-25T01:56:47.753+0200] {dag.py:2726} INFO - Sync 1 DAGs
[2025-06-25T01:56:47.871+0200] {logging_mixin.py:149} INFO - [2025-06-25T01:56:47.871+0200] {dag.py:3486} INFO - Setting next_dagrun for example_sensors to None, run_after=None
[2025-06-25T01:56:47.956+0200] {processor.py:179} INFO - Processing /home/atef/.local/lib/python3.9/site-packages/airflow/example_dags/example_sensors.py took 0.663 seconds
[2025-06-25T01:58:05.979+0200] {processor.py:157} INFO - Started process (PID=191648) to work on /home/atef/.local/lib/python3.9/site-packages/airflow/example_dags/example_sensors.py
[2025-06-25T01:58:05.994+0200] {processor.py:826} INFO - Processing file /home/atef/.local/lib/python3.9/site-packages/airflow/example_dags/example_sensors.py for tasks to queue
[2025-06-25T01:58:05.999+0200] {logging_mixin.py:149} INFO - [2025-06-25T01:58:05.998+0200] {dagbag.py:541} INFO - Filling up the DagBag from /home/atef/.local/lib/python3.9/site-packages/airflow/example_dags/example_sensors.py
[2025-06-25T01:58:06.142+0200] {processor.py:836} INFO - DAG(s) dict_keys(['example_sensors']) retrieved from /home/atef/.local/lib/python3.9/site-packages/airflow/example_dags/example_sensors.py
[2025-06-25T01:58:06.383+0200] {logging_mixin.py:149} INFO - [2025-06-25T01:58:06.382+0200] {dag.py:2726} INFO - Sync 1 DAGs
[2025-06-25T01:58:06.951+0200] {logging_mixin.py:149} INFO - [2025-06-25T01:58:06.950+0200] {dag.py:3486} INFO - Setting next_dagrun for example_sensors to None, run_after=None
[2025-06-25T01:58:07.278+0200] {processor.py:179} INFO - Processing /home/atef/.local/lib/python3.9/site-packages/airflow/example_dags/example_sensors.py took 1.332 seconds
