[2025-06-24T23:14:37.448+0200] {processor.py:157} INFO - Started process (PID=154780) to work on /home/atef/.local/lib/python3.9/site-packages/airflow/example_dags/tutorial_dag.py
[2025-06-24T23:14:37.451+0200] {processor.py:826} INFO - Processing file /home/atef/.local/lib/python3.9/site-packages/airflow/example_dags/tutorial_dag.py for tasks to queue
[2025-06-24T23:14:37.453+0200] {logging_mixin.py:149} INFO - [2025-06-24T23:14:37.453+0200] {dagbag.py:541} INFO - Filling up the DagBag from /home/atef/.local/lib/python3.9/site-packages/airflow/example_dags/tutorial_dag.py
[2025-06-24T23:14:37.485+0200] {processor.py:836} INFO - DAG(s) dict_keys(['tutorial_dag']) retrieved from /home/atef/.local/lib/python3.9/site-packages/airflow/example_dags/tutorial_dag.py
[2025-06-24T23:14:37.573+0200] {logging_mixin.py:149} INFO - [2025-06-24T23:14:37.573+0200] {dag.py:2726} INFO - Sync 1 DAGs
[2025-06-24T23:14:37.634+0200] {logging_mixin.py:149} INFO - [2025-06-24T23:14:37.633+0200] {dag.py:3486} INFO - Setting next_dagrun for tutorial_dag to None, run_after=None
[2025-06-24T23:14:37.695+0200] {processor.py:179} INFO - Processing /home/atef/.local/lib/python3.9/site-packages/airflow/example_dags/tutorial_dag.py took 0.262 seconds
[2025-06-24T23:16:07.296+0200] {processor.py:157} INFO - Started process (PID=155097) to work on /home/atef/.local/lib/python3.9/site-packages/airflow/example_dags/tutorial_dag.py
[2025-06-24T23:16:07.301+0200] {processor.py:826} INFO - Processing file /home/atef/.local/lib/python3.9/site-packages/airflow/example_dags/tutorial_dag.py for tasks to queue
[2025-06-24T23:16:07.304+0200] {logging_mixin.py:149} INFO - [2025-06-24T23:16:07.303+0200] {dagbag.py:541} INFO - Filling up the DagBag from /home/atef/.local/lib/python3.9/site-packages/airflow/example_dags/tutorial_dag.py
[2025-06-24T23:16:07.332+0200] {processor.py:836} INFO - DAG(s) dict_keys(['tutorial_dag']) retrieved from /home/atef/.local/lib/python3.9/site-packages/airflow/example_dags/tutorial_dag.py
[2025-06-24T23:16:07.439+0200] {logging_mixin.py:149} INFO - [2025-06-24T23:16:07.438+0200] {dag.py:2726} INFO - Sync 1 DAGs
[2025-06-24T23:16:07.512+0200] {logging_mixin.py:149} INFO - [2025-06-24T23:16:07.512+0200] {dag.py:3486} INFO - Setting next_dagrun for tutorial_dag to None, run_after=None
[2025-06-24T23:16:07.552+0200] {processor.py:179} INFO - Processing /home/atef/.local/lib/python3.9/site-packages/airflow/example_dags/tutorial_dag.py took 0.272 seconds
[2025-06-24T23:16:48.638+0200] {processor.py:157} INFO - Started process (PID=155217) to work on /home/atef/.local/lib/python3.9/site-packages/airflow/example_dags/tutorial_dag.py
[2025-06-24T23:16:48.646+0200] {processor.py:826} INFO - Processing file /home/atef/.local/lib/python3.9/site-packages/airflow/example_dags/tutorial_dag.py for tasks to queue
[2025-06-24T23:16:48.651+0200] {logging_mixin.py:149} INFO - [2025-06-24T23:16:48.650+0200] {dagbag.py:541} INFO - Filling up the DagBag from /home/atef/.local/lib/python3.9/site-packages/airflow/example_dags/tutorial_dag.py
[2025-06-24T23:16:48.689+0200] {processor.py:836} INFO - DAG(s) dict_keys(['tutorial_dag']) retrieved from /home/atef/.local/lib/python3.9/site-packages/airflow/example_dags/tutorial_dag.py
[2025-06-24T23:16:48.869+0200] {logging_mixin.py:149} INFO - [2025-06-24T23:16:48.868+0200] {dag.py:2726} INFO - Sync 1 DAGs
[2025-06-24T23:16:48.933+0200] {logging_mixin.py:149} INFO - [2025-06-24T23:16:48.932+0200] {dag.py:3486} INFO - Setting next_dagrun for tutorial_dag to None, run_after=None
[2025-06-24T23:16:48.988+0200] {processor.py:179} INFO - Processing /home/atef/.local/lib/python3.9/site-packages/airflow/example_dags/tutorial_dag.py took 0.379 seconds
[2025-06-24T23:17:53.793+0200] {processor.py:157} INFO - Started process (PID=155352) to work on /home/atef/.local/lib/python3.9/site-packages/airflow/example_dags/tutorial_dag.py
[2025-06-24T23:17:53.806+0200] {processor.py:826} INFO - Processing file /home/atef/.local/lib/python3.9/site-packages/airflow/example_dags/tutorial_dag.py for tasks to queue
[2025-06-24T23:17:53.815+0200] {logging_mixin.py:149} INFO - [2025-06-24T23:17:53.811+0200] {dagbag.py:541} INFO - Filling up the DagBag from /home/atef/.local/lib/python3.9/site-packages/airflow/example_dags/tutorial_dag.py
[2025-06-24T23:17:53.871+0200] {processor.py:836} INFO - DAG(s) dict_keys(['tutorial_dag']) retrieved from /home/atef/.local/lib/python3.9/site-packages/airflow/example_dags/tutorial_dag.py
[2025-06-24T23:17:54.119+0200] {logging_mixin.py:149} INFO - [2025-06-24T23:17:54.119+0200] {dag.py:2726} INFO - Sync 1 DAGs
[2025-06-24T23:17:54.286+0200] {logging_mixin.py:149} INFO - [2025-06-24T23:17:54.286+0200] {dag.py:3486} INFO - Setting next_dagrun for tutorial_dag to None, run_after=None
[2025-06-24T23:17:54.361+0200] {processor.py:179} INFO - Processing /home/atef/.local/lib/python3.9/site-packages/airflow/example_dags/tutorial_dag.py took 0.612 seconds
[2025-06-25T01:10:39.444+0200] {processor.py:157} INFO - Started process (PID=172378) to work on /home/atef/.local/lib/python3.9/site-packages/airflow/example_dags/tutorial_dag.py
[2025-06-25T01:10:39.465+0200] {processor.py:826} INFO - Processing file /home/atef/.local/lib/python3.9/site-packages/airflow/example_dags/tutorial_dag.py for tasks to queue
[2025-06-25T01:10:39.469+0200] {logging_mixin.py:149} INFO - [2025-06-25T01:10:39.469+0200] {dagbag.py:541} INFO - Filling up the DagBag from /home/atef/.local/lib/python3.9/site-packages/airflow/example_dags/tutorial_dag.py
[2025-06-25T01:10:39.601+0200] {processor.py:836} INFO - DAG(s) dict_keys(['tutorial_dag']) retrieved from /home/atef/.local/lib/python3.9/site-packages/airflow/example_dags/tutorial_dag.py
[2025-06-25T01:10:40.145+0200] {logging_mixin.py:149} INFO - [2025-06-25T01:10:40.145+0200] {dag.py:2726} INFO - Sync 1 DAGs
[2025-06-25T01:10:40.425+0200] {logging_mixin.py:149} INFO - [2025-06-25T01:10:40.420+0200] {dag.py:3486} INFO - Setting next_dagrun for tutorial_dag to None, run_after=None
[2025-06-25T01:10:40.706+0200] {processor.py:179} INFO - Processing /home/atef/.local/lib/python3.9/site-packages/airflow/example_dags/tutorial_dag.py took 1.394 seconds
[2025-06-25T01:17:11.877+0200] {processor.py:157} INFO - Started process (PID=174385) to work on /home/atef/.local/lib/python3.9/site-packages/airflow/example_dags/tutorial_dag.py
[2025-06-25T01:17:11.891+0200] {processor.py:826} INFO - Processing file /home/atef/.local/lib/python3.9/site-packages/airflow/example_dags/tutorial_dag.py for tasks to queue
[2025-06-25T01:17:11.904+0200] {logging_mixin.py:149} INFO - [2025-06-25T01:17:11.903+0200] {dagbag.py:541} INFO - Filling up the DagBag from /home/atef/.local/lib/python3.9/site-packages/airflow/example_dags/tutorial_dag.py
[2025-06-25T01:17:12.044+0200] {processor.py:836} INFO - DAG(s) dict_keys(['tutorial_dag']) retrieved from /home/atef/.local/lib/python3.9/site-packages/airflow/example_dags/tutorial_dag.py
[2025-06-25T01:17:12.410+0200] {logging_mixin.py:149} INFO - [2025-06-25T01:17:12.407+0200] {dag.py:2726} INFO - Sync 1 DAGs
[2025-06-25T01:17:12.606+0200] {logging_mixin.py:149} INFO - [2025-06-25T01:17:12.605+0200] {dag.py:3486} INFO - Setting next_dagrun for tutorial_dag to None, run_after=None
[2025-06-25T01:17:12.786+0200] {processor.py:179} INFO - Processing /home/atef/.local/lib/python3.9/site-packages/airflow/example_dags/tutorial_dag.py took 1.000 seconds
[2025-06-25T01:19:05.215+0200] {processor.py:157} INFO - Started process (PID=175431) to work on /home/atef/.local/lib/python3.9/site-packages/airflow/example_dags/tutorial_dag.py
[2025-06-25T01:19:05.234+0200] {processor.py:826} INFO - Processing file /home/atef/.local/lib/python3.9/site-packages/airflow/example_dags/tutorial_dag.py for tasks to queue
[2025-06-25T01:19:05.237+0200] {logging_mixin.py:149} INFO - [2025-06-25T01:19:05.237+0200] {dagbag.py:541} INFO - Filling up the DagBag from /home/atef/.local/lib/python3.9/site-packages/airflow/example_dags/tutorial_dag.py
[2025-06-25T01:19:05.315+0200] {processor.py:836} INFO - DAG(s) dict_keys(['tutorial_dag']) retrieved from /home/atef/.local/lib/python3.9/site-packages/airflow/example_dags/tutorial_dag.py
[2025-06-25T01:19:05.477+0200] {logging_mixin.py:149} INFO - [2025-06-25T01:19:05.476+0200] {dag.py:2726} INFO - Sync 1 DAGs
[2025-06-25T01:19:05.523+0200] {logging_mixin.py:149} INFO - [2025-06-25T01:19:05.522+0200] {dag.py:3486} INFO - Setting next_dagrun for tutorial_dag to None, run_after=None
[2025-06-25T01:19:05.573+0200] {processor.py:179} INFO - Processing /home/atef/.local/lib/python3.9/site-packages/airflow/example_dags/tutorial_dag.py took 0.414 seconds
[2025-06-25T01:19:59.001+0200] {processor.py:157} INFO - Started process (PID=175804) to work on /home/atef/.local/lib/python3.9/site-packages/airflow/example_dags/tutorial_dag.py
[2025-06-25T01:19:59.010+0200] {processor.py:826} INFO - Processing file /home/atef/.local/lib/python3.9/site-packages/airflow/example_dags/tutorial_dag.py for tasks to queue
[2025-06-25T01:19:59.015+0200] {logging_mixin.py:149} INFO - [2025-06-25T01:19:59.014+0200] {dagbag.py:541} INFO - Filling up the DagBag from /home/atef/.local/lib/python3.9/site-packages/airflow/example_dags/tutorial_dag.py
[2025-06-25T01:19:59.060+0200] {processor.py:836} INFO - DAG(s) dict_keys(['tutorial_dag']) retrieved from /home/atef/.local/lib/python3.9/site-packages/airflow/example_dags/tutorial_dag.py
[2025-06-25T01:19:59.223+0200] {logging_mixin.py:149} INFO - [2025-06-25T01:19:59.223+0200] {dag.py:2726} INFO - Sync 1 DAGs
[2025-06-25T01:19:59.318+0200] {logging_mixin.py:149} INFO - [2025-06-25T01:19:59.317+0200] {dag.py:3486} INFO - Setting next_dagrun for tutorial_dag to None, run_after=None
[2025-06-25T01:19:59.412+0200] {processor.py:179} INFO - Processing /home/atef/.local/lib/python3.9/site-packages/airflow/example_dags/tutorial_dag.py took 0.447 seconds
[2025-06-25T01:21:46.482+0200] {processor.py:157} INFO - Started process (PID=176854) to work on /home/atef/.local/lib/python3.9/site-packages/airflow/example_dags/tutorial_dag.py
[2025-06-25T01:21:46.487+0200] {processor.py:826} INFO - Processing file /home/atef/.local/lib/python3.9/site-packages/airflow/example_dags/tutorial_dag.py for tasks to queue
[2025-06-25T01:21:46.490+0200] {logging_mixin.py:149} INFO - [2025-06-25T01:21:46.489+0200] {dagbag.py:541} INFO - Filling up the DagBag from /home/atef/.local/lib/python3.9/site-packages/airflow/example_dags/tutorial_dag.py
[2025-06-25T01:21:46.513+0200] {processor.py:836} INFO - DAG(s) dict_keys(['tutorial_dag']) retrieved from /home/atef/.local/lib/python3.9/site-packages/airflow/example_dags/tutorial_dag.py
[2025-06-25T01:21:46.648+0200] {logging_mixin.py:149} INFO - [2025-06-25T01:21:46.647+0200] {dag.py:2726} INFO - Sync 1 DAGs
[2025-06-25T01:21:46.743+0200] {logging_mixin.py:149} INFO - [2025-06-25T01:21:46.742+0200] {dag.py:3486} INFO - Setting next_dagrun for tutorial_dag to None, run_after=None
[2025-06-25T01:21:46.809+0200] {processor.py:179} INFO - Processing /home/atef/.local/lib/python3.9/site-packages/airflow/example_dags/tutorial_dag.py took 0.344 seconds
[2025-06-25T01:22:24.972+0200] {processor.py:157} INFO - Started process (PID=177061) to work on /home/atef/.local/lib/python3.9/site-packages/airflow/example_dags/tutorial_dag.py
[2025-06-25T01:22:24.977+0200] {processor.py:826} INFO - Processing file /home/atef/.local/lib/python3.9/site-packages/airflow/example_dags/tutorial_dag.py for tasks to queue
[2025-06-25T01:22:24.980+0200] {logging_mixin.py:149} INFO - [2025-06-25T01:22:24.979+0200] {dagbag.py:541} INFO - Filling up the DagBag from /home/atef/.local/lib/python3.9/site-packages/airflow/example_dags/tutorial_dag.py
[2025-06-25T01:22:25.003+0200] {processor.py:836} INFO - DAG(s) dict_keys(['tutorial_dag']) retrieved from /home/atef/.local/lib/python3.9/site-packages/airflow/example_dags/tutorial_dag.py
[2025-06-25T01:22:25.090+0200] {logging_mixin.py:149} INFO - [2025-06-25T01:22:25.090+0200] {dag.py:2726} INFO - Sync 1 DAGs
[2025-06-25T01:22:25.132+0200] {logging_mixin.py:149} INFO - [2025-06-25T01:22:25.132+0200] {dag.py:3486} INFO - Setting next_dagrun for tutorial_dag to None, run_after=None
[2025-06-25T01:22:25.200+0200] {processor.py:179} INFO - Processing /home/atef/.local/lib/python3.9/site-packages/airflow/example_dags/tutorial_dag.py took 0.242 seconds
[2025-06-25T01:23:41.853+0200] {processor.py:157} INFO - Started process (PID=177403) to work on /home/atef/.local/lib/python3.9/site-packages/airflow/example_dags/tutorial_dag.py
[2025-06-25T01:23:41.943+0200] {processor.py:826} INFO - Processing file /home/atef/.local/lib/python3.9/site-packages/airflow/example_dags/tutorial_dag.py for tasks to queue
[2025-06-25T01:23:41.973+0200] {logging_mixin.py:149} INFO - [2025-06-25T01:23:41.972+0200] {dagbag.py:541} INFO - Filling up the DagBag from /home/atef/.local/lib/python3.9/site-packages/airflow/example_dags/tutorial_dag.py
[2025-06-25T01:23:42.313+0200] {processor.py:836} INFO - DAG(s) dict_keys(['tutorial_dag']) retrieved from /home/atef/.local/lib/python3.9/site-packages/airflow/example_dags/tutorial_dag.py
[2025-06-25T01:23:42.927+0200] {logging_mixin.py:149} INFO - [2025-06-25T01:23:42.927+0200] {dag.py:2726} INFO - Sync 1 DAGs
[2025-06-25T01:23:43.176+0200] {logging_mixin.py:149} INFO - [2025-06-25T01:23:43.164+0200] {dag.py:3486} INFO - Setting next_dagrun for tutorial_dag to None, run_after=None
[2025-06-25T01:23:43.727+0200] {processor.py:179} INFO - Processing /home/atef/.local/lib/python3.9/site-packages/airflow/example_dags/tutorial_dag.py took 2.104 seconds
[2025-06-25T01:24:46.272+0200] {processor.py:157} INFO - Started process (PID=178025) to work on /home/atef/.local/lib/python3.9/site-packages/airflow/example_dags/tutorial_dag.py
[2025-06-25T01:24:46.277+0200] {processor.py:826} INFO - Processing file /home/atef/.local/lib/python3.9/site-packages/airflow/example_dags/tutorial_dag.py for tasks to queue
[2025-06-25T01:24:46.279+0200] {logging_mixin.py:149} INFO - [2025-06-25T01:24:46.279+0200] {dagbag.py:541} INFO - Filling up the DagBag from /home/atef/.local/lib/python3.9/site-packages/airflow/example_dags/tutorial_dag.py
[2025-06-25T01:24:46.297+0200] {processor.py:836} INFO - DAG(s) dict_keys(['tutorial_dag']) retrieved from /home/atef/.local/lib/python3.9/site-packages/airflow/example_dags/tutorial_dag.py
[2025-06-25T01:24:46.371+0200] {logging_mixin.py:149} INFO - [2025-06-25T01:24:46.371+0200] {dag.py:2726} INFO - Sync 1 DAGs
[2025-06-25T01:24:46.418+0200] {logging_mixin.py:149} INFO - [2025-06-25T01:24:46.418+0200] {dag.py:3486} INFO - Setting next_dagrun for tutorial_dag to None, run_after=None
[2025-06-25T01:24:46.454+0200] {processor.py:179} INFO - Processing /home/atef/.local/lib/python3.9/site-packages/airflow/example_dags/tutorial_dag.py took 0.196 seconds
[2025-06-25T01:26:03.326+0200] {processor.py:157} INFO - Started process (PID=178641) to work on /home/atef/.local/lib/python3.9/site-packages/airflow/example_dags/tutorial_dag.py
[2025-06-25T01:26:03.330+0200] {processor.py:826} INFO - Processing file /home/atef/.local/lib/python3.9/site-packages/airflow/example_dags/tutorial_dag.py for tasks to queue
[2025-06-25T01:26:03.332+0200] {logging_mixin.py:149} INFO - [2025-06-25T01:26:03.332+0200] {dagbag.py:541} INFO - Filling up the DagBag from /home/atef/.local/lib/python3.9/site-packages/airflow/example_dags/tutorial_dag.py
[2025-06-25T01:26:03.351+0200] {processor.py:836} INFO - DAG(s) dict_keys(['tutorial_dag']) retrieved from /home/atef/.local/lib/python3.9/site-packages/airflow/example_dags/tutorial_dag.py
[2025-06-25T01:26:03.422+0200] {logging_mixin.py:149} INFO - [2025-06-25T01:26:03.421+0200] {dag.py:2726} INFO - Sync 1 DAGs
[2025-06-25T01:26:03.470+0200] {logging_mixin.py:149} INFO - [2025-06-25T01:26:03.469+0200] {dag.py:3486} INFO - Setting next_dagrun for tutorial_dag to None, run_after=None
[2025-06-25T01:26:03.519+0200] {processor.py:179} INFO - Processing /home/atef/.local/lib/python3.9/site-packages/airflow/example_dags/tutorial_dag.py took 0.209 seconds
[2025-06-25T01:27:06.679+0200] {processor.py:157} INFO - Started process (PID=179101) to work on /home/atef/.local/lib/python3.9/site-packages/airflow/example_dags/tutorial_dag.py
[2025-06-25T01:27:06.684+0200] {processor.py:826} INFO - Processing file /home/atef/.local/lib/python3.9/site-packages/airflow/example_dags/tutorial_dag.py for tasks to queue
[2025-06-25T01:27:06.686+0200] {logging_mixin.py:149} INFO - [2025-06-25T01:27:06.686+0200] {dagbag.py:541} INFO - Filling up the DagBag from /home/atef/.local/lib/python3.9/site-packages/airflow/example_dags/tutorial_dag.py
[2025-06-25T01:27:06.705+0200] {processor.py:836} INFO - DAG(s) dict_keys(['tutorial_dag']) retrieved from /home/atef/.local/lib/python3.9/site-packages/airflow/example_dags/tutorial_dag.py
[2025-06-25T01:27:06.788+0200] {logging_mixin.py:149} INFO - [2025-06-25T01:27:06.788+0200] {dag.py:2726} INFO - Sync 1 DAGs
[2025-06-25T01:27:06.841+0200] {logging_mixin.py:149} INFO - [2025-06-25T01:27:06.841+0200] {dag.py:3486} INFO - Setting next_dagrun for tutorial_dag to None, run_after=None
[2025-06-25T01:27:06.974+0200] {processor.py:179} INFO - Processing /home/atef/.local/lib/python3.9/site-packages/airflow/example_dags/tutorial_dag.py took 0.309 seconds
[2025-06-25T01:28:52.133+0200] {processor.py:157} INFO - Started process (PID=180036) to work on /home/atef/.local/lib/python3.9/site-packages/airflow/example_dags/tutorial_dag.py
[2025-06-25T01:28:52.138+0200] {processor.py:826} INFO - Processing file /home/atef/.local/lib/python3.9/site-packages/airflow/example_dags/tutorial_dag.py for tasks to queue
[2025-06-25T01:28:52.140+0200] {logging_mixin.py:149} INFO - [2025-06-25T01:28:52.139+0200] {dagbag.py:541} INFO - Filling up the DagBag from /home/atef/.local/lib/python3.9/site-packages/airflow/example_dags/tutorial_dag.py
[2025-06-25T01:28:52.158+0200] {processor.py:836} INFO - DAG(s) dict_keys(['tutorial_dag']) retrieved from /home/atef/.local/lib/python3.9/site-packages/airflow/example_dags/tutorial_dag.py
[2025-06-25T01:28:52.241+0200] {logging_mixin.py:149} INFO - [2025-06-25T01:28:52.240+0200] {dag.py:2726} INFO - Sync 1 DAGs
[2025-06-25T01:28:52.297+0200] {logging_mixin.py:149} INFO - [2025-06-25T01:28:52.296+0200] {dag.py:3486} INFO - Setting next_dagrun for tutorial_dag to None, run_after=None
[2025-06-25T01:28:52.383+0200] {processor.py:179} INFO - Processing /home/atef/.local/lib/python3.9/site-packages/airflow/example_dags/tutorial_dag.py took 0.275 seconds
[2025-06-25T01:29:56.830+0200] {processor.py:157} INFO - Started process (PID=180367) to work on /home/atef/.local/lib/python3.9/site-packages/airflow/example_dags/tutorial_dag.py
[2025-06-25T01:29:56.843+0200] {processor.py:826} INFO - Processing file /home/atef/.local/lib/python3.9/site-packages/airflow/example_dags/tutorial_dag.py for tasks to queue
[2025-06-25T01:29:56.852+0200] {logging_mixin.py:149} INFO - [2025-06-25T01:29:56.852+0200] {dagbag.py:541} INFO - Filling up the DagBag from /home/atef/.local/lib/python3.9/site-packages/airflow/example_dags/tutorial_dag.py
[2025-06-25T01:29:56.910+0200] {processor.py:836} INFO - DAG(s) dict_keys(['tutorial_dag']) retrieved from /home/atef/.local/lib/python3.9/site-packages/airflow/example_dags/tutorial_dag.py
[2025-06-25T01:29:57.252+0200] {logging_mixin.py:149} INFO - [2025-06-25T01:29:57.242+0200] {dag.py:2726} INFO - Sync 1 DAGs
[2025-06-25T01:29:57.486+0200] {logging_mixin.py:149} INFO - [2025-06-25T01:29:57.486+0200] {dag.py:3486} INFO - Setting next_dagrun for tutorial_dag to None, run_after=None
[2025-06-25T01:29:57.802+0200] {processor.py:179} INFO - Processing /home/atef/.local/lib/python3.9/site-packages/airflow/example_dags/tutorial_dag.py took 1.006 seconds
[2025-06-25T01:30:53.349+0200] {processor.py:157} INFO - Started process (PID=180968) to work on /home/atef/.local/lib/python3.9/site-packages/airflow/example_dags/tutorial_dag.py
[2025-06-25T01:30:53.378+0200] {processor.py:826} INFO - Processing file /home/atef/.local/lib/python3.9/site-packages/airflow/example_dags/tutorial_dag.py for tasks to queue
[2025-06-25T01:30:53.402+0200] {logging_mixin.py:149} INFO - [2025-06-25T01:30:53.402+0200] {dagbag.py:541} INFO - Filling up the DagBag from /home/atef/.local/lib/python3.9/site-packages/airflow/example_dags/tutorial_dag.py
[2025-06-25T01:30:53.516+0200] {processor.py:836} INFO - DAG(s) dict_keys(['tutorial_dag']) retrieved from /home/atef/.local/lib/python3.9/site-packages/airflow/example_dags/tutorial_dag.py
[2025-06-25T01:30:53.801+0200] {logging_mixin.py:149} INFO - [2025-06-25T01:30:53.800+0200] {dag.py:2726} INFO - Sync 1 DAGs
[2025-06-25T01:30:54.032+0200] {logging_mixin.py:149} INFO - [2025-06-25T01:30:54.032+0200] {dag.py:3486} INFO - Setting next_dagrun for tutorial_dag to None, run_after=None
[2025-06-25T01:30:54.103+0200] {processor.py:179} INFO - Processing /home/atef/.local/lib/python3.9/site-packages/airflow/example_dags/tutorial_dag.py took 0.881 seconds
[2025-06-25T01:31:42.745+0200] {processor.py:157} INFO - Started process (PID=181176) to work on /home/atef/.local/lib/python3.9/site-packages/airflow/example_dags/tutorial_dag.py
[2025-06-25T01:31:42.764+0200] {processor.py:826} INFO - Processing file /home/atef/.local/lib/python3.9/site-packages/airflow/example_dags/tutorial_dag.py for tasks to queue
[2025-06-25T01:31:42.770+0200] {logging_mixin.py:149} INFO - [2025-06-25T01:31:42.770+0200] {dagbag.py:541} INFO - Filling up the DagBag from /home/atef/.local/lib/python3.9/site-packages/airflow/example_dags/tutorial_dag.py
[2025-06-25T01:31:42.836+0200] {processor.py:836} INFO - DAG(s) dict_keys(['tutorial_dag']) retrieved from /home/atef/.local/lib/python3.9/site-packages/airflow/example_dags/tutorial_dag.py
[2025-06-25T01:31:42.997+0200] {logging_mixin.py:149} INFO - [2025-06-25T01:31:42.997+0200] {dag.py:2726} INFO - Sync 1 DAGs
[2025-06-25T01:31:43.052+0200] {logging_mixin.py:149} INFO - [2025-06-25T01:31:43.052+0200] {dag.py:3486} INFO - Setting next_dagrun for tutorial_dag to None, run_after=None
[2025-06-25T01:31:43.105+0200] {processor.py:179} INFO - Processing /home/atef/.local/lib/python3.9/site-packages/airflow/example_dags/tutorial_dag.py took 0.411 seconds
[2025-06-25T01:32:51.230+0200] {processor.py:157} INFO - Started process (PID=181452) to work on /home/atef/.local/lib/python3.9/site-packages/airflow/example_dags/tutorial_dag.py
[2025-06-25T01:32:51.236+0200] {processor.py:826} INFO - Processing file /home/atef/.local/lib/python3.9/site-packages/airflow/example_dags/tutorial_dag.py for tasks to queue
[2025-06-25T01:32:51.240+0200] {logging_mixin.py:149} INFO - [2025-06-25T01:32:51.239+0200] {dagbag.py:541} INFO - Filling up the DagBag from /home/atef/.local/lib/python3.9/site-packages/airflow/example_dags/tutorial_dag.py
[2025-06-25T01:32:51.270+0200] {processor.py:836} INFO - DAG(s) dict_keys(['tutorial_dag']) retrieved from /home/atef/.local/lib/python3.9/site-packages/airflow/example_dags/tutorial_dag.py
[2025-06-25T01:32:51.387+0200] {logging_mixin.py:149} INFO - [2025-06-25T01:32:51.386+0200] {dag.py:2726} INFO - Sync 1 DAGs
[2025-06-25T01:32:51.446+0200] {logging_mixin.py:149} INFO - [2025-06-25T01:32:51.445+0200] {dag.py:3486} INFO - Setting next_dagrun for tutorial_dag to None, run_after=None
[2025-06-25T01:32:51.631+0200] {processor.py:179} INFO - Processing /home/atef/.local/lib/python3.9/site-packages/airflow/example_dags/tutorial_dag.py took 0.423 seconds
[2025-06-25T01:33:50.760+0200] {processor.py:157} INFO - Started process (PID=181778) to work on /home/atef/.local/lib/python3.9/site-packages/airflow/example_dags/tutorial_dag.py
[2025-06-25T01:33:50.784+0200] {processor.py:826} INFO - Processing file /home/atef/.local/lib/python3.9/site-packages/airflow/example_dags/tutorial_dag.py for tasks to queue
[2025-06-25T01:33:50.810+0200] {logging_mixin.py:149} INFO - [2025-06-25T01:33:50.807+0200] {dagbag.py:541} INFO - Filling up the DagBag from /home/atef/.local/lib/python3.9/site-packages/airflow/example_dags/tutorial_dag.py
[2025-06-25T01:33:51.125+0200] {processor.py:836} INFO - DAG(s) dict_keys(['tutorial_dag']) retrieved from /home/atef/.local/lib/python3.9/site-packages/airflow/example_dags/tutorial_dag.py
[2025-06-25T01:33:52.194+0200] {logging_mixin.py:149} INFO - [2025-06-25T01:33:52.188+0200] {dag.py:2726} INFO - Sync 1 DAGs
[2025-06-25T01:33:53.245+0200] {logging_mixin.py:149} INFO - [2025-06-25T01:33:53.244+0200] {dag.py:3486} INFO - Setting next_dagrun for tutorial_dag to None, run_after=None
[2025-06-25T01:33:53.893+0200] {processor.py:179} INFO - Processing /home/atef/.local/lib/python3.9/site-packages/airflow/example_dags/tutorial_dag.py took 3.285 seconds
[2025-06-25T01:35:06.962+0200] {processor.py:157} INFO - Started process (PID=182270) to work on /home/atef/.local/lib/python3.9/site-packages/airflow/example_dags/tutorial_dag.py
[2025-06-25T01:35:06.971+0200] {processor.py:826} INFO - Processing file /home/atef/.local/lib/python3.9/site-packages/airflow/example_dags/tutorial_dag.py for tasks to queue
[2025-06-25T01:35:06.980+0200] {logging_mixin.py:149} INFO - [2025-06-25T01:35:06.978+0200] {dagbag.py:541} INFO - Filling up the DagBag from /home/atef/.local/lib/python3.9/site-packages/airflow/example_dags/tutorial_dag.py
[2025-06-25T01:35:07.047+0200] {processor.py:836} INFO - DAG(s) dict_keys(['tutorial_dag']) retrieved from /home/atef/.local/lib/python3.9/site-packages/airflow/example_dags/tutorial_dag.py
[2025-06-25T01:35:07.518+0200] {logging_mixin.py:149} INFO - [2025-06-25T01:35:07.517+0200] {dag.py:2726} INFO - Sync 1 DAGs
[2025-06-25T01:35:07.701+0200] {logging_mixin.py:149} INFO - [2025-06-25T01:35:07.700+0200] {dag.py:3486} INFO - Setting next_dagrun for tutorial_dag to None, run_after=None
[2025-06-25T01:35:07.874+0200] {processor.py:179} INFO - Processing /home/atef/.local/lib/python3.9/site-packages/airflow/example_dags/tutorial_dag.py took 0.948 seconds
[2025-06-25T01:37:20.212+0200] {processor.py:157} INFO - Started process (PID=182953) to work on /home/atef/.local/lib/python3.9/site-packages/airflow/example_dags/tutorial_dag.py
[2025-06-25T01:37:20.239+0200] {processor.py:826} INFO - Processing file /home/atef/.local/lib/python3.9/site-packages/airflow/example_dags/tutorial_dag.py for tasks to queue
[2025-06-25T01:37:20.251+0200] {logging_mixin.py:149} INFO - [2025-06-25T01:37:20.250+0200] {dagbag.py:541} INFO - Filling up the DagBag from /home/atef/.local/lib/python3.9/site-packages/airflow/example_dags/tutorial_dag.py
[2025-06-25T01:37:20.420+0200] {processor.py:836} INFO - DAG(s) dict_keys(['tutorial_dag']) retrieved from /home/atef/.local/lib/python3.9/site-packages/airflow/example_dags/tutorial_dag.py
[2025-06-25T01:37:21.160+0200] {logging_mixin.py:149} INFO - [2025-06-25T01:37:21.160+0200] {dag.py:2726} INFO - Sync 1 DAGs
[2025-06-25T01:37:21.542+0200] {logging_mixin.py:149} INFO - [2025-06-25T01:37:21.532+0200] {dag.py:3486} INFO - Setting next_dagrun for tutorial_dag to None, run_after=None
[2025-06-25T01:37:21.770+0200] {processor.py:179} INFO - Processing /home/atef/.local/lib/python3.9/site-packages/airflow/example_dags/tutorial_dag.py took 1.680 seconds
[2025-06-25T01:38:52.128+0200] {processor.py:157} INFO - Started process (PID=183638) to work on /home/atef/.local/lib/python3.9/site-packages/airflow/example_dags/tutorial_dag.py
[2025-06-25T01:38:52.136+0200] {processor.py:826} INFO - Processing file /home/atef/.local/lib/python3.9/site-packages/airflow/example_dags/tutorial_dag.py for tasks to queue
[2025-06-25T01:38:52.142+0200] {logging_mixin.py:149} INFO - [2025-06-25T01:38:52.141+0200] {dagbag.py:541} INFO - Filling up the DagBag from /home/atef/.local/lib/python3.9/site-packages/airflow/example_dags/tutorial_dag.py
[2025-06-25T01:38:52.166+0200] {processor.py:836} INFO - DAG(s) dict_keys(['tutorial_dag']) retrieved from /home/atef/.local/lib/python3.9/site-packages/airflow/example_dags/tutorial_dag.py
[2025-06-25T01:38:52.312+0200] {logging_mixin.py:149} INFO - [2025-06-25T01:38:52.312+0200] {dag.py:2726} INFO - Sync 1 DAGs
[2025-06-25T01:38:52.381+0200] {logging_mixin.py:149} INFO - [2025-06-25T01:38:52.381+0200] {dag.py:3486} INFO - Setting next_dagrun for tutorial_dag to None, run_after=None
[2025-06-25T01:38:52.436+0200] {processor.py:179} INFO - Processing /home/atef/.local/lib/python3.9/site-packages/airflow/example_dags/tutorial_dag.py took 0.330 seconds
[2025-06-25T01:40:01.523+0200] {processor.py:157} INFO - Started process (PID=183747) to work on /home/atef/.local/lib/python3.9/site-packages/airflow/example_dags/tutorial_dag.py
[2025-06-25T01:40:01.527+0200] {processor.py:826} INFO - Processing file /home/atef/.local/lib/python3.9/site-packages/airflow/example_dags/tutorial_dag.py for tasks to queue
[2025-06-25T01:40:01.530+0200] {logging_mixin.py:149} INFO - [2025-06-25T01:40:01.530+0200] {dagbag.py:541} INFO - Filling up the DagBag from /home/atef/.local/lib/python3.9/site-packages/airflow/example_dags/tutorial_dag.py
[2025-06-25T01:40:01.551+0200] {processor.py:836} INFO - DAG(s) dict_keys(['tutorial_dag']) retrieved from /home/atef/.local/lib/python3.9/site-packages/airflow/example_dags/tutorial_dag.py
[2025-06-25T01:40:01.641+0200] {logging_mixin.py:149} INFO - [2025-06-25T01:40:01.640+0200] {dag.py:2726} INFO - Sync 1 DAGs
[2025-06-25T01:40:01.709+0200] {logging_mixin.py:149} INFO - [2025-06-25T01:40:01.708+0200] {dag.py:3486} INFO - Setting next_dagrun for tutorial_dag to None, run_after=None
[2025-06-25T01:40:01.790+0200] {processor.py:179} INFO - Processing /home/atef/.local/lib/python3.9/site-packages/airflow/example_dags/tutorial_dag.py took 0.282 seconds
[2025-06-25T01:40:52.313+0200] {processor.py:157} INFO - Started process (PID=183895) to work on /home/atef/.local/lib/python3.9/site-packages/airflow/example_dags/tutorial_dag.py
[2025-06-25T01:40:52.332+0200] {processor.py:826} INFO - Processing file /home/atef/.local/lib/python3.9/site-packages/airflow/example_dags/tutorial_dag.py for tasks to queue
[2025-06-25T01:40:52.346+0200] {logging_mixin.py:149} INFO - [2025-06-25T01:40:52.345+0200] {dagbag.py:541} INFO - Filling up the DagBag from /home/atef/.local/lib/python3.9/site-packages/airflow/example_dags/tutorial_dag.py
[2025-06-25T01:40:52.425+0200] {processor.py:836} INFO - DAG(s) dict_keys(['tutorial_dag']) retrieved from /home/atef/.local/lib/python3.9/site-packages/airflow/example_dags/tutorial_dag.py
[2025-06-25T01:40:52.569+0200] {logging_mixin.py:149} INFO - [2025-06-25T01:40:52.568+0200] {dag.py:2726} INFO - Sync 1 DAGs
[2025-06-25T01:40:52.617+0200] {logging_mixin.py:149} INFO - [2025-06-25T01:40:52.617+0200] {dag.py:3486} INFO - Setting next_dagrun for tutorial_dag to None, run_after=None
[2025-06-25T01:40:52.661+0200] {processor.py:179} INFO - Processing /home/atef/.local/lib/python3.9/site-packages/airflow/example_dags/tutorial_dag.py took 0.406 seconds
[2025-06-25T01:45:08.343+0200] {processor.py:157} INFO - Started process (PID=187209) to work on /home/atef/.local/lib/python3.9/site-packages/airflow/example_dags/tutorial_dag.py
[2025-06-25T01:45:08.350+0200] {processor.py:826} INFO - Processing file /home/atef/.local/lib/python3.9/site-packages/airflow/example_dags/tutorial_dag.py for tasks to queue
[2025-06-25T01:45:08.360+0200] {logging_mixin.py:149} INFO - [2025-06-25T01:45:08.358+0200] {dagbag.py:541} INFO - Filling up the DagBag from /home/atef/.local/lib/python3.9/site-packages/airflow/example_dags/tutorial_dag.py
[2025-06-25T01:45:08.430+0200] {processor.py:836} INFO - DAG(s) dict_keys(['tutorial_dag']) retrieved from /home/atef/.local/lib/python3.9/site-packages/airflow/example_dags/tutorial_dag.py
[2025-06-25T01:45:08.850+0200] {logging_mixin.py:149} INFO - [2025-06-25T01:45:08.850+0200] {dag.py:2726} INFO - Sync 1 DAGs
[2025-06-25T01:45:08.934+0200] {logging_mixin.py:149} INFO - [2025-06-25T01:45:08.934+0200] {dag.py:3486} INFO - Setting next_dagrun for tutorial_dag to None, run_after=None
[2025-06-25T01:45:09.031+0200] {processor.py:179} INFO - Processing /home/atef/.local/lib/python3.9/site-packages/airflow/example_dags/tutorial_dag.py took 0.715 seconds
[2025-06-25T01:46:26.615+0200] {processor.py:157} INFO - Started process (PID=187790) to work on /home/atef/.local/lib/python3.9/site-packages/airflow/example_dags/tutorial_dag.py
[2025-06-25T01:46:26.623+0200] {processor.py:826} INFO - Processing file /home/atef/.local/lib/python3.9/site-packages/airflow/example_dags/tutorial_dag.py for tasks to queue
[2025-06-25T01:46:26.628+0200] {logging_mixin.py:149} INFO - [2025-06-25T01:46:26.627+0200] {dagbag.py:541} INFO - Filling up the DagBag from /home/atef/.local/lib/python3.9/site-packages/airflow/example_dags/tutorial_dag.py
[2025-06-25T01:46:26.649+0200] {processor.py:836} INFO - DAG(s) dict_keys(['tutorial_dag']) retrieved from /home/atef/.local/lib/python3.9/site-packages/airflow/example_dags/tutorial_dag.py
[2025-06-25T01:46:26.721+0200] {logging_mixin.py:149} INFO - [2025-06-25T01:46:26.720+0200] {dag.py:2726} INFO - Sync 1 DAGs
[2025-06-25T01:46:26.759+0200] {logging_mixin.py:149} INFO - [2025-06-25T01:46:26.758+0200] {dag.py:3486} INFO - Setting next_dagrun for tutorial_dag to None, run_after=None
[2025-06-25T01:46:26.804+0200] {processor.py:179} INFO - Processing /home/atef/.local/lib/python3.9/site-packages/airflow/example_dags/tutorial_dag.py took 0.210 seconds
[2025-06-25T01:47:10.860+0200] {processor.py:157} INFO - Started process (PID=188172) to work on /home/atef/.local/lib/python3.9/site-packages/airflow/example_dags/tutorial_dag.py
[2025-06-25T01:47:10.866+0200] {processor.py:826} INFO - Processing file /home/atef/.local/lib/python3.9/site-packages/airflow/example_dags/tutorial_dag.py for tasks to queue
[2025-06-25T01:47:10.869+0200] {logging_mixin.py:149} INFO - [2025-06-25T01:47:10.869+0200] {dagbag.py:541} INFO - Filling up the DagBag from /home/atef/.local/lib/python3.9/site-packages/airflow/example_dags/tutorial_dag.py
[2025-06-25T01:47:10.902+0200] {processor.py:836} INFO - DAG(s) dict_keys(['tutorial_dag']) retrieved from /home/atef/.local/lib/python3.9/site-packages/airflow/example_dags/tutorial_dag.py
[2025-06-25T01:47:11.022+0200] {logging_mixin.py:149} INFO - [2025-06-25T01:47:11.022+0200] {dag.py:2726} INFO - Sync 1 DAGs
[2025-06-25T01:47:11.105+0200] {logging_mixin.py:149} INFO - [2025-06-25T01:47:11.105+0200] {dag.py:3486} INFO - Setting next_dagrun for tutorial_dag to None, run_after=None
[2025-06-25T01:47:11.169+0200] {processor.py:179} INFO - Processing /home/atef/.local/lib/python3.9/site-packages/airflow/example_dags/tutorial_dag.py took 0.346 seconds
[2025-06-25T01:48:01.770+0200] {processor.py:157} INFO - Started process (PID=188352) to work on /home/atef/.local/lib/python3.9/site-packages/airflow/example_dags/tutorial_dag.py
[2025-06-25T01:48:01.784+0200] {processor.py:826} INFO - Processing file /home/atef/.local/lib/python3.9/site-packages/airflow/example_dags/tutorial_dag.py for tasks to queue
[2025-06-25T01:48:01.792+0200] {logging_mixin.py:149} INFO - [2025-06-25T01:48:01.791+0200] {dagbag.py:541} INFO - Filling up the DagBag from /home/atef/.local/lib/python3.9/site-packages/airflow/example_dags/tutorial_dag.py
[2025-06-25T01:48:01.888+0200] {processor.py:836} INFO - DAG(s) dict_keys(['tutorial_dag']) retrieved from /home/atef/.local/lib/python3.9/site-packages/airflow/example_dags/tutorial_dag.py
[2025-06-25T01:48:02.309+0200] {logging_mixin.py:149} INFO - [2025-06-25T01:48:02.308+0200] {dag.py:2726} INFO - Sync 1 DAGs
[2025-06-25T01:48:02.788+0200] {logging_mixin.py:149} INFO - [2025-06-25T01:48:02.787+0200] {dag.py:3486} INFO - Setting next_dagrun for tutorial_dag to None, run_after=None
[2025-06-25T01:48:03.280+0200] {processor.py:179} INFO - Processing /home/atef/.local/lib/python3.9/site-packages/airflow/example_dags/tutorial_dag.py took 1.567 seconds
[2025-06-25T01:49:10.338+0200] {processor.py:157} INFO - Started process (PID=189086) to work on /home/atef/.local/lib/python3.9/site-packages/airflow/example_dags/tutorial_dag.py
[2025-06-25T01:49:10.358+0200] {processor.py:826} INFO - Processing file /home/atef/.local/lib/python3.9/site-packages/airflow/example_dags/tutorial_dag.py for tasks to queue
[2025-06-25T01:49:10.365+0200] {logging_mixin.py:149} INFO - [2025-06-25T01:49:10.365+0200] {dagbag.py:541} INFO - Filling up the DagBag from /home/atef/.local/lib/python3.9/site-packages/airflow/example_dags/tutorial_dag.py
[2025-06-25T01:49:10.492+0200] {processor.py:836} INFO - DAG(s) dict_keys(['tutorial_dag']) retrieved from /home/atef/.local/lib/python3.9/site-packages/airflow/example_dags/tutorial_dag.py
[2025-06-25T01:49:10.767+0200] {logging_mixin.py:149} INFO - [2025-06-25T01:49:10.766+0200] {dag.py:2726} INFO - Sync 1 DAGs
[2025-06-25T01:49:10.979+0200] {logging_mixin.py:149} INFO - [2025-06-25T01:49:10.978+0200] {dag.py:3486} INFO - Setting next_dagrun for tutorial_dag to None, run_after=None
[2025-06-25T01:49:11.156+0200] {processor.py:179} INFO - Processing /home/atef/.local/lib/python3.9/site-packages/airflow/example_dags/tutorial_dag.py took 0.884 seconds
[2025-06-25T01:50:03.663+0200] {processor.py:157} INFO - Started process (PID=189363) to work on /home/atef/.local/lib/python3.9/site-packages/airflow/example_dags/tutorial_dag.py
[2025-06-25T01:50:03.675+0200] {processor.py:826} INFO - Processing file /home/atef/.local/lib/python3.9/site-packages/airflow/example_dags/tutorial_dag.py for tasks to queue
[2025-06-25T01:50:03.680+0200] {logging_mixin.py:149} INFO - [2025-06-25T01:50:03.680+0200] {dagbag.py:541} INFO - Filling up the DagBag from /home/atef/.local/lib/python3.9/site-packages/airflow/example_dags/tutorial_dag.py
[2025-06-25T01:50:03.719+0200] {processor.py:836} INFO - DAG(s) dict_keys(['tutorial_dag']) retrieved from /home/atef/.local/lib/python3.9/site-packages/airflow/example_dags/tutorial_dag.py
[2025-06-25T01:50:03.933+0200] {logging_mixin.py:149} INFO - [2025-06-25T01:50:03.932+0200] {dag.py:2726} INFO - Sync 1 DAGs
[2025-06-25T01:50:04.089+0200] {logging_mixin.py:149} INFO - [2025-06-25T01:50:04.088+0200] {dag.py:3486} INFO - Setting next_dagrun for tutorial_dag to None, run_after=None
[2025-06-25T01:50:04.194+0200] {processor.py:179} INFO - Processing /home/atef/.local/lib/python3.9/site-packages/airflow/example_dags/tutorial_dag.py took 0.564 seconds
[2025-06-25T01:50:42.943+0200] {processor.py:157} INFO - Started process (PID=189582) to work on /home/atef/.local/lib/python3.9/site-packages/airflow/example_dags/tutorial_dag.py
[2025-06-25T01:50:42.955+0200] {processor.py:826} INFO - Processing file /home/atef/.local/lib/python3.9/site-packages/airflow/example_dags/tutorial_dag.py for tasks to queue
[2025-06-25T01:50:42.964+0200] {logging_mixin.py:149} INFO - [2025-06-25T01:50:42.963+0200] {dagbag.py:541} INFO - Filling up the DagBag from /home/atef/.local/lib/python3.9/site-packages/airflow/example_dags/tutorial_dag.py
[2025-06-25T01:50:43.019+0200] {processor.py:836} INFO - DAG(s) dict_keys(['tutorial_dag']) retrieved from /home/atef/.local/lib/python3.9/site-packages/airflow/example_dags/tutorial_dag.py
[2025-06-25T01:50:43.229+0200] {logging_mixin.py:149} INFO - [2025-06-25T01:50:43.229+0200] {dag.py:2726} INFO - Sync 1 DAGs
[2025-06-25T01:50:43.354+0200] {logging_mixin.py:149} INFO - [2025-06-25T01:50:43.353+0200] {dag.py:3486} INFO - Setting next_dagrun for tutorial_dag to None, run_after=None
[2025-06-25T01:50:43.482+0200] {processor.py:179} INFO - Processing /home/atef/.local/lib/python3.9/site-packages/airflow/example_dags/tutorial_dag.py took 0.599 seconds
[2025-06-25T01:51:47.641+0200] {processor.py:157} INFO - Started process (PID=189813) to work on /home/atef/.local/lib/python3.9/site-packages/airflow/example_dags/tutorial_dag.py
[2025-06-25T01:51:47.672+0200] {processor.py:826} INFO - Processing file /home/atef/.local/lib/python3.9/site-packages/airflow/example_dags/tutorial_dag.py for tasks to queue
[2025-06-25T01:51:47.687+0200] {logging_mixin.py:149} INFO - [2025-06-25T01:51:47.687+0200] {dagbag.py:541} INFO - Filling up the DagBag from /home/atef/.local/lib/python3.9/site-packages/airflow/example_dags/tutorial_dag.py
[2025-06-25T01:51:47.860+0200] {processor.py:836} INFO - DAG(s) dict_keys(['tutorial_dag']) retrieved from /home/atef/.local/lib/python3.9/site-packages/airflow/example_dags/tutorial_dag.py
[2025-06-25T01:51:48.357+0200] {logging_mixin.py:149} INFO - [2025-06-25T01:51:48.356+0200] {dag.py:2726} INFO - Sync 1 DAGs
[2025-06-25T01:51:48.542+0200] {logging_mixin.py:149} INFO - [2025-06-25T01:51:48.542+0200] {dag.py:3486} INFO - Setting next_dagrun for tutorial_dag to None, run_after=None
[2025-06-25T01:51:48.807+0200] {processor.py:179} INFO - Processing /home/atef/.local/lib/python3.9/site-packages/airflow/example_dags/tutorial_dag.py took 1.262 seconds
[2025-06-25T01:53:00.048+0200] {processor.py:157} INFO - Started process (PID=190077) to work on /home/atef/.local/lib/python3.9/site-packages/airflow/example_dags/tutorial_dag.py
[2025-06-25T01:53:00.059+0200] {processor.py:826} INFO - Processing file /home/atef/.local/lib/python3.9/site-packages/airflow/example_dags/tutorial_dag.py for tasks to queue
[2025-06-25T01:53:00.061+0200] {logging_mixin.py:149} INFO - [2025-06-25T01:53:00.061+0200] {dagbag.py:541} INFO - Filling up the DagBag from /home/atef/.local/lib/python3.9/site-packages/airflow/example_dags/tutorial_dag.py
[2025-06-25T01:53:00.116+0200] {processor.py:836} INFO - DAG(s) dict_keys(['tutorial_dag']) retrieved from /home/atef/.local/lib/python3.9/site-packages/airflow/example_dags/tutorial_dag.py
[2025-06-25T01:53:00.418+0200] {logging_mixin.py:149} INFO - [2025-06-25T01:53:00.418+0200] {dag.py:2726} INFO - Sync 1 DAGs
[2025-06-25T01:53:00.542+0200] {logging_mixin.py:149} INFO - [2025-06-25T01:53:00.541+0200] {dag.py:3486} INFO - Setting next_dagrun for tutorial_dag to None, run_after=None
[2025-06-25T01:53:00.664+0200] {processor.py:179} INFO - Processing /home/atef/.local/lib/python3.9/site-packages/airflow/example_dags/tutorial_dag.py took 0.657 seconds
[2025-06-25T01:55:05.584+0200] {processor.py:157} INFO - Started process (PID=190654) to work on /home/atef/.local/lib/python3.9/site-packages/airflow/example_dags/tutorial_dag.py
[2025-06-25T01:55:05.605+0200] {processor.py:826} INFO - Processing file /home/atef/.local/lib/python3.9/site-packages/airflow/example_dags/tutorial_dag.py for tasks to queue
[2025-06-25T01:55:05.618+0200] {logging_mixin.py:149} INFO - [2025-06-25T01:55:05.617+0200] {dagbag.py:541} INFO - Filling up the DagBag from /home/atef/.local/lib/python3.9/site-packages/airflow/example_dags/tutorial_dag.py
[2025-06-25T01:55:05.781+0200] {processor.py:836} INFO - DAG(s) dict_keys(['tutorial_dag']) retrieved from /home/atef/.local/lib/python3.9/site-packages/airflow/example_dags/tutorial_dag.py
[2025-06-25T01:55:06.433+0200] {logging_mixin.py:149} INFO - [2025-06-25T01:55:06.432+0200] {dag.py:2726} INFO - Sync 1 DAGs
[2025-06-25T01:55:06.905+0200] {logging_mixin.py:149} INFO - [2025-06-25T01:55:06.897+0200] {dag.py:3486} INFO - Setting next_dagrun for tutorial_dag to None, run_after=None
[2025-06-25T01:55:07.138+0200] {processor.py:179} INFO - Processing /home/atef/.local/lib/python3.9/site-packages/airflow/example_dags/tutorial_dag.py took 1.665 seconds
[2025-06-25T01:56:23.724+0200] {processor.py:157} INFO - Started process (PID=191140) to work on /home/atef/.local/lib/python3.9/site-packages/airflow/example_dags/tutorial_dag.py
[2025-06-25T01:56:23.735+0200] {processor.py:826} INFO - Processing file /home/atef/.local/lib/python3.9/site-packages/airflow/example_dags/tutorial_dag.py for tasks to queue
[2025-06-25T01:56:23.744+0200] {logging_mixin.py:149} INFO - [2025-06-25T01:56:23.743+0200] {dagbag.py:541} INFO - Filling up the DagBag from /home/atef/.local/lib/python3.9/site-packages/airflow/example_dags/tutorial_dag.py
[2025-06-25T01:56:23.803+0200] {processor.py:836} INFO - DAG(s) dict_keys(['tutorial_dag']) retrieved from /home/atef/.local/lib/python3.9/site-packages/airflow/example_dags/tutorial_dag.py
[2025-06-25T01:56:23.993+0200] {logging_mixin.py:149} INFO - [2025-06-25T01:56:23.992+0200] {dag.py:2726} INFO - Sync 1 DAGs
[2025-06-25T01:56:24.127+0200] {logging_mixin.py:149} INFO - [2025-06-25T01:56:24.126+0200] {dag.py:3486} INFO - Setting next_dagrun for tutorial_dag to None, run_after=None
[2025-06-25T01:56:24.224+0200] {processor.py:179} INFO - Processing /home/atef/.local/lib/python3.9/site-packages/airflow/example_dags/tutorial_dag.py took 0.546 seconds
[2025-06-25T01:57:40.444+0200] {processor.py:157} INFO - Started process (PID=191487) to work on /home/atef/.local/lib/python3.9/site-packages/airflow/example_dags/tutorial_dag.py
[2025-06-25T01:57:40.459+0200] {processor.py:826} INFO - Processing file /home/atef/.local/lib/python3.9/site-packages/airflow/example_dags/tutorial_dag.py for tasks to queue
[2025-06-25T01:57:40.467+0200] {logging_mixin.py:149} INFO - [2025-06-25T01:57:40.467+0200] {dagbag.py:541} INFO - Filling up the DagBag from /home/atef/.local/lib/python3.9/site-packages/airflow/example_dags/tutorial_dag.py
[2025-06-25T01:57:40.528+0200] {processor.py:836} INFO - DAG(s) dict_keys(['tutorial_dag']) retrieved from /home/atef/.local/lib/python3.9/site-packages/airflow/example_dags/tutorial_dag.py
[2025-06-25T01:57:40.677+0200] {logging_mixin.py:149} INFO - [2025-06-25T01:57:40.676+0200] {dag.py:2726} INFO - Sync 1 DAGs
[2025-06-25T01:57:40.775+0200] {logging_mixin.py:149} INFO - [2025-06-25T01:57:40.775+0200] {dag.py:3486} INFO - Setting next_dagrun for tutorial_dag to None, run_after=None
[2025-06-25T01:57:40.866+0200] {processor.py:179} INFO - Processing /home/atef/.local/lib/python3.9/site-packages/airflow/example_dags/tutorial_dag.py took 0.465 seconds
[2025-06-25T01:59:35.217+0200] {processor.py:157} INFO - Started process (PID=192785) to work on /home/atef/.local/lib/python3.9/site-packages/airflow/example_dags/tutorial_dag.py
[2025-06-25T01:59:35.224+0200] {processor.py:826} INFO - Processing file /home/atef/.local/lib/python3.9/site-packages/airflow/example_dags/tutorial_dag.py for tasks to queue
[2025-06-25T01:59:35.233+0200] {logging_mixin.py:149} INFO - [2025-06-25T01:59:35.231+0200] {dagbag.py:541} INFO - Filling up the DagBag from /home/atef/.local/lib/python3.9/site-packages/airflow/example_dags/tutorial_dag.py
[2025-06-25T01:59:35.253+0200] {processor.py:836} INFO - DAG(s) dict_keys(['tutorial_dag']) retrieved from /home/atef/.local/lib/python3.9/site-packages/airflow/example_dags/tutorial_dag.py
[2025-06-25T01:59:35.380+0200] {logging_mixin.py:149} INFO - [2025-06-25T01:59:35.379+0200] {dag.py:2726} INFO - Sync 1 DAGs
[2025-06-25T01:59:35.677+0200] {logging_mixin.py:149} INFO - [2025-06-25T01:59:35.677+0200] {dag.py:3486} INFO - Setting next_dagrun for tutorial_dag to None, run_after=None
[2025-06-25T01:59:35.753+0200] {processor.py:179} INFO - Processing /home/atef/.local/lib/python3.9/site-packages/airflow/example_dags/tutorial_dag.py took 0.580 seconds
