[2025-06-24T23:14:38.891+0200] {processor.py:157} INFO - Started process (PID=154781) to work on /home/atef/.local/lib/python3.9/site-packages/airflow/example_dags/tutorial_taskflow_api.py
[2025-06-24T23:14:38.897+0200] {processor.py:826} INFO - Processing file /home/atef/.local/lib/python3.9/site-packages/airflow/example_dags/tutorial_taskflow_api.py for tasks to queue
[2025-06-24T23:14:38.899+0200] {logging_mixin.py:149} INFO - [2025-06-24T23:14:38.899+0200] {dagbag.py:541} INFO - Filling up the DagBag from /home/atef/.local/lib/python3.9/site-packages/airflow/example_dags/tutorial_taskflow_api.py
[2025-06-24T23:14:38.931+0200] {processor.py:836} INFO - DAG(s) dict_keys(['tutorial_taskflow_api']) retrieved from /home/atef/.local/lib/python3.9/site-packages/airflow/example_dags/tutorial_taskflow_api.py
[2025-06-24T23:14:39.034+0200] {logging_mixin.py:149} INFO - [2025-06-24T23:14:39.034+0200] {dag.py:2726} INFO - Sync 1 DAGs
[2025-06-24T23:14:39.131+0200] {logging_mixin.py:149} INFO - [2025-06-24T23:14:39.131+0200] {dag.py:3486} INFO - Setting next_dagrun for tutorial_taskflow_api to None, run_after=None
[2025-06-24T23:14:39.191+0200] {processor.py:179} INFO - Processing /home/atef/.local/lib/python3.9/site-packages/airflow/example_dags/tutorial_taskflow_api.py took 0.313 seconds
[2025-06-24T23:16:08.638+0200] {processor.py:157} INFO - Started process (PID=155098) to work on /home/atef/.local/lib/python3.9/site-packages/airflow/example_dags/tutorial_taskflow_api.py
[2025-06-24T23:16:08.643+0200] {processor.py:826} INFO - Processing file /home/atef/.local/lib/python3.9/site-packages/airflow/example_dags/tutorial_taskflow_api.py for tasks to queue
[2025-06-24T23:16:08.646+0200] {logging_mixin.py:149} INFO - [2025-06-24T23:16:08.645+0200] {dagbag.py:541} INFO - Filling up the DagBag from /home/atef/.local/lib/python3.9/site-packages/airflow/example_dags/tutorial_taskflow_api.py
[2025-06-24T23:16:08.674+0200] {processor.py:836} INFO - DAG(s) dict_keys(['tutorial_taskflow_api']) retrieved from /home/atef/.local/lib/python3.9/site-packages/airflow/example_dags/tutorial_taskflow_api.py
[2025-06-24T23:16:08.768+0200] {logging_mixin.py:149} INFO - [2025-06-24T23:16:08.767+0200] {dag.py:2726} INFO - Sync 1 DAGs
[2025-06-24T23:16:08.863+0200] {logging_mixin.py:149} INFO - [2025-06-24T23:16:08.863+0200] {dag.py:3486} INFO - Setting next_dagrun for tutorial_taskflow_api to None, run_after=None
[2025-06-24T23:16:08.931+0200] {processor.py:179} INFO - Processing /home/atef/.local/lib/python3.9/site-packages/airflow/example_dags/tutorial_taskflow_api.py took 0.310 seconds
[2025-06-24T23:16:50.308+0200] {processor.py:157} INFO - Started process (PID=155218) to work on /home/atef/.local/lib/python3.9/site-packages/airflow/example_dags/tutorial_taskflow_api.py
[2025-06-24T23:16:50.318+0200] {processor.py:826} INFO - Processing file /home/atef/.local/lib/python3.9/site-packages/airflow/example_dags/tutorial_taskflow_api.py for tasks to queue
[2025-06-24T23:16:50.322+0200] {logging_mixin.py:149} INFO - [2025-06-24T23:16:50.321+0200] {dagbag.py:541} INFO - Filling up the DagBag from /home/atef/.local/lib/python3.9/site-packages/airflow/example_dags/tutorial_taskflow_api.py
[2025-06-24T23:16:50.362+0200] {processor.py:836} INFO - DAG(s) dict_keys(['tutorial_taskflow_api']) retrieved from /home/atef/.local/lib/python3.9/site-packages/airflow/example_dags/tutorial_taskflow_api.py
[2025-06-24T23:16:50.474+0200] {logging_mixin.py:149} INFO - [2025-06-24T23:16:50.474+0200] {dag.py:2726} INFO - Sync 1 DAGs
[2025-06-24T23:16:50.538+0200] {logging_mixin.py:149} INFO - [2025-06-24T23:16:50.538+0200] {dag.py:3486} INFO - Setting next_dagrun for tutorial_taskflow_api to None, run_after=None
[2025-06-24T23:16:50.591+0200] {processor.py:179} INFO - Processing /home/atef/.local/lib/python3.9/site-packages/airflow/example_dags/tutorial_taskflow_api.py took 0.317 seconds
[2025-06-24T23:17:55.891+0200] {processor.py:157} INFO - Started process (PID=155355) to work on /home/atef/.local/lib/python3.9/site-packages/airflow/example_dags/tutorial_taskflow_api.py
[2025-06-24T23:17:55.908+0200] {processor.py:826} INFO - Processing file /home/atef/.local/lib/python3.9/site-packages/airflow/example_dags/tutorial_taskflow_api.py for tasks to queue
[2025-06-24T23:17:55.922+0200] {logging_mixin.py:149} INFO - [2025-06-24T23:17:55.917+0200] {dagbag.py:541} INFO - Filling up the DagBag from /home/atef/.local/lib/python3.9/site-packages/airflow/example_dags/tutorial_taskflow_api.py
[2025-06-24T23:17:56.229+0200] {processor.py:836} INFO - DAG(s) dict_keys(['tutorial_taskflow_api']) retrieved from /home/atef/.local/lib/python3.9/site-packages/airflow/example_dags/tutorial_taskflow_api.py
[2025-06-24T23:17:56.694+0200] {logging_mixin.py:149} INFO - [2025-06-24T23:17:56.692+0200] {dag.py:2726} INFO - Sync 1 DAGs
[2025-06-24T23:17:56.919+0200] {logging_mixin.py:149} INFO - [2025-06-24T23:17:56.919+0200] {dag.py:3486} INFO - Setting next_dagrun for tutorial_taskflow_api to None, run_after=None
[2025-06-24T23:17:57.124+0200] {processor.py:179} INFO - Processing /home/atef/.local/lib/python3.9/site-packages/airflow/example_dags/tutorial_taskflow_api.py took 1.258 seconds
[2025-06-25T01:10:42.528+0200] {processor.py:157} INFO - Started process (PID=172417) to work on /home/atef/.local/lib/python3.9/site-packages/airflow/example_dags/tutorial_taskflow_api.py
[2025-06-25T01:10:42.895+0200] {processor.py:826} INFO - Processing file /home/atef/.local/lib/python3.9/site-packages/airflow/example_dags/tutorial_taskflow_api.py for tasks to queue
[2025-06-25T01:10:42.973+0200] {logging_mixin.py:149} INFO - [2025-06-25T01:10:42.972+0200] {dagbag.py:541} INFO - Filling up the DagBag from /home/atef/.local/lib/python3.9/site-packages/airflow/example_dags/tutorial_taskflow_api.py
[2025-06-25T01:10:43.498+0200] {processor.py:836} INFO - DAG(s) dict_keys(['tutorial_taskflow_api']) retrieved from /home/atef/.local/lib/python3.9/site-packages/airflow/example_dags/tutorial_taskflow_api.py
[2025-06-25T01:10:43.925+0200] {logging_mixin.py:149} INFO - [2025-06-25T01:10:43.922+0200] {dag.py:2726} INFO - Sync 1 DAGs
[2025-06-25T01:10:44.302+0200] {logging_mixin.py:149} INFO - [2025-06-25T01:10:44.302+0200] {dag.py:3486} INFO - Setting next_dagrun for tutorial_taskflow_api to None, run_after=None
[2025-06-25T01:10:44.824+0200] {processor.py:179} INFO - Processing /home/atef/.local/lib/python3.9/site-packages/airflow/example_dags/tutorial_taskflow_api.py took 2.415 seconds
[2025-06-25T01:17:14.357+0200] {processor.py:157} INFO - Started process (PID=174426) to work on /home/atef/.local/lib/python3.9/site-packages/airflow/example_dags/tutorial_taskflow_api.py
[2025-06-25T01:17:14.372+0200] {processor.py:826} INFO - Processing file /home/atef/.local/lib/python3.9/site-packages/airflow/example_dags/tutorial_taskflow_api.py for tasks to queue
[2025-06-25T01:17:14.377+0200] {logging_mixin.py:149} INFO - [2025-06-25T01:17:14.377+0200] {dagbag.py:541} INFO - Filling up the DagBag from /home/atef/.local/lib/python3.9/site-packages/airflow/example_dags/tutorial_taskflow_api.py
[2025-06-25T01:17:14.465+0200] {processor.py:836} INFO - DAG(s) dict_keys(['tutorial_taskflow_api']) retrieved from /home/atef/.local/lib/python3.9/site-packages/airflow/example_dags/tutorial_taskflow_api.py
[2025-06-25T01:17:14.756+0200] {logging_mixin.py:149} INFO - [2025-06-25T01:17:14.756+0200] {dag.py:2726} INFO - Sync 1 DAGs
[2025-06-25T01:17:14.968+0200] {logging_mixin.py:149} INFO - [2025-06-25T01:17:14.967+0200] {dag.py:3486} INFO - Setting next_dagrun for tutorial_taskflow_api to None, run_after=None
[2025-06-25T01:17:15.035+0200] {processor.py:179} INFO - Processing /home/atef/.local/lib/python3.9/site-packages/airflow/example_dags/tutorial_taskflow_api.py took 0.734 seconds
[2025-06-25T01:19:06.757+0200] {processor.py:157} INFO - Started process (PID=175446) to work on /home/atef/.local/lib/python3.9/site-packages/airflow/example_dags/tutorial_taskflow_api.py
[2025-06-25T01:19:06.762+0200] {processor.py:826} INFO - Processing file /home/atef/.local/lib/python3.9/site-packages/airflow/example_dags/tutorial_taskflow_api.py for tasks to queue
[2025-06-25T01:19:06.764+0200] {logging_mixin.py:149} INFO - [2025-06-25T01:19:06.764+0200] {dagbag.py:541} INFO - Filling up the DagBag from /home/atef/.local/lib/python3.9/site-packages/airflow/example_dags/tutorial_taskflow_api.py
[2025-06-25T01:19:06.791+0200] {processor.py:836} INFO - DAG(s) dict_keys(['tutorial_taskflow_api']) retrieved from /home/atef/.local/lib/python3.9/site-packages/airflow/example_dags/tutorial_taskflow_api.py
[2025-06-25T01:19:06.862+0200] {logging_mixin.py:149} INFO - [2025-06-25T01:19:06.862+0200] {dag.py:2726} INFO - Sync 1 DAGs
[2025-06-25T01:19:06.904+0200] {logging_mixin.py:149} INFO - [2025-06-25T01:19:06.903+0200] {dag.py:3486} INFO - Setting next_dagrun for tutorial_taskflow_api to None, run_after=None
[2025-06-25T01:19:07.017+0200] {processor.py:179} INFO - Processing /home/atef/.local/lib/python3.9/site-packages/airflow/example_dags/tutorial_taskflow_api.py took 0.275 seconds
[2025-06-25T01:20:00.834+0200] {processor.py:157} INFO - Started process (PID=175805) to work on /home/atef/.local/lib/python3.9/site-packages/airflow/example_dags/tutorial_taskflow_api.py
[2025-06-25T01:20:00.846+0200] {processor.py:826} INFO - Processing file /home/atef/.local/lib/python3.9/site-packages/airflow/example_dags/tutorial_taskflow_api.py for tasks to queue
[2025-06-25T01:20:00.849+0200] {logging_mixin.py:149} INFO - [2025-06-25T01:20:00.849+0200] {dagbag.py:541} INFO - Filling up the DagBag from /home/atef/.local/lib/python3.9/site-packages/airflow/example_dags/tutorial_taskflow_api.py
[2025-06-25T01:20:00.875+0200] {processor.py:836} INFO - DAG(s) dict_keys(['tutorial_taskflow_api']) retrieved from /home/atef/.local/lib/python3.9/site-packages/airflow/example_dags/tutorial_taskflow_api.py
[2025-06-25T01:20:00.982+0200] {logging_mixin.py:149} INFO - [2025-06-25T01:20:00.981+0200] {dag.py:2726} INFO - Sync 1 DAGs
[2025-06-25T01:20:01.057+0200] {logging_mixin.py:149} INFO - [2025-06-25T01:20:01.048+0200] {dag.py:3486} INFO - Setting next_dagrun for tutorial_taskflow_api to None, run_after=None
[2025-06-25T01:20:01.147+0200] {processor.py:179} INFO - Processing /home/atef/.local/lib/python3.9/site-packages/airflow/example_dags/tutorial_taskflow_api.py took 0.365 seconds
[2025-06-25T01:21:47.793+0200] {processor.py:157} INFO - Started process (PID=176859) to work on /home/atef/.local/lib/python3.9/site-packages/airflow/example_dags/tutorial_taskflow_api.py
[2025-06-25T01:21:47.809+0200] {processor.py:826} INFO - Processing file /home/atef/.local/lib/python3.9/site-packages/airflow/example_dags/tutorial_taskflow_api.py for tasks to queue
[2025-06-25T01:21:47.812+0200] {logging_mixin.py:149} INFO - [2025-06-25T01:21:47.812+0200] {dagbag.py:541} INFO - Filling up the DagBag from /home/atef/.local/lib/python3.9/site-packages/airflow/example_dags/tutorial_taskflow_api.py
[2025-06-25T01:21:47.878+0200] {processor.py:836} INFO - DAG(s) dict_keys(['tutorial_taskflow_api']) retrieved from /home/atef/.local/lib/python3.9/site-packages/airflow/example_dags/tutorial_taskflow_api.py
[2025-06-25T01:21:48.108+0200] {logging_mixin.py:149} INFO - [2025-06-25T01:21:48.108+0200] {dag.py:2726} INFO - Sync 1 DAGs
[2025-06-25T01:21:48.244+0200] {logging_mixin.py:149} INFO - [2025-06-25T01:21:48.243+0200] {dag.py:3486} INFO - Setting next_dagrun for tutorial_taskflow_api to None, run_after=None
[2025-06-25T01:21:48.412+0200] {processor.py:179} INFO - Processing /home/atef/.local/lib/python3.9/site-packages/airflow/example_dags/tutorial_taskflow_api.py took 0.678 seconds
[2025-06-25T01:22:26.465+0200] {processor.py:157} INFO - Started process (PID=177062) to work on /home/atef/.local/lib/python3.9/site-packages/airflow/example_dags/tutorial_taskflow_api.py
[2025-06-25T01:22:26.528+0200] {processor.py:826} INFO - Processing file /home/atef/.local/lib/python3.9/site-packages/airflow/example_dags/tutorial_taskflow_api.py for tasks to queue
[2025-06-25T01:22:26.533+0200] {logging_mixin.py:149} INFO - [2025-06-25T01:22:26.532+0200] {dagbag.py:541} INFO - Filling up the DagBag from /home/atef/.local/lib/python3.9/site-packages/airflow/example_dags/tutorial_taskflow_api.py
[2025-06-25T01:22:26.560+0200] {processor.py:836} INFO - DAG(s) dict_keys(['tutorial_taskflow_api']) retrieved from /home/atef/.local/lib/python3.9/site-packages/airflow/example_dags/tutorial_taskflow_api.py
[2025-06-25T01:22:26.760+0200] {logging_mixin.py:149} INFO - [2025-06-25T01:22:26.760+0200] {dag.py:2726} INFO - Sync 1 DAGs
[2025-06-25T01:22:26.825+0200] {logging_mixin.py:149} INFO - [2025-06-25T01:22:26.825+0200] {dag.py:3486} INFO - Setting next_dagrun for tutorial_taskflow_api to None, run_after=None
[2025-06-25T01:22:26.875+0200] {processor.py:179} INFO - Processing /home/atef/.local/lib/python3.9/site-packages/airflow/example_dags/tutorial_taskflow_api.py took 0.425 seconds
[2025-06-25T01:23:46.480+0200] {processor.py:157} INFO - Started process (PID=177443) to work on /home/atef/.local/lib/python3.9/site-packages/airflow/example_dags/tutorial_taskflow_api.py
[2025-06-25T01:23:46.514+0200] {processor.py:826} INFO - Processing file /home/atef/.local/lib/python3.9/site-packages/airflow/example_dags/tutorial_taskflow_api.py for tasks to queue
[2025-06-25T01:23:46.521+0200] {logging_mixin.py:149} INFO - [2025-06-25T01:23:46.520+0200] {dagbag.py:541} INFO - Filling up the DagBag from /home/atef/.local/lib/python3.9/site-packages/airflow/example_dags/tutorial_taskflow_api.py
[2025-06-25T01:23:46.662+0200] {processor.py:836} INFO - DAG(s) dict_keys(['tutorial_taskflow_api']) retrieved from /home/atef/.local/lib/python3.9/site-packages/airflow/example_dags/tutorial_taskflow_api.py
[2025-06-25T01:23:46.932+0200] {logging_mixin.py:149} INFO - [2025-06-25T01:23:46.932+0200] {dag.py:2726} INFO - Sync 1 DAGs
[2025-06-25T01:23:47.100+0200] {logging_mixin.py:149} INFO - [2025-06-25T01:23:47.100+0200] {dag.py:3486} INFO - Setting next_dagrun for tutorial_taskflow_api to None, run_after=None
[2025-06-25T01:23:47.193+0200] {processor.py:179} INFO - Processing /home/atef/.local/lib/python3.9/site-packages/airflow/example_dags/tutorial_taskflow_api.py took 0.830 seconds
[2025-06-25T01:24:46.934+0200] {processor.py:157} INFO - Started process (PID=178026) to work on /home/atef/.local/lib/python3.9/site-packages/airflow/example_dags/tutorial_taskflow_api.py
[2025-06-25T01:24:46.977+0200] {processor.py:826} INFO - Processing file /home/atef/.local/lib/python3.9/site-packages/airflow/example_dags/tutorial_taskflow_api.py for tasks to queue
[2025-06-25T01:24:46.989+0200] {logging_mixin.py:149} INFO - [2025-06-25T01:24:46.986+0200] {dagbag.py:541} INFO - Filling up the DagBag from /home/atef/.local/lib/python3.9/site-packages/airflow/example_dags/tutorial_taskflow_api.py
[2025-06-25T01:24:47.040+0200] {processor.py:836} INFO - DAG(s) dict_keys(['tutorial_taskflow_api']) retrieved from /home/atef/.local/lib/python3.9/site-packages/airflow/example_dags/tutorial_taskflow_api.py
[2025-06-25T01:24:47.219+0200] {logging_mixin.py:149} INFO - [2025-06-25T01:24:47.218+0200] {dag.py:2726} INFO - Sync 1 DAGs
[2025-06-25T01:24:47.281+0200] {logging_mixin.py:149} INFO - [2025-06-25T01:24:47.280+0200] {dag.py:3486} INFO - Setting next_dagrun for tutorial_taskflow_api to None, run_after=None
[2025-06-25T01:24:47.329+0200] {processor.py:179} INFO - Processing /home/atef/.local/lib/python3.9/site-packages/airflow/example_dags/tutorial_taskflow_api.py took 0.443 seconds
[2025-06-25T01:26:03.835+0200] {processor.py:157} INFO - Started process (PID=178642) to work on /home/atef/.local/lib/python3.9/site-packages/airflow/example_dags/tutorial_taskflow_api.py
[2025-06-25T01:26:03.841+0200] {processor.py:826} INFO - Processing file /home/atef/.local/lib/python3.9/site-packages/airflow/example_dags/tutorial_taskflow_api.py for tasks to queue
[2025-06-25T01:26:03.844+0200] {logging_mixin.py:149} INFO - [2025-06-25T01:26:03.843+0200] {dagbag.py:541} INFO - Filling up the DagBag from /home/atef/.local/lib/python3.9/site-packages/airflow/example_dags/tutorial_taskflow_api.py
[2025-06-25T01:26:03.866+0200] {processor.py:836} INFO - DAG(s) dict_keys(['tutorial_taskflow_api']) retrieved from /home/atef/.local/lib/python3.9/site-packages/airflow/example_dags/tutorial_taskflow_api.py
[2025-06-25T01:26:03.938+0200] {logging_mixin.py:149} INFO - [2025-06-25T01:26:03.938+0200] {dag.py:2726} INFO - Sync 1 DAGs
[2025-06-25T01:26:03.991+0200] {logging_mixin.py:149} INFO - [2025-06-25T01:26:03.991+0200] {dag.py:3486} INFO - Setting next_dagrun for tutorial_taskflow_api to None, run_after=None
[2025-06-25T01:26:04.036+0200] {processor.py:179} INFO - Processing /home/atef/.local/lib/python3.9/site-packages/airflow/example_dags/tutorial_taskflow_api.py took 0.215 seconds
[2025-06-25T01:27:07.990+0200] {processor.py:157} INFO - Started process (PID=179102) to work on /home/atef/.local/lib/python3.9/site-packages/airflow/example_dags/tutorial_taskflow_api.py
[2025-06-25T01:27:07.995+0200] {processor.py:826} INFO - Processing file /home/atef/.local/lib/python3.9/site-packages/airflow/example_dags/tutorial_taskflow_api.py for tasks to queue
[2025-06-25T01:27:07.997+0200] {logging_mixin.py:149} INFO - [2025-06-25T01:27:07.997+0200] {dagbag.py:541} INFO - Filling up the DagBag from /home/atef/.local/lib/python3.9/site-packages/airflow/example_dags/tutorial_taskflow_api.py
[2025-06-25T01:27:08.021+0200] {processor.py:836} INFO - DAG(s) dict_keys(['tutorial_taskflow_api']) retrieved from /home/atef/.local/lib/python3.9/site-packages/airflow/example_dags/tutorial_taskflow_api.py
[2025-06-25T01:27:08.100+0200] {logging_mixin.py:149} INFO - [2025-06-25T01:27:08.099+0200] {dag.py:2726} INFO - Sync 1 DAGs
[2025-06-25T01:27:08.146+0200] {logging_mixin.py:149} INFO - [2025-06-25T01:27:08.146+0200] {dag.py:3486} INFO - Setting next_dagrun for tutorial_taskflow_api to None, run_after=None
[2025-06-25T01:27:08.194+0200] {processor.py:179} INFO - Processing /home/atef/.local/lib/python3.9/site-packages/airflow/example_dags/tutorial_taskflow_api.py took 0.219 seconds
[2025-06-25T01:28:53.645+0200] {processor.py:157} INFO - Started process (PID=180072) to work on /home/atef/.local/lib/python3.9/site-packages/airflow/example_dags/tutorial_taskflow_api.py
[2025-06-25T01:28:53.652+0200] {processor.py:826} INFO - Processing file /home/atef/.local/lib/python3.9/site-packages/airflow/example_dags/tutorial_taskflow_api.py for tasks to queue
[2025-06-25T01:28:53.659+0200] {logging_mixin.py:149} INFO - [2025-06-25T01:28:53.656+0200] {dagbag.py:541} INFO - Filling up the DagBag from /home/atef/.local/lib/python3.9/site-packages/airflow/example_dags/tutorial_taskflow_api.py
[2025-06-25T01:28:53.695+0200] {processor.py:836} INFO - DAG(s) dict_keys(['tutorial_taskflow_api']) retrieved from /home/atef/.local/lib/python3.9/site-packages/airflow/example_dags/tutorial_taskflow_api.py
[2025-06-25T01:28:53.786+0200] {logging_mixin.py:149} INFO - [2025-06-25T01:28:53.785+0200] {dag.py:2726} INFO - Sync 1 DAGs
[2025-06-25T01:28:53.851+0200] {logging_mixin.py:149} INFO - [2025-06-25T01:28:53.850+0200] {dag.py:3486} INFO - Setting next_dagrun for tutorial_taskflow_api to None, run_after=None
[2025-06-25T01:28:53.909+0200] {processor.py:179} INFO - Processing /home/atef/.local/lib/python3.9/site-packages/airflow/example_dags/tutorial_taskflow_api.py took 0.299 seconds
[2025-06-25T01:29:59.475+0200] {processor.py:157} INFO - Started process (PID=180404) to work on /home/atef/.local/lib/python3.9/site-packages/airflow/example_dags/tutorial_taskflow_api.py
[2025-06-25T01:29:59.493+0200] {processor.py:826} INFO - Processing file /home/atef/.local/lib/python3.9/site-packages/airflow/example_dags/tutorial_taskflow_api.py for tasks to queue
[2025-06-25T01:29:59.502+0200] {logging_mixin.py:149} INFO - [2025-06-25T01:29:59.501+0200] {dagbag.py:541} INFO - Filling up the DagBag from /home/atef/.local/lib/python3.9/site-packages/airflow/example_dags/tutorial_taskflow_api.py
[2025-06-25T01:29:59.613+0200] {processor.py:836} INFO - DAG(s) dict_keys(['tutorial_taskflow_api']) retrieved from /home/atef/.local/lib/python3.9/site-packages/airflow/example_dags/tutorial_taskflow_api.py
[2025-06-25T01:29:59.841+0200] {logging_mixin.py:149} INFO - [2025-06-25T01:29:59.841+0200] {dag.py:2726} INFO - Sync 1 DAGs
[2025-06-25T01:29:59.998+0200] {logging_mixin.py:149} INFO - [2025-06-25T01:29:59.997+0200] {dag.py:3486} INFO - Setting next_dagrun for tutorial_taskflow_api to None, run_after=None
[2025-06-25T01:30:00.108+0200] {processor.py:179} INFO - Processing /home/atef/.local/lib/python3.9/site-packages/airflow/example_dags/tutorial_taskflow_api.py took 0.744 seconds
[2025-06-25T01:30:55.531+0200] {processor.py:157} INFO - Started process (PID=181003) to work on /home/atef/.local/lib/python3.9/site-packages/airflow/example_dags/tutorial_taskflow_api.py
[2025-06-25T01:30:55.576+0200] {processor.py:826} INFO - Processing file /home/atef/.local/lib/python3.9/site-packages/airflow/example_dags/tutorial_taskflow_api.py for tasks to queue
[2025-06-25T01:30:55.579+0200] {logging_mixin.py:149} INFO - [2025-06-25T01:30:55.579+0200] {dagbag.py:541} INFO - Filling up the DagBag from /home/atef/.local/lib/python3.9/site-packages/airflow/example_dags/tutorial_taskflow_api.py
[2025-06-25T01:30:55.689+0200] {processor.py:836} INFO - DAG(s) dict_keys(['tutorial_taskflow_api']) retrieved from /home/atef/.local/lib/python3.9/site-packages/airflow/example_dags/tutorial_taskflow_api.py
[2025-06-25T01:30:55.919+0200] {logging_mixin.py:149} INFO - [2025-06-25T01:30:55.918+0200] {dag.py:2726} INFO - Sync 1 DAGs
[2025-06-25T01:30:56.102+0200] {logging_mixin.py:149} INFO - [2025-06-25T01:30:56.102+0200] {dag.py:3486} INFO - Setting next_dagrun for tutorial_taskflow_api to None, run_after=None
[2025-06-25T01:30:56.271+0200] {processor.py:179} INFO - Processing /home/atef/.local/lib/python3.9/site-packages/airflow/example_dags/tutorial_taskflow_api.py took 0.811 seconds
[2025-06-25T01:31:44.176+0200] {processor.py:157} INFO - Started process (PID=181177) to work on /home/atef/.local/lib/python3.9/site-packages/airflow/example_dags/tutorial_taskflow_api.py
[2025-06-25T01:31:44.181+0200] {processor.py:826} INFO - Processing file /home/atef/.local/lib/python3.9/site-packages/airflow/example_dags/tutorial_taskflow_api.py for tasks to queue
[2025-06-25T01:31:44.184+0200] {logging_mixin.py:149} INFO - [2025-06-25T01:31:44.183+0200] {dagbag.py:541} INFO - Filling up the DagBag from /home/atef/.local/lib/python3.9/site-packages/airflow/example_dags/tutorial_taskflow_api.py
[2025-06-25T01:31:44.214+0200] {processor.py:836} INFO - DAG(s) dict_keys(['tutorial_taskflow_api']) retrieved from /home/atef/.local/lib/python3.9/site-packages/airflow/example_dags/tutorial_taskflow_api.py
[2025-06-25T01:31:44.334+0200] {logging_mixin.py:149} INFO - [2025-06-25T01:31:44.333+0200] {dag.py:2726} INFO - Sync 1 DAGs
[2025-06-25T01:31:44.409+0200] {logging_mixin.py:149} INFO - [2025-06-25T01:31:44.408+0200] {dag.py:3486} INFO - Setting next_dagrun for tutorial_taskflow_api to None, run_after=None
[2025-06-25T01:31:44.455+0200] {processor.py:179} INFO - Processing /home/atef/.local/lib/python3.9/site-packages/airflow/example_dags/tutorial_taskflow_api.py took 0.296 seconds
[2025-06-25T01:32:52.886+0200] {processor.py:157} INFO - Started process (PID=181488) to work on /home/atef/.local/lib/python3.9/site-packages/airflow/example_dags/tutorial_taskflow_api.py
[2025-06-25T01:32:52.894+0200] {processor.py:826} INFO - Processing file /home/atef/.local/lib/python3.9/site-packages/airflow/example_dags/tutorial_taskflow_api.py for tasks to queue
[2025-06-25T01:32:52.897+0200] {logging_mixin.py:149} INFO - [2025-06-25T01:32:52.896+0200] {dagbag.py:541} INFO - Filling up the DagBag from /home/atef/.local/lib/python3.9/site-packages/airflow/example_dags/tutorial_taskflow_api.py
[2025-06-25T01:32:52.925+0200] {processor.py:836} INFO - DAG(s) dict_keys(['tutorial_taskflow_api']) retrieved from /home/atef/.local/lib/python3.9/site-packages/airflow/example_dags/tutorial_taskflow_api.py
[2025-06-25T01:32:53.009+0200] {logging_mixin.py:149} INFO - [2025-06-25T01:32:53.009+0200] {dag.py:2726} INFO - Sync 1 DAGs
[2025-06-25T01:32:53.053+0200] {logging_mixin.py:149} INFO - [2025-06-25T01:32:53.052+0200] {dag.py:3486} INFO - Setting next_dagrun for tutorial_taskflow_api to None, run_after=None
[2025-06-25T01:32:53.098+0200] {processor.py:179} INFO - Processing /home/atef/.local/lib/python3.9/site-packages/airflow/example_dags/tutorial_taskflow_api.py took 0.230 seconds
[2025-06-25T01:33:56.736+0200] {processor.py:157} INFO - Started process (PID=181820) to work on /home/atef/.local/lib/python3.9/site-packages/airflow/example_dags/tutorial_taskflow_api.py
[2025-06-25T01:33:56.777+0200] {processor.py:826} INFO - Processing file /home/atef/.local/lib/python3.9/site-packages/airflow/example_dags/tutorial_taskflow_api.py for tasks to queue
[2025-06-25T01:33:56.797+0200] {logging_mixin.py:149} INFO - [2025-06-25T01:33:56.797+0200] {dagbag.py:541} INFO - Filling up the DagBag from /home/atef/.local/lib/python3.9/site-packages/airflow/example_dags/tutorial_taskflow_api.py
[2025-06-25T01:33:57.171+0200] {processor.py:836} INFO - DAG(s) dict_keys(['tutorial_taskflow_api']) retrieved from /home/atef/.local/lib/python3.9/site-packages/airflow/example_dags/tutorial_taskflow_api.py
[2025-06-25T01:33:58.217+0200] {logging_mixin.py:149} INFO - [2025-06-25T01:33:58.217+0200] {dag.py:2726} INFO - Sync 1 DAGs
[2025-06-25T01:33:58.893+0200] {logging_mixin.py:149} INFO - [2025-06-25T01:33:58.889+0200] {dag.py:3486} INFO - Setting next_dagrun for tutorial_taskflow_api to None, run_after=None
[2025-06-25T01:33:59.205+0200] {processor.py:179} INFO - Processing /home/atef/.local/lib/python3.9/site-packages/airflow/example_dags/tutorial_taskflow_api.py took 2.658 seconds
[2025-06-25T01:35:08.507+0200] {processor.py:157} INFO - Started process (PID=182271) to work on /home/atef/.local/lib/python3.9/site-packages/airflow/example_dags/tutorial_taskflow_api.py
[2025-06-25T01:35:08.521+0200] {processor.py:826} INFO - Processing file /home/atef/.local/lib/python3.9/site-packages/airflow/example_dags/tutorial_taskflow_api.py for tasks to queue
[2025-06-25T01:35:08.526+0200] {logging_mixin.py:149} INFO - [2025-06-25T01:35:08.526+0200] {dagbag.py:541} INFO - Filling up the DagBag from /home/atef/.local/lib/python3.9/site-packages/airflow/example_dags/tutorial_taskflow_api.py
[2025-06-25T01:35:08.638+0200] {processor.py:836} INFO - DAG(s) dict_keys(['tutorial_taskflow_api']) retrieved from /home/atef/.local/lib/python3.9/site-packages/airflow/example_dags/tutorial_taskflow_api.py
[2025-06-25T01:35:09.019+0200] {logging_mixin.py:149} INFO - [2025-06-25T01:35:09.018+0200] {dag.py:2726} INFO - Sync 1 DAGs
[2025-06-25T01:35:09.204+0200] {logging_mixin.py:149} INFO - [2025-06-25T01:35:09.202+0200] {dag.py:3486} INFO - Setting next_dagrun for tutorial_taskflow_api to None, run_after=None
[2025-06-25T01:35:09.391+0200] {processor.py:179} INFO - Processing /home/atef/.local/lib/python3.9/site-packages/airflow/example_dags/tutorial_taskflow_api.py took 0.932 seconds
[2025-06-25T01:37:23.183+0200] {processor.py:157} INFO - Started process (PID=182975) to work on /home/atef/.local/lib/python3.9/site-packages/airflow/example_dags/tutorial_taskflow_api.py
[2025-06-25T01:37:23.214+0200] {processor.py:826} INFO - Processing file /home/atef/.local/lib/python3.9/site-packages/airflow/example_dags/tutorial_taskflow_api.py for tasks to queue
[2025-06-25T01:37:23.231+0200] {logging_mixin.py:149} INFO - [2025-06-25T01:37:23.230+0200] {dagbag.py:541} INFO - Filling up the DagBag from /home/atef/.local/lib/python3.9/site-packages/airflow/example_dags/tutorial_taskflow_api.py
[2025-06-25T01:37:23.473+0200] {processor.py:836} INFO - DAG(s) dict_keys(['tutorial_taskflow_api']) retrieved from /home/atef/.local/lib/python3.9/site-packages/airflow/example_dags/tutorial_taskflow_api.py
[2025-06-25T01:37:24.178+0200] {logging_mixin.py:149} INFO - [2025-06-25T01:37:24.172+0200] {dag.py:2726} INFO - Sync 1 DAGs
[2025-06-25T01:37:24.498+0200] {logging_mixin.py:149} INFO - [2025-06-25T01:37:24.484+0200] {dag.py:3486} INFO - Setting next_dagrun for tutorial_taskflow_api to None, run_after=None
[2025-06-25T01:37:24.708+0200] {processor.py:179} INFO - Processing /home/atef/.local/lib/python3.9/site-packages/airflow/example_dags/tutorial_taskflow_api.py took 1.665 seconds
[2025-06-25T01:38:53.665+0200] {processor.py:157} INFO - Started process (PID=183639) to work on /home/atef/.local/lib/python3.9/site-packages/airflow/example_dags/tutorial_taskflow_api.py
[2025-06-25T01:38:53.679+0200] {processor.py:826} INFO - Processing file /home/atef/.local/lib/python3.9/site-packages/airflow/example_dags/tutorial_taskflow_api.py for tasks to queue
[2025-06-25T01:38:53.686+0200] {logging_mixin.py:149} INFO - [2025-06-25T01:38:53.686+0200] {dagbag.py:541} INFO - Filling up the DagBag from /home/atef/.local/lib/python3.9/site-packages/airflow/example_dags/tutorial_taskflow_api.py
[2025-06-25T01:38:53.760+0200] {processor.py:836} INFO - DAG(s) dict_keys(['tutorial_taskflow_api']) retrieved from /home/atef/.local/lib/python3.9/site-packages/airflow/example_dags/tutorial_taskflow_api.py
[2025-06-25T01:38:53.928+0200] {logging_mixin.py:149} INFO - [2025-06-25T01:38:53.928+0200] {dag.py:2726} INFO - Sync 1 DAGs
[2025-06-25T01:38:53.991+0200] {logging_mixin.py:149} INFO - [2025-06-25T01:38:53.991+0200] {dag.py:3486} INFO - Setting next_dagrun for tutorial_taskflow_api to None, run_after=None
[2025-06-25T01:38:54.039+0200] {processor.py:179} INFO - Processing /home/atef/.local/lib/python3.9/site-packages/airflow/example_dags/tutorial_taskflow_api.py took 0.394 seconds
[2025-06-25T01:40:03.002+0200] {processor.py:157} INFO - Started process (PID=183748) to work on /home/atef/.local/lib/python3.9/site-packages/airflow/example_dags/tutorial_taskflow_api.py
[2025-06-25T01:40:03.006+0200] {processor.py:826} INFO - Processing file /home/atef/.local/lib/python3.9/site-packages/airflow/example_dags/tutorial_taskflow_api.py for tasks to queue
[2025-06-25T01:40:03.009+0200] {logging_mixin.py:149} INFO - [2025-06-25T01:40:03.008+0200] {dagbag.py:541} INFO - Filling up the DagBag from /home/atef/.local/lib/python3.9/site-packages/airflow/example_dags/tutorial_taskflow_api.py
[2025-06-25T01:40:03.036+0200] {processor.py:836} INFO - DAG(s) dict_keys(['tutorial_taskflow_api']) retrieved from /home/atef/.local/lib/python3.9/site-packages/airflow/example_dags/tutorial_taskflow_api.py
[2025-06-25T01:40:03.115+0200] {logging_mixin.py:149} INFO - [2025-06-25T01:40:03.114+0200] {dag.py:2726} INFO - Sync 1 DAGs
[2025-06-25T01:40:03.171+0200] {logging_mixin.py:149} INFO - [2025-06-25T01:40:03.171+0200] {dag.py:3486} INFO - Setting next_dagrun for tutorial_taskflow_api to None, run_after=None
[2025-06-25T01:40:03.227+0200] {processor.py:179} INFO - Processing /home/atef/.local/lib/python3.9/site-packages/airflow/example_dags/tutorial_taskflow_api.py took 0.241 seconds
[2025-06-25T01:40:53.881+0200] {processor.py:157} INFO - Started process (PID=183896) to work on /home/atef/.local/lib/python3.9/site-packages/airflow/example_dags/tutorial_taskflow_api.py
[2025-06-25T01:40:53.886+0200] {processor.py:826} INFO - Processing file /home/atef/.local/lib/python3.9/site-packages/airflow/example_dags/tutorial_taskflow_api.py for tasks to queue
[2025-06-25T01:40:53.888+0200] {logging_mixin.py:149} INFO - [2025-06-25T01:40:53.888+0200] {dagbag.py:541} INFO - Filling up the DagBag from /home/atef/.local/lib/python3.9/site-packages/airflow/example_dags/tutorial_taskflow_api.py
[2025-06-25T01:40:53.913+0200] {processor.py:836} INFO - DAG(s) dict_keys(['tutorial_taskflow_api']) retrieved from /home/atef/.local/lib/python3.9/site-packages/airflow/example_dags/tutorial_taskflow_api.py
[2025-06-25T01:40:53.985+0200] {logging_mixin.py:149} INFO - [2025-06-25T01:40:53.985+0200] {dag.py:2726} INFO - Sync 1 DAGs
[2025-06-25T01:40:54.033+0200] {logging_mixin.py:149} INFO - [2025-06-25T01:40:54.033+0200] {dag.py:3486} INFO - Setting next_dagrun for tutorial_taskflow_api to None, run_after=None
[2025-06-25T01:40:54.210+0200] {processor.py:179} INFO - Processing /home/atef/.local/lib/python3.9/site-packages/airflow/example_dags/tutorial_taskflow_api.py took 0.344 seconds
[2025-06-25T01:45:10.479+0200] {processor.py:157} INFO - Started process (PID=187232) to work on /home/atef/.local/lib/python3.9/site-packages/airflow/example_dags/tutorial_taskflow_api.py
[2025-06-25T01:45:10.485+0200] {processor.py:826} INFO - Processing file /home/atef/.local/lib/python3.9/site-packages/airflow/example_dags/tutorial_taskflow_api.py for tasks to queue
[2025-06-25T01:45:10.488+0200] {logging_mixin.py:149} INFO - [2025-06-25T01:45:10.488+0200] {dagbag.py:541} INFO - Filling up the DagBag from /home/atef/.local/lib/python3.9/site-packages/airflow/example_dags/tutorial_taskflow_api.py
[2025-06-25T01:45:10.524+0200] {processor.py:836} INFO - DAG(s) dict_keys(['tutorial_taskflow_api']) retrieved from /home/atef/.local/lib/python3.9/site-packages/airflow/example_dags/tutorial_taskflow_api.py
[2025-06-25T01:45:10.647+0200] {logging_mixin.py:149} INFO - [2025-06-25T01:45:10.646+0200] {dag.py:2726} INFO - Sync 1 DAGs
[2025-06-25T01:45:10.716+0200] {logging_mixin.py:149} INFO - [2025-06-25T01:45:10.715+0200] {dag.py:3486} INFO - Setting next_dagrun for tutorial_taskflow_api to None, run_after=None
[2025-06-25T01:45:10.811+0200] {processor.py:179} INFO - Processing /home/atef/.local/lib/python3.9/site-packages/airflow/example_dags/tutorial_taskflow_api.py took 0.348 seconds
[2025-06-25T01:46:28.133+0200] {processor.py:157} INFO - Started process (PID=187791) to work on /home/atef/.local/lib/python3.9/site-packages/airflow/example_dags/tutorial_taskflow_api.py
[2025-06-25T01:46:28.144+0200] {processor.py:826} INFO - Processing file /home/atef/.local/lib/python3.9/site-packages/airflow/example_dags/tutorial_taskflow_api.py for tasks to queue
[2025-06-25T01:46:28.150+0200] {logging_mixin.py:149} INFO - [2025-06-25T01:46:28.149+0200] {dagbag.py:541} INFO - Filling up the DagBag from /home/atef/.local/lib/python3.9/site-packages/airflow/example_dags/tutorial_taskflow_api.py
[2025-06-25T01:46:28.210+0200] {processor.py:836} INFO - DAG(s) dict_keys(['tutorial_taskflow_api']) retrieved from /home/atef/.local/lib/python3.9/site-packages/airflow/example_dags/tutorial_taskflow_api.py
[2025-06-25T01:46:28.354+0200] {logging_mixin.py:149} INFO - [2025-06-25T01:46:28.353+0200] {dag.py:2726} INFO - Sync 1 DAGs
[2025-06-25T01:46:28.405+0200] {logging_mixin.py:149} INFO - [2025-06-25T01:46:28.404+0200] {dag.py:3486} INFO - Setting next_dagrun for tutorial_taskflow_api to None, run_after=None
[2025-06-25T01:46:28.450+0200] {processor.py:179} INFO - Processing /home/atef/.local/lib/python3.9/site-packages/airflow/example_dags/tutorial_taskflow_api.py took 0.359 seconds
[2025-06-25T01:47:12.362+0200] {processor.py:157} INFO - Started process (PID=188178) to work on /home/atef/.local/lib/python3.9/site-packages/airflow/example_dags/tutorial_taskflow_api.py
[2025-06-25T01:47:12.368+0200] {processor.py:826} INFO - Processing file /home/atef/.local/lib/python3.9/site-packages/airflow/example_dags/tutorial_taskflow_api.py for tasks to queue
[2025-06-25T01:47:12.371+0200] {logging_mixin.py:149} INFO - [2025-06-25T01:47:12.371+0200] {dagbag.py:541} INFO - Filling up the DagBag from /home/atef/.local/lib/python3.9/site-packages/airflow/example_dags/tutorial_taskflow_api.py
[2025-06-25T01:47:12.399+0200] {processor.py:836} INFO - DAG(s) dict_keys(['tutorial_taskflow_api']) retrieved from /home/atef/.local/lib/python3.9/site-packages/airflow/example_dags/tutorial_taskflow_api.py
[2025-06-25T01:47:12.484+0200] {logging_mixin.py:149} INFO - [2025-06-25T01:47:12.484+0200] {dag.py:2726} INFO - Sync 1 DAGs
[2025-06-25T01:47:12.537+0200] {logging_mixin.py:149} INFO - [2025-06-25T01:47:12.537+0200] {dag.py:3486} INFO - Setting next_dagrun for tutorial_taskflow_api to None, run_after=None
[2025-06-25T01:47:12.582+0200] {processor.py:179} INFO - Processing /home/atef/.local/lib/python3.9/site-packages/airflow/example_dags/tutorial_taskflow_api.py took 0.238 seconds
[2025-06-25T01:48:04.748+0200] {processor.py:157} INFO - Started process (PID=188444) to work on /home/atef/.local/lib/python3.9/site-packages/airflow/example_dags/tutorial_taskflow_api.py
[2025-06-25T01:48:04.754+0200] {processor.py:826} INFO - Processing file /home/atef/.local/lib/python3.9/site-packages/airflow/example_dags/tutorial_taskflow_api.py for tasks to queue
[2025-06-25T01:48:04.756+0200] {logging_mixin.py:149} INFO - [2025-06-25T01:48:04.756+0200] {dagbag.py:541} INFO - Filling up the DagBag from /home/atef/.local/lib/python3.9/site-packages/airflow/example_dags/tutorial_taskflow_api.py
[2025-06-25T01:48:04.778+0200] {processor.py:836} INFO - DAG(s) dict_keys(['tutorial_taskflow_api']) retrieved from /home/atef/.local/lib/python3.9/site-packages/airflow/example_dags/tutorial_taskflow_api.py
[2025-06-25T01:48:04.866+0200] {logging_mixin.py:149} INFO - [2025-06-25T01:48:04.865+0200] {dag.py:2726} INFO - Sync 1 DAGs
[2025-06-25T01:48:04.919+0200] {logging_mixin.py:149} INFO - [2025-06-25T01:48:04.919+0200] {dag.py:3486} INFO - Setting next_dagrun for tutorial_taskflow_api to None, run_after=None
[2025-06-25T01:48:04.962+0200] {processor.py:179} INFO - Processing /home/atef/.local/lib/python3.9/site-packages/airflow/example_dags/tutorial_taskflow_api.py took 0.229 seconds
[2025-06-25T01:49:12.644+0200] {processor.py:157} INFO - Started process (PID=189123) to work on /home/atef/.local/lib/python3.9/site-packages/airflow/example_dags/tutorial_taskflow_api.py
[2025-06-25T01:49:12.658+0200] {processor.py:826} INFO - Processing file /home/atef/.local/lib/python3.9/site-packages/airflow/example_dags/tutorial_taskflow_api.py for tasks to queue
[2025-06-25T01:49:12.663+0200] {logging_mixin.py:149} INFO - [2025-06-25T01:49:12.662+0200] {dagbag.py:541} INFO - Filling up the DagBag from /home/atef/.local/lib/python3.9/site-packages/airflow/example_dags/tutorial_taskflow_api.py
[2025-06-25T01:49:12.781+0200] {processor.py:836} INFO - DAG(s) dict_keys(['tutorial_taskflow_api']) retrieved from /home/atef/.local/lib/python3.9/site-packages/airflow/example_dags/tutorial_taskflow_api.py
[2025-06-25T01:49:13.568+0200] {logging_mixin.py:149} INFO - [2025-06-25T01:49:13.565+0200] {dag.py:2726} INFO - Sync 1 DAGs
[2025-06-25T01:49:13.890+0200] {logging_mixin.py:149} INFO - [2025-06-25T01:49:13.890+0200] {dag.py:3486} INFO - Setting next_dagrun for tutorial_taskflow_api to None, run_after=None
[2025-06-25T01:49:14.089+0200] {processor.py:179} INFO - Processing /home/atef/.local/lib/python3.9/site-packages/airflow/example_dags/tutorial_taskflow_api.py took 1.506 seconds
[2025-06-25T01:50:05.578+0200] {processor.py:157} INFO - Started process (PID=189364) to work on /home/atef/.local/lib/python3.9/site-packages/airflow/example_dags/tutorial_taskflow_api.py
[2025-06-25T01:50:05.588+0200] {processor.py:826} INFO - Processing file /home/atef/.local/lib/python3.9/site-packages/airflow/example_dags/tutorial_taskflow_api.py for tasks to queue
[2025-06-25T01:50:05.593+0200] {logging_mixin.py:149} INFO - [2025-06-25T01:50:05.593+0200] {dagbag.py:541} INFO - Filling up the DagBag from /home/atef/.local/lib/python3.9/site-packages/airflow/example_dags/tutorial_taskflow_api.py
[2025-06-25T01:50:05.634+0200] {processor.py:836} INFO - DAG(s) dict_keys(['tutorial_taskflow_api']) retrieved from /home/atef/.local/lib/python3.9/site-packages/airflow/example_dags/tutorial_taskflow_api.py
[2025-06-25T01:50:05.801+0200] {logging_mixin.py:149} INFO - [2025-06-25T01:50:05.800+0200] {dag.py:2726} INFO - Sync 1 DAGs
[2025-06-25T01:50:05.957+0200] {logging_mixin.py:149} INFO - [2025-06-25T01:50:05.956+0200] {dag.py:3486} INFO - Setting next_dagrun for tutorial_taskflow_api to None, run_after=None
[2025-06-25T01:50:06.136+0200] {processor.py:179} INFO - Processing /home/atef/.local/lib/python3.9/site-packages/airflow/example_dags/tutorial_taskflow_api.py took 0.593 seconds
[2025-06-25T01:51:50.623+0200] {processor.py:157} INFO - Started process (PID=189814) to work on /home/atef/.local/lib/python3.9/site-packages/airflow/example_dags/tutorial_taskflow_api.py
[2025-06-25T01:51:50.631+0200] {processor.py:826} INFO - Processing file /home/atef/.local/lib/python3.9/site-packages/airflow/example_dags/tutorial_taskflow_api.py for tasks to queue
[2025-06-25T01:51:50.636+0200] {logging_mixin.py:149} INFO - [2025-06-25T01:51:50.635+0200] {dagbag.py:541} INFO - Filling up the DagBag from /home/atef/.local/lib/python3.9/site-packages/airflow/example_dags/tutorial_taskflow_api.py
[2025-06-25T01:51:50.695+0200] {processor.py:836} INFO - DAG(s) dict_keys(['tutorial_taskflow_api']) retrieved from /home/atef/.local/lib/python3.9/site-packages/airflow/example_dags/tutorial_taskflow_api.py
[2025-06-25T01:51:50.925+0200] {logging_mixin.py:149} INFO - [2025-06-25T01:51:50.924+0200] {dag.py:2726} INFO - Sync 1 DAGs
[2025-06-25T01:51:51.385+0200] {logging_mixin.py:149} INFO - [2025-06-25T01:51:51.382+0200] {dag.py:3486} INFO - Setting next_dagrun for tutorial_taskflow_api to None, run_after=None
[2025-06-25T01:51:51.680+0200] {processor.py:179} INFO - Processing /home/atef/.local/lib/python3.9/site-packages/airflow/example_dags/tutorial_taskflow_api.py took 1.086 seconds
[2025-06-25T01:53:03.507+0200] {processor.py:157} INFO - Started process (PID=190083) to work on /home/atef/.local/lib/python3.9/site-packages/airflow/example_dags/tutorial_taskflow_api.py
[2025-06-25T01:53:03.562+0200] {processor.py:826} INFO - Processing file /home/atef/.local/lib/python3.9/site-packages/airflow/example_dags/tutorial_taskflow_api.py for tasks to queue
[2025-06-25T01:53:03.568+0200] {logging_mixin.py:149} INFO - [2025-06-25T01:53:03.566+0200] {dagbag.py:541} INFO - Filling up the DagBag from /home/atef/.local/lib/python3.9/site-packages/airflow/example_dags/tutorial_taskflow_api.py
[2025-06-25T01:53:04.692+0200] {processor.py:836} INFO - DAG(s) dict_keys(['tutorial_taskflow_api']) retrieved from /home/atef/.local/lib/python3.9/site-packages/airflow/example_dags/tutorial_taskflow_api.py
[2025-06-25T01:53:05.372+0200] {logging_mixin.py:149} INFO - [2025-06-25T01:53:05.370+0200] {dag.py:2726} INFO - Sync 1 DAGs
[2025-06-25T01:53:05.695+0200] {logging_mixin.py:149} INFO - [2025-06-25T01:53:05.695+0200] {dag.py:3486} INFO - Setting next_dagrun for tutorial_taskflow_api to None, run_after=None
[2025-06-25T01:53:06.027+0200] {processor.py:179} INFO - Processing /home/atef/.local/lib/python3.9/site-packages/airflow/example_dags/tutorial_taskflow_api.py took 2.900 seconds
[2025-06-25T01:55:08.977+0200] {processor.py:157} INFO - Started process (PID=190693) to work on /home/atef/.local/lib/python3.9/site-packages/airflow/example_dags/tutorial_taskflow_api.py
[2025-06-25T01:55:09.006+0200] {processor.py:826} INFO - Processing file /home/atef/.local/lib/python3.9/site-packages/airflow/example_dags/tutorial_taskflow_api.py for tasks to queue
[2025-06-25T01:55:09.017+0200] {logging_mixin.py:149} INFO - [2025-06-25T01:55:09.016+0200] {dagbag.py:541} INFO - Filling up the DagBag from /home/atef/.local/lib/python3.9/site-packages/airflow/example_dags/tutorial_taskflow_api.py
[2025-06-25T01:55:09.209+0200] {processor.py:836} INFO - DAG(s) dict_keys(['tutorial_taskflow_api']) retrieved from /home/atef/.local/lib/python3.9/site-packages/airflow/example_dags/tutorial_taskflow_api.py
[2025-06-25T01:55:09.680+0200] {logging_mixin.py:149} INFO - [2025-06-25T01:55:09.680+0200] {dag.py:2726} INFO - Sync 1 DAGs
[2025-06-25T01:55:09.893+0200] {logging_mixin.py:149} INFO - [2025-06-25T01:55:09.892+0200] {dag.py:3486} INFO - Setting next_dagrun for tutorial_taskflow_api to None, run_after=None
[2025-06-25T01:55:10.139+0200] {processor.py:179} INFO - Processing /home/atef/.local/lib/python3.9/site-packages/airflow/example_dags/tutorial_taskflow_api.py took 1.299 seconds
[2025-06-25T01:56:24.708+0200] {processor.py:157} INFO - Started process (PID=191141) to work on /home/atef/.local/lib/python3.9/site-packages/airflow/example_dags/tutorial_taskflow_api.py
[2025-06-25T01:56:24.720+0200] {processor.py:826} INFO - Processing file /home/atef/.local/lib/python3.9/site-packages/airflow/example_dags/tutorial_taskflow_api.py for tasks to queue
[2025-06-25T01:56:24.726+0200] {logging_mixin.py:149} INFO - [2025-06-25T01:56:24.726+0200] {dagbag.py:541} INFO - Filling up the DagBag from /home/atef/.local/lib/python3.9/site-packages/airflow/example_dags/tutorial_taskflow_api.py
[2025-06-25T01:56:24.798+0200] {processor.py:836} INFO - DAG(s) dict_keys(['tutorial_taskflow_api']) retrieved from /home/atef/.local/lib/python3.9/site-packages/airflow/example_dags/tutorial_taskflow_api.py
[2025-06-25T01:56:25.016+0200] {logging_mixin.py:149} INFO - [2025-06-25T01:56:25.015+0200] {dag.py:2726} INFO - Sync 1 DAGs
[2025-06-25T01:56:25.134+0200] {logging_mixin.py:149} INFO - [2025-06-25T01:56:25.128+0200] {dag.py:3486} INFO - Setting next_dagrun for tutorial_taskflow_api to None, run_after=None
[2025-06-25T01:56:25.270+0200] {processor.py:179} INFO - Processing /home/atef/.local/lib/python3.9/site-packages/airflow/example_dags/tutorial_taskflow_api.py took 0.614 seconds
[2025-06-25T01:57:41.738+0200] {processor.py:157} INFO - Started process (PID=191488) to work on /home/atef/.local/lib/python3.9/site-packages/airflow/example_dags/tutorial_taskflow_api.py
[2025-06-25T01:57:41.750+0200] {processor.py:826} INFO - Processing file /home/atef/.local/lib/python3.9/site-packages/airflow/example_dags/tutorial_taskflow_api.py for tasks to queue
[2025-06-25T01:57:41.755+0200] {logging_mixin.py:149} INFO - [2025-06-25T01:57:41.755+0200] {dagbag.py:541} INFO - Filling up the DagBag from /home/atef/.local/lib/python3.9/site-packages/airflow/example_dags/tutorial_taskflow_api.py
[2025-06-25T01:57:41.815+0200] {processor.py:836} INFO - DAG(s) dict_keys(['tutorial_taskflow_api']) retrieved from /home/atef/.local/lib/python3.9/site-packages/airflow/example_dags/tutorial_taskflow_api.py
[2025-06-25T01:57:41.955+0200] {logging_mixin.py:149} INFO - [2025-06-25T01:57:41.954+0200] {dag.py:2726} INFO - Sync 1 DAGs
[2025-06-25T01:57:42.062+0200] {logging_mixin.py:149} INFO - [2025-06-25T01:57:42.062+0200] {dag.py:3486} INFO - Setting next_dagrun for tutorial_taskflow_api to None, run_after=None
[2025-06-25T01:57:42.169+0200] {processor.py:179} INFO - Processing /home/atef/.local/lib/python3.9/site-packages/airflow/example_dags/tutorial_taskflow_api.py took 0.471 seconds
[2025-06-25T01:59:36.963+0200] {processor.py:157} INFO - Started process (PID=192810) to work on /home/atef/.local/lib/python3.9/site-packages/airflow/example_dags/tutorial_taskflow_api.py
[2025-06-25T01:59:36.970+0200] {processor.py:826} INFO - Processing file /home/atef/.local/lib/python3.9/site-packages/airflow/example_dags/tutorial_taskflow_api.py for tasks to queue
[2025-06-25T01:59:36.974+0200] {logging_mixin.py:149} INFO - [2025-06-25T01:59:36.973+0200] {dagbag.py:541} INFO - Filling up the DagBag from /home/atef/.local/lib/python3.9/site-packages/airflow/example_dags/tutorial_taskflow_api.py
[2025-06-25T01:59:37.042+0200] {processor.py:836} INFO - DAG(s) dict_keys(['tutorial_taskflow_api']) retrieved from /home/atef/.local/lib/python3.9/site-packages/airflow/example_dags/tutorial_taskflow_api.py
[2025-06-25T01:59:37.205+0200] {logging_mixin.py:149} INFO - [2025-06-25T01:59:37.205+0200] {dag.py:2726} INFO - Sync 1 DAGs
[2025-06-25T01:59:37.415+0200] {logging_mixin.py:149} INFO - [2025-06-25T01:59:37.415+0200] {dag.py:3486} INFO - Setting next_dagrun for tutorial_taskflow_api to None, run_after=None
[2025-06-25T01:59:37.588+0200] {processor.py:179} INFO - Processing /home/atef/.local/lib/python3.9/site-packages/airflow/example_dags/tutorial_taskflow_api.py took 0.648 seconds
