[2025-06-24T23:14:40.519+0200] {processor.py:157} INFO - Started process (PID=154782) to work on /home/atef/.local/lib/python3.9/site-packages/airflow/example_dags/tutorial.py
[2025-06-24T23:14:40.524+0200] {processor.py:826} INFO - Processing file /home/atef/.local/lib/python3.9/site-packages/airflow/example_dags/tutorial.py for tasks to queue
[2025-06-24T23:14:40.530+0200] {logging_mixin.py:149} INFO - [2025-06-24T23:14:40.529+0200] {dagbag.py:541} INFO - Filling up the DagBag from /home/atef/.local/lib/python3.9/site-packages/airflow/example_dags/tutorial.py
[2025-06-24T23:14:40.604+0200] {processor.py:836} INFO - DAG(s) dict_keys(['tutorial']) retrieved from /home/atef/.local/lib/python3.9/site-packages/airflow/example_dags/tutorial.py
[2025-06-24T23:14:40.732+0200] {logging_mixin.py:149} INFO - [2025-06-24T23:14:40.731+0200] {dag.py:2726} INFO - Sync 1 DAGs
[2025-06-24T23:14:40.783+0200] {logging_mixin.py:149} INFO - [2025-06-24T23:14:40.783+0200] {dag.py:3486} INFO - Setting next_dagrun for tutorial to 2025-06-23T21:14:40.782327+00:00, run_after=2025-06-24T21:14:40.782327+00:00
[2025-06-24T23:14:40.827+0200] {processor.py:179} INFO - Processing /home/atef/.local/lib/python3.9/site-packages/airflow/example_dags/tutorial.py took 0.329 seconds
[2025-06-24T23:16:10.211+0200] {processor.py:157} INFO - Started process (PID=155099) to work on /home/atef/.local/lib/python3.9/site-packages/airflow/example_dags/tutorial.py
[2025-06-24T23:16:10.215+0200] {processor.py:826} INFO - Processing file /home/atef/.local/lib/python3.9/site-packages/airflow/example_dags/tutorial.py for tasks to queue
[2025-06-24T23:16:10.217+0200] {logging_mixin.py:149} INFO - [2025-06-24T23:16:10.217+0200] {dagbag.py:541} INFO - Filling up the DagBag from /home/atef/.local/lib/python3.9/site-packages/airflow/example_dags/tutorial.py
[2025-06-24T23:16:10.246+0200] {processor.py:836} INFO - DAG(s) dict_keys(['tutorial']) retrieved from /home/atef/.local/lib/python3.9/site-packages/airflow/example_dags/tutorial.py
[2025-06-24T23:16:10.312+0200] {logging_mixin.py:149} INFO - [2025-06-24T23:16:10.312+0200] {dag.py:2726} INFO - Sync 1 DAGs
[2025-06-24T23:16:10.361+0200] {logging_mixin.py:149} INFO - [2025-06-24T23:16:10.360+0200] {dag.py:3486} INFO - Setting next_dagrun for tutorial to 2025-06-23T21:16:10.360051+00:00, run_after=2025-06-24T21:16:10.360051+00:00
[2025-06-24T23:16:10.405+0200] {processor.py:179} INFO - Processing /home/atef/.local/lib/python3.9/site-packages/airflow/example_dags/tutorial.py took 0.207 seconds
[2025-06-24T23:16:51.805+0200] {processor.py:157} INFO - Started process (PID=155219) to work on /home/atef/.local/lib/python3.9/site-packages/airflow/example_dags/tutorial.py
[2025-06-24T23:16:51.812+0200] {processor.py:826} INFO - Processing file /home/atef/.local/lib/python3.9/site-packages/airflow/example_dags/tutorial.py for tasks to queue
[2025-06-24T23:16:51.816+0200] {logging_mixin.py:149} INFO - [2025-06-24T23:16:51.816+0200] {dagbag.py:541} INFO - Filling up the DagBag from /home/atef/.local/lib/python3.9/site-packages/airflow/example_dags/tutorial.py
[2025-06-24T23:16:51.848+0200] {processor.py:836} INFO - DAG(s) dict_keys(['tutorial']) retrieved from /home/atef/.local/lib/python3.9/site-packages/airflow/example_dags/tutorial.py
[2025-06-24T23:16:51.976+0200] {logging_mixin.py:149} INFO - [2025-06-24T23:16:51.975+0200] {dag.py:2726} INFO - Sync 1 DAGs
[2025-06-24T23:16:52.055+0200] {logging_mixin.py:149} INFO - [2025-06-24T23:16:52.055+0200] {dag.py:3486} INFO - Setting next_dagrun for tutorial to 2025-06-23T21:16:52.054396+00:00, run_after=2025-06-24T21:16:52.054396+00:00
[2025-06-24T23:16:52.108+0200] {processor.py:179} INFO - Processing /home/atef/.local/lib/python3.9/site-packages/airflow/example_dags/tutorial.py took 0.319 seconds
[2025-06-24T23:17:58.731+0200] {processor.py:157} INFO - Started process (PID=155394) to work on /home/atef/.local/lib/python3.9/site-packages/airflow/example_dags/tutorial.py
[2025-06-24T23:17:58.750+0200] {processor.py:826} INFO - Processing file /home/atef/.local/lib/python3.9/site-packages/airflow/example_dags/tutorial.py for tasks to queue
[2025-06-24T23:17:58.754+0200] {logging_mixin.py:149} INFO - [2025-06-24T23:17:58.754+0200] {dagbag.py:541} INFO - Filling up the DagBag from /home/atef/.local/lib/python3.9/site-packages/airflow/example_dags/tutorial.py
[2025-06-24T23:17:58.886+0200] {processor.py:836} INFO - DAG(s) dict_keys(['tutorial']) retrieved from /home/atef/.local/lib/python3.9/site-packages/airflow/example_dags/tutorial.py
[2025-06-24T23:17:59.061+0200] {logging_mixin.py:149} INFO - [2025-06-24T23:17:59.061+0200] {dag.py:2726} INFO - Sync 1 DAGs
[2025-06-24T23:17:59.102+0200] {logging_mixin.py:149} INFO - [2025-06-24T23:17:59.102+0200] {dag.py:3486} INFO - Setting next_dagrun for tutorial to 2025-06-23T21:17:59.101356+00:00, run_after=2025-06-24T21:17:59.101356+00:00
[2025-06-24T23:17:59.208+0200] {processor.py:179} INFO - Processing /home/atef/.local/lib/python3.9/site-packages/airflow/example_dags/tutorial.py took 0.524 seconds
[2025-06-25T01:10:46.319+0200] {processor.py:157} INFO - Started process (PID=172472) to work on /home/atef/.local/lib/python3.9/site-packages/airflow/example_dags/tutorial.py
[2025-06-25T01:10:46.336+0200] {processor.py:826} INFO - Processing file /home/atef/.local/lib/python3.9/site-packages/airflow/example_dags/tutorial.py for tasks to queue
[2025-06-25T01:10:46.345+0200] {logging_mixin.py:149} INFO - [2025-06-25T01:10:46.344+0200] {dagbag.py:541} INFO - Filling up the DagBag from /home/atef/.local/lib/python3.9/site-packages/airflow/example_dags/tutorial.py
[2025-06-25T01:10:46.506+0200] {processor.py:836} INFO - DAG(s) dict_keys(['tutorial']) retrieved from /home/atef/.local/lib/python3.9/site-packages/airflow/example_dags/tutorial.py
[2025-06-25T01:10:46.683+0200] {logging_mixin.py:149} INFO - [2025-06-25T01:10:46.683+0200] {dag.py:2726} INFO - Sync 1 DAGs
[2025-06-25T01:10:46.794+0200] {logging_mixin.py:149} INFO - [2025-06-25T01:10:46.793+0200] {dag.py:3486} INFO - Setting next_dagrun for tutorial to 2025-06-23T23:10:46.793099+00:00, run_after=2025-06-24T23:10:46.793099+00:00
[2025-06-25T01:10:47.069+0200] {processor.py:179} INFO - Processing /home/atef/.local/lib/python3.9/site-packages/airflow/example_dags/tutorial.py took 0.833 seconds
[2025-06-25T01:17:16.456+0200] {processor.py:157} INFO - Started process (PID=174431) to work on /home/atef/.local/lib/python3.9/site-packages/airflow/example_dags/tutorial.py
[2025-06-25T01:17:16.465+0200] {processor.py:826} INFO - Processing file /home/atef/.local/lib/python3.9/site-packages/airflow/example_dags/tutorial.py for tasks to queue
[2025-06-25T01:17:16.472+0200] {logging_mixin.py:149} INFO - [2025-06-25T01:17:16.472+0200] {dagbag.py:541} INFO - Filling up the DagBag from /home/atef/.local/lib/python3.9/site-packages/airflow/example_dags/tutorial.py
[2025-06-25T01:17:16.623+0200] {processor.py:836} INFO - DAG(s) dict_keys(['tutorial']) retrieved from /home/atef/.local/lib/python3.9/site-packages/airflow/example_dags/tutorial.py
[2025-06-25T01:17:16.931+0200] {logging_mixin.py:149} INFO - [2025-06-25T01:17:16.930+0200] {dag.py:2726} INFO - Sync 1 DAGs
[2025-06-25T01:17:17.081+0200] {logging_mixin.py:149} INFO - [2025-06-25T01:17:17.081+0200] {dag.py:3486} INFO - Setting next_dagrun for tutorial to 2025-06-23T23:17:17.078233+00:00, run_after=2025-06-24T23:17:17.078233+00:00
[2025-06-25T01:17:17.189+0200] {processor.py:179} INFO - Processing /home/atef/.local/lib/python3.9/site-packages/airflow/example_dags/tutorial.py took 0.779 seconds
[2025-06-25T01:19:08.479+0200] {processor.py:157} INFO - Started process (PID=175466) to work on /home/atef/.local/lib/python3.9/site-packages/airflow/example_dags/tutorial.py
[2025-06-25T01:19:08.487+0200] {processor.py:826} INFO - Processing file /home/atef/.local/lib/python3.9/site-packages/airflow/example_dags/tutorial.py for tasks to queue
[2025-06-25T01:19:08.491+0200] {logging_mixin.py:149} INFO - [2025-06-25T01:19:08.491+0200] {dagbag.py:541} INFO - Filling up the DagBag from /home/atef/.local/lib/python3.9/site-packages/airflow/example_dags/tutorial.py
[2025-06-25T01:19:08.525+0200] {processor.py:836} INFO - DAG(s) dict_keys(['tutorial']) retrieved from /home/atef/.local/lib/python3.9/site-packages/airflow/example_dags/tutorial.py
[2025-06-25T01:19:08.591+0200] {logging_mixin.py:149} INFO - [2025-06-25T01:19:08.591+0200] {dag.py:2726} INFO - Sync 1 DAGs
[2025-06-25T01:19:08.648+0200] {logging_mixin.py:149} INFO - [2025-06-25T01:19:08.648+0200] {dag.py:3486} INFO - Setting next_dagrun for tutorial to 2025-06-23T23:19:08.647746+00:00, run_after=2025-06-24T23:19:08.647746+00:00
[2025-06-25T01:19:08.748+0200] {processor.py:179} INFO - Processing /home/atef/.local/lib/python3.9/site-packages/airflow/example_dags/tutorial.py took 0.301 seconds
[2025-06-25T01:20:01.885+0200] {processor.py:157} INFO - Started process (PID=175806) to work on /home/atef/.local/lib/python3.9/site-packages/airflow/example_dags/tutorial.py
[2025-06-25T01:20:01.889+0200] {processor.py:826} INFO - Processing file /home/atef/.local/lib/python3.9/site-packages/airflow/example_dags/tutorial.py for tasks to queue
[2025-06-25T01:20:01.891+0200] {logging_mixin.py:149} INFO - [2025-06-25T01:20:01.891+0200] {dagbag.py:541} INFO - Filling up the DagBag from /home/atef/.local/lib/python3.9/site-packages/airflow/example_dags/tutorial.py
[2025-06-25T01:20:01.916+0200] {processor.py:836} INFO - DAG(s) dict_keys(['tutorial']) retrieved from /home/atef/.local/lib/python3.9/site-packages/airflow/example_dags/tutorial.py
[2025-06-25T01:20:01.998+0200] {logging_mixin.py:149} INFO - [2025-06-25T01:20:01.998+0200] {dag.py:2726} INFO - Sync 1 DAGs
[2025-06-25T01:20:02.043+0200] {logging_mixin.py:149} INFO - [2025-06-25T01:20:02.042+0200] {dag.py:3486} INFO - Setting next_dagrun for tutorial to 2025-06-23T23:20:02.042031+00:00, run_after=2025-06-24T23:20:02.042031+00:00
[2025-06-25T01:20:02.091+0200] {processor.py:179} INFO - Processing /home/atef/.local/lib/python3.9/site-packages/airflow/example_dags/tutorial.py took 0.217 seconds
[2025-06-25T01:21:49.827+0200] {processor.py:157} INFO - Started process (PID=176903) to work on /home/atef/.local/lib/python3.9/site-packages/airflow/example_dags/tutorial.py
[2025-06-25T01:21:49.842+0200] {processor.py:826} INFO - Processing file /home/atef/.local/lib/python3.9/site-packages/airflow/example_dags/tutorial.py for tasks to queue
[2025-06-25T01:21:49.859+0200] {logging_mixin.py:149} INFO - [2025-06-25T01:21:49.859+0200] {dagbag.py:541} INFO - Filling up the DagBag from /home/atef/.local/lib/python3.9/site-packages/airflow/example_dags/tutorial.py
[2025-06-25T01:21:49.990+0200] {processor.py:836} INFO - DAG(s) dict_keys(['tutorial']) retrieved from /home/atef/.local/lib/python3.9/site-packages/airflow/example_dags/tutorial.py
[2025-06-25T01:21:50.173+0200] {logging_mixin.py:149} INFO - [2025-06-25T01:21:50.172+0200] {dag.py:2726} INFO - Sync 1 DAGs
[2025-06-25T01:21:50.243+0200] {logging_mixin.py:149} INFO - [2025-06-25T01:21:50.243+0200] {dag.py:3486} INFO - Setting next_dagrun for tutorial to 2025-06-23T23:21:50.242582+00:00, run_after=2025-06-24T23:21:50.242582+00:00
[2025-06-25T01:21:50.291+0200] {processor.py:179} INFO - Processing /home/atef/.local/lib/python3.9/site-packages/airflow/example_dags/tutorial.py took 0.515 seconds
[2025-06-25T01:22:57.039+0200] {processor.py:157} INFO - Started process (PID=177145) to work on /home/atef/.local/lib/python3.9/site-packages/airflow/example_dags/tutorial.py
[2025-06-25T01:22:57.044+0200] {processor.py:826} INFO - Processing file /home/atef/.local/lib/python3.9/site-packages/airflow/example_dags/tutorial.py for tasks to queue
[2025-06-25T01:22:57.046+0200] {logging_mixin.py:149} INFO - [2025-06-25T01:22:57.046+0200] {dagbag.py:541} INFO - Filling up the DagBag from /home/atef/.local/lib/python3.9/site-packages/airflow/example_dags/tutorial.py
[2025-06-25T01:22:57.072+0200] {processor.py:836} INFO - DAG(s) dict_keys(['tutorial']) retrieved from /home/atef/.local/lib/python3.9/site-packages/airflow/example_dags/tutorial.py
[2025-06-25T01:22:57.131+0200] {logging_mixin.py:149} INFO - [2025-06-25T01:22:57.131+0200] {dag.py:2726} INFO - Sync 1 DAGs
[2025-06-25T01:22:57.178+0200] {logging_mixin.py:149} INFO - [2025-06-25T01:22:57.178+0200] {dag.py:3486} INFO - Setting next_dagrun for tutorial to 2025-06-23T23:22:57.177591+00:00, run_after=2025-06-24T23:22:57.177591+00:00
[2025-06-25T01:22:57.220+0200] {processor.py:179} INFO - Processing /home/atef/.local/lib/python3.9/site-packages/airflow/example_dags/tutorial.py took 0.195 seconds
[2025-06-25T01:23:49.444+0200] {processor.py:157} INFO - Started process (PID=177495) to work on /home/atef/.local/lib/python3.9/site-packages/airflow/example_dags/tutorial.py
[2025-06-25T01:23:49.494+0200] {processor.py:826} INFO - Processing file /home/atef/.local/lib/python3.9/site-packages/airflow/example_dags/tutorial.py for tasks to queue
[2025-06-25T01:23:49.516+0200] {logging_mixin.py:149} INFO - [2025-06-25T01:23:49.515+0200] {dagbag.py:541} INFO - Filling up the DagBag from /home/atef/.local/lib/python3.9/site-packages/airflow/example_dags/tutorial.py
[2025-06-25T01:23:50.343+0200] {processor.py:836} INFO - DAG(s) dict_keys(['tutorial']) retrieved from /home/atef/.local/lib/python3.9/site-packages/airflow/example_dags/tutorial.py
[2025-06-25T01:23:52.374+0200] {logging_mixin.py:149} INFO - [2025-06-25T01:23:52.374+0200] {dag.py:2726} INFO - Sync 1 DAGs
[2025-06-25T01:23:54.085+0200] {logging_mixin.py:149} INFO - [2025-06-25T01:23:54.085+0200] {dag.py:3486} INFO - Setting next_dagrun for tutorial to 2025-06-23T23:23:54.079888+00:00, run_after=2025-06-24T23:23:54.079888+00:00
[2025-06-25T01:23:55.000+0200] {processor.py:179} INFO - Processing /home/atef/.local/lib/python3.9/site-packages/airflow/example_dags/tutorial.py took 6.006 seconds
[2025-06-25T01:24:48.572+0200] {processor.py:157} INFO - Started process (PID=178051) to work on /home/atef/.local/lib/python3.9/site-packages/airflow/example_dags/tutorial.py
[2025-06-25T01:24:48.580+0200] {processor.py:826} INFO - Processing file /home/atef/.local/lib/python3.9/site-packages/airflow/example_dags/tutorial.py for tasks to queue
[2025-06-25T01:24:48.584+0200] {logging_mixin.py:149} INFO - [2025-06-25T01:24:48.583+0200] {dagbag.py:541} INFO - Filling up the DagBag from /home/atef/.local/lib/python3.9/site-packages/airflow/example_dags/tutorial.py
[2025-06-25T01:24:48.611+0200] {processor.py:836} INFO - DAG(s) dict_keys(['tutorial']) retrieved from /home/atef/.local/lib/python3.9/site-packages/airflow/example_dags/tutorial.py
[2025-06-25T01:24:48.679+0200] {logging_mixin.py:149} INFO - [2025-06-25T01:24:48.679+0200] {dag.py:2726} INFO - Sync 1 DAGs
[2025-06-25T01:24:48.721+0200] {logging_mixin.py:149} INFO - [2025-06-25T01:24:48.721+0200] {dag.py:3486} INFO - Setting next_dagrun for tutorial to 2025-06-23T23:24:48.720791+00:00, run_after=2025-06-24T23:24:48.720791+00:00
[2025-06-25T01:24:48.770+0200] {processor.py:179} INFO - Processing /home/atef/.local/lib/python3.9/site-packages/airflow/example_dags/tutorial.py took 0.212 seconds
[2025-06-25T01:26:05.237+0200] {processor.py:157} INFO - Started process (PID=178643) to work on /home/atef/.local/lib/python3.9/site-packages/airflow/example_dags/tutorial.py
[2025-06-25T01:26:05.248+0200] {processor.py:826} INFO - Processing file /home/atef/.local/lib/python3.9/site-packages/airflow/example_dags/tutorial.py for tasks to queue
[2025-06-25T01:26:05.255+0200] {logging_mixin.py:149} INFO - [2025-06-25T01:26:05.255+0200] {dagbag.py:541} INFO - Filling up the DagBag from /home/atef/.local/lib/python3.9/site-packages/airflow/example_dags/tutorial.py
[2025-06-25T01:26:05.289+0200] {processor.py:836} INFO - DAG(s) dict_keys(['tutorial']) retrieved from /home/atef/.local/lib/python3.9/site-packages/airflow/example_dags/tutorial.py
[2025-06-25T01:26:05.355+0200] {logging_mixin.py:149} INFO - [2025-06-25T01:26:05.355+0200] {dag.py:2726} INFO - Sync 1 DAGs
[2025-06-25T01:26:05.400+0200] {logging_mixin.py:149} INFO - [2025-06-25T01:26:05.400+0200] {dag.py:3486} INFO - Setting next_dagrun for tutorial to 2025-06-23T23:26:05.399386+00:00, run_after=2025-06-24T23:26:05.399386+00:00
[2025-06-25T01:26:05.447+0200] {processor.py:179} INFO - Processing /home/atef/.local/lib/python3.9/site-packages/airflow/example_dags/tutorial.py took 0.223 seconds
[2025-06-25T01:27:09.134+0200] {processor.py:157} INFO - Started process (PID=179103) to work on /home/atef/.local/lib/python3.9/site-packages/airflow/example_dags/tutorial.py
[2025-06-25T01:27:09.141+0200] {processor.py:826} INFO - Processing file /home/atef/.local/lib/python3.9/site-packages/airflow/example_dags/tutorial.py for tasks to queue
[2025-06-25T01:27:09.145+0200] {logging_mixin.py:149} INFO - [2025-06-25T01:27:09.144+0200] {dagbag.py:541} INFO - Filling up the DagBag from /home/atef/.local/lib/python3.9/site-packages/airflow/example_dags/tutorial.py
[2025-06-25T01:27:09.189+0200] {processor.py:836} INFO - DAG(s) dict_keys(['tutorial']) retrieved from /home/atef/.local/lib/python3.9/site-packages/airflow/example_dags/tutorial.py
[2025-06-25T01:27:09.298+0200] {logging_mixin.py:149} INFO - [2025-06-25T01:27:09.297+0200] {dag.py:2726} INFO - Sync 1 DAGs
[2025-06-25T01:27:09.356+0200] {logging_mixin.py:149} INFO - [2025-06-25T01:27:09.356+0200] {dag.py:3486} INFO - Setting next_dagrun for tutorial to 2025-06-23T23:27:09.355224+00:00, run_after=2025-06-24T23:27:09.355224+00:00
[2025-06-25T01:27:09.401+0200] {processor.py:179} INFO - Processing /home/atef/.local/lib/python3.9/site-packages/airflow/example_dags/tutorial.py took 0.293 seconds
[2025-06-25T01:28:54.906+0200] {processor.py:157} INFO - Started process (PID=180073) to work on /home/atef/.local/lib/python3.9/site-packages/airflow/example_dags/tutorial.py
[2025-06-25T01:28:54.912+0200] {processor.py:826} INFO - Processing file /home/atef/.local/lib/python3.9/site-packages/airflow/example_dags/tutorial.py for tasks to queue
[2025-06-25T01:28:54.914+0200] {logging_mixin.py:149} INFO - [2025-06-25T01:28:54.914+0200] {dagbag.py:541} INFO - Filling up the DagBag from /home/atef/.local/lib/python3.9/site-packages/airflow/example_dags/tutorial.py
[2025-06-25T01:28:54.952+0200] {processor.py:836} INFO - DAG(s) dict_keys(['tutorial']) retrieved from /home/atef/.local/lib/python3.9/site-packages/airflow/example_dags/tutorial.py
[2025-06-25T01:28:55.054+0200] {logging_mixin.py:149} INFO - [2025-06-25T01:28:55.054+0200] {dag.py:2726} INFO - Sync 1 DAGs
[2025-06-25T01:28:55.128+0200] {logging_mixin.py:149} INFO - [2025-06-25T01:28:55.128+0200] {dag.py:3486} INFO - Setting next_dagrun for tutorial to 2025-06-23T23:28:55.127894+00:00, run_after=2025-06-24T23:28:55.127894+00:00
[2025-06-25T01:28:55.215+0200] {processor.py:179} INFO - Processing /home/atef/.local/lib/python3.9/site-packages/airflow/example_dags/tutorial.py took 0.324 seconds
[2025-06-25T01:30:01.585+0200] {processor.py:157} INFO - Started process (PID=180416) to work on /home/atef/.local/lib/python3.9/site-packages/airflow/example_dags/tutorial.py
[2025-06-25T01:30:01.611+0200] {processor.py:826} INFO - Processing file /home/atef/.local/lib/python3.9/site-packages/airflow/example_dags/tutorial.py for tasks to queue
[2025-06-25T01:30:01.622+0200] {logging_mixin.py:149} INFO - [2025-06-25T01:30:01.622+0200] {dagbag.py:541} INFO - Filling up the DagBag from /home/atef/.local/lib/python3.9/site-packages/airflow/example_dags/tutorial.py
[2025-06-25T01:30:01.752+0200] {processor.py:836} INFO - DAG(s) dict_keys(['tutorial']) retrieved from /home/atef/.local/lib/python3.9/site-packages/airflow/example_dags/tutorial.py
[2025-06-25T01:30:01.925+0200] {logging_mixin.py:149} INFO - [2025-06-25T01:30:01.920+0200] {dag.py:2726} INFO - Sync 1 DAGs
[2025-06-25T01:30:02.159+0200] {logging_mixin.py:149} INFO - [2025-06-25T01:30:02.158+0200] {dag.py:3486} INFO - Setting next_dagrun for tutorial to 2025-06-23T23:30:02.155761+00:00, run_after=2025-06-24T23:30:02.155761+00:00
[2025-06-25T01:30:02.549+0200] {processor.py:179} INFO - Processing /home/atef/.local/lib/python3.9/site-packages/airflow/example_dags/tutorial.py took 1.011 seconds
[2025-06-25T01:30:57.492+0200] {processor.py:157} INFO - Started process (PID=181058) to work on /home/atef/.local/lib/python3.9/site-packages/airflow/example_dags/tutorial.py
[2025-06-25T01:30:57.507+0200] {processor.py:826} INFO - Processing file /home/atef/.local/lib/python3.9/site-packages/airflow/example_dags/tutorial.py for tasks to queue
[2025-06-25T01:30:57.509+0200] {logging_mixin.py:149} INFO - [2025-06-25T01:30:57.509+0200] {dagbag.py:541} INFO - Filling up the DagBag from /home/atef/.local/lib/python3.9/site-packages/airflow/example_dags/tutorial.py
[2025-06-25T01:30:57.590+0200] {processor.py:836} INFO - DAG(s) dict_keys(['tutorial']) retrieved from /home/atef/.local/lib/python3.9/site-packages/airflow/example_dags/tutorial.py
[2025-06-25T01:30:58.476+0200] {logging_mixin.py:149} INFO - [2025-06-25T01:30:58.474+0200] {dag.py:2726} INFO - Sync 1 DAGs
[2025-06-25T01:30:58.703+0200] {logging_mixin.py:149} INFO - [2025-06-25T01:30:58.702+0200] {dag.py:3486} INFO - Setting next_dagrun for tutorial to 2025-06-23T23:30:58.697337+00:00, run_after=2025-06-24T23:30:58.697337+00:00
[2025-06-25T01:30:58.895+0200] {processor.py:179} INFO - Processing /home/atef/.local/lib/python3.9/site-packages/airflow/example_dags/tutorial.py took 1.459 seconds
[2025-06-25T01:31:45.778+0200] {processor.py:157} INFO - Started process (PID=181178) to work on /home/atef/.local/lib/python3.9/site-packages/airflow/example_dags/tutorial.py
[2025-06-25T01:31:45.783+0200] {processor.py:826} INFO - Processing file /home/atef/.local/lib/python3.9/site-packages/airflow/example_dags/tutorial.py for tasks to queue
[2025-06-25T01:31:45.786+0200] {logging_mixin.py:149} INFO - [2025-06-25T01:31:45.786+0200] {dagbag.py:541} INFO - Filling up the DagBag from /home/atef/.local/lib/python3.9/site-packages/airflow/example_dags/tutorial.py
[2025-06-25T01:31:45.820+0200] {processor.py:836} INFO - DAG(s) dict_keys(['tutorial']) retrieved from /home/atef/.local/lib/python3.9/site-packages/airflow/example_dags/tutorial.py
[2025-06-25T01:31:45.903+0200] {logging_mixin.py:149} INFO - [2025-06-25T01:31:45.903+0200] {dag.py:2726} INFO - Sync 1 DAGs
[2025-06-25T01:31:45.965+0200] {logging_mixin.py:149} INFO - [2025-06-25T01:31:45.965+0200] {dag.py:3486} INFO - Setting next_dagrun for tutorial to 2025-06-23T23:31:45.964948+00:00, run_after=2025-06-24T23:31:45.964948+00:00
[2025-06-25T01:31:46.014+0200] {processor.py:179} INFO - Processing /home/atef/.local/lib/python3.9/site-packages/airflow/example_dags/tutorial.py took 0.253 seconds
[2025-06-25T01:32:54.446+0200] {processor.py:157} INFO - Started process (PID=181489) to work on /home/atef/.local/lib/python3.9/site-packages/airflow/example_dags/tutorial.py
[2025-06-25T01:32:54.459+0200] {processor.py:826} INFO - Processing file /home/atef/.local/lib/python3.9/site-packages/airflow/example_dags/tutorial.py for tasks to queue
[2025-06-25T01:32:54.467+0200] {logging_mixin.py:149} INFO - [2025-06-25T01:32:54.465+0200] {dagbag.py:541} INFO - Filling up the DagBag from /home/atef/.local/lib/python3.9/site-packages/airflow/example_dags/tutorial.py
[2025-06-25T01:32:54.527+0200] {processor.py:836} INFO - DAG(s) dict_keys(['tutorial']) retrieved from /home/atef/.local/lib/python3.9/site-packages/airflow/example_dags/tutorial.py
[2025-06-25T01:32:54.634+0200] {logging_mixin.py:149} INFO - [2025-06-25T01:32:54.633+0200] {dag.py:2726} INFO - Sync 1 DAGs
[2025-06-25T01:32:54.723+0200] {logging_mixin.py:149} INFO - [2025-06-25T01:32:54.721+0200] {dag.py:3486} INFO - Setting next_dagrun for tutorial to 2025-06-23T23:32:54.720654+00:00, run_after=2025-06-24T23:32:54.720654+00:00
[2025-06-25T01:32:54.791+0200] {processor.py:179} INFO - Processing /home/atef/.local/lib/python3.9/site-packages/airflow/example_dags/tutorial.py took 0.393 seconds
[2025-06-25T01:33:59.931+0200] {processor.py:157} INFO - Started process (PID=181861) to work on /home/atef/.local/lib/python3.9/site-packages/airflow/example_dags/tutorial.py
[2025-06-25T01:33:59.945+0200] {processor.py:826} INFO - Processing file /home/atef/.local/lib/python3.9/site-packages/airflow/example_dags/tutorial.py for tasks to queue
[2025-06-25T01:33:59.958+0200] {logging_mixin.py:149} INFO - [2025-06-25T01:33:59.953+0200] {dagbag.py:541} INFO - Filling up the DagBag from /home/atef/.local/lib/python3.9/site-packages/airflow/example_dags/tutorial.py
[2025-06-25T01:34:00.261+0200] {processor.py:836} INFO - DAG(s) dict_keys(['tutorial']) retrieved from /home/atef/.local/lib/python3.9/site-packages/airflow/example_dags/tutorial.py
[2025-06-25T01:34:00.613+0200] {logging_mixin.py:149} INFO - [2025-06-25T01:34:00.613+0200] {dag.py:2726} INFO - Sync 1 DAGs
[2025-06-25T01:34:00.979+0200] {logging_mixin.py:149} INFO - [2025-06-25T01:34:00.977+0200] {dag.py:3486} INFO - Setting next_dagrun for tutorial to 2025-06-23T23:34:00.976746+00:00, run_after=2025-06-24T23:34:00.976746+00:00
[2025-06-25T01:34:01.227+0200] {processor.py:179} INFO - Processing /home/atef/.local/lib/python3.9/site-packages/airflow/example_dags/tutorial.py took 1.355 seconds
[2025-06-25T01:35:11.033+0200] {processor.py:157} INFO - Started process (PID=182272) to work on /home/atef/.local/lib/python3.9/site-packages/airflow/example_dags/tutorial.py
[2025-06-25T01:35:11.056+0200] {processor.py:826} INFO - Processing file /home/atef/.local/lib/python3.9/site-packages/airflow/example_dags/tutorial.py for tasks to queue
[2025-06-25T01:35:11.061+0200] {logging_mixin.py:149} INFO - [2025-06-25T01:35:11.060+0200] {dagbag.py:541} INFO - Filling up the DagBag from /home/atef/.local/lib/python3.9/site-packages/airflow/example_dags/tutorial.py
[2025-06-25T01:35:11.260+0200] {processor.py:836} INFO - DAG(s) dict_keys(['tutorial']) retrieved from /home/atef/.local/lib/python3.9/site-packages/airflow/example_dags/tutorial.py
[2025-06-25T01:35:11.575+0200] {logging_mixin.py:149} INFO - [2025-06-25T01:35:11.574+0200] {dag.py:2726} INFO - Sync 1 DAGs
[2025-06-25T01:35:11.932+0200] {logging_mixin.py:149} INFO - [2025-06-25T01:35:11.931+0200] {dag.py:3486} INFO - Setting next_dagrun for tutorial to 2025-06-23T23:35:11.928782+00:00, run_after=2025-06-24T23:35:11.928782+00:00
[2025-06-25T01:35:12.075+0200] {processor.py:179} INFO - Processing /home/atef/.local/lib/python3.9/site-packages/airflow/example_dags/tutorial.py took 1.104 seconds
[2025-06-25T01:37:26.362+0200] {processor.py:157} INFO - Started process (PID=183004) to work on /home/atef/.local/lib/python3.9/site-packages/airflow/example_dags/tutorial.py
[2025-06-25T01:37:26.383+0200] {processor.py:826} INFO - Processing file /home/atef/.local/lib/python3.9/site-packages/airflow/example_dags/tutorial.py for tasks to queue
[2025-06-25T01:37:26.397+0200] {logging_mixin.py:149} INFO - [2025-06-25T01:37:26.397+0200] {dagbag.py:541} INFO - Filling up the DagBag from /home/atef/.local/lib/python3.9/site-packages/airflow/example_dags/tutorial.py
[2025-06-25T01:37:26.636+0200] {processor.py:836} INFO - DAG(s) dict_keys(['tutorial']) retrieved from /home/atef/.local/lib/python3.9/site-packages/airflow/example_dags/tutorial.py
[2025-06-25T01:37:27.114+0200] {logging_mixin.py:149} INFO - [2025-06-25T01:37:27.114+0200] {dag.py:2726} INFO - Sync 1 DAGs
[2025-06-25T01:37:27.333+0200] {logging_mixin.py:149} INFO - [2025-06-25T01:37:27.332+0200] {dag.py:3486} INFO - Setting next_dagrun for tutorial to 2025-06-23T23:37:27.327293+00:00, run_after=2025-06-24T23:37:27.327293+00:00
[2025-06-25T01:37:27.493+0200] {processor.py:179} INFO - Processing /home/atef/.local/lib/python3.9/site-packages/airflow/example_dags/tutorial.py took 1.195 seconds
[2025-06-25T01:38:54.592+0200] {processor.py:157} INFO - Started process (PID=183640) to work on /home/atef/.local/lib/python3.9/site-packages/airflow/example_dags/tutorial.py
[2025-06-25T01:38:54.599+0200] {processor.py:826} INFO - Processing file /home/atef/.local/lib/python3.9/site-packages/airflow/example_dags/tutorial.py for tasks to queue
[2025-06-25T01:38:54.603+0200] {logging_mixin.py:149} INFO - [2025-06-25T01:38:54.602+0200] {dagbag.py:541} INFO - Filling up the DagBag from /home/atef/.local/lib/python3.9/site-packages/airflow/example_dags/tutorial.py
[2025-06-25T01:38:54.634+0200] {processor.py:836} INFO - DAG(s) dict_keys(['tutorial']) retrieved from /home/atef/.local/lib/python3.9/site-packages/airflow/example_dags/tutorial.py
[2025-06-25T01:38:54.739+0200] {logging_mixin.py:149} INFO - [2025-06-25T01:38:54.738+0200] {dag.py:2726} INFO - Sync 1 DAGs
[2025-06-25T01:38:54.809+0200] {logging_mixin.py:149} INFO - [2025-06-25T01:38:54.809+0200] {dag.py:3486} INFO - Setting next_dagrun for tutorial to 2025-06-23T23:38:54.808221+00:00, run_after=2025-06-24T23:38:54.808221+00:00
[2025-06-25T01:38:54.892+0200] {processor.py:179} INFO - Processing /home/atef/.local/lib/python3.9/site-packages/airflow/example_dags/tutorial.py took 0.320 seconds
[2025-06-25T01:40:04.620+0200] {processor.py:157} INFO - Started process (PID=183749) to work on /home/atef/.local/lib/python3.9/site-packages/airflow/example_dags/tutorial.py
[2025-06-25T01:40:04.638+0200] {processor.py:826} INFO - Processing file /home/atef/.local/lib/python3.9/site-packages/airflow/example_dags/tutorial.py for tasks to queue
[2025-06-25T01:40:04.648+0200] {logging_mixin.py:149} INFO - [2025-06-25T01:40:04.647+0200] {dagbag.py:541} INFO - Filling up the DagBag from /home/atef/.local/lib/python3.9/site-packages/airflow/example_dags/tutorial.py
[2025-06-25T01:40:04.733+0200] {processor.py:836} INFO - DAG(s) dict_keys(['tutorial']) retrieved from /home/atef/.local/lib/python3.9/site-packages/airflow/example_dags/tutorial.py
[2025-06-25T01:40:04.876+0200] {logging_mixin.py:149} INFO - [2025-06-25T01:40:04.875+0200] {dag.py:2726} INFO - Sync 1 DAGs
[2025-06-25T01:40:04.983+0200] {logging_mixin.py:149} INFO - [2025-06-25T01:40:04.983+0200] {dag.py:3486} INFO - Setting next_dagrun for tutorial to 2025-06-23T23:40:04.982038+00:00, run_after=2025-06-24T23:40:04.982038+00:00
[2025-06-25T01:40:05.160+0200] {processor.py:179} INFO - Processing /home/atef/.local/lib/python3.9/site-packages/airflow/example_dags/tutorial.py took 0.620 seconds
[2025-06-25T01:40:55.161+0200] {processor.py:157} INFO - Started process (PID=183897) to work on /home/atef/.local/lib/python3.9/site-packages/airflow/example_dags/tutorial.py
[2025-06-25T01:40:55.168+0200] {processor.py:826} INFO - Processing file /home/atef/.local/lib/python3.9/site-packages/airflow/example_dags/tutorial.py for tasks to queue
[2025-06-25T01:40:55.170+0200] {logging_mixin.py:149} INFO - [2025-06-25T01:40:55.170+0200] {dagbag.py:541} INFO - Filling up the DagBag from /home/atef/.local/lib/python3.9/site-packages/airflow/example_dags/tutorial.py
[2025-06-25T01:40:55.215+0200] {processor.py:836} INFO - DAG(s) dict_keys(['tutorial']) retrieved from /home/atef/.local/lib/python3.9/site-packages/airflow/example_dags/tutorial.py
[2025-06-25T01:40:55.296+0200] {logging_mixin.py:149} INFO - [2025-06-25T01:40:55.296+0200] {dag.py:2726} INFO - Sync 1 DAGs
[2025-06-25T01:40:55.371+0200] {logging_mixin.py:149} INFO - [2025-06-25T01:40:55.370+0200] {dag.py:3486} INFO - Setting next_dagrun for tutorial to 2025-06-23T23:40:55.369334+00:00, run_after=2025-06-24T23:40:55.369334+00:00
[2025-06-25T01:40:55.448+0200] {processor.py:179} INFO - Processing /home/atef/.local/lib/python3.9/site-packages/airflow/example_dags/tutorial.py took 0.304 seconds
[2025-06-25T01:45:12.161+0200] {processor.py:157} INFO - Started process (PID=187270) to work on /home/atef/.local/lib/python3.9/site-packages/airflow/example_dags/tutorial.py
[2025-06-25T01:45:12.169+0200] {processor.py:826} INFO - Processing file /home/atef/.local/lib/python3.9/site-packages/airflow/example_dags/tutorial.py for tasks to queue
[2025-06-25T01:45:12.173+0200] {logging_mixin.py:149} INFO - [2025-06-25T01:45:12.173+0200] {dagbag.py:541} INFO - Filling up the DagBag from /home/atef/.local/lib/python3.9/site-packages/airflow/example_dags/tutorial.py
[2025-06-25T01:45:12.216+0200] {processor.py:836} INFO - DAG(s) dict_keys(['tutorial']) retrieved from /home/atef/.local/lib/python3.9/site-packages/airflow/example_dags/tutorial.py
[2025-06-25T01:45:12.366+0200] {logging_mixin.py:149} INFO - [2025-06-25T01:45:12.365+0200] {dag.py:2726} INFO - Sync 1 DAGs
[2025-06-25T01:45:12.463+0200] {logging_mixin.py:149} INFO - [2025-06-25T01:45:12.463+0200] {dag.py:3486} INFO - Setting next_dagrun for tutorial to 2025-06-23T23:45:12.461792+00:00, run_after=2025-06-24T23:45:12.461792+00:00
[2025-06-25T01:45:12.755+0200] {processor.py:179} INFO - Processing /home/atef/.local/lib/python3.9/site-packages/airflow/example_dags/tutorial.py took 0.619 seconds
[2025-06-25T01:46:29.617+0200] {processor.py:157} INFO - Started process (PID=187794) to work on /home/atef/.local/lib/python3.9/site-packages/airflow/example_dags/tutorial.py
[2025-06-25T01:46:29.622+0200] {processor.py:826} INFO - Processing file /home/atef/.local/lib/python3.9/site-packages/airflow/example_dags/tutorial.py for tasks to queue
[2025-06-25T01:46:29.625+0200] {logging_mixin.py:149} INFO - [2025-06-25T01:46:29.625+0200] {dagbag.py:541} INFO - Filling up the DagBag from /home/atef/.local/lib/python3.9/site-packages/airflow/example_dags/tutorial.py
[2025-06-25T01:46:29.652+0200] {processor.py:836} INFO - DAG(s) dict_keys(['tutorial']) retrieved from /home/atef/.local/lib/python3.9/site-packages/airflow/example_dags/tutorial.py
[2025-06-25T01:46:29.719+0200] {logging_mixin.py:149} INFO - [2025-06-25T01:46:29.718+0200] {dag.py:2726} INFO - Sync 1 DAGs
[2025-06-25T01:46:29.762+0200] {logging_mixin.py:149} INFO - [2025-06-25T01:46:29.762+0200] {dag.py:3486} INFO - Setting next_dagrun for tutorial to 2025-06-23T23:46:29.760908+00:00, run_after=2025-06-24T23:46:29.760908+00:00
[2025-06-25T01:46:29.812+0200] {processor.py:179} INFO - Processing /home/atef/.local/lib/python3.9/site-packages/airflow/example_dags/tutorial.py took 0.208 seconds
[2025-06-25T01:47:14.150+0200] {processor.py:157} INFO - Started process (PID=188180) to work on /home/atef/.local/lib/python3.9/site-packages/airflow/example_dags/tutorial.py
[2025-06-25T01:47:14.222+0200] {processor.py:826} INFO - Processing file /home/atef/.local/lib/python3.9/site-packages/airflow/example_dags/tutorial.py for tasks to queue
[2025-06-25T01:47:14.243+0200] {logging_mixin.py:149} INFO - [2025-06-25T01:47:14.234+0200] {dagbag.py:541} INFO - Filling up the DagBag from /home/atef/.local/lib/python3.9/site-packages/airflow/example_dags/tutorial.py
[2025-06-25T01:47:14.609+0200] {processor.py:836} INFO - DAG(s) dict_keys(['tutorial']) retrieved from /home/atef/.local/lib/python3.9/site-packages/airflow/example_dags/tutorial.py
[2025-06-25T01:47:15.828+0200] {logging_mixin.py:149} INFO - [2025-06-25T01:47:15.816+0200] {dag.py:2726} INFO - Sync 1 DAGs
[2025-06-25T01:47:16.266+0200] {logging_mixin.py:149} INFO - [2025-06-25T01:47:16.265+0200] {dag.py:3486} INFO - Setting next_dagrun for tutorial to 2025-06-23T23:47:16.260080+00:00, run_after=2025-06-24T23:47:16.260080+00:00
[2025-06-25T01:47:16.601+0200] {processor.py:179} INFO - Processing /home/atef/.local/lib/python3.9/site-packages/airflow/example_dags/tutorial.py took 2.676 seconds
[2025-06-25T01:48:05.219+0200] {processor.py:157} INFO - Started process (PID=188445) to work on /home/atef/.local/lib/python3.9/site-packages/airflow/example_dags/tutorial.py
[2025-06-25T01:48:05.223+0200] {processor.py:826} INFO - Processing file /home/atef/.local/lib/python3.9/site-packages/airflow/example_dags/tutorial.py for tasks to queue
[2025-06-25T01:48:05.225+0200] {logging_mixin.py:149} INFO - [2025-06-25T01:48:05.225+0200] {dagbag.py:541} INFO - Filling up the DagBag from /home/atef/.local/lib/python3.9/site-packages/airflow/example_dags/tutorial.py
[2025-06-25T01:48:05.249+0200] {processor.py:836} INFO - DAG(s) dict_keys(['tutorial']) retrieved from /home/atef/.local/lib/python3.9/site-packages/airflow/example_dags/tutorial.py
[2025-06-25T01:48:05.307+0200] {logging_mixin.py:149} INFO - [2025-06-25T01:48:05.306+0200] {dag.py:2726} INFO - Sync 1 DAGs
[2025-06-25T01:48:05.346+0200] {logging_mixin.py:149} INFO - [2025-06-25T01:48:05.345+0200] {dag.py:3486} INFO - Setting next_dagrun for tutorial to 2025-06-23T23:48:05.344959+00:00, run_after=2025-06-24T23:48:05.344959+00:00
[2025-06-25T01:48:05.404+0200] {processor.py:179} INFO - Processing /home/atef/.local/lib/python3.9/site-packages/airflow/example_dags/tutorial.py took 0.197 seconds
[2025-06-25T01:49:15.456+0200] {processor.py:157} INFO - Started process (PID=189148) to work on /home/atef/.local/lib/python3.9/site-packages/airflow/example_dags/tutorial.py
[2025-06-25T01:49:15.467+0200] {processor.py:826} INFO - Processing file /home/atef/.local/lib/python3.9/site-packages/airflow/example_dags/tutorial.py for tasks to queue
[2025-06-25T01:49:15.471+0200] {logging_mixin.py:149} INFO - [2025-06-25T01:49:15.471+0200] {dagbag.py:541} INFO - Filling up the DagBag from /home/atef/.local/lib/python3.9/site-packages/airflow/example_dags/tutorial.py
[2025-06-25T01:49:15.568+0200] {processor.py:836} INFO - DAG(s) dict_keys(['tutorial']) retrieved from /home/atef/.local/lib/python3.9/site-packages/airflow/example_dags/tutorial.py
[2025-06-25T01:49:15.770+0200] {logging_mixin.py:149} INFO - [2025-06-25T01:49:15.769+0200] {dag.py:2726} INFO - Sync 1 DAGs
[2025-06-25T01:49:16.030+0200] {logging_mixin.py:149} INFO - [2025-06-25T01:49:16.029+0200] {dag.py:3486} INFO - Setting next_dagrun for tutorial to 2025-06-23T23:49:16.025266+00:00, run_after=2025-06-24T23:49:16.025266+00:00
[2025-06-25T01:49:16.744+0200] {processor.py:179} INFO - Processing /home/atef/.local/lib/python3.9/site-packages/airflow/example_dags/tutorial.py took 1.308 seconds
[2025-06-25T01:50:07.615+0200] {processor.py:157} INFO - Started process (PID=189365) to work on /home/atef/.local/lib/python3.9/site-packages/airflow/example_dags/tutorial.py
[2025-06-25T01:50:07.624+0200] {processor.py:826} INFO - Processing file /home/atef/.local/lib/python3.9/site-packages/airflow/example_dags/tutorial.py for tasks to queue
[2025-06-25T01:50:07.629+0200] {logging_mixin.py:149} INFO - [2025-06-25T01:50:07.629+0200] {dagbag.py:541} INFO - Filling up the DagBag from /home/atef/.local/lib/python3.9/site-packages/airflow/example_dags/tutorial.py
[2025-06-25T01:50:07.677+0200] {processor.py:836} INFO - DAG(s) dict_keys(['tutorial']) retrieved from /home/atef/.local/lib/python3.9/site-packages/airflow/example_dags/tutorial.py
[2025-06-25T01:50:07.820+0200] {logging_mixin.py:149} INFO - [2025-06-25T01:50:07.819+0200] {dag.py:2726} INFO - Sync 1 DAGs
[2025-06-25T01:50:07.964+0200] {logging_mixin.py:149} INFO - [2025-06-25T01:50:07.964+0200] {dag.py:3486} INFO - Setting next_dagrun for tutorial to 2025-06-23T23:50:07.949951+00:00, run_after=2025-06-24T23:50:07.949951+00:00
[2025-06-25T01:50:08.095+0200] {processor.py:179} INFO - Processing /home/atef/.local/lib/python3.9/site-packages/airflow/example_dags/tutorial.py took 0.506 seconds
[2025-06-25T01:51:53.026+0200] {processor.py:157} INFO - Started process (PID=189815) to work on /home/atef/.local/lib/python3.9/site-packages/airflow/example_dags/tutorial.py
[2025-06-25T01:51:53.032+0200] {processor.py:826} INFO - Processing file /home/atef/.local/lib/python3.9/site-packages/airflow/example_dags/tutorial.py for tasks to queue
[2025-06-25T01:51:53.035+0200] {logging_mixin.py:149} INFO - [2025-06-25T01:51:53.035+0200] {dagbag.py:541} INFO - Filling up the DagBag from /home/atef/.local/lib/python3.9/site-packages/airflow/example_dags/tutorial.py
[2025-06-25T01:51:53.085+0200] {processor.py:836} INFO - DAG(s) dict_keys(['tutorial']) retrieved from /home/atef/.local/lib/python3.9/site-packages/airflow/example_dags/tutorial.py
[2025-06-25T01:51:53.233+0200] {logging_mixin.py:149} INFO - [2025-06-25T01:51:53.232+0200] {dag.py:2726} INFO - Sync 1 DAGs
[2025-06-25T01:51:53.324+0200] {logging_mixin.py:149} INFO - [2025-06-25T01:51:53.323+0200] {dag.py:3486} INFO - Setting next_dagrun for tutorial to 2025-06-23T23:51:53.320647+00:00, run_after=2025-06-24T23:51:53.320647+00:00
[2025-06-25T01:51:53.475+0200] {processor.py:179} INFO - Processing /home/atef/.local/lib/python3.9/site-packages/airflow/example_dags/tutorial.py took 0.472 seconds
[2025-06-25T01:53:07.320+0200] {processor.py:157} INFO - Started process (PID=190104) to work on /home/atef/.local/lib/python3.9/site-packages/airflow/example_dags/tutorial.py
[2025-06-25T01:53:07.350+0200] {processor.py:826} INFO - Processing file /home/atef/.local/lib/python3.9/site-packages/airflow/example_dags/tutorial.py for tasks to queue
[2025-06-25T01:53:07.390+0200] {logging_mixin.py:149} INFO - [2025-06-25T01:53:07.390+0200] {dagbag.py:541} INFO - Filling up the DagBag from /home/atef/.local/lib/python3.9/site-packages/airflow/example_dags/tutorial.py
[2025-06-25T01:53:07.573+0200] {processor.py:836} INFO - DAG(s) dict_keys(['tutorial']) retrieved from /home/atef/.local/lib/python3.9/site-packages/airflow/example_dags/tutorial.py
[2025-06-25T01:53:08.200+0200] {logging_mixin.py:149} INFO - [2025-06-25T01:53:08.194+0200] {dag.py:2726} INFO - Sync 1 DAGs
[2025-06-25T01:53:08.918+0200] {logging_mixin.py:149} INFO - [2025-06-25T01:53:08.913+0200] {dag.py:3486} INFO - Setting next_dagrun for tutorial to 2025-06-23T23:53:08.899932+00:00, run_after=2025-06-24T23:53:08.899932+00:00
[2025-06-25T01:53:09.329+0200] {processor.py:179} INFO - Processing /home/atef/.local/lib/python3.9/site-packages/airflow/example_dags/tutorial.py took 2.110 seconds
[2025-06-25T01:55:11.673+0200] {processor.py:157} INFO - Started process (PID=190705) to work on /home/atef/.local/lib/python3.9/site-packages/airflow/example_dags/tutorial.py
[2025-06-25T01:55:11.682+0200] {processor.py:826} INFO - Processing file /home/atef/.local/lib/python3.9/site-packages/airflow/example_dags/tutorial.py for tasks to queue
[2025-06-25T01:55:11.684+0200] {logging_mixin.py:149} INFO - [2025-06-25T01:55:11.684+0200] {dagbag.py:541} INFO - Filling up the DagBag from /home/atef/.local/lib/python3.9/site-packages/airflow/example_dags/tutorial.py
[2025-06-25T01:55:11.851+0200] {processor.py:836} INFO - DAG(s) dict_keys(['tutorial']) retrieved from /home/atef/.local/lib/python3.9/site-packages/airflow/example_dags/tutorial.py
[2025-06-25T01:55:12.222+0200] {logging_mixin.py:149} INFO - [2025-06-25T01:55:12.222+0200] {dag.py:2726} INFO - Sync 1 DAGs
[2025-06-25T01:55:12.612+0200] {logging_mixin.py:149} INFO - [2025-06-25T01:55:12.611+0200] {dag.py:3486} INFO - Setting next_dagrun for tutorial to 2025-06-23T23:55:12.609831+00:00, run_after=2025-06-24T23:55:12.609831+00:00
[2025-06-25T01:55:12.988+0200] {processor.py:179} INFO - Processing /home/atef/.local/lib/python3.9/site-packages/airflow/example_dags/tutorial.py took 1.360 seconds
[2025-06-25T01:56:26.577+0200] {processor.py:157} INFO - Started process (PID=191142) to work on /home/atef/.local/lib/python3.9/site-packages/airflow/example_dags/tutorial.py
[2025-06-25T01:56:26.589+0200] {processor.py:826} INFO - Processing file /home/atef/.local/lib/python3.9/site-packages/airflow/example_dags/tutorial.py for tasks to queue
[2025-06-25T01:56:26.594+0200] {logging_mixin.py:149} INFO - [2025-06-25T01:56:26.594+0200] {dagbag.py:541} INFO - Filling up the DagBag from /home/atef/.local/lib/python3.9/site-packages/airflow/example_dags/tutorial.py
[2025-06-25T01:56:26.682+0200] {processor.py:836} INFO - DAG(s) dict_keys(['tutorial']) retrieved from /home/atef/.local/lib/python3.9/site-packages/airflow/example_dags/tutorial.py
[2025-06-25T01:56:26.830+0200] {logging_mixin.py:149} INFO - [2025-06-25T01:56:26.829+0200] {dag.py:2726} INFO - Sync 1 DAGs
[2025-06-25T01:56:26.927+0200] {logging_mixin.py:149} INFO - [2025-06-25T01:56:26.927+0200] {dag.py:3486} INFO - Setting next_dagrun for tutorial to 2025-06-23T23:56:26.925308+00:00, run_after=2025-06-24T23:56:26.925308+00:00
[2025-06-25T01:56:26.990+0200] {processor.py:179} INFO - Processing /home/atef/.local/lib/python3.9/site-packages/airflow/example_dags/tutorial.py took 0.460 seconds
[2025-06-25T01:57:42.957+0200] {processor.py:157} INFO - Started process (PID=191489) to work on /home/atef/.local/lib/python3.9/site-packages/airflow/example_dags/tutorial.py
[2025-06-25T01:57:42.968+0200] {processor.py:826} INFO - Processing file /home/atef/.local/lib/python3.9/site-packages/airflow/example_dags/tutorial.py for tasks to queue
[2025-06-25T01:57:42.978+0200] {logging_mixin.py:149} INFO - [2025-06-25T01:57:42.978+0200] {dagbag.py:541} INFO - Filling up the DagBag from /home/atef/.local/lib/python3.9/site-packages/airflow/example_dags/tutorial.py
[2025-06-25T01:57:43.054+0200] {processor.py:836} INFO - DAG(s) dict_keys(['tutorial']) retrieved from /home/atef/.local/lib/python3.9/site-packages/airflow/example_dags/tutorial.py
[2025-06-25T01:57:43.172+0200] {logging_mixin.py:149} INFO - [2025-06-25T01:57:43.171+0200] {dag.py:2726} INFO - Sync 1 DAGs
[2025-06-25T01:57:43.270+0200] {logging_mixin.py:149} INFO - [2025-06-25T01:57:43.270+0200] {dag.py:3486} INFO - Setting next_dagrun for tutorial to 2025-06-23T23:57:43.269694+00:00, run_after=2025-06-24T23:57:43.269694+00:00
[2025-06-25T01:57:43.359+0200] {processor.py:179} INFO - Processing /home/atef/.local/lib/python3.9/site-packages/airflow/example_dags/tutorial.py took 0.450 seconds
[2025-06-25T01:59:38.448+0200] {processor.py:157} INFO - Started process (PID=192846) to work on /home/atef/.local/lib/python3.9/site-packages/airflow/example_dags/tutorial.py
[2025-06-25T01:59:38.452+0200] {processor.py:826} INFO - Processing file /home/atef/.local/lib/python3.9/site-packages/airflow/example_dags/tutorial.py for tasks to queue
[2025-06-25T01:59:38.454+0200] {logging_mixin.py:149} INFO - [2025-06-25T01:59:38.454+0200] {dagbag.py:541} INFO - Filling up the DagBag from /home/atef/.local/lib/python3.9/site-packages/airflow/example_dags/tutorial.py
[2025-06-25T01:59:38.480+0200] {processor.py:836} INFO - DAG(s) dict_keys(['tutorial']) retrieved from /home/atef/.local/lib/python3.9/site-packages/airflow/example_dags/tutorial.py
[2025-06-25T01:59:38.544+0200] {logging_mixin.py:149} INFO - [2025-06-25T01:59:38.543+0200] {dag.py:2726} INFO - Sync 1 DAGs
[2025-06-25T01:59:38.585+0200] {logging_mixin.py:149} INFO - [2025-06-25T01:59:38.585+0200] {dag.py:3486} INFO - Setting next_dagrun for tutorial to 2025-06-23T23:59:38.584767+00:00, run_after=2025-06-24T23:59:38.584767+00:00
[2025-06-25T01:59:38.628+0200] {processor.py:179} INFO - Processing /home/atef/.local/lib/python3.9/site-packages/airflow/example_dags/tutorial.py took 0.192 seconds
