[2025-06-24T23:14:34.228+0200] {processor.py:157} INFO - Started process (PID=154767) to work on /home/atef/.local/lib/python3.9/site-packages/airflow/example_dags/plugins/workday.py
[2025-06-24T23:14:34.237+0200] {processor.py:826} INFO - Processing file /home/atef/.local/lib/python3.9/site-packages/airflow/example_dags/plugins/workday.py for tasks to queue
[2025-06-24T23:14:34.243+0200] {logging_mixin.py:149} INFO - [2025-06-24T23:14:34.243+0200] {dagbag.py:541} INFO - Filling up the DagBag from /home/atef/.local/lib/python3.9/site-packages/airflow/example_dags/plugins/workday.py
[2025-06-24T23:14:34.288+0200] {logging_mixin.py:149} INFO - [2025-06-24T23:14:34.288+0200] {workday.py:36} WARNING - Could not import pandas. Holidays will not be considered.
[2025-06-24T23:14:34.294+0200] {processor.py:838} WARNING - No viable dags retrieved from /home/atef/.local/lib/python3.9/site-packages/airflow/example_dags/plugins/workday.py
[2025-06-24T23:14:34.342+0200] {processor.py:179} INFO - Processing /home/atef/.local/lib/python3.9/site-packages/airflow/example_dags/plugins/workday.py took 0.152 seconds
[2025-06-24T23:16:03.254+0200] {processor.py:157} INFO - Started process (PID=155094) to work on /home/atef/.local/lib/python3.9/site-packages/airflow/example_dags/plugins/workday.py
[2025-06-24T23:16:03.262+0200] {processor.py:826} INFO - Processing file /home/atef/.local/lib/python3.9/site-packages/airflow/example_dags/plugins/workday.py for tasks to queue
[2025-06-24T23:16:03.266+0200] {logging_mixin.py:149} INFO - [2025-06-24T23:16:03.266+0200] {dagbag.py:541} INFO - Filling up the DagBag from /home/atef/.local/lib/python3.9/site-packages/airflow/example_dags/plugins/workday.py
[2025-06-24T23:16:03.289+0200] {logging_mixin.py:149} INFO - [2025-06-24T23:16:03.288+0200] {workday.py:36} WARNING - Could not import pandas. Holidays will not be considered.
[2025-06-24T23:16:03.291+0200] {processor.py:838} WARNING - No viable dags retrieved from /home/atef/.local/lib/python3.9/site-packages/airflow/example_dags/plugins/workday.py
[2025-06-24T23:16:03.352+0200] {processor.py:179} INFO - Processing /home/atef/.local/lib/python3.9/site-packages/airflow/example_dags/plugins/workday.py took 0.123 seconds
[2025-06-24T23:16:46.044+0200] {processor.py:157} INFO - Started process (PID=155214) to work on /home/atef/.local/lib/python3.9/site-packages/airflow/example_dags/plugins/workday.py
[2025-06-24T23:16:46.052+0200] {processor.py:826} INFO - Processing file /home/atef/.local/lib/python3.9/site-packages/airflow/example_dags/plugins/workday.py for tasks to queue
[2025-06-24T23:16:46.054+0200] {logging_mixin.py:149} INFO - [2025-06-24T23:16:46.054+0200] {dagbag.py:541} INFO - Filling up the DagBag from /home/atef/.local/lib/python3.9/site-packages/airflow/example_dags/plugins/workday.py
[2025-06-24T23:16:46.074+0200] {logging_mixin.py:149} INFO - [2025-06-24T23:16:46.073+0200] {workday.py:36} WARNING - Could not import pandas. Holidays will not be considered.
[2025-06-24T23:16:46.078+0200] {processor.py:838} WARNING - No viable dags retrieved from /home/atef/.local/lib/python3.9/site-packages/airflow/example_dags/plugins/workday.py
[2025-06-24T23:16:46.139+0200] {processor.py:179} INFO - Processing /home/atef/.local/lib/python3.9/site-packages/airflow/example_dags/plugins/workday.py took 0.116 seconds
[2025-06-24T23:17:49.147+0200] {processor.py:157} INFO - Started process (PID=155349) to work on /home/atef/.local/lib/python3.9/site-packages/airflow/example_dags/plugins/workday.py
[2025-06-24T23:17:49.153+0200] {processor.py:826} INFO - Processing file /home/atef/.local/lib/python3.9/site-packages/airflow/example_dags/plugins/workday.py for tasks to queue
[2025-06-24T23:17:49.156+0200] {logging_mixin.py:149} INFO - [2025-06-24T23:17:49.155+0200] {dagbag.py:541} INFO - Filling up the DagBag from /home/atef/.local/lib/python3.9/site-packages/airflow/example_dags/plugins/workday.py
[2025-06-24T23:17:49.172+0200] {logging_mixin.py:149} INFO - [2025-06-24T23:17:49.172+0200] {workday.py:36} WARNING - Could not import pandas. Holidays will not be considered.
[2025-06-24T23:17:49.174+0200] {processor.py:838} WARNING - No viable dags retrieved from /home/atef/.local/lib/python3.9/site-packages/airflow/example_dags/plugins/workday.py
[2025-06-24T23:17:49.253+0200] {processor.py:179} INFO - Processing /home/atef/.local/lib/python3.9/site-packages/airflow/example_dags/plugins/workday.py took 0.125 seconds
[2025-06-25T01:10:32.831+0200] {processor.py:157} INFO - Started process (PID=172325) to work on /home/atef/.local/lib/python3.9/site-packages/airflow/example_dags/plugins/workday.py
[2025-06-25T01:10:32.846+0200] {processor.py:826} INFO - Processing file /home/atef/.local/lib/python3.9/site-packages/airflow/example_dags/plugins/workday.py for tasks to queue
[2025-06-25T01:10:32.853+0200] {logging_mixin.py:149} INFO - [2025-06-25T01:10:32.853+0200] {dagbag.py:541} INFO - Filling up the DagBag from /home/atef/.local/lib/python3.9/site-packages/airflow/example_dags/plugins/workday.py
[2025-06-25T01:10:32.910+0200] {logging_mixin.py:149} INFO - [2025-06-25T01:10:32.909+0200] {workday.py:36} WARNING - Could not import pandas. Holidays will not be considered.
[2025-06-25T01:10:32.913+0200] {processor.py:838} WARNING - No viable dags retrieved from /home/atef/.local/lib/python3.9/site-packages/airflow/example_dags/plugins/workday.py
[2025-06-25T01:10:33.100+0200] {processor.py:179} INFO - Processing /home/atef/.local/lib/python3.9/site-packages/airflow/example_dags/plugins/workday.py took 0.311 seconds
[2025-06-25T01:17:07.247+0200] {processor.py:157} INFO - Started process (PID=174374) to work on /home/atef/.local/lib/python3.9/site-packages/airflow/example_dags/plugins/workday.py
[2025-06-25T01:17:07.262+0200] {processor.py:826} INFO - Processing file /home/atef/.local/lib/python3.9/site-packages/airflow/example_dags/plugins/workday.py for tasks to queue
[2025-06-25T01:17:07.272+0200] {logging_mixin.py:149} INFO - [2025-06-25T01:17:07.271+0200] {dagbag.py:541} INFO - Filling up the DagBag from /home/atef/.local/lib/python3.9/site-packages/airflow/example_dags/plugins/workday.py
[2025-06-25T01:17:07.307+0200] {logging_mixin.py:149} INFO - [2025-06-25T01:17:07.307+0200] {workday.py:36} WARNING - Could not import pandas. Holidays will not be considered.
[2025-06-25T01:17:07.312+0200] {processor.py:838} WARNING - No viable dags retrieved from /home/atef/.local/lib/python3.9/site-packages/airflow/example_dags/plugins/workday.py
[2025-06-25T01:17:07.494+0200] {processor.py:179} INFO - Processing /home/atef/.local/lib/python3.9/site-packages/airflow/example_dags/plugins/workday.py took 0.303 seconds
[2025-06-25T01:19:00.796+0200] {processor.py:157} INFO - Started process (PID=175383) to work on /home/atef/.local/lib/python3.9/site-packages/airflow/example_dags/plugins/workday.py
[2025-06-25T01:19:00.804+0200] {processor.py:826} INFO - Processing file /home/atef/.local/lib/python3.9/site-packages/airflow/example_dags/plugins/workday.py for tasks to queue
[2025-06-25T01:19:00.806+0200] {logging_mixin.py:149} INFO - [2025-06-25T01:19:00.806+0200] {dagbag.py:541} INFO - Filling up the DagBag from /home/atef/.local/lib/python3.9/site-packages/airflow/example_dags/plugins/workday.py
[2025-06-25T01:19:00.829+0200] {logging_mixin.py:149} INFO - [2025-06-25T01:19:00.828+0200] {workday.py:36} WARNING - Could not import pandas. Holidays will not be considered.
[2025-06-25T01:19:00.831+0200] {processor.py:838} WARNING - No viable dags retrieved from /home/atef/.local/lib/python3.9/site-packages/airflow/example_dags/plugins/workday.py
[2025-06-25T01:19:00.892+0200] {processor.py:179} INFO - Processing /home/atef/.local/lib/python3.9/site-packages/airflow/example_dags/plugins/workday.py took 0.136 seconds
[2025-06-25T01:19:55.138+0200] {processor.py:157} INFO - Started process (PID=175801) to work on /home/atef/.local/lib/python3.9/site-packages/airflow/example_dags/plugins/workday.py
[2025-06-25T01:19:55.151+0200] {processor.py:826} INFO - Processing file /home/atef/.local/lib/python3.9/site-packages/airflow/example_dags/plugins/workday.py for tasks to queue
[2025-06-25T01:19:55.161+0200] {logging_mixin.py:149} INFO - [2025-06-25T01:19:55.158+0200] {dagbag.py:541} INFO - Filling up the DagBag from /home/atef/.local/lib/python3.9/site-packages/airflow/example_dags/plugins/workday.py
[2025-06-25T01:19:55.205+0200] {logging_mixin.py:149} INFO - [2025-06-25T01:19:55.205+0200] {workday.py:36} WARNING - Could not import pandas. Holidays will not be considered.
[2025-06-25T01:19:55.207+0200] {processor.py:838} WARNING - No viable dags retrieved from /home/atef/.local/lib/python3.9/site-packages/airflow/example_dags/plugins/workday.py
[2025-06-25T01:19:55.316+0200] {processor.py:179} INFO - Processing /home/atef/.local/lib/python3.9/site-packages/airflow/example_dags/plugins/workday.py took 0.222 seconds
[2025-06-25T01:20:35.442+0200] {processor.py:157} INFO - Started process (PID=176155) to work on /home/atef/.local/lib/python3.9/site-packages/airflow/example_dags/plugins/workday.py
[2025-06-25T01:20:35.458+0200] {processor.py:826} INFO - Processing file /home/atef/.local/lib/python3.9/site-packages/airflow/example_dags/plugins/workday.py for tasks to queue
[2025-06-25T01:20:35.462+0200] {logging_mixin.py:149} INFO - [2025-06-25T01:20:35.461+0200] {dagbag.py:541} INFO - Filling up the DagBag from /home/atef/.local/lib/python3.9/site-packages/airflow/example_dags/plugins/workday.py
[2025-06-25T01:20:35.504+0200] {logging_mixin.py:149} INFO - [2025-06-25T01:20:35.504+0200] {workday.py:36} WARNING - Could not import pandas. Holidays will not be considered.
[2025-06-25T01:20:35.512+0200] {processor.py:838} WARNING - No viable dags retrieved from /home/atef/.local/lib/python3.9/site-packages/airflow/example_dags/plugins/workday.py
[2025-06-25T01:20:35.627+0200] {processor.py:179} INFO - Processing /home/atef/.local/lib/python3.9/site-packages/airflow/example_dags/plugins/workday.py took 0.242 seconds
[2025-06-25T01:21:42.299+0200] {processor.py:157} INFO - Started process (PID=176851) to work on /home/atef/.local/lib/python3.9/site-packages/airflow/example_dags/plugins/workday.py
[2025-06-25T01:21:42.305+0200] {processor.py:826} INFO - Processing file /home/atef/.local/lib/python3.9/site-packages/airflow/example_dags/plugins/workday.py for tasks to queue
[2025-06-25T01:21:42.308+0200] {logging_mixin.py:149} INFO - [2025-06-25T01:21:42.308+0200] {dagbag.py:541} INFO - Filling up the DagBag from /home/atef/.local/lib/python3.9/site-packages/airflow/example_dags/plugins/workday.py
[2025-06-25T01:21:42.322+0200] {logging_mixin.py:149} INFO - [2025-06-25T01:21:42.320+0200] {workday.py:36} WARNING - Could not import pandas. Holidays will not be considered.
[2025-06-25T01:21:42.323+0200] {processor.py:838} WARNING - No viable dags retrieved from /home/atef/.local/lib/python3.9/site-packages/airflow/example_dags/plugins/workday.py
[2025-06-25T01:21:42.395+0200] {processor.py:179} INFO - Processing /home/atef/.local/lib/python3.9/site-packages/airflow/example_dags/plugins/workday.py took 0.112 seconds
[2025-06-25T01:22:21.727+0200] {processor.py:157} INFO - Started process (PID=177057) to work on /home/atef/.local/lib/python3.9/site-packages/airflow/example_dags/plugins/workday.py
[2025-06-25T01:22:21.735+0200] {processor.py:826} INFO - Processing file /home/atef/.local/lib/python3.9/site-packages/airflow/example_dags/plugins/workday.py for tasks to queue
[2025-06-25T01:22:21.739+0200] {logging_mixin.py:149} INFO - [2025-06-25T01:22:21.739+0200] {dagbag.py:541} INFO - Filling up the DagBag from /home/atef/.local/lib/python3.9/site-packages/airflow/example_dags/plugins/workday.py
[2025-06-25T01:22:21.765+0200] {logging_mixin.py:149} INFO - [2025-06-25T01:22:21.764+0200] {workday.py:36} WARNING - Could not import pandas. Holidays will not be considered.
[2025-06-25T01:22:21.766+0200] {processor.py:838} WARNING - No viable dags retrieved from /home/atef/.local/lib/python3.9/site-packages/airflow/example_dags/plugins/workday.py
[2025-06-25T01:22:21.826+0200] {processor.py:179} INFO - Processing /home/atef/.local/lib/python3.9/site-packages/airflow/example_dags/plugins/workday.py took 0.127 seconds
[2025-06-25T01:22:56.393+0200] {processor.py:157} INFO - Started process (PID=177144) to work on /home/atef/.local/lib/python3.9/site-packages/airflow/example_dags/plugins/workday.py
[2025-06-25T01:22:56.398+0200] {processor.py:826} INFO - Processing file /home/atef/.local/lib/python3.9/site-packages/airflow/example_dags/plugins/workday.py for tasks to queue
[2025-06-25T01:22:56.401+0200] {logging_mixin.py:149} INFO - [2025-06-25T01:22:56.401+0200] {dagbag.py:541} INFO - Filling up the DagBag from /home/atef/.local/lib/python3.9/site-packages/airflow/example_dags/plugins/workday.py
[2025-06-25T01:22:56.413+0200] {logging_mixin.py:149} INFO - [2025-06-25T01:22:56.412+0200] {workday.py:36} WARNING - Could not import pandas. Holidays will not be considered.
[2025-06-25T01:22:56.414+0200] {processor.py:838} WARNING - No viable dags retrieved from /home/atef/.local/lib/python3.9/site-packages/airflow/example_dags/plugins/workday.py
[2025-06-25T01:22:56.498+0200] {processor.py:179} INFO - Processing /home/atef/.local/lib/python3.9/site-packages/airflow/example_dags/plugins/workday.py took 0.118 seconds
[2025-06-25T01:23:34.207+0200] {processor.py:157} INFO - Started process (PID=177337) to work on /home/atef/.local/lib/python3.9/site-packages/airflow/example_dags/plugins/workday.py
[2025-06-25T01:23:34.212+0200] {processor.py:826} INFO - Processing file /home/atef/.local/lib/python3.9/site-packages/airflow/example_dags/plugins/workday.py for tasks to queue
[2025-06-25T01:23:34.214+0200] {logging_mixin.py:149} INFO - [2025-06-25T01:23:34.214+0200] {dagbag.py:541} INFO - Filling up the DagBag from /home/atef/.local/lib/python3.9/site-packages/airflow/example_dags/plugins/workday.py
[2025-06-25T01:23:34.226+0200] {logging_mixin.py:149} INFO - [2025-06-25T01:23:34.226+0200] {workday.py:36} WARNING - Could not import pandas. Holidays will not be considered.
[2025-06-25T01:23:34.228+0200] {processor.py:838} WARNING - No viable dags retrieved from /home/atef/.local/lib/python3.9/site-packages/airflow/example_dags/plugins/workday.py
[2025-06-25T01:23:34.266+0200] {processor.py:179} INFO - Processing /home/atef/.local/lib/python3.9/site-packages/airflow/example_dags/plugins/workday.py took 0.091 seconds
[2025-06-25T01:24:42.788+0200] {processor.py:157} INFO - Started process (PID=178022) to work on /home/atef/.local/lib/python3.9/site-packages/airflow/example_dags/plugins/workday.py
[2025-06-25T01:24:42.793+0200] {processor.py:826} INFO - Processing file /home/atef/.local/lib/python3.9/site-packages/airflow/example_dags/plugins/workday.py for tasks to queue
[2025-06-25T01:24:42.796+0200] {logging_mixin.py:149} INFO - [2025-06-25T01:24:42.795+0200] {dagbag.py:541} INFO - Filling up the DagBag from /home/atef/.local/lib/python3.9/site-packages/airflow/example_dags/plugins/workday.py
[2025-06-25T01:24:42.812+0200] {logging_mixin.py:149} INFO - [2025-06-25T01:24:42.811+0200] {workday.py:36} WARNING - Could not import pandas. Holidays will not be considered.
[2025-06-25T01:24:42.813+0200] {processor.py:838} WARNING - No viable dags retrieved from /home/atef/.local/lib/python3.9/site-packages/airflow/example_dags/plugins/workday.py
[2025-06-25T01:24:42.879+0200] {processor.py:179} INFO - Processing /home/atef/.local/lib/python3.9/site-packages/airflow/example_dags/plugins/workday.py took 0.106 seconds
[2025-06-25T01:25:59.787+0200] {processor.py:157} INFO - Started process (PID=178638) to work on /home/atef/.local/lib/python3.9/site-packages/airflow/example_dags/plugins/workday.py
[2025-06-25T01:25:59.792+0200] {processor.py:826} INFO - Processing file /home/atef/.local/lib/python3.9/site-packages/airflow/example_dags/plugins/workday.py for tasks to queue
[2025-06-25T01:25:59.794+0200] {logging_mixin.py:149} INFO - [2025-06-25T01:25:59.794+0200] {dagbag.py:541} INFO - Filling up the DagBag from /home/atef/.local/lib/python3.9/site-packages/airflow/example_dags/plugins/workday.py
[2025-06-25T01:25:59.807+0200] {logging_mixin.py:149} INFO - [2025-06-25T01:25:59.807+0200] {workday.py:36} WARNING - Could not import pandas. Holidays will not be considered.
[2025-06-25T01:25:59.809+0200] {processor.py:838} WARNING - No viable dags retrieved from /home/atef/.local/lib/python3.9/site-packages/airflow/example_dags/plugins/workday.py
[2025-06-25T01:25:59.869+0200] {processor.py:179} INFO - Processing /home/atef/.local/lib/python3.9/site-packages/airflow/example_dags/plugins/workday.py took 0.096 seconds
[2025-06-25T01:27:02.675+0200] {processor.py:157} INFO - Started process (PID=179098) to work on /home/atef/.local/lib/python3.9/site-packages/airflow/example_dags/plugins/workday.py
[2025-06-25T01:27:02.679+0200] {processor.py:826} INFO - Processing file /home/atef/.local/lib/python3.9/site-packages/airflow/example_dags/plugins/workday.py for tasks to queue
[2025-06-25T01:27:02.681+0200] {logging_mixin.py:149} INFO - [2025-06-25T01:27:02.681+0200] {dagbag.py:541} INFO - Filling up the DagBag from /home/atef/.local/lib/python3.9/site-packages/airflow/example_dags/plugins/workday.py
[2025-06-25T01:27:02.693+0200] {logging_mixin.py:149} INFO - [2025-06-25T01:27:02.693+0200] {workday.py:36} WARNING - Could not import pandas. Holidays will not be considered.
[2025-06-25T01:27:02.695+0200] {processor.py:838} WARNING - No viable dags retrieved from /home/atef/.local/lib/python3.9/site-packages/airflow/example_dags/plugins/workday.py
[2025-06-25T01:27:02.733+0200] {processor.py:179} INFO - Processing /home/atef/.local/lib/python3.9/site-packages/airflow/example_dags/plugins/workday.py took 0.072 seconds
[2025-06-25T01:28:49.317+0200] {processor.py:157} INFO - Started process (PID=180009) to work on /home/atef/.local/lib/python3.9/site-packages/airflow/example_dags/plugins/workday.py
[2025-06-25T01:28:49.322+0200] {processor.py:826} INFO - Processing file /home/atef/.local/lib/python3.9/site-packages/airflow/example_dags/plugins/workday.py for tasks to queue
[2025-06-25T01:28:49.324+0200] {logging_mixin.py:149} INFO - [2025-06-25T01:28:49.324+0200] {dagbag.py:541} INFO - Filling up the DagBag from /home/atef/.local/lib/python3.9/site-packages/airflow/example_dags/plugins/workday.py
[2025-06-25T01:28:49.337+0200] {logging_mixin.py:149} INFO - [2025-06-25T01:28:49.337+0200] {workday.py:36} WARNING - Could not import pandas. Holidays will not be considered.
[2025-06-25T01:28:49.339+0200] {processor.py:838} WARNING - No viable dags retrieved from /home/atef/.local/lib/python3.9/site-packages/airflow/example_dags/plugins/workday.py
[2025-06-25T01:28:49.384+0200] {processor.py:179} INFO - Processing /home/atef/.local/lib/python3.9/site-packages/airflow/example_dags/plugins/workday.py took 0.086 seconds
[2025-06-25T01:29:52.657+0200] {processor.py:157} INFO - Started process (PID=180273) to work on /home/atef/.local/lib/python3.9/site-packages/airflow/example_dags/plugins/workday.py
[2025-06-25T01:29:52.662+0200] {processor.py:826} INFO - Processing file /home/atef/.local/lib/python3.9/site-packages/airflow/example_dags/plugins/workday.py for tasks to queue
[2025-06-25T01:29:52.664+0200] {logging_mixin.py:149} INFO - [2025-06-25T01:29:52.664+0200] {dagbag.py:541} INFO - Filling up the DagBag from /home/atef/.local/lib/python3.9/site-packages/airflow/example_dags/plugins/workday.py
[2025-06-25T01:29:52.704+0200] {logging_mixin.py:149} INFO - [2025-06-25T01:29:52.703+0200] {workday.py:36} WARNING - Could not import pandas. Holidays will not be considered.
[2025-06-25T01:29:52.705+0200] {processor.py:838} WARNING - No viable dags retrieved from /home/atef/.local/lib/python3.9/site-packages/airflow/example_dags/plugins/workday.py
[2025-06-25T01:29:52.769+0200] {processor.py:179} INFO - Processing /home/atef/.local/lib/python3.9/site-packages/airflow/example_dags/plugins/workday.py took 0.129 seconds
[2025-06-25T01:30:48.918+0200] {processor.py:157} INFO - Started process (PID=180901) to work on /home/atef/.local/lib/python3.9/site-packages/airflow/example_dags/plugins/workday.py
[2025-06-25T01:30:48.927+0200] {processor.py:826} INFO - Processing file /home/atef/.local/lib/python3.9/site-packages/airflow/example_dags/plugins/workday.py for tasks to queue
[2025-06-25T01:30:48.933+0200] {logging_mixin.py:149} INFO - [2025-06-25T01:30:48.932+0200] {dagbag.py:541} INFO - Filling up the DagBag from /home/atef/.local/lib/python3.9/site-packages/airflow/example_dags/plugins/workday.py
[2025-06-25T01:30:48.971+0200] {logging_mixin.py:149} INFO - [2025-06-25T01:30:48.970+0200] {workday.py:36} WARNING - Could not import pandas. Holidays will not be considered.
[2025-06-25T01:30:48.974+0200] {processor.py:838} WARNING - No viable dags retrieved from /home/atef/.local/lib/python3.9/site-packages/airflow/example_dags/plugins/workday.py
[2025-06-25T01:30:49.100+0200] {processor.py:179} INFO - Processing /home/atef/.local/lib/python3.9/site-packages/airflow/example_dags/plugins/workday.py took 0.228 seconds
[2025-06-25T01:31:38.917+0200] {processor.py:157} INFO - Started process (PID=181173) to work on /home/atef/.local/lib/python3.9/site-packages/airflow/example_dags/plugins/workday.py
[2025-06-25T01:31:38.922+0200] {processor.py:826} INFO - Processing file /home/atef/.local/lib/python3.9/site-packages/airflow/example_dags/plugins/workday.py for tasks to queue
[2025-06-25T01:31:38.924+0200] {logging_mixin.py:149} INFO - [2025-06-25T01:31:38.923+0200] {dagbag.py:541} INFO - Filling up the DagBag from /home/atef/.local/lib/python3.9/site-packages/airflow/example_dags/plugins/workday.py
[2025-06-25T01:31:38.936+0200] {logging_mixin.py:149} INFO - [2025-06-25T01:31:38.936+0200] {workday.py:36} WARNING - Could not import pandas. Holidays will not be considered.
[2025-06-25T01:31:38.937+0200] {processor.py:838} WARNING - No viable dags retrieved from /home/atef/.local/lib/python3.9/site-packages/airflow/example_dags/plugins/workday.py
[2025-06-25T01:31:38.976+0200] {processor.py:179} INFO - Processing /home/atef/.local/lib/python3.9/site-packages/airflow/example_dags/plugins/workday.py took 0.073 seconds
[2025-06-25T01:32:17.019+0200] {processor.py:157} INFO - Started process (PID=181403) to work on /home/atef/.local/lib/python3.9/site-packages/airflow/example_dags/plugins/workday.py
[2025-06-25T01:32:17.033+0200] {processor.py:826} INFO - Processing file /home/atef/.local/lib/python3.9/site-packages/airflow/example_dags/plugins/workday.py for tasks to queue
[2025-06-25T01:32:17.035+0200] {logging_mixin.py:149} INFO - [2025-06-25T01:32:17.035+0200] {dagbag.py:541} INFO - Filling up the DagBag from /home/atef/.local/lib/python3.9/site-packages/airflow/example_dags/plugins/workday.py
[2025-06-25T01:32:17.050+0200] {logging_mixin.py:149} INFO - [2025-06-25T01:32:17.050+0200] {workday.py:36} WARNING - Could not import pandas. Holidays will not be considered.
[2025-06-25T01:32:17.052+0200] {processor.py:838} WARNING - No viable dags retrieved from /home/atef/.local/lib/python3.9/site-packages/airflow/example_dags/plugins/workday.py
[2025-06-25T01:32:17.137+0200] {processor.py:179} INFO - Processing /home/atef/.local/lib/python3.9/site-packages/airflow/example_dags/plugins/workday.py took 0.190 seconds
[2025-06-25T01:33:43.753+0200] {processor.py:157} INFO - Started process (PID=181746) to work on /home/atef/.local/lib/python3.9/site-packages/airflow/example_dags/plugins/workday.py
[2025-06-25T01:33:43.787+0200] {processor.py:826} INFO - Processing file /home/atef/.local/lib/python3.9/site-packages/airflow/example_dags/plugins/workday.py for tasks to queue
[2025-06-25T01:33:43.797+0200] {logging_mixin.py:149} INFO - [2025-06-25T01:33:43.796+0200] {dagbag.py:541} INFO - Filling up the DagBag from /home/atef/.local/lib/python3.9/site-packages/airflow/example_dags/plugins/workday.py
[2025-06-25T01:33:43.911+0200] {logging_mixin.py:149} INFO - [2025-06-25T01:33:43.911+0200] {workday.py:36} WARNING - Could not import pandas. Holidays will not be considered.
[2025-06-25T01:33:43.929+0200] {processor.py:838} WARNING - No viable dags retrieved from /home/atef/.local/lib/python3.9/site-packages/airflow/example_dags/plugins/workday.py
[2025-06-25T01:33:44.572+0200] {processor.py:179} INFO - Processing /home/atef/.local/lib/python3.9/site-packages/airflow/example_dags/plugins/workday.py took 0.932 seconds
[2025-06-25T01:35:03.030+0200] {processor.py:157} INFO - Started process (PID=182267) to work on /home/atef/.local/lib/python3.9/site-packages/airflow/example_dags/plugins/workday.py
[2025-06-25T01:35:03.042+0200] {processor.py:826} INFO - Processing file /home/atef/.local/lib/python3.9/site-packages/airflow/example_dags/plugins/workday.py for tasks to queue
[2025-06-25T01:35:03.044+0200] {logging_mixin.py:149} INFO - [2025-06-25T01:35:03.044+0200] {dagbag.py:541} INFO - Filling up the DagBag from /home/atef/.local/lib/python3.9/site-packages/airflow/example_dags/plugins/workday.py
[2025-06-25T01:35:03.068+0200] {logging_mixin.py:149} INFO - [2025-06-25T01:35:03.068+0200] {workday.py:36} WARNING - Could not import pandas. Holidays will not be considered.
[2025-06-25T01:35:03.071+0200] {processor.py:838} WARNING - No viable dags retrieved from /home/atef/.local/lib/python3.9/site-packages/airflow/example_dags/plugins/workday.py
[2025-06-25T01:35:03.151+0200] {processor.py:179} INFO - Processing /home/atef/.local/lib/python3.9/site-packages/airflow/example_dags/plugins/workday.py took 0.142 seconds
[2025-06-25T01:37:14.332+0200] {processor.py:157} INFO - Started process (PID=182902) to work on /home/atef/.local/lib/python3.9/site-packages/airflow/example_dags/plugins/workday.py
[2025-06-25T01:37:14.343+0200] {processor.py:826} INFO - Processing file /home/atef/.local/lib/python3.9/site-packages/airflow/example_dags/plugins/workday.py for tasks to queue
[2025-06-25T01:37:14.361+0200] {logging_mixin.py:149} INFO - [2025-06-25T01:37:14.360+0200] {dagbag.py:541} INFO - Filling up the DagBag from /home/atef/.local/lib/python3.9/site-packages/airflow/example_dags/plugins/workday.py
[2025-06-25T01:37:14.414+0200] {logging_mixin.py:149} INFO - [2025-06-25T01:37:14.414+0200] {workday.py:36} WARNING - Could not import pandas. Holidays will not be considered.
[2025-06-25T01:37:14.418+0200] {processor.py:838} WARNING - No viable dags retrieved from /home/atef/.local/lib/python3.9/site-packages/airflow/example_dags/plugins/workday.py
[2025-06-25T01:37:14.592+0200] {processor.py:179} INFO - Processing /home/atef/.local/lib/python3.9/site-packages/airflow/example_dags/plugins/workday.py took 0.325 seconds
[2025-06-25T01:38:48.389+0200] {processor.py:157} INFO - Started process (PID=183635) to work on /home/atef/.local/lib/python3.9/site-packages/airflow/example_dags/plugins/workday.py
[2025-06-25T01:38:48.395+0200] {processor.py:826} INFO - Processing file /home/atef/.local/lib/python3.9/site-packages/airflow/example_dags/plugins/workday.py for tasks to queue
[2025-06-25T01:38:48.398+0200] {logging_mixin.py:149} INFO - [2025-06-25T01:38:48.398+0200] {dagbag.py:541} INFO - Filling up the DagBag from /home/atef/.local/lib/python3.9/site-packages/airflow/example_dags/plugins/workday.py
[2025-06-25T01:38:48.414+0200] {logging_mixin.py:149} INFO - [2025-06-25T01:38:48.414+0200] {workday.py:36} WARNING - Could not import pandas. Holidays will not be considered.
[2025-06-25T01:38:48.416+0200] {processor.py:838} WARNING - No viable dags retrieved from /home/atef/.local/lib/python3.9/site-packages/airflow/example_dags/plugins/workday.py
[2025-06-25T01:38:48.465+0200] {processor.py:179} INFO - Processing /home/atef/.local/lib/python3.9/site-packages/airflow/example_dags/plugins/workday.py took 0.098 seconds
[2025-06-25T01:39:24.578+0200] {processor.py:157} INFO - Started process (PID=183721) to work on /home/atef/.local/lib/python3.9/site-packages/airflow/example_dags/plugins/workday.py
[2025-06-25T01:39:24.591+0200] {processor.py:826} INFO - Processing file /home/atef/.local/lib/python3.9/site-packages/airflow/example_dags/plugins/workday.py for tasks to queue
[2025-06-25T01:39:24.594+0200] {logging_mixin.py:149} INFO - [2025-06-25T01:39:24.594+0200] {dagbag.py:541} INFO - Filling up the DagBag from /home/atef/.local/lib/python3.9/site-packages/airflow/example_dags/plugins/workday.py
[2025-06-25T01:39:24.607+0200] {logging_mixin.py:149} INFO - [2025-06-25T01:39:24.606+0200] {workday.py:36} WARNING - Could not import pandas. Holidays will not be considered.
[2025-06-25T01:39:24.608+0200] {processor.py:838} WARNING - No viable dags retrieved from /home/atef/.local/lib/python3.9/site-packages/airflow/example_dags/plugins/workday.py
[2025-06-25T01:39:24.707+0200] {processor.py:179} INFO - Processing /home/atef/.local/lib/python3.9/site-packages/airflow/example_dags/plugins/workday.py took 0.174 seconds
[2025-06-25T01:39:59.294+0200] {processor.py:157} INFO - Started process (PID=183745) to work on /home/atef/.local/lib/python3.9/site-packages/airflow/example_dags/plugins/workday.py
[2025-06-25T01:39:59.299+0200] {processor.py:826} INFO - Processing file /home/atef/.local/lib/python3.9/site-packages/airflow/example_dags/plugins/workday.py for tasks to queue
[2025-06-25T01:39:59.302+0200] {logging_mixin.py:149} INFO - [2025-06-25T01:39:59.302+0200] {dagbag.py:541} INFO - Filling up the DagBag from /home/atef/.local/lib/python3.9/site-packages/airflow/example_dags/plugins/workday.py
[2025-06-25T01:39:59.318+0200] {logging_mixin.py:149} INFO - [2025-06-25T01:39:59.318+0200] {workday.py:36} WARNING - Could not import pandas. Holidays will not be considered.
[2025-06-25T01:39:59.320+0200] {processor.py:838} WARNING - No viable dags retrieved from /home/atef/.local/lib/python3.9/site-packages/airflow/example_dags/plugins/workday.py
[2025-06-25T01:39:59.374+0200] {processor.py:179} INFO - Processing /home/atef/.local/lib/python3.9/site-packages/airflow/example_dags/plugins/workday.py took 0.098 seconds
[2025-06-25T01:40:48.940+0200] {processor.py:157} INFO - Started process (PID=183892) to work on /home/atef/.local/lib/python3.9/site-packages/airflow/example_dags/plugins/workday.py
[2025-06-25T01:40:48.947+0200] {processor.py:826} INFO - Processing file /home/atef/.local/lib/python3.9/site-packages/airflow/example_dags/plugins/workday.py for tasks to queue
[2025-06-25T01:40:48.952+0200] {logging_mixin.py:149} INFO - [2025-06-25T01:40:48.951+0200] {dagbag.py:541} INFO - Filling up the DagBag from /home/atef/.local/lib/python3.9/site-packages/airflow/example_dags/plugins/workday.py
[2025-06-25T01:40:48.976+0200] {logging_mixin.py:149} INFO - [2025-06-25T01:40:48.976+0200] {workday.py:36} WARNING - Could not import pandas. Holidays will not be considered.
[2025-06-25T01:40:48.981+0200] {processor.py:838} WARNING - No viable dags retrieved from /home/atef/.local/lib/python3.9/site-packages/airflow/example_dags/plugins/workday.py
[2025-06-25T01:40:49.069+0200] {processor.py:179} INFO - Processing /home/atef/.local/lib/python3.9/site-packages/airflow/example_dags/plugins/workday.py took 0.162 seconds
[2025-06-25T01:45:03.220+0200] {processor.py:157} INFO - Started process (PID=187147) to work on /home/atef/.local/lib/python3.9/site-packages/airflow/example_dags/plugins/workday.py
[2025-06-25T01:45:03.241+0200] {processor.py:826} INFO - Processing file /home/atef/.local/lib/python3.9/site-packages/airflow/example_dags/plugins/workday.py for tasks to queue
[2025-06-25T01:45:03.255+0200] {logging_mixin.py:149} INFO - [2025-06-25T01:45:03.255+0200] {dagbag.py:541} INFO - Filling up the DagBag from /home/atef/.local/lib/python3.9/site-packages/airflow/example_dags/plugins/workday.py
[2025-06-25T01:45:03.324+0200] {logging_mixin.py:149} INFO - [2025-06-25T01:45:03.323+0200] {workday.py:36} WARNING - Could not import pandas. Holidays will not be considered.
[2025-06-25T01:45:03.338+0200] {processor.py:838} WARNING - No viable dags retrieved from /home/atef/.local/lib/python3.9/site-packages/airflow/example_dags/plugins/workday.py
[2025-06-25T01:45:03.564+0200] {processor.py:179} INFO - Processing /home/atef/.local/lib/python3.9/site-packages/airflow/example_dags/plugins/workday.py took 0.402 seconds
[2025-06-25T01:46:23.856+0200] {processor.py:157} INFO - Started process (PID=187787) to work on /home/atef/.local/lib/python3.9/site-packages/airflow/example_dags/plugins/workday.py
[2025-06-25T01:46:23.862+0200] {processor.py:826} INFO - Processing file /home/atef/.local/lib/python3.9/site-packages/airflow/example_dags/plugins/workday.py for tasks to queue
[2025-06-25T01:46:23.864+0200] {logging_mixin.py:149} INFO - [2025-06-25T01:46:23.864+0200] {dagbag.py:541} INFO - Filling up the DagBag from /home/atef/.local/lib/python3.9/site-packages/airflow/example_dags/plugins/workday.py
[2025-06-25T01:46:23.880+0200] {logging_mixin.py:149} INFO - [2025-06-25T01:46:23.879+0200] {workday.py:36} WARNING - Could not import pandas. Holidays will not be considered.
[2025-06-25T01:46:23.882+0200] {processor.py:838} WARNING - No viable dags retrieved from /home/atef/.local/lib/python3.9/site-packages/airflow/example_dags/plugins/workday.py
[2025-06-25T01:46:23.931+0200] {processor.py:179} INFO - Processing /home/atef/.local/lib/python3.9/site-packages/airflow/example_dags/plugins/workday.py took 0.092 seconds
[2025-06-25T01:47:07.270+0200] {processor.py:157} INFO - Started process (PID=188115) to work on /home/atef/.local/lib/python3.9/site-packages/airflow/example_dags/plugins/workday.py
[2025-06-25T01:47:07.276+0200] {processor.py:826} INFO - Processing file /home/atef/.local/lib/python3.9/site-packages/airflow/example_dags/plugins/workday.py for tasks to queue
[2025-06-25T01:47:07.281+0200] {logging_mixin.py:149} INFO - [2025-06-25T01:47:07.280+0200] {dagbag.py:541} INFO - Filling up the DagBag from /home/atef/.local/lib/python3.9/site-packages/airflow/example_dags/plugins/workday.py
[2025-06-25T01:47:07.304+0200] {logging_mixin.py:149} INFO - [2025-06-25T01:47:07.304+0200] {workday.py:36} WARNING - Could not import pandas. Holidays will not be considered.
[2025-06-25T01:47:07.306+0200] {processor.py:838} WARNING - No viable dags retrieved from /home/atef/.local/lib/python3.9/site-packages/airflow/example_dags/plugins/workday.py
[2025-06-25T01:47:07.426+0200] {processor.py:179} INFO - Processing /home/atef/.local/lib/python3.9/site-packages/airflow/example_dags/plugins/workday.py took 0.176 seconds
[2025-06-25T01:47:52.817+0200] {processor.py:157} INFO - Started process (PID=188321) to work on /home/atef/.local/lib/python3.9/site-packages/airflow/example_dags/plugins/workday.py
[2025-06-25T01:47:52.825+0200] {processor.py:826} INFO - Processing file /home/atef/.local/lib/python3.9/site-packages/airflow/example_dags/plugins/workday.py for tasks to queue
[2025-06-25T01:47:52.830+0200] {logging_mixin.py:149} INFO - [2025-06-25T01:47:52.829+0200] {dagbag.py:541} INFO - Filling up the DagBag from /home/atef/.local/lib/python3.9/site-packages/airflow/example_dags/plugins/workday.py
[2025-06-25T01:47:52.859+0200] {logging_mixin.py:149} INFO - [2025-06-25T01:47:52.859+0200] {workday.py:36} WARNING - Could not import pandas. Holidays will not be considered.
[2025-06-25T01:47:52.864+0200] {processor.py:838} WARNING - No viable dags retrieved from /home/atef/.local/lib/python3.9/site-packages/airflow/example_dags/plugins/workday.py
[2025-06-25T01:47:52.965+0200] {processor.py:179} INFO - Processing /home/atef/.local/lib/python3.9/site-packages/airflow/example_dags/plugins/workday.py took 0.171 seconds
[2025-06-25T01:49:00.606+0200] {processor.py:157} INFO - Started process (PID=189000) to work on /home/atef/.local/lib/python3.9/site-packages/airflow/example_dags/plugins/workday.py
[2025-06-25T01:49:00.618+0200] {processor.py:826} INFO - Processing file /home/atef/.local/lib/python3.9/site-packages/airflow/example_dags/plugins/workday.py for tasks to queue
[2025-06-25T01:49:00.628+0200] {logging_mixin.py:149} INFO - [2025-06-25T01:49:00.626+0200] {dagbag.py:541} INFO - Filling up the DagBag from /home/atef/.local/lib/python3.9/site-packages/airflow/example_dags/plugins/workday.py
[2025-06-25T01:49:00.688+0200] {logging_mixin.py:149} INFO - [2025-06-25T01:49:00.685+0200] {workday.py:36} WARNING - Could not import pandas. Holidays will not be considered.
[2025-06-25T01:49:00.691+0200] {processor.py:838} WARNING - No viable dags retrieved from /home/atef/.local/lib/python3.9/site-packages/airflow/example_dags/plugins/workday.py
[2025-06-25T01:49:00.925+0200] {processor.py:179} INFO - Processing /home/atef/.local/lib/python3.9/site-packages/airflow/example_dags/plugins/workday.py took 0.367 seconds
[2025-06-25T01:49:59.540+0200] {processor.py:157} INFO - Started process (PID=189335) to work on /home/atef/.local/lib/python3.9/site-packages/airflow/example_dags/plugins/workday.py
[2025-06-25T01:49:59.551+0200] {processor.py:826} INFO - Processing file /home/atef/.local/lib/python3.9/site-packages/airflow/example_dags/plugins/workday.py for tasks to queue
[2025-06-25T01:49:59.560+0200] {logging_mixin.py:149} INFO - [2025-06-25T01:49:59.559+0200] {dagbag.py:541} INFO - Filling up the DagBag from /home/atef/.local/lib/python3.9/site-packages/airflow/example_dags/plugins/workday.py
[2025-06-25T01:49:59.590+0200] {logging_mixin.py:149} INFO - [2025-06-25T01:49:59.590+0200] {workday.py:36} WARNING - Could not import pandas. Holidays will not be considered.
[2025-06-25T01:49:59.595+0200] {processor.py:838} WARNING - No viable dags retrieved from /home/atef/.local/lib/python3.9/site-packages/airflow/example_dags/plugins/workday.py
[2025-06-25T01:49:59.648+0200] {processor.py:179} INFO - Processing /home/atef/.local/lib/python3.9/site-packages/airflow/example_dags/plugins/workday.py took 0.137 seconds
[2025-06-25T01:50:38.968+0200] {processor.py:157} INFO - Started process (PID=189554) to work on /home/atef/.local/lib/python3.9/site-packages/airflow/example_dags/plugins/workday.py
[2025-06-25T01:50:38.973+0200] {processor.py:826} INFO - Processing file /home/atef/.local/lib/python3.9/site-packages/airflow/example_dags/plugins/workday.py for tasks to queue
[2025-06-25T01:50:38.975+0200] {logging_mixin.py:149} INFO - [2025-06-25T01:50:38.975+0200] {dagbag.py:541} INFO - Filling up the DagBag from /home/atef/.local/lib/python3.9/site-packages/airflow/example_dags/plugins/workday.py
[2025-06-25T01:50:39.007+0200] {logging_mixin.py:149} INFO - [2025-06-25T01:50:39.007+0200] {workday.py:36} WARNING - Could not import pandas. Holidays will not be considered.
[2025-06-25T01:50:39.011+0200] {processor.py:838} WARNING - No viable dags retrieved from /home/atef/.local/lib/python3.9/site-packages/airflow/example_dags/plugins/workday.py
[2025-06-25T01:50:39.109+0200] {processor.py:179} INFO - Processing /home/atef/.local/lib/python3.9/site-packages/airflow/example_dags/plugins/workday.py took 0.166 seconds
[2025-06-25T01:51:42.900+0200] {processor.py:157} INFO - Started process (PID=189810) to work on /home/atef/.local/lib/python3.9/site-packages/airflow/example_dags/plugins/workday.py
[2025-06-25T01:51:42.909+0200] {processor.py:826} INFO - Processing file /home/atef/.local/lib/python3.9/site-packages/airflow/example_dags/plugins/workday.py for tasks to queue
[2025-06-25T01:51:42.915+0200] {logging_mixin.py:149} INFO - [2025-06-25T01:51:42.915+0200] {dagbag.py:541} INFO - Filling up the DagBag from /home/atef/.local/lib/python3.9/site-packages/airflow/example_dags/plugins/workday.py
[2025-06-25T01:51:42.940+0200] {logging_mixin.py:149} INFO - [2025-06-25T01:51:42.940+0200] {workday.py:36} WARNING - Could not import pandas. Holidays will not be considered.
[2025-06-25T01:51:42.944+0200] {processor.py:838} WARNING - No viable dags retrieved from /home/atef/.local/lib/python3.9/site-packages/airflow/example_dags/plugins/workday.py
[2025-06-25T01:51:43.039+0200] {processor.py:179} INFO - Processing /home/atef/.local/lib/python3.9/site-packages/airflow/example_dags/plugins/workday.py took 0.166 seconds
[2025-06-25T01:52:56.210+0200] {processor.py:157} INFO - Started process (PID=190074) to work on /home/atef/.local/lib/python3.9/site-packages/airflow/example_dags/plugins/workday.py
[2025-06-25T01:52:56.231+0200] {processor.py:826} INFO - Processing file /home/atef/.local/lib/python3.9/site-packages/airflow/example_dags/plugins/workday.py for tasks to queue
[2025-06-25T01:52:56.240+0200] {logging_mixin.py:149} INFO - [2025-06-25T01:52:56.237+0200] {dagbag.py:541} INFO - Filling up the DagBag from /home/atef/.local/lib/python3.9/site-packages/airflow/example_dags/plugins/workday.py
[2025-06-25T01:52:56.322+0200] {logging_mixin.py:149} INFO - [2025-06-25T01:52:56.322+0200] {workday.py:36} WARNING - Could not import pandas. Holidays will not be considered.
[2025-06-25T01:52:56.326+0200] {processor.py:838} WARNING - No viable dags retrieved from /home/atef/.local/lib/python3.9/site-packages/airflow/example_dags/plugins/workday.py
[2025-06-25T01:52:56.467+0200] {processor.py:179} INFO - Processing /home/atef/.local/lib/python3.9/site-packages/airflow/example_dags/plugins/workday.py took 0.337 seconds
[2025-06-25T01:54:59.447+0200] {processor.py:157} INFO - Started process (PID=190603) to work on /home/atef/.local/lib/python3.9/site-packages/airflow/example_dags/plugins/workday.py
[2025-06-25T01:54:59.466+0200] {processor.py:826} INFO - Processing file /home/atef/.local/lib/python3.9/site-packages/airflow/example_dags/plugins/workday.py for tasks to queue
[2025-06-25T01:54:59.483+0200] {logging_mixin.py:149} INFO - [2025-06-25T01:54:59.475+0200] {dagbag.py:541} INFO - Filling up the DagBag from /home/atef/.local/lib/python3.9/site-packages/airflow/example_dags/plugins/workday.py
[2025-06-25T01:54:59.525+0200] {logging_mixin.py:149} INFO - [2025-06-25T01:54:59.524+0200] {workday.py:36} WARNING - Could not import pandas. Holidays will not be considered.
[2025-06-25T01:54:59.529+0200] {processor.py:838} WARNING - No viable dags retrieved from /home/atef/.local/lib/python3.9/site-packages/airflow/example_dags/plugins/workday.py
[2025-06-25T01:54:59.699+0200] {processor.py:179} INFO - Processing /home/atef/.local/lib/python3.9/site-packages/airflow/example_dags/plugins/workday.py took 0.328 seconds
[2025-06-25T01:56:19.492+0200] {processor.py:157} INFO - Started process (PID=191137) to work on /home/atef/.local/lib/python3.9/site-packages/airflow/example_dags/plugins/workday.py
[2025-06-25T01:56:19.500+0200] {processor.py:826} INFO - Processing file /home/atef/.local/lib/python3.9/site-packages/airflow/example_dags/plugins/workday.py for tasks to queue
[2025-06-25T01:56:19.507+0200] {logging_mixin.py:149} INFO - [2025-06-25T01:56:19.507+0200] {dagbag.py:541} INFO - Filling up the DagBag from /home/atef/.local/lib/python3.9/site-packages/airflow/example_dags/plugins/workday.py
[2025-06-25T01:56:19.552+0200] {logging_mixin.py:149} INFO - [2025-06-25T01:56:19.551+0200] {workday.py:36} WARNING - Could not import pandas. Holidays will not be considered.
[2025-06-25T01:56:19.554+0200] {processor.py:838} WARNING - No viable dags retrieved from /home/atef/.local/lib/python3.9/site-packages/airflow/example_dags/plugins/workday.py
[2025-06-25T01:56:19.676+0200] {processor.py:179} INFO - Processing /home/atef/.local/lib/python3.9/site-packages/airflow/example_dags/plugins/workday.py took 0.227 seconds
[2025-06-25T01:56:58.576+0200] {processor.py:157} INFO - Started process (PID=191360) to work on /home/atef/.local/lib/python3.9/site-packages/airflow/example_dags/plugins/workday.py
[2025-06-25T01:56:58.584+0200] {processor.py:826} INFO - Processing file /home/atef/.local/lib/python3.9/site-packages/airflow/example_dags/plugins/workday.py for tasks to queue
[2025-06-25T01:56:58.589+0200] {logging_mixin.py:149} INFO - [2025-06-25T01:56:58.588+0200] {dagbag.py:541} INFO - Filling up the DagBag from /home/atef/.local/lib/python3.9/site-packages/airflow/example_dags/plugins/workday.py
[2025-06-25T01:56:58.621+0200] {logging_mixin.py:149} INFO - [2025-06-25T01:56:58.616+0200] {workday.py:36} WARNING - Could not import pandas. Holidays will not be considered.
[2025-06-25T01:56:58.622+0200] {processor.py:838} WARNING - No viable dags retrieved from /home/atef/.local/lib/python3.9/site-packages/airflow/example_dags/plugins/workday.py
[2025-06-25T01:56:58.721+0200] {processor.py:179} INFO - Processing /home/atef/.local/lib/python3.9/site-packages/airflow/example_dags/plugins/workday.py took 0.178 seconds
[2025-06-25T01:57:36.412+0200] {processor.py:157} INFO - Started process (PID=191459) to work on /home/atef/.local/lib/python3.9/site-packages/airflow/example_dags/plugins/workday.py
[2025-06-25T01:57:36.416+0200] {processor.py:826} INFO - Processing file /home/atef/.local/lib/python3.9/site-packages/airflow/example_dags/plugins/workday.py for tasks to queue
[2025-06-25T01:57:36.418+0200] {logging_mixin.py:149} INFO - [2025-06-25T01:57:36.418+0200] {dagbag.py:541} INFO - Filling up the DagBag from /home/atef/.local/lib/python3.9/site-packages/airflow/example_dags/plugins/workday.py
[2025-06-25T01:57:36.431+0200] {logging_mixin.py:149} INFO - [2025-06-25T01:57:36.430+0200] {workday.py:36} WARNING - Could not import pandas. Holidays will not be considered.
[2025-06-25T01:57:36.432+0200] {processor.py:838} WARNING - No viable dags retrieved from /home/atef/.local/lib/python3.9/site-packages/airflow/example_dags/plugins/workday.py
[2025-06-25T01:57:36.467+0200] {processor.py:179} INFO - Processing /home/atef/.local/lib/python3.9/site-packages/airflow/example_dags/plugins/workday.py took 0.070 seconds
[2025-06-25T01:58:35.531+0200] {processor.py:157} INFO - Started process (PID=191958) to work on /home/atef/.local/lib/python3.9/site-packages/airflow/example_dags/plugins/workday.py
[2025-06-25T01:58:35.606+0200] {processor.py:826} INFO - Processing file /home/atef/.local/lib/python3.9/site-packages/airflow/example_dags/plugins/workday.py for tasks to queue
[2025-06-25T01:58:35.664+0200] {logging_mixin.py:149} INFO - [2025-06-25T01:58:35.658+0200] {dagbag.py:541} INFO - Filling up the DagBag from /home/atef/.local/lib/python3.9/site-packages/airflow/example_dags/plugins/workday.py
[2025-06-25T01:58:36.014+0200] {logging_mixin.py:149} INFO - [2025-06-25T01:58:35.997+0200] {workday.py:36} WARNING - Could not import pandas. Holidays will not be considered.
[2025-06-25T01:58:36.038+0200] {processor.py:838} WARNING - No viable dags retrieved from /home/atef/.local/lib/python3.9/site-packages/airflow/example_dags/plugins/workday.py
[2025-06-25T01:58:36.558+0200] {processor.py:179} INFO - Processing /home/atef/.local/lib/python3.9/site-packages/airflow/example_dags/plugins/workday.py took 1.439 seconds
