[2025-06-25T13:00:26.789+0200] {taskinstance.py:1103} INFO - Dependencies all met for dep_context=non-requeueable deps ti=<TaskInstance: order_monitoring_dag16.check_delayed_orders scheduled__2025-06-25T10:00:00+00:00 [queued]>
[2025-06-25T13:00:26.799+0200] {taskinstance.py:1103} INFO - Dependencies all met for dep_context=requeueable deps ti=<TaskInstance: order_monitoring_dag16.check_delayed_orders scheduled__2025-06-25T10:00:00+00:00 [queued]>
[2025-06-25T13:00:26.799+0200] {taskinstance.py:1308} INFO - Starting attempt 1 of 1
[2025-06-25T13:00:26.827+0200] {taskinstance.py:1327} INFO - Executing <Task(BashOperator): check_delayed_orders> on 2025-06-25 10:00:00+00:00
[2025-06-25T13:00:26.833+0200] {standard_task_runner.py:57} INFO - Started process 251584 to run task
[2025-06-25T13:00:26.867+0200] {standard_task_runner.py:84} INFO - Running: ['airflow', 'tasks', 'run', 'order_monitoring_dag16', 'check_delayed_orders', 'scheduled__2025-06-25T10:00:00+00:00', '--job-id', '60', '--raw', '--subdir', 'DAGS_FOLDER/order_monitoring_dag.py', '--cfg-path', '/tmp/tmpeyfmezo2']
[2025-06-25T13:00:26.884+0200] {standard_task_runner.py:85} INFO - Job 60: Subtask check_delayed_orders
[2025-06-25T13:00:26.992+0200] {task_command.py:410} INFO - Running <TaskInstance: order_monitoring_dag16.check_delayed_orders scheduled__2025-06-25T10:00:00+00:00 [running]> on host 192.168.152.131
[2025-06-25T13:00:27.097+0200] {taskinstance.py:1545} INFO - Exporting env vars: AIRFLOW_CTX_DAG_EMAIL='atefatef648@gmail.com' AIRFLOW_CTX_DAG_OWNER='airflow' AIRFLOW_CTX_DAG_ID='order_monitoring_dag16' AIRFLOW_CTX_TASK_ID='check_delayed_orders' AIRFLOW_CTX_EXECUTION_DATE='2025-06-25T10:00:00+00:00' AIRFLOW_CTX_TRY_NUMBER='1' AIRFLOW_CTX_DAG_RUN_ID='scheduled__2025-06-25T10:00:00+00:00'
[2025-06-25T13:00:27.101+0200] {subprocess.py:63} INFO - Tmp dir root location: 
 /tmp
[2025-06-25T13:00:27.103+0200] {subprocess.py:75} INFO - Running command: ['/usr/bin/bash', '-c', 'source /home/atef/project/E-Commerce-Order-Pipeline/airflow_venv_39/bin/activate && python /home/atef/project/E-Commerce-Order-Pipeline/airflow_project/dags/utils/check_delayed_orders.py']
[2025-06-25T13:00:27.283+0200] {subprocess.py:86} INFO - Output:
[2025-06-25T13:00:31.248+0200] {subprocess.py:93} INFO - ✅ Running Snowflake delayed orders check...
[2025-06-25T13:00:31.249+0200] {subprocess.py:93} INFO - ✅ Python path: /usr/bin/python
[2025-06-25T13:00:31.249+0200] {subprocess.py:93} INFO - ✅ Snowflake connector version: 3.15.0
[2025-06-25T13:00:31.249+0200] {subprocess.py:93} INFO - ✅ Connected to Snowflake
[2025-06-25T13:00:31.250+0200] {subprocess.py:93} INFO - ✅ Query Result: (1,)
[2025-06-25T13:00:31.250+0200] {subprocess.py:93} INFO - ❌ Error: 1 delayed orders found.
[2025-06-25T13:00:31.359+0200] {subprocess.py:97} INFO - Command exited with return code 0
[2025-06-25T13:00:31.443+0200] {taskinstance.py:1345} INFO - Marking task as SUCCESS. dag_id=order_monitoring_dag16, task_id=check_delayed_orders, execution_date=20250625T100000, start_date=20250625T110026, end_date=20250625T110031
[2025-06-25T13:00:31.512+0200] {local_task_job_runner.py:225} INFO - Task exited with return code 0
[2025-06-25T13:00:31.565+0200] {taskinstance.py:2651} INFO - 0 downstream tasks scheduled from follow-on schedule check
